{"timestamp":"2025-11-10T01:25:57.077348Z","level":"info","event":"DAG bundles loaded: dags-folder","logger":"airflow.dag_processing.bundles.manager.DagBundlesManager","filename":"manager.py","lineno":179}
{"timestamp":"2025-11-10T01:25:57.079474Z","level":"info","event":"Filling up the DagBag from /opt/airflow/dags/seoul_bike_rent_2022.py","logger":"airflow.models.dagbag.DagBag","filename":"dagbag.py","lineno":593}
{"timestamp":"2025-11-10T01:25:57.098445Z","level":"warning","event":"The `airflow.operators.python.PythonOperator` attribute is deprecated. Please use `'airflow.providers.standard.operators.python.PythonOperator'`.","category":"DeprecatedImportWarning","filename":"/opt/airflow/dags/seoul_bike_rent_2022.py","lineno":2,"logger":"py.warnings"}
{"timestamp":"2025-11-10T01:25:57.233553Z","level":"info","event":"Found credentials in environment variables.","logger":"botocore.credentials","filename":"credentials.py","lineno":1224}
{"timestamp":"2025-11-10T01:25:57.653498Z","level":"info","event":"유효한 정거장 3202개 로드","logger":"task.stdout"}
{"timestamp":"2025-11-10T01:25:59.231784Z","level":"info","event":"2022-08-01 02시: 응답 없음","logger":"task.stdout"}
{"timestamp":"2025-11-10T01:25:59.296504Z","level":"info","event":"2022-08-01 03시: 응답 없음","logger":"task.stdout"}
{"timestamp":"2025-11-10T01:25:59.362840Z","level":"info","event":"2022-08-01 04시: 응답 없음","logger":"task.stdout"}
{"timestamp":"2025-11-10T01:26:01.842287Z","level":"info","event":"2022-08-01 06시: 1~308 완료 (308개 누적)","logger":"task.stdout"}
{"timestamp":"2025-11-10T01:26:03.427950Z","level":"info","event":"2022-08-01 07시: 1~999 완료 (1307개 누적)","logger":"task.stdout"}
{"timestamp":"2025-11-10T01:26:05.326776Z","level":"info","event":"2022-08-01 08시: 1~1000 완료 (2307개 누적)","logger":"task.stdout"}
{"timestamp":"2025-11-10T01:26:06.392603Z","level":"info","event":"2022-08-01 08시: 1001~2000 완료 (3307개 누적)","logger":"task.stdout"}
{"timestamp":"2025-11-10T01:26:07.430971Z","level":"info","event":"2022-08-01 08시: 2001~3000 완료 (4307개 누적)","logger":"task.stdout"}
{"timestamp":"2025-11-10T01:26:08.390588Z","level":"info","event":"2022-08-01 08시: 3001~4000 완료 (5307개 누적)","logger":"task.stdout"}
{"timestamp":"2025-11-10T01:26:09.414977Z","level":"info","event":"2022-08-01 08시: 4001~4620 완료 (5927개 누적)","logger":"task.stdout"}
{"timestamp":"2025-11-10T01:26:11.203051Z","level":"info","event":"2022-08-01 09시: 1~1000 완료 (6927개 누적)","logger":"task.stdout"}
{"timestamp":"2025-11-10T01:26:12.225518Z","level":"info","event":"2022-08-01 09시: 1001~2000 완료 (7927개 누적)","logger":"task.stdout"}
{"timestamp":"2025-11-10T01:26:13.324191Z","level":"info","event":"2022-08-01 09시: 3001~4000 완료 (8927개 누적)","logger":"task.stdout"}
{"timestamp":"2025-11-10T01:26:14.248159Z","level":"info","event":"2022-08-01 09시: 4001~4065 완료 (8992개 누적)","logger":"task.stdout"}
{"timestamp":"2025-11-10T01:26:16.314335Z","level":"info","event":"2022-08-01 10시: 2001~3000 완료 (9992개 누적)","logger":"task.stdout"}
{"timestamp":"2025-11-10T01:26:17.215365Z","level":"info","event":"2022-08-01 10시: 3001~3368 완료 (10360개 누적)","logger":"task.stdout"}
{"timestamp":"2025-11-10T01:26:19.172650Z","level":"info","event":"2022-08-01 11시: 1~1000 완료 (11360개 누적)","logger":"task.stdout"}
{"timestamp":"2025-11-10T01:26:20.162584Z","level":"info","event":"2022-08-01 11시: 1001~2000 완료 (12360개 누적)","logger":"task.stdout"}
{"timestamp":"2025-11-10T01:26:21.234707Z","level":"info","event":"2022-08-01 11시: 2001~3000 완료 (13360개 누적)","logger":"task.stdout"}
{"timestamp":"2025-11-10T01:26:22.311301Z","level":"info","event":"2022-08-01 11시: 3001~4000 완료 (14360개 누적)","logger":"task.stdout"}
{"timestamp":"2025-11-10T01:26:23.243451Z","level":"info","event":"2022-08-01 11시: 4001~4353 완료 (14713개 누적)","logger":"task.stdout"}
{"timestamp":"2025-11-10T01:26:25.132721Z","level":"info","event":"2022-08-01 12시: 1~1000 완료 (15713개 누적)","logger":"task.stdout"}
{"timestamp":"2025-11-10T01:26:26.186194Z","level":"info","event":"2022-08-01 12시: 1001~2000 완료 (16713개 누적)","logger":"task.stdout"}
{"timestamp":"2025-11-10T01:26:27.267494Z","level":"info","event":"2022-08-01 12시: 2001~3000 완료 (17713개 누적)","logger":"task.stdout"}
{"timestamp":"2025-11-10T01:26:28.648700Z","level":"info","event":"2022-08-01 12시: 3001~4000 완료 (18713개 누적)","logger":"task.stdout"}
{"timestamp":"2025-11-10T01:26:29.724704Z","level":"info","event":"2022-08-01 12시: 4001~4965 완료 (19678개 누적)","logger":"task.stdout"}
{"timestamp":"2025-11-10T01:26:31.742920Z","level":"info","event":"2022-08-01 13시: 1~1000 완료 (20678개 누적)","logger":"task.stdout"}
{"timestamp":"2025-11-10T01:26:32.932135Z","level":"info","event":"2022-08-01 13시: 1001~2000 완료 (21678개 누적)","logger":"task.stdout"}
{"timestamp":"2025-11-10T01:26:34.035093Z","level":"info","event":"2022-08-01 13시: 2001~3000 완료 (22678개 누적)","logger":"task.stdout"}
{"timestamp":"2025-11-10T01:26:35.040352Z","level":"info","event":"2022-08-01 13시: 3001~4000 완료 (23678개 누적)","logger":"task.stdout"}
{"timestamp":"2025-11-10T01:26:36.184107Z","level":"info","event":"2022-08-01 13시: 4001~4837 완료 (24515개 누적)","logger":"task.stdout"}
{"timestamp":"2025-11-10T01:26:38.025070Z","level":"info","event":"2022-08-01 14시: 1~1000 완료 (25515개 누적)","logger":"task.stdout"}
{"timestamp":"2025-11-10T01:26:39.118898Z","level":"info","event":"2022-08-01 14시: 1001~2000 완료 (26515개 누적)","logger":"task.stdout"}
{"timestamp":"2025-11-10T01:26:40.173852Z","level":"info","event":"2022-08-01 14시: 2001~3000 완료 (27515개 누적)","logger":"task.stdout"}
{"timestamp":"2025-11-10T01:26:41.198227Z","level":"info","event":"2022-08-01 14시: 3001~4000 완료 (28515개 누적)","logger":"task.stdout"}
{"timestamp":"2025-11-10T01:26:42.238040Z","level":"info","event":"2022-08-01 14시: 4001~4797 완료 (29312개 누적)","logger":"task.stdout"}
{"timestamp":"2025-11-10T01:26:44.132877Z","level":"info","event":"2022-08-01 15시: 1~1000 완료 (30312개 누적)","logger":"task.stdout"}
{"timestamp":"2025-11-10T01:26:45.181526Z","level":"info","event":"2022-08-01 15시: 1001~2000 완료 (31312개 누적)","logger":"task.stdout"}
{"timestamp":"2025-11-10T01:26:46.183288Z","level":"info","event":"2022-08-01 15시: 2001~3000 완료 (32312개 누적)","logger":"task.stdout"}
{"timestamp":"2025-11-10T01:26:47.266624Z","level":"info","event":"2022-08-01 15시: 3001~4000 완료 (33312개 누적)","logger":"task.stdout"}
{"timestamp":"2025-11-10T01:26:48.437397Z","level":"info","event":"2022-08-01 15시: 4001~5000 완료 (34312개 누적)","logger":"task.stdout"}
{"timestamp":"2025-11-10T01:26:49.458300Z","level":"info","event":"2022-08-01 15시: 5001~5240 완료 (34552개 누적)","logger":"task.stdout"}
{"timestamp":"2025-11-10T01:26:51.420037Z","level":"info","event":"2022-08-01 16시: 1~1000 완료 (35552개 누적)","logger":"task.stdout"}
{"timestamp":"2025-11-10T01:26:52.545019Z","level":"info","event":"2022-08-01 16시: 1001~2000 완료 (36552개 누적)","logger":"task.stdout"}
{"timestamp":"2025-11-10T01:26:53.703839Z","level":"info","event":"2022-08-01 16시: 2001~3000 완료 (37552개 누적)","logger":"task.stdout"}
{"timestamp":"2025-11-10T01:26:54.843349Z","level":"info","event":"2022-08-01 16시: 3001~4000 완료 (38552개 누적)","logger":"task.stdout"}
{"timestamp":"2025-11-10T01:26:56.037374Z","level":"info","event":"2022-08-01 16시: 4001~5000 완료 (39552개 누적)","logger":"task.stdout"}
{"timestamp":"2025-11-10T01:26:57.042889Z","level":"info","event":"2022-08-01 16시: 5001~6000 완료 (40552개 누적)","logger":"task.stdout"}
{"timestamp":"2025-11-10T01:26:58.070019Z","level":"info","event":"2022-08-01 16시: 6001~6645 완료 (41197개 누적)","logger":"task.stdout"}
{"timestamp":"2025-11-10T01:27:00.304501Z","level":"info","event":"2022-08-01 17시: 1~1000 완료 (42197개 누적)","logger":"task.stdout"}
{"timestamp":"2025-11-10T01:27:01.599636Z","level":"info","event":"2022-08-01 17시: 1001~2000 완료 (43197개 누적)","logger":"task.stdout"}
{"timestamp":"2025-11-10T01:27:02.879905Z","level":"info","event":"2022-08-01 17시: 2001~3000 완료 (44197개 누적)","logger":"task.stdout"}
{"timestamp":"2025-11-10T01:27:04.097913Z","level":"info","event":"2022-08-01 17시: 3001~4000 완료 (45197개 누적)","logger":"task.stdout"}
{"timestamp":"2025-11-10T01:27:05.290901Z","level":"info","event":"2022-08-01 17시: 4001~5000 완료 (46197개 누적)","logger":"task.stdout"}
{"timestamp":"2025-11-10T01:27:06.507759Z","level":"info","event":"2022-08-01 17시: 5001~6000 완료 (47197개 누적)","logger":"task.stdout"}
{"timestamp":"2025-11-10T01:27:07.721308Z","level":"info","event":"2022-08-01 17시: 6001~7000 완료 (48197개 누적)","logger":"task.stdout"}
{"timestamp":"2025-11-10T01:27:08.919662Z","level":"info","event":"2022-08-01 17시: 7001~8000 완료 (49197개 누적)","logger":"task.stdout"}
{"timestamp":"2025-11-10T01:27:10.151878Z","level":"info","event":"2022-08-01 17시: 8001~9000 완료 (50197개 누적)","logger":"task.stdout"}
{"timestamp":"2025-11-10T01:27:11.419798Z","level":"info","event":"2022-08-01 17시: 9001~10000 완료 (51197개 누적)","logger":"task.stdout"}
{"timestamp":"2025-11-10T01:27:12.667076Z","level":"info","event":"2022-08-01 17시: 10001~10537 완료 (51734개 누적)","logger":"task.stdout"}
{"timestamp":"2025-11-10T01:27:15.240839Z","level":"info","event":"2022-08-01 18시: 1~1000 완료 (52734개 누적)","logger":"task.stdout"}
{"timestamp":"2025-11-10T01:27:16.618932Z","level":"info","event":"2022-08-01 18시: 1001~2000 완료 (53734개 누적)","logger":"task.stdout"}
{"timestamp":"2025-11-10T01:27:18.047616Z","level":"info","event":"2022-08-01 18시: 2001~3000 완료 (54734개 누적)","logger":"task.stdout"}
{"timestamp":"2025-11-10T01:27:19.524755Z","level":"info","event":"2022-08-01 18시: 3001~4000 완료 (55734개 누적)","logger":"task.stdout"}
{"timestamp":"2025-11-10T01:27:20.944703Z","level":"info","event":"2022-08-01 18시: 4001~5000 완료 (56734개 누적)","logger":"task.stdout"}
{"timestamp":"2025-11-10T01:27:22.350856Z","level":"info","event":"2022-08-01 18시: 5001~6000 완료 (57734개 누적)","logger":"task.stdout"}
{"timestamp":"2025-11-10T01:27:23.673289Z","level":"info","event":"2022-08-01 18시: 6001~7000 완료 (58734개 누적)","logger":"task.stdout"}
{"timestamp":"2025-11-10T01:27:25.093689Z","level":"info","event":"2022-08-01 18시: 7001~8000 완료 (59734개 누적)","logger":"task.stdout"}
{"timestamp":"2025-11-10T01:27:26.527220Z","level":"info","event":"2022-08-01 18시: 8001~9000 완료 (60734개 누적)","logger":"task.stdout"}
{"timestamp":"2025-11-10T01:27:27.940339Z","level":"info","event":"2022-08-01 18시: 9001~10000 완료 (61734개 누적)","logger":"task.stdout"}
{"timestamp":"2025-11-10T01:27:29.415659Z","level":"info","event":"2022-08-01 18시: 10001~11000 완료 (62734개 누적)","logger":"task.stdout"}
{"timestamp":"2025-11-10T01:27:30.828262Z","level":"info","event":"2022-08-01 18시: 11001~12000 완료 (63734개 누적)","logger":"task.stdout"}
{"timestamp":"2025-11-10T01:27:32.273710Z","level":"info","event":"2022-08-01 18시: 12001~13000 완료 (64734개 누적)","logger":"task.stdout"}
{"timestamp":"2025-11-10T01:27:33.831540Z","level":"info","event":"2022-08-01 18시: 13001~14000 완료 (65734개 누적)","logger":"task.stdout"}
{"timestamp":"2025-11-10T01:27:35.241807Z","level":"info","event":"2022-08-01 18시: 14001~15000 완료 (66734개 누적)","logger":"task.stdout"}
{"timestamp":"2025-11-10T01:27:36.704414Z","level":"info","event":"2022-08-01 18시: 15001~15687 완료 (67421개 누적)","logger":"task.stdout"}
{"timestamp":"2025-11-10T01:27:38.909441Z","level":"info","event":"2022-08-01 19시: 1~1000 완료 (68421개 누적)","logger":"task.stdout"}
{"timestamp":"2025-11-10T01:27:40.357945Z","level":"info","event":"2022-08-01 19시: 1001~2000 완료 (69421개 누적)","logger":"task.stdout"}
{"timestamp":"2025-11-10T01:27:41.660931Z","level":"info","event":"2022-08-01 19시: 2001~3000 완료 (70421개 누적)","logger":"task.stdout"}
{"timestamp":"2025-11-10T01:27:42.936703Z","level":"info","event":"2022-08-01 19시: 3001~4000 완료 (71421개 누적)","logger":"task.stdout"}
{"timestamp":"2025-11-10T01:27:44.263484Z","level":"info","event":"2022-08-01 19시: 4001~5000 완료 (72421개 누적)","logger":"task.stdout"}
{"timestamp":"2025-11-10T01:27:45.511497Z","level":"info","event":"2022-08-01 19시: 5001~6000 완료 (73421개 누적)","logger":"task.stdout"}
{"timestamp":"2025-11-10T01:27:46.832862Z","level":"info","event":"2022-08-01 19시: 6001~7000 완료 (74421개 누적)","logger":"task.stdout"}
{"timestamp":"2025-11-10T01:27:48.197019Z","level":"info","event":"2022-08-01 19시: 7001~8000 완료 (75421개 누적)","logger":"task.stdout"}
{"timestamp":"2025-11-10T01:27:49.550141Z","level":"info","event":"2022-08-01 19시: 8001~9000 완료 (76421개 누적)","logger":"task.stdout"}
{"timestamp":"2025-11-10T01:27:50.782487Z","level":"info","event":"2022-08-01 19시: 9001~10000 완료 (77421개 누적)","logger":"task.stdout"}
{"timestamp":"2025-11-10T01:27:52.117994Z","level":"info","event":"2022-08-01 19시: 10001~11000 완료 (78421개 누적)","logger":"task.stdout"}
{"timestamp":"2025-11-10T01:27:53.296789Z","level":"info","event":"2022-08-01 19시: 11001~11651 완료 (79072개 누적)","logger":"task.stdout"}
{"timestamp":"2025-11-10T01:27:55.640813Z","level":"info","event":"2022-08-01 20시: 1~1000 완료 (80072개 누적)","logger":"task.stdout"}
{"timestamp":"2025-11-10T01:27:56.929453Z","level":"info","event":"2022-08-01 20시: 1001~2000 완료 (81072개 누적)","logger":"task.stdout"}
{"timestamp":"2025-11-10T01:27:58.174949Z","level":"info","event":"2022-08-01 20시: 2001~3000 완료 (82072개 누적)","logger":"task.stdout"}
{"timestamp":"2025-11-10T01:27:59.420997Z","level":"info","event":"2022-08-01 20시: 3001~4000 완료 (83072개 누적)","logger":"task.stdout"}
{"timestamp":"2025-11-10T01:28:00.726589Z","level":"info","event":"2022-08-01 20시: 4001~5000 완료 (84072개 누적)","logger":"task.stdout"}
{"timestamp":"2025-11-10T01:28:02.141658Z","level":"info","event":"2022-08-01 20시: 5001~6000 완료 (85072개 누적)","logger":"task.stdout"}
{"timestamp":"2025-11-10T01:28:03.457894Z","level":"info","event":"2022-08-01 20시: 6001~7000 완료 (86072개 누적)","logger":"task.stdout"}
{"timestamp":"2025-11-10T01:28:04.773389Z","level":"info","event":"2022-08-01 20시: 7001~8000 완료 (87072개 누적)","logger":"task.stdout"}
{"timestamp":"2025-11-10T01:28:05.888365Z","level":"info","event":"2022-08-01 20시: 8001~9000 완료 (88072개 누적)","logger":"task.stdout"}
{"timestamp":"2025-11-10T01:28:07.130810Z","level":"info","event":"2022-08-01 20시: 9001~10000 완료 (89072개 누적)","logger":"task.stdout"}
{"timestamp":"2025-11-10T01:28:08.448474Z","level":"info","event":"2022-08-01 20시: 10001~10350 완료 (89422개 누적)","logger":"task.stdout"}
{"timestamp":"2025-11-10T01:28:10.561564Z","level":"info","event":"2022-08-01 21시: 1~1000 완료 (90422개 누적)","logger":"task.stdout"}
{"timestamp":"2025-11-10T01:28:11.800167Z","level":"info","event":"2022-08-01 21시: 1001~2000 완료 (91422개 누적)","logger":"task.stdout"}
{"timestamp":"2025-11-10T01:28:13.024396Z","level":"info","event":"2022-08-01 21시: 2001~3000 완료 (92422개 누적)","logger":"task.stdout"}
{"timestamp":"2025-11-10T01:28:14.214144Z","level":"info","event":"2022-08-01 21시: 3001~4000 완료 (93422개 누적)","logger":"task.stdout"}
{"timestamp":"2025-11-10T01:28:15.377293Z","level":"info","event":"2022-08-01 21시: 4001~5000 완료 (94422개 누적)","logger":"task.stdout"}
{"timestamp":"2025-11-10T01:28:16.554036Z","level":"info","event":"2022-08-01 21시: 5001~6000 완료 (95422개 누적)","logger":"task.stdout"}
{"timestamp":"2025-11-10T01:28:17.841351Z","level":"info","event":"2022-08-01 21시: 6001~7000 완료 (96422개 누적)","logger":"task.stdout"}
{"timestamp":"2025-11-10T01:28:19.030332Z","level":"info","event":"2022-08-01 21시: 7001~8000 완료 (97422개 누적)","logger":"task.stdout"}
{"timestamp":"2025-11-10T01:28:20.159271Z","level":"info","event":"2022-08-01 21시: 8001~8344 완료 (97766개 누적)","logger":"task.stdout"}
{"timestamp":"2025-11-10T01:28:22.090041Z","level":"info","event":"2022-08-01 22시: 1~1000 완료 (98766개 누적)","logger":"task.stdout"}
{"timestamp":"2025-11-10T01:28:23.174492Z","level":"info","event":"2022-08-01 22시: 1001~2000 완료 (99766개 누적)","logger":"task.stdout"}
{"timestamp":"2025-11-10T01:28:24.301049Z","level":"info","event":"2022-08-01 22시: 2001~3000 완료 (100766개 누적)","logger":"task.stdout"}
{"timestamp":"2025-11-10T01:28:25.415034Z","level":"info","event":"2022-08-01 22시: 3001~4000 완료 (101766개 누적)","logger":"task.stdout"}
{"timestamp":"2025-11-10T01:28:26.591009Z","level":"info","event":"2022-08-01 22시: 4001~5000 완료 (102766개 누적)","logger":"task.stdout"}
{"timestamp":"2025-11-10T01:28:27.670220Z","level":"info","event":"2022-08-01 22시: 5001~6000 완료 (103766개 누적)","logger":"task.stdout"}
{"timestamp":"2025-11-10T01:28:28.726659Z","level":"info","event":"2022-08-01 22시: 6001~6687 완료 (104453개 누적)","logger":"task.stdout"}
{"timestamp":"2025-11-10T01:28:30.376732Z","level":"info","event":"2022-08-01 23시: 1~1000 완료 (105453개 누적)","logger":"task.stdout"}
{"timestamp":"2025-11-10T01:28:31.313180Z","level":"info","event":"2022-08-01 23시: 1001~2000 완료 (106453개 누적)","logger":"task.stdout"}
{"timestamp":"2025-11-10T01:28:32.139626Z","level":"info","event":"2022-08-01 23시: 2001~2248 완료 (106701개 누적)","logger":"task.stdout"}
{"timestamp":"2025-11-10T01:28:33.722210Z","level":"info","event":"2022-08-02 00시: 1~907 완료 (107608개 누적)","logger":"task.stdout"}
{"timestamp":"2025-11-10T01:28:34.727051Z","level":"info","event":"2022-08-02 01시: 1~446 완료 (108054개 누적)","logger":"task.stdout"}
{"timestamp":"2025-11-10T01:28:36.082639Z","level":"info","event":"2022-08-02 02시: 1~171 완료 (108225개 누적)","logger":"task.stdout"}
{"timestamp":"2025-11-10T01:28:37.042401Z","level":"info","event":"2022-08-02 03시: 1~133 완료 (108358개 누적)","logger":"task.stdout"}
{"timestamp":"2025-11-10T01:28:37.978209Z","level":"info","event":"2022-08-02 04시: 1~171 완료 (108529개 누적)","logger":"task.stdout"}
{"timestamp":"2025-11-10T01:28:39.043353Z","level":"info","event":"2022-08-02 05시: 1~831 완료 (109360개 누적)","logger":"task.stdout"}
{"timestamp":"2025-11-10T01:28:40.195766Z","level":"info","event":"2022-08-02 06시: 1~1000 완료 (110360개 누적)","logger":"task.stdout"}
{"timestamp":"2025-11-10T01:28:40.877320Z","level":"info","event":"2022-08-02 06시: 1001~1880 완료 (111240개 누적)","logger":"task.stdout"}
{"timestamp":"2025-11-10T01:28:42.226288Z","level":"info","event":"2022-08-02 07시: 1~1000 완료 (112240개 누적)","logger":"task.stdout"}
{"timestamp":"2025-11-10T01:28:42.999313Z","level":"info","event":"2022-08-02 07시: 1001~2000 완료 (113240개 누적)","logger":"task.stdout"}
{"timestamp":"2025-11-10T01:28:43.777200Z","level":"info","event":"2022-08-02 07시: 2001~3000 완료 (114240개 누적)","logger":"task.stdout"}
{"timestamp":"2025-11-10T01:28:44.544270Z","level":"info","event":"2022-08-02 07시: 3001~3580 완료 (114820개 누적)","logger":"task.stdout"}
{"timestamp":"2025-11-10T01:28:46.028716Z","level":"info","event":"2022-08-02 08시: 1~1000 완료 (115820개 누적)","logger":"task.stdout"}
{"timestamp":"2025-11-10T01:28:46.918479Z","level":"info","event":"2022-08-02 08시: 1001~2000 완료 (116820개 누적)","logger":"task.stdout"}
{"timestamp":"2025-11-10T01:28:47.885012Z","level":"info","event":"2022-08-02 08시: 2001~3000 완료 (117820개 누적)","logger":"task.stdout"}
{"timestamp":"2025-11-10T01:28:48.752214Z","level":"info","event":"2022-08-02 08시: 3001~4000 완료 (118820개 누적)","logger":"task.stdout"}
{"timestamp":"2025-11-10T01:28:49.627553Z","level":"info","event":"2022-08-02 08시: 4001~5000 완료 (119820개 누적)","logger":"task.stdout"}
{"timestamp":"2025-11-10T01:28:50.491217Z","level":"info","event":"2022-08-02 08시: 5001~6000 완료 (120820개 누적)","logger":"task.stdout"}
{"timestamp":"2025-11-10T01:28:51.416798Z","level":"info","event":"2022-08-02 08시: 6001~7000 완료 (121820개 누적)","logger":"task.stdout"}
{"timestamp":"2025-11-10T01:28:52.293108Z","level":"info","event":"2022-08-02 08시: 7001~7452 완료 (122272개 누적)","logger":"task.stdout"}
{"timestamp":"2025-11-10T01:28:53.655479Z","level":"info","event":"2022-08-02 09시: 1~1000 완료 (123272개 누적)","logger":"task.stdout"}
{"timestamp":"2025-11-10T01:28:54.472177Z","level":"info","event":"2022-08-02 09시: 1001~2000 완료 (124272개 누적)","logger":"task.stdout"}
{"timestamp":"2025-11-10T01:28:55.264166Z","level":"info","event":"2022-08-02 09시: 2001~3000 완료 (125272개 누적)","logger":"task.stdout"}
{"timestamp":"2025-11-10T01:28:56.152004Z","level":"info","event":"2022-08-02 09시: 3001~4000 완료 (126272개 누적)","logger":"task.stdout"}
{"timestamp":"2025-11-10T01:28:56.960972Z","level":"info","event":"2022-08-02 09시: 4001~5000 완료 (127272개 누적)","logger":"task.stdout"}
{"timestamp":"2025-11-10T01:28:57.615195Z","level":"info","event":"2022-08-02 09시: 5001~5065 완료 (127337개 누적)","logger":"task.stdout"}
{"timestamp":"2025-11-10T01:28:58.877689Z","level":"info","event":"2022-08-02 10시: 1~1000 완료 (128337개 누적)","logger":"task.stdout"}
{"timestamp":"2025-11-10T01:28:59.647563Z","level":"info","event":"2022-08-02 10시: 1001~2000 완료 (129337개 누적)","logger":"task.stdout"}
{"timestamp":"2025-11-10T01:29:00.383780Z","level":"info","event":"2022-08-02 10시: 2001~3000 완료 (130337개 누적)","logger":"task.stdout"}
{"timestamp":"2025-11-10T01:29:01.085466Z","level":"info","event":"2022-08-02 10시: 3001~3347 완료 (130684개 누적)","logger":"task.stdout"}
{"timestamp":"2025-11-10T01:29:02.497708Z","level":"info","event":"2022-08-02 11시: 1~1000 완료 (131684개 누적)","logger":"task.stdout"}
{"timestamp":"2025-11-10T01:29:03.276854Z","level":"info","event":"2022-08-02 11시: 1001~2000 완료 (132684개 누적)","logger":"task.stdout"}
{"timestamp":"2025-11-10T01:29:04.090772Z","level":"info","event":"2022-08-02 11시: 2001~3000 완료 (133684개 누적)","logger":"task.stdout"}
{"timestamp":"2025-11-10T01:29:04.863960Z","level":"info","event":"2022-08-02 11시: 3001~4000 완료 (134684개 누적)","logger":"task.stdout"}
{"timestamp":"2025-11-10T01:29:05.544845Z","level":"info","event":"2022-08-02 11시: 4001~4144 완료 (134828개 누적)","logger":"task.stdout"}
{"timestamp":"2025-11-10T01:29:06.869513Z","level":"info","event":"2022-08-02 12시: 1~1000 완료 (135828개 누적)","logger":"task.stdout"}
{"timestamp":"2025-11-10T01:29:07.658892Z","level":"info","event":"2022-08-02 12시: 1001~2000 완료 (136828개 누적)","logger":"task.stdout"}
{"timestamp":"2025-11-10T01:29:08.542404Z","level":"info","event":"2022-08-02 12시: 2001~3000 완료 (137828개 누적)","logger":"task.stdout"}
{"timestamp":"2025-11-10T01:29:09.347548Z","level":"info","event":"2022-08-02 12시: 3001~4000 완료 (138828개 누적)","logger":"task.stdout"}
{"timestamp":"2025-11-10T01:29:10.095378Z","level":"info","event":"2022-08-02 12시: 4001~4490 완료 (139318개 누적)","logger":"task.stdout"}
{"timestamp":"2025-11-10T01:29:11.373582Z","level":"info","event":"2022-08-02 13시: 1~1000 완료 (140318개 누적)","logger":"task.stdout"}
{"timestamp":"2025-11-10T01:29:12.152620Z","level":"info","event":"2022-08-02 13시: 1001~2000 완료 (141318개 누적)","logger":"task.stdout"}
{"timestamp":"2025-11-10T01:29:12.904638Z","level":"info","event":"2022-08-02 13시: 2001~3000 완료 (142318개 누적)","logger":"task.stdout"}
{"timestamp":"2025-11-10T01:29:13.609889Z","level":"info","event":"2022-08-02 13시: 3001~3548 완료 (142866개 누적)","logger":"task.stdout"}
{"timestamp":"2025-11-10T01:29:14.776692Z","level":"info","event":"2022-08-02 14시: 1~1000 완료 (143866개 누적)","logger":"task.stdout"}
{"timestamp":"2025-11-10T01:29:15.439182Z","level":"info","event":"2022-08-02 14시: 1001~1735 완료 (144601개 누적)","logger":"task.stdout"}
{"timestamp":"2025-11-10T01:29:16.435185Z","level":"info","event":"2022-08-02 15시: 1~617 완료 (145218개 누적)","logger":"task.stdout"}
{"timestamp":"2025-11-10T01:29:17.556586Z","level":"info","event":"2022-08-02 16시: 1~1000 완료 (146218개 누적)","logger":"task.stdout"}
{"timestamp":"2025-11-10T01:29:18.180448Z","level":"info","event":"2022-08-02 16시: 1001~1515 완료 (146733개 누적)","logger":"task.stdout"}
{"timestamp":"2025-11-10T01:29:19.382064Z","level":"info","event":"2022-08-02 17시: 1~1000 완료 (147733개 누적)","logger":"task.stdout"}
{"timestamp":"2025-11-10T01:29:20.109343Z","level":"info","event":"2022-08-02 17시: 1001~2000 완료 (148733개 누적)","logger":"task.stdout"}
{"timestamp":"2025-11-10T01:29:20.720508Z","level":"info","event":"2022-08-02 17시: 2001~2271 완료 (149004개 누적)","logger":"task.stdout"}
{"timestamp":"2025-11-10T01:29:21.993115Z","level":"info","event":"2022-08-02 18시: 1~1000 완료 (150004개 누적)","logger":"task.stdout"}
{"timestamp":"2025-11-10T01:29:22.744417Z","level":"info","event":"2022-08-02 18시: 1001~2000 완료 (151004개 누적)","logger":"task.stdout"}
{"timestamp":"2025-11-10T01:29:23.500833Z","level":"info","event":"2022-08-02 18시: 2001~3000 완료 (152004개 누적)","logger":"task.stdout"}
{"timestamp":"2025-11-10T01:29:24.109850Z","level":"info","event":"2022-08-02 18시: 3001~3058 완료 (152062개 누적)","logger":"task.stdout"}
{"timestamp":"2025-11-10T01:29:25.419129Z","level":"info","event":"2022-08-02 19시: 1~1000 완료 (153062개 누적)","logger":"task.stdout"}
{"timestamp":"2025-11-10T01:29:26.187522Z","level":"info","event":"2022-08-02 19시: 1001~2000 완료 (154062개 누적)","logger":"task.stdout"}
{"timestamp":"2025-11-10T01:29:27.038417Z","level":"info","event":"2022-08-02 19시: 2001~3000 완료 (155062개 누적)","logger":"task.stdout"}
{"timestamp":"2025-11-10T01:29:27.863154Z","level":"info","event":"2022-08-02 19시: 3001~4000 완료 (156062개 누적)","logger":"task.stdout"}
{"timestamp":"2025-11-10T01:29:28.616885Z","level":"info","event":"2022-08-02 19시: 4001~4787 완료 (156849개 누적)","logger":"task.stdout"}
{"timestamp":"2025-11-10T01:29:29.924726Z","level":"info","event":"2022-08-02 20시: 1~1000 완료 (157849개 누적)","logger":"task.stdout"}
{"timestamp":"2025-11-10T01:29:30.692661Z","level":"info","event":"2022-08-02 20시: 1001~2000 완료 (158849개 누적)","logger":"task.stdout"}
{"timestamp":"2025-11-10T01:29:31.513842Z","level":"info","event":"2022-08-02 20시: 2001~3000 완료 (159849개 누적)","logger":"task.stdout"}
{"timestamp":"2025-11-10T01:29:32.278991Z","level":"info","event":"2022-08-02 20시: 3001~4000 완료 (160849개 누적)","logger":"task.stdout"}
{"timestamp":"2025-11-10T01:29:33.004429Z","level":"info","event":"2022-08-02 20시: 4001~4907 완료 (161756개 누적)","logger":"task.stdout"}
{"timestamp":"2025-11-10T01:29:34.197522Z","level":"info","event":"2022-08-02 21시: 1~1000 완료 (162756개 누적)","logger":"task.stdout"}
{"timestamp":"2025-11-10T01:29:34.975642Z","level":"info","event":"2022-08-02 21시: 1001~2000 완료 (163756개 누적)","logger":"task.stdout"}
{"timestamp":"2025-11-10T01:29:35.678938Z","level":"info","event":"2022-08-02 21시: 2001~3000 완료 (164756개 누적)","logger":"task.stdout"}
{"timestamp":"2025-11-10T01:29:36.335539Z","level":"info","event":"2022-08-02 21시: 3001~3233 완료 (164989개 누적)","logger":"task.stdout"}
{"timestamp":"2025-11-10T01:29:37.409224Z","level":"info","event":"2022-08-02 22시: 1~1000 완료 (165989개 누적)","logger":"task.stdout"}
{"timestamp":"2025-11-10T01:29:37.957635Z","level":"info","event":"2022-08-02 22시: 1001~1022 완료 (166011개 누적)","logger":"task.stdout"}
{"timestamp":"2025-11-10T01:29:38.938259Z","level":"info","event":"2022-08-02 23시: 1~332 완료 (166343개 누적)","logger":"task.stdout"}
{"timestamp":"2025-11-10T01:29:39.969965Z","level":"info","event":"","logger":"task.stdout"}
{"timestamp":"2025-11-10T01:29:39.970327Z","level":"info","event":"2022년 8월 총 166343개 수집 완료","logger":"task.stdout"}
{"timestamp":"2025-11-10T01:29:40.007003Z","level":"error","event":"Task failed with exception","logger":"task","filename":"task_runner.py","lineno":999,"error_detail":[{"exc_type":"KeyError","exc_value":"\"['대여 대여소명', '반납대여소명', '자전거번호', '대여거치대', '반납거치대', '이용시간(분)', '반납대여소번호', '대여 대여소번호'] not found in axis\"","exc_notes":[],"syntax_error":null,"is_cause":false,"frames":[{"filename":"/home/airflow/.local/lib/python3.12/site-packages/airflow/sdk/execution_time/task_runner.py","lineno":925,"name":"run"},{"filename":"/home/airflow/.local/lib/python3.12/site-packages/airflow/sdk/execution_time/task_runner.py","lineno":1312,"name":"_execute_task"},{"filename":"/home/airflow/.local/lib/python3.12/site-packages/airflow/sdk/bases/operator.py","lineno":416,"name":"wrapper"},{"filename":"/home/airflow/.local/lib/python3.12/site-packages/airflow/providers/standard/operators/python.py","lineno":213,"name":"execute"},{"filename":"/home/airflow/.local/lib/python3.12/site-packages/airflow/providers/standard/operators/python.py","lineno":236,"name":"execute_callable"},{"filename":"/home/airflow/.local/lib/python3.12/site-packages/airflow/sdk/execution_time/callback_runner.py","lineno":82,"name":"run"},{"filename":"/opt/airflow/dags/seoul_bike_rent_2022.py","lineno":40,"name":"collect_month"},{"filename":"/opt/airflow/plugins/rent_history_utils.py","lineno":102,"name":"preprocess_rent_data"},{"filename":"/home/airflow/.local/lib/python3.12/site-packages/pandas/core/frame.py","lineno":5344,"name":"drop"},{"filename":"/home/airflow/.local/lib/python3.12/site-packages/pandas/core/generic.py","lineno":4711,"name":"drop"},{"filename":"/home/airflow/.local/lib/python3.12/site-packages/pandas/core/generic.py","lineno":4753,"name":"_drop_axis"},{"filename":"/home/airflow/.local/lib/python3.12/site-packages/pandas/core/indexes/base.py","lineno":7000,"name":"drop"}],"is_group":false,"exceptions":[]}]}
