{"timestamp":"2025-11-10T01:21:22.162068Z","level":"info","event":"DAG bundles loaded: dags-folder","logger":"airflow.dag_processing.bundles.manager.DagBundlesManager","filename":"manager.py","lineno":179}
{"timestamp":"2025-11-10T01:21:22.162483Z","level":"info","event":"Filling up the DagBag from /opt/airflow/dags/seoul_bike_rent_2022.py","logger":"airflow.models.dagbag.DagBag","filename":"dagbag.py","lineno":593}
{"timestamp":"2025-11-10T01:21:22.169112Z","level":"warning","event":"The `airflow.operators.python.PythonOperator` attribute is deprecated. Please use `'airflow.providers.standard.operators.python.PythonOperator'`.","category":"DeprecatedImportWarning","filename":"/opt/airflow/dags/seoul_bike_rent_2022.py","lineno":2,"logger":"py.warnings"}
{"timestamp":"2025-11-10T01:21:22.200809Z","level":"info","event":"Found credentials in environment variables.","logger":"botocore.credentials","filename":"credentials.py","lineno":1224}
{"timestamp":"2025-11-10T01:21:23.366834Z","level":"info","event":"유효한 정거장 3202개 로드","logger":"task.stdout"}
{"timestamp":"2025-11-10T01:21:25.850143Z","level":"info","event":"2022-08-01 00시: 1~905 완료 (905개 누적)","logger":"task.stdout"}
{"timestamp":"2025-11-10T01:21:27.501457Z","level":"info","event":"2022-08-01 01시: 1~847 완료 (1752개 누적)","logger":"task.stdout"}
{"timestamp":"2025-11-10T01:21:29.047798Z","level":"info","event":"2022-08-01 02시: 1~508 완료 (2260개 누적)","logger":"task.stdout"}
{"timestamp":"2025-11-10T01:21:30.510190Z","level":"info","event":"2022-08-01 03시: 1~125 완료 (2385개 누적)","logger":"task.stdout"}
{"timestamp":"2025-11-10T01:21:31.960808Z","level":"info","event":"2022-08-01 04시: 1~62 완료 (2447개 누적)","logger":"task.stdout"}
{"timestamp":"2025-11-10T01:21:34.113057Z","level":"info","event":"2022-08-01 05시: 1~109 완료 (2556개 누적)","logger":"task.stdout"}
{"timestamp":"2025-11-10T01:21:35.585386Z","level":"info","event":"2022-08-01 06시: 1~308 완료 (2864개 누적)","logger":"task.stdout"}
{"timestamp":"2025-11-10T01:21:37.227575Z","level":"info","event":"2022-08-01 07시: 1~999 완료 (3863개 누적)","logger":"task.stdout"}
{"timestamp":"2025-11-10T01:21:39.698459Z","level":"info","event":"2022-08-01 08시: 1~1000 완료 (4863개 누적)","logger":"task.stdout"}
{"timestamp":"2025-11-10T01:21:40.767873Z","level":"info","event":"2022-08-01 08시: 1001~2000 완료 (5863개 누적)","logger":"task.stdout"}
{"timestamp":"2025-11-10T01:21:41.791621Z","level":"info","event":"2022-08-01 08시: 2001~3000 완료 (6863개 누적)","logger":"task.stdout"}
{"timestamp":"2025-11-10T01:21:42.920926Z","level":"info","event":"2022-08-01 08시: 3001~4000 완료 (7863개 누적)","logger":"task.stdout"}
{"timestamp":"2025-11-10T01:21:43.921389Z","level":"info","event":"2022-08-01 08시: 4001~4620 완료 (8483개 누적)","logger":"task.stdout"}
{"timestamp":"2025-11-10T01:21:46.039727Z","level":"info","event":"2022-08-01 09시: 1~1000 완료 (9483개 누적)","logger":"task.stdout"}
{"timestamp":"2025-11-10T01:21:47.067782Z","level":"info","event":"2022-08-01 09시: 1001~2000 완료 (10483개 누적)","logger":"task.stdout"}
{"timestamp":"2025-11-10T01:21:48.333204Z","level":"info","event":"2022-08-01 09시: 2001~3000 완료 (11483개 누적)","logger":"task.stdout"}
{"timestamp":"2025-11-10T01:21:49.413519Z","level":"info","event":"2022-08-01 09시: 3001~4000 완료 (12483개 누적)","logger":"task.stdout"}
{"timestamp":"2025-11-10T01:21:50.250227Z","level":"info","event":"2022-08-01 09시: 4001~4065 완료 (12548개 누적)","logger":"task.stdout"}
{"timestamp":"2025-11-10T01:21:52.150059Z","level":"info","event":"2022-08-01 10시: 1~1000 완료 (13548개 누적)","logger":"task.stdout"}
{"timestamp":"2025-11-10T01:21:53.174952Z","level":"info","event":"2022-08-01 10시: 1001~2000 완료 (14548개 누적)","logger":"task.stdout"}
{"timestamp":"2025-11-10T01:21:54.198899Z","level":"info","event":"2022-08-01 10시: 2001~3000 완료 (15548개 누적)","logger":"task.stdout"}
{"timestamp":"2025-11-10T01:21:55.100020Z","level":"info","event":"2022-08-01 10시: 3001~3368 완료 (15916개 누적)","logger":"task.stdout"}
{"timestamp":"2025-11-10T01:21:56.994035Z","level":"info","event":"2022-08-01 11시: 1~1000 완료 (16916개 누적)","logger":"task.stdout"}
{"timestamp":"2025-11-10T01:21:58.027376Z","level":"info","event":"2022-08-01 11시: 1001~2000 완료 (17916개 누적)","logger":"task.stdout"}
{"timestamp":"2025-11-10T01:21:59.034830Z","level":"info","event":"2022-08-01 11시: 2001~3000 완료 (18916개 누적)","logger":"task.stdout"}
{"timestamp":"2025-11-10T01:22:00.100166Z","level":"info","event":"2022-08-01 11시: 3001~4000 완료 (19916개 누적)","logger":"task.stdout"}
{"timestamp":"2025-11-10T01:22:01.090901Z","level":"info","event":"2022-08-01 11시: 4001~4353 완료 (20269개 누적)","logger":"task.stdout"}
{"timestamp":"2025-11-10T01:22:02.981815Z","level":"info","event":"2022-08-01 12시: 1~1000 완료 (21269개 누적)","logger":"task.stdout"}
{"timestamp":"2025-11-10T01:22:04.181127Z","level":"info","event":"2022-08-01 12시: 1001~2000 완료 (22269개 누적)","logger":"task.stdout"}
{"timestamp":"2025-11-10T01:22:05.308693Z","level":"info","event":"2022-08-01 12시: 2001~3000 완료 (23269개 누적)","logger":"task.stdout"}
{"timestamp":"2025-11-10T01:22:06.368772Z","level":"info","event":"2022-08-01 12시: 3001~4000 완료 (24269개 누적)","logger":"task.stdout"}
{"timestamp":"2025-11-10T01:22:07.456778Z","level":"info","event":"2022-08-01 12시: 4001~4965 완료 (25234개 누적)","logger":"task.stdout"}
{"timestamp":"2025-11-10T01:22:09.424543Z","level":"info","event":"2022-08-01 13시: 1~1000 완료 (26234개 누적)","logger":"task.stdout"}
{"timestamp":"2025-11-10T01:22:10.482542Z","level":"info","event":"2022-08-01 13시: 1001~2000 완료 (27234개 누적)","logger":"task.stdout"}
{"timestamp":"2025-11-10T01:22:11.507992Z","level":"info","event":"2022-08-01 13시: 2001~3000 완료 (28234개 누적)","logger":"task.stdout"}
{"timestamp":"2025-11-10T01:22:12.526574Z","level":"info","event":"2022-08-01 13시: 3001~4000 완료 (29234개 누적)","logger":"task.stdout"}
{"timestamp":"2025-11-10T01:22:13.515217Z","level":"info","event":"2022-08-01 13시: 4001~4837 완료 (30071개 누적)","logger":"task.stdout"}
{"timestamp":"2025-11-10T01:22:15.285745Z","level":"info","event":"2022-08-01 14시: 1~1000 완료 (31071개 누적)","logger":"task.stdout"}
{"timestamp":"2025-11-10T01:22:16.290660Z","level":"info","event":"2022-08-01 14시: 1001~2000 완료 (32071개 누적)","logger":"task.stdout"}
{"timestamp":"2025-11-10T01:22:17.288257Z","level":"info","event":"2022-08-01 14시: 2001~3000 완료 (33071개 누적)","logger":"task.stdout"}
{"timestamp":"2025-11-10T01:22:18.633165Z","level":"info","event":"2022-08-01 14시: 3001~4000 완료 (34071개 누적)","logger":"task.stdout"}
{"timestamp":"2025-11-10T01:22:19.677125Z","level":"info","event":"2022-08-01 14시: 4001~4797 완료 (34868개 누적)","logger":"task.stdout"}
{"timestamp":"2025-11-10T01:22:21.728079Z","level":"info","event":"2022-08-01 15시: 1~1000 완료 (35868개 누적)","logger":"task.stdout"}
{"timestamp":"2025-11-10T01:22:22.872944Z","level":"info","event":"2022-08-01 15시: 1001~2000 완료 (36868개 누적)","logger":"task.stdout"}
{"timestamp":"2025-11-10T01:22:24.056427Z","level":"info","event":"2022-08-01 15시: 2001~3000 완료 (37868개 누적)","logger":"task.stdout"}
{"timestamp":"2025-11-10T01:22:25.104626Z","level":"info","event":"2022-08-01 15시: 3001~4000 완료 (38868개 누적)","logger":"task.stdout"}
{"timestamp":"2025-11-10T01:22:26.190657Z","level":"info","event":"2022-08-01 15시: 4001~5000 완료 (39868개 누적)","logger":"task.stdout"}
{"timestamp":"2025-11-10T01:22:27.175619Z","level":"info","event":"2022-08-01 15시: 5001~5240 완료 (40108개 누적)","logger":"task.stdout"}
{"timestamp":"2025-11-10T01:22:29.361922Z","level":"info","event":"2022-08-01 16시: 1~1000 완료 (41108개 누적)","logger":"task.stdout"}
{"timestamp":"2025-11-10T01:22:30.446930Z","level":"info","event":"2022-08-01 16시: 1001~2000 완료 (42108개 누적)","logger":"task.stdout"}
{"timestamp":"2025-11-10T01:22:31.760261Z","level":"info","event":"2022-08-01 16시: 2001~3000 완료 (43108개 누적)","logger":"task.stdout"}
{"timestamp":"2025-11-10T01:22:32.935154Z","level":"info","event":"2022-08-01 16시: 3001~4000 완료 (44108개 누적)","logger":"task.stdout"}
{"timestamp":"2025-11-10T01:22:34.036409Z","level":"info","event":"2022-08-01 16시: 4001~5000 완료 (45108개 누적)","logger":"task.stdout"}
{"timestamp":"2025-11-10T01:22:35.167949Z","level":"info","event":"2022-08-01 16시: 5001~6000 완료 (46108개 누적)","logger":"task.stdout"}
{"timestamp":"2025-11-10T01:22:36.421563Z","level":"info","event":"2022-08-01 16시: 6001~6645 완료 (46753개 누적)","logger":"task.stdout"}
{"timestamp":"2025-11-10T01:22:38.904011Z","level":"info","event":"2022-08-01 17시: 1~1000 완료 (47753개 누적)","logger":"task.stdout"}
{"timestamp":"2025-11-10T01:22:40.179939Z","level":"info","event":"2022-08-01 17시: 1001~2000 완료 (48753개 누적)","logger":"task.stdout"}
{"timestamp":"2025-11-10T01:22:41.443680Z","level":"info","event":"2022-08-01 17시: 2001~3000 완료 (49753개 누적)","logger":"task.stdout"}
{"timestamp":"2025-11-10T01:22:42.771936Z","level":"info","event":"2022-08-01 17시: 3001~4000 완료 (50753개 누적)","logger":"task.stdout"}
{"timestamp":"2025-11-10T01:22:44.029532Z","level":"info","event":"2022-08-01 17시: 4001~5000 완료 (51753개 누적)","logger":"task.stdout"}
{"timestamp":"2025-11-10T01:22:45.395049Z","level":"info","event":"2022-08-01 17시: 5001~6000 완료 (52753개 누적)","logger":"task.stdout"}
{"timestamp":"2025-11-10T01:22:46.700544Z","level":"info","event":"2022-08-01 17시: 6001~7000 완료 (53753개 누적)","logger":"task.stdout"}
{"timestamp":"2025-11-10T01:22:47.958447Z","level":"info","event":"2022-08-01 17시: 7001~8000 완료 (54753개 누적)","logger":"task.stdout"}
{"timestamp":"2025-11-10T01:22:49.087585Z","level":"info","event":"2022-08-01 17시: 8001~9000 완료 (55753개 누적)","logger":"task.stdout"}
{"timestamp":"2025-11-10T01:22:50.166824Z","level":"info","event":"2022-08-01 17시: 9001~10000 완료 (56753개 누적)","logger":"task.stdout"}
{"timestamp":"2025-11-10T01:22:51.333514Z","level":"info","event":"2022-08-01 17시: 10001~10537 완료 (57290개 누적)","logger":"task.stdout"}
{"timestamp":"2025-11-10T01:22:54.109801Z","level":"info","event":"2022-08-01 18시: 1~1000 완료 (58290개 누적)","logger":"task.stdout"}
{"timestamp":"2025-11-10T01:22:55.492742Z","level":"info","event":"2022-08-01 18시: 1001~2000 완료 (59290개 누적)","logger":"task.stdout"}
{"timestamp":"2025-11-10T01:22:56.933180Z","level":"info","event":"2022-08-01 18시: 2001~3000 완료 (60290개 누적)","logger":"task.stdout"}
{"timestamp":"2025-11-10T01:22:58.416029Z","level":"info","event":"2022-08-01 18시: 3001~4000 완료 (61290개 누적)","logger":"task.stdout"}
{"timestamp":"2025-11-10T01:22:59.902538Z","level":"info","event":"2022-08-01 18시: 4001~5000 완료 (62290개 누적)","logger":"task.stdout"}
{"timestamp":"2025-11-10T01:23:01.436161Z","level":"info","event":"2022-08-01 18시: 5001~6000 완료 (63290개 누적)","logger":"task.stdout"}
{"timestamp":"2025-11-10T01:23:02.965500Z","level":"info","event":"2022-08-01 18시: 6001~7000 완료 (64290개 누적)","logger":"task.stdout"}
{"timestamp":"2025-11-10T01:23:04.325057Z","level":"info","event":"2022-08-01 18시: 7001~8000 완료 (65290개 누적)","logger":"task.stdout"}
{"timestamp":"2025-11-10T01:23:05.726781Z","level":"info","event":"2022-08-01 18시: 8001~9000 완료 (66290개 누적)","logger":"task.stdout"}
{"timestamp":"2025-11-10T01:23:07.138279Z","level":"info","event":"2022-08-01 18시: 9001~10000 완료 (67290개 누적)","logger":"task.stdout"}
{"timestamp":"2025-11-10T01:23:08.777063Z","level":"info","event":"2022-08-01 18시: 10001~11000 완료 (68290개 누적)","logger":"task.stdout"}
{"timestamp":"2025-11-10T01:23:10.210396Z","level":"info","event":"2022-08-01 18시: 11001~12000 완료 (69290개 누적)","logger":"task.stdout"}
{"timestamp":"2025-11-10T01:23:11.699217Z","level":"info","event":"2022-08-01 18시: 12001~13000 완료 (70290개 누적)","logger":"task.stdout"}
{"timestamp":"2025-11-10T01:23:13.149501Z","level":"info","event":"2022-08-01 18시: 13001~14000 완료 (71290개 누적)","logger":"task.stdout"}
