{"timestamp":"2025-11-10T01:21:19.656861Z","level":"info","event":"DAG bundles loaded: dags-folder","logger":"airflow.dag_processing.bundles.manager.DagBundlesManager","filename":"manager.py","lineno":179}
{"timestamp":"2025-11-10T01:21:19.660489Z","level":"info","event":"Filling up the DagBag from /opt/airflow/dags/seoul_bike_rent_2022.py","logger":"airflow.models.dagbag.DagBag","filename":"dagbag.py","lineno":593}
{"timestamp":"2025-11-10T01:21:19.801437Z","level":"warning","event":"The `airflow.operators.python.PythonOperator` attribute is deprecated. Please use `'airflow.providers.standard.operators.python.PythonOperator'`.","category":"DeprecatedImportWarning","filename":"/opt/airflow/dags/seoul_bike_rent_2022.py","lineno":2,"logger":"py.warnings"}
{"timestamp":"2025-11-10T01:21:19.916342Z","level":"info","event":"Found credentials in environment variables.","logger":"botocore.credentials","filename":"credentials.py","lineno":1224}
{"timestamp":"2025-11-10T01:21:21.629374Z","level":"info","event":"유효한 정거장 3202개 로드","logger":"task.stdout"}
{"timestamp":"2025-11-10T01:21:25.819294Z","level":"info","event":"2022-10-01 00시: 1~1000 완료 (1000개 누적)","logger":"task.stdout"}
{"timestamp":"2025-11-10T01:21:27.239806Z","level":"info","event":"2022-10-01 00시: 1001~2000 완료 (2000개 누적)","logger":"task.stdout"}
{"timestamp":"2025-11-10T01:21:28.817963Z","level":"info","event":"2022-10-01 00시: 2001~3000 완료 (3000개 누적)","logger":"task.stdout"}
{"timestamp":"2025-11-10T01:21:30.228668Z","level":"info","event":"2022-10-01 00시: 3001~4000 완료 (4000개 누적)","logger":"task.stdout"}
{"timestamp":"2025-11-10T01:21:31.711480Z","level":"info","event":"2022-10-01 00시: 4001~5000 완료 (5000개 누적)","logger":"task.stdout"}
{"timestamp":"2025-11-10T01:21:33.148431Z","level":"info","event":"2022-10-01 00시: 5001~5550 완료 (5550개 누적)","logger":"task.stdout"}
{"timestamp":"2025-11-10T01:21:35.647627Z","level":"info","event":"2022-10-01 01시: 1~1000 완료 (6550개 누적)","logger":"task.stdout"}
{"timestamp":"2025-11-10T01:21:37.287802Z","level":"info","event":"2022-10-01 01시: 1001~2000 완료 (7550개 누적)","logger":"task.stdout"}
{"timestamp":"2025-11-10T01:21:38.583839Z","level":"info","event":"2022-10-01 01시: 2001~3000 완료 (8550개 누적)","logger":"task.stdout"}
{"timestamp":"2025-11-10T01:21:39.878155Z","level":"info","event":"2022-10-01 01시: 3001~4000 완료 (9550개 누적)","logger":"task.stdout"}
{"timestamp":"2025-11-10T01:21:41.132342Z","level":"info","event":"2022-10-01 01시: 4001~4355 완료 (9905개 누적)","logger":"task.stdout"}
{"timestamp":"2025-11-10T01:21:43.607680Z","level":"info","event":"2022-10-01 02시: 1~1000 완료 (10905개 누적)","logger":"task.stdout"}
{"timestamp":"2025-11-10T01:21:44.964119Z","level":"info","event":"2022-10-01 02시: 1001~2000 완료 (11905개 누적)","logger":"task.stdout"}
{"timestamp":"2025-11-10T01:21:46.225826Z","level":"info","event":"2022-10-01 02시: 2001~2812 완료 (12717개 누적)","logger":"task.stdout"}
{"timestamp":"2025-11-10T01:21:48.758572Z","level":"info","event":"2022-10-01 03시: 1~1000 완료 (13717개 누적)","logger":"task.stdout"}
{"timestamp":"2025-11-10T01:21:49.819045Z","level":"info","event":"2022-10-01 03시: 1001~1705 완료 (14422개 누적)","logger":"task.stdout"}
{"timestamp":"2025-11-10T01:21:51.973442Z","level":"info","event":"2022-10-01 04시: 1~1000 완료 (15422개 누적)","logger":"task.stdout"}
{"timestamp":"2025-11-10T01:21:53.326069Z","level":"info","event":"2022-10-01 04시: 1001~1327 완료 (15749개 누적)","logger":"task.stdout"}
{"timestamp":"2025-11-10T01:21:55.515654Z","level":"info","event":"2022-10-01 05시: 1~1000 완료 (16749개 누적)","logger":"task.stdout"}
{"timestamp":"2025-11-10T01:21:56.764594Z","level":"info","event":"2022-10-01 05시: 1001~1383 완료 (17132개 누적)","logger":"task.stdout"}
{"timestamp":"2025-11-10T01:21:58.986109Z","level":"info","event":"2022-10-01 06시: 1~1000 완료 (18132개 누적)","logger":"task.stdout"}
{"timestamp":"2025-11-10T01:22:00.115574Z","level":"info","event":"2022-10-01 06시: 1001~1905 완료 (19037개 누적)","logger":"task.stdout"}
{"timestamp":"2025-11-10T01:22:02.880110Z","level":"info","event":"2022-10-01 07시: 1~1000 완료 (20037개 누적)","logger":"task.stdout"}
{"timestamp":"2025-11-10T01:22:04.195310Z","level":"info","event":"2022-10-01 07시: 1001~2000 완료 (21037개 누적)","logger":"task.stdout"}
{"timestamp":"2025-11-10T01:22:05.426563Z","level":"info","event":"2022-10-01 07시: 2001~2988 완료 (22025개 누적)","logger":"task.stdout"}
{"timestamp":"2025-11-10T01:22:07.958813Z","level":"info","event":"2022-10-01 08시: 1~1000 완료 (23025개 누적)","logger":"task.stdout"}
{"timestamp":"2025-11-10T01:22:09.303426Z","level":"info","event":"2022-10-01 08시: 1001~2000 완료 (24025개 누적)","logger":"task.stdout"}
{"timestamp":"2025-11-10T01:22:10.643157Z","level":"info","event":"2022-10-01 08시: 2001~3000 완료 (25025개 누적)","logger":"task.stdout"}
{"timestamp":"2025-11-10T01:22:12.015922Z","level":"info","event":"2022-10-01 08시: 3001~4000 완료 (26025개 누적)","logger":"task.stdout"}
{"timestamp":"2025-11-10T01:22:13.362487Z","level":"info","event":"2022-10-01 08시: 4001~5000 완료 (27025개 누적)","logger":"task.stdout"}
{"timestamp":"2025-11-10T01:22:14.790938Z","level":"info","event":"2022-10-01 08시: 5001~5575 완료 (27600개 누적)","logger":"task.stdout"}
{"timestamp":"2025-11-10T01:22:17.371994Z","level":"info","event":"2022-10-01 09시: 1~1000 완료 (28600개 누적)","logger":"task.stdout"}
{"timestamp":"2025-11-10T01:22:19.169096Z","level":"info","event":"2022-10-01 09시: 1001~2000 완료 (29600개 누적)","logger":"task.stdout"}
{"timestamp":"2025-11-10T01:22:20.485333Z","level":"info","event":"2022-10-01 09시: 2001~3000 완료 (30600개 누적)","logger":"task.stdout"}
{"timestamp":"2025-11-10T01:22:22.311487Z","level":"info","event":"2022-10-01 09시: 3001~4000 완료 (31600개 누적)","logger":"task.stdout"}
{"timestamp":"2025-11-10T01:22:23.604326Z","level":"info","event":"2022-10-01 09시: 4001~5000 완료 (32600개 누적)","logger":"task.stdout"}
{"timestamp":"2025-11-10T01:22:25.100435Z","level":"info","event":"2022-10-01 09시: 5001~6000 완료 (33600개 누적)","logger":"task.stdout"}
{"timestamp":"2025-11-10T01:22:26.507044Z","level":"info","event":"2022-10-01 09시: 6001~6666 완료 (34266개 누적)","logger":"task.stdout"}
{"timestamp":"2025-11-10T01:22:29.150981Z","level":"info","event":"2022-10-01 10시: 1~1000 완료 (35266개 누적)","logger":"task.stdout"}
{"timestamp":"2025-11-10T01:22:30.926693Z","level":"info","event":"2022-10-01 10시: 1001~2000 완료 (36266개 누적)","logger":"task.stdout"}
{"timestamp":"2025-11-10T01:22:32.289732Z","level":"info","event":"2022-10-01 10시: 2001~3000 완료 (37266개 누적)","logger":"task.stdout"}
{"timestamp":"2025-11-10T01:22:34.115329Z","level":"info","event":"2022-10-01 10시: 3001~4000 완료 (38266개 누적)","logger":"task.stdout"}
{"timestamp":"2025-11-10T01:22:35.627168Z","level":"info","event":"2022-10-01 10시: 4001~5000 완료 (39266개 누적)","logger":"task.stdout"}
{"timestamp":"2025-11-10T01:22:37.225039Z","level":"info","event":"2022-10-01 10시: 5001~6000 완료 (40266개 누적)","logger":"task.stdout"}
{"timestamp":"2025-11-10T01:22:38.920910Z","level":"info","event":"2022-10-01 10시: 6001~7000 완료 (41266개 누적)","logger":"task.stdout"}
{"timestamp":"2025-11-10T01:22:40.105824Z","level":"info","event":"2022-10-01 10시: 7001~7184 완료 (41450개 누적)","logger":"task.stdout"}
{"timestamp":"2025-11-10T01:22:42.960644Z","level":"info","event":"2022-10-01 11시: 1~1000 완료 (42450개 누적)","logger":"task.stdout"}
{"timestamp":"2025-11-10T01:22:44.537373Z","level":"info","event":"2022-10-01 11시: 1001~2000 완료 (43450개 누적)","logger":"task.stdout"}
{"timestamp":"2025-11-10T01:22:46.128248Z","level":"info","event":"2022-10-01 11시: 2001~3000 완료 (44450개 누적)","logger":"task.stdout"}
{"timestamp":"2025-11-10T01:22:47.626870Z","level":"info","event":"2022-10-01 11시: 3001~4000 완료 (45450개 누적)","logger":"task.stdout"}
{"timestamp":"2025-11-10T01:22:49.132027Z","level":"info","event":"2022-10-01 11시: 4001~5000 완료 (46450개 누적)","logger":"task.stdout"}
{"timestamp":"2025-11-10T01:22:50.575184Z","level":"info","event":"2022-10-01 11시: 5001~6000 완료 (47450개 누적)","logger":"task.stdout"}
{"timestamp":"2025-11-10T01:22:52.115136Z","level":"info","event":"2022-10-01 11시: 6001~7000 완료 (48450개 누적)","logger":"task.stdout"}
{"timestamp":"2025-11-10T01:22:53.370388Z","level":"info","event":"2022-10-01 11시: 7001~8000 완료 (49450개 누적)","logger":"task.stdout"}
{"timestamp":"2025-11-10T01:22:54.681068Z","level":"info","event":"2022-10-01 11시: 8001~8079 완료 (49529개 누적)","logger":"task.stdout"}
{"timestamp":"2025-11-10T01:22:57.576379Z","level":"info","event":"2022-10-01 12시: 1~1000 완료 (50529개 누적)","logger":"task.stdout"}
{"timestamp":"2025-11-10T01:22:59.032624Z","level":"info","event":"2022-10-01 12시: 1001~2000 완료 (51529개 누적)","logger":"task.stdout"}
{"timestamp":"2025-11-10T01:23:00.574577Z","level":"info","event":"2022-10-01 12시: 2001~3000 완료 (52529개 누적)","logger":"task.stdout"}
{"timestamp":"2025-11-10T01:23:02.087652Z","level":"info","event":"2022-10-01 12시: 3001~4000 완료 (53529개 누적)","logger":"task.stdout"}
{"timestamp":"2025-11-10T01:23:03.717380Z","level":"info","event":"2022-10-01 12시: 4001~5000 완료 (54529개 누적)","logger":"task.stdout"}
{"timestamp":"2025-11-10T01:23:05.207834Z","level":"info","event":"2022-10-01 12시: 5001~6000 완료 (55529개 누적)","logger":"task.stdout"}
{"timestamp":"2025-11-10T01:23:06.514361Z","level":"info","event":"2022-10-01 12시: 6001~7000 완료 (56529개 누적)","logger":"task.stdout"}
{"timestamp":"2025-11-10T01:23:08.454239Z","level":"info","event":"2022-10-01 12시: 7001~8000 완료 (57529개 누적)","logger":"task.stdout"}
{"timestamp":"2025-11-10T01:23:09.752367Z","level":"info","event":"2022-10-01 12시: 8001~9000 완료 (58529개 누적)","logger":"task.stdout"}
{"timestamp":"2025-11-10T01:23:11.310590Z","level":"info","event":"2022-10-01 12시: 9001~9002 완료 (58531개 누적)","logger":"task.stdout"}
