{"timestamp":"2025-11-10T09:03:20.603028Z","level":"info","event":"DAG bundles loaded: dags-folder","logger":"airflow.dag_processing.bundles.manager.DagBundlesManager","filename":"manager.py","lineno":179}
{"timestamp":"2025-11-10T09:03:20.603843Z","level":"info","event":"Filling up the DagBag from /opt/airflow/dags/seoul_bike_rent_load.py","logger":"airflow.models.dagbag.DagBag","filename":"dagbag.py","lineno":593}
{"timestamp":"2025-11-10T09:03:20.630917Z","level":"warning","event":"The `airflow.operators.python.PythonOperator` attribute is deprecated. Please use `'airflow.providers.standard.operators.python.PythonOperator'`.","category":"DeprecatedImportWarning","filename":"/opt/airflow/dags/seoul_bike_rent_load.py","lineno":4,"logger":"py.warnings"}
{"timestamp":"2025-11-10T09:03:20.654140Z","level":"info","event":"","logger":"task.stdout"}
{"timestamp":"2025-11-10T09:03:20.654380Z","level":"info","event":"============================================================","logger":"task.stdout"}
{"timestamp":"2025-11-10T09:03:20.654508Z","level":"info","event":"2016년 6월 처리 시작","logger":"task.stdout"}
{"timestamp":"2025-11-10T09:03:20.654683Z","level":"info","event":"============================================================","logger":"task.stdout"}
{"timestamp":"2025-11-10T09:03:20.661225Z","level":"info","event":"Found credentials in environment variables.","logger":"botocore.credentials","filename":"credentials.py","lineno":1224}
{"timestamp":"2025-11-10T09:03:21.262575Z","level":"info","event":"유효 정거장 3202개 로드 완료","logger":"task.stdout"}
{"timestamp":"2025-11-10T09:03:21.264087Z","level":"info","event":"[2016-06] 1~7일 처리 중","logger":"task.stdout"}
{"timestamp":"2025-11-10T09:03:21.264214Z","level":"info","event":"[2016-06-01] 데이터 수집 시작","logger":"task.stdout"}
{"timestamp":"2025-11-10T09:03:31.559874Z","level":"info","event":"[2016-06-01] 총 4016건 수집","logger":"task.stdout"}
{"timestamp":"2025-11-10T09:03:31.602054Z","level":"info","event":"  전처리 후: 3,957건","logger":"task.stdout"}
{"timestamp":"2025-11-10T09:03:31.602642Z","level":"info","event":"[2016-06-02] 데이터 수집 시작","logger":"task.stdout"}
{"timestamp":"2025-11-10T09:03:41.628907Z","level":"info","event":"[2016-06-02] 총 3969건 수집","logger":"task.stdout"}
{"timestamp":"2025-11-10T09:03:41.668309Z","level":"info","event":"  전처리 후: 3,916건","logger":"task.stdout"}
{"timestamp":"2025-11-10T09:03:41.668604Z","level":"info","event":"[2016-06-03] 데이터 수집 시작","logger":"task.stdout"}
{"timestamp":"2025-11-10T09:03:51.805748Z","level":"info","event":"[2016-06-03] 총 4227건 수집","logger":"task.stdout"}
{"timestamp":"2025-11-10T09:03:51.836619Z","level":"info","event":"  전처리 후: 4,155건","logger":"task.stdout"}
{"timestamp":"2025-11-10T09:03:51.836797Z","level":"info","event":"[2016-06-04] 데이터 수집 시작","logger":"task.stdout"}
{"timestamp":"2025-11-10T09:04:01.519847Z","level":"info","event":"[2016-06-04] 총 4025건 수집","logger":"task.stdout"}
{"timestamp":"2025-11-10T09:04:01.547284Z","level":"info","event":"  전처리 후: 3,954건","logger":"task.stdout"}
{"timestamp":"2025-11-10T09:04:01.547453Z","level":"info","event":"[2016-06-05] 데이터 수집 시작","logger":"task.stdout"}
{"timestamp":"2025-11-10T09:04:11.528986Z","level":"info","event":"[2016-06-05] 총 3821건 수집","logger":"task.stdout"}
{"timestamp":"2025-11-10T09:04:11.554529Z","level":"info","event":"  전처리 후: 3,743건","logger":"task.stdout"}
{"timestamp":"2025-11-10T09:04:11.554735Z","level":"info","event":"[2016-06-06] 데이터 수집 시작","logger":"task.stdout"}
{"timestamp":"2025-11-10T09:04:21.929836Z","level":"info","event":"[2016-06-06] 총 4135건 수집","logger":"task.stdout"}
{"timestamp":"2025-11-10T09:04:21.969544Z","level":"info","event":"  전처리 후: 4,081건","logger":"task.stdout"}
{"timestamp":"2025-11-10T09:04:21.969777Z","level":"info","event":"[2016-06-07] 데이터 수집 시작","logger":"task.stdout"}
{"timestamp":"2025-11-10T09:04:31.078018Z","level":"info","event":"[2016-06-07 21시] 수집 실패: Expecting value: line 1 column 1 (char 0)","logger":"task.stdout"}
{"timestamp":"2025-11-10T09:04:31.938308Z","level":"info","event":"[2016-06-07] 총 3480건 수집","logger":"task.stdout"}
{"timestamp":"2025-11-10T09:04:31.958447Z","level":"info","event":"  전처리 후: 3,419건","logger":"task.stdout"}
{"timestamp":"2025-11-10T09:04:32.050220Z","level":"info","event":"[2016-06] 1~7일 완료: 27,225건","logger":"task.stdout"}
{"timestamp":"2025-11-10T09:04:32.368813Z","level":"info","event":"업로드 완료: s3://yn-project-seoul-bike/rent/2016/temp/month_06_week_1.parquet (27,225건)","logger":"task.stdout"}
{"timestamp":"2025-11-10T09:04:32.369033Z","level":"info","event":"[2016-06] 8~14일 처리 중","logger":"task.stdout"}
{"timestamp":"2025-11-10T09:04:32.369167Z","level":"info","event":"[2016-06-08] 데이터 수집 시작","logger":"task.stdout"}
{"timestamp":"2025-11-10T09:04:43.503232Z","level":"info","event":"[2016-06-08] 총 4174건 수집","logger":"task.stdout"}
{"timestamp":"2025-11-10T09:04:43.537801Z","level":"info","event":"  전처리 후: 4,110건","logger":"task.stdout"}
{"timestamp":"2025-11-10T09:04:43.538027Z","level":"info","event":"[2016-06-09] 데이터 수집 시작","logger":"task.stdout"}
{"timestamp":"2025-11-10T09:04:47.791884Z","level":"info","event":"[2016-06-09 10시] 수집 실패: Expecting value: line 1 column 1 (char 0)","logger":"task.stdout"}
{"timestamp":"2025-11-10T09:04:53.508177Z","level":"info","event":"[2016-06-09] 총 3801건 수집","logger":"task.stdout"}
{"timestamp":"2025-11-10T09:04:53.551962Z","level":"info","event":"  전처리 후: 3,735건","logger":"task.stdout"}
{"timestamp":"2025-11-10T09:04:53.552175Z","level":"info","event":"[2016-06-10] 데이터 수집 시작","logger":"task.stdout"}
{"timestamp":"2025-11-10T09:05:03.854800Z","level":"info","event":"[2016-06-10] 총 3751건 수집","logger":"task.stdout"}
{"timestamp":"2025-11-10T09:05:03.875540Z","level":"info","event":"  전처리 후: 3,694건","logger":"task.stdout"}
{"timestamp":"2025-11-10T09:05:03.875700Z","level":"info","event":"[2016-06-11] 데이터 수집 시작","logger":"task.stdout"}
{"timestamp":"2025-11-10T09:05:14.000065Z","level":"info","event":"[2016-06-11] 총 2877건 수집","logger":"task.stdout"}
{"timestamp":"2025-11-10T09:05:14.035935Z","level":"info","event":"  전처리 후: 2,835건","logger":"task.stdout"}
{"timestamp":"2025-11-10T09:05:14.036321Z","level":"info","event":"[2016-06-12] 데이터 수집 시작","logger":"task.stdout"}
{"timestamp":"2025-11-10T09:05:17.734712Z","level":"info","event":"[2016-06-12 09시] 수집 실패: Expecting value: line 1 column 1 (char 0)","logger":"task.stdout"}
{"timestamp":"2025-11-10T09:05:17.874462Z","level":"info","event":"[2016-06-12 10시] 수집 실패: Expecting value: line 1 column 1 (char 0)","logger":"task.stdout"}
{"timestamp":"2025-11-10T09:05:23.770724Z","level":"info","event":"[2016-06-12] 총 3199건 수집","logger":"task.stdout"}
{"timestamp":"2025-11-10T09:05:23.791528Z","level":"info","event":"  전처리 후: 3,146건","logger":"task.stdout"}
{"timestamp":"2025-11-10T09:05:23.791703Z","level":"info","event":"[2016-06-13] 데이터 수집 시작","logger":"task.stdout"}
{"timestamp":"2025-11-10T09:05:34.306120Z","level":"info","event":"[2016-06-13] 총 4048건 수집","logger":"task.stdout"}
{"timestamp":"2025-11-10T09:05:34.332045Z","level":"info","event":"  전처리 후: 3,946건","logger":"task.stdout"}
{"timestamp":"2025-11-10T09:05:34.332223Z","level":"info","event":"[2016-06-14] 데이터 수집 시작","logger":"task.stdout"}
{"timestamp":"2025-11-10T09:05:44.597713Z","level":"info","event":"[2016-06-14] 총 3729건 수집","logger":"task.stdout"}
{"timestamp":"2025-11-10T09:05:44.631159Z","level":"info","event":"  전처리 후: 3,622건","logger":"task.stdout"}
{"timestamp":"2025-11-10T09:05:44.717684Z","level":"info","event":"[2016-06] 8~14일 완료: 25,088건","logger":"task.stdout"}
{"timestamp":"2025-11-10T09:05:45.112475Z","level":"info","event":"업로드 완료: s3://yn-project-seoul-bike/rent/2016/temp/month_06_week_2.parquet (25,088건)","logger":"task.stdout"}
{"timestamp":"2025-11-10T09:05:45.115322Z","level":"info","event":"[2016-06] 15~21일 처리 중","logger":"task.stdout"}
{"timestamp":"2025-11-10T09:05:45.115439Z","level":"info","event":"[2016-06-15] 데이터 수집 시작","logger":"task.stdout"}
{"timestamp":"2025-11-10T09:05:53.459417Z","level":"info","event":"[2016-06-15] 총 1060건 수집","logger":"task.stdout"}
{"timestamp":"2025-11-10T09:05:53.489443Z","level":"info","event":"  전처리 후: 1,042건","logger":"task.stdout"}
{"timestamp":"2025-11-10T09:05:53.489875Z","level":"info","event":"[2016-06-16] 데이터 수집 시작","logger":"task.stdout"}
{"timestamp":"2025-11-10T09:06:03.710318Z","level":"info","event":"[2016-06-16] 총 3910건 수집","logger":"task.stdout"}
{"timestamp":"2025-11-10T09:06:03.730416Z","level":"info","event":"  전처리 후: 3,827건","logger":"task.stdout"}
{"timestamp":"2025-11-10T09:06:03.730607Z","level":"info","event":"[2016-06-17] 데이터 수집 시작","logger":"task.stdout"}
{"timestamp":"2025-11-10T09:06:14.610631Z","level":"info","event":"[2016-06-17] 총 4015건 수집","logger":"task.stdout"}
{"timestamp":"2025-11-10T09:06:14.639876Z","level":"info","event":"  전처리 후: 3,921건","logger":"task.stdout"}
{"timestamp":"2025-11-10T09:06:14.640119Z","level":"info","event":"[2016-06-18] 데이터 수집 시작","logger":"task.stdout"}
{"timestamp":"2025-11-10T09:06:25.253894Z","level":"info","event":"[2016-06-18] 총 3952건 수집","logger":"task.stdout"}
{"timestamp":"2025-11-10T09:06:25.281362Z","level":"info","event":"  전처리 후: 3,873건","logger":"task.stdout"}
{"timestamp":"2025-11-10T09:06:25.281547Z","level":"info","event":"[2016-06-19] 데이터 수집 시작","logger":"task.stdout"}
{"timestamp":"2025-11-10T09:06:36.401720Z","level":"info","event":"[2016-06-19] 총 3899건 수집","logger":"task.stdout"}
{"timestamp":"2025-11-10T09:06:36.433638Z","level":"info","event":"  전처리 후: 3,834건","logger":"task.stdout"}
{"timestamp":"2025-11-10T09:06:36.433925Z","level":"info","event":"[2016-06-20] 데이터 수집 시작","logger":"task.stdout"}
{"timestamp":"2025-11-10T09:06:46.715637Z","level":"info","event":"[2016-06-20] 총 4259건 수집","logger":"task.stdout"}
{"timestamp":"2025-11-10T09:06:46.755032Z","level":"info","event":"  전처리 후: 4,177건","logger":"task.stdout"}
{"timestamp":"2025-11-10T09:06:46.755327Z","level":"info","event":"[2016-06-21] 데이터 수집 시작","logger":"task.stdout"}
{"timestamp":"2025-11-10T09:06:57.108001Z","level":"info","event":"[2016-06-21] 총 4172건 수집","logger":"task.stdout"}
{"timestamp":"2025-11-10T09:06:57.157220Z","level":"info","event":"  전처리 후: 4,100건","logger":"task.stdout"}
{"timestamp":"2025-11-10T09:06:57.262756Z","level":"info","event":"[2016-06] 15~21일 완료: 24,774건","logger":"task.stdout"}
{"timestamp":"2025-11-10T09:06:57.640266Z","level":"info","event":"업로드 완료: s3://yn-project-seoul-bike/rent/2016/temp/month_06_week_3.parquet (24,774건)","logger":"task.stdout"}
{"timestamp":"2025-11-10T09:06:57.644090Z","level":"info","event":"[2016-06] 22~28일 처리 중","logger":"task.stdout"}
{"timestamp":"2025-11-10T09:06:57.644299Z","level":"info","event":"[2016-06-22] 데이터 수집 시작","logger":"task.stdout"}
{"timestamp":"2025-11-10T09:07:07.621179Z","level":"info","event":"[2016-06-22] 총 2763건 수집","logger":"task.stdout"}
{"timestamp":"2025-11-10T09:07:07.638810Z","level":"info","event":"  전처리 후: 2,724건","logger":"task.stdout"}
{"timestamp":"2025-11-10T09:07:07.639035Z","level":"info","event":"[2016-06-23] 데이터 수집 시작","logger":"task.stdout"}
{"timestamp":"2025-11-10T09:07:18.299209Z","level":"info","event":"[2016-06-23] 총 4145건 수집","logger":"task.stdout"}
{"timestamp":"2025-11-10T09:07:18.342441Z","level":"info","event":"  전처리 후: 4,096건","logger":"task.stdout"}
{"timestamp":"2025-11-10T09:07:18.342608Z","level":"info","event":"[2016-06-24] 데이터 수집 시작","logger":"task.stdout"}
{"timestamp":"2025-11-10T09:07:28.459952Z","level":"info","event":"[2016-06-24] 총 3205건 수집","logger":"task.stdout"}
{"timestamp":"2025-11-10T09:07:28.490267Z","level":"info","event":"  전처리 후: 3,174건","logger":"task.stdout"}
{"timestamp":"2025-11-10T09:07:28.490531Z","level":"info","event":"[2016-06-25] 데이터 수집 시작","logger":"task.stdout"}
{"timestamp":"2025-11-10T09:07:39.300371Z","level":"info","event":"[2016-06-25] 총 4470건 수집","logger":"task.stdout"}
{"timestamp":"2025-11-10T09:07:39.350090Z","level":"info","event":"  전처리 후: 4,411건","logger":"task.stdout"}
{"timestamp":"2025-11-10T09:07:39.350455Z","level":"info","event":"[2016-06-26] 데이터 수집 시작","logger":"task.stdout"}
{"timestamp":"2025-11-10T09:07:49.997083Z","level":"info","event":"[2016-06-26] 총 4314건 수집","logger":"task.stdout"}
{"timestamp":"2025-11-10T09:07:50.036421Z","level":"info","event":"  전처리 후: 4,265건","logger":"task.stdout"}
{"timestamp":"2025-11-10T09:07:50.036565Z","level":"info","event":"[2016-06-27] 데이터 수집 시작","logger":"task.stdout"}
{"timestamp":"2025-11-10T09:08:00.529976Z","level":"info","event":"[2016-06-27 23시] 수집 실패: Expecting value: line 1 column 1 (char 0)","logger":"task.stdout"}
{"timestamp":"2025-11-10T09:08:00.530219Z","level":"info","event":"[2016-06-27] 총 4504건 수집","logger":"task.stdout"}
{"timestamp":"2025-11-10T09:08:00.557949Z","level":"info","event":"  전처리 후: 4,432건","logger":"task.stdout"}
{"timestamp":"2025-11-10T09:08:00.558134Z","level":"info","event":"[2016-06-28] 데이터 수집 시작","logger":"task.stdout"}
{"timestamp":"2025-11-10T09:08:01.575639Z","level":"info","event":"[2016-06-28 02시] 수집 실패: Expecting value: line 1 column 1 (char 0)","logger":"task.stdout"}
{"timestamp":"2025-11-10T09:08:02.033766Z","level":"info","event":"[2016-06-28 04시] 수집 실패: Expecting value: line 1 column 1 (char 0)","logger":"task.stdout"}
{"timestamp":"2025-11-10T09:08:10.579917Z","level":"info","event":"[2016-06-28] 총 4570건 수집","logger":"task.stdout"}
{"timestamp":"2025-11-10T09:08:10.617799Z","level":"info","event":"  전처리 후: 4,487건","logger":"task.stdout"}
{"timestamp":"2025-11-10T09:08:10.708704Z","level":"info","event":"[2016-06] 22~28일 완료: 27,589건","logger":"task.stdout"}
{"timestamp":"2025-11-10T09:08:11.040773Z","level":"info","event":"업로드 완료: s3://yn-project-seoul-bike/rent/2016/temp/month_06_week_4.parquet (27,589건)","logger":"task.stdout"}
{"timestamp":"2025-11-10T09:08:11.043035Z","level":"info","event":"[2016-06] 29~30일 처리 중","logger":"task.stdout"}
{"timestamp":"2025-11-10T09:08:11.043648Z","level":"info","event":"[2016-06-29] 데이터 수집 시작","logger":"task.stdout"}
{"timestamp":"2025-11-10T09:08:21.380050Z","level":"info","event":"[2016-06-29] 총 4670건 수집","logger":"task.stdout"}
{"timestamp":"2025-11-10T09:08:21.423443Z","level":"info","event":"  전처리 후: 4,581건","logger":"task.stdout"}
{"timestamp":"2025-11-10T09:08:21.423888Z","level":"info","event":"[2016-06-30] 데이터 수집 시작","logger":"task.stdout"}
{"timestamp":"2025-11-10T09:08:33.623309Z","level":"info","event":"[2016-06-30] 총 3376건 수집","logger":"task.stdout"}
{"timestamp":"2025-11-10T09:08:33.661880Z","level":"info","event":"  전처리 후: 3,308건","logger":"task.stdout"}
{"timestamp":"2025-11-10T09:08:33.692548Z","level":"info","event":"[2016-06] 29~30일 완료: 7,889건","logger":"task.stdout"}
{"timestamp":"2025-11-10T09:08:36.142714Z","level":"info","event":"업로드 완료: s3://yn-project-seoul-bike/rent/2016/temp/month_06_week_5.parquet (7,889건)","logger":"task.stdout"}
{"timestamp":"2025-11-10T09:08:36.144997Z","level":"info","event":"[2016-06] 주간 파일 병합 시작 (총 5주)","logger":"task.stdout"}
{"timestamp":"2025-11-10T09:08:36.292289Z","level":"info","event":"  Week 1 로드 실패: An error occurred (NoSuchKey) when calling the GetObject operation: The specified key does not exist.","logger":"task.stdout"}
{"timestamp":"2025-11-10T09:08:36.310144Z","level":"info","event":"  Week 2 로드 실패: An error occurred (NoSuchKey) when calling the GetObject operation: The specified key does not exist.","logger":"task.stdout"}
{"timestamp":"2025-11-10T09:08:36.333377Z","level":"info","event":"  Week 3 로드 실패: An error occurred (NoSuchKey) when calling the GetObject operation: The specified key does not exist.","logger":"task.stdout"}
{"timestamp":"2025-11-10T09:08:36.356852Z","level":"info","event":"  Week 4 로드 실패: An error occurred (NoSuchKey) when calling the GetObject operation: The specified key does not exist.","logger":"task.stdout"}
{"timestamp":"2025-11-10T09:08:36.380395Z","level":"info","event":"  Week 5 로드 실패: An error occurred (NoSuchKey) when calling the GetObject operation: The specified key does not exist.","logger":"task.stdout"}
{"timestamp":"2025-11-10T09:08:36.380859Z","level":"info","event":"[2016-06] 병합할 데이터 없음","logger":"task.stdout"}
{"timestamp":"2025-11-10T09:08:36.381587Z","level":"info","event":"","logger":"task.stdout"}
{"timestamp":"2025-11-10T09:08:36.381761Z","level":"info","event":"2016년 6월 처리 완료","logger":"task.stdout"}
{"timestamp":"2025-11-10T09:08:36.381859Z","level":"info","event":"","logger":"task.stdout"}
{"timestamp":"2025-11-10T09:08:36.382947Z","level":"info","event":"Done. Returned value was: None","logger":"airflow.task.operators.airflow.providers.standard.operators.python.PythonOperator","filename":"python.py","lineno":215}
