{"timestamp":"2025-11-10T08:39:19.207285Z","level":"info","event":"DAG bundles loaded: dags-folder","logger":"airflow.dag_processing.bundles.manager.DagBundlesManager","filename":"manager.py","lineno":179}
{"timestamp":"2025-11-10T08:39:19.208644Z","level":"info","event":"Filling up the DagBag from /opt/airflow/dags/seoul_bike_rent_load.py","logger":"airflow.models.dagbag.DagBag","filename":"dagbag.py","lineno":593}
{"timestamp":"2025-11-10T08:39:19.225514Z","level":"warning","event":"The `airflow.operators.python.PythonOperator` attribute is deprecated. Please use `'airflow.providers.standard.operators.python.PythonOperator'`.","category":"DeprecatedImportWarning","filename":"/opt/airflow/dags/seoul_bike_rent_load.py","lineno":4,"logger":"py.warnings"}
{"timestamp":"2025-11-10T08:39:19.261667Z","level":"info","event":"","logger":"task.stdout"}
{"timestamp":"2025-11-10T08:39:19.262009Z","level":"info","event":"============================================================","logger":"task.stdout"}
{"timestamp":"2025-11-10T08:39:19.262696Z","level":"info","event":"2016년 1월 처리 시작","logger":"task.stdout"}
{"timestamp":"2025-11-10T08:39:19.263341Z","level":"info","event":"============================================================","logger":"task.stdout"}
{"timestamp":"2025-11-10T08:39:19.268400Z","level":"info","event":"Found credentials in environment variables.","logger":"botocore.credentials","filename":"credentials.py","lineno":1224}
{"timestamp":"2025-11-10T08:39:20.110172Z","level":"info","event":"유효 정거장 3202개 로드 완료","logger":"task.stdout"}
{"timestamp":"2025-11-10T08:39:20.113757Z","level":"info","event":"[2016-01] 1~7일 처리 중","logger":"task.stdout"}
{"timestamp":"2025-11-10T08:39:20.114670Z","level":"info","event":"[2016-01-01] 데이터 수집 시작","logger":"task.stdout"}
{"timestamp":"2025-11-10T08:39:28.652231Z","level":"info","event":"[2016-01-01] 총 591건 수집","logger":"task.stdout"}
{"timestamp":"2025-11-10T08:39:28.677029Z","level":"info","event":"  전처리 후: 577건","logger":"task.stdout"}
{"timestamp":"2025-11-10T08:39:28.677365Z","level":"info","event":"[2016-01-02] 데이터 수집 시작","logger":"task.stdout"}
{"timestamp":"2025-11-10T08:39:37.031147Z","level":"info","event":"[2016-01-02] 총 816건 수집","logger":"task.stdout"}
{"timestamp":"2025-11-10T08:39:37.040324Z","level":"info","event":"  전처리 후: 800건","logger":"task.stdout"}
{"timestamp":"2025-11-10T08:39:37.040505Z","level":"info","event":"[2016-01-03] 데이터 수집 시작","logger":"task.stdout"}
{"timestamp":"2025-11-10T08:39:45.480672Z","level":"info","event":"[2016-01-03] 총 775건 수집","logger":"task.stdout"}
{"timestamp":"2025-11-10T08:39:45.489991Z","level":"info","event":"  전처리 후: 758건","logger":"task.stdout"}
{"timestamp":"2025-11-10T08:39:45.490151Z","level":"info","event":"[2016-01-04] 데이터 수집 시작","logger":"task.stdout"}
{"timestamp":"2025-11-10T08:39:47.119738Z","level":"info","event":"[2016-01-04 04시] 수집 실패: Expecting value: line 1 column 1 (char 0)","logger":"task.stdout"}
{"timestamp":"2025-11-10T08:39:54.038854Z","level":"info","event":"[2016-01-04] 총 954건 수집","logger":"task.stdout"}
{"timestamp":"2025-11-10T08:39:54.055925Z","level":"info","event":"  전처리 후: 897건","logger":"task.stdout"}
{"timestamp":"2025-11-10T08:39:54.056235Z","level":"info","event":"[2016-01-05] 데이터 수집 시작","logger":"task.stdout"}
{"timestamp":"2025-11-10T08:40:02.795663Z","level":"info","event":"[2016-01-05] 총 867건 수집","logger":"task.stdout"}
{"timestamp":"2025-11-10T08:40:02.808136Z","level":"info","event":"  전처리 후: 832건","logger":"task.stdout"}
{"timestamp":"2025-11-10T08:40:02.808289Z","level":"info","event":"[2016-01-06] 데이터 수집 시작","logger":"task.stdout"}
{"timestamp":"2025-11-10T08:40:11.285740Z","level":"info","event":"[2016-01-06] 총 834건 수집","logger":"task.stdout"}
{"timestamp":"2025-11-10T08:40:11.302898Z","level":"info","event":"  전처리 후: 824건","logger":"task.stdout"}
{"timestamp":"2025-11-10T08:40:11.303079Z","level":"info","event":"[2016-01-07] 데이터 수집 시작","logger":"task.stdout"}
{"timestamp":"2025-11-10T08:40:19.338295Z","level":"info","event":"[2016-01-07] 총 895건 수집","logger":"task.stdout"}
{"timestamp":"2025-11-10T08:40:19.350580Z","level":"info","event":"  전처리 후: 835건","logger":"task.stdout"}
{"timestamp":"2025-11-10T08:40:19.390136Z","level":"info","event":"[2016-01] 1~7일 완료: 5,523건","logger":"task.stdout"}
{"timestamp":"2025-11-10T08:40:19.702841Z","level":"info","event":"업로드 완료: s3://yn-project-seoul-bike/rent/2016/temp/month_01_week_1.parquet (5,523건)","logger":"task.stdout"}
{"timestamp":"2025-11-10T08:40:19.704602Z","level":"info","event":"[2016-01] 8~14일 처리 중","logger":"task.stdout"}
{"timestamp":"2025-11-10T08:40:19.704821Z","level":"info","event":"[2016-01-08] 데이터 수집 시작","logger":"task.stdout"}
{"timestamp":"2025-11-10T08:40:28.176101Z","level":"info","event":"[2016-01-08] 총 797건 수집","logger":"task.stdout"}
{"timestamp":"2025-11-10T08:40:28.190878Z","level":"info","event":"  전처리 후: 738건","logger":"task.stdout"}
{"timestamp":"2025-11-10T08:40:28.191236Z","level":"info","event":"[2016-01-09] 데이터 수집 시작","logger":"task.stdout"}
{"timestamp":"2025-11-10T08:40:36.371961Z","level":"info","event":"[2016-01-09] 총 536건 수집","logger":"task.stdout"}
{"timestamp":"2025-11-10T08:40:36.397962Z","level":"info","event":"  전처리 후: 529건","logger":"task.stdout"}
{"timestamp":"2025-11-10T08:40:36.401049Z","level":"info","event":"[2016-01-10] 데이터 수집 시작","logger":"task.stdout"}
{"timestamp":"2025-11-10T08:40:37.716864Z","level":"info","event":"[2016-01-10 03시] 수집 실패: Expecting value: line 1 column 1 (char 0)","logger":"task.stdout"}
{"timestamp":"2025-11-10T08:40:44.703386Z","level":"info","event":"[2016-01-10] 총 610건 수집","logger":"task.stdout"}
{"timestamp":"2025-11-10T08:40:44.730819Z","level":"info","event":"  전처리 후: 598건","logger":"task.stdout"}
{"timestamp":"2025-11-10T08:40:44.731152Z","level":"info","event":"[2016-01-11] 데이터 수집 시작","logger":"task.stdout"}
{"timestamp":"2025-11-10T08:40:49.026011Z","level":"info","event":"[2016-01-11 11시] 수집 실패: Expecting value: line 1 column 1 (char 0)","logger":"task.stdout"}
{"timestamp":"2025-11-10T08:40:53.277823Z","level":"info","event":"[2016-01-11] 총 749건 수집","logger":"task.stdout"}
{"timestamp":"2025-11-10T08:40:53.288668Z","level":"info","event":"  전처리 후: 719건","logger":"task.stdout"}
{"timestamp":"2025-11-10T08:40:53.288978Z","level":"info","event":"[2016-01-12] 데이터 수집 시작","logger":"task.stdout"}
{"timestamp":"2025-11-10T08:41:02.005393Z","level":"info","event":"[2016-01-12] 총 741건 수집","logger":"task.stdout"}
{"timestamp":"2025-11-10T08:41:02.022112Z","level":"info","event":"  전처리 후: 727건","logger":"task.stdout"}
{"timestamp":"2025-11-10T08:41:02.022355Z","level":"info","event":"[2016-01-13] 데이터 수집 시작","logger":"task.stdout"}
{"timestamp":"2025-11-10T08:41:10.679000Z","level":"info","event":"[2016-01-13] 총 634건 수집","logger":"task.stdout"}
{"timestamp":"2025-11-10T08:41:10.693063Z","level":"info","event":"  전처리 후: 621건","logger":"task.stdout"}
{"timestamp":"2025-11-10T08:41:10.693268Z","level":"info","event":"[2016-01-14] 데이터 수집 시작","logger":"task.stdout"}
{"timestamp":"2025-11-10T08:41:19.249190Z","level":"info","event":"[2016-01-14] 총 644건 수집","logger":"task.stdout"}
{"timestamp":"2025-11-10T08:41:19.270538Z","level":"info","event":"  전처리 후: 632건","logger":"task.stdout"}
{"timestamp":"2025-11-10T08:41:19.300788Z","level":"info","event":"[2016-01] 8~14일 완료: 4,564건","logger":"task.stdout"}
{"timestamp":"2025-11-10T08:41:19.578492Z","level":"info","event":"업로드 완료: s3://yn-project-seoul-bike/rent/2016/temp/month_01_week_2.parquet (4,564건)","logger":"task.stdout"}
{"timestamp":"2025-11-10T08:41:19.580949Z","level":"info","event":"[2016-01] 15~21일 처리 중","logger":"task.stdout"}
{"timestamp":"2025-11-10T08:41:19.581184Z","level":"info","event":"[2016-01-15] 데이터 수집 시작","logger":"task.stdout"}
{"timestamp":"2025-11-10T08:41:27.842196Z","level":"info","event":"[2016-01-15] 총 819건 수집","logger":"task.stdout"}
{"timestamp":"2025-11-10T08:41:27.863634Z","level":"info","event":"  전처리 후: 807건","logger":"task.stdout"}
{"timestamp":"2025-11-10T08:41:27.863899Z","level":"info","event":"[2016-01-16] 데이터 수집 시작","logger":"task.stdout"}
{"timestamp":"2025-11-10T08:41:36.203359Z","level":"info","event":"[2016-01-16] 총 569건 수집","logger":"task.stdout"}
{"timestamp":"2025-11-10T08:41:36.211116Z","level":"info","event":"  전처리 후: 557건","logger":"task.stdout"}
{"timestamp":"2025-11-10T08:41:36.211340Z","level":"info","event":"[2016-01-17] 데이터 수집 시작","logger":"task.stdout"}
{"timestamp":"2025-11-10T08:41:44.261733Z","level":"info","event":"[2016-01-17] 총 673건 수집","logger":"task.stdout"}
{"timestamp":"2025-11-10T08:41:44.274303Z","level":"info","event":"  전처리 후: 666건","logger":"task.stdout"}
{"timestamp":"2025-11-10T08:41:44.274505Z","level":"info","event":"[2016-01-18] 데이터 수집 시작","logger":"task.stdout"}
{"timestamp":"2025-11-10T08:41:52.656749Z","level":"info","event":"[2016-01-18] 총 528건 수집","logger":"task.stdout"}
{"timestamp":"2025-11-10T08:41:52.668535Z","level":"info","event":"  전처리 후: 517건","logger":"task.stdout"}
{"timestamp":"2025-11-10T08:41:52.668916Z","level":"info","event":"[2016-01-19] 데이터 수집 시작","logger":"task.stdout"}
{"timestamp":"2025-11-10T08:42:00.966833Z","level":"info","event":"[2016-01-19] 총 348건 수집","logger":"task.stdout"}
{"timestamp":"2025-11-10T08:42:00.974696Z","level":"info","event":"  전처리 후: 341건","logger":"task.stdout"}
{"timestamp":"2025-11-10T08:42:00.974866Z","level":"info","event":"[2016-01-20] 데이터 수집 시작","logger":"task.stdout"}
{"timestamp":"2025-11-10T08:42:09.452248Z","level":"info","event":"[2016-01-20] 총 488건 수집","logger":"task.stdout"}
{"timestamp":"2025-11-10T08:42:09.465054Z","level":"info","event":"  전처리 후: 468건","logger":"task.stdout"}
{"timestamp":"2025-11-10T08:42:09.465211Z","level":"info","event":"[2016-01-21] 데이터 수집 시작","logger":"task.stdout"}
{"timestamp":"2025-11-10T08:42:17.954740Z","level":"info","event":"[2016-01-21] 총 560건 수집","logger":"task.stdout"}
{"timestamp":"2025-11-10T08:42:17.963983Z","level":"info","event":"  전처리 후: 552건","logger":"task.stdout"}
{"timestamp":"2025-11-10T08:42:17.984709Z","level":"info","event":"[2016-01] 15~21일 완료: 3,908건","logger":"task.stdout"}
{"timestamp":"2025-11-10T08:42:18.202812Z","level":"info","event":"업로드 완료: s3://yn-project-seoul-bike/rent/2016/temp/month_01_week_3.parquet (3,908건)","logger":"task.stdout"}
{"timestamp":"2025-11-10T08:42:18.204514Z","level":"info","event":"[2016-01] 22~28일 처리 중","logger":"task.stdout"}
{"timestamp":"2025-11-10T08:42:18.204629Z","level":"info","event":"[2016-01-22] 데이터 수집 시작","logger":"task.stdout"}
{"timestamp":"2025-11-10T08:42:26.475861Z","level":"info","event":"[2016-01-22] 총 581건 수집","logger":"task.stdout"}
{"timestamp":"2025-11-10T08:42:26.484368Z","level":"info","event":"  전처리 후: 568건","logger":"task.stdout"}
{"timestamp":"2025-11-10T08:42:26.484675Z","level":"info","event":"[2016-01-23] 데이터 수집 시작","logger":"task.stdout"}
{"timestamp":"2025-11-10T08:42:34.742832Z","level":"info","event":"[2016-01-23] 총 269건 수집","logger":"task.stdout"}
{"timestamp":"2025-11-10T08:42:34.749020Z","level":"info","event":"  전처리 후: 261건","logger":"task.stdout"}
{"timestamp":"2025-11-10T08:42:34.749595Z","level":"info","event":"[2016-01-24] 데이터 수집 시작","logger":"task.stdout"}
{"timestamp":"2025-11-10T08:42:36.159785Z","level":"info","event":"[2016-01-24 05시] 수집 실패: Expecting value: line 1 column 1 (char 0)","logger":"task.stdout"}
{"timestamp":"2025-11-10T08:42:41.808574Z","level":"info","event":"[2016-01-24] 총 143건 수집","logger":"task.stdout"}
{"timestamp":"2025-11-10T08:42:41.816984Z","level":"info","event":"  전처리 후: 139건","logger":"task.stdout"}
{"timestamp":"2025-11-10T08:42:41.817196Z","level":"info","event":"[2016-01-25] 데이터 수집 시작","logger":"task.stdout"}
{"timestamp":"2025-11-10T08:42:49.693171Z","level":"info","event":"[2016-01-25] 총 486건 수집","logger":"task.stdout"}
{"timestamp":"2025-11-10T08:42:49.703669Z","level":"info","event":"  전처리 후: 466건","logger":"task.stdout"}
{"timestamp":"2025-11-10T08:42:49.704329Z","level":"info","event":"[2016-01-26] 데이터 수집 시작","logger":"task.stdout"}
{"timestamp":"2025-11-10T08:42:58.080839Z","level":"info","event":"[2016-01-26] 총 526건 수집","logger":"task.stdout"}
{"timestamp":"2025-11-10T08:42:58.098177Z","level":"info","event":"  전처리 후: 506건","logger":"task.stdout"}
{"timestamp":"2025-11-10T08:42:58.098611Z","level":"info","event":"[2016-01-27] 데이터 수집 시작","logger":"task.stdout"}
{"timestamp":"2025-11-10T08:43:06.672665Z","level":"info","event":"[2016-01-27] 총 778건 수집","logger":"task.stdout"}
{"timestamp":"2025-11-10T08:43:06.683591Z","level":"info","event":"  전처리 후: 762건","logger":"task.stdout"}
{"timestamp":"2025-11-10T08:43:06.683752Z","level":"info","event":"[2016-01-28] 데이터 수집 시작","logger":"task.stdout"}
{"timestamp":"2025-11-10T08:43:14.838119Z","level":"info","event":"[2016-01-28] 총 903건 수집","logger":"task.stdout"}
{"timestamp":"2025-11-10T08:43:14.857096Z","level":"info","event":"  전처리 후: 824건","logger":"task.stdout"}
{"timestamp":"2025-11-10T08:43:14.877538Z","level":"info","event":"[2016-01] 22~28일 완료: 3,526건","logger":"task.stdout"}
{"timestamp":"2025-11-10T08:43:15.111702Z","level":"info","event":"업로드 완료: s3://yn-project-seoul-bike/rent/2016/temp/month_01_week_4.parquet (3,526건)","logger":"task.stdout"}
{"timestamp":"2025-11-10T08:43:15.113344Z","level":"info","event":"[2016-01] 29~31일 처리 중","logger":"task.stdout"}
{"timestamp":"2025-11-10T08:43:15.113507Z","level":"info","event":"[2016-01-29] 데이터 수집 시작","logger":"task.stdout"}
{"timestamp":"2025-11-10T08:43:23.460652Z","level":"info","event":"[2016-01-29] 총 823건 수집","logger":"task.stdout"}
{"timestamp":"2025-11-10T08:43:23.473418Z","level":"info","event":"  전처리 후: 805건","logger":"task.stdout"}
{"timestamp":"2025-11-10T08:43:23.473637Z","level":"info","event":"[2016-01-30] 데이터 수집 시작","logger":"task.stdout"}
{"timestamp":"2025-11-10T08:43:32.397055Z","level":"info","event":"[2016-01-30] 총 692건 수집","logger":"task.stdout"}
{"timestamp":"2025-11-10T08:43:32.407919Z","level":"info","event":"  전처리 후: 675건","logger":"task.stdout"}
{"timestamp":"2025-11-10T08:43:32.408502Z","level":"info","event":"[2016-01-31] 데이터 수집 시작","logger":"task.stdout"}
{"timestamp":"2025-11-10T08:43:40.764644Z","level":"info","event":"[2016-01-31] 총 373건 수집","logger":"task.stdout"}
{"timestamp":"2025-11-10T08:43:40.771515Z","level":"info","event":"  전처리 후: 365건","logger":"task.stdout"}
{"timestamp":"2025-11-10T08:43:40.779474Z","level":"info","event":"[2016-01] 29~31일 완료: 1,845건","logger":"task.stdout"}
{"timestamp":"2025-11-10T08:43:41.120708Z","level":"info","event":"업로드 완료: s3://yn-project-seoul-bike/rent/2016/temp/month_01_week_5.parquet (1,845건)","logger":"task.stdout"}
{"timestamp":"2025-11-10T08:43:41.122392Z","level":"info","event":"[2016-01] 주간 파일 병합 시작 (총 5주)","logger":"task.stdout"}
{"timestamp":"2025-11-10T08:43:41.493472Z","level":"info","event":"  Week 1: 5,523건 로드","logger":"task.stdout"}
{"timestamp":"2025-11-10T08:43:41.597825Z","level":"info","event":"  Week 2: 4,522건 로드","logger":"task.stdout"}
{"timestamp":"2025-11-10T08:43:41.744571Z","level":"info","event":"  Week 3: 3,908건 로드","logger":"task.stdout"}
{"timestamp":"2025-11-10T08:43:41.829896Z","level":"info","event":"  Week 4: 3,526건 로드","logger":"task.stdout"}
{"timestamp":"2025-11-10T08:43:41.864331Z","level":"info","event":"  Week 5: 1,845건 로드","logger":"task.stdout"}
{"timestamp":"2025-11-10T08:43:42.329944Z","level":"info","event":"업로드 완료: s3://yn-project-seoul-bike/rent/2016/month_01.parquet (19,324건)","logger":"task.stdout"}
{"timestamp":"2025-11-10T08:43:42.330631Z","level":"info","event":"[2016-01] 최종 병합 완료: 19,324건","logger":"task.stdout"}
{"timestamp":"2025-11-10T08:43:42.486071Z","level":"info","event":"","logger":"task.stdout"}
{"timestamp":"2025-11-10T08:43:42.486620Z","level":"info","event":"2016년 1월 처리 완료","logger":"task.stdout"}
{"timestamp":"2025-11-10T08:43:42.486882Z","level":"info","event":"","logger":"task.stdout"}
{"timestamp":"2025-11-10T08:43:42.486320Z","level":"info","event":"Done. Returned value was: None","logger":"airflow.task.operators.airflow.providers.standard.operators.python.PythonOperator","filename":"python.py","lineno":215}
