{"timestamp":"2025-11-10T09:36:22.254998Z","level":"info","event":"DAG bundles loaded: dags-folder","logger":"airflow.dag_processing.bundles.manager.DagBundlesManager","filename":"manager.py","lineno":179}
{"timestamp":"2025-11-10T09:36:22.255860Z","level":"info","event":"Filling up the DagBag from /opt/airflow/dags/seoul_bike_rent_load.py","logger":"airflow.models.dagbag.DagBag","filename":"dagbag.py","lineno":593}
{"timestamp":"2025-11-10T09:36:22.283469Z","level":"warning","event":"The `airflow.operators.python.PythonOperator` attribute is deprecated. Please use `'airflow.providers.standard.operators.python.PythonOperator'`.","category":"DeprecatedImportWarning","filename":"/opt/airflow/dags/seoul_bike_rent_load.py","lineno":4,"logger":"py.warnings"}
{"timestamp":"2025-11-10T09:36:22.326366Z","level":"info","event":"","logger":"task.stdout"}
{"timestamp":"2025-11-10T09:36:22.326557Z","level":"info","event":"============================================================","logger":"task.stdout"}
{"timestamp":"2025-11-10T09:36:22.326701Z","level":"info","event":"2016년 11월 처리 시작","logger":"task.stdout"}
{"timestamp":"2025-11-10T09:36:22.326857Z","level":"info","event":"============================================================","logger":"task.stdout"}
{"timestamp":"2025-11-10T09:36:22.334987Z","level":"info","event":"Found credentials in environment variables.","logger":"botocore.credentials","filename":"credentials.py","lineno":1224}
{"timestamp":"2025-11-10T09:36:22.986429Z","level":"info","event":"유효 정거장 3202개 로드 완료","logger":"task.stdout"}
{"timestamp":"2025-11-10T09:36:22.988179Z","level":"info","event":"[2016-11] 1~7일 처리 중","logger":"task.stdout"}
{"timestamp":"2025-11-10T09:36:22.988692Z","level":"info","event":"[2016-11-01] 데이터 수집 시작","logger":"task.stdout"}
{"timestamp":"2025-11-10T09:36:34.023387Z","level":"info","event":"[2016-11-01] 총 6161건 수집","logger":"task.stdout"}
{"timestamp":"2025-11-10T09:36:34.088120Z","level":"info","event":"  전처리 후: 6,062건","logger":"task.stdout"}
{"timestamp":"2025-11-10T09:36:34.088330Z","level":"info","event":"[2016-11-02] 데이터 수집 시작","logger":"task.stdout"}
{"timestamp":"2025-11-10T09:36:45.473358Z","level":"info","event":"[2016-11-02] 총 5993건 수집","logger":"task.stdout"}
{"timestamp":"2025-11-10T09:36:45.516068Z","level":"info","event":"  전처리 후: 5,908건","logger":"task.stdout"}
{"timestamp":"2025-11-10T09:36:45.516216Z","level":"info","event":"[2016-11-03] 데이터 수집 시작","logger":"task.stdout"}
{"timestamp":"2025-11-10T09:37:00.128920Z","level":"info","event":"[2016-11-03] 총 8090건 수집","logger":"task.stdout"}
{"timestamp":"2025-11-10T09:37:00.167431Z","level":"info","event":"  전처리 후: 7,945건","logger":"task.stdout"}
{"timestamp":"2025-11-10T09:37:00.167656Z","level":"info","event":"[2016-11-04] 데이터 수집 시작","logger":"task.stdout"}
{"timestamp":"2025-11-10T09:37:14.716307Z","level":"info","event":"[2016-11-04] 총 8698건 수집","logger":"task.stdout"}
{"timestamp":"2025-11-10T09:37:14.786708Z","level":"info","event":"  전처리 후: 8,574건","logger":"task.stdout"}
{"timestamp":"2025-11-10T09:37:14.786927Z","level":"info","event":"[2016-11-05] 데이터 수집 시작","logger":"task.stdout"}
{"timestamp":"2025-11-10T09:37:28.580957Z","level":"info","event":"[2016-11-05] 총 8549건 수집","logger":"task.stdout"}
{"timestamp":"2025-11-10T09:37:28.648210Z","level":"info","event":"  전처리 후: 8,406건","logger":"task.stdout"}
{"timestamp":"2025-11-10T09:37:28.648427Z","level":"info","event":"[2016-11-06] 데이터 수집 시작","logger":"task.stdout"}
{"timestamp":"2025-11-10T09:37:41.245447Z","level":"info","event":"[2016-11-06] 총 8102건 수집","logger":"task.stdout"}
{"timestamp":"2025-11-10T09:37:41.462123Z","level":"info","event":"  전처리 후: 8,004건","logger":"task.stdout"}
{"timestamp":"2025-11-10T09:37:41.462513Z","level":"info","event":"[2016-11-07] 데이터 수집 시작","logger":"task.stdout"}
{"timestamp":"2025-11-10T09:37:52.377369Z","level":"info","event":"[2016-11-07] 총 5450건 수집","logger":"task.stdout"}
{"timestamp":"2025-11-10T09:37:52.423087Z","level":"info","event":"  전처리 후: 5,382건","logger":"task.stdout"}
{"timestamp":"2025-11-10T09:37:52.602657Z","level":"info","event":"[2016-11] 1~7일 완료: 50,281건","logger":"task.stdout"}
{"timestamp":"2025-11-10T09:37:53.076956Z","level":"info","event":"업로드 완료: s3://yn-project-seoul-bike/rent/2016/temp/month_11_week_1.parquet (50,281건)","logger":"task.stdout"}
{"timestamp":"2025-11-10T09:37:53.081435Z","level":"info","event":"[2016-11] 8~14일 처리 중","logger":"task.stdout"}
{"timestamp":"2025-11-10T09:37:53.081632Z","level":"info","event":"[2016-11-08] 데이터 수집 시작","logger":"task.stdout"}
{"timestamp":"2025-11-10T09:38:04.559027Z","level":"info","event":"[2016-11-08] 총 5862건 수집","logger":"task.stdout"}
{"timestamp":"2025-11-10T09:38:04.600624Z","level":"info","event":"  전처리 후: 5,762건","logger":"task.stdout"}
{"timestamp":"2025-11-10T09:38:04.600857Z","level":"info","event":"[2016-11-09] 데이터 수집 시작","logger":"task.stdout"}
{"timestamp":"2025-11-10T09:38:17.099702Z","level":"info","event":"[2016-11-09] 총 5987건 수집","logger":"task.stdout"}
{"timestamp":"2025-11-10T09:38:17.139118Z","level":"info","event":"  전처리 후: 5,882건","logger":"task.stdout"}
{"timestamp":"2025-11-10T09:38:17.139261Z","level":"info","event":"[2016-11-10] 데이터 수집 시작","logger":"task.stdout"}
{"timestamp":"2025-11-10T09:38:28.049858Z","level":"info","event":"[2016-11-10] 총 5902건 수집","logger":"task.stdout"}
{"timestamp":"2025-11-10T09:38:28.089915Z","level":"info","event":"  전처리 후: 5,812건","logger":"task.stdout"}
{"timestamp":"2025-11-10T09:38:28.090072Z","level":"info","event":"[2016-11-11] 데이터 수집 시작","logger":"task.stdout"}
{"timestamp":"2025-11-10T09:38:41.514398Z","level":"info","event":"[2016-11-11] 총 7162건 수집","logger":"task.stdout"}
{"timestamp":"2025-11-10T09:38:41.562288Z","level":"info","event":"  전처리 후: 7,066건","logger":"task.stdout"}
{"timestamp":"2025-11-10T09:38:41.562435Z","level":"info","event":"[2016-11-12] 데이터 수집 시작","logger":"task.stdout"}
{"timestamp":"2025-11-10T09:38:55.547165Z","level":"info","event":"[2016-11-12] 총 8111건 수집","logger":"task.stdout"}
{"timestamp":"2025-11-10T09:38:55.594953Z","level":"info","event":"  전처리 후: 8,037건","logger":"task.stdout"}
{"timestamp":"2025-11-10T09:38:55.595192Z","level":"info","event":"[2016-11-13] 데이터 수집 시작","logger":"task.stdout"}
{"timestamp":"2025-11-10T09:39:06.476624Z","level":"info","event":"[2016-11-13 22시] 수집 실패: Expecting value: line 1 column 1 (char 0)","logger":"task.stdout"}
{"timestamp":"2025-11-10T09:39:06.932625Z","level":"info","event":"[2016-11-13] 총 7377건 수집","logger":"task.stdout"}
{"timestamp":"2025-11-10T09:39:06.972330Z","level":"info","event":"  전처리 후: 7,283건","logger":"task.stdout"}
{"timestamp":"2025-11-10T09:39:06.972526Z","level":"info","event":"[2016-11-14] 데이터 수집 시작","logger":"task.stdout"}
{"timestamp":"2025-11-10T09:39:18.043246Z","level":"info","event":"[2016-11-14] 총 5323건 수집","logger":"task.stdout"}
{"timestamp":"2025-11-10T09:39:18.073836Z","level":"info","event":"  전처리 후: 5,262건","logger":"task.stdout"}
{"timestamp":"2025-11-10T09:39:18.218432Z","level":"info","event":"[2016-11] 8~14일 완료: 45,104건","logger":"task.stdout"}
{"timestamp":"2025-11-10T09:39:18.736350Z","level":"info","event":"업로드 완료: s3://yn-project-seoul-bike/rent/2016/temp/month_11_week_2.parquet (45,104건)","logger":"task.stdout"}
{"timestamp":"2025-11-10T09:39:18.740711Z","level":"info","event":"[2016-11] 15~21일 처리 중","logger":"task.stdout"}
{"timestamp":"2025-11-10T09:39:18.740881Z","level":"info","event":"[2016-11-15] 데이터 수집 시작","logger":"task.stdout"}
{"timestamp":"2025-11-10T09:39:30.431344Z","level":"info","event":"[2016-11-15] 총 6754건 수집","logger":"task.stdout"}
{"timestamp":"2025-11-10T09:39:30.470232Z","level":"info","event":"  전처리 후: 6,654건","logger":"task.stdout"}
{"timestamp":"2025-11-10T09:39:30.470415Z","level":"info","event":"[2016-11-16] 데이터 수집 시작","logger":"task.stdout"}
{"timestamp":"2025-11-10T09:39:43.548299Z","level":"info","event":"[2016-11-16] 총 7144건 수집","logger":"task.stdout"}
{"timestamp":"2025-11-10T09:39:43.585674Z","level":"info","event":"  전처리 후: 7,012건","logger":"task.stdout"}
{"timestamp":"2025-11-10T09:39:43.586124Z","level":"info","event":"[2016-11-17] 데이터 수집 시작","logger":"task.stdout"}
{"timestamp":"2025-11-10T09:39:47.832230Z","level":"info","event":"[2016-11-17 07시] 수집 실패: Expecting value: line 1 column 1 (char 0)","logger":"task.stdout"}
{"timestamp":"2025-11-10T09:39:58.506980Z","level":"info","event":"[2016-11-17] 총 7442건 수집","logger":"task.stdout"}
{"timestamp":"2025-11-10T09:39:58.605332Z","level":"info","event":"  전처리 후: 7,344건","logger":"task.stdout"}
{"timestamp":"2025-11-10T09:39:58.605519Z","level":"info","event":"[2016-11-18] 데이터 수집 시작","logger":"task.stdout"}
{"timestamp":"2025-11-10T09:40:10.251393Z","level":"info","event":"[2016-11-18] 총 6561건 수집","logger":"task.stdout"}
{"timestamp":"2025-11-10T09:40:10.287162Z","level":"info","event":"  전처리 후: 6,473건","logger":"task.stdout"}
{"timestamp":"2025-11-10T09:40:10.287413Z","level":"info","event":"[2016-11-19] 데이터 수집 시작","logger":"task.stdout"}
{"timestamp":"2025-11-10T09:40:21.753445Z","level":"info","event":"[2016-11-19] 총 7081건 수집","logger":"task.stdout"}
{"timestamp":"2025-11-10T09:40:21.801272Z","level":"info","event":"  전처리 후: 6,996건","logger":"task.stdout"}
{"timestamp":"2025-11-10T09:40:21.801436Z","level":"info","event":"[2016-11-20] 데이터 수집 시작","logger":"task.stdout"}
{"timestamp":"2025-11-10T09:40:33.532835Z","level":"info","event":"[2016-11-20] 총 6984건 수집","logger":"task.stdout"}
{"timestamp":"2025-11-10T09:40:33.581831Z","level":"info","event":"  전처리 후: 6,896건","logger":"task.stdout"}
{"timestamp":"2025-11-10T09:40:33.582234Z","level":"info","event":"[2016-11-21] 데이터 수집 시작","logger":"task.stdout"}
{"timestamp":"2025-11-10T09:40:45.575093Z","level":"info","event":"[2016-11-21] 총 7497건 수집","logger":"task.stdout"}
{"timestamp":"2025-11-10T09:40:45.618731Z","level":"info","event":"  전처리 후: 7,415건","logger":"task.stdout"}
{"timestamp":"2025-11-10T09:40:45.784144Z","level":"info","event":"[2016-11] 15~21일 완료: 48,790건","logger":"task.stdout"}
{"timestamp":"2025-11-10T09:40:46.340132Z","level":"info","event":"업로드 완료: s3://yn-project-seoul-bike/rent/2016/temp/month_11_week_3.parquet (48,790건)","logger":"task.stdout"}
{"timestamp":"2025-11-10T09:40:46.345645Z","level":"info","event":"[2016-11] 22~28일 처리 중","logger":"task.stdout"}
{"timestamp":"2025-11-10T09:40:46.345867Z","level":"info","event":"[2016-11-22] 데이터 수집 시작","logger":"task.stdout"}
{"timestamp":"2025-11-10T09:40:56.843372Z","level":"info","event":"[2016-11-22] 총 5242건 수집","logger":"task.stdout"}
{"timestamp":"2025-11-10T09:40:56.889772Z","level":"info","event":"  전처리 후: 5,156건","logger":"task.stdout"}
{"timestamp":"2025-11-10T09:40:56.890071Z","level":"info","event":"[2016-11-23] 데이터 수집 시작","logger":"task.stdout"}
{"timestamp":"2025-11-10T09:41:07.418838Z","level":"info","event":"[2016-11-23] 총 4558건 수집","logger":"task.stdout"}
{"timestamp":"2025-11-10T09:41:07.443081Z","level":"info","event":"  전처리 후: 4,477건","logger":"task.stdout"}
{"timestamp":"2025-11-10T09:41:07.443473Z","level":"info","event":"[2016-11-24] 데이터 수집 시작","logger":"task.stdout"}
{"timestamp":"2025-11-10T09:41:18.451724Z","level":"info","event":"[2016-11-24] 총 4403건 수집","logger":"task.stdout"}
{"timestamp":"2025-11-10T09:41:18.485879Z","level":"info","event":"  전처리 후: 4,338건","logger":"task.stdout"}
{"timestamp":"2025-11-10T09:41:18.486084Z","level":"info","event":"[2016-11-25] 데이터 수집 시작","logger":"task.stdout"}
{"timestamp":"2025-11-10T09:41:29.135038Z","level":"info","event":"[2016-11-25] 총 5120건 수집","logger":"task.stdout"}
{"timestamp":"2025-11-10T09:41:29.162544Z","level":"info","event":"  전처리 후: 5,054건","logger":"task.stdout"}
{"timestamp":"2025-11-10T09:41:29.162713Z","level":"info","event":"[2016-11-26] 데이터 수집 시작","logger":"task.stdout"}
{"timestamp":"2025-11-10T09:41:37.610431Z","level":"info","event":"[2016-11-26] 총 2229건 수집","logger":"task.stdout"}
{"timestamp":"2025-11-10T09:41:37.638066Z","level":"info","event":"  전처리 후: 2,204건","logger":"task.stdout"}
{"timestamp":"2025-11-10T09:41:37.638444Z","level":"info","event":"[2016-11-27] 데이터 수집 시작","logger":"task.stdout"}
{"timestamp":"2025-11-10T09:41:47.301176Z","level":"info","event":"[2016-11-27] 총 2947건 수집","logger":"task.stdout"}
{"timestamp":"2025-11-10T09:41:47.322759Z","level":"info","event":"  전처리 후: 2,903건","logger":"task.stdout"}
{"timestamp":"2025-11-10T09:41:47.322998Z","level":"info","event":"[2016-11-28] 데이터 수집 시작","logger":"task.stdout"}
{"timestamp":"2025-11-10T09:41:57.733451Z","level":"info","event":"[2016-11-28] 총 4756건 수집","logger":"task.stdout"}
{"timestamp":"2025-11-10T09:41:57.762667Z","level":"info","event":"  전처리 후: 4,695건","logger":"task.stdout"}
{"timestamp":"2025-11-10T09:41:57.857713Z","level":"info","event":"[2016-11] 22~28일 완료: 28,827건","logger":"task.stdout"}
{"timestamp":"2025-11-10T09:41:58.188107Z","level":"info","event":"업로드 완료: s3://yn-project-seoul-bike/rent/2016/temp/month_11_week_4.parquet (28,827건)","logger":"task.stdout"}
{"timestamp":"2025-11-10T09:41:58.190372Z","level":"info","event":"[2016-11] 29~30일 처리 중","logger":"task.stdout"}
{"timestamp":"2025-11-10T09:41:58.190536Z","level":"info","event":"[2016-11-29] 데이터 수집 시작","logger":"task.stdout"}
{"timestamp":"2025-11-10T09:42:09.364441Z","level":"info","event":"[2016-11-29] 총 5149건 수집","logger":"task.stdout"}
{"timestamp":"2025-11-10T09:42:09.391636Z","level":"info","event":"  전처리 후: 5,087건","logger":"task.stdout"}
{"timestamp":"2025-11-10T09:42:09.391755Z","level":"info","event":"[2016-11-30] 데이터 수집 시작","logger":"task.stdout"}
{"timestamp":"2025-11-10T09:42:20.275193Z","level":"info","event":"[2016-11-30] 총 4815건 수집","logger":"task.stdout"}
{"timestamp":"2025-11-10T09:42:20.311912Z","level":"info","event":"  전처리 후: 4,737건","logger":"task.stdout"}
{"timestamp":"2025-11-10T09:42:20.355449Z","level":"info","event":"[2016-11] 29~30일 완료: 9,824건","logger":"task.stdout"}
{"timestamp":"2025-11-10T09:42:20.650256Z","level":"info","event":"업로드 완료: s3://yn-project-seoul-bike/rent/2016/temp/month_11_week_5.parquet (9,824건)","logger":"task.stdout"}
{"timestamp":"2025-11-10T09:42:20.651600Z","level":"info","event":"[2016-11] 주간 파일 병합 시작 (총 5주)","logger":"task.stdout"}
{"timestamp":"2025-11-10T09:42:20.938067Z","level":"info","event":"  Week 1: 50,281건 로드","logger":"task.stdout"}
{"timestamp":"2025-11-10T09:42:21.133759Z","level":"info","event":"  Week 2: 45,440건 로드","logger":"task.stdout"}
{"timestamp":"2025-11-10T09:42:21.328021Z","level":"info","event":"  Week 3: 48,742건 로드","logger":"task.stdout"}
{"timestamp":"2025-11-10T09:42:21.500830Z","level":"info","event":"  Week 4: 28,827건 로드","logger":"task.stdout"}
{"timestamp":"2025-11-10T09:42:21.569000Z","level":"info","event":"  Week 5: 9,824건 로드","logger":"task.stdout"}
{"timestamp":"2025-11-10T09:42:23.190141Z","level":"info","event":"업로드 완료: s3://yn-project-seoul-bike/rent/2016/month_11.parquet (183,114건)","logger":"task.stdout"}
{"timestamp":"2025-11-10T09:42:23.190933Z","level":"info","event":"[2016-11] 최종 병합 완료: 183,114건","logger":"task.stdout"}
{"timestamp":"2025-11-10T09:42:23.523751Z","level":"info","event":"","logger":"task.stdout"}
{"timestamp":"2025-11-10T09:42:23.525579Z","level":"info","event":"2016년 11월 처리 완료","logger":"task.stdout"}
{"timestamp":"2025-11-10T09:42:23.526338Z","level":"info","event":"","logger":"task.stdout"}
{"timestamp":"2025-11-10T09:42:23.524614Z","level":"info","event":"Done. Returned value was: None","logger":"airflow.task.operators.airflow.providers.standard.operators.python.PythonOperator","filename":"python.py","lineno":215}
