{"timestamp":"2025-11-10T01:31:34.743194Z","level":"info","event":"DAG bundles loaded: dags-folder","logger":"airflow.dag_processing.bundles.manager.DagBundlesManager","filename":"manager.py","lineno":179}
{"timestamp":"2025-11-10T01:31:34.748516Z","level":"info","event":"Filling up the DagBag from /opt/airflow/dags/seoul_bike_rent_2022.py","logger":"airflow.models.dagbag.DagBag","filename":"dagbag.py","lineno":593}
{"timestamp":"2025-11-10T01:31:34.801299Z","level":"warning","event":"The `airflow.operators.python.PythonOperator` attribute is deprecated. Please use `'airflow.providers.standard.operators.python.PythonOperator'`.","category":"DeprecatedImportWarning","filename":"/opt/airflow/dags/seoul_bike_rent_2022.py","lineno":2,"logger":"py.warnings"}
{"timestamp":"2025-11-10T01:31:34.853937Z","level":"info","event":"Found credentials in environment variables.","logger":"botocore.credentials","filename":"credentials.py","lineno":1224}
{"timestamp":"2025-11-10T01:31:36.106690Z","level":"info","event":"유효한 정거장 3202개 로드","logger":"task.stdout"}
{"timestamp":"2025-11-10T01:31:37.773559Z","level":"info","event":"2022-04-01 00시: 1~1000 완료 (1000개 누적)","logger":"task.stdout"}
{"timestamp":"2025-11-10T01:31:38.853639Z","level":"info","event":"2022-04-01 00시: 1001~2000 완료 (2000개 누적)","logger":"task.stdout"}
{"timestamp":"2025-11-10T01:31:39.752786Z","level":"info","event":"2022-04-01 00시: 2001~2228 완료 (2228개 누적)","logger":"task.stdout"}
{"timestamp":"2025-11-10T01:31:41.532684Z","level":"info","event":"2022-04-01 01시: 1~1000 완료 (3228개 누적)","logger":"task.stdout"}
{"timestamp":"2025-11-10T01:31:42.581522Z","level":"info","event":"2022-04-01 01시: 1001~1141 완료 (3369개 누적)","logger":"task.stdout"}
{"timestamp":"2025-11-10T01:31:44.245579Z","level":"info","event":"2022-04-01 02시: 1~714 완료 (4083개 누적)","logger":"task.stdout"}
{"timestamp":"2025-11-10T01:31:45.837036Z","level":"info","event":"2022-04-01 03시: 1~422 완료 (4505개 누적)","logger":"task.stdout"}
{"timestamp":"2025-11-10T01:31:47.407766Z","level":"info","event":"2022-04-01 04시: 1~393 완료 (4898개 누적)","logger":"task.stdout"}
{"timestamp":"2025-11-10T01:31:49.384685Z","level":"info","event":"2022-04-01 05시: 1~805 완료 (5703개 누적)","logger":"task.stdout"}
{"timestamp":"2025-11-10T01:31:51.278693Z","level":"info","event":"2022-04-01 06시: 1~1000 완료 (6703개 누적)","logger":"task.stdout"}
{"timestamp":"2025-11-10T01:31:52.346150Z","level":"info","event":"2022-04-01 06시: 1001~1964 완료 (7667개 누적)","logger":"task.stdout"}
{"timestamp":"2025-11-10T01:31:54.339296Z","level":"info","event":"2022-04-01 07시: 1~1000 완료 (8667개 누적)","logger":"task.stdout"}
{"timestamp":"2025-11-10T01:31:55.461678Z","level":"info","event":"2022-04-01 07시: 1001~2000 완료 (9667개 누적)","logger":"task.stdout"}
{"timestamp":"2025-11-10T01:31:56.700178Z","level":"info","event":"2022-04-01 07시: 2001~3000 완료 (10667개 누적)","logger":"task.stdout"}
{"timestamp":"2025-11-10T01:31:57.900549Z","level":"info","event":"2022-04-01 07시: 3001~4000 완료 (11667개 누적)","logger":"task.stdout"}
{"timestamp":"2025-11-10T01:31:59.064367Z","level":"info","event":"2022-04-01 07시: 4001~5000 완료 (12667개 누적)","logger":"task.stdout"}
{"timestamp":"2025-11-10T01:32:00.177580Z","level":"info","event":"2022-04-01 07시: 5001~5702 완료 (13369개 누적)","logger":"task.stdout"}
{"timestamp":"2025-11-10T01:32:02.499337Z","level":"info","event":"2022-04-01 08시: 1~1000 완료 (14369개 누적)","logger":"task.stdout"}
{"timestamp":"2025-11-10T01:32:03.866476Z","level":"info","event":"2022-04-01 08시: 1001~2000 완료 (15369개 누적)","logger":"task.stdout"}
{"timestamp":"2025-11-10T01:32:05.066952Z","level":"info","event":"2022-04-01 08시: 2001~3000 완료 (16369개 누적)","logger":"task.stdout"}
{"timestamp":"2025-11-10T01:32:06.291967Z","level":"info","event":"2022-04-01 08시: 3001~4000 완료 (17369개 누적)","logger":"task.stdout"}
{"timestamp":"2025-11-10T01:32:07.498625Z","level":"info","event":"2022-04-01 08시: 4001~5000 완료 (18369개 누적)","logger":"task.stdout"}
{"timestamp":"2025-11-10T01:32:08.754844Z","level":"info","event":"2022-04-01 08시: 5001~6000 완료 (19369개 누적)","logger":"task.stdout"}
{"timestamp":"2025-11-10T01:32:10.102586Z","level":"info","event":"2022-04-01 08시: 6001~7000 완료 (20369개 누적)","logger":"task.stdout"}
{"timestamp":"2025-11-10T01:32:11.704610Z","level":"info","event":"2022-04-01 08시: 7001~8000 완료 (21369개 누적)","logger":"task.stdout"}
{"timestamp":"2025-11-10T01:32:21.272318Z","level":"info","event":"2022-04-01 08시: 8001~9000 완료 (22369개 누적)","logger":"task.stdout"}
{"timestamp":"2025-11-10T01:32:22.575914Z","level":"info","event":"2022-04-01 08시: 9001~9393 완료 (22762개 누적)","logger":"task.stdout"}
{"timestamp":"2025-11-10T01:32:24.571239Z","level":"info","event":"2022-04-01 09시: 1~1000 완료 (23762개 누적)","logger":"task.stdout"}
{"timestamp":"2025-11-10T01:32:25.698394Z","level":"info","event":"2022-04-01 09시: 1001~2000 완료 (24762개 누적)","logger":"task.stdout"}
{"timestamp":"2025-11-10T01:32:26.812049Z","level":"info","event":"2022-04-01 09시: 2001~3000 완료 (25762개 누적)","logger":"task.stdout"}
{"timestamp":"2025-11-10T01:32:27.981202Z","level":"info","event":"2022-04-01 09시: 3001~4000 완료 (26762개 누적)","logger":"task.stdout"}
{"timestamp":"2025-11-10T01:32:29.102052Z","level":"info","event":"2022-04-01 09시: 4001~4912 완료 (27674개 누적)","logger":"task.stdout"}
{"timestamp":"2025-11-10T01:32:30.983642Z","level":"info","event":"2022-04-01 10시: 1~1000 완료 (28674개 누적)","logger":"task.stdout"}
{"timestamp":"2025-11-10T01:32:32.127594Z","level":"info","event":"2022-04-01 10시: 1001~2000 완료 (29674개 누적)","logger":"task.stdout"}
{"timestamp":"2025-11-10T01:32:33.208899Z","level":"info","event":"2022-04-01 10시: 2001~3000 완료 (30674개 누적)","logger":"task.stdout"}
{"timestamp":"2025-11-10T01:32:34.266947Z","level":"info","event":"2022-04-01 10시: 3001~3859 완료 (31533개 누적)","logger":"task.stdout"}
{"timestamp":"2025-11-10T01:32:36.432753Z","level":"info","event":"2022-04-01 11시: 1~1000 완료 (32533개 누적)","logger":"task.stdout"}
{"timestamp":"2025-11-10T01:32:37.542036Z","level":"info","event":"2022-04-01 11시: 1001~2000 완료 (33533개 누적)","logger":"task.stdout"}
{"timestamp":"2025-11-10T01:32:38.729301Z","level":"info","event":"2022-04-01 11시: 2001~3000 완료 (34533개 누적)","logger":"task.stdout"}
{"timestamp":"2025-11-10T01:32:39.789717Z","level":"info","event":"2022-04-01 11시: 3001~4000 완료 (35533개 누적)","logger":"task.stdout"}
{"timestamp":"2025-11-10T01:32:40.840659Z","level":"info","event":"2022-04-01 11시: 4001~5000 완료 (36533개 누적)","logger":"task.stdout"}
{"timestamp":"2025-11-10T01:32:41.835794Z","level":"info","event":"2022-04-01 11시: 5001~5013 완료 (36546개 누적)","logger":"task.stdout"}
{"timestamp":"2025-11-10T01:32:43.851640Z","level":"info","event":"2022-04-01 12시: 1~1000 완료 (37546개 누적)","logger":"task.stdout"}
{"timestamp":"2025-11-10T01:32:45.101185Z","level":"info","event":"2022-04-01 12시: 1001~2000 완료 (38546개 누적)","logger":"task.stdout"}
{"timestamp":"2025-11-10T01:32:46.293362Z","level":"info","event":"2022-04-01 12시: 2001~3000 완료 (39546개 누적)","logger":"task.stdout"}
{"timestamp":"2025-11-10T01:32:47.427753Z","level":"info","event":"2022-04-01 12시: 3001~4000 완료 (40546개 누적)","logger":"task.stdout"}
{"timestamp":"2025-11-10T01:32:48.573564Z","level":"info","event":"2022-04-01 12시: 4001~5000 완료 (41546개 누적)","logger":"task.stdout"}
{"timestamp":"2025-11-10T01:32:49.655753Z","level":"info","event":"2022-04-01 12시: 5001~5766 완료 (42312개 누적)","logger":"task.stdout"}
{"timestamp":"2025-11-10T01:32:51.626200Z","level":"info","event":"2022-04-01 13시: 1~1000 완료 (43312개 누적)","logger":"task.stdout"}
{"timestamp":"2025-11-10T01:32:52.900199Z","level":"info","event":"2022-04-01 13시: 1001~2000 완료 (44312개 누적)","logger":"task.stdout"}
{"timestamp":"2025-11-10T01:33:00.695778Z","level":"info","event":"2022-04-01 13시: 2001~3000 완료 (45312개 누적)","logger":"task.stdout"}
{"timestamp":"2025-11-10T01:33:02.111685Z","level":"info","event":"2022-04-01 13시: 3001~4000 완료 (46312개 누적)","logger":"task.stdout"}
{"timestamp":"2025-11-10T01:33:03.185771Z","level":"info","event":"2022-04-01 13시: 4001~5000 완료 (47312개 누적)","logger":"task.stdout"}
{"timestamp":"2025-11-10T01:33:04.313316Z","level":"info","event":"2022-04-01 13시: 5001~5767 완료 (48079개 누적)","logger":"task.stdout"}
{"timestamp":"2025-11-10T01:33:06.531540Z","level":"info","event":"2022-04-01 14시: 1~1000 완료 (49079개 누적)","logger":"task.stdout"}
{"timestamp":"2025-11-10T01:33:07.692010Z","level":"info","event":"2022-04-01 14시: 1001~2000 완료 (50079개 누적)","logger":"task.stdout"}
{"timestamp":"2025-11-10T01:33:08.861563Z","level":"info","event":"2022-04-01 14시: 2001~3000 완료 (51079개 누적)","logger":"task.stdout"}
{"timestamp":"2025-11-10T01:33:10.113376Z","level":"info","event":"2022-04-01 14시: 3001~4000 완료 (52079개 누적)","logger":"task.stdout"}
{"timestamp":"2025-11-10T01:33:11.251517Z","level":"info","event":"2022-04-01 14시: 4001~5000 완료 (53079개 누적)","logger":"task.stdout"}
{"timestamp":"2025-11-10T01:33:12.449517Z","level":"info","event":"2022-04-01 14시: 5001~6000 완료 (54079개 누적)","logger":"task.stdout"}
{"timestamp":"2025-11-10T01:33:13.581331Z","level":"info","event":"2022-04-01 14시: 6001~6182 완료 (54261개 누적)","logger":"task.stdout"}
{"timestamp":"2025-11-10T01:33:15.918237Z","level":"info","event":"2022-04-01 15시: 1~1000 완료 (55261개 누적)","logger":"task.stdout"}
{"timestamp":"2025-11-10T01:33:17.131025Z","level":"info","event":"2022-04-01 15시: 1001~2000 완료 (56261개 누적)","logger":"task.stdout"}
{"timestamp":"2025-11-10T01:33:18.436909Z","level":"info","event":"2022-04-01 15시: 2001~3000 완료 (57261개 누적)","logger":"task.stdout"}
{"timestamp":"2025-11-10T01:33:19.692048Z","level":"info","event":"2022-04-01 15시: 3001~4000 완료 (58261개 누적)","logger":"task.stdout"}
{"timestamp":"2025-11-10T01:33:20.857003Z","level":"info","event":"2022-04-01 15시: 4001~5000 완료 (59261개 누적)","logger":"task.stdout"}
{"timestamp":"2025-11-10T01:33:22.671991Z","level":"info","event":"2022-04-01 15시: 5001~6000 완료 (60261개 누적)","logger":"task.stdout"}
{"timestamp":"2025-11-10T01:33:23.881597Z","level":"info","event":"2022-04-01 15시: 6001~7000 완료 (61261개 누적)","logger":"task.stdout"}
{"timestamp":"2025-11-10T01:33:24.950275Z","level":"info","event":"2022-04-01 15시: 7001~7211 완료 (61472개 누적)","logger":"task.stdout"}
{"timestamp":"2025-11-10T01:33:27.340158Z","level":"info","event":"2022-04-01 16시: 1~1000 완료 (62472개 누적)","logger":"task.stdout"}
{"timestamp":"2025-11-10T01:33:28.498895Z","level":"info","event":"2022-04-01 16시: 1001~2000 완료 (63472개 누적)","logger":"task.stdout"}
{"timestamp":"2025-11-10T01:33:29.665794Z","level":"info","event":"2022-04-01 16시: 2001~3000 완료 (64472개 누적)","logger":"task.stdout"}
{"timestamp":"2025-11-10T01:33:31.014963Z","level":"info","event":"2022-04-01 16시: 3001~4000 완료 (65472개 누적)","logger":"task.stdout"}
{"timestamp":"2025-11-10T01:33:32.394827Z","level":"info","event":"2022-04-01 16시: 4001~5000 완료 (66472개 누적)","logger":"task.stdout"}
{"timestamp":"2025-11-10T01:33:37.598399Z","level":"info","event":"2022-04-01 16시: 5001~6000 완료 (67472개 누적)","logger":"task.stdout"}
{"timestamp":"2025-11-10T01:33:38.796621Z","level":"info","event":"2022-04-01 16시: 6001~7000 완료 (68472개 누적)","logger":"task.stdout"}
{"timestamp":"2025-11-10T01:33:40.033130Z","level":"info","event":"2022-04-01 16시: 7001~8000 완료 (69472개 누적)","logger":"task.stdout"}
{"timestamp":"2025-11-10T01:33:41.294127Z","level":"info","event":"2022-04-01 16시: 8001~8277 완료 (69749개 누적)","logger":"task.stdout"}
{"timestamp":"2025-11-10T01:34:02.575016Z","level":"info","event":"2022-04-01 17시: 요청 실패 - HTTPConnectionPool(host='openapi.seoul.go.kr', port=8088): Max retries exceeded with url: /574d4268426539373930666f4b654e/json/tbCycleRentData/1/5/2022-04-01/17 (Caused by NameResolutionError(\"<urllib3.connection.HTTPConnection object at 0xffff888d7cb0>: Failed to resolve 'openapi.seoul.go.kr' ([Errno -3] Temporary failure in name resolution)\"))","logger":"task.stdout"}
{"timestamp":"2025-11-10T01:34:05.993467Z","level":"info","event":"2022-04-01 18시: 1~1000 완료 (70749개 누적)","logger":"task.stdout"}
{"timestamp":"2025-11-10T01:34:07.370245Z","level":"info","event":"2022-04-01 18시: 1001~2000 완료 (71749개 누적)","logger":"task.stdout"}
{"timestamp":"2025-11-10T01:34:08.751576Z","level":"info","event":"2022-04-01 18시: 2001~3000 완료 (72749개 누적)","logger":"task.stdout"}
{"timestamp":"2025-11-10T01:34:10.092654Z","level":"info","event":"2022-04-01 18시: 3001~4000 완료 (73749개 누적)","logger":"task.stdout"}
{"timestamp":"2025-11-10T01:34:11.608024Z","level":"info","event":"2022-04-01 18시: 4001~5000 완료 (74749개 누적)","logger":"task.stdout"}
{"timestamp":"2025-11-10T01:34:13.025986Z","level":"info","event":"2022-04-01 18시: 5001~6000 완료 (75749개 누적)","logger":"task.stdout"}
{"timestamp":"2025-11-10T01:34:14.454745Z","level":"info","event":"2022-04-01 18시: 6001~7000 완료 (76749개 누적)","logger":"task.stdout"}
{"timestamp":"2025-11-10T01:34:15.792958Z","level":"info","event":"2022-04-01 18시: 7001~8000 완료 (77749개 누적)","logger":"task.stdout"}
{"timestamp":"2025-11-10T01:34:17.141260Z","level":"info","event":"2022-04-01 18시: 8001~9000 완료 (78749개 누적)","logger":"task.stdout"}
{"timestamp":"2025-11-10T01:34:18.495299Z","level":"info","event":"2022-04-01 18시: 9001~10000 완료 (79749개 누적)","logger":"task.stdout"}
{"timestamp":"2025-11-10T01:34:19.966528Z","level":"info","event":"2022-04-01 18시: 10001~11000 완료 (80749개 누적)","logger":"task.stdout"}
{"timestamp":"2025-11-10T01:34:21.320807Z","level":"info","event":"2022-04-01 18시: 11001~12000 완료 (81749개 누적)","logger":"task.stdout"}
{"timestamp":"2025-11-10T01:34:22.878246Z","level":"info","event":"2022-04-01 18시: 12001~13000 완료 (82749개 누적)","logger":"task.stdout"}
{"timestamp":"2025-11-10T01:34:24.164695Z","level":"info","event":"2022-04-01 18시: 13001~13279 완료 (83028개 누적)","logger":"task.stdout"}
{"timestamp":"2025-11-10T01:34:26.565872Z","level":"info","event":"2022-04-01 19시: 1~1000 완료 (84028개 누적)","logger":"task.stdout"}
{"timestamp":"2025-11-10T01:34:27.865780Z","level":"info","event":"2022-04-01 19시: 1001~2000 완료 (85028개 누적)","logger":"task.stdout"}
{"timestamp":"2025-11-10T01:34:29.096793Z","level":"info","event":"2022-04-01 19시: 2001~3000 완료 (86028개 누적)","logger":"task.stdout"}
{"timestamp":"2025-11-10T01:34:30.383005Z","level":"info","event":"2022-04-01 19시: 3001~4000 완료 (87028개 누적)","logger":"task.stdout"}
{"timestamp":"2025-11-10T01:34:31.710261Z","level":"info","event":"2022-04-01 19시: 4001~5000 완료 (88028개 누적)","logger":"task.stdout"}
{"timestamp":"2025-11-10T01:34:32.948101Z","level":"info","event":"2022-04-01 19시: 5001~6000 완료 (89028개 누적)","logger":"task.stdout"}
{"timestamp":"2025-11-10T01:34:34.218822Z","level":"info","event":"2022-04-01 19시: 6001~7000 완료 (90028개 누적)","logger":"task.stdout"}
{"timestamp":"2025-11-10T01:34:35.970992Z","level":"info","event":"2022-04-01 19시: 7001~7619 완료 (90647개 누적)","logger":"task.stdout"}
{"timestamp":"2025-11-10T01:34:37.996747Z","level":"info","event":"2022-04-01 20시: 1~1000 완료 (91647개 누적)","logger":"task.stdout"}
{"timestamp":"2025-11-10T01:34:39.140823Z","level":"info","event":"2022-04-01 20시: 1001~2000 완료 (92647개 누적)","logger":"task.stdout"}
{"timestamp":"2025-11-10T01:34:40.245015Z","level":"info","event":"2022-04-01 20시: 2001~3000 완료 (93647개 누적)","logger":"task.stdout"}
{"timestamp":"2025-11-10T01:34:41.403255Z","level":"info","event":"2022-04-01 20시: 3001~4000 완료 (94647개 누적)","logger":"task.stdout"}
{"timestamp":"2025-11-10T01:34:42.520722Z","level":"info","event":"2022-04-01 20시: 4001~5000 완료 (95647개 누적)","logger":"task.stdout"}
{"timestamp":"2025-11-10T01:34:43.640799Z","level":"info","event":"2022-04-01 20시: 5001~5688 완료 (96335개 누적)","logger":"task.stdout"}
{"timestamp":"2025-11-10T01:34:45.632867Z","level":"info","event":"2022-04-01 21시: 1~1000 완료 (97335개 누적)","logger":"task.stdout"}
{"timestamp":"2025-11-10T01:34:46.769902Z","level":"info","event":"2022-04-01 21시: 1001~2000 완료 (98335개 누적)","logger":"task.stdout"}
{"timestamp":"2025-11-10T01:34:47.983538Z","level":"info","event":"2022-04-01 21시: 2001~3000 완료 (99335개 누적)","logger":"task.stdout"}
{"timestamp":"2025-11-10T01:34:49.043385Z","level":"info","event":"2022-04-01 21시: 3001~4000 완료 (100335개 누적)","logger":"task.stdout"}
{"timestamp":"2025-11-10T01:34:50.291618Z","level":"info","event":"2022-04-01 21시: 4001~5000 완료 (101335개 누적)","logger":"task.stdout"}
{"timestamp":"2025-11-10T01:34:51.332976Z","level":"info","event":"2022-04-01 21시: 5001~5357 완료 (101692개 누적)","logger":"task.stdout"}
{"timestamp":"2025-11-10T01:34:53.310977Z","level":"info","event":"2022-04-01 22시: 1~1000 완료 (102692개 누적)","logger":"task.stdout"}
{"timestamp":"2025-11-10T01:34:54.421893Z","level":"info","event":"2022-04-01 22시: 1001~2000 완료 (103692개 누적)","logger":"task.stdout"}
{"timestamp":"2025-11-10T01:34:55.935047Z","level":"info","event":"2022-04-01 22시: 2001~3000 완료 (104692개 누적)","logger":"task.stdout"}
{"timestamp":"2025-11-10T01:34:57.000992Z","level":"info","event":"2022-04-01 22시: 3001~4000 완료 (105692개 누적)","logger":"task.stdout"}
{"timestamp":"2025-11-10T01:34:58.128239Z","level":"info","event":"2022-04-01 22시: 4001~4770 완료 (106462개 누적)","logger":"task.stdout"}
{"timestamp":"2025-11-10T01:35:00.046128Z","level":"info","event":"2022-04-01 23시: 1~1000 완료 (107462개 누적)","logger":"task.stdout"}
{"timestamp":"2025-11-10T01:35:01.180863Z","level":"info","event":"2022-04-01 23시: 1001~2000 완료 (108462개 누적)","logger":"task.stdout"}
{"timestamp":"2025-11-10T01:35:02.265708Z","level":"info","event":"2022-04-01 23시: 2001~3000 완료 (109462개 누적)","logger":"task.stdout"}
{"timestamp":"2025-11-10T01:35:03.289011Z","level":"info","event":"2022-04-01 23시: 3001~3671 완료 (110133개 누적)","logger":"task.stdout"}
{"timestamp":"2025-11-10T01:35:05.170777Z","level":"info","event":"2022-04-02 00시: 1~1000 완료 (111133개 누적)","logger":"task.stdout"}
{"timestamp":"2025-11-10T01:35:06.197015Z","level":"info","event":"2022-04-02 00시: 1001~2000 완료 (112133개 누적)","logger":"task.stdout"}
{"timestamp":"2025-11-10T01:35:07.124834Z","level":"info","event":"2022-04-02 00시: 2001~2644 완료 (112777개 누적)","logger":"task.stdout"}
{"timestamp":"2025-11-10T01:35:08.788621Z","level":"info","event":"2022-04-02 01시: 1~1000 완료 (113777개 누적)","logger":"task.stdout"}
{"timestamp":"2025-11-10T01:35:09.647351Z","level":"info","event":"2022-04-02 01시: 1001~1347 완료 (114124개 누적)","logger":"task.stdout"}
{"timestamp":"2025-11-10T01:35:11.317409Z","level":"info","event":"2022-04-02 02시: 1~806 완료 (114930개 누적)","logger":"task.stdout"}
{"timestamp":"2025-11-10T01:35:56.107190Z","level":"info","event":"2022-04-02 03시: 요청 실패 - HTTPConnectionPool(host='openapi.seoul.go.kr', port=8088): Max retries exceeded with url: /574d4268426539373930666f4b654e/json/tbCycleRentData/1/535/2022-04-02/3 (Caused by NameResolutionError(\"<urllib3.connection.HTTPConnection object at 0xffff84e49a30>: Failed to resolve 'openapi.seoul.go.kr' ([Errno -3] Temporary failure in name resolution)\"))","logger":"task.stdout"}
{"timestamp":"2025-11-10T01:35:56.111401Z","level":"info","event":"2022-04-02 04시: 요청 실패 - HTTPConnectionPool(host='openapi.seoul.go.kr', port=8088): Max retries exceeded with url: /574d4268426539373930666f4b654e/json/tbCycleRentData/1/5/2022-04-02/4 (Caused by NameResolutionError(\"<urllib3.connection.HTTPConnection object at 0xffff84e4a240>: Failed to resolve 'openapi.seoul.go.kr' ([Errno -3] Temporary failure in name resolution)\"))","logger":"task.stdout"}
{"timestamp":"2025-11-10T01:35:56.112528Z","level":"info","event":"2022-04-02 05시: 요청 실패 - HTTPConnectionPool(host='openapi.seoul.go.kr', port=8088): Max retries exceeded with url: /574d4268426539373930666f4b654e/json/tbCycleRentData/1/5/2022-04-02/5 (Caused by NameResolutionError(\"<urllib3.connection.HTTPConnection object at 0xffff84e4aa80>: Failed to resolve 'openapi.seoul.go.kr' ([Errno -3] Temporary failure in name resolution)\"))","logger":"task.stdout"}
{"timestamp":"2025-11-10T01:35:57.073110Z","level":"info","event":"2022-04-02 06시: 1~876 완료 (115806개 누적)","logger":"task.stdout"}
{"timestamp":"2025-11-10T01:35:58.687687Z","level":"info","event":"2022-04-02 07시: 1~1000 완료 (116806개 누적)","logger":"task.stdout"}
{"timestamp":"2025-11-10T01:35:59.551967Z","level":"info","event":"2022-04-02 07시: 1001~1666 완료 (117472개 누적)","logger":"task.stdout"}
{"timestamp":"2025-11-10T01:36:01.309801Z","level":"info","event":"2022-04-02 08시: 1~1000 완료 (118472개 누적)","logger":"task.stdout"}
{"timestamp":"2025-11-10T01:36:02.454949Z","level":"info","event":"2022-04-02 08시: 1001~2000 완료 (119472개 누적)","logger":"task.stdout"}
{"timestamp":"2025-11-10T01:36:03.583912Z","level":"info","event":"2022-04-02 08시: 2001~3000 완료 (120472개 누적)","logger":"task.stdout"}
{"timestamp":"2025-11-10T01:36:04.457937Z","level":"info","event":"2022-04-02 08시: 3001~3073 완료 (120545개 누적)","logger":"task.stdout"}
{"timestamp":"2025-11-10T01:36:06.313089Z","level":"info","event":"2022-04-02 09시: 1~1000 완료 (121545개 누적)","logger":"task.stdout"}
{"timestamp":"2025-11-10T01:36:07.616855Z","level":"info","event":"2022-04-02 09시: 1001~2000 완료 (122545개 누적)","logger":"task.stdout"}
{"timestamp":"2025-11-10T01:36:08.665918Z","level":"info","event":"2022-04-02 09시: 2001~3000 완료 (123545개 누적)","logger":"task.stdout"}
{"timestamp":"2025-11-10T01:36:09.758192Z","level":"info","event":"2022-04-02 09시: 3001~4000 완료 (124545개 누적)","logger":"task.stdout"}
{"timestamp":"2025-11-10T01:36:10.681947Z","level":"info","event":"2022-04-02 09시: 4001~4024 완료 (124569개 누적)","logger":"task.stdout"}
{"timestamp":"2025-11-10T01:36:12.586828Z","level":"info","event":"2022-04-02 10시: 1~1000 완료 (125569개 누적)","logger":"task.stdout"}
{"timestamp":"2025-11-10T01:36:13.592669Z","level":"info","event":"2022-04-02 10시: 1001~2000 완료 (126569개 누적)","logger":"task.stdout"}
{"timestamp":"2025-11-10T01:36:14.867030Z","level":"info","event":"2022-04-02 10시: 2001~3000 완료 (127569개 누적)","logger":"task.stdout"}
{"timestamp":"2025-11-10T01:36:15.969416Z","level":"info","event":"2022-04-02 10시: 3001~4000 완료 (128569개 누적)","logger":"task.stdout"}
{"timestamp":"2025-11-10T01:36:17.007013Z","level":"info","event":"2022-04-02 10시: 4001~4763 완료 (129332개 누적)","logger":"task.stdout"}
{"timestamp":"2025-11-10T01:36:19.159256Z","level":"info","event":"2022-04-02 11시: 1~1000 완료 (130332개 누적)","logger":"task.stdout"}
{"timestamp":"2025-11-10T01:36:23.853394Z","level":"info","event":"2022-04-02 11시: 1001~2000 완료 (131332개 누적)","logger":"task.stdout"}
{"timestamp":"2025-11-10T01:36:25.020631Z","level":"info","event":"2022-04-02 11시: 2001~3000 완료 (132332개 누적)","logger":"task.stdout"}
{"timestamp":"2025-11-10T01:36:26.132826Z","level":"info","event":"2022-04-02 11시: 3001~4000 완료 (133332개 누적)","logger":"task.stdout"}
{"timestamp":"2025-11-10T01:36:27.299404Z","level":"info","event":"2022-04-02 11시: 4001~5000 완료 (134332개 누적)","logger":"task.stdout"}
{"timestamp":"2025-11-10T01:36:28.464237Z","level":"info","event":"2022-04-02 11시: 5001~6000 완료 (135332개 누적)","logger":"task.stdout"}
{"timestamp":"2025-11-10T01:36:29.457809Z","level":"info","event":"2022-04-02 11시: 6001~6012 완료 (135344개 누적)","logger":"task.stdout"}
{"timestamp":"2025-11-10T01:36:31.853631Z","level":"info","event":"2022-04-02 12시: 1~1000 완료 (136344개 누적)","logger":"task.stdout"}
{"timestamp":"2025-11-10T01:36:33.179954Z","level":"info","event":"2022-04-02 12시: 1001~2000 완료 (137344개 누적)","logger":"task.stdout"}
{"timestamp":"2025-11-10T01:36:34.365827Z","level":"info","event":"2022-04-02 12시: 2001~3000 완료 (138344개 누적)","logger":"task.stdout"}
{"timestamp":"2025-11-10T01:36:35.539766Z","level":"info","event":"2022-04-02 12시: 3001~4000 완료 (139344개 누적)","logger":"task.stdout"}
{"timestamp":"2025-11-10T01:36:36.766201Z","level":"info","event":"2022-04-02 12시: 4001~5000 완료 (140344개 누적)","logger":"task.stdout"}
{"timestamp":"2025-11-10T01:36:37.923161Z","level":"info","event":"2022-04-02 12시: 5001~6000 완료 (141344개 누적)","logger":"task.stdout"}
{"timestamp":"2025-11-10T01:36:39.141910Z","level":"info","event":"2022-04-02 12시: 6001~7000 완료 (142344개 누적)","logger":"task.stdout"}
{"timestamp":"2025-11-10T01:36:40.259439Z","level":"info","event":"2022-04-02 12시: 7001~7349 완료 (142693개 누적)","logger":"task.stdout"}
{"timestamp":"2025-11-10T01:36:42.454442Z","level":"info","event":"2022-04-02 13시: 1~1000 완료 (143693개 누적)","logger":"task.stdout"}
{"timestamp":"2025-11-10T01:36:43.728610Z","level":"info","event":"2022-04-02 13시: 1001~2000 완료 (144693개 누적)","logger":"task.stdout"}
{"timestamp":"2025-11-10T01:36:44.989798Z","level":"info","event":"2022-04-02 13시: 2001~3000 완료 (145693개 누적)","logger":"task.stdout"}
{"timestamp":"2025-11-10T01:36:46.301704Z","level":"info","event":"2022-04-02 13시: 3001~4000 완료 (146693개 누적)","logger":"task.stdout"}
{"timestamp":"2025-11-10T01:36:47.564691Z","level":"info","event":"2022-04-02 13시: 4001~5000 완료 (147693개 누적)","logger":"task.stdout"}
{"timestamp":"2025-11-10T01:36:48.738562Z","level":"info","event":"2022-04-02 13시: 5001~6000 완료 (148693개 누적)","logger":"task.stdout"}
{"timestamp":"2025-11-10T01:36:50.129542Z","level":"info","event":"2022-04-02 13시: 6001~7000 완료 (149693개 누적)","logger":"task.stdout"}
{"timestamp":"2025-11-10T01:36:51.430295Z","level":"info","event":"2022-04-02 13시: 7001~8000 완료 (150693개 누적)","logger":"task.stdout"}
{"timestamp":"2025-11-10T01:36:52.548388Z","level":"info","event":"2022-04-02 13시: 8001~8727 완료 (151420개 누적)","logger":"task.stdout"}
{"timestamp":"2025-11-10T01:36:54.945109Z","level":"info","event":"2022-04-02 14시: 1~1000 완료 (152420개 누적)","logger":"task.stdout"}
{"timestamp":"2025-11-10T01:36:56.214280Z","level":"info","event":"2022-04-02 14시: 1001~2000 완료 (153420개 누적)","logger":"task.stdout"}
{"timestamp":"2025-11-10T01:36:57.436814Z","level":"info","event":"2022-04-02 14시: 2001~3000 완료 (154420개 누적)","logger":"task.stdout"}
{"timestamp":"2025-11-10T01:36:58.917197Z","level":"info","event":"2022-04-02 14시: 3001~4000 완료 (155420개 누적)","logger":"task.stdout"}
{"timestamp":"2025-11-10T01:37:00.132906Z","level":"info","event":"2022-04-02 14시: 4001~5000 완료 (156420개 누적)","logger":"task.stdout"}
{"timestamp":"2025-11-10T01:37:01.442785Z","level":"info","event":"2022-04-02 14시: 5001~6000 완료 (157420개 누적)","logger":"task.stdout"}
{"timestamp":"2025-11-10T01:37:02.804387Z","level":"info","event":"2022-04-02 14시: 6001~7000 완료 (158420개 누적)","logger":"task.stdout"}
{"timestamp":"2025-11-10T01:37:03.979765Z","level":"info","event":"2022-04-02 14시: 7001~8000 완료 (159420개 누적)","logger":"task.stdout"}
{"timestamp":"2025-11-10T01:37:07.143730Z","level":"info","event":"2022-04-02 14시: 8001~9000 완료 (160420개 누적)","logger":"task.stdout"}
{"timestamp":"2025-11-10T01:37:19.790012Z","level":"critical","event":"Process terminated by signal. Likely out of memory error (OOM). For more information, see https://airflow.apache.org/docs/apache-airflow/stable/troubleshooting.html#process-terminated-by-signal.","signal":-9,"signal_name":"SIGKILL","logger":"task"}
