{"timestamp":"2025-11-10T01:34:03.855384Z","level":"info","event":"DAG bundles loaded: dags-folder","logger":"airflow.dag_processing.bundles.manager.DagBundlesManager","filename":"manager.py","lineno":179}
{"timestamp":"2025-11-10T01:34:03.856947Z","level":"info","event":"Filling up the DagBag from /opt/airflow/dags/seoul_bike_rent_2022.py","logger":"airflow.models.dagbag.DagBag","filename":"dagbag.py","lineno":593}
{"timestamp":"2025-11-10T01:34:03.880385Z","level":"warning","event":"The `airflow.operators.python.PythonOperator` attribute is deprecated. Please use `'airflow.providers.standard.operators.python.PythonOperator'`.","category":"DeprecatedImportWarning","filename":"/opt/airflow/dags/seoul_bike_rent_2022.py","lineno":2,"logger":"py.warnings"}
{"timestamp":"2025-11-10T01:34:03.917011Z","level":"info","event":"Found credentials in environment variables.","logger":"botocore.credentials","filename":"credentials.py","lineno":1224}
{"timestamp":"2025-11-10T01:34:04.793738Z","level":"info","event":"유효한 정거장 3202개 로드","logger":"task.stdout"}
{"timestamp":"2025-11-10T01:34:05.482428Z","level":"info","event":"2022-01-01 00시: 1~593 완료 (593개 누적)","logger":"task.stdout"}
{"timestamp":"2025-11-10T01:34:06.313916Z","level":"info","event":"2022-01-01 01시: 1~480 완료 (1073개 누적)","logger":"task.stdout"}
{"timestamp":"2025-11-10T01:34:07.010480Z","level":"info","event":"2022-01-01 02시: 1~337 완료 (1410개 누적)","logger":"task.stdout"}
{"timestamp":"2025-11-10T01:34:07.702679Z","level":"info","event":"2022-01-01 03시: 1~266 완료 (1676개 누적)","logger":"task.stdout"}
{"timestamp":"2025-11-10T01:34:08.407422Z","level":"info","event":"2022-01-01 04시: 1~261 완료 (1937개 누적)","logger":"task.stdout"}
{"timestamp":"2025-11-10T01:34:09.114441Z","level":"info","event":"2022-01-01 05시: 1~302 완료 (2239개 누적)","logger":"task.stdout"}
{"timestamp":"2025-11-10T01:34:09.822811Z","level":"info","event":"2022-01-01 06시: 1~504 완료 (2743개 누적)","logger":"task.stdout"}
{"timestamp":"2025-11-10T01:34:10.675296Z","level":"info","event":"2022-01-01 07시: 1~643 완료 (3386개 누적)","logger":"task.stdout"}
{"timestamp":"2025-11-10T01:34:11.575810Z","level":"info","event":"2022-01-01 08시: 1~725 완료 (4111개 누적)","logger":"task.stdout"}
{"timestamp":"2025-11-10T01:34:12.528764Z","level":"info","event":"2022-01-01 09시: 1~946 완료 (5057개 누적)","logger":"task.stdout"}
{"timestamp":"2025-11-10T01:34:13.385177Z","level":"info","event":"2022-01-01 10시: 1~1000 완료 (6057개 누적)","logger":"task.stdout"}
{"timestamp":"2025-11-10T01:34:13.809031Z","level":"info","event":"2022-01-01 10시: 1001~1108 완료 (6165개 누적)","logger":"task.stdout"}
{"timestamp":"2025-11-10T01:34:14.694344Z","level":"info","event":"2022-01-01 11시: 1~1000 완료 (7165개 누적)","logger":"task.stdout"}
{"timestamp":"2025-11-10T01:34:15.173127Z","level":"info","event":"2022-01-01 11시: 1001~1392 완료 (7557개 누적)","logger":"task.stdout"}
{"timestamp":"2025-11-10T01:34:16.151498Z","level":"info","event":"2022-01-01 12시: 1~1000 완료 (8557개 누적)","logger":"task.stdout"}
{"timestamp":"2025-11-10T01:34:16.672026Z","level":"info","event":"2022-01-01 12시: 1001~1746 완료 (9303개 누적)","logger":"task.stdout"}
{"timestamp":"2025-11-10T01:34:17.575266Z","level":"info","event":"2022-01-01 13시: 1~1000 완료 (10303개 누적)","logger":"task.stdout"}
{"timestamp":"2025-11-10T01:34:18.160306Z","level":"info","event":"2022-01-01 13시: 1001~1996 완료 (11299개 누적)","logger":"task.stdout"}
{"timestamp":"2025-11-10T01:34:19.085459Z","level":"info","event":"2022-01-01 14시: 1~1000 완료 (12299개 누적)","logger":"task.stdout"}
{"timestamp":"2025-11-10T01:34:19.711947Z","level":"info","event":"2022-01-01 14시: 1001~2000 완료 (13299개 누적)","logger":"task.stdout"}
{"timestamp":"2025-11-10T01:34:20.230655Z","level":"info","event":"2022-01-01 14시: 2001~2275 완료 (13574개 누적)","logger":"task.stdout"}
{"timestamp":"2025-11-10T01:34:21.275970Z","level":"info","event":"2022-01-01 15시: 1~1000 완료 (14574개 누적)","logger":"task.stdout"}
{"timestamp":"2025-11-10T01:34:21.883000Z","level":"info","event":"2022-01-01 15시: 1001~2000 완료 (15574개 누적)","logger":"task.stdout"}
{"timestamp":"2025-11-10T01:34:22.500514Z","level":"info","event":"2022-01-01 15시: 2001~2665 완료 (16239개 누적)","logger":"task.stdout"}
{"timestamp":"2025-11-10T01:34:23.474570Z","level":"info","event":"2022-01-01 16시: 1~1000 완료 (17239개 누적)","logger":"task.stdout"}
{"timestamp":"2025-11-10T01:34:24.090951Z","level":"info","event":"2022-01-01 16시: 1001~2000 완료 (18239개 누적)","logger":"task.stdout"}
{"timestamp":"2025-11-10T01:34:24.862713Z","level":"info","event":"2022-01-01 16시: 2001~2678 완료 (18917개 누적)","logger":"task.stdout"}
{"timestamp":"2025-11-10T01:34:25.886035Z","level":"info","event":"2022-01-01 17시: 1~1000 완료 (19917개 누적)","logger":"task.stdout"}
{"timestamp":"2025-11-10T01:34:26.507487Z","level":"info","event":"2022-01-01 17시: 1001~2000 완료 (20917개 누적)","logger":"task.stdout"}
{"timestamp":"2025-11-10T01:34:27.029309Z","level":"info","event":"2022-01-01 17시: 2001~2445 완료 (21362개 누적)","logger":"task.stdout"}
{"timestamp":"2025-11-10T01:34:27.962038Z","level":"info","event":"2022-01-01 18시: 1~1000 완료 (22362개 누적)","logger":"task.stdout"}
{"timestamp":"2025-11-10T01:34:28.543882Z","level":"info","event":"2022-01-01 18시: 1001~2000 완료 (23362개 누적)","logger":"task.stdout"}
{"timestamp":"2025-11-10T01:34:28.978811Z","level":"info","event":"2022-01-01 18시: 2001~2004 완료 (23366개 누적)","logger":"task.stdout"}
{"timestamp":"2025-11-10T01:34:29.873151Z","level":"info","event":"2022-01-01 19시: 1~1000 완료 (24366개 누적)","logger":"task.stdout"}
{"timestamp":"2025-11-10T01:34:30.382797Z","level":"info","event":"2022-01-01 19시: 1001~1591 완료 (24957개 누적)","logger":"task.stdout"}
{"timestamp":"2025-11-10T01:34:31.260467Z","level":"info","event":"2022-01-01 20시: 1~1000 완료 (25957개 누적)","logger":"task.stdout"}
{"timestamp":"2025-11-10T01:34:31.781277Z","level":"info","event":"2022-01-01 20시: 1001~1455 완료 (26412개 누적)","logger":"task.stdout"}
{"timestamp":"2025-11-10T01:34:32.675034Z","level":"info","event":"2022-01-01 21시: 1~1000 완료 (27412개 누적)","logger":"task.stdout"}
{"timestamp":"2025-11-10T01:34:33.364140Z","level":"info","event":"2022-01-01 21시: 1001~1766 완료 (28178개 누적)","logger":"task.stdout"}
{"timestamp":"2025-11-10T01:34:34.336702Z","level":"info","event":"2022-01-01 22시: 1~1000 완료 (29178개 누적)","logger":"task.stdout"}
{"timestamp":"2025-11-10T01:34:35.345119Z","level":"info","event":"2022-01-01 22시: 1001~1231 완료 (29409개 누적)","logger":"task.stdout"}
{"timestamp":"2025-11-10T01:34:36.191245Z","level":"info","event":"2022-01-01 23시: 1~811 완료 (30220개 누적)","logger":"task.stdout"}
{"timestamp":"2025-11-10T01:34:36.919682Z","level":"info","event":"2022-01-02 00시: 1~602 완료 (30822개 누적)","logger":"task.stdout"}
{"timestamp":"2025-11-10T01:34:37.848997Z","level":"info","event":"2022-01-02 01시: 1~436 완료 (31258개 누적)","logger":"task.stdout"}
{"timestamp":"2025-11-10T01:34:38.594790Z","level":"info","event":"2022-01-02 02시: 1~289 완료 (31547개 누적)","logger":"task.stdout"}
{"timestamp":"2025-11-10T01:34:39.289776Z","level":"info","event":"2022-01-02 03시: 1~188 완료 (31735개 누적)","logger":"task.stdout"}
{"timestamp":"2025-11-10T01:34:39.975402Z","level":"info","event":"2022-01-02 04시: 1~173 완료 (31908개 누적)","logger":"task.stdout"}
{"timestamp":"2025-11-10T01:34:40.617119Z","level":"info","event":"2022-01-02 05시: 1~174 완료 (32082개 누적)","logger":"task.stdout"}
{"timestamp":"2025-11-10T01:34:41.429782Z","level":"info","event":"2022-01-02 06시: 1~191 완료 (32273개 누적)","logger":"task.stdout"}
{"timestamp":"2025-11-10T01:34:42.199302Z","level":"info","event":"2022-01-02 07시: 1~266 완료 (32539개 누적)","logger":"task.stdout"}
{"timestamp":"2025-11-10T01:34:43.016005Z","level":"info","event":"2022-01-02 08시: 1~495 완료 (33034개 누적)","logger":"task.stdout"}
{"timestamp":"2025-11-10T01:34:43.805711Z","level":"info","event":"2022-01-02 09시: 1~774 완료 (33808개 누적)","logger":"task.stdout"}
{"timestamp":"2025-11-10T01:34:44.640148Z","level":"info","event":"2022-01-02 10시: 1~1000 완료 (34808개 누적)","logger":"task.stdout"}
{"timestamp":"2025-11-10T01:34:45.083517Z","level":"info","event":"2022-01-02 10시: 1001~1057 완료 (34865개 누적)","logger":"task.stdout"}
{"timestamp":"2025-11-10T01:34:45.945769Z","level":"info","event":"2022-01-02 11시: 1~1000 완료 (35865개 누적)","logger":"task.stdout"}
{"timestamp":"2025-11-10T01:34:46.395547Z","level":"info","event":"2022-01-02 11시: 1001~1335 완료 (36200개 누적)","logger":"task.stdout"}
{"timestamp":"2025-11-10T01:34:47.341272Z","level":"info","event":"2022-01-02 12시: 1~1000 완료 (37200개 누적)","logger":"task.stdout"}
{"timestamp":"2025-11-10T01:34:47.920632Z","level":"info","event":"2022-01-02 12시: 1001~1829 완료 (38029개 누적)","logger":"task.stdout"}
{"timestamp":"2025-11-10T01:34:48.864262Z","level":"info","event":"2022-01-02 13시: 1~1000 완료 (39029개 누적)","logger":"task.stdout"}
{"timestamp":"2025-11-10T01:34:49.510308Z","level":"info","event":"2022-01-02 13시: 1001~2000 완료 (40029개 누적)","logger":"task.stdout"}
{"timestamp":"2025-11-10T01:34:50.088519Z","level":"info","event":"2022-01-02 13시: 2001~2239 완료 (40268개 누적)","logger":"task.stdout"}
{"timestamp":"2025-11-10T01:34:51.125725Z","level":"info","event":"2022-01-02 14시: 1~1000 완료 (41268개 누적)","logger":"task.stdout"}
{"timestamp":"2025-11-10T01:34:51.733194Z","level":"info","event":"2022-01-02 14시: 1001~2000 완료 (42268개 누적)","logger":"task.stdout"}
{"timestamp":"2025-11-10T01:34:52.310260Z","level":"info","event":"2022-01-02 14시: 2001~2618 완료 (42886개 누적)","logger":"task.stdout"}
{"timestamp":"2025-11-10T01:34:53.325138Z","level":"info","event":"2022-01-02 15시: 1~1000 완료 (43886개 누적)","logger":"task.stdout"}
{"timestamp":"2025-11-10T01:34:53.971585Z","level":"info","event":"2022-01-02 15시: 1001~2000 완료 (44886개 누적)","logger":"task.stdout"}
{"timestamp":"2025-11-10T01:34:54.577460Z","level":"info","event":"2022-01-02 15시: 2001~2972 완료 (45858개 누적)","logger":"task.stdout"}
{"timestamp":"2025-11-10T01:34:55.565734Z","level":"info","event":"2022-01-02 16시: 1~1000 완료 (46858개 누적)","logger":"task.stdout"}
{"timestamp":"2025-11-10T01:34:56.171543Z","level":"info","event":"2022-01-02 16시: 1001~2000 완료 (47858개 누적)","logger":"task.stdout"}
{"timestamp":"2025-11-10T01:34:56.827875Z","level":"info","event":"2022-01-02 16시: 2001~2833 완료 (48691개 누적)","logger":"task.stdout"}
{"timestamp":"2025-11-10T01:34:57.769565Z","level":"info","event":"2022-01-02 17시: 1~1000 완료 (49691개 누적)","logger":"task.stdout"}
{"timestamp":"2025-11-10T01:34:58.396789Z","level":"info","event":"2022-01-02 17시: 1001~2000 완료 (50691개 누적)","logger":"task.stdout"}
{"timestamp":"2025-11-10T01:34:58.954931Z","level":"info","event":"2022-01-02 17시: 2001~2547 완료 (51238개 누적)","logger":"task.stdout"}
{"timestamp":"2025-11-10T01:34:59.915687Z","level":"info","event":"2022-01-02 18시: 1~1000 완료 (52238개 누적)","logger":"task.stdout"}
{"timestamp":"2025-11-10T01:35:00.509786Z","level":"info","event":"2022-01-02 18시: 1001~2000 완료 (53238개 누적)","logger":"task.stdout"}
{"timestamp":"2025-11-10T01:35:00.969472Z","level":"info","event":"2022-01-02 18시: 2001~2109 완료 (53347개 누적)","logger":"task.stdout"}
{"timestamp":"2025-11-10T01:35:01.858575Z","level":"info","event":"2022-01-02 19시: 1~1000 완료 (54347개 누적)","logger":"task.stdout"}
{"timestamp":"2025-11-10T01:35:02.368321Z","level":"info","event":"2022-01-02 19시: 1001~1719 완료 (55066개 누적)","logger":"task.stdout"}
{"timestamp":"2025-11-10T01:35:03.220039Z","level":"info","event":"2022-01-02 20시: 1~1000 완료 (56066개 누적)","logger":"task.stdout"}
{"timestamp":"2025-11-10T01:35:03.779920Z","level":"info","event":"2022-01-02 20시: 1001~1553 완료 (56619개 누적)","logger":"task.stdout"}
{"timestamp":"2025-11-10T01:35:04.805536Z","level":"info","event":"2022-01-02 21시: 1~1000 완료 (57619개 누적)","logger":"task.stdout"}
{"timestamp":"2025-11-10T01:35:05.309372Z","level":"info","event":"2022-01-02 21시: 1001~1671 완료 (58290개 누적)","logger":"task.stdout"}
{"timestamp":"2025-11-10T01:35:06.277576Z","level":"info","event":"2022-01-02 22시: 1~1000 완료 (59290개 누적)","logger":"task.stdout"}
{"timestamp":"2025-11-10T01:35:06.699569Z","level":"info","event":"2022-01-02 22시: 1001~1153 완료 (59443개 누적)","logger":"task.stdout"}
{"timestamp":"2025-11-10T01:35:07.564296Z","level":"info","event":"2022-01-02 23시: 1~683 완료 (60126개 누적)","logger":"task.stdout"}
{"timestamp":"2025-11-10T01:35:08.089405Z","level":"info","event":"","logger":"task.stdout"}
{"timestamp":"2025-11-10T01:35:08.091629Z","level":"info","event":"2022년 1월 총 60126개 수집 완료","logger":"task.stdout"}
{"timestamp":"2025-11-10T01:35:08.131733Z","level":"error","event":"Task failed with exception","logger":"task","filename":"task_runner.py","lineno":999,"error_detail":[{"exc_type":"KeyError","exc_value":"\"['대여 대여소명', '반납대여소명', '자전거번호', '대여거치대', '반납거치대', '이용시간(분)', '반납대여소번호', '대여 대여소번호'] not found in axis\"","exc_notes":[],"syntax_error":null,"is_cause":false,"frames":[{"filename":"/home/airflow/.local/lib/python3.12/site-packages/airflow/sdk/execution_time/task_runner.py","lineno":925,"name":"run"},{"filename":"/home/airflow/.local/lib/python3.12/site-packages/airflow/sdk/execution_time/task_runner.py","lineno":1312,"name":"_execute_task"},{"filename":"/home/airflow/.local/lib/python3.12/site-packages/airflow/sdk/bases/operator.py","lineno":416,"name":"wrapper"},{"filename":"/home/airflow/.local/lib/python3.12/site-packages/airflow/providers/standard/operators/python.py","lineno":213,"name":"execute"},{"filename":"/home/airflow/.local/lib/python3.12/site-packages/airflow/providers/standard/operators/python.py","lineno":236,"name":"execute_callable"},{"filename":"/home/airflow/.local/lib/python3.12/site-packages/airflow/sdk/execution_time/callback_runner.py","lineno":82,"name":"run"},{"filename":"/opt/airflow/dags/seoul_bike_rent_2022.py","lineno":40,"name":"collect_month"},{"filename":"/opt/airflow/plugins/rent_history_utils.py","lineno":102,"name":"preprocess_rent_data"},{"filename":"/home/airflow/.local/lib/python3.12/site-packages/pandas/core/frame.py","lineno":5344,"name":"drop"},{"filename":"/home/airflow/.local/lib/python3.12/site-packages/pandas/core/generic.py","lineno":4711,"name":"drop"},{"filename":"/home/airflow/.local/lib/python3.12/site-packages/pandas/core/generic.py","lineno":4753,"name":"_drop_axis"},{"filename":"/home/airflow/.local/lib/python3.12/site-packages/pandas/core/indexes/base.py","lineno":7000,"name":"drop"}],"is_group":false,"exceptions":[]}]}
