{"timestamp":"2025-11-10T01:38:15.428592Z","level":"info","event":"DAG bundles loaded: dags-folder","logger":"airflow.dag_processing.bundles.manager.DagBundlesManager","filename":"manager.py","lineno":179}
{"timestamp":"2025-11-10T01:38:15.429215Z","level":"info","event":"Filling up the DagBag from /opt/airflow/dags/seoul_bike_rent_2022.py","logger":"airflow.models.dagbag.DagBag","filename":"dagbag.py","lineno":593}
{"timestamp":"2025-11-10T01:38:15.445439Z","level":"warning","event":"The `airflow.operators.python.PythonOperator` attribute is deprecated. Please use `'airflow.providers.standard.operators.python.PythonOperator'`.","category":"DeprecatedImportWarning","filename":"/opt/airflow/dags/seoul_bike_rent_2022.py","lineno":2,"logger":"py.warnings"}
{"timestamp":"2025-11-10T01:38:15.477275Z","level":"info","event":"Found credentials in environment variables.","logger":"botocore.credentials","filename":"credentials.py","lineno":1224}
{"timestamp":"2025-11-10T01:38:16.546293Z","level":"info","event":"유효한 정거장 3202개 로드","logger":"task.stdout"}
{"timestamp":"2025-11-10T01:38:17.582825Z","level":"info","event":"2022-03-01 00시: 1~1000 완료 (1000개 누적)","logger":"task.stdout"}
{"timestamp":"2025-11-10T01:38:18.133347Z","level":"info","event":"2022-03-01 00시: 1001~1361 완료 (1361개 누적)","logger":"task.stdout"}
{"timestamp":"2025-11-10T01:38:19.186783Z","level":"info","event":"2022-03-01 01시: 1~915 완료 (2276개 누적)","logger":"task.stdout"}
{"timestamp":"2025-11-10T01:38:20.057878Z","level":"info","event":"2022-03-01 02시: 1~340 완료 (2616개 누적)","logger":"task.stdout"}
{"timestamp":"2025-11-10T01:38:20.888007Z","level":"info","event":"2022-03-01 03시: 1~151 완료 (2767개 누적)","logger":"task.stdout"}
{"timestamp":"2025-11-10T01:38:21.745831Z","level":"info","event":"2022-03-01 04시: 1~79 완료 (2846개 누적)","logger":"task.stdout"}
{"timestamp":"2025-11-10T01:38:22.573838Z","level":"info","event":"2022-03-01 05시: 1~71 완료 (2917개 누적)","logger":"task.stdout"}
{"timestamp":"2025-11-10T01:38:23.422222Z","level":"info","event":"2022-03-01 06시: 1~112 완료 (3029개 누적)","logger":"task.stdout"}
{"timestamp":"2025-11-10T01:38:24.404782Z","level":"info","event":"2022-03-01 07시: 1~253 완료 (3282개 누적)","logger":"task.stdout"}
{"timestamp":"2025-11-10T01:38:25.408189Z","level":"info","event":"2022-03-01 08시: 1~711 완료 (3993개 누적)","logger":"task.stdout"}
{"timestamp":"2025-11-10T01:38:26.508277Z","level":"info","event":"2022-03-01 09시: 1~1000 완료 (4993개 누적)","logger":"task.stdout"}
{"timestamp":"2025-11-10T01:38:27.167028Z","level":"info","event":"2022-03-01 09시: 1001~1312 완료 (5305개 누적)","logger":"task.stdout"}
{"timestamp":"2025-11-10T01:38:28.486435Z","level":"info","event":"2022-03-01 10시: 1~1000 완료 (6305개 누적)","logger":"task.stdout"}
{"timestamp":"2025-11-10T01:38:29.138548Z","level":"info","event":"2022-03-01 10시: 1001~1745 완료 (7050개 누적)","logger":"task.stdout"}
{"timestamp":"2025-11-10T01:38:30.259524Z","level":"info","event":"2022-03-01 11시: 1~1000 완료 (8050개 누적)","logger":"task.stdout"}
{"timestamp":"2025-11-10T01:38:30.952938Z","level":"info","event":"2022-03-01 11시: 1001~2000 완료 (9050개 누적)","logger":"task.stdout"}
{"timestamp":"2025-11-10T01:38:31.535239Z","level":"info","event":"2022-03-01 11시: 2001~2088 완료 (9138개 누적)","logger":"task.stdout"}
{"timestamp":"2025-11-10T01:38:32.670678Z","level":"info","event":"2022-03-01 12시: 1~1000 완료 (10138개 누적)","logger":"task.stdout"}
{"timestamp":"2025-11-10T01:38:33.440926Z","level":"info","event":"2022-03-01 12시: 1001~2000 완료 (11138개 누적)","logger":"task.stdout"}
{"timestamp":"2025-11-10T01:38:34.117962Z","level":"info","event":"2022-03-01 12시: 2001~2712 완료 (11850개 누적)","logger":"task.stdout"}
{"timestamp":"2025-11-10T01:38:35.372024Z","level":"info","event":"2022-03-01 13시: 1~1000 완료 (12850개 누적)","logger":"task.stdout"}
{"timestamp":"2025-11-10T01:38:36.116666Z","level":"info","event":"2022-03-01 13시: 1001~2000 완료 (13850개 누적)","logger":"task.stdout"}
{"timestamp":"2025-11-10T01:38:36.862130Z","level":"info","event":"2022-03-01 13시: 2001~3000 완료 (14850개 누적)","logger":"task.stdout"}
{"timestamp":"2025-11-10T01:38:37.527155Z","level":"info","event":"2022-03-01 13시: 3001~3422 완료 (15272개 누적)","logger":"task.stdout"}
{"timestamp":"2025-11-10T01:38:38.838511Z","level":"info","event":"2022-03-01 14시: 1~1000 완료 (16272개 누적)","logger":"task.stdout"}
{"timestamp":"2025-11-10T01:38:39.666895Z","level":"info","event":"2022-03-01 14시: 1001~2000 완료 (17272개 누적)","logger":"task.stdout"}
{"timestamp":"2025-11-10T01:38:40.547658Z","level":"info","event":"2022-03-01 14시: 2001~3000 완료 (18272개 누적)","logger":"task.stdout"}
{"timestamp":"2025-11-10T01:38:48.333358Z","level":"info","event":"2022-03-01 14시: 3001~4000 완료 (19272개 누적)","logger":"task.stdout"}
{"timestamp":"2025-11-10T01:38:48.765317Z","level":"info","event":"2022-03-01 14시: 4001~4321 완료 (19593개 누적)","logger":"task.stdout"}
{"timestamp":"2025-11-10T01:38:50.090455Z","level":"info","event":"2022-03-01 15시: 1~1000 완료 (20593개 누적)","logger":"task.stdout"}
{"timestamp":"2025-11-10T01:38:50.929185Z","level":"info","event":"2022-03-01 15시: 1001~2000 완료 (21593개 누적)","logger":"task.stdout"}
{"timestamp":"2025-11-10T01:38:51.736491Z","level":"info","event":"2022-03-01 15시: 2001~3000 완료 (22593개 누적)","logger":"task.stdout"}
{"timestamp":"2025-11-10T01:38:52.590361Z","level":"info","event":"2022-03-01 15시: 3001~4000 완료 (23593개 누적)","logger":"task.stdout"}
{"timestamp":"2025-11-10T01:38:53.372181Z","level":"info","event":"2022-03-01 15시: 4001~5000 완료 (24593개 누적)","logger":"task.stdout"}
{"timestamp":"2025-11-10T01:38:53.992377Z","level":"info","event":"2022-03-01 15시: 5001~5115 완료 (24708개 누적)","logger":"task.stdout"}
{"timestamp":"2025-11-10T01:38:55.375876Z","level":"info","event":"2022-03-01 16시: 1~1000 완료 (25708개 누적)","logger":"task.stdout"}
{"timestamp":"2025-11-10T01:38:56.203089Z","level":"info","event":"2022-03-01 16시: 1001~2000 완료 (26708개 누적)","logger":"task.stdout"}
{"timestamp":"2025-11-10T01:38:57.142955Z","level":"info","event":"2022-03-01 16시: 2001~3000 완료 (27708개 누적)","logger":"task.stdout"}
{"timestamp":"2025-11-10T01:38:57.970322Z","level":"info","event":"2022-03-01 16시: 3001~4000 완료 (28708개 누적)","logger":"task.stdout"}
{"timestamp":"2025-11-10T01:38:58.749928Z","level":"info","event":"2022-03-01 16시: 4001~5000 완료 (29708개 누적)","logger":"task.stdout"}
{"timestamp":"2025-11-10T01:38:59.531749Z","level":"info","event":"2022-03-01 16시: 5001~5716 완료 (30424개 누적)","logger":"task.stdout"}
{"timestamp":"2025-11-10T01:39:00.874552Z","level":"info","event":"2022-03-01 17시: 1~1000 완료 (31424개 누적)","logger":"task.stdout"}
{"timestamp":"2025-11-10T01:39:01.696015Z","level":"info","event":"2022-03-01 17시: 1001~2000 완료 (32424개 누적)","logger":"task.stdout"}
{"timestamp":"2025-11-10T01:39:02.488759Z","level":"info","event":"2022-03-01 17시: 2001~3000 완료 (33424개 누적)","logger":"task.stdout"}
{"timestamp":"2025-11-10T01:39:03.317446Z","level":"info","event":"2022-03-01 17시: 3001~4000 완료 (34424개 누적)","logger":"task.stdout"}
{"timestamp":"2025-11-10T01:39:04.113660Z","level":"info","event":"2022-03-01 17시: 4001~5000 완료 (35424개 누적)","logger":"task.stdout"}
{"timestamp":"2025-11-10T01:39:04.820196Z","level":"info","event":"2022-03-01 17시: 5001~5365 완료 (35789개 누적)","logger":"task.stdout"}
{"timestamp":"2025-11-10T01:39:06.115887Z","level":"info","event":"2022-03-01 18시: 1~1000 완료 (36789개 누적)","logger":"task.stdout"}
{"timestamp":"2025-11-10T01:39:06.936785Z","level":"info","event":"2022-03-01 18시: 1001~2000 완료 (37789개 누적)","logger":"task.stdout"}
{"timestamp":"2025-11-10T01:39:07.712936Z","level":"info","event":"2022-03-01 18시: 2001~3000 완료 (38789개 누적)","logger":"task.stdout"}
{"timestamp":"2025-11-10T01:39:08.475311Z","level":"info","event":"2022-03-01 18시: 3001~4000 완료 (39789개 누적)","logger":"task.stdout"}
{"timestamp":"2025-11-10T01:39:09.198072Z","level":"info","event":"2022-03-01 18시: 4001~4607 완료 (40396개 누적)","logger":"task.stdout"}
{"timestamp":"2025-11-10T01:39:10.697339Z","level":"info","event":"2022-03-01 19시: 1~1000 완료 (41396개 누적)","logger":"task.stdout"}
{"timestamp":"2025-11-10T01:39:11.453512Z","level":"info","event":"2022-03-01 19시: 1001~2000 완료 (42396개 누적)","logger":"task.stdout"}
{"timestamp":"2025-11-10T01:39:12.225269Z","level":"info","event":"2022-03-01 19시: 2001~3000 완료 (43396개 누적)","logger":"task.stdout"}
{"timestamp":"2025-11-10T01:39:12.876473Z","level":"info","event":"2022-03-01 19시: 3001~3455 완료 (43851개 누적)","logger":"task.stdout"}
{"timestamp":"2025-11-10T01:39:14.074134Z","level":"info","event":"2022-03-01 20시: 1~1000 완료 (44851개 누적)","logger":"task.stdout"}
{"timestamp":"2025-11-10T01:39:14.810830Z","level":"info","event":"2022-03-01 20시: 1001~2000 완료 (45851개 누적)","logger":"task.stdout"}
{"timestamp":"2025-11-10T01:39:15.486436Z","level":"info","event":"2022-03-01 20시: 2001~2807 완료 (46658개 누적)","logger":"task.stdout"}
{"timestamp":"2025-11-10T01:39:16.654413Z","level":"info","event":"2022-03-01 21시: 1~1000 완료 (47658개 누적)","logger":"task.stdout"}
{"timestamp":"2025-11-10T01:39:17.384777Z","level":"info","event":"2022-03-01 21시: 1001~2000 완료 (48658개 누적)","logger":"task.stdout"}
{"timestamp":"2025-11-10T01:39:18.157972Z","level":"info","event":"2022-03-01 21시: 2001~2406 완료 (49064개 누적)","logger":"task.stdout"}
{"timestamp":"2025-11-10T01:39:29.479691Z","level":"info","event":"2022-03-01 22시: 1~1000 완료 (50064개 누적)","logger":"task.stdout"}
{"timestamp":"2025-11-10T01:39:29.616583Z","level":"info","event":"2022-03-01 22시: 1001~1972 완료 (51036개 누적)","logger":"task.stdout"}
{"timestamp":"2025-11-10T01:39:30.624564Z","level":"info","event":"2022-03-01 23시: 1~1000 완료 (52036개 누적)","logger":"task.stdout"}
{"timestamp":"2025-11-10T01:39:31.213297Z","level":"info","event":"2022-03-01 23시: 1001~1081 완료 (52117개 누적)","logger":"task.stdout"}
{"timestamp":"2025-11-10T01:39:32.387865Z","level":"info","event":"2022-03-02 00시: 1~677 완료 (52794개 누적)","logger":"task.stdout"}
{"timestamp":"2025-11-10T01:39:33.785781Z","level":"info","event":"2022-03-02 01시: 1~495 완료 (53289개 누적)","logger":"task.stdout"}
{"timestamp":"2025-11-10T01:39:34.973986Z","level":"info","event":"2022-03-02 02시: 1~300 완료 (53589개 누적)","logger":"task.stdout"}
{"timestamp":"2025-11-10T01:39:36.149256Z","level":"info","event":"2022-03-02 03시: 1~187 완료 (53776개 누적)","logger":"task.stdout"}
{"timestamp":"2025-11-10T01:39:37.345566Z","level":"info","event":"2022-03-02 04시: 1~263 완료 (54039개 누적)","logger":"task.stdout"}
{"timestamp":"2025-11-10T01:39:38.664040Z","level":"info","event":"2022-03-02 05시: 1~593 완료 (54632개 누적)","logger":"task.stdout"}
{"timestamp":"2025-11-10T01:39:40.001398Z","level":"info","event":"2022-03-02 06시: 1~1000 완료 (55632개 누적)","logger":"task.stdout"}
{"timestamp":"2025-11-10T01:39:40.639412Z","level":"info","event":"2022-03-02 06시: 1001~1309 완료 (55941개 누적)","logger":"task.stdout"}
{"timestamp":"2025-11-10T01:39:42.148841Z","level":"info","event":"2022-03-02 07시: 1~1000 완료 (56941개 누적)","logger":"task.stdout"}
{"timestamp":"2025-11-10T01:39:42.959299Z","level":"info","event":"2022-03-02 07시: 1001~2000 완료 (57941개 누적)","logger":"task.stdout"}
{"timestamp":"2025-11-10T01:39:43.818581Z","level":"info","event":"2022-03-02 07시: 2001~3000 완료 (58941개 누적)","logger":"task.stdout"}
{"timestamp":"2025-11-10T01:39:44.639280Z","level":"info","event":"2022-03-02 07시: 3001~3597 완료 (59538개 누적)","logger":"task.stdout"}
{"timestamp":"2025-11-10T01:39:46.318478Z","level":"info","event":"2022-03-02 08시: 1~1000 완료 (60538개 누적)","logger":"task.stdout"}
{"timestamp":"2025-11-10T01:39:47.228089Z","level":"info","event":"2022-03-02 08시: 1001~2000 완료 (61538개 누적)","logger":"task.stdout"}
{"timestamp":"2025-11-10T01:39:48.247332Z","level":"info","event":"2022-03-02 08시: 2001~3000 완료 (62538개 누적)","logger":"task.stdout"}
{"timestamp":"2025-11-10T01:39:49.585234Z","level":"info","event":"2022-03-02 08시: 3001~4000 완료 (63538개 누적)","logger":"task.stdout"}
{"timestamp":"2025-11-10T01:39:50.800974Z","level":"info","event":"2022-03-02 08시: 4001~5000 완료 (64538개 누적)","logger":"task.stdout"}
{"timestamp":"2025-11-10T01:39:51.913288Z","level":"info","event":"2022-03-02 08시: 5001~6000 완료 (65538개 누적)","logger":"task.stdout"}
{"timestamp":"2025-11-10T01:39:52.893909Z","level":"info","event":"2022-03-02 08시: 6001~6333 완료 (65871개 누적)","logger":"task.stdout"}
{"timestamp":"2025-11-10T01:40:16.704965Z","level":"info","event":"2022-03-02 09시: 요청 실패 - HTTPConnectionPool(host='openapi.seoul.go.kr', port=8088): Max retries exceeded with url: /574d4268426539373930666f4b654e/json/tbCycleRentData/1/1000/2022-03-02/9 (Caused by NameResolutionError(\"<urllib3.connection.HTTPConnection object at 0xffff88dff590>: Failed to resolve 'openapi.seoul.go.kr' ([Errno -3] Temporary failure in name resolution)\"))","logger":"task.stdout"}
{"timestamp":"2025-11-10T01:40:17.286090Z","level":"info","event":"2022-03-02 10시: 1~1000 완료 (66871개 누적)","logger":"task.stdout"}
{"timestamp":"2025-11-10T01:40:18.107496Z","level":"info","event":"2022-03-02 10시: 1001~2000 완료 (67871개 누적)","logger":"task.stdout"}
{"timestamp":"2025-11-10T01:40:19.123080Z","level":"info","event":"2022-03-02 10시: 2001~2703 완료 (68574개 누적)","logger":"task.stdout"}
{"timestamp":"2025-11-10T01:40:20.514398Z","level":"info","event":"2022-03-02 11시: 1~1000 완료 (69574개 누적)","logger":"task.stdout"}
{"timestamp":"2025-11-10T01:40:21.478685Z","level":"info","event":"2022-03-02 11시: 1001~2000 완료 (70574개 누적)","logger":"task.stdout"}
{"timestamp":"2025-11-10T01:40:22.460876Z","level":"info","event":"2022-03-02 11시: 2001~3000 완료 (71574개 누적)","logger":"task.stdout"}
{"timestamp":"2025-11-10T01:40:29.141261Z","level":"info","event":"2022-03-02 11시: 3001~3133 완료 (71707개 누적)","logger":"task.stdout"}
{"timestamp":"2025-11-10T01:40:30.802495Z","level":"info","event":"2022-03-02 12시: 1~1000 완료 (72707개 누적)","logger":"task.stdout"}
{"timestamp":"2025-11-10T01:40:31.638046Z","level":"info","event":"2022-03-02 12시: 1001~2000 완료 (73707개 누적)","logger":"task.stdout"}
{"timestamp":"2025-11-10T01:40:32.483328Z","level":"info","event":"2022-03-02 12시: 2001~3000 완료 (74707개 누적)","logger":"task.stdout"}
{"timestamp":"2025-11-10T01:40:33.330322Z","level":"info","event":"2022-03-02 12시: 3001~3671 완료 (75378개 누적)","logger":"task.stdout"}
{"timestamp":"2025-11-10T01:40:34.702348Z","level":"info","event":"2022-03-02 13시: 1~1000 완료 (76378개 누적)","logger":"task.stdout"}
{"timestamp":"2025-11-10T01:40:35.524527Z","level":"info","event":"2022-03-02 13시: 1001~2000 완료 (77378개 누적)","logger":"task.stdout"}
{"timestamp":"2025-11-10T01:40:36.379339Z","level":"info","event":"2022-03-02 13시: 2001~3000 완료 (78378개 누적)","logger":"task.stdout"}
{"timestamp":"2025-11-10T01:40:37.182123Z","level":"info","event":"2022-03-02 13시: 3001~3574 완료 (78952개 누적)","logger":"task.stdout"}
