{"timestamp":"2025-11-10T01:25:56.766781Z","level":"info","event":"DAG bundles loaded: dags-folder","logger":"airflow.dag_processing.bundles.manager.DagBundlesManager","filename":"manager.py","lineno":179}
{"timestamp":"2025-11-10T01:25:56.775206Z","level":"info","event":"Filling up the DagBag from /opt/airflow/dags/seoul_bike_rent_2022.py","logger":"airflow.models.dagbag.DagBag","filename":"dagbag.py","lineno":593}
{"timestamp":"2025-11-10T01:25:56.814761Z","level":"warning","event":"The `airflow.operators.python.PythonOperator` attribute is deprecated. Please use `'airflow.providers.standard.operators.python.PythonOperator'`.","category":"DeprecatedImportWarning","filename":"/opt/airflow/dags/seoul_bike_rent_2022.py","lineno":2,"logger":"py.warnings"}
{"timestamp":"2025-11-10T01:25:56.919465Z","level":"info","event":"Found credentials in environment variables.","logger":"botocore.credentials","filename":"credentials.py","lineno":1224}
{"timestamp":"2025-11-10T01:25:57.484546Z","level":"info","event":"유효한 정거장 3202개 로드","logger":"task.stdout"}
{"timestamp":"2025-11-10T01:25:58.789686Z","level":"info","event":"2022-03-01 00시: 1001~1361 완료 (361개 누적)","logger":"task.stdout"}
{"timestamp":"2025-11-10T01:25:59.847712Z","level":"info","event":"2022-03-01 01시: 1~915 완료 (1276개 누적)","logger":"task.stdout"}
{"timestamp":"2025-11-10T01:26:00.010387Z","level":"info","event":"2022-03-01 02시: 응답 없음","logger":"task.stdout"}
{"timestamp":"2025-11-10T01:26:00.097113Z","level":"info","event":"2022-03-01 03시: 응답 없음","logger":"task.stdout"}
{"timestamp":"2025-11-10T01:26:00.836539Z","level":"info","event":"2022-03-01 04시: 1~79 완료 (1355개 누적)","logger":"task.stdout"}
{"timestamp":"2025-11-10T01:26:01.013040Z","level":"info","event":"2022-03-01 05시: 응답 없음","logger":"task.stdout"}
{"timestamp":"2025-11-10T01:26:01.806371Z","level":"info","event":"2022-03-01 06시: 1~112 완료 (1467개 누적)","logger":"task.stdout"}
{"timestamp":"2025-11-10T01:26:02.701819Z","level":"info","event":"2022-03-01 07시: 1~253 완료 (1720개 누적)","logger":"task.stdout"}
{"timestamp":"2025-11-10T01:26:03.715824Z","level":"info","event":"2022-03-01 08시: 1~711 완료 (2431개 누적)","logger":"task.stdout"}
{"timestamp":"2025-11-10T01:26:04.721228Z","level":"info","event":"2022-03-01 09시: 1~1000 완료 (3431개 누적)","logger":"task.stdout"}
{"timestamp":"2025-11-10T01:26:05.289894Z","level":"info","event":"2022-03-01 09시: 1001~1312 완료 (3743개 누적)","logger":"task.stdout"}
{"timestamp":"2025-11-10T01:26:06.365951Z","level":"info","event":"2022-03-01 10시: 1~1000 완료 (4743개 누적)","logger":"task.stdout"}
{"timestamp":"2025-11-10T01:26:07.019713Z","level":"info","event":"2022-03-01 10시: 1001~1745 완료 (5488개 누적)","logger":"task.stdout"}
{"timestamp":"2025-11-10T01:26:08.096930Z","level":"info","event":"2022-03-01 11시: 1~1000 완료 (6488개 누적)","logger":"task.stdout"}
{"timestamp":"2025-11-10T01:26:08.739684Z","level":"info","event":"2022-03-01 11시: 1001~2000 완료 (7488개 누적)","logger":"task.stdout"}
{"timestamp":"2025-11-10T01:26:09.277224Z","level":"info","event":"2022-03-01 11시: 2001~2088 완료 (7576개 누적)","logger":"task.stdout"}
{"timestamp":"2025-11-10T01:26:10.415379Z","level":"info","event":"2022-03-01 12시: 1~1000 완료 (8576개 누적)","logger":"task.stdout"}
{"timestamp":"2025-11-10T01:26:11.132842Z","level":"info","event":"2022-03-01 12시: 1001~2000 완료 (9576개 누적)","logger":"task.stdout"}
{"timestamp":"2025-11-10T01:26:11.803891Z","level":"info","event":"2022-03-01 12시: 2001~2712 완료 (10288개 누적)","logger":"task.stdout"}
{"timestamp":"2025-11-10T01:26:12.992265Z","level":"info","event":"2022-03-01 13시: 1~1000 완료 (11288개 누적)","logger":"task.stdout"}
{"timestamp":"2025-11-10T01:26:13.737805Z","level":"info","event":"2022-03-01 13시: 1001~2000 완료 (12288개 누적)","logger":"task.stdout"}
{"timestamp":"2025-11-10T01:26:14.488282Z","level":"info","event":"2022-03-01 13시: 3001~3422 완료 (12710개 누적)","logger":"task.stdout"}
{"timestamp":"2025-11-10T01:26:14.692597Z","level":"info","event":"2022-03-01 14시: 응답 없음","logger":"task.stdout"}
{"timestamp":"2025-11-10T01:26:16.088707Z","level":"info","event":"2022-03-01 15시: 1~1000 완료 (13710개 누적)","logger":"task.stdout"}
{"timestamp":"2025-11-10T01:26:16.856229Z","level":"info","event":"2022-03-01 15시: 1001~2000 완료 (14710개 누적)","logger":"task.stdout"}
{"timestamp":"2025-11-10T01:26:17.624831Z","level":"info","event":"2022-03-01 15시: 2001~3000 완료 (15710개 누적)","logger":"task.stdout"}
{"timestamp":"2025-11-10T01:26:18.388542Z","level":"info","event":"2022-03-01 15시: 3001~4000 완료 (16710개 누적)","logger":"task.stdout"}
{"timestamp":"2025-11-10T01:26:19.167772Z","level":"info","event":"2022-03-01 15시: 4001~5000 완료 (17710개 누적)","logger":"task.stdout"}
{"timestamp":"2025-11-10T01:26:19.831168Z","level":"info","event":"2022-03-01 15시: 5001~5115 완료 (17825개 누적)","logger":"task.stdout"}
{"timestamp":"2025-11-10T01:26:21.301591Z","level":"info","event":"2022-03-01 16시: 1~1000 완료 (18825개 누적)","logger":"task.stdout"}
{"timestamp":"2025-11-10T01:26:22.174047Z","level":"info","event":"2022-03-01 16시: 1001~2000 완료 (19825개 누적)","logger":"task.stdout"}
{"timestamp":"2025-11-10T01:26:23.002492Z","level":"info","event":"2022-03-01 16시: 2001~3000 완료 (20825개 누적)","logger":"task.stdout"}
{"timestamp":"2025-11-10T01:26:23.871077Z","level":"info","event":"2022-03-01 16시: 3001~4000 완료 (21825개 누적)","logger":"task.stdout"}
{"timestamp":"2025-11-10T01:26:24.668177Z","level":"info","event":"2022-03-01 16시: 4001~5000 완료 (22825개 누적)","logger":"task.stdout"}
{"timestamp":"2025-11-10T01:26:25.428619Z","level":"info","event":"2022-03-01 16시: 5001~5716 완료 (23541개 누적)","logger":"task.stdout"}
{"timestamp":"2025-11-10T01:26:26.730524Z","level":"info","event":"2022-03-01 17시: 1~1000 완료 (24541개 누적)","logger":"task.stdout"}
{"timestamp":"2025-11-10T01:26:27.585538Z","level":"info","event":"2022-03-01 17시: 1001~2000 완료 (25541개 누적)","logger":"task.stdout"}
{"timestamp":"2025-11-10T01:26:28.376583Z","level":"info","event":"2022-03-01 17시: 2001~3000 완료 (26541개 누적)","logger":"task.stdout"}
{"timestamp":"2025-11-10T01:26:29.161221Z","level":"info","event":"2022-03-01 17시: 3001~4000 완료 (27541개 누적)","logger":"task.stdout"}
{"timestamp":"2025-11-10T01:26:29.932734Z","level":"info","event":"2022-03-01 17시: 4001~5000 완료 (28541개 누적)","logger":"task.stdout"}
{"timestamp":"2025-11-10T01:26:30.642978Z","level":"info","event":"2022-03-01 17시: 5001~5365 완료 (28906개 누적)","logger":"task.stdout"}
{"timestamp":"2025-11-10T01:26:31.916506Z","level":"info","event":"2022-03-01 18시: 1~1000 완료 (29906개 누적)","logger":"task.stdout"}
{"timestamp":"2025-11-10T01:26:32.741235Z","level":"info","event":"2022-03-01 18시: 1001~2000 완료 (30906개 누적)","logger":"task.stdout"}
{"timestamp":"2025-11-10T01:26:33.611455Z","level":"info","event":"2022-03-01 18시: 2001~3000 완료 (31906개 누적)","logger":"task.stdout"}
{"timestamp":"2025-11-10T01:26:34.376319Z","level":"info","event":"2022-03-01 18시: 3001~4000 완료 (32906개 누적)","logger":"task.stdout"}
{"timestamp":"2025-11-10T01:26:35.255653Z","level":"info","event":"2022-03-01 18시: 4001~4607 완료 (33513개 누적)","logger":"task.stdout"}
{"timestamp":"2025-11-10T01:26:36.542182Z","level":"info","event":"2022-03-01 19시: 1~1000 완료 (34513개 누적)","logger":"task.stdout"}
{"timestamp":"2025-11-10T01:26:37.337794Z","level":"info","event":"2022-03-01 19시: 1001~2000 완료 (35513개 누적)","logger":"task.stdout"}
{"timestamp":"2025-11-10T01:26:38.246377Z","level":"info","event":"2022-03-01 19시: 2001~3000 완료 (36513개 누적)","logger":"task.stdout"}
{"timestamp":"2025-11-10T01:26:38.898702Z","level":"info","event":"2022-03-01 19시: 3001~3455 완료 (36968개 누적)","logger":"task.stdout"}
{"timestamp":"2025-11-10T01:26:40.114382Z","level":"info","event":"2022-03-01 20시: 1~1000 완료 (37968개 누적)","logger":"task.stdout"}
{"timestamp":"2025-11-10T01:26:41.004025Z","level":"info","event":"2022-03-01 20시: 1001~2000 완료 (38968개 누적)","logger":"task.stdout"}
{"timestamp":"2025-11-10T01:26:41.694632Z","level":"info","event":"2022-03-01 20시: 2001~2807 완료 (39775개 누적)","logger":"task.stdout"}
{"timestamp":"2025-11-10T01:26:42.823538Z","level":"info","event":"2022-03-01 21시: 1~1000 완료 (40775개 누적)","logger":"task.stdout"}
{"timestamp":"2025-11-10T01:26:43.499966Z","level":"info","event":"2022-03-01 21시: 1001~2000 완료 (41775개 누적)","logger":"task.stdout"}
{"timestamp":"2025-11-10T01:26:44.110806Z","level":"info","event":"2022-03-01 21시: 2001~2406 완료 (42181개 누적)","logger":"task.stdout"}
{"timestamp":"2025-11-10T01:26:45.225889Z","level":"info","event":"2022-03-01 22시: 1~1000 완료 (43181개 누적)","logger":"task.stdout"}
{"timestamp":"2025-11-10T01:26:45.896484Z","level":"info","event":"2022-03-01 22시: 1001~1972 완료 (44153개 누적)","logger":"task.stdout"}
{"timestamp":"2025-11-10T01:26:46.900593Z","level":"info","event":"2022-03-01 23시: 1~1000 완료 (45153개 누적)","logger":"task.stdout"}
{"timestamp":"2025-11-10T01:26:47.404665Z","level":"info","event":"2022-03-01 23시: 1001~1081 완료 (45234개 누적)","logger":"task.stdout"}
{"timestamp":"2025-11-10T01:26:48.573261Z","level":"info","event":"2022-03-02 00시: 1~677 완료 (45911개 누적)","logger":"task.stdout"}
{"timestamp":"2025-11-10T01:26:49.722249Z","level":"info","event":"2022-03-02 01시: 1~495 완료 (46406개 누적)","logger":"task.stdout"}
{"timestamp":"2025-11-10T01:26:50.795931Z","level":"info","event":"2022-03-02 02시: 1~300 완료 (46706개 누적)","logger":"task.stdout"}
{"timestamp":"2025-11-10T01:26:51.824895Z","level":"info","event":"2022-03-02 03시: 1~187 완료 (46893개 누적)","logger":"task.stdout"}
{"timestamp":"2025-11-10T01:26:52.916936Z","level":"info","event":"2022-03-02 04시: 1~263 완료 (47156개 누적)","logger":"task.stdout"}
{"timestamp":"2025-11-10T01:26:54.247307Z","level":"info","event":"2022-03-02 05시: 1~593 완료 (47749개 누적)","logger":"task.stdout"}
{"timestamp":"2025-11-10T01:26:55.433326Z","level":"info","event":"2022-03-02 06시: 1~1000 완료 (48749개 누적)","logger":"task.stdout"}
{"timestamp":"2025-11-10T01:26:56.051655Z","level":"info","event":"2022-03-02 06시: 1001~1309 완료 (49058개 누적)","logger":"task.stdout"}
{"timestamp":"2025-11-10T01:26:57.441512Z","level":"info","event":"2022-03-02 07시: 1~1000 완료 (50058개 누적)","logger":"task.stdout"}
{"timestamp":"2025-11-10T01:26:58.269068Z","level":"info","event":"2022-03-02 07시: 1001~2000 완료 (51058개 누적)","logger":"task.stdout"}
{"timestamp":"2025-11-10T01:26:59.101015Z","level":"info","event":"2022-03-02 07시: 2001~3000 완료 (52058개 누적)","logger":"task.stdout"}
{"timestamp":"2025-11-10T01:26:59.845349Z","level":"info","event":"2022-03-02 07시: 3001~3597 완료 (52655개 누적)","logger":"task.stdout"}
{"timestamp":"2025-11-10T01:27:01.510071Z","level":"info","event":"2022-03-02 08시: 1~1000 완료 (53655개 누적)","logger":"task.stdout"}
{"timestamp":"2025-11-10T01:27:02.446327Z","level":"info","event":"2022-03-02 08시: 1001~2000 완료 (54655개 누적)","logger":"task.stdout"}
{"timestamp":"2025-11-10T01:27:03.361712Z","level":"info","event":"2022-03-02 08시: 2001~3000 완료 (55655개 누적)","logger":"task.stdout"}
{"timestamp":"2025-11-10T01:27:04.286858Z","level":"info","event":"2022-03-02 08시: 3001~4000 완료 (56655개 누적)","logger":"task.stdout"}
{"timestamp":"2025-11-10T01:27:05.249290Z","level":"info","event":"2022-03-02 08시: 4001~5000 완료 (57655개 누적)","logger":"task.stdout"}
{"timestamp":"2025-11-10T01:27:06.170919Z","level":"info","event":"2022-03-02 08시: 5001~6000 완료 (58655개 누적)","logger":"task.stdout"}
{"timestamp":"2025-11-10T01:27:07.016994Z","level":"info","event":"2022-03-02 08시: 6001~6333 완료 (58988개 누적)","logger":"task.stdout"}
{"timestamp":"2025-11-10T01:27:08.381300Z","level":"info","event":"2022-03-02 09시: 1~1000 완료 (59988개 누적)","logger":"task.stdout"}
{"timestamp":"2025-11-10T01:27:09.295598Z","level":"info","event":"2022-03-02 09시: 1001~2000 완료 (60988개 누적)","logger":"task.stdout"}
{"timestamp":"2025-11-10T01:27:10.150378Z","level":"info","event":"2022-03-02 09시: 2001~3000 완료 (61988개 누적)","logger":"task.stdout"}
{"timestamp":"2025-11-10T01:27:11.044431Z","level":"info","event":"2022-03-02 09시: 3001~3412 완료 (62400개 누적)","logger":"task.stdout"}
{"timestamp":"2025-11-10T01:27:12.450858Z","level":"info","event":"2022-03-02 10시: 1~1000 완료 (63400개 누적)","logger":"task.stdout"}
{"timestamp":"2025-11-10T01:27:13.234345Z","level":"info","event":"2022-03-02 10시: 1001~2000 완료 (64400개 누적)","logger":"task.stdout"}
{"timestamp":"2025-11-10T01:27:13.971495Z","level":"info","event":"2022-03-02 10시: 2001~2703 완료 (65103개 누적)","logger":"task.stdout"}
{"timestamp":"2025-11-10T01:27:15.388995Z","level":"info","event":"2022-03-02 11시: 1~1000 완료 (66103개 누적)","logger":"task.stdout"}
{"timestamp":"2025-11-10T01:27:16.191510Z","level":"info","event":"2022-03-02 11시: 1001~2000 완료 (67103개 누적)","logger":"task.stdout"}
{"timestamp":"2025-11-10T01:27:16.964658Z","level":"info","event":"2022-03-02 11시: 2001~3000 완료 (68103개 누적)","logger":"task.stdout"}
{"timestamp":"2025-11-10T01:27:17.634666Z","level":"info","event":"2022-03-02 11시: 3001~3133 완료 (68236개 누적)","logger":"task.stdout"}
{"timestamp":"2025-11-10T01:27:19.144661Z","level":"info","event":"2022-03-02 12시: 1~1000 완료 (69236개 누적)","logger":"task.stdout"}
{"timestamp":"2025-11-10T01:27:19.990537Z","level":"info","event":"2022-03-02 12시: 1001~2000 완료 (70236개 누적)","logger":"task.stdout"}
{"timestamp":"2025-11-10T01:27:20.806716Z","level":"info","event":"2022-03-02 12시: 2001~3000 완료 (71236개 누적)","logger":"task.stdout"}
{"timestamp":"2025-11-10T01:27:21.614302Z","level":"info","event":"2022-03-02 12시: 3001~3671 완료 (71907개 누적)","logger":"task.stdout"}
{"timestamp":"2025-11-10T01:27:23.081522Z","level":"info","event":"2022-03-02 13시: 1~1000 완료 (72907개 누적)","logger":"task.stdout"}
{"timestamp":"2025-11-10T01:27:23.917813Z","level":"info","event":"2022-03-02 13시: 1001~2000 완료 (73907개 누적)","logger":"task.stdout"}
{"timestamp":"2025-11-10T01:27:24.803473Z","level":"info","event":"2022-03-02 13시: 2001~3000 완료 (74907개 누적)","logger":"task.stdout"}
{"timestamp":"2025-11-10T01:27:25.589100Z","level":"info","event":"2022-03-02 13시: 3001~3574 완료 (75481개 누적)","logger":"task.stdout"}
{"timestamp":"2025-11-10T01:27:26.938856Z","level":"info","event":"2022-03-02 14시: 1~1000 완료 (76481개 누적)","logger":"task.stdout"}
{"timestamp":"2025-11-10T01:27:27.765304Z","level":"info","event":"2022-03-02 14시: 1001~2000 완료 (77481개 누적)","logger":"task.stdout"}
{"timestamp":"2025-11-10T01:27:28.581170Z","level":"info","event":"2022-03-02 14시: 2001~3000 완료 (78481개 누적)","logger":"task.stdout"}
{"timestamp":"2025-11-10T01:27:29.341791Z","level":"info","event":"2022-03-02 14시: 3001~3570 완료 (79051개 누적)","logger":"task.stdout"}
{"timestamp":"2025-11-10T01:27:30.722699Z","level":"info","event":"2022-03-02 15시: 1~1000 완료 (80051개 누적)","logger":"task.stdout"}
{"timestamp":"2025-11-10T01:27:31.616691Z","level":"info","event":"2022-03-02 15시: 1001~2000 완료 (81051개 누적)","logger":"task.stdout"}
{"timestamp":"2025-11-10T01:27:32.474778Z","level":"info","event":"2022-03-02 15시: 2001~3000 완료 (82051개 누적)","logger":"task.stdout"}
{"timestamp":"2025-11-10T01:27:33.354217Z","level":"info","event":"2022-03-02 15시: 3001~3988 완료 (83039개 누적)","logger":"task.stdout"}
{"timestamp":"2025-11-10T01:27:34.768717Z","level":"info","event":"2022-03-02 16시: 1~1000 완료 (84039개 누적)","logger":"task.stdout"}
{"timestamp":"2025-11-10T01:27:35.656234Z","level":"info","event":"2022-03-02 16시: 1001~2000 완료 (85039개 누적)","logger":"task.stdout"}
{"timestamp":"2025-11-10T01:27:36.500892Z","level":"info","event":"2022-03-02 16시: 2001~3000 완료 (86039개 누적)","logger":"task.stdout"}
{"timestamp":"2025-11-10T01:27:37.414515Z","level":"info","event":"2022-03-02 16시: 3001~4000 완료 (87039개 누적)","logger":"task.stdout"}
{"timestamp":"2025-11-10T01:27:38.214604Z","level":"info","event":"2022-03-02 16시: 4001~4464 완료 (87503개 누적)","logger":"task.stdout"}
{"timestamp":"2025-11-10T01:27:39.822133Z","level":"info","event":"2022-03-02 17시: 1~1000 완료 (88503개 누적)","logger":"task.stdout"}
{"timestamp":"2025-11-10T01:27:40.813920Z","level":"info","event":"2022-03-02 17시: 1001~2000 완료 (89503개 누적)","logger":"task.stdout"}
{"timestamp":"2025-11-10T01:27:41.655374Z","level":"info","event":"2022-03-02 17시: 2001~3000 완료 (90503개 누적)","logger":"task.stdout"}
{"timestamp":"2025-11-10T01:27:42.616261Z","level":"info","event":"2022-03-02 17시: 3001~4000 완료 (91503개 누적)","logger":"task.stdout"}
{"timestamp":"2025-11-10T01:27:43.604932Z","level":"info","event":"2022-03-02 17시: 4001~5000 완료 (92503개 누적)","logger":"task.stdout"}
{"timestamp":"2025-11-10T01:27:44.517652Z","level":"info","event":"2022-03-02 17시: 5001~6000 완료 (93503개 누적)","logger":"task.stdout"}
{"timestamp":"2025-11-10T01:27:45.344163Z","level":"info","event":"2022-03-02 17시: 6001~6303 완료 (93806개 누적)","logger":"task.stdout"}
{"timestamp":"2025-11-10T01:27:47.038927Z","level":"info","event":"2022-03-02 18시: 1~1000 완료 (94806개 누적)","logger":"task.stdout"}
{"timestamp":"2025-11-10T01:27:48.048000Z","level":"info","event":"2022-03-02 18시: 1001~2000 완료 (95806개 누적)","logger":"task.stdout"}
{"timestamp":"2025-11-10T01:27:49.072945Z","level":"info","event":"2022-03-02 18시: 2001~3000 완료 (96806개 누적)","logger":"task.stdout"}
{"timestamp":"2025-11-10T01:27:50.070535Z","level":"info","event":"2022-03-02 18시: 3001~4000 완료 (97806개 누적)","logger":"task.stdout"}
{"timestamp":"2025-11-10T01:27:51.123775Z","level":"info","event":"2022-03-02 18시: 4001~5000 완료 (98806개 누적)","logger":"task.stdout"}
{"timestamp":"2025-11-10T01:27:52.084636Z","level":"info","event":"2022-03-02 18시: 5001~6000 완료 (99806개 누적)","logger":"task.stdout"}
{"timestamp":"2025-11-10T01:27:53.088248Z","level":"info","event":"2022-03-02 18시: 6001~7000 완료 (100806개 누적)","logger":"task.stdout"}
{"timestamp":"2025-11-10T01:27:54.018643Z","level":"info","event":"2022-03-02 18시: 7001~8000 완료 (101806개 누적)","logger":"task.stdout"}
{"timestamp":"2025-11-10T01:27:54.900672Z","level":"info","event":"2022-03-02 18시: 8001~8214 완료 (102020개 누적)","logger":"task.stdout"}
{"timestamp":"2025-11-10T01:27:56.406146Z","level":"info","event":"2022-03-02 19시: 1~1000 완료 (103020개 누적)","logger":"task.stdout"}
{"timestamp":"2025-11-10T01:27:57.288769Z","level":"info","event":"2022-03-02 19시: 1001~2000 완료 (104020개 누적)","logger":"task.stdout"}
{"timestamp":"2025-11-10T01:27:58.312460Z","level":"info","event":"2022-03-02 19시: 2001~3000 완료 (105020개 누적)","logger":"task.stdout"}
{"timestamp":"2025-11-10T01:27:59.252139Z","level":"info","event":"2022-03-02 19시: 3001~4000 완료 (106020개 누적)","logger":"task.stdout"}
{"timestamp":"2025-11-10T01:28:00.076413Z","level":"info","event":"2022-03-02 19시: 4001~5000 완료 (107020개 누적)","logger":"task.stdout"}
{"timestamp":"2025-11-10T01:28:00.796339Z","level":"info","event":"2022-03-02 19시: 5001~5062 완료 (107082개 누적)","logger":"task.stdout"}
{"timestamp":"2025-11-10T01:28:02.297237Z","level":"info","event":"2022-03-02 20시: 1~1000 완료 (108082개 누적)","logger":"task.stdout"}
{"timestamp":"2025-11-10T01:28:03.147204Z","level":"info","event":"2022-03-02 20시: 1001~2000 완료 (109082개 누적)","logger":"task.stdout"}
{"timestamp":"2025-11-10T01:28:03.947381Z","level":"info","event":"2022-03-02 20시: 2001~3000 완료 (110082개 누적)","logger":"task.stdout"}
{"timestamp":"2025-11-10T01:28:04.737340Z","level":"info","event":"2022-03-02 20시: 3001~3727 완료 (110809개 누적)","logger":"task.stdout"}
{"timestamp":"2025-11-10T01:28:06.168453Z","level":"info","event":"2022-03-02 21시: 1~1000 완료 (111809개 누적)","logger":"task.stdout"}
{"timestamp":"2025-11-10T01:28:07.046904Z","level":"info","event":"2022-03-02 21시: 1001~2000 완료 (112809개 누적)","logger":"task.stdout"}
{"timestamp":"2025-11-10T01:28:07.857666Z","level":"info","event":"2022-03-02 21시: 2001~3000 완료 (113809개 누적)","logger":"task.stdout"}
{"timestamp":"2025-11-10T01:28:08.640509Z","level":"info","event":"2022-03-02 21시: 3001~3458 완료 (114267개 누적)","logger":"task.stdout"}
{"timestamp":"2025-11-10T01:28:10.016135Z","level":"info","event":"2022-03-02 22시: 1~1000 완료 (115267개 누적)","logger":"task.stdout"}
{"timestamp":"2025-11-10T01:28:10.807467Z","level":"info","event":"2022-03-02 22시: 1001~2000 완료 (116267개 누적)","logger":"task.stdout"}
{"timestamp":"2025-11-10T01:28:11.588869Z","level":"info","event":"2022-03-02 22시: 2001~2907 완료 (117174개 누적)","logger":"task.stdout"}
{"timestamp":"2025-11-10T01:28:12.865209Z","level":"info","event":"2022-03-02 23시: 1~1000 완료 (118174개 누적)","logger":"task.stdout"}
{"timestamp":"2025-11-10T01:28:13.493052Z","level":"info","event":"2022-03-02 23시: 1001~1367 완료 (118541개 누적)","logger":"task.stdout"}
{"timestamp":"2025-11-10T01:28:14.160320Z","level":"info","event":"","logger":"task.stdout"}
{"timestamp":"2025-11-10T01:28:14.161196Z","level":"info","event":"2022년 3월 총 118541개 수집 완료","logger":"task.stdout"}
{"timestamp":"2025-11-10T01:28:14.199935Z","level":"error","event":"Task failed with exception","logger":"task","filename":"task_runner.py","lineno":999,"error_detail":[{"exc_type":"KeyError","exc_value":"\"['대여 대여소명', '반납대여소명', '자전거번호', '대여거치대', '반납거치대', '이용시간(분)', '반납대여소번호', '대여 대여소번호'] not found in axis\"","exc_notes":[],"syntax_error":null,"is_cause":false,"frames":[{"filename":"/home/airflow/.local/lib/python3.12/site-packages/airflow/sdk/execution_time/task_runner.py","lineno":925,"name":"run"},{"filename":"/home/airflow/.local/lib/python3.12/site-packages/airflow/sdk/execution_time/task_runner.py","lineno":1312,"name":"_execute_task"},{"filename":"/home/airflow/.local/lib/python3.12/site-packages/airflow/sdk/bases/operator.py","lineno":416,"name":"wrapper"},{"filename":"/home/airflow/.local/lib/python3.12/site-packages/airflow/providers/standard/operators/python.py","lineno":213,"name":"execute"},{"filename":"/home/airflow/.local/lib/python3.12/site-packages/airflow/providers/standard/operators/python.py","lineno":236,"name":"execute_callable"},{"filename":"/home/airflow/.local/lib/python3.12/site-packages/airflow/sdk/execution_time/callback_runner.py","lineno":82,"name":"run"},{"filename":"/opt/airflow/dags/seoul_bike_rent_2022.py","lineno":40,"name":"collect_month"},{"filename":"/opt/airflow/plugins/rent_history_utils.py","lineno":102,"name":"preprocess_rent_data"},{"filename":"/home/airflow/.local/lib/python3.12/site-packages/pandas/core/frame.py","lineno":5344,"name":"drop"},{"filename":"/home/airflow/.local/lib/python3.12/site-packages/pandas/core/generic.py","lineno":4711,"name":"drop"},{"filename":"/home/airflow/.local/lib/python3.12/site-packages/pandas/core/generic.py","lineno":4753,"name":"_drop_axis"},{"filename":"/home/airflow/.local/lib/python3.12/site-packages/pandas/core/indexes/base.py","lineno":7000,"name":"drop"}],"is_group":false,"exceptions":[]}]}
