{"timestamp":"2025-11-10T01:25:56.879064Z","level":"info","event":"DAG bundles loaded: dags-folder","logger":"airflow.dag_processing.bundles.manager.DagBundlesManager","filename":"manager.py","lineno":179}
{"timestamp":"2025-11-10T01:25:56.879583Z","level":"info","event":"Filling up the DagBag from /opt/airflow/dags/seoul_bike_rent_2022.py","logger":"airflow.models.dagbag.DagBag","filename":"dagbag.py","lineno":593}
{"timestamp":"2025-11-10T01:25:56.925523Z","level":"warning","event":"The `airflow.operators.python.PythonOperator` attribute is deprecated. Please use `'airflow.providers.standard.operators.python.PythonOperator'`.","category":"DeprecatedImportWarning","filename":"/opt/airflow/dags/seoul_bike_rent_2022.py","lineno":2,"logger":"py.warnings"}
{"timestamp":"2025-11-10T01:25:57.042824Z","level":"info","event":"Found credentials in environment variables.","logger":"botocore.credentials","filename":"credentials.py","lineno":1224}
{"timestamp":"2025-11-10T01:25:57.481256Z","level":"info","event":"유효한 정거장 3202개 로드","logger":"task.stdout"}
{"timestamp":"2025-11-10T01:26:00.093975Z","level":"info","event":"2022-11-01 00시: 1~1000 완료 (1000개 누적)","logger":"task.stdout"}
{"timestamp":"2025-11-10T01:26:01.342210Z","level":"info","event":"2022-11-01 00시: 1001~2000 완료 (2000개 누적)","logger":"task.stdout"}
{"timestamp":"2025-11-10T01:26:02.633881Z","level":"info","event":"2022-11-01 00시: 2001~2896 완료 (2896개 누적)","logger":"task.stdout"}
{"timestamp":"2025-11-10T01:26:04.692575Z","level":"info","event":"2022-11-01 01시: 1~1000 완료 (3896개 누적)","logger":"task.stdout"}
{"timestamp":"2025-11-10T01:26:05.812780Z","level":"info","event":"2022-11-01 01시: 1001~1927 완료 (4823개 누적)","logger":"task.stdout"}
{"timestamp":"2025-11-10T01:26:07.866124Z","level":"info","event":"2022-11-01 02시: 1~1000 완료 (5823개 누적)","logger":"task.stdout"}
{"timestamp":"2025-11-10T01:26:08.853357Z","level":"info","event":"2022-11-01 02시: 1001~1221 완료 (6044개 누적)","logger":"task.stdout"}
{"timestamp":"2025-11-10T01:26:10.805252Z","level":"info","event":"2022-11-01 03시: 1~758 완료 (6802개 누적)","logger":"task.stdout"}
{"timestamp":"2025-11-10T01:26:12.819829Z","level":"info","event":"2022-11-01 04시: 1~609 완료 (7411개 누적)","logger":"task.stdout"}
{"timestamp":"2025-11-10T01:26:14.878256Z","level":"info","event":"2022-11-01 05시: 1~1000 완료 (8411개 누적)","logger":"task.stdout"}
{"timestamp":"2025-11-10T01:26:15.969046Z","level":"info","event":"2022-11-01 05시: 1001~1511 완료 (8922개 누적)","logger":"task.stdout"}
{"timestamp":"2025-11-10T01:26:18.184265Z","level":"info","event":"2022-11-01 06시: 1~1000 완료 (9922개 누적)","logger":"task.stdout"}
{"timestamp":"2025-11-10T01:26:19.449888Z","level":"info","event":"2022-11-01 06시: 1001~2000 완료 (10922개 누적)","logger":"task.stdout"}
{"timestamp":"2025-11-10T01:26:20.709459Z","level":"info","event":"2022-11-01 06시: 2001~3000 완료 (11922개 누적)","logger":"task.stdout"}
{"timestamp":"2025-11-10T01:26:21.888140Z","level":"info","event":"2022-11-01 06시: 3001~3342 완료 (12264개 누적)","logger":"task.stdout"}
{"timestamp":"2025-11-10T01:26:24.640921Z","level":"info","event":"2022-11-01 07시: 1~1000 완료 (13264개 누적)","logger":"task.stdout"}
{"timestamp":"2025-11-10T01:26:26.170627Z","level":"info","event":"2022-11-01 07시: 1001~2000 완료 (14264개 누적)","logger":"task.stdout"}
{"timestamp":"2025-11-10T01:26:27.693661Z","level":"info","event":"2022-11-01 07시: 2001~3000 완료 (15264개 누적)","logger":"task.stdout"}
{"timestamp":"2025-11-10T01:26:29.228199Z","level":"info","event":"2022-11-01 07시: 3001~4000 완료 (16264개 누적)","logger":"task.stdout"}
{"timestamp":"2025-11-10T01:26:30.602474Z","level":"info","event":"2022-11-01 07시: 4001~5000 완료 (17264개 누적)","logger":"task.stdout"}
{"timestamp":"2025-11-10T01:26:32.069046Z","level":"info","event":"2022-11-01 07시: 5001~6000 완료 (18264개 누적)","logger":"task.stdout"}
{"timestamp":"2025-11-10T01:26:33.570824Z","level":"info","event":"2022-11-01 07시: 6001~7000 완료 (19264개 누적)","logger":"task.stdout"}
{"timestamp":"2025-11-10T01:26:35.087348Z","level":"info","event":"2022-11-01 07시: 7001~8000 완료 (20264개 누적)","logger":"task.stdout"}
{"timestamp":"2025-11-10T01:26:36.632678Z","level":"info","event":"2022-11-01 07시: 8001~9000 완료 (21264개 누적)","logger":"task.stdout"}
{"timestamp":"2025-11-10T01:26:38.151835Z","level":"info","event":"2022-11-01 07시: 9001~10000 완료 (22264개 누적)","logger":"task.stdout"}
{"timestamp":"2025-11-10T01:26:39.498160Z","level":"info","event":"2022-11-01 07시: 10001~10044 완료 (22308개 누적)","logger":"task.stdout"}
{"timestamp":"2025-11-10T01:26:42.651353Z","level":"info","event":"2022-11-01 08시: 1~1000 완료 (23308개 누적)","logger":"task.stdout"}
{"timestamp":"2025-11-10T01:26:44.439774Z","level":"info","event":"2022-11-01 08시: 1001~2000 완료 (24308개 누적)","logger":"task.stdout"}
{"timestamp":"2025-11-10T01:26:46.053209Z","level":"info","event":"2022-11-01 08시: 2001~3000 완료 (25308개 누적)","logger":"task.stdout"}
{"timestamp":"2025-11-10T01:26:47.811852Z","level":"info","event":"2022-11-01 08시: 3001~4000 완료 (26308개 누적)","logger":"task.stdout"}
{"timestamp":"2025-11-10T01:26:49.548950Z","level":"info","event":"2022-11-01 08시: 4001~5000 완료 (27308개 누적)","logger":"task.stdout"}
{"timestamp":"2025-11-10T01:26:51.273338Z","level":"info","event":"2022-11-01 08시: 5001~6000 완료 (28308개 누적)","logger":"task.stdout"}
{"timestamp":"2025-11-10T01:26:53.163972Z","level":"info","event":"2022-11-01 08시: 6001~7000 완료 (29308개 누적)","logger":"task.stdout"}
{"timestamp":"2025-11-10T01:26:54.822488Z","level":"info","event":"2022-11-01 08시: 7001~8000 완료 (30308개 누적)","logger":"task.stdout"}
{"timestamp":"2025-11-10T01:26:56.389221Z","level":"info","event":"2022-11-01 08시: 8001~9000 완료 (31308개 누적)","logger":"task.stdout"}
{"timestamp":"2025-11-10T01:26:58.105482Z","level":"info","event":"2022-11-01 08시: 9001~10000 완료 (32308개 누적)","logger":"task.stdout"}
{"timestamp":"2025-11-10T01:26:59.757895Z","level":"info","event":"2022-11-01 08시: 10001~11000 완료 (33308개 누적)","logger":"task.stdout"}
{"timestamp":"2025-11-10T01:27:01.386235Z","level":"info","event":"2022-11-01 08시: 11001~12000 완료 (34308개 누적)","logger":"task.stdout"}
{"timestamp":"2025-11-10T01:27:03.051996Z","level":"info","event":"2022-11-01 08시: 12001~13000 완료 (35308개 누적)","logger":"task.stdout"}
{"timestamp":"2025-11-10T01:27:04.645166Z","level":"info","event":"2022-11-01 08시: 13001~14000 완료 (36308개 누적)","logger":"task.stdout"}
{"timestamp":"2025-11-10T01:27:06.430941Z","level":"info","event":"2022-11-01 08시: 14001~15000 완료 (37308개 누적)","logger":"task.stdout"}
{"timestamp":"2025-11-10T01:27:08.079503Z","level":"info","event":"2022-11-01 08시: 15001~15912 완료 (38220개 누적)","logger":"task.stdout"}
{"timestamp":"2025-11-10T01:27:11.079856Z","level":"info","event":"2022-11-01 09시: 1~1000 완료 (39220개 누적)","logger":"task.stdout"}
{"timestamp":"2025-11-10T01:27:12.528303Z","level":"info","event":"2022-11-01 09시: 1001~2000 완료 (40220개 누적)","logger":"task.stdout"}
{"timestamp":"2025-11-10T01:27:13.822404Z","level":"info","event":"2022-11-01 09시: 2001~3000 완료 (41220개 누적)","logger":"task.stdout"}
{"timestamp":"2025-11-10T01:27:15.152495Z","level":"info","event":"2022-11-01 09시: 3001~4000 완료 (42220개 누적)","logger":"task.stdout"}
{"timestamp":"2025-11-10T01:27:16.612428Z","level":"info","event":"2022-11-01 09시: 4001~5000 완료 (43220개 누적)","logger":"task.stdout"}
{"timestamp":"2025-11-10T01:27:17.995175Z","level":"info","event":"2022-11-01 09시: 5001~6000 완료 (44220개 누적)","logger":"task.stdout"}
{"timestamp":"2025-11-10T01:27:19.389634Z","level":"info","event":"2022-11-01 09시: 6001~7000 완료 (45220개 누적)","logger":"task.stdout"}
{"timestamp":"2025-11-10T01:27:20.750579Z","level":"info","event":"2022-11-01 09시: 7001~7644 완료 (45864개 누적)","logger":"task.stdout"}
{"timestamp":"2025-11-10T01:27:23.180276Z","level":"info","event":"2022-11-01 10시: 1~1000 완료 (46864개 누적)","logger":"task.stdout"}
{"timestamp":"2025-11-10T01:27:24.434237Z","level":"info","event":"2022-11-01 10시: 1001~2000 완료 (47864개 누적)","logger":"task.stdout"}
{"timestamp":"2025-11-10T01:27:25.715780Z","level":"info","event":"2022-11-01 10시: 2001~3000 완료 (48864개 누적)","logger":"task.stdout"}
{"timestamp":"2025-11-10T01:27:27.009304Z","level":"info","event":"2022-11-01 10시: 3001~4000 완료 (49864개 누적)","logger":"task.stdout"}
{"timestamp":"2025-11-10T01:27:28.305268Z","level":"info","event":"2022-11-01 10시: 4001~5000 완료 (50864개 누적)","logger":"task.stdout"}
{"timestamp":"2025-11-10T01:27:29.412927Z","level":"info","event":"2022-11-01 10시: 5001~5078 완료 (50942개 누적)","logger":"task.stdout"}
{"timestamp":"2025-11-10T01:27:31.872981Z","level":"info","event":"2022-11-01 11시: 1~1000 완료 (51942개 누적)","logger":"task.stdout"}
{"timestamp":"2025-11-10T01:27:33.291166Z","level":"info","event":"2022-11-01 11시: 1001~2000 완료 (52942개 누적)","logger":"task.stdout"}
{"timestamp":"2025-11-10T01:27:34.637655Z","level":"info","event":"2022-11-01 11시: 2001~3000 완료 (53942개 누적)","logger":"task.stdout"}
{"timestamp":"2025-11-10T01:27:35.967062Z","level":"info","event":"2022-11-01 11시: 3001~4000 완료 (54942개 누적)","logger":"task.stdout"}
{"timestamp":"2025-11-10T01:27:37.406895Z","level":"info","event":"2022-11-01 11시: 4001~5000 완료 (55942개 누적)","logger":"task.stdout"}
{"timestamp":"2025-11-10T01:27:38.836920Z","level":"info","event":"2022-11-01 11시: 5001~5992 완료 (56934개 누적)","logger":"task.stdout"}
{"timestamp":"2025-11-10T01:27:41.359709Z","level":"info","event":"2022-11-01 12시: 1~1000 완료 (57934개 누적)","logger":"task.stdout"}
{"timestamp":"2025-11-10T01:27:42.753190Z","level":"info","event":"2022-11-01 12시: 1001~2000 완료 (58934개 누적)","logger":"task.stdout"}
{"timestamp":"2025-11-10T01:27:44.075233Z","level":"info","event":"2022-11-01 12시: 2001~3000 완료 (59934개 누적)","logger":"task.stdout"}
{"timestamp":"2025-11-10T01:27:45.431981Z","level":"info","event":"2022-11-01 12시: 3001~4000 완료 (60934개 누적)","logger":"task.stdout"}
{"timestamp":"2025-11-10T01:27:46.764503Z","level":"info","event":"2022-11-01 12시: 4001~5000 완료 (61934개 누적)","logger":"task.stdout"}
{"timestamp":"2025-11-10T01:27:48.136544Z","level":"info","event":"2022-11-01 12시: 5001~6000 완료 (62934개 누적)","logger":"task.stdout"}
{"timestamp":"2025-11-10T01:27:49.500062Z","level":"info","event":"2022-11-01 12시: 6001~6634 완료 (63568개 누적)","logger":"task.stdout"}
{"timestamp":"2025-11-10T01:27:51.870031Z","level":"info","event":"2022-11-01 13시: 1~1000 완료 (64568개 누적)","logger":"task.stdout"}
{"timestamp":"2025-11-10T01:27:53.272286Z","level":"info","event":"2022-11-01 13시: 1001~2000 완료 (65568개 누적)","logger":"task.stdout"}
{"timestamp":"2025-11-10T01:27:54.603296Z","level":"info","event":"2022-11-01 13시: 2001~3000 완료 (66568개 누적)","logger":"task.stdout"}
{"timestamp":"2025-11-10T01:27:55.901381Z","level":"info","event":"2022-11-01 13시: 3001~4000 완료 (67568개 누적)","logger":"task.stdout"}
{"timestamp":"2025-11-10T01:27:57.263383Z","level":"info","event":"2022-11-01 13시: 4001~5000 완료 (68568개 누적)","logger":"task.stdout"}
{"timestamp":"2025-11-10T01:27:58.624746Z","level":"info","event":"2022-11-01 13시: 5001~6000 완료 (69568개 누적)","logger":"task.stdout"}
{"timestamp":"2025-11-10T01:27:59.860835Z","level":"info","event":"2022-11-01 13시: 6001~6332 완료 (69900개 누적)","logger":"task.stdout"}
{"timestamp":"2025-11-10T01:28:02.216462Z","level":"info","event":"2022-11-01 14시: 1~1000 완료 (70900개 누적)","logger":"task.stdout"}
{"timestamp":"2025-11-10T01:28:03.666898Z","level":"info","event":"2022-11-01 14시: 1001~2000 완료 (71900개 누적)","logger":"task.stdout"}
{"timestamp":"2025-11-10T01:28:05.045933Z","level":"info","event":"2022-11-01 14시: 2001~3000 완료 (72900개 누적)","logger":"task.stdout"}
{"timestamp":"2025-11-10T01:28:06.464009Z","level":"info","event":"2022-11-01 14시: 3001~4000 완료 (73900개 누적)","logger":"task.stdout"}
{"timestamp":"2025-11-10T01:28:07.787872Z","level":"info","event":"2022-11-01 14시: 4001~5000 완료 (74900개 누적)","logger":"task.stdout"}
{"timestamp":"2025-11-10T01:28:09.178720Z","level":"info","event":"2022-11-01 14시: 5001~6000 완료 (75900개 누적)","logger":"task.stdout"}
{"timestamp":"2025-11-10T01:28:10.439529Z","level":"info","event":"2022-11-01 14시: 6001~6478 완료 (76378개 누적)","logger":"task.stdout"}
{"timestamp":"2025-11-10T01:28:13.021755Z","level":"info","event":"2022-11-01 15시: 1~1000 완료 (77378개 누적)","logger":"task.stdout"}
{"timestamp":"2025-11-10T01:28:14.480880Z","level":"info","event":"2022-11-01 15시: 1001~2000 완료 (78378개 누적)","logger":"task.stdout"}
{"timestamp":"2025-11-10T01:28:15.882955Z","level":"info","event":"2022-11-01 15시: 2001~3000 완료 (79378개 누적)","logger":"task.stdout"}
{"timestamp":"2025-11-10T01:28:17.264055Z","level":"info","event":"2022-11-01 15시: 3001~4000 완료 (80378개 누적)","logger":"task.stdout"}
{"timestamp":"2025-11-10T01:28:18.930280Z","level":"info","event":"2022-11-01 15시: 4001~5000 완료 (81378개 누적)","logger":"task.stdout"}
{"timestamp":"2025-11-10T01:28:20.311361Z","level":"info","event":"2022-11-01 15시: 5001~6000 완료 (82378개 누적)","logger":"task.stdout"}
{"timestamp":"2025-11-10T01:28:21.755850Z","level":"info","event":"2022-11-01 15시: 6001~7000 완료 (83378개 누적)","logger":"task.stdout"}
{"timestamp":"2025-11-10T01:28:23.124216Z","level":"info","event":"2022-11-01 15시: 7001~7304 완료 (83682개 누적)","logger":"task.stdout"}
{"timestamp":"2025-11-10T01:28:25.961254Z","level":"info","event":"2022-11-01 16시: 1~1000 완료 (84682개 누적)","logger":"task.stdout"}
{"timestamp":"2025-11-10T01:28:27.428158Z","level":"info","event":"2022-11-01 16시: 1001~2000 완료 (85682개 누적)","logger":"task.stdout"}
{"timestamp":"2025-11-10T01:28:29.086462Z","level":"info","event":"2022-11-01 16시: 2001~3000 완료 (86682개 누적)","logger":"task.stdout"}
{"timestamp":"2025-11-10T01:28:30.651323Z","level":"info","event":"2022-11-01 16시: 3001~4000 완료 (87682개 누적)","logger":"task.stdout"}
{"timestamp":"2025-11-10T01:28:32.088441Z","level":"info","event":"2022-11-01 16시: 4001~5000 완료 (88682개 누적)","logger":"task.stdout"}
{"timestamp":"2025-11-10T01:28:33.542696Z","level":"info","event":"2022-11-01 16시: 5001~6000 완료 (89682개 누적)","logger":"task.stdout"}
{"timestamp":"2025-11-10T01:28:35.064739Z","level":"info","event":"2022-11-01 16시: 6001~7000 완료 (90682개 누적)","logger":"task.stdout"}
{"timestamp":"2025-11-10T01:28:36.495981Z","level":"info","event":"2022-11-01 16시: 7001~8000 완료 (91682개 누적)","logger":"task.stdout"}
{"timestamp":"2025-11-10T01:28:37.994560Z","level":"info","event":"2022-11-01 16시: 8001~9000 완료 (92682개 누적)","logger":"task.stdout"}
{"timestamp":"2025-11-10T01:28:39.480402Z","level":"info","event":"2022-11-01 16시: 9001~10000 완료 (93682개 누적)","logger":"task.stdout"}
{"timestamp":"2025-11-10T01:28:40.970472Z","level":"info","event":"2022-11-01 16시: 10001~10321 완료 (94003개 누적)","logger":"task.stdout"}
{"timestamp":"2025-11-10T01:28:43.917351Z","level":"info","event":"2022-11-01 17시: 1~1000 완료 (95003개 누적)","logger":"task.stdout"}
{"timestamp":"2025-11-10T01:28:45.481951Z","level":"info","event":"2022-11-01 17시: 1001~2000 완료 (96003개 누적)","logger":"task.stdout"}
{"timestamp":"2025-11-10T01:28:47.078984Z","level":"info","event":"2022-11-01 17시: 2001~3000 완료 (97003개 누적)","logger":"task.stdout"}
{"timestamp":"2025-11-10T01:28:48.704237Z","level":"info","event":"2022-11-01 17시: 3001~4000 완료 (98003개 누적)","logger":"task.stdout"}
{"timestamp":"2025-11-10T01:28:50.278444Z","level":"info","event":"2022-11-01 17시: 4001~5000 완료 (99003개 누적)","logger":"task.stdout"}
{"timestamp":"2025-11-10T01:28:51.940663Z","level":"info","event":"2022-11-01 17시: 5001~6000 완료 (100003개 누적)","logger":"task.stdout"}
{"timestamp":"2025-11-10T01:28:53.565277Z","level":"info","event":"2022-11-01 17시: 6001~7000 완료 (101003개 누적)","logger":"task.stdout"}
{"timestamp":"2025-11-10T01:28:55.222444Z","level":"info","event":"2022-11-01 17시: 7001~8000 완료 (102003개 누적)","logger":"task.stdout"}
{"timestamp":"2025-11-10T01:28:56.803849Z","level":"info","event":"2022-11-01 17시: 8001~9000 완료 (103003개 누적)","logger":"task.stdout"}
{"timestamp":"2025-11-10T01:28:58.494780Z","level":"info","event":"2022-11-01 17시: 9001~10000 완료 (104003개 누적)","logger":"task.stdout"}
{"timestamp":"2025-11-10T01:29:00.111555Z","level":"info","event":"2022-11-01 17시: 10001~11000 완료 (105003개 누적)","logger":"task.stdout"}
{"timestamp":"2025-11-10T01:29:01.632728Z","level":"info","event":"2022-11-01 17시: 11001~12000 완료 (106003개 누적)","logger":"task.stdout"}
{"timestamp":"2025-11-10T01:29:03.325895Z","level":"info","event":"2022-11-01 17시: 12001~13000 완료 (107003개 누적)","logger":"task.stdout"}
{"timestamp":"2025-11-10T01:29:05.069394Z","level":"info","event":"2022-11-01 17시: 13001~13988 완료 (107991개 누적)","logger":"task.stdout"}
{"timestamp":"2025-11-10T01:29:08.319596Z","level":"info","event":"2022-11-01 18시: 1~1000 완료 (108991개 누적)","logger":"task.stdout"}
{"timestamp":"2025-11-10T01:29:10.103260Z","level":"info","event":"2022-11-01 18시: 1001~2000 완료 (109991개 누적)","logger":"task.stdout"}
{"timestamp":"2025-11-10T01:29:11.825776Z","level":"info","event":"2022-11-01 18시: 2001~3000 완료 (110991개 누적)","logger":"task.stdout"}
{"timestamp":"2025-11-10T01:29:13.566101Z","level":"info","event":"2022-11-01 18시: 3001~4000 완료 (111991개 누적)","logger":"task.stdout"}
{"timestamp":"2025-11-10T01:29:15.323990Z","level":"info","event":"2022-11-01 18시: 4001~5000 완료 (112991개 누적)","logger":"task.stdout"}
{"timestamp":"2025-11-10T01:29:17.027411Z","level":"info","event":"2022-11-01 18시: 5001~6000 완료 (113991개 누적)","logger":"task.stdout"}
{"timestamp":"2025-11-10T01:29:18.787291Z","level":"info","event":"2022-11-01 18시: 6001~7000 완료 (114991개 누적)","logger":"task.stdout"}
{"timestamp":"2025-11-10T01:29:20.588193Z","level":"info","event":"2022-11-01 18시: 7001~8000 완료 (115991개 누적)","logger":"task.stdout"}
{"timestamp":"2025-11-10T01:29:22.326048Z","level":"info","event":"2022-11-01 18시: 8001~9000 완료 (116991개 누적)","logger":"task.stdout"}
{"timestamp":"2025-11-10T01:29:24.098422Z","level":"info","event":"2022-11-01 18시: 9001~10000 완료 (117991개 누적)","logger":"task.stdout"}
{"timestamp":"2025-11-10T01:29:25.761809Z","level":"info","event":"2022-11-01 18시: 10001~11000 완료 (118991개 누적)","logger":"task.stdout"}
{"timestamp":"2025-11-10T01:29:27.488882Z","level":"info","event":"2022-11-01 18시: 11001~12000 완료 (119991개 누적)","logger":"task.stdout"}
{"timestamp":"2025-11-10T01:29:29.293772Z","level":"info","event":"2022-11-01 18시: 12001~13000 완료 (120991개 누적)","logger":"task.stdout"}
{"timestamp":"2025-11-10T01:29:30.978065Z","level":"info","event":"2022-11-01 18시: 13001~14000 완료 (121991개 누적)","logger":"task.stdout"}
{"timestamp":"2025-11-10T01:29:32.803263Z","level":"info","event":"2022-11-01 18시: 14001~15000 완료 (122991개 누적)","logger":"task.stdout"}
{"timestamp":"2025-11-10T01:29:34.592284Z","level":"info","event":"2022-11-01 18시: 15001~16000 완료 (123991개 누적)","logger":"task.stdout"}
{"timestamp":"2025-11-10T01:29:36.423682Z","level":"info","event":"2022-11-01 18시: 16001~17000 완료 (124991개 누적)","logger":"task.stdout"}
{"timestamp":"2025-11-10T01:29:38.222150Z","level":"info","event":"2022-11-01 18시: 17001~18000 완료 (125991개 누적)","logger":"task.stdout"}
{"timestamp":"2025-11-10T01:29:39.919995Z","level":"info","event":"2022-11-01 18시: 18001~18545 완료 (126536개 누적)","logger":"task.stdout"}
{"timestamp":"2025-11-10T01:29:42.834561Z","level":"info","event":"2022-11-01 19시: 1~1000 완료 (127536개 누적)","logger":"task.stdout"}
{"timestamp":"2025-11-10T01:29:44.323360Z","level":"info","event":"2022-11-01 19시: 1001~2000 완료 (128536개 누적)","logger":"task.stdout"}
{"timestamp":"2025-11-10T01:29:45.868960Z","level":"info","event":"2022-11-01 19시: 2001~3000 완료 (129536개 누적)","logger":"task.stdout"}
{"timestamp":"2025-11-10T01:29:47.426409Z","level":"info","event":"2022-11-01 19시: 3001~4000 완료 (130536개 누적)","logger":"task.stdout"}
{"timestamp":"2025-11-10T01:29:48.939573Z","level":"info","event":"2022-11-01 19시: 4001~5000 완료 (131536개 누적)","logger":"task.stdout"}
{"timestamp":"2025-11-10T01:29:50.505519Z","level":"info","event":"2022-11-01 19시: 5001~6000 완료 (132536개 누적)","logger":"task.stdout"}
{"timestamp":"2025-11-10T01:29:51.992422Z","level":"info","event":"2022-11-01 19시: 6001~7000 완료 (133536개 누적)","logger":"task.stdout"}
{"timestamp":"2025-11-10T01:29:53.435878Z","level":"info","event":"2022-11-01 19시: 7001~8000 완료 (134536개 누적)","logger":"task.stdout"}
{"timestamp":"2025-11-10T01:29:54.958036Z","level":"info","event":"2022-11-01 19시: 8001~9000 완료 (135536개 누적)","logger":"task.stdout"}
{"timestamp":"2025-11-10T01:29:56.495984Z","level":"info","event":"2022-11-01 19시: 9001~10000 완료 (136536개 누적)","logger":"task.stdout"}
{"timestamp":"2025-11-10T01:29:58.009334Z","level":"info","event":"2022-11-01 19시: 10001~11000 완료 (137536개 누적)","logger":"task.stdout"}
{"timestamp":"2025-11-10T01:29:59.520980Z","level":"info","event":"2022-11-01 19시: 11001~11816 완료 (138352개 누적)","logger":"task.stdout"}
{"timestamp":"2025-11-10T01:30:02.189999Z","level":"info","event":"2022-11-01 20시: 1~1000 완료 (139352개 누적)","logger":"task.stdout"}
{"timestamp":"2025-11-10T01:30:03.782742Z","level":"info","event":"2022-11-01 20시: 1001~2000 완료 (140352개 누적)","logger":"task.stdout"}
{"timestamp":"2025-11-10T01:30:05.622715Z","level":"info","event":"2022-11-01 20시: 2001~3000 완료 (141352개 누적)","logger":"task.stdout"}
{"timestamp":"2025-11-10T01:30:07.254399Z","level":"info","event":"2022-11-01 20시: 3001~4000 완료 (142352개 누적)","logger":"task.stdout"}
{"timestamp":"2025-11-10T01:30:08.760298Z","level":"info","event":"2022-11-01 20시: 4001~5000 완료 (143352개 누적)","logger":"task.stdout"}
{"timestamp":"2025-11-10T01:30:10.301329Z","level":"info","event":"2022-11-01 20시: 5001~6000 완료 (144352개 누적)","logger":"task.stdout"}
{"timestamp":"2025-11-10T01:30:11.864991Z","level":"info","event":"2022-11-01 20시: 6001~7000 완료 (145352개 누적)","logger":"task.stdout"}
{"timestamp":"2025-11-10T01:30:13.308344Z","level":"info","event":"2022-11-01 20시: 7001~8000 완료 (146352개 누적)","logger":"task.stdout"}
{"timestamp":"2025-11-10T01:30:14.695421Z","level":"info","event":"2022-11-01 20시: 8001~9000 완료 (147352개 누적)","logger":"task.stdout"}
{"timestamp":"2025-11-10T01:30:16.065688Z","level":"info","event":"2022-11-01 20시: 9001~9655 완료 (148007개 누적)","logger":"task.stdout"}
{"timestamp":"2025-11-10T01:30:18.529048Z","level":"info","event":"2022-11-01 21시: 1~1000 완료 (149007개 누적)","logger":"task.stdout"}
{"timestamp":"2025-11-10T01:30:19.907787Z","level":"info","event":"2022-11-01 21시: 1001~2000 완료 (150007개 누적)","logger":"task.stdout"}
{"timestamp":"2025-11-10T01:30:21.390965Z","level":"info","event":"2022-11-01 21시: 2001~3000 완료 (151007개 누적)","logger":"task.stdout"}
{"timestamp":"2025-11-10T01:30:22.738421Z","level":"info","event":"2022-11-01 21시: 3001~4000 완료 (152007개 누적)","logger":"task.stdout"}
{"timestamp":"2025-11-10T01:30:24.211996Z","level":"info","event":"2022-11-01 21시: 4001~5000 완료 (153007개 누적)","logger":"task.stdout"}
{"timestamp":"2025-11-10T01:30:25.651150Z","level":"info","event":"2022-11-01 21시: 5001~6000 완료 (154007개 누적)","logger":"task.stdout"}
{"timestamp":"2025-11-10T01:30:27.114638Z","level":"info","event":"2022-11-01 21시: 6001~7000 완료 (155007개 누적)","logger":"task.stdout"}
{"timestamp":"2025-11-10T01:30:28.546234Z","level":"info","event":"2022-11-01 21시: 7001~8000 완료 (156007개 누적)","logger":"task.stdout"}
{"timestamp":"2025-11-10T01:30:29.870083Z","level":"info","event":"2022-11-01 21시: 8001~8326 완료 (156333개 누적)","logger":"task.stdout"}
{"timestamp":"2025-11-10T01:30:32.246990Z","level":"info","event":"2022-11-01 22시: 1~1000 완료 (157333개 누적)","logger":"task.stdout"}
{"timestamp":"2025-11-10T01:30:33.544396Z","level":"info","event":"2022-11-01 22시: 1001~2000 완료 (158333개 누적)","logger":"task.stdout"}
{"timestamp":"2025-11-10T01:30:34.947887Z","level":"info","event":"2022-11-01 22시: 2001~3000 완료 (159333개 누적)","logger":"task.stdout"}
{"timestamp":"2025-11-10T01:30:36.337665Z","level":"info","event":"2022-11-01 22시: 3001~4000 완료 (160333개 누적)","logger":"task.stdout"}
{"timestamp":"2025-11-10T01:30:37.675671Z","level":"info","event":"2022-11-01 22시: 4001~5000 완료 (161333개 누적)","logger":"task.stdout"}
{"timestamp":"2025-11-10T01:30:38.995477Z","level":"info","event":"2022-11-01 22시: 5001~6000 완료 (162333개 누적)","logger":"task.stdout"}
{"timestamp":"2025-11-10T01:30:40.296757Z","level":"info","event":"2022-11-01 22시: 6001~6904 완료 (163237개 누적)","logger":"task.stdout"}
{"timestamp":"2025-11-10T01:30:42.550817Z","level":"info","event":"2022-11-01 23시: 1~1000 완료 (164237개 누적)","logger":"task.stdout"}
{"timestamp":"2025-11-10T01:30:43.826084Z","level":"info","event":"2022-11-01 23시: 1001~2000 완료 (165237개 누적)","logger":"task.stdout"}
{"timestamp":"2025-11-10T01:30:45.227896Z","level":"info","event":"2022-11-01 23시: 2001~3000 완료 (166237개 누적)","logger":"task.stdout"}
{"timestamp":"2025-11-10T01:30:46.571892Z","level":"info","event":"2022-11-01 23시: 3001~4000 완료 (167237개 누적)","logger":"task.stdout"}
{"timestamp":"2025-11-10T01:30:47.842409Z","level":"info","event":"2022-11-01 23시: 4001~4215 완료 (167452개 누적)","logger":"task.stdout"}
{"timestamp":"2025-11-10T01:30:51.231271Z","level":"info","event":"2022-11-02 00시: 1~1000 완료 (168452개 누적)","logger":"task.stdout"}
{"timestamp":"2025-11-10T01:30:52.556695Z","level":"info","event":"2022-11-02 00시: 1001~2000 완료 (169452개 누적)","logger":"task.stdout"}
{"timestamp":"2025-11-10T01:30:54.895749Z","level":"info","event":"2022-11-02 00시: 2001~2940 완료 (170392개 누적)","logger":"task.stdout"}
{"timestamp":"2025-11-10T01:30:57.022115Z","level":"info","event":"2022-11-02 01시: 1~1000 완료 (171392개 누적)","logger":"task.stdout"}
{"timestamp":"2025-11-10T01:30:58.194856Z","level":"info","event":"2022-11-02 01시: 1001~1920 완료 (172312개 누적)","logger":"task.stdout"}
{"timestamp":"2025-11-10T01:31:00.183922Z","level":"info","event":"2022-11-02 02시: 1~1000 완료 (173312개 누적)","logger":"task.stdout"}
{"timestamp":"2025-11-10T01:31:01.192529Z","level":"info","event":"2022-11-02 02시: 1001~1117 완료 (173429개 누적)","logger":"task.stdout"}
{"timestamp":"2025-11-10T01:31:03.267132Z","level":"info","event":"2022-11-02 03시: 1~703 완료 (174132개 누적)","logger":"task.stdout"}
{"timestamp":"2025-11-10T01:31:05.323207Z","level":"info","event":"2022-11-02 04시: 1~623 완료 (174755개 누적)","logger":"task.stdout"}
{"timestamp":"2025-11-10T01:31:07.495379Z","level":"info","event":"2022-11-02 05시: 1~1000 완료 (175755개 누적)","logger":"task.stdout"}
{"timestamp":"2025-11-10T01:31:08.520852Z","level":"info","event":"2022-11-02 05시: 1001~1424 완료 (176179개 누적)","logger":"task.stdout"}
{"timestamp":"2025-11-10T01:31:10.635780Z","level":"info","event":"2022-11-02 06시: 1~1000 완료 (177179개 누적)","logger":"task.stdout"}
{"timestamp":"2025-11-10T01:31:12.023102Z","level":"info","event":"2022-11-02 06시: 1001~2000 완료 (178179개 누적)","logger":"task.stdout"}
{"timestamp":"2025-11-10T01:31:13.243725Z","level":"info","event":"2022-11-02 06시: 2001~3000 완료 (179179개 누적)","logger":"task.stdout"}
{"timestamp":"2025-11-10T01:31:14.331759Z","level":"info","event":"2022-11-02 06시: 3001~3261 완료 (179440개 누적)","logger":"task.stdout"}
{"timestamp":"2025-11-10T01:31:16.971611Z","level":"info","event":"2022-11-02 07시: 1~1000 완료 (180440개 누적)","logger":"task.stdout"}
{"timestamp":"2025-11-10T01:31:18.546595Z","level":"info","event":"2022-11-02 07시: 1001~2000 완료 (181440개 누적)","logger":"task.stdout"}
{"timestamp":"2025-11-10T01:31:20.166814Z","level":"info","event":"2022-11-02 07시: 2001~3000 완료 (182440개 누적)","logger":"task.stdout"}
{"timestamp":"2025-11-10T01:31:21.635910Z","level":"info","event":"2022-11-02 07시: 3001~4000 완료 (183440개 누적)","logger":"task.stdout"}
{"timestamp":"2025-11-10T01:31:23.181950Z","level":"info","event":"2022-11-02 07시: 4001~5000 완료 (184440개 누적)","logger":"task.stdout"}
{"timestamp":"2025-11-10T01:31:24.670584Z","level":"info","event":"2022-11-02 07시: 5001~6000 완료 (185440개 누적)","logger":"task.stdout"}
{"timestamp":"2025-11-10T01:31:26.311983Z","level":"info","event":"2022-11-02 07시: 6001~7000 완료 (186440개 누적)","logger":"task.stdout"}
{"timestamp":"2025-11-10T01:31:27.923958Z","level":"info","event":"2022-11-02 07시: 7001~8000 완료 (187440개 누적)","logger":"task.stdout"}
{"timestamp":"2025-11-10T01:31:29.500702Z","level":"info","event":"2022-11-02 07시: 8001~9000 완료 (188440개 누적)","logger":"task.stdout"}
{"timestamp":"2025-11-10T01:31:31.069662Z","level":"info","event":"2022-11-02 07시: 9001~9900 완료 (189340개 누적)","logger":"task.stdout"}
{"timestamp":"2025-11-10T01:31:34.252726Z","level":"info","event":"2022-11-02 08시: 1~1000 완료 (190340개 누적)","logger":"task.stdout"}
{"timestamp":"2025-11-10T01:31:36.020401Z","level":"info","event":"2022-11-02 08시: 1001~2000 완료 (191340개 누적)","logger":"task.stdout"}
{"timestamp":"2025-11-10T01:31:37.743870Z","level":"info","event":"2022-11-02 08시: 2001~3000 완료 (192340개 누적)","logger":"task.stdout"}
{"timestamp":"2025-11-10T01:31:39.383192Z","level":"info","event":"2022-11-02 08시: 3001~4000 완료 (193340개 누적)","logger":"task.stdout"}
{"timestamp":"2025-11-10T01:31:41.122759Z","level":"info","event":"2022-11-02 08시: 4001~5000 완료 (194340개 누적)","logger":"task.stdout"}
{"timestamp":"2025-11-10T01:31:42.886669Z","level":"info","event":"2022-11-02 08시: 5001~6000 완료 (195340개 누적)","logger":"task.stdout"}
{"timestamp":"2025-11-10T01:31:44.638868Z","level":"info","event":"2022-11-02 08시: 6001~7000 완료 (196340개 누적)","logger":"task.stdout"}
{"timestamp":"2025-11-10T01:31:46.216594Z","level":"info","event":"2022-11-02 08시: 7001~8000 완료 (197340개 누적)","logger":"task.stdout"}
{"timestamp":"2025-11-10T01:31:47.839776Z","level":"info","event":"2022-11-02 08시: 8001~9000 완료 (198340개 누적)","logger":"task.stdout"}
{"timestamp":"2025-11-10T01:31:49.497349Z","level":"info","event":"2022-11-02 08시: 9001~10000 완료 (199340개 누적)","logger":"task.stdout"}
{"timestamp":"2025-11-10T01:31:51.283766Z","level":"info","event":"2022-11-02 08시: 10001~11000 완료 (200340개 누적)","logger":"task.stdout"}
{"timestamp":"2025-11-10T01:31:53.032001Z","level":"info","event":"2022-11-02 08시: 11001~12000 완료 (201340개 누적)","logger":"task.stdout"}
{"timestamp":"2025-11-10T01:31:54.716726Z","level":"info","event":"2022-11-02 08시: 12001~13000 완료 (202340개 누적)","logger":"task.stdout"}
{"timestamp":"2025-11-10T01:31:56.479894Z","level":"info","event":"2022-11-02 08시: 13001~14000 완료 (203340개 누적)","logger":"task.stdout"}
{"timestamp":"2025-11-10T01:31:58.219335Z","level":"info","event":"2022-11-02 08시: 14001~15000 완료 (204340개 누적)","logger":"task.stdout"}
{"timestamp":"2025-11-10T01:31:59.953700Z","level":"info","event":"2022-11-02 08시: 15001~15808 완료 (205148개 누적)","logger":"task.stdout"}
{"timestamp":"2025-11-10T01:32:02.652451Z","level":"info","event":"2022-11-02 09시: 1~1000 완료 (206148개 누적)","logger":"task.stdout"}
{"timestamp":"2025-11-10T01:32:03.971735Z","level":"info","event":"2022-11-02 09시: 1001~2000 완료 (207148개 누적)","logger":"task.stdout"}
{"timestamp":"2025-11-10T01:32:05.417477Z","level":"info","event":"2022-11-02 09시: 2001~3000 완료 (208148개 누적)","logger":"task.stdout"}
{"timestamp":"2025-11-10T01:32:06.861042Z","level":"info","event":"2022-11-02 09시: 3001~4000 완료 (209148개 누적)","logger":"task.stdout"}
{"timestamp":"2025-11-10T01:32:08.238309Z","level":"info","event":"2022-11-02 09시: 4001~5000 완료 (210148개 누적)","logger":"task.stdout"}
{"timestamp":"2025-11-10T01:32:09.647787Z","level":"info","event":"2022-11-02 09시: 5001~6000 완료 (211148개 누적)","logger":"task.stdout"}
{"timestamp":"2025-11-10T01:32:11.215066Z","level":"info","event":"2022-11-02 09시: 6001~7000 완료 (212148개 누적)","logger":"task.stdout"}
{"timestamp":"2025-11-10T01:32:20.938021Z","level":"info","event":"2022-11-02 09시: 요청 실패 - HTTPConnectionPool(host='openapi.seoul.go.kr', port=8088): Max retries exceeded with url: /574d4268426539373930666f4b654e/json/tbCycleRentData/7001/7721/2022-11-02/9 (Caused by NameResolutionError(\"<urllib3.connection.HTTPConnection object at 0xffff7d4ddd30>: Failed to resolve 'openapi.seoul.go.kr' ([Errno -5] No address associated with hostname)\"))","logger":"task.stdout"}
{"timestamp":"2025-11-10T01:32:20.945194Z","level":"info","event":"2022-11-02 10시: 응답 없음","logger":"task.stdout"}
{"timestamp":"2025-11-10T01:32:22.617674Z","level":"info","event":"2022-11-02 11시: 1~1000 완료 (213148개 누적)","logger":"task.stdout"}
{"timestamp":"2025-11-10T01:32:23.992949Z","level":"info","event":"2022-11-02 11시: 1001~2000 완료 (214148개 누적)","logger":"task.stdout"}
{"timestamp":"2025-11-10T01:32:25.385478Z","level":"info","event":"2022-11-02 11시: 2001~3000 완료 (215148개 누적)","logger":"task.stdout"}
{"timestamp":"2025-11-10T01:32:27.319184Z","level":"info","event":"2022-11-02 11시: 3001~4000 완료 (216148개 누적)","logger":"task.stdout"}
{"timestamp":"2025-11-10T01:32:28.927182Z","level":"info","event":"2022-11-02 11시: 5001~6000 완료 (217148개 누적)","logger":"task.stdout"}
{"timestamp":"2025-11-10T01:32:30.185343Z","level":"info","event":"2022-11-02 11시: 6001~6237 완료 (217385개 누적)","logger":"task.stdout"}
{"timestamp":"2025-11-10T01:32:32.961094Z","level":"info","event":"2022-11-02 12시: 1~1000 완료 (218385개 누적)","logger":"task.stdout"}
{"timestamp":"2025-11-10T01:32:34.477416Z","level":"info","event":"2022-11-02 12시: 1001~2000 완료 (219385개 누적)","logger":"task.stdout"}
{"timestamp":"2025-11-10T01:32:35.932628Z","level":"info","event":"2022-11-02 12시: 2001~3000 완료 (220385개 누적)","logger":"task.stdout"}
{"timestamp":"2025-11-10T01:32:37.333956Z","level":"info","event":"2022-11-02 12시: 3001~4000 완료 (221385개 누적)","logger":"task.stdout"}
{"timestamp":"2025-11-10T01:32:38.925312Z","level":"info","event":"2022-11-02 12시: 6001~6907 완료 (222292개 누적)","logger":"task.stdout"}
{"timestamp":"2025-11-10T01:32:41.580339Z","level":"info","event":"2022-11-02 13시: 1~1000 완료 (223292개 누적)","logger":"task.stdout"}
{"timestamp":"2025-11-10T01:32:42.957891Z","level":"info","event":"2022-11-02 13시: 1001~2000 완료 (224292개 누적)","logger":"task.stdout"}
{"timestamp":"2025-11-10T01:32:44.368000Z","level":"info","event":"2022-11-02 13시: 2001~3000 완료 (225292개 누적)","logger":"task.stdout"}
{"timestamp":"2025-11-10T01:32:45.727863Z","level":"info","event":"2022-11-02 13시: 3001~4000 완료 (226292개 누적)","logger":"task.stdout"}
{"timestamp":"2025-11-10T01:32:47.215165Z","level":"info","event":"2022-11-02 13시: 4001~5000 완료 (227292개 누적)","logger":"task.stdout"}
{"timestamp":"2025-11-10T01:32:48.811488Z","level":"info","event":"2022-11-02 13시: 6001~6805 완료 (228097개 누적)","logger":"task.stdout"}
{"timestamp":"2025-11-10T01:32:51.471866Z","level":"info","event":"2022-11-02 14시: 1~1000 완료 (229097개 누적)","logger":"task.stdout"}
{"timestamp":"2025-11-10T01:32:53.367633Z","level":"info","event":"2022-11-02 14시: 1001~2000 완료 (230097개 누적)","logger":"task.stdout"}
{"timestamp":"2025-11-10T01:33:00.698197Z","level":"info","event":"2022-11-02 14시: 2001~3000 완료 (231097개 누적)","logger":"task.stdout"}
{"timestamp":"2025-11-10T01:33:02.130280Z","level":"info","event":"2022-11-02 14시: 3001~4000 완료 (232097개 누적)","logger":"task.stdout"}
{"timestamp":"2025-11-10T01:33:03.436035Z","level":"info","event":"2022-11-02 14시: 4001~5000 완료 (233097개 누적)","logger":"task.stdout"}
{"timestamp":"2025-11-10T01:33:04.754294Z","level":"info","event":"2022-11-02 14시: 5001~6000 완료 (234097개 누적)","logger":"task.stdout"}
{"timestamp":"2025-11-10T01:33:06.062683Z","level":"info","event":"2022-11-02 14시: 6001~6660 완료 (234757개 누적)","logger":"task.stdout"}
{"timestamp":"2025-11-10T01:33:08.796812Z","level":"info","event":"2022-11-02 15시: 1~1000 완료 (235757개 누적)","logger":"task.stdout"}
{"timestamp":"2025-11-10T01:33:10.331757Z","level":"info","event":"2022-11-02 15시: 1001~2000 완료 (236757개 누적)","logger":"task.stdout"}
{"timestamp":"2025-11-10T01:33:11.798173Z","level":"info","event":"2022-11-02 15시: 2001~3000 완료 (237757개 누적)","logger":"task.stdout"}
{"timestamp":"2025-11-10T01:33:13.352133Z","level":"info","event":"2022-11-02 15시: 3001~4000 완료 (238757개 누적)","logger":"task.stdout"}
{"timestamp":"2025-11-10T01:33:14.821613Z","level":"info","event":"2022-11-02 15시: 4001~5000 완료 (239757개 누적)","logger":"task.stdout"}
{"timestamp":"2025-11-10T01:33:16.263614Z","level":"info","event":"2022-11-02 15시: 5001~6000 완료 (240757개 누적)","logger":"task.stdout"}
{"timestamp":"2025-11-10T01:33:17.685514Z","level":"info","event":"2022-11-02 15시: 6001~7000 완료 (241757개 누적)","logger":"task.stdout"}
{"timestamp":"2025-11-10T01:33:19.102690Z","level":"info","event":"2022-11-02 15시: 7001~7706 완료 (242463개 누적)","logger":"task.stdout"}
{"timestamp":"2025-11-10T01:33:22.766695Z","level":"info","event":"2022-11-02 16시: 1~1000 완료 (243463개 누적)","logger":"task.stdout"}
{"timestamp":"2025-11-10T01:33:24.407002Z","level":"info","event":"2022-11-02 16시: 1001~2000 완료 (244463개 누적)","logger":"task.stdout"}
{"timestamp":"2025-11-10T01:33:25.929523Z","level":"info","event":"2022-11-02 16시: 2001~3000 완료 (245463개 누적)","logger":"task.stdout"}
{"timestamp":"2025-11-10T01:33:27.458468Z","level":"info","event":"2022-11-02 16시: 3001~4000 완료 (246463개 누적)","logger":"task.stdout"}
{"timestamp":"2025-11-10T01:33:29.135967Z","level":"info","event":"2022-11-02 16시: 4001~5000 완료 (247463개 누적)","logger":"task.stdout"}
{"timestamp":"2025-11-10T01:33:30.544548Z","level":"info","event":"2022-11-02 16시: 5001~6000 완료 (248463개 누적)","logger":"task.stdout"}
{"timestamp":"2025-11-10T01:33:32.484784Z","level":"info","event":"2022-11-02 16시: 6001~7000 완료 (249463개 누적)","logger":"task.stdout"}
{"timestamp":"2025-11-10T01:33:37.769538Z","level":"info","event":"2022-11-02 16시: 7001~8000 완료 (250463개 누적)","logger":"task.stdout"}
{"timestamp":"2025-11-10T01:33:39.426480Z","level":"info","event":"2022-11-02 16시: 8001~9000 완료 (251463개 누적)","logger":"task.stdout"}
{"timestamp":"2025-11-10T01:33:41.176292Z","level":"info","event":"2022-11-02 16시: 9001~10000 완료 (252463개 누적)","logger":"task.stdout"}
{"timestamp":"2025-11-10T01:34:02.623379Z","level":"info","event":"2022-11-02 16시: 요청 실패 - HTTPConnectionPool(host='openapi.seoul.go.kr', port=8088): Max retries exceeded with url: /574d4268426539373930666f4b654e/json/tbCycleRentData/10001/10083/2022-11-02/16 (Caused by NameResolutionError(\"<urllib3.connection.HTTPConnection object at 0xffff7a206540>: Failed to resolve 'openapi.seoul.go.kr' ([Errno -3] Temporary failure in name resolution)\"))","logger":"task.stdout"}
{"timestamp":"2025-11-10T01:34:02.626022Z","level":"critical","event":"Process terminated by signal. Likely out of memory error (OOM). For more information, see https://airflow.apache.org/docs/apache-airflow/stable/troubleshooting.html#process-terminated-by-signal.","signal":-9,"signal_name":"SIGKILL","logger":"task"}
