{"timestamp":"2025-11-10T01:31:22.609035Z","level":"info","event":"DAG bundles loaded: dags-folder","logger":"airflow.dag_processing.bundles.manager.DagBundlesManager","filename":"manager.py","lineno":179}
{"timestamp":"2025-11-10T01:31:22.616962Z","level":"info","event":"Filling up the DagBag from /opt/airflow/dags/seoul_bike_rent_2022.py","logger":"airflow.models.dagbag.DagBag","filename":"dagbag.py","lineno":593}
{"timestamp":"2025-11-10T01:31:22.633884Z","level":"warning","event":"The `airflow.operators.python.PythonOperator` attribute is deprecated. Please use `'airflow.providers.standard.operators.python.PythonOperator'`.","category":"DeprecatedImportWarning","filename":"/opt/airflow/dags/seoul_bike_rent_2022.py","lineno":2,"logger":"py.warnings"}
{"timestamp":"2025-11-10T01:31:22.809953Z","level":"info","event":"Found credentials in environment variables.","logger":"botocore.credentials","filename":"credentials.py","lineno":1224}
{"timestamp":"2025-11-10T01:31:24.541361Z","level":"info","event":"유효한 정거장 3202개 로드","logger":"task.stdout"}
{"timestamp":"2025-11-10T01:31:27.810639Z","level":"info","event":"2022-10-01 00시: 1~1000 완료 (1000개 누적)","logger":"task.stdout"}
{"timestamp":"2025-11-10T01:31:29.246208Z","level":"info","event":"2022-10-01 00시: 1001~2000 완료 (2000개 누적)","logger":"task.stdout"}
{"timestamp":"2025-11-10T01:31:30.905254Z","level":"info","event":"2022-10-01 00시: 2001~3000 완료 (3000개 누적)","logger":"task.stdout"}
{"timestamp":"2025-11-10T01:31:32.488995Z","level":"info","event":"2022-10-01 00시: 3001~4000 완료 (4000개 누적)","logger":"task.stdout"}
{"timestamp":"2025-11-10T01:31:33.928777Z","level":"info","event":"2022-10-01 00시: 4001~5000 완료 (5000개 누적)","logger":"task.stdout"}
{"timestamp":"2025-11-10T01:31:35.354229Z","level":"info","event":"2022-10-01 00시: 5001~5550 완료 (5550개 누적)","logger":"task.stdout"}
{"timestamp":"2025-11-10T01:31:37.752141Z","level":"info","event":"2022-10-01 01시: 1~1000 완료 (6550개 누적)","logger":"task.stdout"}
{"timestamp":"2025-11-10T01:31:39.087574Z","level":"info","event":"2022-10-01 01시: 1001~2000 완료 (7550개 누적)","logger":"task.stdout"}
{"timestamp":"2025-11-10T01:31:40.504117Z","level":"info","event":"2022-10-01 01시: 2001~3000 완료 (8550개 누적)","logger":"task.stdout"}
{"timestamp":"2025-11-10T01:31:41.985362Z","level":"info","event":"2022-10-01 01시: 3001~4000 완료 (9550개 누적)","logger":"task.stdout"}
{"timestamp":"2025-11-10T01:31:43.262254Z","level":"info","event":"2022-10-01 01시: 4001~4355 완료 (9905개 누적)","logger":"task.stdout"}
{"timestamp":"2025-11-10T01:31:45.590966Z","level":"info","event":"2022-10-01 02시: 1~1000 완료 (10905개 누적)","logger":"task.stdout"}
{"timestamp":"2025-11-10T01:31:46.967131Z","level":"info","event":"2022-10-01 02시: 1001~2000 완료 (11905개 누적)","logger":"task.stdout"}
{"timestamp":"2025-11-10T01:31:48.165940Z","level":"info","event":"2022-10-01 02시: 2001~2812 완료 (12717개 누적)","logger":"task.stdout"}
{"timestamp":"2025-11-10T01:31:50.879345Z","level":"info","event":"2022-10-01 03시: 1~1000 완료 (13717개 누적)","logger":"task.stdout"}
{"timestamp":"2025-11-10T01:31:52.042267Z","level":"info","event":"2022-10-01 03시: 1001~1705 완료 (14422개 누적)","logger":"task.stdout"}
{"timestamp":"2025-11-10T01:31:54.295069Z","level":"info","event":"2022-10-01 04시: 1~1000 완료 (15422개 누적)","logger":"task.stdout"}
{"timestamp":"2025-11-10T01:31:55.462714Z","level":"info","event":"2022-10-01 04시: 1001~1327 완료 (15749개 누적)","logger":"task.stdout"}
{"timestamp":"2025-11-10T01:31:57.570365Z","level":"info","event":"2022-10-01 05시: 1~1000 완료 (16749개 누적)","logger":"task.stdout"}
{"timestamp":"2025-11-10T01:31:58.769951Z","level":"info","event":"2022-10-01 05시: 1001~1383 완료 (17132개 누적)","logger":"task.stdout"}
{"timestamp":"2025-11-10T01:32:01.020739Z","level":"info","event":"2022-10-01 06시: 1~1000 완료 (18132개 누적)","logger":"task.stdout"}
{"timestamp":"2025-11-10T01:32:02.255715Z","level":"info","event":"2022-10-01 06시: 1001~1905 완료 (19037개 누적)","logger":"task.stdout"}
{"timestamp":"2025-11-10T01:32:04.597046Z","level":"info","event":"2022-10-01 07시: 1~1000 완료 (20037개 누적)","logger":"task.stdout"}
{"timestamp":"2025-11-10T01:32:05.939444Z","level":"info","event":"2022-10-01 07시: 1001~2000 완료 (21037개 누적)","logger":"task.stdout"}
{"timestamp":"2025-11-10T01:32:07.254821Z","level":"info","event":"2022-10-01 07시: 2001~2988 완료 (22025개 누적)","logger":"task.stdout"}
{"timestamp":"2025-11-10T01:32:09.951799Z","level":"info","event":"2022-10-01 08시: 1~1000 완료 (23025개 누적)","logger":"task.stdout"}
{"timestamp":"2025-11-10T01:32:11.887043Z","level":"info","event":"2022-10-01 08시: 1001~2000 완료 (24025개 누적)","logger":"task.stdout"}
{"timestamp":"2025-11-10T01:32:21.399887Z","level":"info","event":"2022-10-01 08시: 4001~5000 완료 (25025개 누적)","logger":"task.stdout"}
{"timestamp":"2025-11-10T01:32:22.666480Z","level":"info","event":"2022-10-01 08시: 5001~5575 완료 (25600개 누적)","logger":"task.stdout"}
{"timestamp":"2025-11-10T01:32:25.306506Z","level":"info","event":"2022-10-01 09시: 1~1000 완료 (26600개 누적)","logger":"task.stdout"}
{"timestamp":"2025-11-10T01:32:27.381038Z","level":"info","event":"2022-10-01 09시: 1001~2000 완료 (27600개 누적)","logger":"task.stdout"}
{"timestamp":"2025-11-10T01:32:28.753967Z","level":"info","event":"2022-10-01 09시: 2001~3000 완료 (28600개 누적)","logger":"task.stdout"}
{"timestamp":"2025-11-10T01:32:30.104791Z","level":"info","event":"2022-10-01 09시: 3001~4000 완료 (29600개 누적)","logger":"task.stdout"}
{"timestamp":"2025-11-10T01:32:31.674565Z","level":"info","event":"2022-10-01 09시: 4001~5000 완료 (30600개 누적)","logger":"task.stdout"}
{"timestamp":"2025-11-10T01:32:33.146335Z","level":"info","event":"2022-10-01 09시: 5001~6000 완료 (31600개 누적)","logger":"task.stdout"}
{"timestamp":"2025-11-10T01:32:34.475300Z","level":"info","event":"2022-10-01 09시: 6001~6666 완료 (32266개 누적)","logger":"task.stdout"}
{"timestamp":"2025-11-10T01:32:37.192189Z","level":"info","event":"2022-10-01 10시: 1~1000 완료 (33266개 누적)","logger":"task.stdout"}
{"timestamp":"2025-11-10T01:32:38.814973Z","level":"info","event":"2022-10-01 10시: 1001~2000 완료 (34266개 누적)","logger":"task.stdout"}
{"timestamp":"2025-11-10T01:32:40.231289Z","level":"info","event":"2022-10-01 10시: 2001~3000 완료 (35266개 누적)","logger":"task.stdout"}
{"timestamp":"2025-11-10T01:32:41.700951Z","level":"info","event":"2022-10-01 10시: 3001~4000 완료 (36266개 누적)","logger":"task.stdout"}
{"timestamp":"2025-11-10T01:32:43.115442Z","level":"info","event":"2022-10-01 10시: 4001~5000 완료 (37266개 누적)","logger":"task.stdout"}
{"timestamp":"2025-11-10T01:32:44.603424Z","level":"info","event":"2022-10-01 10시: 5001~6000 완료 (38266개 누적)","logger":"task.stdout"}
{"timestamp":"2025-11-10T01:32:45.952887Z","level":"info","event":"2022-10-01 10시: 6001~7000 완료 (39266개 누적)","logger":"task.stdout"}
{"timestamp":"2025-11-10T01:32:47.186895Z","level":"info","event":"2022-10-01 10시: 7001~7184 완료 (39450개 누적)","logger":"task.stdout"}
{"timestamp":"2025-11-10T01:32:49.987020Z","level":"info","event":"2022-10-01 11시: 1~1000 완료 (40450개 누적)","logger":"task.stdout"}
{"timestamp":"2025-11-10T01:32:51.374376Z","level":"info","event":"2022-10-01 11시: 1001~2000 완료 (41450개 누적)","logger":"task.stdout"}
{"timestamp":"2025-11-10T01:32:52.832603Z","level":"info","event":"2022-10-01 11시: 2001~3000 완료 (42450개 누적)","logger":"task.stdout"}
{"timestamp":"2025-11-10T01:33:00.786433Z","level":"info","event":"2022-10-01 11시: 3001~4000 완료 (43450개 누적)","logger":"task.stdout"}
{"timestamp":"2025-11-10T01:33:02.299620Z","level":"info","event":"2022-10-01 11시: 4001~5000 완료 (44450개 누적)","logger":"task.stdout"}
{"timestamp":"2025-11-10T01:33:03.716698Z","level":"info","event":"2022-10-01 11시: 5001~6000 완료 (45450개 누적)","logger":"task.stdout"}
{"timestamp":"2025-11-10T01:33:05.423193Z","level":"info","event":"2022-10-01 11시: 6001~7000 완료 (46450개 누적)","logger":"task.stdout"}
{"timestamp":"2025-11-10T01:33:06.958872Z","level":"info","event":"2022-10-01 11시: 7001~8000 완료 (47450개 누적)","logger":"task.stdout"}
{"timestamp":"2025-11-10T01:33:08.295061Z","level":"info","event":"2022-10-01 11시: 8001~8079 완료 (47529개 누적)","logger":"task.stdout"}
{"timestamp":"2025-11-10T01:33:11.197219Z","level":"info","event":"2022-10-01 12시: 1~1000 완료 (48529개 누적)","logger":"task.stdout"}
{"timestamp":"2025-11-10T01:33:12.841068Z","level":"info","event":"2022-10-01 12시: 1001~2000 완료 (49529개 누적)","logger":"task.stdout"}
{"timestamp":"2025-11-10T01:33:14.278082Z","level":"info","event":"2022-10-01 12시: 2001~3000 완료 (50529개 누적)","logger":"task.stdout"}
{"timestamp":"2025-11-10T01:33:15.964426Z","level":"info","event":"2022-10-01 12시: 3001~4000 완료 (51529개 누적)","logger":"task.stdout"}
{"timestamp":"2025-11-10T01:33:17.541382Z","level":"info","event":"2022-10-01 12시: 4001~5000 완료 (52529개 누적)","logger":"task.stdout"}
{"timestamp":"2025-11-10T01:33:19.128184Z","level":"info","event":"2022-10-01 12시: 5001~6000 완료 (53529개 누적)","logger":"task.stdout"}
{"timestamp":"2025-11-10T01:33:20.684028Z","level":"info","event":"2022-10-01 12시: 6001~7000 완료 (54529개 누적)","logger":"task.stdout"}
{"timestamp":"2025-11-10T01:33:22.461109Z","level":"info","event":"2022-10-01 12시: 7001~8000 완료 (55529개 누적)","logger":"task.stdout"}
{"timestamp":"2025-11-10T01:33:24.138425Z","level":"info","event":"2022-10-01 12시: 8001~9000 완료 (56529개 누적)","logger":"task.stdout"}
{"timestamp":"2025-11-10T01:33:25.446751Z","level":"info","event":"2022-10-01 12시: 9001~9002 완료 (56531개 누적)","logger":"task.stdout"}
{"timestamp":"2025-11-10T01:33:28.272824Z","level":"info","event":"2022-10-01 13시: 1~1000 완료 (57531개 누적)","logger":"task.stdout"}
{"timestamp":"2025-11-10T01:33:29.713433Z","level":"info","event":"2022-10-01 13시: 1001~2000 완료 (58531개 누적)","logger":"task.stdout"}
{"timestamp":"2025-11-10T01:33:31.282149Z","level":"info","event":"2022-10-01 13시: 2001~3000 완료 (59531개 누적)","logger":"task.stdout"}
{"timestamp":"2025-11-10T01:33:36.298696Z","level":"info","event":"2022-10-01 13시: 3001~4000 완료 (60531개 누적)","logger":"task.stdout"}
{"timestamp":"2025-11-10T01:33:37.862852Z","level":"info","event":"2022-10-01 13시: 4001~5000 완료 (61531개 누적)","logger":"task.stdout"}
{"timestamp":"2025-11-10T01:33:39.511024Z","level":"info","event":"2022-10-01 13시: 5001~6000 완료 (62531개 누적)","logger":"task.stdout"}
{"timestamp":"2025-11-10T01:33:41.178587Z","level":"info","event":"2022-10-01 13시: 6001~7000 완료 (63531개 누적)","logger":"task.stdout"}
{"timestamp":"2025-11-10T01:34:02.607798Z","level":"info","event":"2022-10-01 13시: 요청 실패 - HTTPConnectionPool(host='openapi.seoul.go.kr', port=8088): Max retries exceeded with url: /574d4268426539373930666f4b654e/json/tbCycleRentData/7001/8000/2022-10-01/13 (Caused by NameResolutionError(\"<urllib3.connection.HTTPConnection object at 0xffff890fa090>: Failed to resolve 'openapi.seoul.go.kr' ([Errno -3] Temporary failure in name resolution)\"))","logger":"task.stdout"}
{"timestamp":"2025-11-10T01:34:06.135851Z","level":"info","event":"2022-10-01 14시: 1~1000 완료 (64531개 누적)","logger":"task.stdout"}
{"timestamp":"2025-11-10T01:34:07.800037Z","level":"info","event":"2022-10-01 14시: 1001~2000 완료 (65531개 누적)","logger":"task.stdout"}
{"timestamp":"2025-11-10T01:34:09.262858Z","level":"info","event":"2022-10-01 14시: 2001~3000 완료 (66531개 누적)","logger":"task.stdout"}
{"timestamp":"2025-11-10T01:34:10.787389Z","level":"info","event":"2022-10-01 14시: 3001~4000 완료 (67531개 누적)","logger":"task.stdout"}
{"timestamp":"2025-11-10T01:34:12.250969Z","level":"info","event":"2022-10-01 14시: 4001~5000 완료 (68531개 누적)","logger":"task.stdout"}
{"timestamp":"2025-11-10T01:34:13.701328Z","level":"info","event":"2022-10-01 14시: 5001~6000 완료 (69531개 누적)","logger":"task.stdout"}
{"timestamp":"2025-11-10T01:34:15.245679Z","level":"info","event":"2022-10-01 14시: 6001~7000 완료 (70531개 누적)","logger":"task.stdout"}
{"timestamp":"2025-11-10T01:34:16.766816Z","level":"info","event":"2022-10-01 14시: 7001~8000 완료 (71531개 누적)","logger":"task.stdout"}
{"timestamp":"2025-11-10T01:34:18.342273Z","level":"info","event":"2022-10-01 14시: 8001~9000 완료 (72531개 누적)","logger":"task.stdout"}
{"timestamp":"2025-11-10T01:34:19.857624Z","level":"info","event":"2022-10-01 14시: 9001~10000 완료 (73531개 누적)","logger":"task.stdout"}
{"timestamp":"2025-11-10T01:34:21.180447Z","level":"info","event":"2022-10-01 14시: 10001~10063 완료 (73594개 누적)","logger":"task.stdout"}
{"timestamp":"2025-11-10T01:34:24.100040Z","level":"info","event":"2022-10-01 15시: 1~1000 완료 (74594개 누적)","logger":"task.stdout"}
{"timestamp":"2025-11-10T01:34:25.812385Z","level":"info","event":"2022-10-01 15시: 1001~2000 완료 (75594개 누적)","logger":"task.stdout"}
{"timestamp":"2025-11-10T01:34:27.252049Z","level":"info","event":"2022-10-01 15시: 2001~3000 완료 (76594개 누적)","logger":"task.stdout"}
{"timestamp":"2025-11-10T01:34:28.757925Z","level":"info","event":"2022-10-01 15시: 3001~4000 완료 (77594개 누적)","logger":"task.stdout"}
{"timestamp":"2025-11-10T01:34:30.245755Z","level":"info","event":"2022-10-01 15시: 4001~5000 완료 (78594개 누적)","logger":"task.stdout"}
{"timestamp":"2025-11-10T01:34:31.933135Z","level":"info","event":"2022-10-01 15시: 5001~6000 완료 (79594개 누적)","logger":"task.stdout"}
{"timestamp":"2025-11-10T01:34:33.523192Z","level":"info","event":"2022-10-01 15시: 6001~7000 완료 (80594개 누적)","logger":"task.stdout"}
{"timestamp":"2025-11-10T01:34:35.127826Z","level":"info","event":"2022-10-01 15시: 7001~8000 완료 (81594개 누적)","logger":"task.stdout"}
{"timestamp":"2025-11-10T01:34:36.745317Z","level":"info","event":"2022-10-01 15시: 8001~9000 완료 (82594개 누적)","logger":"task.stdout"}
{"timestamp":"2025-11-10T01:34:38.327894Z","level":"info","event":"2022-10-01 15시: 9001~10000 완료 (83594개 누적)","logger":"task.stdout"}
{"timestamp":"2025-11-10T01:34:39.967806Z","level":"info","event":"2022-10-01 15시: 10001~11000 완료 (84594개 누적)","logger":"task.stdout"}
{"timestamp":"2025-11-10T01:34:41.438490Z","level":"info","event":"2022-10-01 15시: 11001~11118 완료 (84712개 누적)","logger":"task.stdout"}
{"timestamp":"2025-11-10T01:34:44.588187Z","level":"info","event":"2022-10-01 16시: 1~1000 완료 (85712개 누적)","logger":"task.stdout"}
{"timestamp":"2025-11-10T01:34:46.263587Z","level":"info","event":"2022-10-01 16시: 1001~2000 완료 (86712개 누적)","logger":"task.stdout"}
{"timestamp":"2025-11-10T01:34:47.890104Z","level":"info","event":"2022-10-01 16시: 2001~3000 완료 (87712개 누적)","logger":"task.stdout"}
{"timestamp":"2025-11-10T01:34:49.646379Z","level":"info","event":"2022-10-01 16시: 3001~4000 완료 (88712개 누적)","logger":"task.stdout"}
{"timestamp":"2025-11-10T01:34:51.146598Z","level":"info","event":"2022-10-01 16시: 4001~5000 완료 (89712개 누적)","logger":"task.stdout"}
{"timestamp":"2025-11-10T01:34:52.757848Z","level":"info","event":"2022-10-01 16시: 5001~6000 완료 (90712개 누적)","logger":"task.stdout"}
{"timestamp":"2025-11-10T01:34:54.324374Z","level":"info","event":"2022-10-01 16시: 6001~7000 완료 (91712개 누적)","logger":"task.stdout"}
{"timestamp":"2025-11-10T01:34:56.106876Z","level":"info","event":"2022-10-01 16시: 7001~8000 완료 (92712개 누적)","logger":"task.stdout"}
{"timestamp":"2025-11-10T01:34:57.752006Z","level":"info","event":"2022-10-01 16시: 8001~9000 완료 (93712개 누적)","logger":"task.stdout"}
{"timestamp":"2025-11-10T01:34:59.347117Z","level":"info","event":"2022-10-01 16시: 9001~10000 완료 (94712개 누적)","logger":"task.stdout"}
{"timestamp":"2025-11-10T01:35:00.949286Z","level":"info","event":"2022-10-01 16시: 10001~11000 완료 (95712개 누적)","logger":"task.stdout"}
{"timestamp":"2025-11-10T01:35:02.511199Z","level":"info","event":"2022-10-01 16시: 11001~12000 완료 (96712개 누적)","logger":"task.stdout"}
{"timestamp":"2025-11-10T01:35:04.000228Z","level":"info","event":"2022-10-01 16시: 12001~12611 완료 (97323개 누적)","logger":"task.stdout"}
{"timestamp":"2025-11-10T01:35:07.073209Z","level":"info","event":"2022-10-01 17시: 1~1000 완료 (98323개 누적)","logger":"task.stdout"}
{"timestamp":"2025-11-10T01:35:08.794140Z","level":"info","event":"2022-10-01 17시: 1001~2000 완료 (99323개 누적)","logger":"task.stdout"}
{"timestamp":"2025-11-10T01:35:10.474851Z","level":"info","event":"2022-10-01 17시: 2001~3000 완료 (100323개 누적)","logger":"task.stdout"}
{"timestamp":"2025-11-10T01:35:12.132650Z","level":"info","event":"2022-10-01 17시: 3001~4000 완료 (101323개 누적)","logger":"task.stdout"}
{"timestamp":"2025-11-10T01:35:56.101824Z","level":"info","event":"2022-10-01 17시: 요청 실패 - HTTPConnectionPool(host='openapi.seoul.go.kr', port=8088): Max retries exceeded with url: /574d4268426539373930666f4b654e/json/tbCycleRentData/4001/5000/2022-10-01/17 (Caused by NameResolutionError(\"<urllib3.connection.HTTPConnection object at 0xffff8611cbc0>: Failed to resolve 'openapi.seoul.go.kr' ([Errno -3] Temporary failure in name resolution)\"))","logger":"task.stdout"}
{"timestamp":"2025-11-10T01:35:56.103677Z","level":"info","event":"2022-10-01 18시: 요청 실패 - HTTPConnectionPool(host='openapi.seoul.go.kr', port=8088): Max retries exceeded with url: /574d4268426539373930666f4b654e/json/tbCycleRentData/1/5/2022-10-01/18 (Caused by NameResolutionError(\"<urllib3.connection.HTTPConnection object at 0xffff8611d400>: Failed to resolve 'openapi.seoul.go.kr' ([Errno -3] Temporary failure in name resolution)\"))","logger":"task.stdout"}
{"timestamp":"2025-11-10T01:35:56.104209Z","level":"info","event":"2022-10-01 19시: 요청 실패 - HTTPConnectionPool(host='openapi.seoul.go.kr', port=8088): Max retries exceeded with url: /574d4268426539373930666f4b654e/json/tbCycleRentData/1/5/2022-10-01/19 (Caused by NameResolutionError(\"<urllib3.connection.HTTPConnection object at 0xffff8611dca0>: Failed to resolve 'openapi.seoul.go.kr' ([Errno -3] Temporary failure in name resolution)\"))","logger":"task.stdout"}
{"timestamp":"2025-11-10T01:36:01.035492Z","level":"info","event":"2022-10-01 20시: 1~1000 완료 (102323개 누적)","logger":"task.stdout"}
{"timestamp":"2025-11-10T01:36:02.612635Z","level":"info","event":"2022-10-01 20시: 1001~2000 완료 (103323개 누적)","logger":"task.stdout"}
{"timestamp":"2025-11-10T01:36:04.088663Z","level":"info","event":"2022-10-01 20시: 2001~3000 완료 (104323개 누적)","logger":"task.stdout"}
{"timestamp":"2025-11-10T01:36:05.795391Z","level":"info","event":"2022-10-01 20시: 3001~4000 완료 (105323개 누적)","logger":"task.stdout"}
{"timestamp":"2025-11-10T01:36:07.366107Z","level":"info","event":"2022-10-01 20시: 4001~5000 완료 (106323개 누적)","logger":"task.stdout"}
{"timestamp":"2025-11-10T01:36:08.828016Z","level":"info","event":"2022-10-01 20시: 5001~6000 완료 (107323개 누적)","logger":"task.stdout"}
{"timestamp":"2025-11-10T01:36:10.361890Z","level":"info","event":"2022-10-01 20시: 6001~7000 완료 (108323개 누적)","logger":"task.stdout"}
{"timestamp":"2025-11-10T01:36:11.745057Z","level":"info","event":"2022-10-01 20시: 7001~8000 완료 (109323개 누적)","logger":"task.stdout"}
{"timestamp":"2025-11-10T01:36:13.304169Z","level":"info","event":"2022-10-01 20시: 8001~9000 완료 (110323개 누적)","logger":"task.stdout"}
{"timestamp":"2025-11-10T01:36:14.763061Z","level":"info","event":"2022-10-01 20시: 9001~10000 완료 (111323개 누적)","logger":"task.stdout"}
{"timestamp":"2025-11-10T01:36:16.297493Z","level":"info","event":"2022-10-01 20시: 10001~10073 완료 (111396개 누적)","logger":"task.stdout"}
{"timestamp":"2025-11-10T01:36:19.069024Z","level":"info","event":"2022-10-01 21시: 1~1000 완료 (112396개 누적)","logger":"task.stdout"}
{"timestamp":"2025-11-10T01:36:24.197610Z","level":"info","event":"2022-10-01 21시: 1001~2000 완료 (113396개 누적)","logger":"task.stdout"}
{"timestamp":"2025-11-10T01:36:25.724682Z","level":"info","event":"2022-10-01 21시: 2001~3000 완료 (114396개 누적)","logger":"task.stdout"}
{"timestamp":"2025-11-10T01:36:27.279996Z","level":"info","event":"2022-10-01 21시: 3001~4000 완료 (115396개 누적)","logger":"task.stdout"}
{"timestamp":"2025-11-10T01:36:28.903445Z","level":"info","event":"2022-10-01 21시: 4001~5000 완료 (116396개 누적)","logger":"task.stdout"}
{"timestamp":"2025-11-10T01:36:30.324489Z","level":"info","event":"2022-10-01 21시: 5001~6000 완료 (117396개 누적)","logger":"task.stdout"}
{"timestamp":"2025-11-10T01:36:31.841849Z","level":"info","event":"2022-10-01 21시: 6001~7000 완료 (118396개 누적)","logger":"task.stdout"}
{"timestamp":"2025-11-10T01:36:33.314982Z","level":"info","event":"2022-10-01 21시: 7001~8000 완료 (119396개 누적)","logger":"task.stdout"}
{"timestamp":"2025-11-10T01:36:34.880462Z","level":"info","event":"2022-10-01 21시: 8001~9000 완료 (120396개 누적)","logger":"task.stdout"}
{"timestamp":"2025-11-10T01:36:36.369172Z","level":"info","event":"2022-10-01 21시: 9001~9496 완료 (120892개 누적)","logger":"task.stdout"}
{"timestamp":"2025-11-10T01:36:39.175018Z","level":"info","event":"2022-10-01 22시: 1~1000 완료 (121892개 누적)","logger":"task.stdout"}
{"timestamp":"2025-11-10T01:36:40.541668Z","level":"info","event":"2022-10-01 22시: 1001~2000 완료 (122892개 누적)","logger":"task.stdout"}
{"timestamp":"2025-11-10T01:36:41.977265Z","level":"info","event":"2022-10-01 22시: 2001~3000 완료 (123892개 누적)","logger":"task.stdout"}
{"timestamp":"2025-11-10T01:36:43.466684Z","level":"info","event":"2022-10-01 22시: 3001~4000 완료 (124892개 누적)","logger":"task.stdout"}
{"timestamp":"2025-11-10T01:36:44.969324Z","level":"info","event":"2022-10-01 22시: 4001~5000 완료 (125892개 누적)","logger":"task.stdout"}
{"timestamp":"2025-11-10T01:36:46.517347Z","level":"info","event":"2022-10-01 22시: 5001~6000 완료 (126892개 누적)","logger":"task.stdout"}
{"timestamp":"2025-11-10T01:36:47.972217Z","level":"info","event":"2022-10-01 22시: 6001~7000 완료 (127892개 누적)","logger":"task.stdout"}
{"timestamp":"2025-11-10T01:36:49.621419Z","level":"info","event":"2022-10-01 22시: 7001~8000 완료 (128892개 누적)","logger":"task.stdout"}
{"timestamp":"2025-11-10T01:36:51.021233Z","level":"info","event":"2022-10-01 22시: 8001~8456 완료 (129348개 누적)","logger":"task.stdout"}
{"timestamp":"2025-11-10T01:36:53.517105Z","level":"info","event":"2022-10-01 23시: 1~1000 완료 (130348개 누적)","logger":"task.stdout"}
{"timestamp":"2025-11-10T01:36:54.967160Z","level":"info","event":"2022-10-01 23시: 1001~2000 완료 (131348개 누적)","logger":"task.stdout"}
{"timestamp":"2025-11-10T01:36:56.331813Z","level":"info","event":"2022-10-01 23시: 2001~3000 완료 (132348개 누적)","logger":"task.stdout"}
{"timestamp":"2025-11-10T01:36:57.693974Z","level":"info","event":"2022-10-01 23시: 3001~4000 완료 (133348개 누적)","logger":"task.stdout"}
{"timestamp":"2025-11-10T01:36:59.141051Z","level":"info","event":"2022-10-01 23시: 4001~5000 완료 (134348개 누적)","logger":"task.stdout"}
{"timestamp":"2025-11-10T01:37:00.744301Z","level":"info","event":"2022-10-01 23시: 5001~6000 완료 (135348개 누적)","logger":"task.stdout"}
{"timestamp":"2025-11-10T01:37:02.091817Z","level":"info","event":"2022-10-01 23시: 6001~6382 완료 (135730개 누적)","logger":"task.stdout"}
{"timestamp":"2025-11-10T01:37:03.741274Z","level":"info","event":"2022-10-02 00시: 1~1000 완료 (136730개 누적)","logger":"task.stdout"}
{"timestamp":"2025-11-10T01:37:04.782900Z","level":"info","event":"2022-10-02 00시: 1001~2000 완료 (137730개 누적)","logger":"task.stdout"}
{"timestamp":"2025-11-10T01:37:19.770679Z","level":"info","event":"2022-10-02 00시: 요청 실패 - HTTPConnectionPool(host='openapi.seoul.go.kr', port=8088): Max retries exceeded with url: /574d4268426539373930666f4b654e/json/tbCycleRentData/2001/3000/2022-10-02/0 (Caused by NameResolutionError(\"<urllib3.connection.HTTPConnection object at 0xffff8317a210>: Failed to resolve 'openapi.seoul.go.kr' ([Errno -3] Temporary failure in name resolution)\"))","logger":"task.stdout"}
{"timestamp":"2025-11-10T01:37:21.129598Z","level":"info","event":"2022-10-02 01시: 1~1000 완료 (138730개 누적)","logger":"task.stdout"}
{"timestamp":"2025-11-10T01:37:22.071176Z","level":"info","event":"2022-10-02 01시: 1001~2000 완료 (139730개 누적)","logger":"task.stdout"}
{"timestamp":"2025-11-10T01:37:23.017029Z","level":"info","event":"2022-10-02 01시: 2001~3000 완료 (140730개 누적)","logger":"task.stdout"}
{"timestamp":"2025-11-10T01:37:23.907562Z","level":"info","event":"2022-10-02 01시: 3001~3559 완료 (141289개 누적)","logger":"task.stdout"}
{"timestamp":"2025-11-10T01:37:25.378560Z","level":"info","event":"2022-10-02 02시: 1~1000 완료 (142289개 누적)","logger":"task.stdout"}
{"timestamp":"2025-11-10T01:37:26.322249Z","level":"info","event":"2022-10-02 02시: 1001~2000 완료 (143289개 누적)","logger":"task.stdout"}
{"timestamp":"2025-11-10T01:37:27.087423Z","level":"info","event":"2022-10-02 02시: 2001~2386 완료 (143675개 누적)","logger":"task.stdout"}
{"timestamp":"2025-11-10T01:37:28.539915Z","level":"info","event":"2022-10-02 03시: 1~1000 완료 (144675개 누적)","logger":"task.stdout"}
{"timestamp":"2025-11-10T01:37:29.322750Z","level":"info","event":"2022-10-02 03시: 1001~1540 완료 (145215개 누적)","logger":"task.stdout"}
{"timestamp":"2025-11-10T01:37:30.611275Z","level":"info","event":"2022-10-02 04시: 1~1000 완료 (146215개 누적)","logger":"task.stdout"}
{"timestamp":"2025-11-10T01:37:31.441580Z","level":"info","event":"2022-10-02 04시: 1001~1070 완료 (146285개 누적)","logger":"task.stdout"}
{"timestamp":"2025-11-10T01:37:32.724353Z","level":"info","event":"2022-10-02 05시: 1~918 완료 (147203개 누적)","logger":"task.stdout"}
{"timestamp":"2025-11-10T01:37:33.945474Z","level":"info","event":"2022-10-02 06시: 1~729 완료 (147932개 누적)","logger":"task.stdout"}
{"timestamp":"2025-11-10T01:37:35.238092Z","level":"info","event":"2022-10-02 07시: 1~1000 완료 (148932개 누적)","logger":"task.stdout"}
{"timestamp":"2025-11-10T01:37:35.874268Z","level":"info","event":"2022-10-02 07시: 1001~1146 완료 (149078개 누적)","logger":"task.stdout"}
{"timestamp":"2025-11-10T01:37:37.410759Z","level":"info","event":"2022-10-02 08시: 1~1000 완료 (150078개 누적)","logger":"task.stdout"}
{"timestamp":"2025-11-10T01:37:38.240794Z","level":"info","event":"2022-10-02 08시: 2001~2098 완료 (150176개 누적)","logger":"task.stdout"}
{"timestamp":"2025-11-10T01:37:39.734784Z","level":"info","event":"2022-10-02 09시: 1~1000 완료 (151176개 누적)","logger":"task.stdout"}
{"timestamp":"2025-11-10T01:37:40.590087Z","level":"info","event":"2022-10-02 09시: 1001~2000 완료 (152176개 누적)","logger":"task.stdout"}
{"timestamp":"2025-11-10T01:37:41.446458Z","level":"info","event":"2022-10-02 09시: 2001~3000 완료 (153176개 누적)","logger":"task.stdout"}
{"timestamp":"2025-11-10T01:37:42.283233Z","level":"info","event":"2022-10-02 09시: 3001~4000 완료 (154176개 누적)","logger":"task.stdout"}
{"timestamp":"2025-11-10T01:37:42.982087Z","level":"info","event":"2022-10-02 09시: 4001~4019 완료 (154195개 누적)","logger":"task.stdout"}
{"timestamp":"2025-11-10T01:37:44.655617Z","level":"info","event":"2022-10-02 10시: 1~1000 완료 (155195개 누적)","logger":"task.stdout"}
{"timestamp":"2025-11-10T01:37:45.576557Z","level":"info","event":"2022-10-02 10시: 1001~2000 완료 (156195개 누적)","logger":"task.stdout"}
{"timestamp":"2025-11-10T01:37:46.547033Z","level":"info","event":"2022-10-02 10시: 2001~3000 완료 (157195개 누적)","logger":"task.stdout"}
{"timestamp":"2025-11-10T01:37:47.473885Z","level":"info","event":"2022-10-02 10시: 3001~4000 완료 (158195개 누적)","logger":"task.stdout"}
{"timestamp":"2025-11-10T01:37:48.556130Z","level":"info","event":"2022-10-02 10시: 4001~5000 완료 (159195개 누적)","logger":"task.stdout"}
{"timestamp":"2025-11-10T01:37:49.488249Z","level":"info","event":"2022-10-02 10시: 5001~5354 완료 (159549개 누적)","logger":"task.stdout"}
{"timestamp":"2025-11-10T01:37:51.668436Z","level":"info","event":"2022-10-02 11시: 1~1000 완료 (160549개 누적)","logger":"task.stdout"}
{"timestamp":"2025-11-10T01:37:52.606748Z","level":"info","event":"2022-10-02 11시: 1001~2000 완료 (161549개 누적)","logger":"task.stdout"}
{"timestamp":"2025-11-10T01:37:53.669155Z","level":"info","event":"2022-10-02 11시: 2001~3000 완료 (162549개 누적)","logger":"task.stdout"}
{"timestamp":"2025-11-10T01:37:54.707089Z","level":"info","event":"2022-10-02 11시: 3001~4000 완료 (163549개 누적)","logger":"task.stdout"}
{"timestamp":"2025-11-10T01:38:07.383437Z","level":"info","event":"2022-10-02 11시: 4001~5000 완료 (164549개 누적)","logger":"task.stdout"}
{"timestamp":"2025-11-10T01:38:07.715405Z","level":"info","event":"2022-10-02 11시: 5001~6000 완료 (165549개 누적)","logger":"task.stdout"}
{"timestamp":"2025-11-10T01:38:08.553258Z","level":"info","event":"2022-10-02 11시: 6001~6318 완료 (165867개 누적)","logger":"task.stdout"}
{"timestamp":"2025-11-10T01:38:10.338056Z","level":"info","event":"2022-10-02 12시: 1~1000 완료 (166867개 누적)","logger":"task.stdout"}
{"timestamp":"2025-11-10T01:38:11.331127Z","level":"info","event":"2022-10-02 12시: 1001~2000 완료 (167867개 누적)","logger":"task.stdout"}
{"timestamp":"2025-11-10T01:38:12.353805Z","level":"info","event":"2022-10-02 12시: 2001~3000 완료 (168867개 누적)","logger":"task.stdout"}
{"timestamp":"2025-11-10T01:38:13.370634Z","level":"info","event":"2022-10-02 12시: 3001~4000 완료 (169867개 누적)","logger":"task.stdout"}
{"timestamp":"2025-11-10T01:38:14.373481Z","level":"info","event":"2022-10-02 12시: 4001~5000 완료 (170867개 누적)","logger":"task.stdout"}
{"timestamp":"2025-11-10T01:38:15.284948Z","level":"info","event":"2022-10-02 12시: 5001~6000 완료 (171867개 누적)","logger":"task.stdout"}
{"timestamp":"2025-11-10T01:38:16.319181Z","level":"info","event":"2022-10-02 12시: 6001~7000 완료 (172867개 누적)","logger":"task.stdout"}
{"timestamp":"2025-11-10T01:38:17.220488Z","level":"info","event":"2022-10-02 12시: 7001~7240 완료 (173107개 누적)","logger":"task.stdout"}
{"timestamp":"2025-11-10T01:38:19.026107Z","level":"info","event":"2022-10-02 13시: 1~1000 완료 (174107개 누적)","logger":"task.stdout"}
{"timestamp":"2025-11-10T01:38:20.057854Z","level":"info","event":"2022-10-02 13시: 1001~2000 완료 (175107개 누적)","logger":"task.stdout"}
{"timestamp":"2025-11-10T01:38:21.031103Z","level":"info","event":"2022-10-02 13시: 2001~3000 완료 (176107개 누적)","logger":"task.stdout"}
{"timestamp":"2025-11-10T01:38:22.070009Z","level":"info","event":"2022-10-02 13시: 3001~4000 완료 (177107개 누적)","logger":"task.stdout"}
{"timestamp":"2025-11-10T01:38:23.050203Z","level":"info","event":"2022-10-02 13시: 4001~5000 완료 (178107개 누적)","logger":"task.stdout"}
{"timestamp":"2025-11-10T01:38:24.107147Z","level":"info","event":"2022-10-02 13시: 5001~6000 완료 (179107개 누적)","logger":"task.stdout"}
{"timestamp":"2025-11-10T01:38:25.068126Z","level":"info","event":"2022-10-02 13시: 6001~7000 완료 (180107개 누적)","logger":"task.stdout"}
{"timestamp":"2025-11-10T01:38:25.973733Z","level":"info","event":"2022-10-02 13시: 7001~7353 완료 (180460개 누적)","logger":"task.stdout"}
{"timestamp":"2025-11-10T01:38:27.758477Z","level":"info","event":"2022-10-02 14시: 1~1000 완료 (181460개 누적)","logger":"task.stdout"}
{"timestamp":"2025-11-10T01:38:28.727537Z","level":"info","event":"2022-10-02 14시: 1001~2000 완료 (182460개 누적)","logger":"task.stdout"}
{"timestamp":"2025-11-10T01:38:29.771601Z","level":"info","event":"2022-10-02 14시: 2001~3000 완료 (183460개 누적)","logger":"task.stdout"}
{"timestamp":"2025-11-10T01:38:30.810912Z","level":"info","event":"2022-10-02 14시: 3001~4000 완료 (184460개 누적)","logger":"task.stdout"}
{"timestamp":"2025-11-10T01:38:31.905041Z","level":"info","event":"2022-10-02 14시: 4001~5000 완료 (185460개 누적)","logger":"task.stdout"}
{"timestamp":"2025-11-10T01:38:33.090213Z","level":"info","event":"2022-10-02 14시: 5001~6000 완료 (186460개 누적)","logger":"task.stdout"}
{"timestamp":"2025-11-10T01:38:34.174138Z","level":"info","event":"2022-10-02 14시: 6001~7000 완료 (187460개 누적)","logger":"task.stdout"}
{"timestamp":"2025-11-10T01:38:35.263804Z","level":"info","event":"2022-10-02 14시: 7001~7767 완료 (188227개 누적)","logger":"task.stdout"}
{"timestamp":"2025-11-10T01:38:36.943162Z","level":"info","event":"2022-10-02 15시: 1~1000 완료 (189227개 누적)","logger":"task.stdout"}
{"timestamp":"2025-11-10T01:38:37.997531Z","level":"info","event":"2022-10-02 15시: 1001~2000 완료 (190227개 누적)","logger":"task.stdout"}
{"timestamp":"2025-11-10T01:38:38.937088Z","level":"info","event":"2022-10-02 15시: 2001~3000 완료 (191227개 누적)","logger":"task.stdout"}
{"timestamp":"2025-11-10T01:38:39.968290Z","level":"info","event":"2022-10-02 15시: 3001~4000 완료 (192227개 누적)","logger":"task.stdout"}
{"timestamp":"2025-11-10T01:38:41.285369Z","level":"info","event":"2022-10-02 15시: 4001~5000 완료 (193227개 누적)","logger":"task.stdout"}
{"timestamp":"2025-11-10T01:38:48.305874Z","level":"critical","event":"Process terminated by signal. Likely out of memory error (OOM). For more information, see https://airflow.apache.org/docs/apache-airflow/stable/troubleshooting.html#process-terminated-by-signal.","signal":-9,"signal_name":"SIGKILL","logger":"task"}
