{"timestamp":"2025-11-10T01:25:57.080096Z","level":"info","event":"DAG bundles loaded: dags-folder","logger":"airflow.dag_processing.bundles.manager.DagBundlesManager","filename":"manager.py","lineno":179}
{"timestamp":"2025-11-10T01:25:57.081379Z","level":"info","event":"Filling up the DagBag from /opt/airflow/dags/seoul_bike_rent_2022.py","logger":"airflow.models.dagbag.DagBag","filename":"dagbag.py","lineno":593}
{"timestamp":"2025-11-10T01:25:57.103372Z","level":"warning","event":"The `airflow.operators.python.PythonOperator` attribute is deprecated. Please use `'airflow.providers.standard.operators.python.PythonOperator'`.","category":"DeprecatedImportWarning","filename":"/opt/airflow/dags/seoul_bike_rent_2022.py","lineno":2,"logger":"py.warnings"}
{"timestamp":"2025-11-10T01:25:57.272572Z","level":"info","event":"Found credentials in environment variables.","logger":"botocore.credentials","filename":"credentials.py","lineno":1224}
{"timestamp":"2025-11-10T01:25:57.654191Z","level":"info","event":"유효한 정거장 3202개 로드","logger":"task.stdout"}
{"timestamp":"2025-11-10T01:25:58.654950Z","level":"info","event":"2022-01-01 00시: 1~593 완료 (593개 누적)","logger":"task.stdout"}
{"timestamp":"2025-11-10T01:25:58.877476Z","level":"info","event":"2022-01-01 01시: 응답 없음","logger":"task.stdout"}
{"timestamp":"2025-11-10T01:25:59.275142Z","level":"info","event":"2022-01-01 03시: 응답 없음","logger":"task.stdout"}
{"timestamp":"2025-11-10T01:25:59.346920Z","level":"info","event":"2022-01-01 04시: 응답 없음","logger":"task.stdout"}
{"timestamp":"2025-11-10T01:25:59.423070Z","level":"info","event":"2022-01-01 05시: 응답 없음","logger":"task.stdout"}
{"timestamp":"2025-11-10T01:26:00.061013Z","level":"info","event":"2022-01-01 06시: 1~504 완료 (1097개 누적)","logger":"task.stdout"}
{"timestamp":"2025-11-10T01:26:00.814212Z","level":"info","event":"2022-01-01 07시: 1~643 완료 (1740개 누적)","logger":"task.stdout"}
{"timestamp":"2025-11-10T01:26:01.583305Z","level":"info","event":"2022-01-01 08시: 1~725 완료 (2465개 누적)","logger":"task.stdout"}
{"timestamp":"2025-11-10T01:26:02.461577Z","level":"info","event":"2022-01-01 09시: 1~946 완료 (3411개 누적)","logger":"task.stdout"}
{"timestamp":"2025-11-10T01:26:03.315786Z","level":"info","event":"2022-01-01 10시: 1~1000 완료 (4411개 누적)","logger":"task.stdout"}
{"timestamp":"2025-11-10T01:26:04.279537Z","level":"info","event":"2022-01-01 11시: 1001~1392 완료 (4803개 누적)","logger":"task.stdout"}
{"timestamp":"2025-11-10T01:26:05.174553Z","level":"info","event":"2022-01-01 12시: 1~1000 완료 (5803개 누적)","logger":"task.stdout"}
{"timestamp":"2025-11-10T01:26:05.705071Z","level":"info","event":"2022-01-01 12시: 1001~1746 완료 (6549개 누적)","logger":"task.stdout"}
{"timestamp":"2025-11-10T01:26:06.702208Z","level":"info","event":"2022-01-01 13시: 1~1000 완료 (7549개 누적)","logger":"task.stdout"}
{"timestamp":"2025-11-10T01:26:07.260737Z","level":"info","event":"2022-01-01 13시: 1001~1996 완료 (8545개 누적)","logger":"task.stdout"}
{"timestamp":"2025-11-10T01:26:08.170623Z","level":"info","event":"2022-01-01 14시: 1~1000 완료 (9545개 누적)","logger":"task.stdout"}
{"timestamp":"2025-11-10T01:26:08.755993Z","level":"info","event":"2022-01-01 14시: 1001~2000 완료 (10545개 누적)","logger":"task.stdout"}
{"timestamp":"2025-11-10T01:26:09.218014Z","level":"info","event":"2022-01-01 14시: 2001~2275 완료 (10820개 누적)","logger":"task.stdout"}
{"timestamp":"2025-11-10T01:26:10.232745Z","level":"info","event":"2022-01-01 15시: 1001~2000 완료 (11820개 누적)","logger":"task.stdout"}
{"timestamp":"2025-11-10T01:26:10.779042Z","level":"info","event":"2022-01-01 15시: 2001~2665 완료 (12485개 누적)","logger":"task.stdout"}
{"timestamp":"2025-11-10T01:26:11.750814Z","level":"info","event":"2022-01-01 16시: 1~1000 완료 (13485개 누적)","logger":"task.stdout"}
{"timestamp":"2025-11-10T01:26:12.376561Z","level":"info","event":"2022-01-01 16시: 1001~2000 완료 (14485개 누적)","logger":"task.stdout"}
{"timestamp":"2025-11-10T01:26:12.928492Z","level":"info","event":"2022-01-01 16시: 2001~2678 완료 (15163개 누적)","logger":"task.stdout"}
{"timestamp":"2025-11-10T01:26:13.908656Z","level":"info","event":"2022-01-01 17시: 1~1000 완료 (16163개 누적)","logger":"task.stdout"}
{"timestamp":"2025-11-10T01:26:14.543424Z","level":"info","event":"2022-01-01 17시: 1001~2000 완료 (17163개 누적)","logger":"task.stdout"}
{"timestamp":"2025-11-10T01:26:15.050299Z","level":"info","event":"2022-01-01 17시: 2001~2445 완료 (17608개 누적)","logger":"task.stdout"}
{"timestamp":"2025-11-10T01:26:16.138312Z","level":"info","event":"2022-01-01 18시: 1~1000 완료 (18608개 누적)","logger":"task.stdout"}
{"timestamp":"2025-11-10T01:26:16.708961Z","level":"info","event":"2022-01-01 18시: 1001~2000 완료 (19608개 누적)","logger":"task.stdout"}
{"timestamp":"2025-11-10T01:26:17.134996Z","level":"info","event":"2022-01-01 18시: 2001~2004 완료 (19612개 누적)","logger":"task.stdout"}
{"timestamp":"2025-11-10T01:26:18.125710Z","level":"info","event":"2022-01-01 19시: 1~1000 완료 (20612개 누적)","logger":"task.stdout"}
{"timestamp":"2025-11-10T01:26:18.629763Z","level":"info","event":"2022-01-01 19시: 1001~1591 완료 (21203개 누적)","logger":"task.stdout"}
{"timestamp":"2025-11-10T01:26:19.478508Z","level":"info","event":"2022-01-01 20시: 1~1000 완료 (22203개 누적)","logger":"task.stdout"}
{"timestamp":"2025-11-10T01:26:19.962093Z","level":"info","event":"2022-01-01 20시: 1001~1455 완료 (22658개 누적)","logger":"task.stdout"}
{"timestamp":"2025-11-10T01:26:20.865238Z","level":"info","event":"2022-01-01 21시: 1~1000 완료 (23658개 누적)","logger":"task.stdout"}
{"timestamp":"2025-11-10T01:26:21.407223Z","level":"info","event":"2022-01-01 21시: 1001~1766 완료 (24424개 누적)","logger":"task.stdout"}
{"timestamp":"2025-11-10T01:26:22.258709Z","level":"info","event":"2022-01-01 22시: 1~1000 완료 (25424개 누적)","logger":"task.stdout"}
{"timestamp":"2025-11-10T01:26:22.925636Z","level":"info","event":"2022-01-01 22시: 1001~1231 완료 (25655개 누적)","logger":"task.stdout"}
{"timestamp":"2025-11-10T01:26:23.766392Z","level":"info","event":"2022-01-01 23시: 1~811 완료 (26466개 누적)","logger":"task.stdout"}
{"timestamp":"2025-11-10T01:26:24.933057Z","level":"info","event":"2022-01-02 00시: 1~602 완료 (27068개 누적)","logger":"task.stdout"}
{"timestamp":"2025-11-10T01:26:25.678283Z","level":"info","event":"2022-01-02 01시: 1~436 완료 (27504개 누적)","logger":"task.stdout"}
{"timestamp":"2025-11-10T01:26:26.361924Z","level":"info","event":"2022-01-02 02시: 1~289 완료 (27793개 누적)","logger":"task.stdout"}
{"timestamp":"2025-11-10T01:26:27.069587Z","level":"info","event":"2022-01-02 03시: 1~188 완료 (27981개 누적)","logger":"task.stdout"}
{"timestamp":"2025-11-10T01:26:27.964485Z","level":"info","event":"2022-01-02 04시: 1~173 완료 (28154개 누적)","logger":"task.stdout"}
{"timestamp":"2025-11-10T01:26:28.601397Z","level":"info","event":"2022-01-02 05시: 1~174 완료 (28328개 누적)","logger":"task.stdout"}
{"timestamp":"2025-11-10T01:26:29.284730Z","level":"info","event":"2022-01-02 06시: 1~191 완료 (28519개 누적)","logger":"task.stdout"}
{"timestamp":"2025-11-10T01:26:29.963732Z","level":"info","event":"2022-01-02 07시: 1~266 완료 (28785개 누적)","logger":"task.stdout"}
{"timestamp":"2025-11-10T01:26:30.709935Z","level":"info","event":"2022-01-02 08시: 1~495 완료 (29280개 누적)","logger":"task.stdout"}
{"timestamp":"2025-11-10T01:26:31.734517Z","level":"info","event":"2022-01-02 09시: 1~774 완료 (30054개 누적)","logger":"task.stdout"}
{"timestamp":"2025-11-10T01:26:32.561283Z","level":"info","event":"2022-01-02 10시: 1~1000 완료 (31054개 누적)","logger":"task.stdout"}
{"timestamp":"2025-11-10T01:26:32.957971Z","level":"info","event":"2022-01-02 10시: 1001~1057 완료 (31111개 누적)","logger":"task.stdout"}
{"timestamp":"2025-11-10T01:26:33.885018Z","level":"info","event":"2022-01-02 11시: 1~1000 완료 (32111개 누적)","logger":"task.stdout"}
{"timestamp":"2025-11-10T01:26:34.359471Z","level":"info","event":"2022-01-02 11시: 1001~1335 완료 (32446개 누적)","logger":"task.stdout"}
{"timestamp":"2025-11-10T01:26:35.414860Z","level":"info","event":"2022-01-02 12시: 1~1000 완료 (33446개 누적)","logger":"task.stdout"}
{"timestamp":"2025-11-10T01:26:36.016551Z","level":"info","event":"2022-01-02 12시: 1001~1829 완료 (34275개 누적)","logger":"task.stdout"}
{"timestamp":"2025-11-10T01:26:37.116263Z","level":"info","event":"2022-01-02 13시: 1~1000 완료 (35275개 누적)","logger":"task.stdout"}
{"timestamp":"2025-11-10T01:26:37.843318Z","level":"info","event":"2022-01-02 13시: 1001~2000 완료 (36275개 누적)","logger":"task.stdout"}
{"timestamp":"2025-11-10T01:26:38.336328Z","level":"info","event":"2022-01-02 13시: 2001~2239 완료 (36514개 누적)","logger":"task.stdout"}
{"timestamp":"2025-11-10T01:26:39.407224Z","level":"info","event":"2022-01-02 14시: 1~1000 완료 (37514개 누적)","logger":"task.stdout"}
{"timestamp":"2025-11-10T01:26:40.070630Z","level":"info","event":"2022-01-02 14시: 1001~2000 완료 (38514개 누적)","logger":"task.stdout"}
{"timestamp":"2025-11-10T01:26:40.982299Z","level":"info","event":"2022-01-02 14시: 2001~2618 완료 (39132개 누적)","logger":"task.stdout"}
{"timestamp":"2025-11-10T01:26:41.939499Z","level":"info","event":"2022-01-02 15시: 1~1000 완료 (40132개 누적)","logger":"task.stdout"}
{"timestamp":"2025-11-10T01:26:42.536060Z","level":"info","event":"2022-01-02 15시: 1001~2000 완료 (41132개 누적)","logger":"task.stdout"}
{"timestamp":"2025-11-10T01:26:43.117091Z","level":"info","event":"2022-01-02 15시: 2001~2972 완료 (42104개 누적)","logger":"task.stdout"}
{"timestamp":"2025-11-10T01:26:44.083936Z","level":"info","event":"2022-01-02 16시: 1~1000 완료 (43104개 누적)","logger":"task.stdout"}
{"timestamp":"2025-11-10T01:26:44.674298Z","level":"info","event":"2022-01-02 16시: 1001~2000 완료 (44104개 누적)","logger":"task.stdout"}
{"timestamp":"2025-11-10T01:26:45.290907Z","level":"info","event":"2022-01-02 16시: 2001~2833 완료 (44937개 누적)","logger":"task.stdout"}
{"timestamp":"2025-11-10T01:26:46.506178Z","level":"info","event":"2022-01-02 17시: 1~1000 완료 (45937개 누적)","logger":"task.stdout"}
{"timestamp":"2025-11-10T01:26:47.114064Z","level":"info","event":"2022-01-02 17시: 1001~2000 완료 (46937개 누적)","logger":"task.stdout"}
{"timestamp":"2025-11-10T01:26:47.871094Z","level":"info","event":"2022-01-02 17시: 2001~2547 완료 (47484개 누적)","logger":"task.stdout"}
{"timestamp":"2025-11-10T01:26:48.756298Z","level":"info","event":"2022-01-02 18시: 1~1000 완료 (48484개 누적)","logger":"task.stdout"}
{"timestamp":"2025-11-10T01:26:49.323305Z","level":"info","event":"2022-01-02 18시: 1001~2000 완료 (49484개 누적)","logger":"task.stdout"}
{"timestamp":"2025-11-10T01:26:49.792991Z","level":"info","event":"2022-01-02 18시: 2001~2109 완료 (49593개 누적)","logger":"task.stdout"}
{"timestamp":"2025-11-10T01:26:50.716643Z","level":"info","event":"2022-01-02 19시: 1~1000 완료 (50593개 누적)","logger":"task.stdout"}
{"timestamp":"2025-11-10T01:26:51.256336Z","level":"info","event":"2022-01-02 19시: 1001~1719 완료 (51312개 누적)","logger":"task.stdout"}
{"timestamp":"2025-11-10T01:26:52.119290Z","level":"info","event":"2022-01-02 20시: 1~1000 완료 (52312개 누적)","logger":"task.stdout"}
{"timestamp":"2025-11-10T01:26:52.654840Z","level":"info","event":"2022-01-02 20시: 1001~1553 완료 (52865개 누적)","logger":"task.stdout"}
{"timestamp":"2025-11-10T01:26:53.649945Z","level":"info","event":"2022-01-02 21시: 1~1000 완료 (53865개 누적)","logger":"task.stdout"}
{"timestamp":"2025-11-10T01:26:54.415148Z","level":"info","event":"2022-01-02 21시: 1001~1671 완료 (54536개 누적)","logger":"task.stdout"}
{"timestamp":"2025-11-10T01:26:55.335632Z","level":"info","event":"2022-01-02 22시: 1~1000 완료 (55536개 누적)","logger":"task.stdout"}
{"timestamp":"2025-11-10T01:26:55.761092Z","level":"info","event":"2022-01-02 22시: 1001~1153 완료 (55689개 누적)","logger":"task.stdout"}
{"timestamp":"2025-11-10T01:26:56.697406Z","level":"info","event":"2022-01-02 23시: 1~683 완료 (56372개 누적)","logger":"task.stdout"}
{"timestamp":"2025-11-10T01:26:57.016683Z","level":"info","event":"","logger":"task.stdout"}
{"timestamp":"2025-11-10T01:26:57.016927Z","level":"info","event":"2022년 1월 총 56372개 수집 완료","logger":"task.stdout"}
{"timestamp":"2025-11-10T01:26:57.028767Z","level":"error","event":"Task failed with exception","logger":"task","filename":"task_runner.py","lineno":999,"error_detail":[{"exc_type":"KeyError","exc_value":"\"['대여 대여소명', '반납대여소명', '자전거번호', '대여거치대', '반납거치대', '이용시간(분)', '반납대여소번호', '대여 대여소번호'] not found in axis\"","exc_notes":[],"syntax_error":null,"is_cause":false,"frames":[{"filename":"/home/airflow/.local/lib/python3.12/site-packages/airflow/sdk/execution_time/task_runner.py","lineno":925,"name":"run"},{"filename":"/home/airflow/.local/lib/python3.12/site-packages/airflow/sdk/execution_time/task_runner.py","lineno":1312,"name":"_execute_task"},{"filename":"/home/airflow/.local/lib/python3.12/site-packages/airflow/sdk/bases/operator.py","lineno":416,"name":"wrapper"},{"filename":"/home/airflow/.local/lib/python3.12/site-packages/airflow/providers/standard/operators/python.py","lineno":213,"name":"execute"},{"filename":"/home/airflow/.local/lib/python3.12/site-packages/airflow/providers/standard/operators/python.py","lineno":236,"name":"execute_callable"},{"filename":"/home/airflow/.local/lib/python3.12/site-packages/airflow/sdk/execution_time/callback_runner.py","lineno":82,"name":"run"},{"filename":"/opt/airflow/dags/seoul_bike_rent_2022.py","lineno":40,"name":"collect_month"},{"filename":"/opt/airflow/plugins/rent_history_utils.py","lineno":102,"name":"preprocess_rent_data"},{"filename":"/home/airflow/.local/lib/python3.12/site-packages/pandas/core/frame.py","lineno":5344,"name":"drop"},{"filename":"/home/airflow/.local/lib/python3.12/site-packages/pandas/core/generic.py","lineno":4711,"name":"drop"},{"filename":"/home/airflow/.local/lib/python3.12/site-packages/pandas/core/generic.py","lineno":4753,"name":"_drop_axis"},{"filename":"/home/airflow/.local/lib/python3.12/site-packages/pandas/core/indexes/base.py","lineno":7000,"name":"drop"}],"is_group":false,"exceptions":[]}]}
