{"timestamp":"2025-11-10T01:36:57.969500Z","level":"info","event":"DAG bundles loaded: dags-folder","logger":"airflow.dag_processing.bundles.manager.DagBundlesManager","filename":"manager.py","lineno":179}
{"timestamp":"2025-11-10T01:36:57.970102Z","level":"info","event":"Filling up the DagBag from /opt/airflow/dags/seoul_bike_rent_2022.py","logger":"airflow.models.dagbag.DagBag","filename":"dagbag.py","lineno":593}
{"timestamp":"2025-11-10T01:36:57.979223Z","level":"warning","event":"The `airflow.operators.python.PythonOperator` attribute is deprecated. Please use `'airflow.providers.standard.operators.python.PythonOperator'`.","category":"DeprecatedImportWarning","filename":"/opt/airflow/dags/seoul_bike_rent_2022.py","lineno":2,"logger":"py.warnings"}
{"timestamp":"2025-11-10T01:36:58.009084Z","level":"info","event":"Found credentials in environment variables.","logger":"botocore.credentials","filename":"credentials.py","lineno":1224}
{"timestamp":"2025-11-10T01:36:58.807808Z","level":"info","event":"유효한 정거장 3202개 로드","logger":"task.stdout"}
{"timestamp":"2025-11-10T01:36:59.532053Z","level":"info","event":"2022-01-01 00시: 1~593 완료 (593개 누적)","logger":"task.stdout"}
{"timestamp":"2025-11-10T01:37:00.203823Z","level":"info","event":"2022-01-01 01시: 1~480 완료 (1073개 누적)","logger":"task.stdout"}
{"timestamp":"2025-11-10T01:37:01.033542Z","level":"info","event":"2022-01-01 02시: 1~337 완료 (1410개 누적)","logger":"task.stdout"}
{"timestamp":"2025-11-10T01:37:01.718026Z","level":"info","event":"2022-01-01 03시: 1~266 완료 (1676개 누적)","logger":"task.stdout"}
{"timestamp":"2025-11-10T01:37:02.430452Z","level":"info","event":"2022-01-01 04시: 1~261 완료 (1937개 누적)","logger":"task.stdout"}
{"timestamp":"2025-11-10T01:37:03.282293Z","level":"info","event":"2022-01-01 05시: 1~302 완료 (2239개 누적)","logger":"task.stdout"}
{"timestamp":"2025-11-10T01:37:04.166823Z","level":"info","event":"2022-01-01 06시: 1~504 완료 (2743개 누적)","logger":"task.stdout"}
{"timestamp":"2025-11-10T01:37:05.584242Z","level":"info","event":"2022-01-01 07시: 1~643 완료 (3386개 누적)","logger":"task.stdout"}
{"timestamp":"2025-11-10T01:37:20.678165Z","level":"info","event":"2022-01-01 08시: 1~725 완료 (4111개 누적)","logger":"task.stdout"}
{"timestamp":"2025-11-10T01:37:21.471510Z","level":"info","event":"2022-01-01 09시: 1~946 완료 (5057개 누적)","logger":"task.stdout"}
{"timestamp":"2025-11-10T01:37:22.562316Z","level":"info","event":"2022-01-01 10시: 1~1000 완료 (6057개 누적)","logger":"task.stdout"}
{"timestamp":"2025-11-10T01:37:23.084903Z","level":"info","event":"2022-01-01 10시: 1001~1108 완료 (6165개 누적)","logger":"task.stdout"}
{"timestamp":"2025-11-10T01:37:24.067020Z","level":"info","event":"2022-01-01 11시: 1~1000 완료 (7165개 누적)","logger":"task.stdout"}
{"timestamp":"2025-11-10T01:37:24.748775Z","level":"info","event":"2022-01-01 11시: 1001~1392 완료 (7557개 누적)","logger":"task.stdout"}
{"timestamp":"2025-11-10T01:37:25.780346Z","level":"info","event":"2022-01-01 12시: 1~1000 완료 (8557개 누적)","logger":"task.stdout"}
{"timestamp":"2025-11-10T01:37:26.348473Z","level":"info","event":"2022-01-01 12시: 1001~1746 완료 (9303개 누적)","logger":"task.stdout"}
{"timestamp":"2025-11-10T01:37:27.327359Z","level":"info","event":"2022-01-01 13시: 1~1000 완료 (10303개 누적)","logger":"task.stdout"}
{"timestamp":"2025-11-10T01:37:27.894285Z","level":"info","event":"2022-01-01 13시: 1001~1996 완료 (11299개 누적)","logger":"task.stdout"}
{"timestamp":"2025-11-10T01:37:29.153288Z","level":"info","event":"2022-01-01 14시: 1~1000 완료 (12299개 누적)","logger":"task.stdout"}
{"timestamp":"2025-11-10T01:37:29.810656Z","level":"info","event":"2022-01-01 14시: 1001~2000 완료 (13299개 누적)","logger":"task.stdout"}
{"timestamp":"2025-11-10T01:37:30.303947Z","level":"info","event":"2022-01-01 14시: 2001~2275 완료 (13574개 누적)","logger":"task.stdout"}
{"timestamp":"2025-11-10T01:37:31.302574Z","level":"info","event":"2022-01-01 15시: 1~1000 완료 (14574개 누적)","logger":"task.stdout"}
{"timestamp":"2025-11-10T01:37:31.912546Z","level":"info","event":"2022-01-01 15시: 1001~2000 완료 (15574개 누적)","logger":"task.stdout"}
{"timestamp":"2025-11-10T01:37:32.442182Z","level":"info","event":"2022-01-01 15시: 2001~2665 완료 (16239개 누적)","logger":"task.stdout"}
{"timestamp":"2025-11-10T01:37:33.435497Z","level":"info","event":"2022-01-01 16시: 1~1000 완료 (17239개 누적)","logger":"task.stdout"}
{"timestamp":"2025-11-10T01:37:34.069386Z","level":"info","event":"2022-01-01 16시: 1001~2000 완료 (18239개 누적)","logger":"task.stdout"}
{"timestamp":"2025-11-10T01:37:34.639505Z","level":"info","event":"2022-01-01 16시: 2001~2678 완료 (18917개 누적)","logger":"task.stdout"}
{"timestamp":"2025-11-10T01:37:35.589092Z","level":"info","event":"2022-01-01 17시: 1~1000 완료 (19917개 누적)","logger":"task.stdout"}
{"timestamp":"2025-11-10T01:37:36.193375Z","level":"info","event":"2022-01-01 17시: 1001~2000 완료 (20917개 누적)","logger":"task.stdout"}
{"timestamp":"2025-11-10T01:37:36.871015Z","level":"info","event":"2022-01-01 17시: 2001~2445 완료 (21362개 누적)","logger":"task.stdout"}
{"timestamp":"2025-11-10T01:37:38.263521Z","level":"info","event":"2022-01-01 18시: 1~1000 완료 (22362개 누적)","logger":"task.stdout"}
{"timestamp":"2025-11-10T01:37:38.867604Z","level":"info","event":"2022-01-01 18시: 1001~2000 완료 (23362개 누적)","logger":"task.stdout"}
{"timestamp":"2025-11-10T01:37:39.292855Z","level":"info","event":"2022-01-01 18시: 2001~2004 완료 (23366개 누적)","logger":"task.stdout"}
{"timestamp":"2025-11-10T01:37:40.157655Z","level":"info","event":"2022-01-01 19시: 1~1000 완료 (24366개 누적)","logger":"task.stdout"}
{"timestamp":"2025-11-10T01:37:40.669704Z","level":"info","event":"2022-01-01 19시: 1001~1591 완료 (24957개 누적)","logger":"task.stdout"}
{"timestamp":"2025-11-10T01:37:41.516823Z","level":"info","event":"2022-01-01 20시: 1~1000 완료 (25957개 누적)","logger":"task.stdout"}
{"timestamp":"2025-11-10T01:37:41.971531Z","level":"info","event":"2022-01-01 20시: 1001~1455 완료 (26412개 누적)","logger":"task.stdout"}
{"timestamp":"2025-11-10T01:37:42.935590Z","level":"info","event":"2022-01-01 21시: 1~1000 완료 (27412개 누적)","logger":"task.stdout"}
{"timestamp":"2025-11-10T01:37:43.474512Z","level":"info","event":"2022-01-01 21시: 1001~1766 완료 (28178개 누적)","logger":"task.stdout"}
{"timestamp":"2025-11-10T01:37:44.361903Z","level":"info","event":"2022-01-01 22시: 1~1000 완료 (29178개 누적)","logger":"task.stdout"}
{"timestamp":"2025-11-10T01:37:44.845649Z","level":"info","event":"2022-01-01 22시: 1001~1231 완료 (29409개 누적)","logger":"task.stdout"}
{"timestamp":"2025-11-10T01:37:45.653526Z","level":"info","event":"2022-01-01 23시: 1~811 완료 (30220개 누적)","logger":"task.stdout"}
{"timestamp":"2025-11-10T01:37:46.423296Z","level":"info","event":"2022-01-02 00시: 1~602 완료 (30822개 누적)","logger":"task.stdout"}
{"timestamp":"2025-11-10T01:37:47.145886Z","level":"info","event":"2022-01-02 01시: 1~436 완료 (31258개 누적)","logger":"task.stdout"}
{"timestamp":"2025-11-10T01:37:48.062256Z","level":"info","event":"2022-01-02 02시: 1~289 완료 (31547개 누적)","logger":"task.stdout"}
{"timestamp":"2025-11-10T01:37:48.915288Z","level":"info","event":"2022-01-02 03시: 1~188 완료 (31735개 누적)","logger":"task.stdout"}
{"timestamp":"2025-11-10T01:37:49.700052Z","level":"info","event":"2022-01-02 04시: 1~173 완료 (31908개 누적)","logger":"task.stdout"}
{"timestamp":"2025-11-10T01:37:50.463409Z","level":"info","event":"2022-01-02 05시: 1~174 완료 (32082개 누적)","logger":"task.stdout"}
{"timestamp":"2025-11-10T01:37:51.470534Z","level":"info","event":"2022-01-02 06시: 1~191 완료 (32273개 누적)","logger":"task.stdout"}
{"timestamp":"2025-11-10T01:37:52.150264Z","level":"info","event":"2022-01-02 07시: 1~266 완료 (32539개 누적)","logger":"task.stdout"}
{"timestamp":"2025-11-10T01:37:52.921572Z","level":"info","event":"2022-01-02 08시: 1~495 완료 (33034개 누적)","logger":"task.stdout"}
{"timestamp":"2025-11-10T01:37:53.936634Z","level":"info","event":"2022-01-02 09시: 1~774 완료 (33808개 누적)","logger":"task.stdout"}
{"timestamp":"2025-11-10T01:37:55.209476Z","level":"info","event":"2022-01-02 10시: 1~1000 완료 (34808개 누적)","logger":"task.stdout"}
{"timestamp":"2025-11-10T01:38:07.302662Z","level":"info","event":"2022-01-02 10시: 요청 실패 - HTTPConnectionPool(host='openapi.seoul.go.kr', port=8088): Max retries exceeded with url: /574d4268426539373930666f4b654e/json/tbCycleRentData/1001/1057/2022-01-02/10 (Caused by NameResolutionError(\"<urllib3.connection.HTTPConnection object at 0xffff8b79fe00>: Failed to resolve 'openapi.seoul.go.kr' ([Errno -3] Temporary failure in name resolution)\"))","logger":"task.stdout"}
{"timestamp":"2025-11-10T01:38:07.535426Z","level":"info","event":"2022-01-02 11시: 1~1000 완료 (35808개 누적)","logger":"task.stdout"}
{"timestamp":"2025-11-10T01:38:08.044123Z","level":"info","event":"2022-01-02 11시: 1001~1335 완료 (36143개 누적)","logger":"task.stdout"}
{"timestamp":"2025-11-10T01:38:08.973905Z","level":"info","event":"2022-01-02 12시: 1~1000 완료 (37143개 누적)","logger":"task.stdout"}
{"timestamp":"2025-11-10T01:38:09.586165Z","level":"info","event":"2022-01-02 12시: 1001~1829 완료 (37972개 누적)","logger":"task.stdout"}
{"timestamp":"2025-11-10T01:38:10.610559Z","level":"info","event":"2022-01-02 13시: 1~1000 완료 (38972개 누적)","logger":"task.stdout"}
{"timestamp":"2025-11-10T01:38:11.260655Z","level":"info","event":"2022-01-02 13시: 1001~2000 완료 (39972개 누적)","logger":"task.stdout"}
{"timestamp":"2025-11-10T01:38:11.761647Z","level":"info","event":"2022-01-02 13시: 2001~2239 완료 (40211개 누적)","logger":"task.stdout"}
{"timestamp":"2025-11-10T01:38:12.770293Z","level":"info","event":"2022-01-02 14시: 1~1000 완료 (41211개 누적)","logger":"task.stdout"}
{"timestamp":"2025-11-10T01:38:13.377508Z","level":"info","event":"2022-01-02 14시: 1001~2000 완료 (42211개 누적)","logger":"task.stdout"}
{"timestamp":"2025-11-10T01:38:13.932619Z","level":"info","event":"2022-01-02 14시: 2001~2618 완료 (42829개 누적)","logger":"task.stdout"}
{"timestamp":"2025-11-10T01:38:14.954847Z","level":"info","event":"2022-01-02 15시: 1~1000 완료 (43829개 누적)","logger":"task.stdout"}
{"timestamp":"2025-11-10T01:38:15.604504Z","level":"info","event":"2022-01-02 15시: 1001~2000 완료 (44829개 누적)","logger":"task.stdout"}
{"timestamp":"2025-11-10T01:38:16.260689Z","level":"info","event":"2022-01-02 15시: 2001~2972 완료 (45801개 누적)","logger":"task.stdout"}
{"timestamp":"2025-11-10T01:38:17.281985Z","level":"info","event":"2022-01-02 16시: 1~1000 완료 (46801개 누적)","logger":"task.stdout"}
{"timestamp":"2025-11-10T01:38:18.087808Z","level":"info","event":"2022-01-02 16시: 1001~2000 완료 (47801개 누적)","logger":"task.stdout"}
{"timestamp":"2025-11-10T01:38:18.668171Z","level":"info","event":"2022-01-02 16시: 2001~2833 완료 (48634개 누적)","logger":"task.stdout"}
{"timestamp":"2025-11-10T01:38:19.637038Z","level":"info","event":"2022-01-02 17시: 1~1000 완료 (49634개 누적)","logger":"task.stdout"}
{"timestamp":"2025-11-10T01:38:20.250335Z","level":"info","event":"2022-01-02 17시: 1001~2000 완료 (50634개 누적)","logger":"task.stdout"}
{"timestamp":"2025-11-10T01:38:20.788196Z","level":"info","event":"2022-01-02 17시: 2001~2547 완료 (51181개 누적)","logger":"task.stdout"}
{"timestamp":"2025-11-10T01:38:21.691229Z","level":"info","event":"2022-01-02 18시: 1~1000 완료 (52181개 누적)","logger":"task.stdout"}
{"timestamp":"2025-11-10T01:38:22.294483Z","level":"info","event":"2022-01-02 18시: 1001~2000 완료 (53181개 누적)","logger":"task.stdout"}
{"timestamp":"2025-11-10T01:38:22.744381Z","level":"info","event":"2022-01-02 18시: 2001~2109 완료 (53290개 누적)","logger":"task.stdout"}
{"timestamp":"2025-11-10T01:38:23.644269Z","level":"info","event":"2022-01-02 19시: 1~1000 완료 (54290개 누적)","logger":"task.stdout"}
{"timestamp":"2025-11-10T01:38:24.214981Z","level":"info","event":"2022-01-02 19시: 1001~1719 완료 (55009개 누적)","logger":"task.stdout"}
{"timestamp":"2025-11-10T01:38:25.111555Z","level":"info","event":"2022-01-02 20시: 1~1000 완료 (56009개 누적)","logger":"task.stdout"}
{"timestamp":"2025-11-10T01:38:25.643384Z","level":"info","event":"2022-01-02 20시: 1001~1553 완료 (56562개 누적)","logger":"task.stdout"}
{"timestamp":"2025-11-10T01:38:26.536582Z","level":"info","event":"2022-01-02 21시: 1~1000 완료 (57562개 누적)","logger":"task.stdout"}
{"timestamp":"2025-11-10T01:38:27.155217Z","level":"info","event":"2022-01-02 21시: 1001~1671 완료 (58233개 누적)","logger":"task.stdout"}
{"timestamp":"2025-11-10T01:38:28.137996Z","level":"info","event":"2022-01-02 22시: 1~1000 완료 (59233개 누적)","logger":"task.stdout"}
{"timestamp":"2025-11-10T01:38:28.565161Z","level":"info","event":"2022-01-02 22시: 1001~1153 완료 (59386개 누적)","logger":"task.stdout"}
{"timestamp":"2025-11-10T01:38:29.333697Z","level":"info","event":"2022-01-02 23시: 1~683 완료 (60069개 누적)","logger":"task.stdout"}
{"timestamp":"2025-11-10T01:38:30.036743Z","level":"info","event":"","logger":"task.stdout"}
{"timestamp":"2025-11-10T01:38:30.042042Z","level":"info","event":"2022년 1월 총 60069개 수집 완료","logger":"task.stdout"}
{"timestamp":"2025-11-10T01:38:30.066916Z","level":"error","event":"Task failed with exception","logger":"task","filename":"task_runner.py","lineno":999,"error_detail":[{"exc_type":"KeyError","exc_value":"\"['대여 대여소명', '반납대여소명', '자전거번호', '대여거치대', '반납거치대', '이용시간(분)', '반납대여소번호', '대여 대여소번호'] not found in axis\"","exc_notes":[],"syntax_error":null,"is_cause":false,"frames":[{"filename":"/home/airflow/.local/lib/python3.12/site-packages/airflow/sdk/execution_time/task_runner.py","lineno":925,"name":"run"},{"filename":"/home/airflow/.local/lib/python3.12/site-packages/airflow/sdk/execution_time/task_runner.py","lineno":1312,"name":"_execute_task"},{"filename":"/home/airflow/.local/lib/python3.12/site-packages/airflow/sdk/bases/operator.py","lineno":416,"name":"wrapper"},{"filename":"/home/airflow/.local/lib/python3.12/site-packages/airflow/providers/standard/operators/python.py","lineno":213,"name":"execute"},{"filename":"/home/airflow/.local/lib/python3.12/site-packages/airflow/providers/standard/operators/python.py","lineno":236,"name":"execute_callable"},{"filename":"/home/airflow/.local/lib/python3.12/site-packages/airflow/sdk/execution_time/callback_runner.py","lineno":82,"name":"run"},{"filename":"/opt/airflow/dags/seoul_bike_rent_2022.py","lineno":40,"name":"collect_month"},{"filename":"/opt/airflow/plugins/rent_history_utils.py","lineno":102,"name":"preprocess_rent_data"},{"filename":"/home/airflow/.local/lib/python3.12/site-packages/pandas/core/frame.py","lineno":5344,"name":"drop"},{"filename":"/home/airflow/.local/lib/python3.12/site-packages/pandas/core/generic.py","lineno":4711,"name":"drop"},{"filename":"/home/airflow/.local/lib/python3.12/site-packages/pandas/core/generic.py","lineno":4753,"name":"_drop_axis"},{"filename":"/home/airflow/.local/lib/python3.12/site-packages/pandas/core/indexes/base.py","lineno":7000,"name":"drop"}],"is_group":false,"exceptions":[]}]}
