{"timestamp":"2025-11-10T08:47:50.115928Z","level":"info","event":"DAG bundles loaded: dags-folder","logger":"airflow.dag_processing.bundles.manager.DagBundlesManager","filename":"manager.py","lineno":179}
{"timestamp":"2025-11-10T08:47:50.116520Z","level":"info","event":"Filling up the DagBag from /opt/airflow/dags/seoul_bike_rent_load.py","logger":"airflow.models.dagbag.DagBag","filename":"dagbag.py","lineno":593}
{"timestamp":"2025-11-10T08:47:50.133996Z","level":"warning","event":"The `airflow.operators.python.PythonOperator` attribute is deprecated. Please use `'airflow.providers.standard.operators.python.PythonOperator'`.","category":"DeprecatedImportWarning","filename":"/opt/airflow/dags/seoul_bike_rent_load.py","lineno":4,"logger":"py.warnings"}
{"timestamp":"2025-11-10T08:47:50.155384Z","level":"info","event":"","logger":"task.stdout"}
{"timestamp":"2025-11-10T08:47:50.155731Z","level":"info","event":"============================================================","logger":"task.stdout"}
{"timestamp":"2025-11-10T08:47:50.155808Z","level":"info","event":"2016년 3월 처리 시작","logger":"task.stdout"}
{"timestamp":"2025-11-10T08:47:50.155912Z","level":"info","event":"============================================================","logger":"task.stdout"}
{"timestamp":"2025-11-10T08:47:50.164134Z","level":"info","event":"Found credentials in environment variables.","logger":"botocore.credentials","filename":"credentials.py","lineno":1224}
{"timestamp":"2025-11-10T08:47:50.734088Z","level":"info","event":"유효 정거장 3202개 로드 완료","logger":"task.stdout"}
{"timestamp":"2025-11-10T08:47:50.735587Z","level":"info","event":"[2016-03] 1~7일 처리 중","logger":"task.stdout"}
{"timestamp":"2025-11-10T08:47:50.735871Z","level":"info","event":"[2016-03-01] 데이터 수집 시작","logger":"task.stdout"}
{"timestamp":"2025-11-10T08:47:58.939860Z","level":"info","event":"[2016-03-01] 총 679건 수집","logger":"task.stdout"}
{"timestamp":"2025-11-10T08:47:58.975930Z","level":"info","event":"  전처리 후: 667건","logger":"task.stdout"}
{"timestamp":"2025-11-10T08:47:58.976154Z","level":"info","event":"[2016-03-02] 데이터 수집 시작","logger":"task.stdout"}
{"timestamp":"2025-11-10T08:48:07.373141Z","level":"info","event":"[2016-03-02] 총 1038건 수집","logger":"task.stdout"}
{"timestamp":"2025-11-10T08:48:07.389920Z","level":"info","event":"  전처리 후: 1,019건","logger":"task.stdout"}
{"timestamp":"2025-11-10T08:48:07.390359Z","level":"info","event":"[2016-03-03] 데이터 수집 시작","logger":"task.stdout"}
{"timestamp":"2025-11-10T08:48:16.164508Z","level":"info","event":"[2016-03-03] 총 1491건 수집","logger":"task.stdout"}
{"timestamp":"2025-11-10T08:48:16.200489Z","level":"info","event":"  전처리 후: 1,466건","logger":"task.stdout"}
{"timestamp":"2025-11-10T08:48:16.200770Z","level":"info","event":"[2016-03-04] 데이터 수집 시작","logger":"task.stdout"}
{"timestamp":"2025-11-10T08:48:25.353866Z","level":"info","event":"[2016-03-04] 총 2294건 수집","logger":"task.stdout"}
{"timestamp":"2025-11-10T08:48:25.384579Z","level":"info","event":"  전처리 후: 2,259건","logger":"task.stdout"}
{"timestamp":"2025-11-10T08:48:25.384857Z","level":"info","event":"[2016-03-05] 데이터 수집 시작","logger":"task.stdout"}
{"timestamp":"2025-11-10T08:48:33.233426Z","level":"info","event":"[2016-03-05] 총 270건 수집","logger":"task.stdout"}
{"timestamp":"2025-11-10T08:48:33.527784Z","level":"info","event":"  전처리 후: 268건","logger":"task.stdout"}
{"timestamp":"2025-11-10T08:48:33.667326Z","level":"info","event":"[2016-03-06] 데이터 수집 시작","logger":"task.stdout"}
{"timestamp":"2025-11-10T08:48:43.489841Z","level":"info","event":"[2016-03-06] 총 2284건 수집","logger":"task.stdout"}
{"timestamp":"2025-11-10T08:48:43.533478Z","level":"info","event":"  전처리 후: 2,252건","logger":"task.stdout"}
{"timestamp":"2025-11-10T08:48:43.534421Z","level":"info","event":"[2016-03-07] 데이터 수집 시작","logger":"task.stdout"}
{"timestamp":"2025-11-10T08:48:52.556640Z","level":"info","event":"[2016-03-07] 총 1374건 수집","logger":"task.stdout"}
{"timestamp":"2025-11-10T08:48:52.578345Z","level":"info","event":"  전처리 후: 1,350건","logger":"task.stdout"}
{"timestamp":"2025-11-10T08:48:52.639183Z","level":"info","event":"[2016-03] 1~7일 완료: 9,281건","logger":"task.stdout"}
{"timestamp":"2025-11-10T08:48:54.657967Z","level":"info","event":"업로드 완료: s3://yn-project-seoul-bike/rent/2016/temp/month_03_week_1.parquet (9,281건)","logger":"task.stdout"}
{"timestamp":"2025-11-10T08:48:54.673217Z","level":"info","event":"[2016-03] 8~14일 처리 중","logger":"task.stdout"}
{"timestamp":"2025-11-10T08:48:54.673496Z","level":"info","event":"[2016-03-08] 데이터 수집 시작","logger":"task.stdout"}
{"timestamp":"2025-11-10T08:49:02.894495Z","level":"info","event":"[2016-03-08] 총 1112건 수집","logger":"task.stdout"}
{"timestamp":"2025-11-10T08:49:02.927556Z","level":"info","event":"  전처리 후: 1,089건","logger":"task.stdout"}
{"timestamp":"2025-11-10T08:49:02.928386Z","level":"info","event":"[2016-03-09] 데이터 수집 시작","logger":"task.stdout"}
{"timestamp":"2025-11-10T08:49:12.203221Z","level":"info","event":"[2016-03-09] 총 1061건 수집","logger":"task.stdout"}
{"timestamp":"2025-11-10T08:49:12.415332Z","level":"info","event":"  전처리 후: 1,032건","logger":"task.stdout"}
{"timestamp":"2025-11-10T08:49:12.417296Z","level":"info","event":"[2016-03-10] 데이터 수집 시작","logger":"task.stdout"}
{"timestamp":"2025-11-10T08:49:22.511482Z","level":"info","event":"[2016-03-10] 총 992건 수집","logger":"task.stdout"}
{"timestamp":"2025-11-10T08:49:22.537025Z","level":"info","event":"  전처리 후: 975건","logger":"task.stdout"}
{"timestamp":"2025-11-10T08:49:22.537252Z","level":"info","event":"[2016-03-11] 데이터 수집 시작","logger":"task.stdout"}
{"timestamp":"2025-11-10T08:49:31.178738Z","level":"info","event":"[2016-03-11] 총 995건 수집","logger":"task.stdout"}
{"timestamp":"2025-11-10T08:49:31.199235Z","level":"info","event":"  전처리 후: 974건","logger":"task.stdout"}
{"timestamp":"2025-11-10T08:49:31.199524Z","level":"info","event":"[2016-03-12] 데이터 수집 시작","logger":"task.stdout"}
{"timestamp":"2025-11-10T08:49:39.437284Z","level":"info","event":"[2016-03-12] 총 892건 수집","logger":"task.stdout"}
{"timestamp":"2025-11-10T08:49:39.451649Z","level":"info","event":"  전처리 후: 884건","logger":"task.stdout"}
{"timestamp":"2025-11-10T08:49:39.451927Z","level":"info","event":"[2016-03-13] 데이터 수집 시작","logger":"task.stdout"}
{"timestamp":"2025-11-10T08:49:47.865127Z","level":"info","event":"[2016-03-13] 총 906건 수집","logger":"task.stdout"}
{"timestamp":"2025-11-10T08:49:47.882627Z","level":"info","event":"  전처리 후: 899건","logger":"task.stdout"}
{"timestamp":"2025-11-10T08:49:47.882908Z","level":"info","event":"[2016-03-14] 데이터 수집 시작","logger":"task.stdout"}
{"timestamp":"2025-11-10T08:49:56.346663Z","level":"info","event":"[2016-03-14] 총 1371건 수집","logger":"task.stdout"}
{"timestamp":"2025-11-10T08:49:56.373687Z","level":"info","event":"  전처리 후: 1,353건","logger":"task.stdout"}
{"timestamp":"2025-11-10T08:49:56.402771Z","level":"info","event":"[2016-03] 8~14일 완료: 7,206건","logger":"task.stdout"}
{"timestamp":"2025-11-10T08:49:56.666040Z","level":"info","event":"업로드 완료: s3://yn-project-seoul-bike/rent/2016/temp/month_03_week_2.parquet (7,206건)","logger":"task.stdout"}
{"timestamp":"2025-11-10T08:49:56.668107Z","level":"info","event":"[2016-03] 15~21일 처리 중","logger":"task.stdout"}
{"timestamp":"2025-11-10T08:49:56.668324Z","level":"info","event":"[2016-03-15] 데이터 수집 시작","logger":"task.stdout"}
{"timestamp":"2025-11-10T08:50:05.619306Z","level":"info","event":"[2016-03-15] 총 1579건 수집","logger":"task.stdout"}
{"timestamp":"2025-11-10T08:50:05.641273Z","level":"info","event":"  전처리 후: 1,556건","logger":"task.stdout"}
{"timestamp":"2025-11-10T08:50:05.641527Z","level":"info","event":"[2016-03-16] 데이터 수집 시작","logger":"task.stdout"}
{"timestamp":"2025-11-10T08:50:14.260938Z","level":"info","event":"[2016-03-16] 총 1762건 수집","logger":"task.stdout"}
{"timestamp":"2025-11-10T08:50:14.304148Z","level":"info","event":"  전처리 후: 1,746건","logger":"task.stdout"}
{"timestamp":"2025-11-10T08:50:14.304702Z","level":"info","event":"[2016-03-17] 데이터 수집 시작","logger":"task.stdout"}
{"timestamp":"2025-11-10T08:50:23.096220Z","level":"info","event":"[2016-03-17] 총 1814건 수집","logger":"task.stdout"}
{"timestamp":"2025-11-10T08:50:23.110147Z","level":"info","event":"  전처리 후: 1,783건","logger":"task.stdout"}
{"timestamp":"2025-11-10T08:50:23.110372Z","level":"info","event":"[2016-03-18] 데이터 수집 시작","logger":"task.stdout"}
{"timestamp":"2025-11-10T08:50:32.468831Z","level":"info","event":"[2016-03-18] 총 2583건 수집","logger":"task.stdout"}
{"timestamp":"2025-11-10T08:50:32.502665Z","level":"info","event":"  전처리 후: 2,554건","logger":"task.stdout"}
{"timestamp":"2025-11-10T08:50:32.502931Z","level":"info","event":"[2016-03-19] 데이터 수집 시작","logger":"task.stdout"}
{"timestamp":"2025-11-10T08:50:42.349497Z","level":"info","event":"[2016-03-19] 총 3638건 수집","logger":"task.stdout"}
{"timestamp":"2025-11-10T08:50:42.375981Z","level":"info","event":"  전처리 후: 3,613건","logger":"task.stdout"}
{"timestamp":"2025-11-10T08:50:42.377146Z","level":"info","event":"[2016-03-20] 데이터 수집 시작","logger":"task.stdout"}
{"timestamp":"2025-11-10T08:50:52.384044Z","level":"info","event":"[2016-03-20] 총 3685건 수집","logger":"task.stdout"}
{"timestamp":"2025-11-10T08:50:52.434463Z","level":"info","event":"  전처리 후: 3,659건","logger":"task.stdout"}
{"timestamp":"2025-11-10T08:50:52.434722Z","level":"info","event":"[2016-03-21] 데이터 수집 시작","logger":"task.stdout"}
{"timestamp":"2025-11-10T08:51:01.459992Z","level":"info","event":"[2016-03-21] 총 2256건 수집","logger":"task.stdout"}
{"timestamp":"2025-11-10T08:51:01.484744Z","level":"info","event":"  전처리 후: 2,223건","logger":"task.stdout"}
{"timestamp":"2025-11-10T08:51:01.548641Z","level":"info","event":"[2016-03] 15~21일 완료: 17,134건","logger":"task.stdout"}
{"timestamp":"2025-11-10T08:51:01.898711Z","level":"info","event":"업로드 완료: s3://yn-project-seoul-bike/rent/2016/temp/month_03_week_3.parquet (17,134건)","logger":"task.stdout"}
{"timestamp":"2025-11-10T08:51:01.901991Z","level":"info","event":"[2016-03] 22~28일 처리 중","logger":"task.stdout"}
{"timestamp":"2025-11-10T08:51:01.902138Z","level":"info","event":"[2016-03-22] 데이터 수집 시작","logger":"task.stdout"}
{"timestamp":"2025-11-10T08:51:11.380421Z","level":"info","event":"[2016-03-22] 총 2228건 수집","logger":"task.stdout"}
{"timestamp":"2025-11-10T08:51:11.398859Z","level":"info","event":"  전처리 후: 2,204건","logger":"task.stdout"}
{"timestamp":"2025-11-10T08:51:11.399028Z","level":"info","event":"[2016-03-23] 데이터 수집 시작","logger":"task.stdout"}
{"timestamp":"2025-11-10T08:51:20.446109Z","level":"info","event":"[2016-03-23] 총 2048건 수집","logger":"task.stdout"}
{"timestamp":"2025-11-10T08:51:20.468413Z","level":"info","event":"  전처리 후: 2,008건","logger":"task.stdout"}
{"timestamp":"2025-11-10T08:51:20.468636Z","level":"info","event":"[2016-03-24] 데이터 수집 시작","logger":"task.stdout"}
{"timestamp":"2025-11-10T08:51:29.738502Z","level":"info","event":"[2016-03-24] 총 2081건 수집","logger":"task.stdout"}
{"timestamp":"2025-11-10T08:51:29.802346Z","level":"info","event":"  전처리 후: 2,059건","logger":"task.stdout"}
{"timestamp":"2025-11-10T08:51:29.804239Z","level":"info","event":"[2016-03-25] 데이터 수집 시작","logger":"task.stdout"}
{"timestamp":"2025-11-10T08:51:38.978844Z","level":"info","event":"[2016-03-25] 총 2112건 수집","logger":"task.stdout"}
{"timestamp":"2025-11-10T08:51:39.365681Z","level":"info","event":"  전처리 후: 2,090건","logger":"task.stdout"}
{"timestamp":"2025-11-10T08:51:39.366161Z","level":"info","event":"[2016-03-26] 데이터 수집 시작","logger":"task.stdout"}
{"timestamp":"2025-11-10T08:51:40.913815Z","level":"info","event":"[2016-03-26 04시] 수집 실패: Expecting value: line 1 column 1 (char 0)","logger":"task.stdout"}
{"timestamp":"2025-11-10T08:51:48.135700Z","level":"info","event":"[2016-03-26] 총 2507건 수집","logger":"task.stdout"}
{"timestamp":"2025-11-10T08:51:48.165158Z","level":"info","event":"  전처리 후: 2,481건","logger":"task.stdout"}
{"timestamp":"2025-11-10T08:51:48.165345Z","level":"info","event":"[2016-03-27] 데이터 수집 시작","logger":"task.stdout"}
{"timestamp":"2025-11-10T08:51:57.241481Z","level":"info","event":"[2016-03-27] 총 2804건 수집","logger":"task.stdout"}
{"timestamp":"2025-11-10T08:51:57.263888Z","level":"info","event":"  전처리 후: 2,777건","logger":"task.stdout"}
{"timestamp":"2025-11-10T08:51:57.264109Z","level":"info","event":"[2016-03-28] 데이터 수집 시작","logger":"task.stdout"}
{"timestamp":"2025-11-10T08:52:06.734318Z","level":"info","event":"[2016-03-28] 총 2469건 수집","logger":"task.stdout"}
{"timestamp":"2025-11-10T08:52:06.754323Z","level":"info","event":"  전처리 후: 2,447건","logger":"task.stdout"}
{"timestamp":"2025-11-10T08:52:06.813600Z","level":"info","event":"[2016-03] 22~28일 완료: 16,066건","logger":"task.stdout"}
{"timestamp":"2025-11-10T08:52:07.096801Z","level":"info","event":"업로드 완료: s3://yn-project-seoul-bike/rent/2016/temp/month_03_week_4.parquet (16,066건)","logger":"task.stdout"}
{"timestamp":"2025-11-10T08:52:07.099229Z","level":"info","event":"[2016-03] 29~31일 처리 중","logger":"task.stdout"}
{"timestamp":"2025-11-10T08:52:07.099404Z","level":"info","event":"[2016-03-29] 데이터 수집 시작","logger":"task.stdout"}
{"timestamp":"2025-11-10T08:52:16.489038Z","level":"info","event":"[2016-03-29] 총 1775건 수집","logger":"task.stdout"}
{"timestamp":"2025-11-10T08:52:16.518296Z","level":"info","event":"  전처리 후: 1,757건","logger":"task.stdout"}
{"timestamp":"2025-11-10T08:52:16.518468Z","level":"info","event":"[2016-03-30] 데이터 수집 시작","logger":"task.stdout"}
{"timestamp":"2025-11-10T08:52:26.517796Z","level":"info","event":"[2016-03-30] 총 2507건 수집","logger":"task.stdout"}
{"timestamp":"2025-11-10T08:52:26.576449Z","level":"info","event":"  전처리 후: 2,481건","logger":"task.stdout"}
{"timestamp":"2025-11-10T08:52:26.577370Z","level":"info","event":"[2016-03-31] 데이터 수집 시작","logger":"task.stdout"}
{"timestamp":"2025-11-10T08:52:36.249227Z","level":"info","event":"[2016-03-31] 총 2867건 수집","logger":"task.stdout"}
{"timestamp":"2025-11-10T08:52:36.285050Z","level":"info","event":"  전처리 후: 2,841건","logger":"task.stdout"}
{"timestamp":"2025-11-10T08:52:36.319766Z","level":"info","event":"[2016-03] 29~31일 완료: 7,079건","logger":"task.stdout"}
{"timestamp":"2025-11-10T08:52:36.554811Z","level":"info","event":"업로드 완료: s3://yn-project-seoul-bike/rent/2016/temp/month_03_week_5.parquet (7,079건)","logger":"task.stdout"}
{"timestamp":"2025-11-10T08:52:36.556913Z","level":"info","event":"[2016-03] 주간 파일 병합 시작 (총 5주)","logger":"task.stdout"}
{"timestamp":"2025-11-10T08:52:36.814890Z","level":"info","event":"  Week 1: 9,281건 로드","logger":"task.stdout"}
{"timestamp":"2025-11-10T08:52:36.910129Z","level":"info","event":"  Week 2: 7,206건 로드","logger":"task.stdout"}
{"timestamp":"2025-11-10T08:52:37.042690Z","level":"info","event":"  Week 3: 17,134건 로드","logger":"task.stdout"}
{"timestamp":"2025-11-10T08:52:37.126767Z","level":"info","event":"  Week 4: 15,987건 로드","logger":"task.stdout"}
{"timestamp":"2025-11-10T08:52:37.169220Z","level":"info","event":"  Week 5: 7,079건 로드","logger":"task.stdout"}
{"timestamp":"2025-11-10T08:52:37.734752Z","level":"info","event":"업로드 완료: s3://yn-project-seoul-bike/rent/2016/month_03.parquet (56,687건)","logger":"task.stdout"}
{"timestamp":"2025-11-10T08:52:37.737217Z","level":"info","event":"[2016-03] 최종 병합 완료: 56,687건","logger":"task.stdout"}
{"timestamp":"2025-11-10T08:52:37.874890Z","level":"info","event":"","logger":"task.stdout"}
{"timestamp":"2025-11-10T08:52:37.875194Z","level":"info","event":"2016년 3월 처리 완료","logger":"task.stdout"}
{"timestamp":"2025-11-10T08:52:37.877151Z","level":"info","event":"","logger":"task.stdout"}
{"timestamp":"2025-11-10T08:52:37.875713Z","level":"info","event":"Done. Returned value was: None","logger":"airflow.task.operators.airflow.providers.standard.operators.python.PythonOperator","filename":"python.py","lineno":215}
