{"timestamp":"2025-11-10T01:32:22.395023Z","level":"info","event":"DAG bundles loaded: dags-folder","logger":"airflow.dag_processing.bundles.manager.DagBundlesManager","filename":"manager.py","lineno":179}
{"timestamp":"2025-11-10T01:32:22.397234Z","level":"info","event":"Filling up the DagBag from /opt/airflow/dags/seoul_bike_rent_2022.py","logger":"airflow.models.dagbag.DagBag","filename":"dagbag.py","lineno":593}
{"timestamp":"2025-11-10T01:32:22.436398Z","level":"warning","event":"The `airflow.operators.python.PythonOperator` attribute is deprecated. Please use `'airflow.providers.standard.operators.python.PythonOperator'`.","category":"DeprecatedImportWarning","filename":"/opt/airflow/dags/seoul_bike_rent_2022.py","lineno":2,"logger":"py.warnings"}
{"timestamp":"2025-11-10T01:32:22.477796Z","level":"info","event":"Found credentials in environment variables.","logger":"botocore.credentials","filename":"credentials.py","lineno":1224}
{"timestamp":"2025-11-10T01:32:23.665720Z","level":"info","event":"유효한 정거장 3202개 로드","logger":"task.stdout"}
{"timestamp":"2025-11-10T01:32:25.984757Z","level":"info","event":"2022-11-01 00시: 1~1000 완료 (1000개 누적)","logger":"task.stdout"}
{"timestamp":"2025-11-10T01:32:27.317589Z","level":"info","event":"2022-11-01 00시: 1001~2000 완료 (2000개 누적)","logger":"task.stdout"}
{"timestamp":"2025-11-10T01:32:29.734283Z","level":"info","event":"2022-11-01 01시: 1~1000 완료 (3000개 누적)","logger":"task.stdout"}
{"timestamp":"2025-11-10T01:32:30.986665Z","level":"info","event":"2022-11-01 01시: 1001~1927 완료 (3927개 누적)","logger":"task.stdout"}
{"timestamp":"2025-11-10T01:32:33.473960Z","level":"info","event":"2022-11-01 02시: 1~1000 완료 (4927개 누적)","logger":"task.stdout"}
{"timestamp":"2025-11-10T01:32:34.711770Z","level":"info","event":"2022-11-01 02시: 1001~1221 완료 (5148개 누적)","logger":"task.stdout"}
{"timestamp":"2025-11-10T01:32:36.791400Z","level":"info","event":"2022-11-01 03시: 1~758 완료 (5906개 누적)","logger":"task.stdout"}
{"timestamp":"2025-11-10T01:32:38.963857Z","level":"info","event":"2022-11-01 04시: 1~609 완료 (6515개 누적)","logger":"task.stdout"}
{"timestamp":"2025-11-10T01:32:41.284566Z","level":"info","event":"2022-11-01 05시: 1~1000 완료 (7515개 누적)","logger":"task.stdout"}
{"timestamp":"2025-11-10T01:32:42.409683Z","level":"info","event":"2022-11-01 05시: 1001~1511 완료 (8026개 누적)","logger":"task.stdout"}
{"timestamp":"2025-11-10T01:32:44.748688Z","level":"info","event":"2022-11-01 06시: 1~1000 완료 (9026개 누적)","logger":"task.stdout"}
{"timestamp":"2025-11-10T01:32:45.933462Z","level":"info","event":"2022-11-01 06시: 1001~2000 완료 (10026개 누적)","logger":"task.stdout"}
{"timestamp":"2025-11-10T01:32:47.207630Z","level":"info","event":"2022-11-01 06시: 2001~3000 완료 (11026개 누적)","logger":"task.stdout"}
{"timestamp":"2025-11-10T01:32:48.452202Z","level":"info","event":"2022-11-01 06시: 3001~3342 완료 (11368개 누적)","logger":"task.stdout"}
{"timestamp":"2025-11-10T01:32:51.290789Z","level":"info","event":"2022-11-01 07시: 1~1000 완료 (12368개 누적)","logger":"task.stdout"}
{"timestamp":"2025-11-10T01:32:52.940968Z","level":"info","event":"2022-11-01 07시: 1001~2000 완료 (13368개 누적)","logger":"task.stdout"}
{"timestamp":"2025-11-10T01:33:00.804334Z","level":"info","event":"2022-11-01 07시: 2001~3000 완료 (14368개 누적)","logger":"task.stdout"}
{"timestamp":"2025-11-10T01:33:02.356707Z","level":"info","event":"2022-11-01 07시: 3001~4000 완료 (15368개 누적)","logger":"task.stdout"}
{"timestamp":"2025-11-10T01:33:03.834318Z","level":"info","event":"2022-11-01 07시: 4001~5000 완료 (16368개 누적)","logger":"task.stdout"}
{"timestamp":"2025-11-10T01:33:05.308016Z","level":"info","event":"2022-11-01 07시: 5001~6000 완료 (17368개 누적)","logger":"task.stdout"}
{"timestamp":"2025-11-10T01:33:07.014748Z","level":"info","event":"2022-11-01 07시: 6001~7000 완료 (18368개 누적)","logger":"task.stdout"}
{"timestamp":"2025-11-10T01:33:08.459605Z","level":"info","event":"2022-11-01 07시: 7001~8000 완료 (19368개 누적)","logger":"task.stdout"}
{"timestamp":"2025-11-10T01:33:10.100098Z","level":"info","event":"2022-11-01 07시: 8001~9000 완료 (20368개 누적)","logger":"task.stdout"}
{"timestamp":"2025-11-10T01:33:11.651703Z","level":"info","event":"2022-11-01 07시: 9001~10000 완료 (21368개 누적)","logger":"task.stdout"}
{"timestamp":"2025-11-10T01:33:13.036956Z","level":"info","event":"2022-11-01 07시: 10001~10044 완료 (21412개 누적)","logger":"task.stdout"}
{"timestamp":"2025-11-10T01:33:16.103674Z","level":"info","event":"2022-11-01 08시: 1~1000 완료 (22412개 누적)","logger":"task.stdout"}
{"timestamp":"2025-11-10T01:33:17.812905Z","level":"info","event":"2022-11-01 08시: 1001~2000 완료 (23412개 누적)","logger":"task.stdout"}
{"timestamp":"2025-11-10T01:33:19.660573Z","level":"info","event":"2022-11-01 08시: 2001~3000 완료 (24412개 누적)","logger":"task.stdout"}
{"timestamp":"2025-11-10T01:33:21.327527Z","level":"info","event":"2022-11-01 08시: 3001~4000 완료 (25412개 누적)","logger":"task.stdout"}
{"timestamp":"2025-11-10T01:33:23.003898Z","level":"info","event":"2022-11-01 08시: 4001~5000 완료 (26412개 누적)","logger":"task.stdout"}
{"timestamp":"2025-11-10T01:33:24.678007Z","level":"info","event":"2022-11-01 08시: 5001~6000 완료 (27412개 누적)","logger":"task.stdout"}
{"timestamp":"2025-11-10T01:33:26.413573Z","level":"info","event":"2022-11-01 08시: 6001~7000 완료 (28412개 누적)","logger":"task.stdout"}
{"timestamp":"2025-11-10T01:33:28.259257Z","level":"info","event":"2022-11-01 08시: 7001~8000 완료 (29412개 누적)","logger":"task.stdout"}
{"timestamp":"2025-11-10T01:33:29.993481Z","level":"info","event":"2022-11-01 08시: 8001~9000 완료 (30412개 누적)","logger":"task.stdout"}
{"timestamp":"2025-11-10T01:33:31.790360Z","level":"info","event":"2022-11-01 08시: 9001~10000 완료 (31412개 누적)","logger":"task.stdout"}
{"timestamp":"2025-11-10T01:33:38.054308Z","level":"info","event":"2022-11-01 08시: 10001~11000 완료 (32412개 누적)","logger":"task.stdout"}
{"timestamp":"2025-11-10T01:33:39.940061Z","level":"info","event":"2022-11-01 08시: 11001~12000 완료 (33412개 누적)","logger":"task.stdout"}
{"timestamp":"2025-11-10T01:33:42.837164Z","level":"info","event":"2022-11-01 08시: 12001~13000 완료 (34412개 누적)","logger":"task.stdout"}
{"timestamp":"2025-11-10T01:34:02.608686Z","level":"info","event":"2022-11-01 08시: 요청 실패 - HTTPConnectionPool(host='openapi.seoul.go.kr', port=8088): Max retries exceeded with url: /574d4268426539373930666f4b654e/json/tbCycleRentData/13001/14000/2022-11-01/8 (Caused by NameResolutionError(\"<urllib3.connection.HTTPConnection object at 0xffff8b5ccef0>: Failed to resolve 'openapi.seoul.go.kr' ([Errno -3] Temporary failure in name resolution)\"))","logger":"task.stdout"}
{"timestamp":"2025-11-10T01:34:05.905235Z","level":"info","event":"2022-11-01 09시: 1~1000 완료 (35412개 누적)","logger":"task.stdout"}
{"timestamp":"2025-11-10T01:34:07.376074Z","level":"info","event":"2022-11-01 09시: 1001~2000 완료 (36412개 누적)","logger":"task.stdout"}
{"timestamp":"2025-11-10T01:34:08.906056Z","level":"info","event":"2022-11-01 09시: 2001~3000 완료 (37412개 누적)","logger":"task.stdout"}
{"timestamp":"2025-11-10T01:34:10.301018Z","level":"info","event":"2022-11-01 09시: 3001~4000 완료 (38412개 누적)","logger":"task.stdout"}
{"timestamp":"2025-11-10T01:34:11.745470Z","level":"info","event":"2022-11-01 09시: 4001~5000 완료 (39412개 누적)","logger":"task.stdout"}
{"timestamp":"2025-11-10T01:34:13.206802Z","level":"info","event":"2022-11-01 09시: 5001~6000 완료 (40412개 누적)","logger":"task.stdout"}
{"timestamp":"2025-11-10T01:34:14.591588Z","level":"info","event":"2022-11-01 09시: 6001~7000 완료 (41412개 누적)","logger":"task.stdout"}
{"timestamp":"2025-11-10T01:34:15.917176Z","level":"info","event":"2022-11-01 09시: 7001~7644 완료 (42056개 누적)","logger":"task.stdout"}
{"timestamp":"2025-11-10T01:34:18.310836Z","level":"info","event":"2022-11-01 10시: 1~1000 완료 (43056개 누적)","logger":"task.stdout"}
{"timestamp":"2025-11-10T01:34:19.636170Z","level":"info","event":"2022-11-01 10시: 1001~2000 완료 (44056개 누적)","logger":"task.stdout"}
{"timestamp":"2025-11-10T01:34:20.959457Z","level":"info","event":"2022-11-01 10시: 2001~3000 완료 (45056개 누적)","logger":"task.stdout"}
{"timestamp":"2025-11-10T01:34:22.207739Z","level":"info","event":"2022-11-01 10시: 3001~4000 완료 (46056개 누적)","logger":"task.stdout"}
{"timestamp":"2025-11-10T01:34:23.561832Z","level":"info","event":"2022-11-01 10시: 4001~5000 완료 (47056개 누적)","logger":"task.stdout"}
{"timestamp":"2025-11-10T01:34:24.713671Z","level":"info","event":"2022-11-01 10시: 5001~5078 완료 (47134개 누적)","logger":"task.stdout"}
{"timestamp":"2025-11-10T01:34:27.134867Z","level":"info","event":"2022-11-01 11시: 1~1000 완료 (48134개 누적)","logger":"task.stdout"}
{"timestamp":"2025-11-10T01:34:28.432182Z","level":"info","event":"2022-11-01 11시: 1001~2000 완료 (49134개 누적)","logger":"task.stdout"}
{"timestamp":"2025-11-10T01:34:29.809212Z","level":"info","event":"2022-11-01 11시: 2001~3000 완료 (50134개 누적)","logger":"task.stdout"}
{"timestamp":"2025-11-10T01:34:31.169179Z","level":"info","event":"2022-11-01 11시: 3001~4000 완료 (51134개 누적)","logger":"task.stdout"}
{"timestamp":"2025-11-10T01:34:32.517928Z","level":"info","event":"2022-11-01 11시: 4001~5000 완료 (52134개 누적)","logger":"task.stdout"}
{"timestamp":"2025-11-10T01:34:33.878689Z","level":"info","event":"2022-11-01 11시: 5001~5992 완료 (53126개 누적)","logger":"task.stdout"}
{"timestamp":"2025-11-10T01:34:36.424573Z","level":"info","event":"2022-11-01 12시: 1~1000 완료 (54126개 누적)","logger":"task.stdout"}
{"timestamp":"2025-11-10T01:34:37.864483Z","level":"info","event":"2022-11-01 12시: 1001~2000 완료 (55126개 누적)","logger":"task.stdout"}
{"timestamp":"2025-11-10T01:34:39.180834Z","level":"info","event":"2022-11-01 12시: 2001~3000 완료 (56126개 누적)","logger":"task.stdout"}
{"timestamp":"2025-11-10T01:34:40.488962Z","level":"info","event":"2022-11-01 12시: 3001~4000 완료 (57126개 누적)","logger":"task.stdout"}
{"timestamp":"2025-11-10T01:34:41.872954Z","level":"info","event":"2022-11-01 12시: 4001~5000 완료 (58126개 누적)","logger":"task.stdout"}
{"timestamp":"2025-11-10T01:34:43.261393Z","level":"info","event":"2022-11-01 12시: 5001~6000 완료 (59126개 누적)","logger":"task.stdout"}
{"timestamp":"2025-11-10T01:34:44.563214Z","level":"info","event":"2022-11-01 12시: 6001~6634 완료 (59760개 누적)","logger":"task.stdout"}
{"timestamp":"2025-11-10T01:34:47.048432Z","level":"info","event":"2022-11-01 13시: 1~1000 완료 (60760개 누적)","logger":"task.stdout"}
{"timestamp":"2025-11-10T01:34:48.328079Z","level":"info","event":"2022-11-01 13시: 1001~2000 완료 (61760개 누적)","logger":"task.stdout"}
{"timestamp":"2025-11-10T01:34:49.579746Z","level":"info","event":"2022-11-01 13시: 2001~3000 완료 (62760개 누적)","logger":"task.stdout"}
{"timestamp":"2025-11-10T01:34:50.948198Z","level":"info","event":"2022-11-01 13시: 3001~4000 완료 (63760개 누적)","logger":"task.stdout"}
{"timestamp":"2025-11-10T01:34:52.247641Z","level":"info","event":"2022-11-01 13시: 4001~5000 완료 (64760개 누적)","logger":"task.stdout"}
{"timestamp":"2025-11-10T01:34:53.682641Z","level":"info","event":"2022-11-01 13시: 5001~6000 완료 (65760개 누적)","logger":"task.stdout"}
{"timestamp":"2025-11-10T01:34:54.869497Z","level":"info","event":"2022-11-01 13시: 6001~6332 완료 (66092개 누적)","logger":"task.stdout"}
{"timestamp":"2025-11-10T01:34:57.334302Z","level":"info","event":"2022-11-01 14시: 1~1000 완료 (67092개 누적)","logger":"task.stdout"}
{"timestamp":"2025-11-10T01:34:58.750938Z","level":"info","event":"2022-11-01 14시: 1001~2000 완료 (68092개 누적)","logger":"task.stdout"}
{"timestamp":"2025-11-10T01:35:00.170591Z","level":"info","event":"2022-11-01 14시: 2001~3000 완료 (69092개 누적)","logger":"task.stdout"}
{"timestamp":"2025-11-10T01:35:01.552007Z","level":"info","event":"2022-11-01 14시: 3001~4000 완료 (70092개 누적)","logger":"task.stdout"}
{"timestamp":"2025-11-10T01:35:02.971635Z","level":"info","event":"2022-11-01 14시: 4001~5000 완료 (71092개 누적)","logger":"task.stdout"}
{"timestamp":"2025-11-10T01:35:04.398120Z","level":"info","event":"2022-11-01 14시: 5001~6000 완료 (72092개 누적)","logger":"task.stdout"}
{"timestamp":"2025-11-10T01:35:05.699919Z","level":"info","event":"2022-11-01 14시: 6001~6478 완료 (72570개 누적)","logger":"task.stdout"}
{"timestamp":"2025-11-10T01:35:08.273882Z","level":"info","event":"2022-11-01 15시: 1~1000 완료 (73570개 누적)","logger":"task.stdout"}
{"timestamp":"2025-11-10T01:35:09.825295Z","level":"info","event":"2022-11-01 15시: 1001~2000 완료 (74570개 누적)","logger":"task.stdout"}
{"timestamp":"2025-11-10T01:35:11.311689Z","level":"info","event":"2022-11-01 15시: 2001~3000 완료 (75570개 누적)","logger":"task.stdout"}
{"timestamp":"2025-11-10T01:35:14.071625Z","level":"info","event":"2022-11-01 15시: 3001~4000 완료 (76570개 누적)","logger":"task.stdout"}
{"timestamp":"2025-11-10T01:35:56.088492Z","level":"info","event":"2022-11-01 15시: 요청 실패 - HTTPConnectionPool(host='openapi.seoul.go.kr', port=8088): Max retries exceeded with url: /574d4268426539373930666f4b654e/json/tbCycleRentData/4001/5000/2022-11-01/15 (Caused by NameResolutionError(\"<urllib3.connection.HTTPConnection object at 0xffff87f3c0e0>: Failed to resolve 'openapi.seoul.go.kr' ([Errno -3] Temporary failure in name resolution)\"))","logger":"task.stdout"}
{"timestamp":"2025-11-10T01:35:56.090845Z","level":"info","event":"2022-11-01 16시: 요청 실패 - HTTPConnectionPool(host='openapi.seoul.go.kr', port=8088): Max retries exceeded with url: /574d4268426539373930666f4b654e/json/tbCycleRentData/1/5/2022-11-01/16 (Caused by NameResolutionError(\"<urllib3.connection.HTTPConnection object at 0xffff87f3c950>: Failed to resolve 'openapi.seoul.go.kr' ([Errno -3] Temporary failure in name resolution)\"))","logger":"task.stdout"}
{"timestamp":"2025-11-10T01:35:58.391793Z","level":"info","event":"2022-11-01 17시: 1~1000 완료 (77570개 누적)","logger":"task.stdout"}
{"timestamp":"2025-11-10T01:36:00.034488Z","level":"info","event":"2022-11-01 17시: 1001~2000 완료 (78570개 누적)","logger":"task.stdout"}
{"timestamp":"2025-11-10T01:36:01.586106Z","level":"info","event":"2022-11-01 17시: 2001~3000 완료 (79570개 누적)","logger":"task.stdout"}
{"timestamp":"2025-11-10T01:36:03.263378Z","level":"info","event":"2022-11-01 17시: 3001~4000 완료 (80570개 누적)","logger":"task.stdout"}
{"timestamp":"2025-11-10T01:36:05.142218Z","level":"info","event":"2022-11-01 17시: 4001~5000 완료 (81570개 누적)","logger":"task.stdout"}
{"timestamp":"2025-11-10T01:36:06.818671Z","level":"info","event":"2022-11-01 17시: 5001~6000 완료 (82570개 누적)","logger":"task.stdout"}
{"timestamp":"2025-11-10T01:36:08.553780Z","level":"info","event":"2022-11-01 17시: 6001~7000 완료 (83570개 누적)","logger":"task.stdout"}
{"timestamp":"2025-11-10T01:36:10.121114Z","level":"info","event":"2022-11-01 17시: 7001~8000 완료 (84570개 누적)","logger":"task.stdout"}
{"timestamp":"2025-11-10T01:36:11.737747Z","level":"info","event":"2022-11-01 17시: 8001~9000 완료 (85570개 누적)","logger":"task.stdout"}
{"timestamp":"2025-11-10T01:36:13.427034Z","level":"info","event":"2022-11-01 17시: 9001~10000 완료 (86570개 누적)","logger":"task.stdout"}
{"timestamp":"2025-11-10T01:36:15.120474Z","level":"info","event":"2022-11-01 17시: 10001~11000 완료 (87570개 누적)","logger":"task.stdout"}
{"timestamp":"2025-11-10T01:36:17.122089Z","level":"info","event":"2022-11-01 17시: 11001~12000 완료 (88570개 누적)","logger":"task.stdout"}
{"timestamp":"2025-11-10T01:36:18.774583Z","level":"info","event":"2022-11-01 17시: 12001~13000 완료 (89570개 누적)","logger":"task.stdout"}
{"timestamp":"2025-11-10T01:36:24.072922Z","level":"info","event":"2022-11-01 17시: 13001~13988 완료 (90558개 누적)","logger":"task.stdout"}
{"timestamp":"2025-11-10T01:36:27.603162Z","level":"info","event":"2022-11-01 18시: 1~1000 완료 (91558개 누적)","logger":"task.stdout"}
{"timestamp":"2025-11-10T01:36:29.404134Z","level":"info","event":"2022-11-01 18시: 1001~2000 완료 (92558개 누적)","logger":"task.stdout"}
{"timestamp":"2025-11-10T01:36:31.335938Z","level":"info","event":"2022-11-01 18시: 2001~3000 완료 (93558개 누적)","logger":"task.stdout"}
{"timestamp":"2025-11-10T01:36:33.110924Z","level":"info","event":"2022-11-01 18시: 3001~4000 완료 (94558개 누적)","logger":"task.stdout"}
{"timestamp":"2025-11-10T01:36:34.895181Z","level":"info","event":"2022-11-01 18시: 4001~5000 완료 (95558개 누적)","logger":"task.stdout"}
{"timestamp":"2025-11-10T01:36:36.666600Z","level":"info","event":"2022-11-01 18시: 5001~6000 완료 (96558개 누적)","logger":"task.stdout"}
{"timestamp":"2025-11-10T01:36:38.541794Z","level":"info","event":"2022-11-01 18시: 6001~7000 완료 (97558개 누적)","logger":"task.stdout"}
{"timestamp":"2025-11-10T01:36:40.460953Z","level":"info","event":"2022-11-01 18시: 7001~8000 완료 (98558개 누적)","logger":"task.stdout"}
{"timestamp":"2025-11-10T01:36:42.470218Z","level":"info","event":"2022-11-01 18시: 8001~9000 완료 (99558개 누적)","logger":"task.stdout"}
{"timestamp":"2025-11-10T01:36:44.393815Z","level":"info","event":"2022-11-01 18시: 9001~10000 완료 (100558개 누적)","logger":"task.stdout"}
{"timestamp":"2025-11-10T01:36:46.218647Z","level":"info","event":"2022-11-01 18시: 10001~11000 완료 (101558개 누적)","logger":"task.stdout"}
{"timestamp":"2025-11-10T01:36:48.180049Z","level":"info","event":"2022-11-01 18시: 11001~12000 완료 (102558개 누적)","logger":"task.stdout"}
{"timestamp":"2025-11-10T01:36:50.205503Z","level":"info","event":"2022-11-01 18시: 12001~13000 완료 (103558개 누적)","logger":"task.stdout"}
{"timestamp":"2025-11-10T01:36:52.099770Z","level":"info","event":"2022-11-01 18시: 13001~14000 완료 (104558개 누적)","logger":"task.stdout"}
{"timestamp":"2025-11-10T01:36:53.877237Z","level":"info","event":"2022-11-01 18시: 14001~15000 완료 (105558개 누적)","logger":"task.stdout"}
{"timestamp":"2025-11-10T01:36:55.684499Z","level":"info","event":"2022-11-01 18시: 15001~16000 완료 (106558개 누적)","logger":"task.stdout"}
{"timestamp":"2025-11-10T01:36:57.766452Z","level":"info","event":"2022-11-01 18시: 16001~17000 완료 (107558개 누적)","logger":"task.stdout"}
{"timestamp":"2025-11-10T01:36:59.804537Z","level":"info","event":"2022-11-01 18시: 17001~18000 완료 (108558개 누적)","logger":"task.stdout"}
{"timestamp":"2025-11-10T01:37:01.840178Z","level":"info","event":"2022-11-01 18시: 18001~18545 완료 (109103개 누적)","logger":"task.stdout"}
{"timestamp":"2025-11-10T01:37:04.819670Z","level":"info","event":"2022-11-01 19시: 1~1000 완료 (110103개 누적)","logger":"task.stdout"}
{"timestamp":"2025-11-10T01:37:19.768326Z","level":"info","event":"2022-11-01 19시: 요청 실패 - HTTPConnectionPool(host='openapi.seoul.go.kr', port=8088): Max retries exceeded with url: /574d4268426539373930666f4b654e/json/tbCycleRentData/1001/2000/2022-11-01/19 (Caused by NameResolutionError(\"<urllib3.connection.HTTPConnection object at 0xffff857dcc50>: Failed to resolve 'openapi.seoul.go.kr' ([Errno -3] Temporary failure in name resolution)\"))","logger":"task.stdout"}
{"timestamp":"2025-11-10T01:37:22.356646Z","level":"info","event":"2022-11-01 20시: 1~1000 완료 (111103개 누적)","logger":"task.stdout"}
{"timestamp":"2025-11-10T01:37:24.035555Z","level":"info","event":"2022-11-01 20시: 1001~2000 완료 (112103개 누적)","logger":"task.stdout"}
{"timestamp":"2025-11-10T01:37:25.660317Z","level":"info","event":"2022-11-01 20시: 2001~3000 완료 (113103개 누적)","logger":"task.stdout"}
{"timestamp":"2025-11-10T01:37:27.160742Z","level":"info","event":"2022-11-01 20시: 3001~4000 완료 (114103개 누적)","logger":"task.stdout"}
{"timestamp":"2025-11-10T01:37:28.909728Z","level":"info","event":"2022-11-01 20시: 4001~5000 완료 (115103개 누적)","logger":"task.stdout"}
{"timestamp":"2025-11-10T01:37:30.574461Z","level":"info","event":"2022-11-01 20시: 5001~6000 완료 (116103개 누적)","logger":"task.stdout"}
{"timestamp":"2025-11-10T01:37:32.010908Z","level":"info","event":"2022-11-01 20시: 6001~7000 완료 (117103개 누적)","logger":"task.stdout"}
{"timestamp":"2025-11-10T01:37:33.455164Z","level":"info","event":"2022-11-01 20시: 7001~8000 완료 (118103개 누적)","logger":"task.stdout"}
{"timestamp":"2025-11-10T01:37:35.077778Z","level":"info","event":"2022-11-01 20시: 8001~9000 완료 (119103개 누적)","logger":"task.stdout"}
{"timestamp":"2025-11-10T01:37:36.739106Z","level":"info","event":"2022-11-01 20시: 9001~9655 완료 (119758개 누적)","logger":"task.stdout"}
{"timestamp":"2025-11-10T01:37:39.585007Z","level":"info","event":"2022-11-01 21시: 1~1000 완료 (120758개 누적)","logger":"task.stdout"}
{"timestamp":"2025-11-10T01:37:40.891964Z","level":"info","event":"2022-11-01 21시: 1001~2000 완료 (121758개 누적)","logger":"task.stdout"}
{"timestamp":"2025-11-10T01:37:42.389845Z","level":"info","event":"2022-11-01 21시: 2001~3000 완료 (122758개 누적)","logger":"task.stdout"}
{"timestamp":"2025-11-10T01:37:44.039185Z","level":"info","event":"2022-11-01 21시: 3001~4000 완료 (123758개 누적)","logger":"task.stdout"}
{"timestamp":"2025-11-10T01:37:45.457742Z","level":"info","event":"2022-11-01 21시: 4001~5000 완료 (124758개 누적)","logger":"task.stdout"}
{"timestamp":"2025-11-10T01:37:47.113625Z","level":"info","event":"2022-11-01 21시: 5001~6000 완료 (125758개 누적)","logger":"task.stdout"}
{"timestamp":"2025-11-10T01:37:48.924646Z","level":"info","event":"2022-11-01 21시: 6001~7000 완료 (126758개 누적)","logger":"task.stdout"}
{"timestamp":"2025-11-10T01:37:50.437730Z","level":"info","event":"2022-11-01 21시: 7001~8000 완료 (127758개 누적)","logger":"task.stdout"}
{"timestamp":"2025-11-10T01:37:51.997041Z","level":"info","event":"2022-11-01 21시: 8001~8326 완료 (128084개 누적)","logger":"task.stdout"}
{"timestamp":"2025-11-10T01:37:54.724340Z","level":"info","event":"2022-11-01 22시: 1~1000 완료 (129084개 누적)","logger":"task.stdout"}
{"timestamp":"2025-11-10T01:38:07.280318Z","level":"info","event":"2022-11-01 22시: 1001~2000 완료 (130084개 누적)","logger":"task.stdout"}
{"timestamp":"2025-11-10T01:38:08.156179Z","level":"info","event":"2022-11-01 22시: 2001~3000 완료 (131084개 누적)","logger":"task.stdout"}
{"timestamp":"2025-11-10T01:38:09.631526Z","level":"info","event":"2022-11-01 22시: 3001~4000 완료 (132084개 누적)","logger":"task.stdout"}
{"timestamp":"2025-11-10T01:38:10.990487Z","level":"info","event":"2022-11-01 22시: 4001~5000 완료 (133084개 누적)","logger":"task.stdout"}
{"timestamp":"2025-11-10T01:38:12.395084Z","level":"info","event":"2022-11-01 22시: 5001~6000 완료 (134084개 누적)","logger":"task.stdout"}
{"timestamp":"2025-11-10T01:38:13.784890Z","level":"info","event":"2022-11-01 22시: 6001~6904 완료 (134988개 누적)","logger":"task.stdout"}
{"timestamp":"2025-11-10T01:38:16.358127Z","level":"info","event":"2022-11-01 23시: 1~1000 완료 (135988개 누적)","logger":"task.stdout"}
{"timestamp":"2025-11-10T01:38:17.680094Z","level":"info","event":"2022-11-01 23시: 1001~2000 완료 (136988개 누적)","logger":"task.stdout"}
{"timestamp":"2025-11-10T01:38:18.930375Z","level":"info","event":"2022-11-01 23시: 2001~3000 완료 (137988개 누적)","logger":"task.stdout"}
{"timestamp":"2025-11-10T01:38:20.220764Z","level":"info","event":"2022-11-01 23시: 3001~4000 완료 (138988개 누적)","logger":"task.stdout"}
{"timestamp":"2025-11-10T01:38:21.375515Z","level":"info","event":"2022-11-01 23시: 4001~4215 완료 (139203개 누적)","logger":"task.stdout"}
{"timestamp":"2025-11-10T01:38:23.673522Z","level":"info","event":"2022-11-02 00시: 1~1000 완료 (140203개 누적)","logger":"task.stdout"}
{"timestamp":"2025-11-10T01:38:24.890934Z","level":"info","event":"2022-11-02 00시: 1001~2000 완료 (141203개 누적)","logger":"task.stdout"}
{"timestamp":"2025-11-10T01:38:26.180520Z","level":"info","event":"2022-11-02 00시: 2001~2940 완료 (142143개 누적)","logger":"task.stdout"}
{"timestamp":"2025-11-10T01:38:28.441522Z","level":"info","event":"2022-11-02 01시: 1~1000 완료 (143143개 누적)","logger":"task.stdout"}
{"timestamp":"2025-11-10T01:38:29.743624Z","level":"info","event":"2022-11-02 01시: 1001~1920 완료 (144063개 누적)","logger":"task.stdout"}
{"timestamp":"2025-11-10T01:38:32.009079Z","level":"info","event":"2022-11-02 02시: 1~1000 완료 (145063개 누적)","logger":"task.stdout"}
{"timestamp":"2025-11-10T01:38:33.316447Z","level":"info","event":"2022-11-02 02시: 1001~1117 완료 (145180개 누적)","logger":"task.stdout"}
{"timestamp":"2025-11-10T01:38:35.600749Z","level":"info","event":"2022-11-02 03시: 1~703 완료 (145883개 누적)","logger":"task.stdout"}
{"timestamp":"2025-11-10T01:38:37.879909Z","level":"info","event":"2022-11-02 04시: 1~623 완료 (146506개 누적)","logger":"task.stdout"}
{"timestamp":"2025-11-10T01:38:40.136956Z","level":"info","event":"2022-11-02 05시: 1~1000 완료 (147506개 누적)","logger":"task.stdout"}
{"timestamp":"2025-11-10T01:38:45.071141Z","level":"info","event":"2022-11-02 05시: 1001~1424 완료 (147930개 누적)","logger":"task.stdout"}
{"timestamp":"2025-11-10T01:38:49.520047Z","level":"info","event":"2022-11-02 06시: 1~1000 완료 (148930개 누적)","logger":"task.stdout"}
{"timestamp":"2025-11-10T01:38:50.864428Z","level":"info","event":"2022-11-02 06시: 1001~2000 완료 (149930개 누적)","logger":"task.stdout"}
{"timestamp":"2025-11-10T01:38:52.169396Z","level":"info","event":"2022-11-02 06시: 2001~3000 완료 (150930개 누적)","logger":"task.stdout"}
{"timestamp":"2025-11-10T01:38:53.385429Z","level":"info","event":"2022-11-02 06시: 3001~3261 완료 (151191개 누적)","logger":"task.stdout"}
{"timestamp":"2025-11-10T01:38:56.083460Z","level":"info","event":"2022-11-02 07시: 1~1000 완료 (152191개 누적)","logger":"task.stdout"}
{"timestamp":"2025-11-10T01:38:57.520501Z","level":"info","event":"2022-11-02 07시: 1001~2000 완료 (153191개 누적)","logger":"task.stdout"}
{"timestamp":"2025-11-10T01:38:59.261285Z","level":"info","event":"2022-11-02 07시: 2001~3000 완료 (154191개 누적)","logger":"task.stdout"}
{"timestamp":"2025-11-10T01:39:00.855084Z","level":"info","event":"2022-11-02 07시: 3001~4000 완료 (155191개 누적)","logger":"task.stdout"}
{"timestamp":"2025-11-10T01:39:02.459133Z","level":"info","event":"2022-11-02 07시: 4001~5000 완료 (156191개 누적)","logger":"task.stdout"}
{"timestamp":"2025-11-10T01:39:04.062473Z","level":"info","event":"2022-11-02 07시: 5001~6000 완료 (157191개 누적)","logger":"task.stdout"}
{"timestamp":"2025-11-10T01:39:05.588843Z","level":"info","event":"2022-11-02 07시: 6001~7000 완료 (158191개 누적)","logger":"task.stdout"}
{"timestamp":"2025-11-10T01:39:07.351931Z","level":"info","event":"2022-11-02 07시: 7001~8000 완료 (159191개 누적)","logger":"task.stdout"}
{"timestamp":"2025-11-10T01:39:08.922585Z","level":"info","event":"2022-11-02 07시: 8001~9000 완료 (160191개 누적)","logger":"task.stdout"}
{"timestamp":"2025-11-10T01:39:10.413333Z","level":"info","event":"2022-11-02 07시: 9001~9900 완료 (161091개 누적)","logger":"task.stdout"}
{"timestamp":"2025-11-10T01:39:13.799763Z","level":"info","event":"2022-11-02 08시: 1~1000 완료 (162091개 누적)","logger":"task.stdout"}
{"timestamp":"2025-11-10T01:39:15.459539Z","level":"info","event":"2022-11-02 08시: 1001~2000 완료 (163091개 누적)","logger":"task.stdout"}
{"timestamp":"2025-11-10T01:39:17.369357Z","level":"info","event":"2022-11-02 08시: 2001~3000 완료 (164091개 누적)","logger":"task.stdout"}
{"timestamp":"2025-11-10T01:39:19.332332Z","level":"info","event":"2022-11-02 08시: 3001~4000 완료 (165091개 누적)","logger":"task.stdout"}
{"timestamp":"2025-11-10T01:39:29.499909Z","level":"info","event":"2022-11-02 08시: 요청 실패 - HTTPConnectionPool(host='openapi.seoul.go.kr', port=8088): Max retries exceeded with url: /574d4268426539373930666f4b654e/json/tbCycleRentData/4001/5000/2022-11-02/8 (Caused by NameResolutionError(\"<urllib3.connection.HTTPConnection object at 0xffff80f4b530>: Failed to resolve 'openapi.seoul.go.kr' ([Errno -3] Temporary failure in name resolution)\"))","logger":"task.stdout"}
{"timestamp":"2025-11-10T01:39:31.880212Z","level":"info","event":"2022-11-02 09시: 1~1000 완료 (166091개 누적)","logger":"task.stdout"}
{"timestamp":"2025-11-10T01:39:33.477620Z","level":"info","event":"2022-11-02 09시: 1001~2000 완료 (167091개 누적)","logger":"task.stdout"}
{"timestamp":"2025-11-10T01:39:34.860339Z","level":"info","event":"2022-11-02 09시: 2001~3000 완료 (168091개 누적)","logger":"task.stdout"}
{"timestamp":"2025-11-10T01:39:36.328296Z","level":"info","event":"2022-11-02 09시: 3001~4000 완료 (169091개 누적)","logger":"task.stdout"}
{"timestamp":"2025-11-10T01:39:37.681022Z","level":"info","event":"2022-11-02 09시: 4001~5000 완료 (170091개 누적)","logger":"task.stdout"}
{"timestamp":"2025-11-10T01:39:39.111815Z","level":"info","event":"2022-11-02 09시: 5001~6000 완료 (171091개 누적)","logger":"task.stdout"}
{"timestamp":"2025-11-10T01:39:40.522740Z","level":"info","event":"2022-11-02 09시: 6001~7000 완료 (172091개 누적)","logger":"task.stdout"}
{"timestamp":"2025-11-10T01:39:41.849665Z","level":"info","event":"2022-11-02 09시: 7001~7721 완료 (172812개 누적)","logger":"task.stdout"}
{"timestamp":"2025-11-10T01:39:44.439953Z","level":"info","event":"2022-11-02 10시: 1~1000 완료 (173812개 누적)","logger":"task.stdout"}
{"timestamp":"2025-11-10T01:39:45.758502Z","level":"info","event":"2022-11-02 10시: 1001~2000 완료 (174812개 누적)","logger":"task.stdout"}
{"timestamp":"2025-11-10T01:39:47.119159Z","level":"info","event":"2022-11-02 10시: 2001~3000 완료 (175812개 누적)","logger":"task.stdout"}
{"timestamp":"2025-11-10T01:39:48.563160Z","level":"info","event":"2022-11-02 10시: 3001~4000 완료 (176812개 누적)","logger":"task.stdout"}
{"timestamp":"2025-11-10T01:39:49.923298Z","level":"info","event":"2022-11-02 10시: 4001~5000 완료 (177812개 누적)","logger":"task.stdout"}
{"timestamp":"2025-11-10T01:39:51.415167Z","level":"info","event":"2022-11-02 10시: 5001~5234 완료 (178046개 누적)","logger":"task.stdout"}
{"timestamp":"2025-11-10T01:39:54.514782Z","level":"info","event":"2022-11-02 11시: 1~1000 완료 (179046개 누적)","logger":"task.stdout"}
{"timestamp":"2025-11-10T01:40:16.789672Z","level":"info","event":"2022-11-02 11시: 요청 실패 - HTTPConnectionPool(host='openapi.seoul.go.kr', port=8088): Max retries exceeded with url: /574d4268426539373930666f4b654e/json/tbCycleRentData/1001/2000/2022-11-02/11 (Caused by NameResolutionError(\"<urllib3.connection.HTTPConnection object at 0xffff7ff61370>: Failed to resolve 'openapi.seoul.go.kr' ([Errno -3] Temporary failure in name resolution)\"))","logger":"task.stdout"}
{"timestamp":"2025-11-10T01:40:18.885381Z","level":"info","event":"2022-11-02 12시: 1~1000 완료 (180046개 누적)","logger":"task.stdout"}
{"timestamp":"2025-11-10T01:40:20.243578Z","level":"info","event":"2022-11-02 12시: 1001~2000 완료 (181046개 누적)","logger":"task.stdout"}
{"timestamp":"2025-11-10T01:40:21.762640Z","level":"info","event":"2022-11-02 12시: 2001~3000 완료 (182046개 누적)","logger":"task.stdout"}
{"timestamp":"2025-11-10T01:40:29.694941Z","level":"info","event":"2022-11-02 12시: 3001~4000 완료 (183046개 누적)","logger":"task.stdout"}
{"timestamp":"2025-11-10T01:40:31.349513Z","level":"info","event":"2022-11-02 12시: 4001~5000 완료 (184046개 누적)","logger":"task.stdout"}
{"timestamp":"2025-11-10T01:40:32.684536Z","level":"info","event":"2022-11-02 12시: 5001~6000 완료 (185046개 누적)","logger":"task.stdout"}
{"timestamp":"2025-11-10T01:40:34.223393Z","level":"info","event":"2022-11-02 12시: 6001~6907 완료 (185953개 누적)","logger":"task.stdout"}
{"timestamp":"2025-11-10T01:40:37.082238Z","level":"info","event":"2022-11-02 13시: 1~1000 완료 (186953개 누적)","logger":"task.stdout"}
