{"timestamp":"2025-11-10T01:35:08.928300Z","level":"info","event":"DAG bundles loaded: dags-folder","logger":"airflow.dag_processing.bundles.manager.DagBundlesManager","filename":"manager.py","lineno":179}
{"timestamp":"2025-11-10T01:35:08.928896Z","level":"info","event":"Filling up the DagBag from /opt/airflow/dags/seoul_bike_rent_2022.py","logger":"airflow.models.dagbag.DagBag","filename":"dagbag.py","lineno":593}
{"timestamp":"2025-11-10T01:35:08.936551Z","level":"warning","event":"The `airflow.operators.python.PythonOperator` attribute is deprecated. Please use `'airflow.providers.standard.operators.python.PythonOperator'`.","category":"DeprecatedImportWarning","filename":"/opt/airflow/dags/seoul_bike_rent_2022.py","lineno":2,"logger":"py.warnings"}
{"timestamp":"2025-11-10T01:35:08.962883Z","level":"info","event":"Found credentials in environment variables.","logger":"botocore.credentials","filename":"credentials.py","lineno":1224}
{"timestamp":"2025-11-10T01:35:10.217356Z","level":"info","event":"유효한 정거장 3202개 로드","logger":"task.stdout"}
{"timestamp":"2025-11-10T01:35:12.982671Z","level":"info","event":"2022-06-01 00시: 1~1000 완료 (1000개 누적)","logger":"task.stdout"}
{"timestamp":"2025-11-10T01:35:56.121521Z","level":"info","event":"2022-06-01 00시: 요청 실패 - HTTPConnectionPool(host='openapi.seoul.go.kr', port=8088): Max retries exceeded with url: /574d4268426539373930666f4b654e/json/tbCycleRentData/1001/2000/2022-06-01/0 (Caused by NameResolutionError(\"<urllib3.connection.HTTPConnection object at 0xffff8e3f4380>: Failed to resolve 'openapi.seoul.go.kr' ([Errno -3] Temporary failure in name resolution)\"))","logger":"task.stdout"}
{"timestamp":"2025-11-10T01:35:56.123226Z","level":"info","event":"2022-06-01 01시: 요청 실패 - HTTPConnectionPool(host='openapi.seoul.go.kr', port=8088): Max retries exceeded with url: /574d4268426539373930666f4b654e/json/tbCycleRentData/1/5/2022-06-01/1 (Caused by NameResolutionError(\"<urllib3.connection.HTTPConnection object at 0xffff8dfc0b30>: Failed to resolve 'openapi.seoul.go.kr' ([Errno -3] Temporary failure in name resolution)\"))","logger":"task.stdout"}
{"timestamp":"2025-11-10T01:35:57.885274Z","level":"info","event":"2022-06-01 02시: 1~1000 완료 (2000개 누적)","logger":"task.stdout"}
{"timestamp":"2025-11-10T01:35:59.157992Z","level":"info","event":"2022-06-01 02시: 1001~2000 완료 (3000개 누적)","logger":"task.stdout"}
{"timestamp":"2025-11-10T01:36:00.366032Z","level":"info","event":"2022-06-01 02시: 2001~3000 완료 (4000개 누적)","logger":"task.stdout"}
{"timestamp":"2025-11-10T01:36:01.770888Z","level":"info","event":"2022-06-01 02시: 3001~3216 완료 (4216개 누적)","logger":"task.stdout"}
{"timestamp":"2025-11-10T01:36:04.073193Z","level":"info","event":"2022-06-01 03시: 1~1000 완료 (5216개 누적)","logger":"task.stdout"}
{"timestamp":"2025-11-10T01:36:05.325899Z","level":"info","event":"2022-06-01 03시: 1001~2000 완료 (6216개 누적)","logger":"task.stdout"}
{"timestamp":"2025-11-10T01:36:06.831536Z","level":"info","event":"2022-06-01 03시: 2001~2124 완료 (6340개 누적)","logger":"task.stdout"}
{"timestamp":"2025-11-10T01:36:09.165784Z","level":"info","event":"2022-06-01 04시: 1~1000 완료 (7340개 누적)","logger":"task.stdout"}
{"timestamp":"2025-11-10T01:36:10.420194Z","level":"info","event":"2022-06-01 04시: 1001~2000 완료 (8340개 누적)","logger":"task.stdout"}
{"timestamp":"2025-11-10T01:36:11.594254Z","level":"info","event":"2022-06-01 04시: 2001~2021 완료 (8361개 누적)","logger":"task.stdout"}
{"timestamp":"2025-11-10T01:36:14.109537Z","level":"info","event":"2022-06-01 05시: 1~1000 완료 (9361개 누적)","logger":"task.stdout"}
{"timestamp":"2025-11-10T01:36:15.327884Z","level":"info","event":"2022-06-01 05시: 1001~1568 완료 (9929개 누적)","logger":"task.stdout"}
{"timestamp":"2025-11-10T01:36:17.822787Z","level":"info","event":"2022-06-01 06시: 1~1000 완료 (10929개 누적)","logger":"task.stdout"}
{"timestamp":"2025-11-10T01:36:19.139751Z","level":"info","event":"2022-06-01 06시: 1001~1884 완료 (11813개 누적)","logger":"task.stdout"}
{"timestamp":"2025-11-10T01:36:25.145440Z","level":"info","event":"2022-06-01 07시: 1~1000 완료 (12813개 누적)","logger":"task.stdout"}
{"timestamp":"2025-11-10T01:36:26.448156Z","level":"info","event":"2022-06-01 07시: 1001~2000 완료 (13813개 누적)","logger":"task.stdout"}
{"timestamp":"2025-11-10T01:36:27.755796Z","level":"info","event":"2022-06-01 07시: 2001~2973 완료 (14786개 누적)","logger":"task.stdout"}
{"timestamp":"2025-11-10T01:36:30.332357Z","level":"info","event":"2022-06-01 08시: 1~1000 완료 (15786개 누적)","logger":"task.stdout"}
{"timestamp":"2025-11-10T01:36:31.714144Z","level":"info","event":"2022-06-01 08시: 1001~2000 완료 (16786개 누적)","logger":"task.stdout"}
{"timestamp":"2025-11-10T01:36:33.056676Z","level":"info","event":"2022-06-01 08시: 2001~3000 완료 (17786개 누적)","logger":"task.stdout"}
{"timestamp":"2025-11-10T01:36:34.653375Z","level":"info","event":"2022-06-01 08시: 3001~4000 완료 (18786개 누적)","logger":"task.stdout"}
{"timestamp":"2025-11-10T01:36:35.942402Z","level":"info","event":"2022-06-01 08시: 4001~4440 완료 (19226개 누적)","logger":"task.stdout"}
{"timestamp":"2025-11-10T01:36:38.472919Z","level":"info","event":"2022-06-01 09시: 1~1000 완료 (20226개 누적)","logger":"task.stdout"}
{"timestamp":"2025-11-10T01:36:39.981247Z","level":"info","event":"2022-06-01 09시: 1001~2000 완료 (21226개 누적)","logger":"task.stdout"}
{"timestamp":"2025-11-10T01:36:41.600041Z","level":"info","event":"2022-06-01 09시: 2001~3000 완료 (22226개 누적)","logger":"task.stdout"}
{"timestamp":"2025-11-10T01:36:43.335370Z","level":"info","event":"2022-06-01 09시: 3001~4000 완료 (23226개 누적)","logger":"task.stdout"}
{"timestamp":"2025-11-10T01:36:44.801782Z","level":"info","event":"2022-06-01 09시: 4001~5000 완료 (24226개 누적)","logger":"task.stdout"}
{"timestamp":"2025-11-10T01:36:46.194418Z","level":"info","event":"2022-06-01 09시: 5001~5525 완료 (24751개 누적)","logger":"task.stdout"}
{"timestamp":"2025-11-10T01:36:48.899479Z","level":"info","event":"2022-06-01 10시: 1~1000 완료 (25751개 누적)","logger":"task.stdout"}
{"timestamp":"2025-11-10T01:36:50.532985Z","level":"info","event":"2022-06-01 10시: 1001~2000 완료 (26751개 누적)","logger":"task.stdout"}
{"timestamp":"2025-11-10T01:36:52.012121Z","level":"info","event":"2022-06-01 10시: 2001~3000 완료 (27751개 누적)","logger":"task.stdout"}
{"timestamp":"2025-11-10T01:36:53.517893Z","level":"info","event":"2022-06-01 10시: 3001~4000 완료 (28751개 누적)","logger":"task.stdout"}
{"timestamp":"2025-11-10T01:36:55.023066Z","level":"info","event":"2022-06-01 10시: 4001~5000 완료 (29751개 누적)","logger":"task.stdout"}
{"timestamp":"2025-11-10T01:36:56.596041Z","level":"info","event":"2022-06-01 10시: 5001~6000 완료 (30751개 누적)","logger":"task.stdout"}
{"timestamp":"2025-11-10T01:36:58.282563Z","level":"info","event":"2022-06-01 10시: 6001~6618 완료 (31369개 누적)","logger":"task.stdout"}
{"timestamp":"2025-11-10T01:37:00.977114Z","level":"info","event":"2022-06-01 11시: 1~1000 완료 (32369개 누적)","logger":"task.stdout"}
{"timestamp":"2025-11-10T01:37:02.519139Z","level":"info","event":"2022-06-01 11시: 1001~2000 완료 (33369개 누적)","logger":"task.stdout"}
{"timestamp":"2025-11-10T01:37:03.968867Z","level":"info","event":"2022-06-01 11시: 2001~3000 완료 (34369개 누적)","logger":"task.stdout"}
{"timestamp":"2025-11-10T01:37:19.777383Z","level":"info","event":"2022-06-01 11시: 3001~4000 완료 (35369개 누적)","logger":"task.stdout"}
{"timestamp":"2025-11-10T01:37:21.050032Z","level":"info","event":"2022-06-01 11시: 4001~5000 완료 (36369개 누적)","logger":"task.stdout"}
{"timestamp":"2025-11-10T01:37:22.659791Z","level":"info","event":"2022-06-01 11시: 5001~6000 완료 (37369개 누적)","logger":"task.stdout"}
{"timestamp":"2025-11-10T01:37:24.362345Z","level":"info","event":"2022-06-01 11시: 6001~7000 완료 (38369개 누적)","logger":"task.stdout"}
{"timestamp":"2025-11-10T01:37:25.821429Z","level":"info","event":"2022-06-01 11시: 7001~7579 완료 (38948개 누적)","logger":"task.stdout"}
{"timestamp":"2025-11-10T01:37:29.159716Z","level":"info","event":"2022-06-01 12시: 1~1000 완료 (39948개 누적)","logger":"task.stdout"}
{"timestamp":"2025-11-10T01:37:30.689786Z","level":"info","event":"2022-06-01 12시: 1001~2000 완료 (40948개 누적)","logger":"task.stdout"}
{"timestamp":"2025-11-10T01:37:32.371806Z","level":"info","event":"2022-06-01 12시: 2001~3000 완료 (41948개 누적)","logger":"task.stdout"}
{"timestamp":"2025-11-10T01:37:33.960445Z","level":"info","event":"2022-06-01 12시: 3001~4000 완료 (42948개 누적)","logger":"task.stdout"}
{"timestamp":"2025-11-10T01:37:35.391845Z","level":"info","event":"2022-06-01 12시: 4001~5000 완료 (43948개 누적)","logger":"task.stdout"}
{"timestamp":"2025-11-10T01:37:37.074094Z","level":"info","event":"2022-06-01 12시: 5001~6000 완료 (44948개 누적)","logger":"task.stdout"}
{"timestamp":"2025-11-10T01:37:38.765828Z","level":"info","event":"2022-06-01 12시: 6001~7000 완료 (45948개 누적)","logger":"task.stdout"}
{"timestamp":"2025-11-10T01:37:40.220661Z","level":"info","event":"2022-06-01 12시: 7001~8000 완료 (46948개 누적)","logger":"task.stdout"}
{"timestamp":"2025-11-10T01:37:41.623110Z","level":"info","event":"2022-06-01 12시: 8001~8758 완료 (47706개 누적)","logger":"task.stdout"}
{"timestamp":"2025-11-10T01:37:44.791695Z","level":"info","event":"2022-06-01 13시: 1~1000 완료 (48706개 누적)","logger":"task.stdout"}
{"timestamp":"2025-11-10T01:37:46.378428Z","level":"info","event":"2022-06-01 13시: 1001~2000 완료 (49706개 누적)","logger":"task.stdout"}
{"timestamp":"2025-11-10T01:37:47.914073Z","level":"info","event":"2022-06-01 13시: 2001~3000 완료 (50706개 누적)","logger":"task.stdout"}
{"timestamp":"2025-11-10T01:37:49.654444Z","level":"info","event":"2022-06-01 13시: 3001~4000 완료 (51706개 누적)","logger":"task.stdout"}
{"timestamp":"2025-11-10T01:37:51.109801Z","level":"info","event":"2022-06-01 13시: 4001~5000 완료 (52706개 누적)","logger":"task.stdout"}
{"timestamp":"2025-11-10T01:37:52.703759Z","level":"info","event":"2022-06-01 13시: 5001~6000 완료 (53706개 누적)","logger":"task.stdout"}
{"timestamp":"2025-11-10T01:37:54.310436Z","level":"info","event":"2022-06-01 13시: 6001~7000 완료 (54706개 누적)","logger":"task.stdout"}
{"timestamp":"2025-11-10T01:38:07.311120Z","level":"info","event":"2022-06-01 13시: 7001~8000 완료 (55706개 누적)","logger":"task.stdout"}
{"timestamp":"2025-11-10T01:38:08.213452Z","level":"info","event":"2022-06-01 13시: 8001~9000 완료 (56706개 누적)","logger":"task.stdout"}
{"timestamp":"2025-11-10T01:38:09.957844Z","level":"info","event":"2022-06-01 13시: 9001~9582 완료 (57288개 누적)","logger":"task.stdout"}
{"timestamp":"2025-11-10T01:38:12.964185Z","level":"info","event":"2022-06-01 14시: 1~1000 완료 (58288개 누적)","logger":"task.stdout"}
{"timestamp":"2025-11-10T01:38:14.412574Z","level":"info","event":"2022-06-01 14시: 1001~2000 완료 (59288개 누적)","logger":"task.stdout"}
{"timestamp":"2025-11-10T01:38:16.022379Z","level":"info","event":"2022-06-01 14시: 2001~3000 완료 (60288개 누적)","logger":"task.stdout"}
{"timestamp":"2025-11-10T01:38:17.748852Z","level":"info","event":"2022-06-01 14시: 3001~4000 완료 (61288개 누적)","logger":"task.stdout"}
{"timestamp":"2025-11-10T01:38:19.418684Z","level":"info","event":"2022-06-01 14시: 4001~5000 완료 (62288개 누적)","logger":"task.stdout"}
{"timestamp":"2025-11-10T01:38:21.143624Z","level":"info","event":"2022-06-01 14시: 5001~6000 완료 (63288개 누적)","logger":"task.stdout"}
{"timestamp":"2025-11-10T01:38:22.675632Z","level":"info","event":"2022-06-01 14시: 6001~7000 완료 (64288개 누적)","logger":"task.stdout"}
{"timestamp":"2025-11-10T01:38:24.386566Z","level":"info","event":"2022-06-01 14시: 7001~8000 완료 (65288개 누적)","logger":"task.stdout"}
{"timestamp":"2025-11-10T01:38:25.873517Z","level":"info","event":"2022-06-01 14시: 8001~9000 완료 (66288개 누적)","logger":"task.stdout"}
{"timestamp":"2025-11-10T01:38:27.438117Z","level":"info","event":"2022-06-01 14시: 9001~9986 완료 (67274개 누적)","logger":"task.stdout"}
{"timestamp":"2025-11-10T01:38:30.246127Z","level":"info","event":"2022-06-01 15시: 1~1000 완료 (68274개 누적)","logger":"task.stdout"}
{"timestamp":"2025-11-10T01:38:31.873143Z","level":"info","event":"2022-06-01 15시: 1001~2000 완료 (69274개 누적)","logger":"task.stdout"}
{"timestamp":"2025-11-10T01:38:33.561153Z","level":"info","event":"2022-06-01 15시: 2001~3000 완료 (70274개 누적)","logger":"task.stdout"}
{"timestamp":"2025-11-10T01:38:35.027996Z","level":"info","event":"2022-06-01 15시: 3001~4000 완료 (71274개 누적)","logger":"task.stdout"}
{"timestamp":"2025-11-10T01:38:36.892079Z","level":"info","event":"2022-06-01 15시: 4001~5000 완료 (72274개 누적)","logger":"task.stdout"}
{"timestamp":"2025-11-10T01:38:38.559056Z","level":"info","event":"2022-06-01 15시: 5001~6000 완료 (73274개 누적)","logger":"task.stdout"}
{"timestamp":"2025-11-10T01:38:40.285916Z","level":"info","event":"2022-06-01 15시: 6001~7000 완료 (74274개 누적)","logger":"task.stdout"}
{"timestamp":"2025-11-10T01:38:48.330733Z","level":"info","event":"2022-06-01 15시: 7001~8000 완료 (75274개 누적)","logger":"task.stdout"}
{"timestamp":"2025-11-10T01:38:49.056838Z","level":"info","event":"2022-06-01 15시: 8001~9000 완료 (76274개 누적)","logger":"task.stdout"}
{"timestamp":"2025-11-10T01:38:50.720810Z","level":"info","event":"2022-06-01 15시: 9001~10000 완료 (77274개 누적)","logger":"task.stdout"}
{"timestamp":"2025-11-10T01:38:52.502142Z","level":"info","event":"2022-06-01 15시: 10001~10929 완료 (78203개 누적)","logger":"task.stdout"}
{"timestamp":"2025-11-10T01:38:55.393795Z","level":"info","event":"2022-06-01 16시: 1~1000 완료 (79203개 누적)","logger":"task.stdout"}
{"timestamp":"2025-11-10T01:38:56.926359Z","level":"info","event":"2022-06-01 16시: 1001~2000 완료 (80203개 누적)","logger":"task.stdout"}
{"timestamp":"2025-11-10T01:38:58.619832Z","level":"info","event":"2022-06-01 16시: 2001~3000 완료 (81203개 누적)","logger":"task.stdout"}
{"timestamp":"2025-11-10T01:39:00.250138Z","level":"info","event":"2022-06-01 16시: 3001~4000 완료 (82203개 누적)","logger":"task.stdout"}
{"timestamp":"2025-11-10T01:39:02.070234Z","level":"info","event":"2022-06-01 16시: 4001~5000 완료 (83203개 누적)","logger":"task.stdout"}
{"timestamp":"2025-11-10T01:39:03.782206Z","level":"info","event":"2022-06-01 16시: 5001~6000 완료 (84203개 누적)","logger":"task.stdout"}
{"timestamp":"2025-11-10T01:39:05.359874Z","level":"info","event":"2022-06-01 16시: 6001~7000 완료 (85203개 누적)","logger":"task.stdout"}
{"timestamp":"2025-11-10T01:39:07.128876Z","level":"info","event":"2022-06-01 16시: 7001~8000 완료 (86203개 누적)","logger":"task.stdout"}
{"timestamp":"2025-11-10T01:39:08.790867Z","level":"info","event":"2022-06-01 16시: 8001~9000 완료 (87203개 누적)","logger":"task.stdout"}
{"timestamp":"2025-11-10T01:39:10.586147Z","level":"info","event":"2022-06-01 16시: 9001~10000 완료 (88203개 누적)","logger":"task.stdout"}
{"timestamp":"2025-11-10T01:39:12.320276Z","level":"info","event":"2022-06-01 16시: 10001~11000 완료 (89203개 누적)","logger":"task.stdout"}
{"timestamp":"2025-11-10T01:39:13.905094Z","level":"info","event":"2022-06-01 16시: 11001~12000 완료 (90203개 누적)","logger":"task.stdout"}
{"timestamp":"2025-11-10T01:39:15.636954Z","level":"info","event":"2022-06-01 16시: 12001~12465 완료 (90668개 누적)","logger":"task.stdout"}
{"timestamp":"2025-11-10T01:39:18.888763Z","level":"info","event":"2022-06-01 17시: 1~1000 완료 (91668개 누적)","logger":"task.stdout"}
{"timestamp":"2025-11-10T01:39:29.751800Z","level":"info","event":"2022-06-01 17시: 1001~2000 완료 (92668개 누적)","logger":"task.stdout"}
{"timestamp":"2025-11-10T01:39:30.632826Z","level":"info","event":"2022-06-01 17시: 2001~3000 완료 (93668개 누적)","logger":"task.stdout"}
{"timestamp":"2025-11-10T01:39:32.327065Z","level":"info","event":"2022-06-01 17시: 3001~4000 완료 (94668개 누적)","logger":"task.stdout"}
{"timestamp":"2025-11-10T01:39:34.127565Z","level":"info","event":"2022-06-01 17시: 4001~5000 완료 (95668개 누적)","logger":"task.stdout"}
{"timestamp":"2025-11-10T01:39:35.826781Z","level":"info","event":"2022-06-01 17시: 5001~6000 완료 (96668개 누적)","logger":"task.stdout"}
{"timestamp":"2025-11-10T01:39:37.515630Z","level":"info","event":"2022-06-01 17시: 6001~7000 완료 (97668개 누적)","logger":"task.stdout"}
{"timestamp":"2025-11-10T01:39:39.147433Z","level":"info","event":"2022-06-01 17시: 7001~8000 완료 (98668개 누적)","logger":"task.stdout"}
{"timestamp":"2025-11-10T01:39:40.774420Z","level":"info","event":"2022-06-01 17시: 8001~9000 완료 (99668개 누적)","logger":"task.stdout"}
{"timestamp":"2025-11-10T01:39:42.421678Z","level":"info","event":"2022-06-01 17시: 9001~10000 완료 (100668개 누적)","logger":"task.stdout"}
{"timestamp":"2025-11-10T01:39:44.068290Z","level":"info","event":"2022-06-01 17시: 10001~11000 완료 (101668개 누적)","logger":"task.stdout"}
{"timestamp":"2025-11-10T01:39:45.740589Z","level":"info","event":"2022-06-01 17시: 11001~12000 완료 (102668개 누적)","logger":"task.stdout"}
{"timestamp":"2025-11-10T01:39:47.343227Z","level":"info","event":"2022-06-01 17시: 12001~13000 완료 (103668개 누적)","logger":"task.stdout"}
{"timestamp":"2025-11-10T01:39:49.065270Z","level":"info","event":"2022-06-01 17시: 13001~14000 완료 (104668개 누적)","logger":"task.stdout"}
{"timestamp":"2025-11-10T01:39:50.717393Z","level":"info","event":"2022-06-01 17시: 14001~14026 완료 (104694개 누적)","logger":"task.stdout"}
{"timestamp":"2025-11-10T01:39:53.838848Z","level":"info","event":"2022-06-01 18시: 1~1000 완료 (105694개 누적)","logger":"task.stdout"}
{"timestamp":"2025-11-10T01:40:16.792998Z","level":"info","event":"2022-06-01 18시: 요청 실패 - HTTPConnectionPool(host='openapi.seoul.go.kr', port=8088): Max retries exceeded with url: /574d4268426539373930666f4b654e/json/tbCycleRentData/1001/2000/2022-06-01/18 (Caused by NameResolutionError(\"<urllib3.connection.HTTPConnection object at 0xffff85bbbf20>: Failed to resolve 'openapi.seoul.go.kr' ([Errno -3] Temporary failure in name resolution)\"))","logger":"task.stdout"}
{"timestamp":"2025-11-10T01:40:19.103085Z","level":"info","event":"2022-06-01 19시: 1~1000 완료 (106694개 누적)","logger":"task.stdout"}
{"timestamp":"2025-11-10T01:40:20.775875Z","level":"info","event":"2022-06-01 19시: 1001~2000 완료 (107694개 누적)","logger":"task.stdout"}
{"timestamp":"2025-11-10T01:40:23.802469Z","level":"info","event":"2022-06-01 19시: 2001~3000 완료 (108694개 누적)","logger":"task.stdout"}
{"timestamp":"2025-11-10T01:40:30.130962Z","level":"info","event":"2022-06-01 19시: 3001~4000 완료 (109694개 누적)","logger":"task.stdout"}
{"timestamp":"2025-11-10T01:40:31.797778Z","level":"info","event":"2022-06-01 19시: 4001~5000 완료 (110694개 누적)","logger":"task.stdout"}
{"timestamp":"2025-11-10T01:40:33.451571Z","level":"info","event":"2022-06-01 19시: 5001~6000 완료 (111694개 누적)","logger":"task.stdout"}
{"timestamp":"2025-11-10T01:40:35.048213Z","level":"info","event":"2022-06-01 19시: 6001~7000 완료 (112694개 누적)","logger":"task.stdout"}
{"timestamp":"2025-11-10T01:40:36.680704Z","level":"info","event":"2022-06-01 19시: 7001~8000 완료 (113694개 누적)","logger":"task.stdout"}
