{"timestamp":"2025-11-10T01:31:22.613354Z","level":"info","event":"DAG bundles loaded: dags-folder","logger":"airflow.dag_processing.bundles.manager.DagBundlesManager","filename":"manager.py","lineno":179}
{"timestamp":"2025-11-10T01:31:22.614024Z","level":"info","event":"Filling up the DagBag from /opt/airflow/dags/seoul_bike_rent_2022.py","logger":"airflow.models.dagbag.DagBag","filename":"dagbag.py","lineno":593}
{"timestamp":"2025-11-10T01:31:22.632367Z","level":"warning","event":"The `airflow.operators.python.PythonOperator` attribute is deprecated. Please use `'airflow.providers.standard.operators.python.PythonOperator'`.","category":"DeprecatedImportWarning","filename":"/opt/airflow/dags/seoul_bike_rent_2022.py","lineno":2,"logger":"py.warnings"}
{"timestamp":"2025-11-10T01:31:22.743596Z","level":"info","event":"Found credentials in environment variables.","logger":"botocore.credentials","filename":"credentials.py","lineno":1224}
{"timestamp":"2025-11-10T01:31:24.550426Z","level":"info","event":"유효한 정거장 3202개 로드","logger":"task.stdout"}
{"timestamp":"2025-11-10T01:31:26.171235Z","level":"info","event":"2022-03-01 00시: 1~1000 완료 (1000개 누적)","logger":"task.stdout"}
{"timestamp":"2025-11-10T01:31:26.830157Z","level":"info","event":"2022-03-01 00시: 1001~1361 완료 (1361개 누적)","logger":"task.stdout"}
{"timestamp":"2025-11-10T01:31:28.190226Z","level":"info","event":"2022-03-01 01시: 1~915 완료 (2276개 누적)","logger":"task.stdout"}
{"timestamp":"2025-11-10T01:31:29.262712Z","level":"info","event":"2022-03-01 02시: 1~340 완료 (2616개 누적)","logger":"task.stdout"}
{"timestamp":"2025-11-10T01:31:30.486367Z","level":"info","event":"2022-03-01 03시: 1~151 완료 (2767개 누적)","logger":"task.stdout"}
{"timestamp":"2025-11-10T01:31:31.344285Z","level":"info","event":"2022-03-01 04시: 1~79 완료 (2846개 누적)","logger":"task.stdout"}
{"timestamp":"2025-11-10T01:31:32.266695Z","level":"info","event":"2022-03-01 05시: 1~71 완료 (2917개 누적)","logger":"task.stdout"}
{"timestamp":"2025-11-10T01:31:33.175351Z","level":"info","event":"2022-03-01 06시: 1~112 완료 (3029개 누적)","logger":"task.stdout"}
{"timestamp":"2025-11-10T01:31:34.050627Z","level":"info","event":"2022-03-01 07시: 1~253 완료 (3282개 누적)","logger":"task.stdout"}
{"timestamp":"2025-11-10T01:31:35.074812Z","level":"info","event":"2022-03-01 08시: 1~711 완료 (3993개 누적)","logger":"task.stdout"}
{"timestamp":"2025-11-10T01:31:36.167166Z","level":"info","event":"2022-03-01 09시: 1~1000 완료 (4993개 누적)","logger":"task.stdout"}
{"timestamp":"2025-11-10T01:31:36.726576Z","level":"info","event":"2022-03-01 09시: 1001~1312 완료 (5305개 누적)","logger":"task.stdout"}
{"timestamp":"2025-11-10T01:31:38.016053Z","level":"info","event":"2022-03-01 10시: 1~1000 완료 (6305개 누적)","logger":"task.stdout"}
{"timestamp":"2025-11-10T01:31:38.711317Z","level":"info","event":"2022-03-01 10시: 1001~1745 완료 (7050개 누적)","logger":"task.stdout"}
{"timestamp":"2025-11-10T01:31:39.805897Z","level":"info","event":"2022-03-01 11시: 1~1000 완료 (8050개 누적)","logger":"task.stdout"}
{"timestamp":"2025-11-10T01:31:40.439505Z","level":"info","event":"2022-03-01 11시: 1001~2000 완료 (9050개 누적)","logger":"task.stdout"}
{"timestamp":"2025-11-10T01:31:41.158213Z","level":"info","event":"2022-03-01 11시: 2001~2088 완료 (9138개 누적)","logger":"task.stdout"}
{"timestamp":"2025-11-10T01:31:42.314233Z","level":"info","event":"2022-03-01 12시: 1~1000 완료 (10138개 누적)","logger":"task.stdout"}
{"timestamp":"2025-11-10T01:31:43.109098Z","level":"info","event":"2022-03-01 12시: 1001~2000 완료 (11138개 누적)","logger":"task.stdout"}
{"timestamp":"2025-11-10T01:31:43.768749Z","level":"info","event":"2022-03-01 12시: 2001~2712 완료 (11850개 누적)","logger":"task.stdout"}
{"timestamp":"2025-11-10T01:31:44.979635Z","level":"info","event":"2022-03-01 13시: 1~1000 완료 (12850개 누적)","logger":"task.stdout"}
{"timestamp":"2025-11-10T01:31:45.755538Z","level":"info","event":"2022-03-01 13시: 1001~2000 완료 (13850개 누적)","logger":"task.stdout"}
{"timestamp":"2025-11-10T01:31:46.530173Z","level":"info","event":"2022-03-01 13시: 2001~3000 완료 (14850개 누적)","logger":"task.stdout"}
{"timestamp":"2025-11-10T01:31:47.166986Z","level":"info","event":"2022-03-01 13시: 3001~3422 완료 (15272개 누적)","logger":"task.stdout"}
{"timestamp":"2025-11-10T01:31:48.659189Z","level":"info","event":"2022-03-01 14시: 1~1000 완료 (16272개 누적)","logger":"task.stdout"}
{"timestamp":"2025-11-10T01:31:49.452823Z","level":"info","event":"2022-03-01 14시: 1001~2000 완료 (17272개 누적)","logger":"task.stdout"}
{"timestamp":"2025-11-10T01:31:50.328343Z","level":"info","event":"2022-03-01 14시: 2001~3000 완료 (18272개 누적)","logger":"task.stdout"}
{"timestamp":"2025-11-10T01:31:51.453947Z","level":"info","event":"2022-03-01 14시: 3001~4000 완료 (19272개 누적)","logger":"task.stdout"}
{"timestamp":"2025-11-10T01:31:52.096818Z","level":"info","event":"2022-03-01 14시: 4001~4321 완료 (19593개 누적)","logger":"task.stdout"}
{"timestamp":"2025-11-10T01:31:53.516914Z","level":"info","event":"2022-03-01 15시: 1~1000 완료 (20593개 누적)","logger":"task.stdout"}
{"timestamp":"2025-11-10T01:31:54.338208Z","level":"info","event":"2022-03-01 15시: 1001~2000 완료 (21593개 누적)","logger":"task.stdout"}
{"timestamp":"2025-11-10T01:31:55.118701Z","level":"info","event":"2022-03-01 15시: 2001~3000 완료 (22593개 누적)","logger":"task.stdout"}
{"timestamp":"2025-11-10T01:31:55.996436Z","level":"info","event":"2022-03-01 15시: 3001~4000 완료 (23593개 누적)","logger":"task.stdout"}
{"timestamp":"2025-11-10T01:31:56.781764Z","level":"info","event":"2022-03-01 15시: 4001~5000 완료 (24593개 누적)","logger":"task.stdout"}
{"timestamp":"2025-11-10T01:31:57.424058Z","level":"info","event":"2022-03-01 15시: 5001~5115 완료 (24708개 누적)","logger":"task.stdout"}
{"timestamp":"2025-11-10T01:31:58.846307Z","level":"info","event":"2022-03-01 16시: 1~1000 완료 (25708개 누적)","logger":"task.stdout"}
{"timestamp":"2025-11-10T01:31:59.664838Z","level":"info","event":"2022-03-01 16시: 1001~2000 완료 (26708개 누적)","logger":"task.stdout"}
{"timestamp":"2025-11-10T01:32:00.496507Z","level":"info","event":"2022-03-01 16시: 2001~3000 완료 (27708개 누적)","logger":"task.stdout"}
{"timestamp":"2025-11-10T01:32:01.330957Z","level":"info","event":"2022-03-01 16시: 3001~4000 완료 (28708개 누적)","logger":"task.stdout"}
{"timestamp":"2025-11-10T01:32:02.136256Z","level":"info","event":"2022-03-01 16시: 4001~5000 완료 (29708개 누적)","logger":"task.stdout"}
{"timestamp":"2025-11-10T01:32:02.888915Z","level":"info","event":"2022-03-01 16시: 5001~5716 완료 (30424개 누적)","logger":"task.stdout"}
{"timestamp":"2025-11-10T01:32:04.295070Z","level":"info","event":"2022-03-01 17시: 1~1000 완료 (31424개 누적)","logger":"task.stdout"}
{"timestamp":"2025-11-10T01:32:05.099306Z","level":"info","event":"2022-03-01 17시: 1001~2000 완료 (32424개 누적)","logger":"task.stdout"}
{"timestamp":"2025-11-10T01:32:05.917497Z","level":"info","event":"2022-03-01 17시: 2001~3000 완료 (33424개 누적)","logger":"task.stdout"}
{"timestamp":"2025-11-10T01:32:06.743595Z","level":"info","event":"2022-03-01 17시: 3001~4000 완료 (34424개 누적)","logger":"task.stdout"}
{"timestamp":"2025-11-10T01:32:07.486970Z","level":"info","event":"2022-03-01 17시: 4001~5000 완료 (35424개 누적)","logger":"task.stdout"}
{"timestamp":"2025-11-10T01:32:08.186306Z","level":"info","event":"2022-03-01 17시: 5001~5365 완료 (35789개 누적)","logger":"task.stdout"}
{"timestamp":"2025-11-10T01:32:09.614200Z","level":"info","event":"2022-03-01 18시: 1~1000 완료 (36789개 누적)","logger":"task.stdout"}
{"timestamp":"2025-11-10T01:32:10.443621Z","level":"info","event":"2022-03-01 18시: 1001~2000 완료 (37789개 누적)","logger":"task.stdout"}
{"timestamp":"2025-11-10T01:32:11.362427Z","level":"info","event":"2022-03-01 18시: 2001~3000 완료 (38789개 누적)","logger":"task.stdout"}
{"timestamp":"2025-11-10T01:32:20.936606Z","level":"info","event":"2022-03-01 18시: 4001~4607 완료 (39396개 누적)","logger":"task.stdout"}
{"timestamp":"2025-11-10T01:32:21.966147Z","level":"info","event":"2022-03-01 19시: 1~1000 완료 (40396개 누적)","logger":"task.stdout"}
{"timestamp":"2025-11-10T01:32:22.670016Z","level":"info","event":"2022-03-01 19시: 1001~2000 완료 (41396개 누적)","logger":"task.stdout"}
{"timestamp":"2025-11-10T01:32:23.382347Z","level":"info","event":"2022-03-01 19시: 2001~3000 완료 (42396개 누적)","logger":"task.stdout"}
{"timestamp":"2025-11-10T01:32:24.015887Z","level":"info","event":"2022-03-01 19시: 3001~3455 완료 (42851개 누적)","logger":"task.stdout"}
{"timestamp":"2025-11-10T01:32:25.186838Z","level":"info","event":"2022-03-01 20시: 1~1000 완료 (43851개 누적)","logger":"task.stdout"}
{"timestamp":"2025-11-10T01:32:25.882768Z","level":"info","event":"2022-03-01 20시: 1001~2000 완료 (44851개 누적)","logger":"task.stdout"}
{"timestamp":"2025-11-10T01:32:26.648339Z","level":"info","event":"2022-03-01 20시: 2001~2807 완료 (45658개 누적)","logger":"task.stdout"}
{"timestamp":"2025-11-10T01:32:28.161046Z","level":"info","event":"2022-03-01 21시: 2001~2406 완료 (46064개 누적)","logger":"task.stdout"}
{"timestamp":"2025-11-10T01:32:29.275334Z","level":"info","event":"2022-03-01 22시: 1~1000 완료 (47064개 누적)","logger":"task.stdout"}
{"timestamp":"2025-11-10T01:32:29.946970Z","level":"info","event":"2022-03-01 22시: 1001~1972 완료 (48036개 누적)","logger":"task.stdout"}
{"timestamp":"2025-11-10T01:32:31.018313Z","level":"info","event":"2022-03-01 23시: 1~1000 완료 (49036개 누적)","logger":"task.stdout"}
{"timestamp":"2025-11-10T01:32:31.585253Z","level":"info","event":"2022-03-01 23시: 1001~1081 완료 (49117개 누적)","logger":"task.stdout"}
{"timestamp":"2025-11-10T01:32:32.722220Z","level":"info","event":"2022-03-02 00시: 1~677 완료 (49794개 누적)","logger":"task.stdout"}
{"timestamp":"2025-11-10T01:32:33.880367Z","level":"info","event":"2022-03-02 01시: 1~495 완료 (50289개 누적)","logger":"task.stdout"}
{"timestamp":"2025-11-10T01:32:34.950132Z","level":"info","event":"2022-03-02 02시: 1~300 완료 (50589개 누적)","logger":"task.stdout"}
{"timestamp":"2025-11-10T01:32:36.026191Z","level":"info","event":"2022-03-02 03시: 1~187 완료 (50776개 누적)","logger":"task.stdout"}
{"timestamp":"2025-11-10T01:32:37.101697Z","level":"info","event":"2022-03-02 04시: 1~263 완료 (51039개 누적)","logger":"task.stdout"}
{"timestamp":"2025-11-10T01:32:37.490082Z","level":"info","event":"2022-03-02 05시: 응답 없음","logger":"task.stdout"}
{"timestamp":"2025-11-10T01:32:38.729669Z","level":"info","event":"2022-03-02 06시: 1~1000 완료 (52039개 누적)","logger":"task.stdout"}
{"timestamp":"2025-11-10T01:32:39.398630Z","level":"info","event":"2022-03-02 06시: 1001~1309 완료 (52348개 누적)","logger":"task.stdout"}
{"timestamp":"2025-11-10T01:32:40.928609Z","level":"info","event":"2022-03-02 07시: 1~1000 완료 (53348개 누적)","logger":"task.stdout"}
{"timestamp":"2025-11-10T01:32:41.794601Z","level":"info","event":"2022-03-02 07시: 1001~2000 완료 (54348개 누적)","logger":"task.stdout"}
{"timestamp":"2025-11-10T01:32:42.638749Z","level":"info","event":"2022-03-02 07시: 2001~3000 완료 (55348개 누적)","logger":"task.stdout"}
{"timestamp":"2025-11-10T01:32:43.490685Z","level":"info","event":"2022-03-02 07시: 3001~3597 완료 (55945개 누적)","logger":"task.stdout"}
{"timestamp":"2025-11-10T01:32:45.264413Z","level":"info","event":"2022-03-02 08시: 1~1000 완료 (56945개 누적)","logger":"task.stdout"}
{"timestamp":"2025-11-10T01:32:46.251241Z","level":"info","event":"2022-03-02 08시: 1001~2000 완료 (57945개 누적)","logger":"task.stdout"}
{"timestamp":"2025-11-10T01:32:47.107914Z","level":"info","event":"2022-03-02 08시: 2001~3000 완료 (58945개 누적)","logger":"task.stdout"}
{"timestamp":"2025-11-10T01:32:48.409138Z","level":"info","event":"2022-03-02 08시: 3001~4000 완료 (59945개 누적)","logger":"task.stdout"}
{"timestamp":"2025-11-10T01:32:49.437193Z","level":"info","event":"2022-03-02 08시: 4001~5000 완료 (60945개 누적)","logger":"task.stdout"}
{"timestamp":"2025-11-10T01:32:50.485275Z","level":"info","event":"2022-03-02 08시: 5001~6000 완료 (61945개 누적)","logger":"task.stdout"}
{"timestamp":"2025-11-10T01:32:51.295755Z","level":"info","event":"2022-03-02 08시: 6001~6333 완료 (62278개 누적)","logger":"task.stdout"}
{"timestamp":"2025-11-10T01:32:52.816993Z","level":"info","event":"2022-03-02 09시: 1~1000 완료 (63278개 누적)","logger":"task.stdout"}
{"timestamp":"2025-11-10T01:33:00.117998Z","level":"info","event":"2022-03-02 09시: 1001~2000 완료 (64278개 누적)","logger":"task.stdout"}
{"timestamp":"2025-11-10T01:33:00.989427Z","level":"info","event":"2022-03-02 09시: 2001~3000 완료 (65278개 누적)","logger":"task.stdout"}
{"timestamp":"2025-11-10T01:33:01.788199Z","level":"info","event":"2022-03-02 09시: 3001~3412 완료 (65690개 누적)","logger":"task.stdout"}
{"timestamp":"2025-11-10T01:33:03.424935Z","level":"info","event":"2022-03-02 10시: 1~1000 완료 (66690개 누적)","logger":"task.stdout"}
{"timestamp":"2025-11-10T01:33:04.247125Z","level":"info","event":"2022-03-02 10시: 1001~2000 완료 (67690개 누적)","logger":"task.stdout"}
{"timestamp":"2025-11-10T01:33:05.028595Z","level":"info","event":"2022-03-02 10시: 2001~2703 완료 (68393개 누적)","logger":"task.stdout"}
{"timestamp":"2025-11-10T01:33:06.555597Z","level":"info","event":"2022-03-02 11시: 1~1000 완료 (69393개 누적)","logger":"task.stdout"}
{"timestamp":"2025-11-10T01:33:07.341300Z","level":"info","event":"2022-03-02 11시: 1001~2000 완료 (70393개 누적)","logger":"task.stdout"}
{"timestamp":"2025-11-10T01:33:08.307791Z","level":"info","event":"2022-03-02 11시: 2001~3000 완료 (71393개 누적)","logger":"task.stdout"}
{"timestamp":"2025-11-10T01:33:09.047074Z","level":"info","event":"2022-03-02 11시: 3001~3133 완료 (71526개 누적)","logger":"task.stdout"}
{"timestamp":"2025-11-10T01:33:10.560779Z","level":"info","event":"2022-03-02 12시: 1~1000 완료 (72526개 누적)","logger":"task.stdout"}
{"timestamp":"2025-11-10T01:33:11.401765Z","level":"info","event":"2022-03-02 12시: 1001~2000 완료 (73526개 누적)","logger":"task.stdout"}
{"timestamp":"2025-11-10T01:33:12.256095Z","level":"info","event":"2022-03-02 12시: 2001~3000 완료 (74526개 누적)","logger":"task.stdout"}
{"timestamp":"2025-11-10T01:33:13.109939Z","level":"info","event":"2022-03-02 12시: 3001~3671 완료 (75197개 누적)","logger":"task.stdout"}
{"timestamp":"2025-11-10T01:33:14.880101Z","level":"info","event":"2022-03-02 13시: 1~1000 완료 (76197개 누적)","logger":"task.stdout"}
{"timestamp":"2025-11-10T01:33:15.784319Z","level":"info","event":"2022-03-02 13시: 1001~2000 완료 (77197개 누적)","logger":"task.stdout"}
{"timestamp":"2025-11-10T01:33:16.622001Z","level":"info","event":"2022-03-02 13시: 2001~3000 완료 (78197개 누적)","logger":"task.stdout"}
{"timestamp":"2025-11-10T01:33:17.424945Z","level":"info","event":"2022-03-02 13시: 3001~3574 완료 (78771개 누적)","logger":"task.stdout"}
{"timestamp":"2025-11-10T01:33:18.920802Z","level":"info","event":"2022-03-02 14시: 1~1000 완료 (79771개 누적)","logger":"task.stdout"}
{"timestamp":"2025-11-10T01:33:19.779777Z","level":"info","event":"2022-03-02 14시: 1001~2000 완료 (80771개 누적)","logger":"task.stdout"}
{"timestamp":"2025-11-10T01:33:20.934831Z","level":"info","event":"2022-03-02 14시: 2001~3000 완료 (81771개 누적)","logger":"task.stdout"}
{"timestamp":"2025-11-10T01:33:21.721793Z","level":"info","event":"2022-03-02 14시: 3001~3570 완료 (82341개 누적)","logger":"task.stdout"}
{"timestamp":"2025-11-10T01:33:23.618291Z","level":"info","event":"2022-03-02 15시: 1~1000 완료 (83341개 누적)","logger":"task.stdout"}
{"timestamp":"2025-11-10T01:33:24.518649Z","level":"info","event":"2022-03-02 15시: 1001~2000 완료 (84341개 누적)","logger":"task.stdout"}
{"timestamp":"2025-11-10T01:33:25.419356Z","level":"info","event":"2022-03-02 15시: 2001~3000 완료 (85341개 누적)","logger":"task.stdout"}
{"timestamp":"2025-11-10T01:33:26.354964Z","level":"info","event":"2022-03-02 15시: 3001~3988 완료 (86329개 누적)","logger":"task.stdout"}
{"timestamp":"2025-11-10T01:33:28.324888Z","level":"info","event":"2022-03-02 16시: 1~1000 완료 (87329개 누적)","logger":"task.stdout"}
{"timestamp":"2025-11-10T01:33:29.171392Z","level":"info","event":"2022-03-02 16시: 1001~2000 완료 (88329개 누적)","logger":"task.stdout"}
{"timestamp":"2025-11-10T01:33:30.199225Z","level":"info","event":"2022-03-02 16시: 2001~3000 완료 (89329개 누적)","logger":"task.stdout"}
{"timestamp":"2025-11-10T01:33:31.145492Z","level":"info","event":"2022-03-02 16시: 3001~4000 완료 (90329개 누적)","logger":"task.stdout"}
{"timestamp":"2025-11-10T01:33:32.170515Z","level":"info","event":"2022-03-02 16시: 4001~4464 완료 (90793개 누적)","logger":"task.stdout"}
{"timestamp":"2025-11-10T01:33:38.142992Z","level":"info","event":"2022-03-02 17시: 1~1000 완료 (91793개 누적)","logger":"task.stdout"}
{"timestamp":"2025-11-10T01:33:39.159181Z","level":"info","event":"2022-03-02 17시: 1001~2000 완료 (92793개 누적)","logger":"task.stdout"}
{"timestamp":"2025-11-10T01:33:40.115846Z","level":"info","event":"2022-03-02 17시: 2001~3000 완료 (93793개 누적)","logger":"task.stdout"}
{"timestamp":"2025-11-10T01:33:41.250672Z","level":"info","event":"2022-03-02 17시: 3001~4000 완료 (94793개 누적)","logger":"task.stdout"}
{"timestamp":"2025-11-10T01:34:01.972031Z","level":"info","event":"2022-03-02 17시: 요청 실패 - HTTPConnectionPool(host='openapi.seoul.go.kr', port=8088): Max retries exceeded with url: /574d4268426539373930666f4b654e/json/tbCycleRentData/4001/5000/2022-03-02/17 (Caused by NameResolutionError(\"<urllib3.connection.HTTPConnection object at 0xffff8688a540>: Failed to resolve 'openapi.seoul.go.kr' ([Errno -3] Temporary failure in name resolution)\"))","logger":"task.stdout"}
{"timestamp":"2025-11-10T01:34:05.093923Z","level":"info","event":"2022-03-02 18시: 1~1000 완료 (95793개 누적)","logger":"task.stdout"}
{"timestamp":"2025-11-10T01:34:06.243599Z","level":"info","event":"2022-03-02 18시: 1001~2000 완료 (96793개 누적)","logger":"task.stdout"}
{"timestamp":"2025-11-10T01:34:07.343697Z","level":"info","event":"2022-03-02 18시: 2001~3000 완료 (97793개 누적)","logger":"task.stdout"}
{"timestamp":"2025-11-10T01:34:08.302183Z","level":"info","event":"2022-03-02 18시: 3001~4000 완료 (98793개 누적)","logger":"task.stdout"}
{"timestamp":"2025-11-10T01:34:09.271488Z","level":"info","event":"2022-03-02 18시: 4001~5000 완료 (99793개 누적)","logger":"task.stdout"}
{"timestamp":"2025-11-10T01:34:10.310420Z","level":"info","event":"2022-03-02 18시: 5001~6000 완료 (100793개 누적)","logger":"task.stdout"}
{"timestamp":"2025-11-10T01:34:11.422485Z","level":"info","event":"2022-03-02 18시: 6001~7000 완료 (101793개 누적)","logger":"task.stdout"}
{"timestamp":"2025-11-10T01:34:12.430570Z","level":"info","event":"2022-03-02 18시: 7001~8000 완료 (102793개 누적)","logger":"task.stdout"}
{"timestamp":"2025-11-10T01:34:13.354297Z","level":"info","event":"2022-03-02 18시: 8001~8214 완료 (103007개 누적)","logger":"task.stdout"}
{"timestamp":"2025-11-10T01:34:14.991893Z","level":"info","event":"2022-03-02 19시: 1~1000 완료 (104007개 누적)","logger":"task.stdout"}
{"timestamp":"2025-11-10T01:34:15.854678Z","level":"info","event":"2022-03-02 19시: 1001~2000 완료 (105007개 누적)","logger":"task.stdout"}
{"timestamp":"2025-11-10T01:34:16.887794Z","level":"info","event":"2022-03-02 19시: 2001~3000 완료 (106007개 누적)","logger":"task.stdout"}
{"timestamp":"2025-11-10T01:34:17.775625Z","level":"info","event":"2022-03-02 19시: 3001~4000 완료 (107007개 누적)","logger":"task.stdout"}
{"timestamp":"2025-11-10T01:34:18.739189Z","level":"info","event":"2022-03-02 19시: 4001~5000 완료 (108007개 누적)","logger":"task.stdout"}
{"timestamp":"2025-11-10T01:34:19.601289Z","level":"info","event":"2022-03-02 19시: 5001~5062 완료 (108069개 누적)","logger":"task.stdout"}
{"timestamp":"2025-11-10T01:34:21.167847Z","level":"info","event":"2022-03-02 20시: 1~1000 완료 (109069개 누적)","logger":"task.stdout"}
{"timestamp":"2025-11-10T01:34:22.053811Z","level":"info","event":"2022-03-02 20시: 1001~2000 완료 (110069개 누적)","logger":"task.stdout"}
{"timestamp":"2025-11-10T01:34:22.916901Z","level":"info","event":"2022-03-02 20시: 2001~3000 완료 (111069개 누적)","logger":"task.stdout"}
{"timestamp":"2025-11-10T01:34:23.718465Z","level":"info","event":"2022-03-02 20시: 3001~3727 완료 (111796개 누적)","logger":"task.stdout"}
{"timestamp":"2025-11-10T01:34:25.519148Z","level":"info","event":"2022-03-02 21시: 1~1000 완료 (112796개 누적)","logger":"task.stdout"}
{"timestamp":"2025-11-10T01:34:26.332507Z","level":"info","event":"2022-03-02 21시: 1001~2000 완료 (113796개 누적)","logger":"task.stdout"}
{"timestamp":"2025-11-10T01:34:27.175102Z","level":"info","event":"2022-03-02 21시: 2001~3000 완료 (114796개 누적)","logger":"task.stdout"}
{"timestamp":"2025-11-10T01:34:28.087983Z","level":"info","event":"2022-03-02 21시: 3001~3458 완료 (115254개 누적)","logger":"task.stdout"}
{"timestamp":"2025-11-10T01:34:29.594200Z","level":"info","event":"2022-03-02 22시: 1~1000 완료 (116254개 누적)","logger":"task.stdout"}
{"timestamp":"2025-11-10T01:34:30.436646Z","level":"info","event":"2022-03-02 22시: 1001~2000 완료 (117254개 누적)","logger":"task.stdout"}
{"timestamp":"2025-11-10T01:34:31.590171Z","level":"info","event":"2022-03-02 22시: 2001~2907 완료 (118161개 누적)","logger":"task.stdout"}
{"timestamp":"2025-11-10T01:34:32.937441Z","level":"info","event":"2022-03-02 23시: 1~1000 완료 (119161개 누적)","logger":"task.stdout"}
{"timestamp":"2025-11-10T01:34:33.623981Z","level":"info","event":"2022-03-02 23시: 1001~1367 완료 (119528개 누적)","logger":"task.stdout"}
{"timestamp":"2025-11-10T01:34:35.132494Z","level":"info","event":"","logger":"task.stdout"}
{"timestamp":"2025-11-10T01:34:35.133337Z","level":"info","event":"2022년 3월 총 119528개 수집 완료","logger":"task.stdout"}
{"timestamp":"2025-11-10T01:34:35.197209Z","level":"error","event":"Task failed with exception","logger":"task","filename":"task_runner.py","lineno":999,"error_detail":[{"exc_type":"KeyError","exc_value":"\"['대여 대여소명', '반납대여소명', '자전거번호', '대여거치대', '반납거치대', '이용시간(분)', '반납대여소번호', '대여 대여소번호'] not found in axis\"","exc_notes":[],"syntax_error":null,"is_cause":false,"frames":[{"filename":"/home/airflow/.local/lib/python3.12/site-packages/airflow/sdk/execution_time/task_runner.py","lineno":925,"name":"run"},{"filename":"/home/airflow/.local/lib/python3.12/site-packages/airflow/sdk/execution_time/task_runner.py","lineno":1312,"name":"_execute_task"},{"filename":"/home/airflow/.local/lib/python3.12/site-packages/airflow/sdk/bases/operator.py","lineno":416,"name":"wrapper"},{"filename":"/home/airflow/.local/lib/python3.12/site-packages/airflow/providers/standard/operators/python.py","lineno":213,"name":"execute"},{"filename":"/home/airflow/.local/lib/python3.12/site-packages/airflow/providers/standard/operators/python.py","lineno":236,"name":"execute_callable"},{"filename":"/home/airflow/.local/lib/python3.12/site-packages/airflow/sdk/execution_time/callback_runner.py","lineno":82,"name":"run"},{"filename":"/opt/airflow/dags/seoul_bike_rent_2022.py","lineno":40,"name":"collect_month"},{"filename":"/opt/airflow/plugins/rent_history_utils.py","lineno":102,"name":"preprocess_rent_data"},{"filename":"/home/airflow/.local/lib/python3.12/site-packages/pandas/core/frame.py","lineno":5344,"name":"drop"},{"filename":"/home/airflow/.local/lib/python3.12/site-packages/pandas/core/generic.py","lineno":4711,"name":"drop"},{"filename":"/home/airflow/.local/lib/python3.12/site-packages/pandas/core/generic.py","lineno":4753,"name":"_drop_axis"},{"filename":"/home/airflow/.local/lib/python3.12/site-packages/pandas/core/indexes/base.py","lineno":7000,"name":"drop"}],"is_group":false,"exceptions":[]}]}
