{"timestamp":"2025-11-10T01:31:22.616418Z","level":"info","event":"DAG bundles loaded: dags-folder","logger":"airflow.dag_processing.bundles.manager.DagBundlesManager","filename":"manager.py","lineno":179}
{"timestamp":"2025-11-10T01:31:22.617044Z","level":"info","event":"Filling up the DagBag from /opt/airflow/dags/seoul_bike_rent_2022.py","logger":"airflow.models.dagbag.DagBag","filename":"dagbag.py","lineno":593}
{"timestamp":"2025-11-10T01:31:22.641652Z","level":"warning","event":"The `airflow.operators.python.PythonOperator` attribute is deprecated. Please use `'airflow.providers.standard.operators.python.PythonOperator'`.","category":"DeprecatedImportWarning","filename":"/opt/airflow/dags/seoul_bike_rent_2022.py","lineno":2,"logger":"py.warnings"}
{"timestamp":"2025-11-10T01:31:22.733653Z","level":"info","event":"Found credentials in environment variables.","logger":"botocore.credentials","filename":"credentials.py","lineno":1224}
{"timestamp":"2025-11-10T01:31:25.076344Z","level":"info","event":"유효한 정거장 3202개 로드","logger":"task.stdout"}
{"timestamp":"2025-11-10T01:31:26.827978Z","level":"info","event":"2022-08-01 00시: 1~905 완료 (905개 누적)","logger":"task.stdout"}
{"timestamp":"2025-11-10T01:31:28.476337Z","level":"info","event":"2022-08-01 01시: 1~847 완료 (1752개 누적)","logger":"task.stdout"}
{"timestamp":"2025-11-10T01:31:30.059784Z","level":"info","event":"2022-08-01 02시: 1~508 완료 (2260개 누적)","logger":"task.stdout"}
{"timestamp":"2025-11-10T01:31:31.571621Z","level":"info","event":"2022-08-01 03시: 1~125 완료 (2385개 누적)","logger":"task.stdout"}
{"timestamp":"2025-11-10T01:31:33.053154Z","level":"info","event":"2022-08-01 04시: 1~62 완료 (2447개 누적)","logger":"task.stdout"}
{"timestamp":"2025-11-10T01:31:34.482030Z","level":"info","event":"2022-08-01 05시: 1~109 완료 (2556개 누적)","logger":"task.stdout"}
{"timestamp":"2025-11-10T01:31:35.931723Z","level":"info","event":"2022-08-01 06시: 1~308 완료 (2864개 누적)","logger":"task.stdout"}
{"timestamp":"2025-11-10T01:31:37.535653Z","level":"info","event":"2022-08-01 07시: 1~999 완료 (3863개 누적)","logger":"task.stdout"}
{"timestamp":"2025-11-10T01:31:39.369198Z","level":"info","event":"2022-08-01 08시: 1~1000 완료 (4863개 누적)","logger":"task.stdout"}
{"timestamp":"2025-11-10T01:31:40.345803Z","level":"info","event":"2022-08-01 08시: 1001~2000 완료 (5863개 누적)","logger":"task.stdout"}
{"timestamp":"2025-11-10T01:31:41.366708Z","level":"info","event":"2022-08-01 08시: 2001~3000 완료 (6863개 누적)","logger":"task.stdout"}
{"timestamp":"2025-11-10T01:31:42.545670Z","level":"info","event":"2022-08-01 08시: 3001~4000 완료 (7863개 누적)","logger":"task.stdout"}
{"timestamp":"2025-11-10T01:31:43.547825Z","level":"info","event":"2022-08-01 08시: 4001~4620 완료 (8483개 누적)","logger":"task.stdout"}
{"timestamp":"2025-11-10T01:31:45.404434Z","level":"info","event":"2022-08-01 09시: 1~1000 완료 (9483개 누적)","logger":"task.stdout"}
{"timestamp":"2025-11-10T01:31:46.421540Z","level":"info","event":"2022-08-01 09시: 1001~2000 완료 (10483개 누적)","logger":"task.stdout"}
{"timestamp":"2025-11-10T01:31:47.479235Z","level":"info","event":"2022-08-01 09시: 2001~3000 완료 (11483개 누적)","logger":"task.stdout"}
{"timestamp":"2025-11-10T01:31:48.613214Z","level":"info","event":"2022-08-01 09시: 3001~4000 완료 (12483개 누적)","logger":"task.stdout"}
{"timestamp":"2025-11-10T01:31:49.737833Z","level":"info","event":"2022-08-01 09시: 4001~4065 완료 (12548개 누적)","logger":"task.stdout"}
{"timestamp":"2025-11-10T01:31:51.602429Z","level":"info","event":"2022-08-01 10시: 1~1000 완료 (13548개 누적)","logger":"task.stdout"}
{"timestamp":"2025-11-10T01:31:52.616381Z","level":"info","event":"2022-08-01 10시: 1001~2000 완료 (14548개 누적)","logger":"task.stdout"}
{"timestamp":"2025-11-10T01:31:53.639001Z","level":"info","event":"2022-08-01 10시: 2001~3000 완료 (15548개 누적)","logger":"task.stdout"}
{"timestamp":"2025-11-10T01:31:54.580816Z","level":"info","event":"2022-08-01 10시: 3001~3368 완료 (15916개 누적)","logger":"task.stdout"}
{"timestamp":"2025-11-10T01:31:56.332056Z","level":"info","event":"2022-08-01 11시: 1~1000 완료 (16916개 누적)","logger":"task.stdout"}
{"timestamp":"2025-11-10T01:31:57.418478Z","level":"info","event":"2022-08-01 11시: 1001~2000 완료 (17916개 누적)","logger":"task.stdout"}
{"timestamp":"2025-11-10T01:31:58.395248Z","level":"info","event":"2022-08-01 11시: 2001~3000 완료 (18916개 누적)","logger":"task.stdout"}
{"timestamp":"2025-11-10T01:31:59.511062Z","level":"info","event":"2022-08-01 11시: 3001~4000 완료 (19916개 누적)","logger":"task.stdout"}
{"timestamp":"2025-11-10T01:32:00.546757Z","level":"info","event":"2022-08-01 11시: 4001~4353 완료 (20269개 누적)","logger":"task.stdout"}
{"timestamp":"2025-11-10T01:32:02.446450Z","level":"info","event":"2022-08-01 12시: 1~1000 완료 (21269개 누적)","logger":"task.stdout"}
{"timestamp":"2025-11-10T01:32:03.421797Z","level":"info","event":"2022-08-01 12시: 1001~2000 완료 (22269개 누적)","logger":"task.stdout"}
{"timestamp":"2025-11-10T01:32:04.513560Z","level":"info","event":"2022-08-01 12시: 2001~3000 완료 (23269개 누적)","logger":"task.stdout"}
{"timestamp":"2025-11-10T01:32:05.592065Z","level":"info","event":"2022-08-01 12시: 3001~4000 완료 (24269개 누적)","logger":"task.stdout"}
{"timestamp":"2025-11-10T01:32:06.728908Z","level":"info","event":"2022-08-01 12시: 4001~4965 완료 (25234개 누적)","logger":"task.stdout"}
{"timestamp":"2025-11-10T01:32:08.638804Z","level":"info","event":"2022-08-01 13시: 1~1000 완료 (26234개 누적)","logger":"task.stdout"}
{"timestamp":"2025-11-10T01:32:09.760049Z","level":"info","event":"2022-08-01 13시: 1001~2000 완료 (27234개 누적)","logger":"task.stdout"}
{"timestamp":"2025-11-10T01:32:10.960658Z","level":"info","event":"2022-08-01 13시: 2001~3000 완료 (28234개 누적)","logger":"task.stdout"}
{"timestamp":"2025-11-10T01:32:20.915333Z","level":"info","event":"2022-08-01 13시: 3001~4000 완료 (29234개 누적)","logger":"task.stdout"}
{"timestamp":"2025-11-10T01:32:20.954894Z","level":"info","event":"2022-08-01 13시: 4001~4837 완료 (30071개 누적)","logger":"task.stdout"}
{"timestamp":"2025-11-10T01:32:22.844638Z","level":"info","event":"2022-08-01 14시: 1~1000 완료 (31071개 누적)","logger":"task.stdout"}
{"timestamp":"2025-11-10T01:32:23.907682Z","level":"info","event":"2022-08-01 14시: 1001~2000 완료 (32071개 누적)","logger":"task.stdout"}
{"timestamp":"2025-11-10T01:32:24.962614Z","level":"info","event":"2022-08-01 14시: 2001~3000 완료 (33071개 누적)","logger":"task.stdout"}
{"timestamp":"2025-11-10T01:32:26.068666Z","level":"info","event":"2022-08-01 14시: 3001~4000 완료 (34071개 누적)","logger":"task.stdout"}
{"timestamp":"2025-11-10T01:32:27.131341Z","level":"info","event":"2022-08-01 14시: 4001~4797 완료 (34868개 누적)","logger":"task.stdout"}
{"timestamp":"2025-11-10T01:32:27.454436Z","level":"info","event":"2022-08-01 15시: 응답 없음","logger":"task.stdout"}
{"timestamp":"2025-11-10T01:32:29.455433Z","level":"info","event":"2022-08-01 16시: 1~1000 완료 (35868개 누적)","logger":"task.stdout"}
{"timestamp":"2025-11-10T01:32:30.526150Z","level":"info","event":"2022-08-01 16시: 1001~2000 완료 (36868개 누적)","logger":"task.stdout"}
{"timestamp":"2025-11-10T01:32:31.702470Z","level":"info","event":"2022-08-01 16시: 2001~3000 완료 (37868개 누적)","logger":"task.stdout"}
{"timestamp":"2025-11-10T01:32:32.781296Z","level":"info","event":"2022-08-01 16시: 3001~4000 완료 (38868개 누적)","logger":"task.stdout"}
{"timestamp":"2025-11-10T01:32:33.875487Z","level":"info","event":"2022-08-01 16시: 4001~5000 완료 (39868개 누적)","logger":"task.stdout"}
{"timestamp":"2025-11-10T01:32:35.007511Z","level":"info","event":"2022-08-01 16시: 5001~6000 완료 (40868개 누적)","logger":"task.stdout"}
{"timestamp":"2025-11-10T01:32:36.106959Z","level":"info","event":"2022-08-01 16시: 6001~6645 완료 (41513개 누적)","logger":"task.stdout"}
{"timestamp":"2025-11-10T01:32:38.764212Z","level":"info","event":"2022-08-01 17시: 1~1000 완료 (42513개 누적)","logger":"task.stdout"}
{"timestamp":"2025-11-10T01:32:40.212570Z","level":"info","event":"2022-08-01 17시: 1001~2000 완료 (43513개 누적)","logger":"task.stdout"}
{"timestamp":"2025-11-10T01:32:41.425076Z","level":"info","event":"2022-08-01 17시: 2001~3000 완료 (44513개 누적)","logger":"task.stdout"}
{"timestamp":"2025-11-10T01:32:42.635221Z","level":"info","event":"2022-08-01 17시: 3001~4000 완료 (45513개 누적)","logger":"task.stdout"}
{"timestamp":"2025-11-10T01:32:43.836135Z","level":"info","event":"2022-08-01 17시: 4001~5000 완료 (46513개 누적)","logger":"task.stdout"}
{"timestamp":"2025-11-10T01:32:44.995126Z","level":"info","event":"2022-08-01 17시: 5001~6000 완료 (47513개 누적)","logger":"task.stdout"}
{"timestamp":"2025-11-10T01:32:46.303311Z","level":"info","event":"2022-08-01 17시: 6001~7000 완료 (48513개 누적)","logger":"task.stdout"}
{"timestamp":"2025-11-10T01:32:47.587883Z","level":"info","event":"2022-08-01 17시: 7001~8000 완료 (49513개 누적)","logger":"task.stdout"}
{"timestamp":"2025-11-10T01:32:48.874059Z","level":"info","event":"2022-08-01 17시: 8001~9000 완료 (50513개 누적)","logger":"task.stdout"}
{"timestamp":"2025-11-10T01:32:50.220132Z","level":"info","event":"2022-08-01 17시: 9001~10000 완료 (51513개 누적)","logger":"task.stdout"}
{"timestamp":"2025-11-10T01:32:51.454125Z","level":"info","event":"2022-08-01 17시: 10001~10537 완료 (52050개 누적)","logger":"task.stdout"}
{"timestamp":"2025-11-10T01:32:59.715450Z","level":"info","event":"2022-08-01 18시: 요청 실패 - HTTPConnectionPool(host='openapi.seoul.go.kr', port=8088): Max retries exceeded with url: /574d4268426539373930666f4b654e/json/tbCycleRentData/1/1000/2022-08-01/18 (Caused by NameResolutionError(\"<urllib3.connection.HTTPConnection object at 0xffff89e4e570>: Failed to resolve 'openapi.seoul.go.kr' ([Errno -3] Temporary failure in name resolution)\"))","logger":"task.stdout"}
{"timestamp":"2025-11-10T01:33:01.692042Z","level":"info","event":"2022-08-01 19시: 1~1000 완료 (53050개 누적)","logger":"task.stdout"}
{"timestamp":"2025-11-10T01:33:03.038748Z","level":"info","event":"2022-08-01 19시: 1001~2000 완료 (54050개 누적)","logger":"task.stdout"}
{"timestamp":"2025-11-10T01:33:04.262356Z","level":"info","event":"2022-08-01 19시: 2001~3000 완료 (55050개 누적)","logger":"task.stdout"}
{"timestamp":"2025-11-10T01:33:05.563434Z","level":"info","event":"2022-08-01 19시: 3001~4000 완료 (56050개 누적)","logger":"task.stdout"}
{"timestamp":"2025-11-10T01:33:06.898007Z","level":"info","event":"2022-08-01 19시: 4001~5000 완료 (57050개 누적)","logger":"task.stdout"}
{"timestamp":"2025-11-10T01:33:08.290868Z","level":"info","event":"2022-08-01 19시: 5001~6000 완료 (58050개 누적)","logger":"task.stdout"}
{"timestamp":"2025-11-10T01:33:09.582865Z","level":"info","event":"2022-08-01 19시: 6001~7000 완료 (59050개 누적)","logger":"task.stdout"}
{"timestamp":"2025-11-10T01:33:10.982224Z","level":"info","event":"2022-08-01 19시: 7001~8000 완료 (60050개 누적)","logger":"task.stdout"}
{"timestamp":"2025-11-10T01:33:12.453407Z","level":"info","event":"2022-08-01 19시: 8001~9000 완료 (61050개 누적)","logger":"task.stdout"}
{"timestamp":"2025-11-10T01:33:13.809495Z","level":"info","event":"2022-08-01 19시: 9001~10000 완료 (62050개 누적)","logger":"task.stdout"}
{"timestamp":"2025-11-10T01:33:15.147050Z","level":"info","event":"2022-08-01 19시: 10001~11000 완료 (63050개 누적)","logger":"task.stdout"}
{"timestamp":"2025-11-10T01:33:16.454736Z","level":"info","event":"2022-08-01 19시: 11001~11651 완료 (63701개 누적)","logger":"task.stdout"}
{"timestamp":"2025-11-10T01:33:18.801884Z","level":"info","event":"2022-08-01 20시: 1~1000 완료 (64701개 누적)","logger":"task.stdout"}
{"timestamp":"2025-11-10T01:33:20.011454Z","level":"info","event":"2022-08-01 20시: 1001~2000 완료 (65701개 누적)","logger":"task.stdout"}
{"timestamp":"2025-11-10T01:33:21.780566Z","level":"info","event":"2022-08-01 20시: 2001~3000 완료 (66701개 누적)","logger":"task.stdout"}
{"timestamp":"2025-11-10T01:33:23.109150Z","level":"info","event":"2022-08-01 20시: 3001~4000 완료 (67701개 누적)","logger":"task.stdout"}
{"timestamp":"2025-11-10T01:33:24.371217Z","level":"info","event":"2022-08-01 20시: 4001~5000 완료 (68701개 누적)","logger":"task.stdout"}
{"timestamp":"2025-11-10T01:33:25.654514Z","level":"info","event":"2022-08-01 20시: 5001~6000 완료 (69701개 누적)","logger":"task.stdout"}
{"timestamp":"2025-11-10T01:33:26.944698Z","level":"info","event":"2022-08-01 20시: 6001~7000 완료 (70701개 누적)","logger":"task.stdout"}
{"timestamp":"2025-11-10T01:33:28.300561Z","level":"info","event":"2022-08-01 20시: 7001~8000 완료 (71701개 누적)","logger":"task.stdout"}
{"timestamp":"2025-11-10T01:33:29.608281Z","level":"info","event":"2022-08-01 20시: 8001~9000 완료 (72701개 누적)","logger":"task.stdout"}
{"timestamp":"2025-11-10T01:33:30.917504Z","level":"info","event":"2022-08-01 20시: 9001~10000 완료 (73701개 누적)","logger":"task.stdout"}
{"timestamp":"2025-11-10T01:33:32.204141Z","level":"info","event":"2022-08-01 20시: 10001~10350 완료 (74051개 누적)","logger":"task.stdout"}
{"timestamp":"2025-11-10T01:33:38.519372Z","level":"info","event":"2022-08-01 21시: 1~1000 완료 (75051개 누적)","logger":"task.stdout"}
{"timestamp":"2025-11-10T01:33:39.649879Z","level":"info","event":"2022-08-01 21시: 1001~2000 완료 (76051개 누적)","logger":"task.stdout"}
{"timestamp":"2025-11-10T01:33:40.953448Z","level":"info","event":"2022-08-01 21시: 2001~3000 완료 (77051개 누적)","logger":"task.stdout"}
{"timestamp":"2025-11-10T01:34:02.553081Z","level":"info","event":"2022-08-01 21시: 3001~4000 완료 (78051개 누적)","logger":"task.stdout"}
{"timestamp":"2025-11-10T01:34:04.566542Z","level":"info","event":"2022-08-01 21시: 4001~5000 완료 (79051개 누적)","logger":"task.stdout"}
{"timestamp":"2025-11-10T01:34:05.774476Z","level":"info","event":"2022-08-01 21시: 5001~6000 완료 (80051개 누적)","logger":"task.stdout"}
{"timestamp":"2025-11-10T01:34:06.939313Z","level":"info","event":"2022-08-01 21시: 6001~7000 완료 (81051개 누적)","logger":"task.stdout"}
{"timestamp":"2025-11-10T01:34:08.086185Z","level":"info","event":"2022-08-01 21시: 7001~8000 완료 (82051개 누적)","logger":"task.stdout"}
{"timestamp":"2025-11-10T01:34:09.092659Z","level":"info","event":"2022-08-01 21시: 8001~8344 완료 (82395개 누적)","logger":"task.stdout"}
{"timestamp":"2025-11-10T01:34:11.040644Z","level":"info","event":"2022-08-01 22시: 1~1000 완료 (83395개 누적)","logger":"task.stdout"}
{"timestamp":"2025-11-10T01:34:12.231169Z","level":"info","event":"2022-08-01 22시: 1001~2000 완료 (84395개 누적)","logger":"task.stdout"}
{"timestamp":"2025-11-10T01:34:13.366157Z","level":"info","event":"2022-08-01 22시: 2001~3000 완료 (85395개 누적)","logger":"task.stdout"}
{"timestamp":"2025-11-10T01:34:14.504843Z","level":"info","event":"2022-08-01 22시: 3001~4000 완료 (86395개 누적)","logger":"task.stdout"}
{"timestamp":"2025-11-10T01:34:15.702843Z","level":"info","event":"2022-08-01 22시: 4001~5000 완료 (87395개 누적)","logger":"task.stdout"}
{"timestamp":"2025-11-10T01:34:16.908543Z","level":"info","event":"2022-08-01 22시: 5001~6000 완료 (88395개 누적)","logger":"task.stdout"}
{"timestamp":"2025-11-10T01:34:17.940982Z","level":"info","event":"2022-08-01 22시: 6001~6687 완료 (89082개 누적)","logger":"task.stdout"}
{"timestamp":"2025-11-10T01:34:19.701192Z","level":"info","event":"2022-08-01 23시: 1~1000 완료 (90082개 누적)","logger":"task.stdout"}
{"timestamp":"2025-11-10T01:34:20.760365Z","level":"info","event":"2022-08-01 23시: 1001~2000 완료 (91082개 누적)","logger":"task.stdout"}
{"timestamp":"2025-11-10T01:34:21.665638Z","level":"info","event":"2022-08-01 23시: 2001~2248 완료 (91330개 누적)","logger":"task.stdout"}
{"timestamp":"2025-11-10T01:34:22.747658Z","level":"info","event":"2022-08-02 00시: 1~907 완료 (92237개 누적)","logger":"task.stdout"}
{"timestamp":"2025-11-10T01:34:23.748930Z","level":"info","event":"2022-08-02 01시: 1~446 완료 (92683개 누적)","logger":"task.stdout"}
{"timestamp":"2025-11-10T01:34:24.895966Z","level":"info","event":"2022-08-02 02시: 1~171 완료 (92854개 누적)","logger":"task.stdout"}
{"timestamp":"2025-11-10T01:34:25.921490Z","level":"info","event":"2022-08-02 03시: 1~133 완료 (92987개 누적)","logger":"task.stdout"}
{"timestamp":"2025-11-10T01:34:26.876324Z","level":"info","event":"2022-08-02 04시: 1~171 완료 (93158개 누적)","logger":"task.stdout"}
{"timestamp":"2025-11-10T01:34:27.965902Z","level":"info","event":"2022-08-02 05시: 1~831 완료 (93989개 누적)","logger":"task.stdout"}
{"timestamp":"2025-11-10T01:34:29.203048Z","level":"info","event":"2022-08-02 06시: 1~1000 완료 (94989개 누적)","logger":"task.stdout"}
{"timestamp":"2025-11-10T01:34:29.907552Z","level":"info","event":"2022-08-02 06시: 1001~1880 완료 (95869개 누적)","logger":"task.stdout"}
{"timestamp":"2025-11-10T01:34:31.556248Z","level":"info","event":"2022-08-02 07시: 1~1000 완료 (96869개 누적)","logger":"task.stdout"}
{"timestamp":"2025-11-10T01:34:32.319660Z","level":"info","event":"2022-08-02 07시: 1001~2000 완료 (97869개 누적)","logger":"task.stdout"}
{"timestamp":"2025-11-10T01:34:33.069910Z","level":"info","event":"2022-08-02 07시: 2001~3000 완료 (98869개 누적)","logger":"task.stdout"}
{"timestamp":"2025-11-10T01:34:33.825217Z","level":"info","event":"2022-08-02 07시: 3001~3580 완료 (99449개 누적)","logger":"task.stdout"}
{"timestamp":"2025-11-10T01:34:35.763429Z","level":"info","event":"2022-08-02 08시: 1~1000 완료 (100449개 누적)","logger":"task.stdout"}
{"timestamp":"2025-11-10T01:34:36.715038Z","level":"info","event":"2022-08-02 08시: 1001~2000 완료 (101449개 누적)","logger":"task.stdout"}
{"timestamp":"2025-11-10T01:34:37.686073Z","level":"info","event":"2022-08-02 08시: 2001~3000 완료 (102449개 누적)","logger":"task.stdout"}
{"timestamp":"2025-11-10T01:34:38.665069Z","level":"info","event":"2022-08-02 08시: 3001~4000 완료 (103449개 누적)","logger":"task.stdout"}
{"timestamp":"2025-11-10T01:34:39.595357Z","level":"info","event":"2022-08-02 08시: 4001~5000 완료 (104449개 누적)","logger":"task.stdout"}
{"timestamp":"2025-11-10T01:34:40.500141Z","level":"info","event":"2022-08-02 08시: 5001~6000 완료 (105449개 누적)","logger":"task.stdout"}
{"timestamp":"2025-11-10T01:34:41.348240Z","level":"info","event":"2022-08-02 08시: 6001~7000 완료 (106449개 누적)","logger":"task.stdout"}
{"timestamp":"2025-11-10T01:34:42.157470Z","level":"info","event":"2022-08-02 08시: 7001~7452 완료 (106901개 누적)","logger":"task.stdout"}
{"timestamp":"2025-11-10T01:34:43.653504Z","level":"info","event":"2022-08-02 09시: 1~1000 완료 (107901개 누적)","logger":"task.stdout"}
{"timestamp":"2025-11-10T01:34:44.556130Z","level":"info","event":"2022-08-02 09시: 1001~2000 완료 (108901개 누적)","logger":"task.stdout"}
{"timestamp":"2025-11-10T01:34:45.402537Z","level":"info","event":"2022-08-02 09시: 2001~3000 완료 (109901개 누적)","logger":"task.stdout"}
{"timestamp":"2025-11-10T01:34:46.219821Z","level":"info","event":"2022-08-02 09시: 3001~4000 완료 (110901개 누적)","logger":"task.stdout"}
{"timestamp":"2025-11-10T01:34:46.994841Z","level":"info","event":"2022-08-02 09시: 4001~5000 완료 (111901개 누적)","logger":"task.stdout"}
{"timestamp":"2025-11-10T01:34:47.638151Z","level":"info","event":"2022-08-02 09시: 5001~5065 완료 (111966개 누적)","logger":"task.stdout"}
{"timestamp":"2025-11-10T01:34:48.910815Z","level":"info","event":"2022-08-02 10시: 1~1000 완료 (112966개 누적)","logger":"task.stdout"}
{"timestamp":"2025-11-10T01:34:49.686092Z","level":"info","event":"2022-08-02 10시: 1001~2000 완료 (113966개 누적)","logger":"task.stdout"}
{"timestamp":"2025-11-10T01:34:50.438590Z","level":"info","event":"2022-08-02 10시: 2001~3000 완료 (114966개 누적)","logger":"task.stdout"}
{"timestamp":"2025-11-10T01:34:51.129792Z","level":"info","event":"2022-08-02 10시: 3001~3347 완료 (115313개 누적)","logger":"task.stdout"}
{"timestamp":"2025-11-10T01:34:52.529692Z","level":"info","event":"2022-08-02 11시: 1~1000 완료 (116313개 누적)","logger":"task.stdout"}
{"timestamp":"2025-11-10T01:34:53.415692Z","level":"info","event":"2022-08-02 11시: 1001~2000 완료 (117313개 누적)","logger":"task.stdout"}
{"timestamp":"2025-11-10T01:34:54.197286Z","level":"info","event":"2022-08-02 11시: 2001~3000 완료 (118313개 누적)","logger":"task.stdout"}
{"timestamp":"2025-11-10T01:34:55.019986Z","level":"info","event":"2022-08-02 11시: 3001~4000 완료 (119313개 누적)","logger":"task.stdout"}
{"timestamp":"2025-11-10T01:34:55.715225Z","level":"info","event":"2022-08-02 11시: 4001~4144 완료 (119457개 누적)","logger":"task.stdout"}
{"timestamp":"2025-11-10T01:34:57.136155Z","level":"info","event":"2022-08-02 12시: 1~1000 완료 (120457개 누적)","logger":"task.stdout"}
{"timestamp":"2025-11-10T01:34:58.058282Z","level":"info","event":"2022-08-02 12시: 1001~2000 완료 (121457개 누적)","logger":"task.stdout"}
{"timestamp":"2025-11-10T01:34:58.906124Z","level":"info","event":"2022-08-02 12시: 2001~3000 완료 (122457개 누적)","logger":"task.stdout"}
{"timestamp":"2025-11-10T01:34:59.731809Z","level":"info","event":"2022-08-02 12시: 3001~4000 완료 (123457개 누적)","logger":"task.stdout"}
{"timestamp":"2025-11-10T01:35:00.478977Z","level":"info","event":"2022-08-02 12시: 4001~4490 완료 (123947개 누적)","logger":"task.stdout"}
{"timestamp":"2025-11-10T01:35:01.786791Z","level":"info","event":"2022-08-02 13시: 1~1000 완료 (124947개 누적)","logger":"task.stdout"}
{"timestamp":"2025-11-10T01:35:02.581412Z","level":"info","event":"2022-08-02 13시: 1001~2000 완료 (125947개 누적)","logger":"task.stdout"}
{"timestamp":"2025-11-10T01:35:03.517682Z","level":"info","event":"2022-08-02 13시: 2001~3000 완료 (126947개 누적)","logger":"task.stdout"}
{"timestamp":"2025-11-10T01:35:04.216005Z","level":"info","event":"2022-08-02 13시: 3001~3548 완료 (127495개 누적)","logger":"task.stdout"}
{"timestamp":"2025-11-10T01:35:05.418543Z","level":"info","event":"2022-08-02 14시: 1~1000 완료 (128495개 누적)","logger":"task.stdout"}
{"timestamp":"2025-11-10T01:35:06.106994Z","level":"info","event":"2022-08-02 14시: 1001~1735 완료 (129230개 누적)","logger":"task.stdout"}
{"timestamp":"2025-11-10T01:35:07.194181Z","level":"info","event":"2022-08-02 15시: 1~617 완료 (129847개 누적)","logger":"task.stdout"}
{"timestamp":"2025-11-10T01:35:08.590977Z","level":"info","event":"2022-08-02 16시: 1~1000 완료 (130847개 누적)","logger":"task.stdout"}
{"timestamp":"2025-11-10T01:35:09.235962Z","level":"info","event":"2022-08-02 16시: 1001~1515 완료 (131362개 누적)","logger":"task.stdout"}
{"timestamp":"2025-11-10T01:35:10.696157Z","level":"info","event":"2022-08-02 17시: 1~1000 완료 (132362개 누적)","logger":"task.stdout"}
{"timestamp":"2025-11-10T01:35:11.502860Z","level":"info","event":"2022-08-02 17시: 1001~2000 완료 (133362개 누적)","logger":"task.stdout"}
{"timestamp":"2025-11-10T01:35:12.770552Z","level":"info","event":"2022-08-02 17시: 2001~2271 완료 (133633개 누적)","logger":"task.stdout"}
{"timestamp":"2025-11-10T01:35:56.102058Z","level":"info","event":"2022-08-02 18시: 요청 실패 - HTTPConnectionPool(host='openapi.seoul.go.kr', port=8088): Max retries exceeded with url: /574d4268426539373930666f4b654e/json/tbCycleRentData/1/5/2022-08-02/18 (Caused by NameResolutionError(\"<urllib3.connection.HTTPConnection object at 0xffff83795c10>: Failed to resolve 'openapi.seoul.go.kr' ([Errno -3] Temporary failure in name resolution)\"))","logger":"task.stdout"}
{"timestamp":"2025-11-10T01:35:56.103669Z","level":"info","event":"2022-08-02 19시: 요청 실패 - HTTPConnectionPool(host='openapi.seoul.go.kr', port=8088): Max retries exceeded with url: /574d4268426539373930666f4b654e/json/tbCycleRentData/1/5/2022-08-02/19 (Caused by NameResolutionError(\"<urllib3.connection.HTTPConnection object at 0xffff83796450>: Failed to resolve 'openapi.seoul.go.kr' ([Errno -3] Temporary failure in name resolution)\"))","logger":"task.stdout"}
{"timestamp":"2025-11-10T01:35:56.945728Z","level":"info","event":"2022-08-02 20시: 1~1000 완료 (134633개 누적)","logger":"task.stdout"}
{"timestamp":"2025-11-10T01:35:57.794707Z","level":"info","event":"2022-08-02 20시: 1001~2000 완료 (135633개 누적)","logger":"task.stdout"}
{"timestamp":"2025-11-10T01:35:58.590092Z","level":"info","event":"2022-08-02 20시: 2001~3000 완료 (136633개 누적)","logger":"task.stdout"}
{"timestamp":"2025-11-10T01:35:59.367093Z","level":"info","event":"2022-08-02 20시: 3001~4000 완료 (137633개 누적)","logger":"task.stdout"}
{"timestamp":"2025-11-10T01:36:00.144660Z","level":"info","event":"2022-08-02 20시: 4001~4907 완료 (138540개 누적)","logger":"task.stdout"}
{"timestamp":"2025-11-10T01:36:01.422354Z","level":"info","event":"2022-08-02 21시: 1~1000 완료 (139540개 누적)","logger":"task.stdout"}
{"timestamp":"2025-11-10T01:36:02.145758Z","level":"info","event":"2022-08-02 21시: 1001~2000 완료 (140540개 누적)","logger":"task.stdout"}
{"timestamp":"2025-11-10T01:36:02.928668Z","level":"info","event":"2022-08-02 21시: 2001~3000 완료 (141540개 누적)","logger":"task.stdout"}
{"timestamp":"2025-11-10T01:36:03.560085Z","level":"info","event":"2022-08-02 21시: 3001~3233 완료 (141773개 누적)","logger":"task.stdout"}
{"timestamp":"2025-11-10T01:36:04.722896Z","level":"info","event":"2022-08-02 22시: 1~1000 완료 (142773개 누적)","logger":"task.stdout"}
{"timestamp":"2025-11-10T01:36:05.269336Z","level":"info","event":"2022-08-02 22시: 1001~1022 완료 (142795개 누적)","logger":"task.stdout"}
{"timestamp":"2025-11-10T01:36:06.233906Z","level":"info","event":"2022-08-02 23시: 1~332 완료 (143127개 누적)","logger":"task.stdout"}
{"timestamp":"2025-11-10T01:36:07.111750Z","level":"info","event":"","logger":"task.stdout"}
{"timestamp":"2025-11-10T01:36:07.112883Z","level":"info","event":"2022년 8월 총 143127개 수집 완료","logger":"task.stdout"}
{"timestamp":"2025-11-10T01:36:07.155119Z","level":"error","event":"Task failed with exception","logger":"task","filename":"task_runner.py","lineno":999,"error_detail":[{"exc_type":"KeyError","exc_value":"\"['대여 대여소명', '반납대여소명', '자전거번호', '대여거치대', '반납거치대', '이용시간(분)', '반납대여소번호', '대여 대여소번호'] not found in axis\"","exc_notes":[],"syntax_error":null,"is_cause":false,"frames":[{"filename":"/home/airflow/.local/lib/python3.12/site-packages/airflow/sdk/execution_time/task_runner.py","lineno":925,"name":"run"},{"filename":"/home/airflow/.local/lib/python3.12/site-packages/airflow/sdk/execution_time/task_runner.py","lineno":1312,"name":"_execute_task"},{"filename":"/home/airflow/.local/lib/python3.12/site-packages/airflow/sdk/bases/operator.py","lineno":416,"name":"wrapper"},{"filename":"/home/airflow/.local/lib/python3.12/site-packages/airflow/providers/standard/operators/python.py","lineno":213,"name":"execute"},{"filename":"/home/airflow/.local/lib/python3.12/site-packages/airflow/providers/standard/operators/python.py","lineno":236,"name":"execute_callable"},{"filename":"/home/airflow/.local/lib/python3.12/site-packages/airflow/sdk/execution_time/callback_runner.py","lineno":82,"name":"run"},{"filename":"/opt/airflow/dags/seoul_bike_rent_2022.py","lineno":40,"name":"collect_month"},{"filename":"/opt/airflow/plugins/rent_history_utils.py","lineno":102,"name":"preprocess_rent_data"},{"filename":"/home/airflow/.local/lib/python3.12/site-packages/pandas/core/frame.py","lineno":5344,"name":"drop"},{"filename":"/home/airflow/.local/lib/python3.12/site-packages/pandas/core/generic.py","lineno":4711,"name":"drop"},{"filename":"/home/airflow/.local/lib/python3.12/site-packages/pandas/core/generic.py","lineno":4753,"name":"_drop_axis"},{"filename":"/home/airflow/.local/lib/python3.12/site-packages/pandas/core/indexes/base.py","lineno":7000,"name":"drop"}],"is_group":false,"exceptions":[]}]}
