{"timestamp":"2025-11-10T01:21:19.658151Z","level":"info","event":"DAG bundles loaded: dags-folder","logger":"airflow.dag_processing.bundles.manager.DagBundlesManager","filename":"manager.py","lineno":179}
{"timestamp":"2025-11-10T01:21:19.659305Z","level":"info","event":"Filling up the DagBag from /opt/airflow/dags/seoul_bike_rent_2022.py","logger":"airflow.models.dagbag.DagBag","filename":"dagbag.py","lineno":593}
{"timestamp":"2025-11-10T01:21:19.758358Z","level":"warning","event":"The `airflow.operators.python.PythonOperator` attribute is deprecated. Please use `'airflow.providers.standard.operators.python.PythonOperator'`.","category":"DeprecatedImportWarning","filename":"/opt/airflow/dags/seoul_bike_rent_2022.py","lineno":2,"logger":"py.warnings"}
{"timestamp":"2025-11-10T01:21:19.884412Z","level":"info","event":"Found credentials in environment variables.","logger":"botocore.credentials","filename":"credentials.py","lineno":1224}
{"timestamp":"2025-11-10T01:21:21.196103Z","level":"info","event":"유효한 정거장 3202개 로드","logger":"task.stdout"}
{"timestamp":"2025-11-10T01:21:23.802838Z","level":"info","event":"2022-03-01 00시: 1~1000 완료 (1000개 누적)","logger":"task.stdout"}
{"timestamp":"2025-11-10T01:21:24.450423Z","level":"info","event":"2022-03-01 00시: 1001~1361 완료 (1361개 누적)","logger":"task.stdout"}
{"timestamp":"2025-11-10T01:21:25.599680Z","level":"info","event":"2022-03-01 01시: 1~915 완료 (2276개 누적)","logger":"task.stdout"}
{"timestamp":"2025-11-10T01:21:26.606818Z","level":"info","event":"2022-03-01 02시: 1~340 완료 (2616개 누적)","logger":"task.stdout"}
{"timestamp":"2025-11-10T01:21:27.513459Z","level":"info","event":"2022-03-01 03시: 1~151 완료 (2767개 누적)","logger":"task.stdout"}
{"timestamp":"2025-11-10T01:21:28.493810Z","level":"info","event":"2022-03-01 04시: 1~79 완료 (2846개 누적)","logger":"task.stdout"}
{"timestamp":"2025-11-10T01:21:29.311438Z","level":"info","event":"2022-03-01 05시: 1~71 완료 (2917개 누적)","logger":"task.stdout"}
{"timestamp":"2025-11-10T01:21:30.208452Z","level":"info","event":"2022-03-01 06시: 1~112 완료 (3029개 누적)","logger":"task.stdout"}
{"timestamp":"2025-11-10T01:21:31.059047Z","level":"info","event":"2022-03-01 07시: 1~253 완료 (3282개 누적)","logger":"task.stdout"}
{"timestamp":"2025-11-10T01:21:32.066614Z","level":"info","event":"2022-03-01 08시: 1~711 완료 (3993개 누적)","logger":"task.stdout"}
{"timestamp":"2025-11-10T01:21:33.192076Z","level":"info","event":"2022-03-01 09시: 1~1000 완료 (4993개 누적)","logger":"task.stdout"}
{"timestamp":"2025-11-10T01:21:33.763475Z","level":"info","event":"2022-03-01 09시: 1001~1312 완료 (5305개 누적)","logger":"task.stdout"}
{"timestamp":"2025-11-10T01:21:34.943720Z","level":"info","event":"2022-03-01 10시: 1~1000 완료 (6305개 누적)","logger":"task.stdout"}
{"timestamp":"2025-11-10T01:21:35.702418Z","level":"info","event":"2022-03-01 10시: 1001~1745 완료 (7050개 누적)","logger":"task.stdout"}
{"timestamp":"2025-11-10T01:21:37.050406Z","level":"info","event":"2022-03-01 11시: 1~1000 완료 (8050개 누적)","logger":"task.stdout"}
{"timestamp":"2025-11-10T01:21:37.669241Z","level":"info","event":"2022-03-01 11시: 1001~2000 완료 (9050개 누적)","logger":"task.stdout"}
{"timestamp":"2025-11-10T01:21:38.255742Z","level":"info","event":"2022-03-01 11시: 2001~2088 완료 (9138개 누적)","logger":"task.stdout"}
{"timestamp":"2025-11-10T01:21:39.486191Z","level":"info","event":"2022-03-01 12시: 1~1000 완료 (10138개 누적)","logger":"task.stdout"}
{"timestamp":"2025-11-10T01:21:40.154758Z","level":"info","event":"2022-03-01 12시: 1001~2000 완료 (11138개 누적)","logger":"task.stdout"}
{"timestamp":"2025-11-10T01:21:40.888143Z","level":"info","event":"2022-03-01 12시: 2001~2712 완료 (11850개 누적)","logger":"task.stdout"}
{"timestamp":"2025-11-10T01:21:42.382872Z","level":"info","event":"2022-03-01 13시: 1~1000 완료 (12850개 누적)","logger":"task.stdout"}
{"timestamp":"2025-11-10T01:21:43.107820Z","level":"info","event":"2022-03-01 13시: 1001~2000 완료 (13850개 누적)","logger":"task.stdout"}
{"timestamp":"2025-11-10T01:21:43.841622Z","level":"info","event":"2022-03-01 13시: 2001~3000 완료 (14850개 누적)","logger":"task.stdout"}
{"timestamp":"2025-11-10T01:21:44.558347Z","level":"info","event":"2022-03-01 13시: 3001~3422 완료 (15272개 누적)","logger":"task.stdout"}
{"timestamp":"2025-11-10T01:21:45.988620Z","level":"info","event":"2022-03-01 14시: 1~1000 완료 (16272개 누적)","logger":"task.stdout"}
{"timestamp":"2025-11-10T01:21:46.719455Z","level":"info","event":"2022-03-01 14시: 1001~2000 완료 (17272개 누적)","logger":"task.stdout"}
{"timestamp":"2025-11-10T01:21:47.619034Z","level":"info","event":"2022-03-01 14시: 2001~3000 완료 (18272개 누적)","logger":"task.stdout"}
{"timestamp":"2025-11-10T01:21:48.395165Z","level":"info","event":"2022-03-01 14시: 3001~4000 완료 (19272개 누적)","logger":"task.stdout"}
{"timestamp":"2025-11-10T01:21:49.064657Z","level":"info","event":"2022-03-01 14시: 4001~4321 완료 (19593개 누적)","logger":"task.stdout"}
{"timestamp":"2025-11-10T01:21:50.718222Z","level":"info","event":"2022-03-01 15시: 1~1000 완료 (20593개 누적)","logger":"task.stdout"}
{"timestamp":"2025-11-10T01:21:51.564337Z","level":"info","event":"2022-03-01 15시: 1001~2000 완료 (21593개 누적)","logger":"task.stdout"}
{"timestamp":"2025-11-10T01:21:52.399416Z","level":"info","event":"2022-03-01 15시: 2001~3000 완료 (22593개 누적)","logger":"task.stdout"}
{"timestamp":"2025-11-10T01:21:53.177369Z","level":"info","event":"2022-03-01 15시: 3001~4000 완료 (23593개 누적)","logger":"task.stdout"}
{"timestamp":"2025-11-10T01:21:53.962422Z","level":"info","event":"2022-03-01 15시: 4001~5000 완료 (24593개 누적)","logger":"task.stdout"}
{"timestamp":"2025-11-10T01:21:54.635071Z","level":"info","event":"2022-03-01 15시: 5001~5115 완료 (24708개 누적)","logger":"task.stdout"}
{"timestamp":"2025-11-10T01:21:56.162404Z","level":"info","event":"2022-03-01 16시: 1~1000 완료 (25708개 누적)","logger":"task.stdout"}
{"timestamp":"2025-11-10T01:21:57.100218Z","level":"info","event":"2022-03-01 16시: 1001~2000 완료 (26708개 누적)","logger":"task.stdout"}
{"timestamp":"2025-11-10T01:21:57.954793Z","level":"info","event":"2022-03-01 16시: 2001~3000 완료 (27708개 누적)","logger":"task.stdout"}
{"timestamp":"2025-11-10T01:21:58.752487Z","level":"info","event":"2022-03-01 16시: 3001~4000 완료 (28708개 누적)","logger":"task.stdout"}
{"timestamp":"2025-11-10T01:21:59.527490Z","level":"info","event":"2022-03-01 16시: 4001~5000 완료 (29708개 누적)","logger":"task.stdout"}
{"timestamp":"2025-11-10T01:22:00.319818Z","level":"info","event":"2022-03-01 16시: 5001~5716 완료 (30424개 누적)","logger":"task.stdout"}
{"timestamp":"2025-11-10T01:22:02.044470Z","level":"info","event":"2022-03-01 17시: 1~1000 완료 (31424개 누적)","logger":"task.stdout"}
{"timestamp":"2025-11-10T01:22:02.873538Z","level":"info","event":"2022-03-01 17시: 1001~2000 완료 (32424개 누적)","logger":"task.stdout"}
{"timestamp":"2025-11-10T01:22:03.691442Z","level":"info","event":"2022-03-01 17시: 2001~3000 완료 (33424개 누적)","logger":"task.stdout"}
{"timestamp":"2025-11-10T01:22:04.462085Z","level":"info","event":"2022-03-01 17시: 3001~4000 완료 (34424개 누적)","logger":"task.stdout"}
{"timestamp":"2025-11-10T01:22:05.338031Z","level":"info","event":"2022-03-01 17시: 4001~5000 완료 (35424개 누적)","logger":"task.stdout"}
{"timestamp":"2025-11-10T01:22:06.033086Z","level":"info","event":"2022-03-01 17시: 5001~5365 완료 (35789개 누적)","logger":"task.stdout"}
{"timestamp":"2025-11-10T01:22:07.462881Z","level":"info","event":"2022-03-01 18시: 1~1000 완료 (36789개 누적)","logger":"task.stdout"}
{"timestamp":"2025-11-10T01:22:08.329621Z","level":"info","event":"2022-03-01 18시: 1001~2000 완료 (37789개 누적)","logger":"task.stdout"}
{"timestamp":"2025-11-10T01:22:09.096194Z","level":"info","event":"2022-03-01 18시: 2001~3000 완료 (38789개 누적)","logger":"task.stdout"}
{"timestamp":"2025-11-10T01:22:09.829662Z","level":"info","event":"2022-03-01 18시: 3001~4000 완료 (39789개 누적)","logger":"task.stdout"}
{"timestamp":"2025-11-10T01:22:10.558902Z","level":"info","event":"2022-03-01 18시: 4001~4607 완료 (40396개 누적)","logger":"task.stdout"}
{"timestamp":"2025-11-10T01:22:11.903935Z","level":"info","event":"2022-03-01 19시: 1~1000 완료 (41396개 누적)","logger":"task.stdout"}
{"timestamp":"2025-11-10T01:22:12.591497Z","level":"info","event":"2022-03-01 19시: 1001~2000 완료 (42396개 누적)","logger":"task.stdout"}
{"timestamp":"2025-11-10T01:22:13.372124Z","level":"info","event":"2022-03-01 19시: 2001~3000 완료 (43396개 누적)","logger":"task.stdout"}
{"timestamp":"2025-11-10T01:22:14.006592Z","level":"info","event":"2022-03-01 19시: 3001~3455 완료 (43851개 누적)","logger":"task.stdout"}
{"timestamp":"2025-11-10T01:22:15.167016Z","level":"info","event":"2022-03-01 20시: 1~1000 완료 (44851개 누적)","logger":"task.stdout"}
{"timestamp":"2025-11-10T01:22:15.914743Z","level":"info","event":"2022-03-01 20시: 1001~2000 완료 (45851개 누적)","logger":"task.stdout"}
{"timestamp":"2025-11-10T01:22:16.572358Z","level":"info","event":"2022-03-01 20시: 2001~2807 완료 (46658개 누적)","logger":"task.stdout"}
{"timestamp":"2025-11-10T01:22:17.686291Z","level":"info","event":"2022-03-01 21시: 1~1000 완료 (47658개 누적)","logger":"task.stdout"}
{"timestamp":"2025-11-10T01:22:18.419341Z","level":"info","event":"2022-03-01 21시: 1001~2000 완료 (48658개 누적)","logger":"task.stdout"}
{"timestamp":"2025-11-10T01:22:19.126603Z","level":"info","event":"2022-03-01 21시: 2001~2406 완료 (49064개 누적)","logger":"task.stdout"}
{"timestamp":"2025-11-10T01:22:20.419381Z","level":"info","event":"2022-03-01 22시: 1~1000 완료 (50064개 누적)","logger":"task.stdout"}
{"timestamp":"2025-11-10T01:22:21.077196Z","level":"info","event":"2022-03-01 22시: 1001~1972 완료 (51036개 누적)","logger":"task.stdout"}
{"timestamp":"2025-11-10T01:22:22.126768Z","level":"info","event":"2022-03-01 23시: 1~1000 완료 (52036개 누적)","logger":"task.stdout"}
{"timestamp":"2025-11-10T01:22:22.596596Z","level":"info","event":"2022-03-01 23시: 1001~1081 완료 (52117개 누적)","logger":"task.stdout"}
{"timestamp":"2025-11-10T01:22:24.393862Z","level":"info","event":"2022-03-02 00시: 1~677 완료 (52794개 누적)","logger":"task.stdout"}
{"timestamp":"2025-11-10T01:22:25.633675Z","level":"info","event":"2022-03-02 01시: 1~495 완료 (53289개 누적)","logger":"task.stdout"}
{"timestamp":"2025-11-10T01:22:27.202150Z","level":"info","event":"2022-03-02 02시: 1~300 완료 (53589개 누적)","logger":"task.stdout"}
{"timestamp":"2025-11-10T01:22:28.590716Z","level":"info","event":"2022-03-02 03시: 1~187 완료 (53776개 누적)","logger":"task.stdout"}
{"timestamp":"2025-11-10T01:22:29.800593Z","level":"info","event":"2022-03-02 04시: 1~263 완료 (54039개 누적)","logger":"task.stdout"}
{"timestamp":"2025-11-10T01:22:30.911738Z","level":"info","event":"2022-03-02 05시: 1~593 완료 (54632개 누적)","logger":"task.stdout"}
{"timestamp":"2025-11-10T01:22:32.234352Z","level":"info","event":"2022-03-02 06시: 1~1000 완료 (55632개 누적)","logger":"task.stdout"}
{"timestamp":"2025-11-10T01:22:32.962135Z","level":"info","event":"2022-03-02 06시: 1001~1309 완료 (55941개 누적)","logger":"task.stdout"}
{"timestamp":"2025-11-10T01:22:34.395213Z","level":"info","event":"2022-03-02 07시: 1~1000 완료 (56941개 누적)","logger":"task.stdout"}
{"timestamp":"2025-11-10T01:22:35.214727Z","level":"info","event":"2022-03-02 07시: 1001~2000 완료 (57941개 누적)","logger":"task.stdout"}
{"timestamp":"2025-11-10T01:22:36.114880Z","level":"info","event":"2022-03-02 07시: 2001~3000 완료 (58941개 누적)","logger":"task.stdout"}
{"timestamp":"2025-11-10T01:22:36.964991Z","level":"info","event":"2022-03-02 07시: 3001~3597 완료 (59538개 누적)","logger":"task.stdout"}
{"timestamp":"2025-11-10T01:22:38.751522Z","level":"info","event":"2022-03-02 08시: 1~1000 완료 (60538개 누적)","logger":"task.stdout"}
{"timestamp":"2025-11-10T01:22:39.768381Z","level":"info","event":"2022-03-02 08시: 1001~2000 완료 (61538개 누적)","logger":"task.stdout"}
{"timestamp":"2025-11-10T01:22:40.696032Z","level":"info","event":"2022-03-02 08시: 2001~3000 완료 (62538개 누적)","logger":"task.stdout"}
{"timestamp":"2025-11-10T01:22:41.698318Z","level":"info","event":"2022-03-02 08시: 3001~4000 완료 (63538개 누적)","logger":"task.stdout"}
{"timestamp":"2025-11-10T01:22:42.743769Z","level":"info","event":"2022-03-02 08시: 4001~5000 완료 (64538개 누적)","logger":"task.stdout"}
{"timestamp":"2025-11-10T01:22:43.820200Z","level":"info","event":"2022-03-02 08시: 5001~6000 완료 (65538개 누적)","logger":"task.stdout"}
{"timestamp":"2025-11-10T01:22:44.684363Z","level":"info","event":"2022-03-02 08시: 6001~6333 완료 (65871개 누적)","logger":"task.stdout"}
{"timestamp":"2025-11-10T01:22:46.137501Z","level":"info","event":"2022-03-02 09시: 1~1000 완료 (66871개 누적)","logger":"task.stdout"}
{"timestamp":"2025-11-10T01:22:46.965941Z","level":"info","event":"2022-03-02 09시: 1001~2000 완료 (67871개 누적)","logger":"task.stdout"}
{"timestamp":"2025-11-10T01:22:47.813603Z","level":"info","event":"2022-03-02 09시: 2001~3000 완료 (68871개 누적)","logger":"task.stdout"}
{"timestamp":"2025-11-10T01:22:48.561727Z","level":"info","event":"2022-03-02 09시: 3001~3412 완료 (69283개 누적)","logger":"task.stdout"}
{"timestamp":"2025-11-10T01:22:49.894917Z","level":"info","event":"2022-03-02 10시: 1~1000 완료 (70283개 누적)","logger":"task.stdout"}
{"timestamp":"2025-11-10T01:22:50.664272Z","level":"info","event":"2022-03-02 10시: 1001~2000 완료 (71283개 누적)","logger":"task.stdout"}
{"timestamp":"2025-11-10T01:22:51.366151Z","level":"info","event":"2022-03-02 10시: 2001~2703 완료 (71986개 누적)","logger":"task.stdout"}
{"timestamp":"2025-11-10T01:22:52.739629Z","level":"info","event":"2022-03-02 11시: 1~1000 완료 (72986개 누적)","logger":"task.stdout"}
{"timestamp":"2025-11-10T01:22:53.633037Z","level":"info","event":"2022-03-02 11시: 1001~2000 완료 (73986개 누적)","logger":"task.stdout"}
{"timestamp":"2025-11-10T01:22:54.511386Z","level":"info","event":"2022-03-02 11시: 2001~3000 완료 (74986개 누적)","logger":"task.stdout"}
{"timestamp":"2025-11-10T01:22:55.197711Z","level":"info","event":"2022-03-02 11시: 3001~3133 완료 (75119개 누적)","logger":"task.stdout"}
{"timestamp":"2025-11-10T01:22:56.703783Z","level":"info","event":"2022-03-02 12시: 1~1000 완료 (76119개 누적)","logger":"task.stdout"}
{"timestamp":"2025-11-10T01:22:57.588096Z","level":"info","event":"2022-03-02 12시: 1001~2000 완료 (77119개 누적)","logger":"task.stdout"}
{"timestamp":"2025-11-10T01:22:58.442817Z","level":"info","event":"2022-03-02 12시: 2001~3000 완료 (78119개 누적)","logger":"task.stdout"}
{"timestamp":"2025-11-10T01:22:59.238079Z","level":"info","event":"2022-03-02 12시: 3001~3671 완료 (78790개 누적)","logger":"task.stdout"}
{"timestamp":"2025-11-10T01:23:00.643187Z","level":"info","event":"2022-03-02 13시: 1~1000 완료 (79790개 누적)","logger":"task.stdout"}
{"timestamp":"2025-11-10T01:23:01.487051Z","level":"info","event":"2022-03-02 13시: 1001~2000 완료 (80790개 누적)","logger":"task.stdout"}
{"timestamp":"2025-11-10T01:23:02.328175Z","level":"info","event":"2022-03-02 13시: 2001~3000 완료 (81790개 누적)","logger":"task.stdout"}
{"timestamp":"2025-11-10T01:23:03.179549Z","level":"info","event":"2022-03-02 13시: 3001~3574 완료 (82364개 누적)","logger":"task.stdout"}
{"timestamp":"2025-11-10T01:23:04.631644Z","level":"info","event":"2022-03-02 14시: 1~1000 완료 (83364개 누적)","logger":"task.stdout"}
{"timestamp":"2025-11-10T01:23:05.487964Z","level":"info","event":"2022-03-02 14시: 1001~2000 완료 (84364개 누적)","logger":"task.stdout"}
{"timestamp":"2025-11-10T01:23:06.362851Z","level":"info","event":"2022-03-02 14시: 2001~3000 완료 (85364개 누적)","logger":"task.stdout"}
{"timestamp":"2025-11-10T01:23:07.069603Z","level":"info","event":"2022-03-02 14시: 3001~3570 완료 (85934개 누적)","logger":"task.stdout"}
{"timestamp":"2025-11-10T01:23:08.632433Z","level":"info","event":"2022-03-02 15시: 1~1000 완료 (86934개 누적)","logger":"task.stdout"}
{"timestamp":"2025-11-10T01:23:09.495716Z","level":"info","event":"2022-03-02 15시: 1001~2000 완료 (87934개 누적)","logger":"task.stdout"}
{"timestamp":"2025-11-10T01:23:10.400890Z","level":"info","event":"2022-03-02 15시: 2001~3000 완료 (88934개 누적)","logger":"task.stdout"}
{"timestamp":"2025-11-10T01:23:11.379293Z","level":"info","event":"2022-03-02 15시: 3001~3988 완료 (89922개 누적)","logger":"task.stdout"}
{"timestamp":"2025-11-10T01:23:12.921128Z","level":"info","event":"2022-03-02 16시: 1~1000 완료 (90922개 누적)","logger":"task.stdout"}
