{"timestamp":"2025-11-10T01:25:57.087580Z","level":"info","event":"DAG bundles loaded: dags-folder","logger":"airflow.dag_processing.bundles.manager.DagBundlesManager","filename":"manager.py","lineno":179}
{"timestamp":"2025-11-10T01:25:57.088559Z","level":"info","event":"Filling up the DagBag from /opt/airflow/dags/seoul_bike_rent_2022.py","logger":"airflow.models.dagbag.DagBag","filename":"dagbag.py","lineno":593}
{"timestamp":"2025-11-10T01:25:57.140432Z","level":"warning","event":"The `airflow.operators.python.PythonOperator` attribute is deprecated. Please use `'airflow.providers.standard.operators.python.PythonOperator'`.","category":"DeprecatedImportWarning","filename":"/opt/airflow/dags/seoul_bike_rent_2022.py","lineno":2,"logger":"py.warnings"}
{"timestamp":"2025-11-10T01:25:57.244790Z","level":"info","event":"Found credentials in environment variables.","logger":"botocore.credentials","filename":"credentials.py","lineno":1224}
{"timestamp":"2025-11-10T01:25:57.638503Z","level":"info","event":"유효한 정거장 3202개 로드","logger":"task.stdout"}
{"timestamp":"2025-11-10T01:25:59.652586Z","level":"info","event":"2022-12-01 00시: 1~1000 완료 (1000개 누적)","logger":"task.stdout"}
{"timestamp":"2025-11-10T01:26:00.363390Z","level":"info","event":"2022-12-01 00시: 1001~1280 완료 (1280개 누적)","logger":"task.stdout"}
{"timestamp":"2025-11-10T01:26:00.523079Z","level":"info","event":"2022-12-01 01시: 응답 없음","logger":"task.stdout"}
{"timestamp":"2025-11-10T01:26:01.768589Z","level":"info","event":"2022-12-01 02시: 1~615 완료 (1895개 누적)","logger":"task.stdout"}
{"timestamp":"2025-11-10T01:26:02.929209Z","level":"info","event":"2022-12-01 03시: 1~413 완료 (2308개 누적)","logger":"task.stdout"}
{"timestamp":"2025-11-10T01:26:03.099423Z","level":"info","event":"2022-12-01 04시: 응답 없음","logger":"task.stdout"}
{"timestamp":"2025-11-10T01:26:03.170405Z","level":"info","event":"2022-12-01 05시: 응답 없음","logger":"task.stdout"}
{"timestamp":"2025-11-10T01:26:04.440664Z","level":"info","event":"2022-12-01 06시: 1~1000 완료 (3308개 누적)","logger":"task.stdout"}
{"timestamp":"2025-11-10T01:26:05.213336Z","level":"info","event":"2022-12-01 06시: 1001~1766 완료 (4074개 누적)","logger":"task.stdout"}
{"timestamp":"2025-11-10T01:26:06.758455Z","level":"info","event":"2022-12-01 07시: 1~1000 완료 (5074개 누적)","logger":"task.stdout"}
{"timestamp":"2025-11-10T01:26:07.586418Z","level":"info","event":"2022-12-01 07시: 1001~2000 완료 (6074개 누적)","logger":"task.stdout"}
{"timestamp":"2025-11-10T01:26:08.445338Z","level":"info","event":"2022-12-01 07시: 2001~3000 완료 (7074개 누적)","logger":"task.stdout"}
{"timestamp":"2025-11-10T01:26:09.304363Z","level":"info","event":"2022-12-01 07시: 3001~4000 완료 (8074개 누적)","logger":"task.stdout"}
{"timestamp":"2025-11-10T01:26:10.189921Z","level":"info","event":"2022-12-01 07시: 4001~4882 완료 (8956개 누적)","logger":"task.stdout"}
{"timestamp":"2025-11-10T01:26:12.055562Z","level":"info","event":"2022-12-01 08시: 1~1000 완료 (9956개 누적)","logger":"task.stdout"}
{"timestamp":"2025-11-10T01:26:13.052928Z","level":"info","event":"2022-12-01 08시: 1001~2000 완료 (10956개 누적)","logger":"task.stdout"}
{"timestamp":"2025-11-10T01:26:14.087689Z","level":"info","event":"2022-12-01 08시: 2001~3000 완료 (11956개 누적)","logger":"task.stdout"}
{"timestamp":"2025-11-10T01:26:15.112022Z","level":"info","event":"2022-12-01 08시: 3001~4000 완료 (12956개 누적)","logger":"task.stdout"}
{"timestamp":"2025-11-10T01:26:16.361115Z","level":"info","event":"2022-12-01 08시: 5001~6000 완료 (13956개 누적)","logger":"task.stdout"}
{"timestamp":"2025-11-10T01:26:17.459736Z","level":"info","event":"2022-12-01 08시: 6001~7000 완료 (14956개 누적)","logger":"task.stdout"}
{"timestamp":"2025-11-10T01:26:18.474217Z","level":"info","event":"2022-12-01 08시: 7001~8000 완료 (15956개 누적)","logger":"task.stdout"}
{"timestamp":"2025-11-10T01:26:19.466187Z","level":"info","event":"2022-12-01 08시: 8001~8848 완료 (16804개 누적)","logger":"task.stdout"}
{"timestamp":"2025-11-10T01:26:20.973284Z","level":"info","event":"2022-12-01 09시: 1~1000 완료 (17804개 누적)","logger":"task.stdout"}
{"timestamp":"2025-11-10T01:26:21.846624Z","level":"info","event":"2022-12-01 09시: 1001~2000 완료 (18804개 누적)","logger":"task.stdout"}
{"timestamp":"2025-11-10T01:26:22.967958Z","level":"info","event":"2022-12-01 09시: 2001~3000 완료 (19804개 누적)","logger":"task.stdout"}
{"timestamp":"2025-11-10T01:26:23.951234Z","level":"info","event":"2022-12-01 09시: 3001~4000 완료 (20804개 누적)","logger":"task.stdout"}
{"timestamp":"2025-11-10T01:26:24.736261Z","level":"info","event":"2022-12-01 09시: 4001~4304 완료 (21108개 누적)","logger":"task.stdout"}
{"timestamp":"2025-11-10T01:26:26.131947Z","level":"info","event":"2022-12-01 10시: 1~1000 완료 (22108개 누적)","logger":"task.stdout"}
{"timestamp":"2025-11-10T01:26:26.941735Z","level":"info","event":"2022-12-01 10시: 1001~2000 완료 (23108개 누적)","logger":"task.stdout"}
{"timestamp":"2025-11-10T01:26:27.721445Z","level":"info","event":"2022-12-01 10시: 2001~2675 완료 (23783개 누적)","logger":"task.stdout"}
{"timestamp":"2025-11-10T01:26:29.194638Z","level":"info","event":"2022-12-01 11시: 1~1000 완료 (24783개 누적)","logger":"task.stdout"}
{"timestamp":"2025-11-10T01:26:30.019884Z","level":"info","event":"2022-12-01 11시: 1001~2000 완료 (25783개 누적)","logger":"task.stdout"}
{"timestamp":"2025-11-10T01:26:30.804684Z","level":"info","event":"2022-12-01 11시: 2001~2847 완료 (26630개 누적)","logger":"task.stdout"}
{"timestamp":"2025-11-10T01:26:32.289613Z","level":"info","event":"2022-12-01 12시: 1~1000 완료 (27630개 누적)","logger":"task.stdout"}
{"timestamp":"2025-11-10T01:26:33.191501Z","level":"info","event":"2022-12-01 12시: 1001~2000 완료 (28630개 누적)","logger":"task.stdout"}
{"timestamp":"2025-11-10T01:26:34.074103Z","level":"info","event":"2022-12-01 12시: 2001~3000 완료 (29630개 누적)","logger":"task.stdout"}
{"timestamp":"2025-11-10T01:26:34.811176Z","level":"info","event":"2022-12-01 12시: 3001~3183 완료 (29813개 누적)","logger":"task.stdout"}
{"timestamp":"2025-11-10T01:26:36.292374Z","level":"info","event":"2022-12-01 13시: 1~1000 완료 (30813개 누적)","logger":"task.stdout"}
{"timestamp":"2025-11-10T01:26:37.167975Z","level":"info","event":"2022-12-01 13시: 1001~2000 완료 (31813개 누적)","logger":"task.stdout"}
{"timestamp":"2025-11-10T01:26:38.228030Z","level":"info","event":"2022-12-01 13시: 2001~3000 완료 (32813개 누적)","logger":"task.stdout"}
{"timestamp":"2025-11-10T01:26:38.896986Z","level":"info","event":"2022-12-01 13시: 3001~3057 완료 (32870개 누적)","logger":"task.stdout"}
{"timestamp":"2025-11-10T01:26:40.467014Z","level":"info","event":"2022-12-01 14시: 1~1000 완료 (33870개 누적)","logger":"task.stdout"}
{"timestamp":"2025-11-10T01:26:41.338947Z","level":"info","event":"2022-12-01 14시: 1001~2000 완료 (34870개 누적)","logger":"task.stdout"}
{"timestamp":"2025-11-10T01:26:42.166537Z","level":"info","event":"2022-12-01 14시: 2001~3000 완료 (35870개 누적)","logger":"task.stdout"}
{"timestamp":"2025-11-10T01:26:42.830124Z","level":"info","event":"2022-12-01 14시: 3001~3075 완료 (35945개 누적)","logger":"task.stdout"}
{"timestamp":"2025-11-10T01:26:44.264254Z","level":"info","event":"2022-12-01 15시: 1~1000 완료 (36945개 누적)","logger":"task.stdout"}
{"timestamp":"2025-11-10T01:26:45.184864Z","level":"info","event":"2022-12-01 15시: 1001~2000 완료 (37945개 누적)","logger":"task.stdout"}
{"timestamp":"2025-11-10T01:26:46.010883Z","level":"info","event":"2022-12-01 15시: 2001~3000 완료 (38945개 누적)","logger":"task.stdout"}
{"timestamp":"2025-11-10T01:26:46.750606Z","level":"info","event":"2022-12-01 15시: 3001~3326 완료 (39271개 누적)","logger":"task.stdout"}
{"timestamp":"2025-11-10T01:26:48.269627Z","level":"info","event":"2022-12-01 16시: 1~1000 완료 (40271개 누적)","logger":"task.stdout"}
{"timestamp":"2025-11-10T01:26:49.090649Z","level":"info","event":"2022-12-01 16시: 1001~2000 완료 (41271개 누적)","logger":"task.stdout"}
{"timestamp":"2025-11-10T01:26:50.038173Z","level":"info","event":"2022-12-01 16시: 2001~3000 완료 (42271개 누적)","logger":"task.stdout"}
{"timestamp":"2025-11-10T01:26:50.974909Z","level":"info","event":"2022-12-01 16시: 3001~4000 완료 (43271개 누적)","logger":"task.stdout"}
{"timestamp":"2025-11-10T01:26:51.833272Z","level":"info","event":"2022-12-01 16시: 4001~4712 완료 (43983개 누적)","logger":"task.stdout"}
{"timestamp":"2025-11-10T01:26:53.425504Z","level":"info","event":"2022-12-01 17시: 1~1000 완료 (44983개 누적)","logger":"task.stdout"}
{"timestamp":"2025-11-10T01:26:54.437619Z","level":"info","event":"2022-12-01 17시: 1001~2000 완료 (45983개 누적)","logger":"task.stdout"}
{"timestamp":"2025-11-10T01:26:55.406249Z","level":"info","event":"2022-12-01 17시: 2001~3000 완료 (46983개 누적)","logger":"task.stdout"}
{"timestamp":"2025-11-10T01:26:56.410379Z","level":"info","event":"2022-12-01 17시: 3001~4000 완료 (47983개 누적)","logger":"task.stdout"}
{"timestamp":"2025-11-10T01:26:57.342217Z","level":"info","event":"2022-12-01 17시: 4001~5000 완료 (48983개 누적)","logger":"task.stdout"}
{"timestamp":"2025-11-10T01:26:58.459247Z","level":"info","event":"2022-12-01 17시: 5001~6000 완료 (49983개 누적)","logger":"task.stdout"}
{"timestamp":"2025-11-10T01:26:59.229294Z","level":"info","event":"2022-12-01 17시: 6001~6033 완료 (50016개 누적)","logger":"task.stdout"}
{"timestamp":"2025-11-10T01:27:01.023209Z","level":"info","event":"2022-12-01 18시: 1~1000 완료 (51016개 누적)","logger":"task.stdout"}
{"timestamp":"2025-11-10T01:27:02.070275Z","level":"info","event":"2022-12-01 18시: 1001~2000 완료 (52016개 누적)","logger":"task.stdout"}
{"timestamp":"2025-11-10T01:27:03.061139Z","level":"info","event":"2022-12-01 18시: 2001~3000 완료 (53016개 누적)","logger":"task.stdout"}
{"timestamp":"2025-11-10T01:27:04.086086Z","level":"info","event":"2022-12-01 18시: 3001~4000 완료 (54016개 누적)","logger":"task.stdout"}
{"timestamp":"2025-11-10T01:27:05.050717Z","level":"info","event":"2022-12-01 18시: 4001~5000 완료 (55016개 누적)","logger":"task.stdout"}
{"timestamp":"2025-11-10T01:27:06.052696Z","level":"info","event":"2022-12-01 18시: 5001~6000 완료 (56016개 누적)","logger":"task.stdout"}
{"timestamp":"2025-11-10T01:27:07.061658Z","level":"info","event":"2022-12-01 18시: 6001~7000 완료 (57016개 누적)","logger":"task.stdout"}
{"timestamp":"2025-11-10T01:27:08.042782Z","level":"info","event":"2022-12-01 18시: 7001~8000 완료 (58016개 누적)","logger":"task.stdout"}
{"timestamp":"2025-11-10T01:27:08.956795Z","level":"info","event":"2022-12-01 18시: 8001~8069 완료 (58085개 누적)","logger":"task.stdout"}
{"timestamp":"2025-11-10T01:27:10.514742Z","level":"info","event":"2022-12-01 19시: 1~1000 완료 (59085개 누적)","logger":"task.stdout"}
{"timestamp":"2025-11-10T01:27:11.444287Z","level":"info","event":"2022-12-01 19시: 1001~2000 완료 (60085개 누적)","logger":"task.stdout"}
{"timestamp":"2025-11-10T01:27:12.403489Z","level":"info","event":"2022-12-01 19시: 2001~3000 완료 (61085개 누적)","logger":"task.stdout"}
{"timestamp":"2025-11-10T01:27:13.310055Z","level":"info","event":"2022-12-01 19시: 3001~4000 완료 (62085개 누적)","logger":"task.stdout"}
{"timestamp":"2025-11-10T01:27:14.180637Z","level":"info","event":"2022-12-01 19시: 4001~4890 완료 (62975개 누적)","logger":"task.stdout"}
{"timestamp":"2025-11-10T01:27:15.617350Z","level":"info","event":"2022-12-01 20시: 1~1000 완료 (63975개 누적)","logger":"task.stdout"}
{"timestamp":"2025-11-10T01:27:16.419281Z","level":"info","event":"2022-12-01 20시: 1001~2000 완료 (64975개 누적)","logger":"task.stdout"}
{"timestamp":"2025-11-10T01:27:17.212508Z","level":"info","event":"2022-12-01 20시: 2001~3000 완료 (65975개 누적)","logger":"task.stdout"}
{"timestamp":"2025-11-10T01:27:18.320538Z","level":"info","event":"2022-12-01 20시: 3001~3498 완료 (66473개 누적)","logger":"task.stdout"}
{"timestamp":"2025-11-10T01:27:19.751182Z","level":"info","event":"2022-12-01 21시: 1~1000 완료 (67473개 누적)","logger":"task.stdout"}
{"timestamp":"2025-11-10T01:27:20.542933Z","level":"info","event":"2022-12-01 21시: 1001~2000 완료 (68473개 누적)","logger":"task.stdout"}
{"timestamp":"2025-11-10T01:27:21.372627Z","level":"info","event":"2022-12-01 21시: 2001~3000 완료 (69473개 누적)","logger":"task.stdout"}
{"timestamp":"2025-11-10T01:27:22.101190Z","level":"info","event":"2022-12-01 21시: 3001~3221 완료 (69694개 누적)","logger":"task.stdout"}
{"timestamp":"2025-11-10T01:27:23.487958Z","level":"info","event":"2022-12-01 22시: 1~1000 완료 (70694개 누적)","logger":"task.stdout"}
{"timestamp":"2025-11-10T01:27:24.359740Z","level":"info","event":"2022-12-01 22시: 1001~2000 완료 (71694개 누적)","logger":"task.stdout"}
{"timestamp":"2025-11-10T01:27:25.230760Z","level":"info","event":"2022-12-01 22시: 2001~2914 완료 (72608개 누적)","logger":"task.stdout"}
{"timestamp":"2025-11-10T01:27:26.521192Z","level":"info","event":"2022-12-01 23시: 1~1000 완료 (73608개 누적)","logger":"task.stdout"}
{"timestamp":"2025-11-10T01:27:27.352046Z","level":"info","event":"2022-12-01 23시: 1001~1824 완료 (74432개 누적)","logger":"task.stdout"}
{"timestamp":"2025-11-10T01:27:28.941188Z","level":"info","event":"2022-12-02 00시: 1~1000 완료 (75432개 누적)","logger":"task.stdout"}
{"timestamp":"2025-11-10T01:27:29.705726Z","level":"info","event":"2022-12-02 00시: 1001~1435 완료 (75867개 누적)","logger":"task.stdout"}
{"timestamp":"2025-11-10T01:27:31.073975Z","level":"info","event":"2022-12-02 01시: 1~1000 완료 (76867개 누적)","logger":"task.stdout"}
{"timestamp":"2025-11-10T01:27:32.272691Z","level":"info","event":"2022-12-02 01시: 1001~1115 완료 (76982개 누적)","logger":"task.stdout"}
{"timestamp":"2025-11-10T01:27:33.496988Z","level":"info","event":"2022-12-02 02시: 1~771 완료 (77753개 누적)","logger":"task.stdout"}
{"timestamp":"2025-11-10T01:27:34.786154Z","level":"info","event":"2022-12-02 03시: 1~441 완료 (78194개 누적)","logger":"task.stdout"}
{"timestamp":"2025-11-10T01:27:36.056920Z","level":"info","event":"2022-12-02 04시: 1~360 완료 (78554개 누적)","logger":"task.stdout"}
{"timestamp":"2025-11-10T01:27:37.395081Z","level":"info","event":"2022-12-02 05시: 1~824 완료 (79378개 누적)","logger":"task.stdout"}
{"timestamp":"2025-11-10T01:27:38.820673Z","level":"info","event":"2022-12-02 06시: 1~1000 완료 (80378개 누적)","logger":"task.stdout"}
{"timestamp":"2025-11-10T01:27:39.636062Z","level":"info","event":"2022-12-02 06시: 1001~1844 완료 (81222개 누적)","logger":"task.stdout"}
{"timestamp":"2025-11-10T01:27:41.234091Z","level":"info","event":"2022-12-02 07시: 1~1000 완료 (82222개 누적)","logger":"task.stdout"}
{"timestamp":"2025-11-10T01:27:42.214111Z","level":"info","event":"2022-12-02 07시: 1001~2000 완료 (83222개 누적)","logger":"task.stdout"}
{"timestamp":"2025-11-10T01:27:43.208883Z","level":"info","event":"2022-12-02 07시: 2001~3000 완료 (84222개 누적)","logger":"task.stdout"}
{"timestamp":"2025-11-10T01:27:44.154957Z","level":"info","event":"2022-12-02 07시: 3001~4000 완료 (85222개 누적)","logger":"task.stdout"}
{"timestamp":"2025-11-10T01:27:45.048112Z","level":"info","event":"2022-12-02 07시: 4001~4735 완료 (85957개 누적)","logger":"task.stdout"}
{"timestamp":"2025-11-10T01:27:46.939909Z","level":"info","event":"2022-12-02 08시: 1~1000 완료 (86957개 누적)","logger":"task.stdout"}
{"timestamp":"2025-11-10T01:27:48.037156Z","level":"info","event":"2022-12-02 08시: 1001~2000 완료 (87957개 누적)","logger":"task.stdout"}
{"timestamp":"2025-11-10T01:27:49.146901Z","level":"info","event":"2022-12-02 08시: 2001~3000 완료 (88957개 누적)","logger":"task.stdout"}
{"timestamp":"2025-11-10T01:27:50.217174Z","level":"info","event":"2022-12-02 08시: 3001~4000 완료 (89957개 누적)","logger":"task.stdout"}
{"timestamp":"2025-11-10T01:27:51.320416Z","level":"info","event":"2022-12-02 08시: 4001~5000 완료 (90957개 누적)","logger":"task.stdout"}
{"timestamp":"2025-11-10T01:27:52.421057Z","level":"info","event":"2022-12-02 08시: 5001~6000 완료 (91957개 누적)","logger":"task.stdout"}
{"timestamp":"2025-11-10T01:27:53.406757Z","level":"info","event":"2022-12-02 08시: 6001~7000 완료 (92957개 누적)","logger":"task.stdout"}
{"timestamp":"2025-11-10T01:27:54.465983Z","level":"info","event":"2022-12-02 08시: 7001~8000 완료 (93957개 누적)","logger":"task.stdout"}
{"timestamp":"2025-11-10T01:27:55.520841Z","level":"info","event":"2022-12-02 08시: 8001~8883 완료 (94840개 누적)","logger":"task.stdout"}
{"timestamp":"2025-11-10T01:27:57.136738Z","level":"info","event":"2022-12-02 09시: 1~1000 완료 (95840개 누적)","logger":"task.stdout"}
{"timestamp":"2025-11-10T01:27:58.339041Z","level":"info","event":"2022-12-02 09시: 2001~3000 완료 (96840개 누적)","logger":"task.stdout"}
{"timestamp":"2025-11-10T01:27:59.179538Z","level":"info","event":"2022-12-02 09시: 3001~4000 완료 (97840개 누적)","logger":"task.stdout"}
{"timestamp":"2025-11-10T01:28:00.017225Z","level":"info","event":"2022-12-02 09시: 4001~4335 완료 (98175개 누적)","logger":"task.stdout"}
{"timestamp":"2025-11-10T01:28:01.390264Z","level":"info","event":"2022-12-02 10시: 1~1000 완료 (99175개 누적)","logger":"task.stdout"}
{"timestamp":"2025-11-10T01:28:02.287342Z","level":"info","event":"2022-12-02 10시: 1001~2000 완료 (100175개 누적)","logger":"task.stdout"}
{"timestamp":"2025-11-10T01:28:03.099004Z","level":"info","event":"2022-12-02 10시: 2001~2866 완료 (101041개 누적)","logger":"task.stdout"}
{"timestamp":"2025-11-10T01:28:04.579930Z","level":"info","event":"2022-12-02 11시: 1~1000 완료 (102041개 누적)","logger":"task.stdout"}
{"timestamp":"2025-11-10T01:28:05.475323Z","level":"info","event":"2022-12-02 11시: 1001~2000 완료 (103041개 누적)","logger":"task.stdout"}
{"timestamp":"2025-11-10T01:28:06.395390Z","level":"info","event":"2022-12-02 11시: 2001~3000 완료 (104041개 누적)","logger":"task.stdout"}
{"timestamp":"2025-11-10T01:28:07.118577Z","level":"info","event":"2022-12-02 11시: 3001~3308 완료 (104349개 누적)","logger":"task.stdout"}
{"timestamp":"2025-11-10T01:28:08.781774Z","level":"info","event":"2022-12-02 12시: 1~1000 완료 (105349개 누적)","logger":"task.stdout"}
{"timestamp":"2025-11-10T01:28:09.697610Z","level":"info","event":"2022-12-02 12시: 1001~2000 완료 (106349개 누적)","logger":"task.stdout"}
{"timestamp":"2025-11-10T01:28:10.623710Z","level":"info","event":"2022-12-02 12시: 2001~3000 완료 (107349개 누적)","logger":"task.stdout"}
{"timestamp":"2025-11-10T01:28:11.575813Z","level":"info","event":"2022-12-02 12시: 3001~3687 완료 (108036개 누적)","logger":"task.stdout"}
{"timestamp":"2025-11-10T01:28:13.122017Z","level":"info","event":"2022-12-02 13시: 1~1000 완료 (109036개 누적)","logger":"task.stdout"}
{"timestamp":"2025-11-10T01:28:14.033505Z","level":"info","event":"2022-12-02 13시: 1001~2000 완료 (110036개 누적)","logger":"task.stdout"}
{"timestamp":"2025-11-10T01:28:14.893086Z","level":"info","event":"2022-12-02 13시: 2001~3000 완료 (111036개 누적)","logger":"task.stdout"}
{"timestamp":"2025-11-10T01:28:15.741069Z","level":"info","event":"2022-12-02 13시: 3001~3549 완료 (111585개 누적)","logger":"task.stdout"}
{"timestamp":"2025-11-10T01:28:17.290666Z","level":"info","event":"2022-12-02 14시: 1~1000 완료 (112585개 누적)","logger":"task.stdout"}
{"timestamp":"2025-11-10T01:28:18.317243Z","level":"info","event":"2022-12-02 14시: 1001~2000 완료 (113585개 누적)","logger":"task.stdout"}
{"timestamp":"2025-11-10T01:28:19.268093Z","level":"info","event":"2022-12-02 14시: 2001~3000 완료 (114585개 누적)","logger":"task.stdout"}
{"timestamp":"2025-11-10T01:28:20.133468Z","level":"info","event":"2022-12-02 14시: 3001~3758 완료 (115343개 누적)","logger":"task.stdout"}
{"timestamp":"2025-11-10T01:28:21.726661Z","level":"info","event":"2022-12-02 15시: 1~1000 완료 (116343개 누적)","logger":"task.stdout"}
{"timestamp":"2025-11-10T01:28:22.654599Z","level":"info","event":"2022-12-02 15시: 1001~2000 완료 (117343개 누적)","logger":"task.stdout"}
{"timestamp":"2025-11-10T01:28:23.564660Z","level":"info","event":"2022-12-02 15시: 2001~3000 완료 (118343개 누적)","logger":"task.stdout"}
{"timestamp":"2025-11-10T01:28:24.521853Z","level":"info","event":"2022-12-02 15시: 3001~4000 완료 (119343개 누적)","logger":"task.stdout"}
{"timestamp":"2025-11-10T01:28:25.420090Z","level":"info","event":"2022-12-02 15시: 4001~4491 완료 (119834개 누적)","logger":"task.stdout"}
{"timestamp":"2025-11-10T01:28:27.079729Z","level":"info","event":"2022-12-02 16시: 1~1000 완료 (120834개 누적)","logger":"task.stdout"}
{"timestamp":"2025-11-10T01:28:28.069051Z","level":"info","event":"2022-12-02 16시: 1001~2000 완료 (121834개 누적)","logger":"task.stdout"}
{"timestamp":"2025-11-10T01:28:29.015370Z","level":"info","event":"2022-12-02 16시: 2001~3000 완료 (122834개 누적)","logger":"task.stdout"}
{"timestamp":"2025-11-10T01:28:29.950099Z","level":"info","event":"2022-12-02 16시: 3001~4000 완료 (123834개 누적)","logger":"task.stdout"}
{"timestamp":"2025-11-10T01:28:30.912681Z","level":"info","event":"2022-12-02 16시: 4001~5000 완료 (124834개 누적)","logger":"task.stdout"}
{"timestamp":"2025-11-10T01:28:31.792311Z","level":"info","event":"2022-12-02 16시: 5001~5400 완료 (125234개 누적)","logger":"task.stdout"}
{"timestamp":"2025-11-10T01:28:33.551291Z","level":"info","event":"2022-12-02 17시: 1~1000 완료 (126234개 누적)","logger":"task.stdout"}
{"timestamp":"2025-11-10T01:28:34.591688Z","level":"info","event":"2022-12-02 17시: 1001~2000 완료 (127234개 누적)","logger":"task.stdout"}
{"timestamp":"2025-11-10T01:28:35.537570Z","level":"info","event":"2022-12-02 17시: 2001~3000 완료 (128234개 누적)","logger":"task.stdout"}
{"timestamp":"2025-11-10T01:28:36.502010Z","level":"info","event":"2022-12-02 17시: 3001~4000 완료 (129234개 누적)","logger":"task.stdout"}
{"timestamp":"2025-11-10T01:28:37.476764Z","level":"info","event":"2022-12-02 17시: 4001~5000 완료 (130234개 누적)","logger":"task.stdout"}
{"timestamp":"2025-11-10T01:28:38.534809Z","level":"info","event":"2022-12-02 17시: 5001~6000 완료 (131234개 누적)","logger":"task.stdout"}
{"timestamp":"2025-11-10T01:28:39.504601Z","level":"info","event":"2022-12-02 17시: 6001~6979 완료 (132213개 누적)","logger":"task.stdout"}
{"timestamp":"2025-11-10T01:28:41.340650Z","level":"info","event":"2022-12-02 18시: 1~1000 완료 (133213개 누적)","logger":"task.stdout"}
{"timestamp":"2025-11-10T01:28:42.404498Z","level":"info","event":"2022-12-02 18시: 1001~2000 완료 (134213개 누적)","logger":"task.stdout"}
{"timestamp":"2025-11-10T01:28:43.453080Z","level":"info","event":"2022-12-02 18시: 2001~3000 완료 (135213개 누적)","logger":"task.stdout"}
{"timestamp":"2025-11-10T01:28:44.591269Z","level":"info","event":"2022-12-02 18시: 3001~4000 완료 (136213개 누적)","logger":"task.stdout"}
{"timestamp":"2025-11-10T01:28:45.667704Z","level":"info","event":"2022-12-02 18시: 4001~5000 완료 (137213개 누적)","logger":"task.stdout"}
{"timestamp":"2025-11-10T01:28:46.795508Z","level":"info","event":"2022-12-02 18시: 5001~6000 완료 (138213개 누적)","logger":"task.stdout"}
{"timestamp":"2025-11-10T01:28:47.899407Z","level":"info","event":"2022-12-02 18시: 6001~7000 완료 (139213개 누적)","logger":"task.stdout"}
{"timestamp":"2025-11-10T01:28:48.939903Z","level":"info","event":"2022-12-02 18시: 7001~8000 완료 (140213개 누적)","logger":"task.stdout"}
{"timestamp":"2025-11-10T01:28:50.096649Z","level":"info","event":"2022-12-02 18시: 8001~8798 완료 (141011개 누적)","logger":"task.stdout"}
{"timestamp":"2025-11-10T01:28:51.739053Z","level":"info","event":"2022-12-02 19시: 1~1000 완료 (142011개 누적)","logger":"task.stdout"}
{"timestamp":"2025-11-10T01:28:52.691184Z","level":"info","event":"2022-12-02 19시: 1001~2000 완료 (143011개 누적)","logger":"task.stdout"}
{"timestamp":"2025-11-10T01:28:53.607364Z","level":"info","event":"2022-12-02 19시: 2001~3000 완료 (144011개 누적)","logger":"task.stdout"}
{"timestamp":"2025-11-10T01:28:54.542127Z","level":"info","event":"2022-12-02 19시: 3001~4000 완료 (145011개 누적)","logger":"task.stdout"}
{"timestamp":"2025-11-10T01:28:55.460659Z","level":"info","event":"2022-12-02 19시: 4001~5000 완료 (146011개 누적)","logger":"task.stdout"}
{"timestamp":"2025-11-10T01:28:56.341341Z","level":"info","event":"2022-12-02 19시: 5001~5379 완료 (146390개 누적)","logger":"task.stdout"}
{"timestamp":"2025-11-10T01:28:58.127868Z","level":"info","event":"2022-12-02 20시: 1~1000 완료 (147390개 누적)","logger":"task.stdout"}
{"timestamp":"2025-11-10T01:28:59.005617Z","level":"info","event":"2022-12-02 20시: 1001~2000 완료 (148390개 누적)","logger":"task.stdout"}
{"timestamp":"2025-11-10T01:28:59.946089Z","level":"info","event":"2022-12-02 20시: 2001~3000 완료 (149390개 누적)","logger":"task.stdout"}
{"timestamp":"2025-11-10T01:29:00.836526Z","level":"info","event":"2022-12-02 20시: 3001~3975 완료 (150365개 누적)","logger":"task.stdout"}
{"timestamp":"2025-11-10T01:29:02.455994Z","level":"info","event":"2022-12-02 21시: 1~1000 완료 (151365개 누적)","logger":"task.stdout"}
{"timestamp":"2025-11-10T01:29:03.338623Z","level":"info","event":"2022-12-02 21시: 1001~2000 완료 (152365개 누적)","logger":"task.stdout"}
{"timestamp":"2025-11-10T01:29:04.170230Z","level":"info","event":"2022-12-02 21시: 2001~3000 완료 (153365개 누적)","logger":"task.stdout"}
{"timestamp":"2025-11-10T01:29:05.058052Z","level":"info","event":"2022-12-02 21시: 3001~3748 완료 (154113개 누적)","logger":"task.stdout"}
{"timestamp":"2025-11-10T01:29:06.575705Z","level":"info","event":"2022-12-02 22시: 1~1000 완료 (155113개 누적)","logger":"task.stdout"}
{"timestamp":"2025-11-10T01:29:07.502472Z","level":"info","event":"2022-12-02 22시: 1001~2000 완료 (156113개 누적)","logger":"task.stdout"}
{"timestamp":"2025-11-10T01:29:08.378030Z","level":"info","event":"2022-12-02 22시: 2001~3000 완료 (157113개 누적)","logger":"task.stdout"}
{"timestamp":"2025-11-10T01:29:09.213809Z","level":"info","event":"2022-12-02 22시: 3001~3482 완료 (157595개 누적)","logger":"task.stdout"}
{"timestamp":"2025-11-10T01:29:10.643206Z","level":"info","event":"2022-12-02 23시: 1~1000 완료 (158595개 누적)","logger":"task.stdout"}
{"timestamp":"2025-11-10T01:29:11.487251Z","level":"info","event":"2022-12-02 23시: 1001~2000 완료 (159595개 누적)","logger":"task.stdout"}
{"timestamp":"2025-11-10T01:29:12.319685Z","level":"info","event":"2022-12-02 23시: 2001~2601 완료 (160196개 누적)","logger":"task.stdout"}
{"timestamp":"2025-11-10T01:29:13.561078Z","level":"info","event":"","logger":"task.stdout"}
{"timestamp":"2025-11-10T01:29:13.562341Z","level":"info","event":"2022년 12월 총 160196개 수집 완료","logger":"task.stdout"}
{"timestamp":"2025-11-10T01:29:13.599970Z","level":"error","event":"Task failed with exception","logger":"task","filename":"task_runner.py","lineno":999,"error_detail":[{"exc_type":"KeyError","exc_value":"\"['대여 대여소명', '반납대여소명', '자전거번호', '대여거치대', '반납거치대', '이용시간(분)', '반납대여소번호', '대여 대여소번호'] not found in axis\"","exc_notes":[],"syntax_error":null,"is_cause":false,"frames":[{"filename":"/home/airflow/.local/lib/python3.12/site-packages/airflow/sdk/execution_time/task_runner.py","lineno":925,"name":"run"},{"filename":"/home/airflow/.local/lib/python3.12/site-packages/airflow/sdk/execution_time/task_runner.py","lineno":1312,"name":"_execute_task"},{"filename":"/home/airflow/.local/lib/python3.12/site-packages/airflow/sdk/bases/operator.py","lineno":416,"name":"wrapper"},{"filename":"/home/airflow/.local/lib/python3.12/site-packages/airflow/providers/standard/operators/python.py","lineno":213,"name":"execute"},{"filename":"/home/airflow/.local/lib/python3.12/site-packages/airflow/providers/standard/operators/python.py","lineno":236,"name":"execute_callable"},{"filename":"/home/airflow/.local/lib/python3.12/site-packages/airflow/sdk/execution_time/callback_runner.py","lineno":82,"name":"run"},{"filename":"/opt/airflow/dags/seoul_bike_rent_2022.py","lineno":40,"name":"collect_month"},{"filename":"/opt/airflow/plugins/rent_history_utils.py","lineno":102,"name":"preprocess_rent_data"},{"filename":"/home/airflow/.local/lib/python3.12/site-packages/pandas/core/frame.py","lineno":5344,"name":"drop"},{"filename":"/home/airflow/.local/lib/python3.12/site-packages/pandas/core/generic.py","lineno":4711,"name":"drop"},{"filename":"/home/airflow/.local/lib/python3.12/site-packages/pandas/core/generic.py","lineno":4753,"name":"_drop_axis"},{"filename":"/home/airflow/.local/lib/python3.12/site-packages/pandas/core/indexes/base.py","lineno":7000,"name":"drop"}],"is_group":false,"exceptions":[]}]}
