{"timestamp":"2025-11-10T01:34:36.409532Z","level":"info","event":"DAG bundles loaded: dags-folder","logger":"airflow.dag_processing.bundles.manager.DagBundlesManager","filename":"manager.py","lineno":179}
{"timestamp":"2025-11-10T01:34:36.418681Z","level":"info","event":"Filling up the DagBag from /opt/airflow/dags/seoul_bike_rent_2022.py","logger":"airflow.models.dagbag.DagBag","filename":"dagbag.py","lineno":593}
{"timestamp":"2025-11-10T01:34:36.468914Z","level":"warning","event":"The `airflow.operators.python.PythonOperator` attribute is deprecated. Please use `'airflow.providers.standard.operators.python.PythonOperator'`.","category":"DeprecatedImportWarning","filename":"/opt/airflow/dags/seoul_bike_rent_2022.py","lineno":2,"logger":"py.warnings"}
{"timestamp":"2025-11-10T01:34:36.544294Z","level":"info","event":"Found credentials in environment variables.","logger":"botocore.credentials","filename":"credentials.py","lineno":1224}
{"timestamp":"2025-11-10T01:34:37.770162Z","level":"info","event":"유효한 정거장 3202개 로드","logger":"task.stdout"}
{"timestamp":"2025-11-10T01:34:39.752485Z","level":"info","event":"2022-05-01 00시: 1~1000 완료 (1000개 누적)","logger":"task.stdout"}
{"timestamp":"2025-11-10T01:34:40.835771Z","level":"info","event":"2022-05-01 00시: 1001~2000 완료 (2000개 누적)","logger":"task.stdout"}
{"timestamp":"2025-11-10T01:34:42.131247Z","level":"info","event":"2022-05-01 00시: 2001~3000 완료 (3000개 누적)","logger":"task.stdout"}
{"timestamp":"2025-11-10T01:34:43.270333Z","level":"info","event":"2022-05-01 00시: 3001~4000 완료 (4000개 누적)","logger":"task.stdout"}
{"timestamp":"2025-11-10T01:34:44.349300Z","level":"info","event":"2022-05-01 00시: 4001~4216 완료 (4216개 누적)","logger":"task.stdout"}
{"timestamp":"2025-11-10T01:34:46.242333Z","level":"info","event":"2022-05-01 01시: 1~1000 완료 (5216개 누적)","logger":"task.stdout"}
{"timestamp":"2025-11-10T01:34:47.456595Z","level":"info","event":"2022-05-01 01시: 1001~2000 완료 (6216개 누적)","logger":"task.stdout"}
{"timestamp":"2025-11-10T01:34:48.548004Z","level":"info","event":"2022-05-01 01시: 2001~2793 완료 (7009개 누적)","logger":"task.stdout"}
{"timestamp":"2025-11-10T01:34:50.619116Z","level":"info","event":"2022-05-01 02시: 1~1000 완료 (8009개 누적)","logger":"task.stdout"}
{"timestamp":"2025-11-10T01:34:51.712219Z","level":"info","event":"2022-05-01 02시: 1001~1981 완료 (8990개 누적)","logger":"task.stdout"}
{"timestamp":"2025-11-10T01:34:53.447323Z","level":"info","event":"2022-05-01 03시: 1~1000 완료 (9990개 누적)","logger":"task.stdout"}
{"timestamp":"2025-11-10T01:34:54.389047Z","level":"info","event":"2022-05-01 03시: 1001~1201 완료 (10191개 누적)","logger":"task.stdout"}
{"timestamp":"2025-11-10T01:34:56.123378Z","level":"info","event":"2022-05-01 04시: 1~799 완료 (10990개 누적)","logger":"task.stdout"}
{"timestamp":"2025-11-10T01:34:58.026846Z","level":"info","event":"2022-05-01 05시: 1~657 완료 (11647개 누적)","logger":"task.stdout"}
{"timestamp":"2025-11-10T01:34:59.757835Z","level":"info","event":"2022-05-01 06시: 1~997 완료 (12644개 누적)","logger":"task.stdout"}
{"timestamp":"2025-11-10T01:35:01.591463Z","level":"info","event":"2022-05-01 07시: 1~1000 완료 (13644개 누적)","logger":"task.stdout"}
{"timestamp":"2025-11-10T01:35:02.631162Z","level":"info","event":"2022-05-01 07시: 1001~1707 완료 (14351개 누적)","logger":"task.stdout"}
{"timestamp":"2025-11-10T01:35:04.497450Z","level":"info","event":"2022-05-01 08시: 1~1000 완료 (15351개 누적)","logger":"task.stdout"}
{"timestamp":"2025-11-10T01:35:05.871818Z","level":"info","event":"2022-05-01 08시: 1001~2000 완료 (16351개 누적)","logger":"task.stdout"}
{"timestamp":"2025-11-10T01:35:06.954288Z","level":"info","event":"2022-05-01 08시: 2001~2846 완료 (17197개 누적)","logger":"task.stdout"}
{"timestamp":"2025-11-10T01:35:09.040483Z","level":"info","event":"2022-05-01 09시: 1~1000 완료 (18197개 누적)","logger":"task.stdout"}
{"timestamp":"2025-11-10T01:35:10.223729Z","level":"info","event":"2022-05-01 09시: 1001~2000 완료 (19197개 누적)","logger":"task.stdout"}
{"timestamp":"2025-11-10T01:35:11.545612Z","level":"info","event":"2022-05-01 09시: 2001~3000 완료 (20197개 누적)","logger":"task.stdout"}
{"timestamp":"2025-11-10T01:35:14.448043Z","level":"info","event":"2022-05-01 09시: 3001~3995 완료 (21192개 누적)","logger":"task.stdout"}
{"timestamp":"2025-11-10T01:35:58.023364Z","level":"info","event":"2022-05-01 10시: 요청 실패 - HTTPConnectionPool(host='openapi.seoul.go.kr', port=8088): Max retries exceeded with url: /574d4268426539373930666f4b654e/json/tbCycleRentData/1/5/2022-05-01/10 (Caused by NameResolutionError(\"<urllib3.connection.HTTPConnection object at 0xffff8c54bda0>: Failed to resolve 'openapi.seoul.go.kr' ([Errno -3] Temporary failure in name resolution)\"))","logger":"task.stdout"}
{"timestamp":"2025-11-10T01:35:58.024655Z","level":"info","event":"2022-05-01 11시: 요청 실패 - HTTPConnectionPool(host='openapi.seoul.go.kr', port=8088): Max retries exceeded with url: /574d4268426539373930666f4b654e/json/tbCycleRentData/1/5/2022-05-01/11 (Caused by NameResolutionError(\"<urllib3.connection.HTTPConnection object at 0xffff8c5545c0>: Failed to resolve 'openapi.seoul.go.kr' ([Errno -3] Temporary failure in name resolution)\"))","logger":"task.stdout"}
{"timestamp":"2025-11-10T01:35:58.024793Z","level":"info","event":"2022-05-01 12시: 1~1000 완료 (22192개 누적)","logger":"task.stdout"}
{"timestamp":"2025-11-10T01:35:59.304804Z","level":"info","event":"2022-05-01 12시: 1001~2000 완료 (23192개 누적)","logger":"task.stdout"}
{"timestamp":"2025-11-10T01:36:00.586924Z","level":"info","event":"2022-05-01 12시: 2001~3000 완료 (24192개 누적)","logger":"task.stdout"}
{"timestamp":"2025-11-10T01:36:01.815732Z","level":"info","event":"2022-05-01 12시: 3001~4000 완료 (25192개 누적)","logger":"task.stdout"}
{"timestamp":"2025-11-10T01:36:03.069649Z","level":"info","event":"2022-05-01 12시: 4001~5000 완료 (26192개 누적)","logger":"task.stdout"}
{"timestamp":"2025-11-10T01:36:04.482727Z","level":"info","event":"2022-05-01 12시: 5001~6000 완료 (27192개 누적)","logger":"task.stdout"}
{"timestamp":"2025-11-10T01:36:05.869999Z","level":"info","event":"2022-05-01 12시: 6001~7000 완료 (28192개 누적)","logger":"task.stdout"}
{"timestamp":"2025-11-10T01:36:07.135269Z","level":"info","event":"2022-05-01 12시: 7001~7979 완료 (29171개 누적)","logger":"task.stdout"}
{"timestamp":"2025-11-10T01:36:09.600064Z","level":"info","event":"2022-05-01 13시: 1~1000 완료 (30171개 누적)","logger":"task.stdout"}
{"timestamp":"2025-11-10T01:36:10.935191Z","level":"info","event":"2022-05-01 13시: 1001~2000 완료 (31171개 누적)","logger":"task.stdout"}
{"timestamp":"2025-11-10T01:36:12.371497Z","level":"info","event":"2022-05-01 13시: 2001~3000 완료 (32171개 누적)","logger":"task.stdout"}
{"timestamp":"2025-11-10T01:36:13.672894Z","level":"info","event":"2022-05-01 13시: 3001~4000 완료 (33171개 누적)","logger":"task.stdout"}
{"timestamp":"2025-11-10T01:36:15.103929Z","level":"info","event":"2022-05-01 13시: 4001~5000 완료 (34171개 누적)","logger":"task.stdout"}
{"timestamp":"2025-11-10T01:36:16.552583Z","level":"info","event":"2022-05-01 13시: 5001~6000 완료 (35171개 누적)","logger":"task.stdout"}
{"timestamp":"2025-11-10T01:36:17.814607Z","level":"info","event":"2022-05-01 13시: 6001~7000 완료 (36171개 누적)","logger":"task.stdout"}
{"timestamp":"2025-11-10T01:36:19.109495Z","level":"info","event":"2022-05-01 13시: 7001~8000 완료 (37171개 누적)","logger":"task.stdout"}
{"timestamp":"2025-11-10T01:36:24.043172Z","level":"info","event":"2022-05-01 13시: 8001~9000 완료 (38171개 누적)","logger":"task.stdout"}
{"timestamp":"2025-11-10T01:36:25.285993Z","level":"info","event":"2022-05-01 13시: 9001~9367 완료 (38538개 누적)","logger":"task.stdout"}
{"timestamp":"2025-11-10T01:36:27.846661Z","level":"info","event":"2022-05-01 14시: 1~1000 완료 (39538개 누적)","logger":"task.stdout"}
{"timestamp":"2025-11-10T01:36:29.331301Z","level":"info","event":"2022-05-01 14시: 1001~2000 완료 (40538개 누적)","logger":"task.stdout"}
{"timestamp":"2025-11-10T01:36:30.744802Z","level":"info","event":"2022-05-01 14시: 2001~3000 완료 (41538개 누적)","logger":"task.stdout"}
{"timestamp":"2025-11-10T01:36:32.160113Z","level":"info","event":"2022-05-01 14시: 3001~4000 완료 (42538개 누적)","logger":"task.stdout"}
{"timestamp":"2025-11-10T01:36:33.390904Z","level":"info","event":"2022-05-01 14시: 4001~5000 완료 (43538개 누적)","logger":"task.stdout"}
{"timestamp":"2025-11-10T01:36:34.861732Z","level":"info","event":"2022-05-01 14시: 5001~6000 완료 (44538개 누적)","logger":"task.stdout"}
{"timestamp":"2025-11-10T01:36:36.276472Z","level":"info","event":"2022-05-01 14시: 6001~7000 완료 (45538개 누적)","logger":"task.stdout"}
{"timestamp":"2025-11-10T01:36:37.678339Z","level":"info","event":"2022-05-01 14시: 7001~8000 완료 (46538개 누적)","logger":"task.stdout"}
{"timestamp":"2025-11-10T01:36:39.071377Z","level":"info","event":"2022-05-01 14시: 8001~9000 완료 (47538개 누적)","logger":"task.stdout"}
{"timestamp":"2025-11-10T01:36:40.672433Z","level":"info","event":"2022-05-01 14시: 9001~10000 완료 (48538개 누적)","logger":"task.stdout"}
{"timestamp":"2025-11-10T01:36:42.033486Z","level":"info","event":"2022-05-01 14시: 10001~10565 완료 (49103개 누적)","logger":"task.stdout"}
{"timestamp":"2025-11-10T01:36:44.617419Z","level":"info","event":"2022-05-01 15시: 1~1000 완료 (50103개 누적)","logger":"task.stdout"}
{"timestamp":"2025-11-10T01:36:45.972107Z","level":"info","event":"2022-05-01 15시: 1001~2000 완료 (51103개 누적)","logger":"task.stdout"}
{"timestamp":"2025-11-10T01:36:47.519175Z","level":"info","event":"2022-05-01 15시: 2001~3000 완료 (52103개 누적)","logger":"task.stdout"}
{"timestamp":"2025-11-10T01:36:48.889399Z","level":"info","event":"2022-05-01 15시: 3001~4000 완료 (53103개 누적)","logger":"task.stdout"}
{"timestamp":"2025-11-10T01:36:50.447208Z","level":"info","event":"2022-05-01 15시: 4001~5000 완료 (54103개 누적)","logger":"task.stdout"}
{"timestamp":"2025-11-10T01:36:52.099730Z","level":"info","event":"2022-05-01 15시: 5001~6000 완료 (55103개 누적)","logger":"task.stdout"}
{"timestamp":"2025-11-10T01:36:53.445892Z","level":"info","event":"2022-05-01 15시: 6001~7000 완료 (56103개 누적)","logger":"task.stdout"}
{"timestamp":"2025-11-10T01:36:54.952438Z","level":"info","event":"2022-05-01 15시: 7001~8000 완료 (57103개 누적)","logger":"task.stdout"}
{"timestamp":"2025-11-10T01:36:56.383652Z","level":"info","event":"2022-05-01 15시: 8001~9000 완료 (58103개 누적)","logger":"task.stdout"}
{"timestamp":"2025-11-10T01:36:57.748862Z","level":"info","event":"2022-05-01 15시: 9001~10000 완료 (59103개 누적)","logger":"task.stdout"}
{"timestamp":"2025-11-10T01:36:59.195055Z","level":"info","event":"2022-05-01 15시: 10001~11000 완료 (60103개 누적)","logger":"task.stdout"}
{"timestamp":"2025-11-10T01:37:00.903448Z","level":"info","event":"2022-05-01 15시: 11001~11330 완료 (60433개 누적)","logger":"task.stdout"}
{"timestamp":"2025-11-10T01:37:03.479565Z","level":"info","event":"2022-05-01 16시: 1~1000 완료 (61433개 누적)","logger":"task.stdout"}
{"timestamp":"2025-11-10T01:37:04.819691Z","level":"info","event":"2022-05-01 16시: 1001~2000 완료 (62433개 누적)","logger":"task.stdout"}
{"timestamp":"2025-11-10T01:37:19.771195Z","level":"info","event":"2022-05-01 16시: 요청 실패 - HTTPConnectionPool(host='openapi.seoul.go.kr', port=8088): Max retries exceeded with url: /574d4268426539373930666f4b654e/json/tbCycleRentData/2001/3000/2022-05-01/16 (Caused by NameResolutionError(\"<urllib3.connection.HTTPConnection object at 0xffff891f1910>: Failed to resolve 'openapi.seoul.go.kr' ([Errno -3] Temporary failure in name resolution)\"))","logger":"task.stdout"}
{"timestamp":"2025-11-10T01:37:21.924946Z","level":"info","event":"2022-05-01 17시: 1~1000 완료 (63433개 누적)","logger":"task.stdout"}
{"timestamp":"2025-11-10T01:37:23.322173Z","level":"info","event":"2022-05-01 17시: 1001~2000 완료 (64433개 누적)","logger":"task.stdout"}
{"timestamp":"2025-11-10T01:37:24.811686Z","level":"info","event":"2022-05-01 17시: 2001~3000 완료 (65433개 누적)","logger":"task.stdout"}
{"timestamp":"2025-11-10T01:37:26.123956Z","level":"info","event":"2022-05-01 17시: 3001~4000 완료 (66433개 누적)","logger":"task.stdout"}
{"timestamp":"2025-11-10T01:37:27.449453Z","level":"info","event":"2022-05-01 17시: 4001~5000 완료 (67433개 누적)","logger":"task.stdout"}
{"timestamp":"2025-11-10T01:37:29.223624Z","level":"info","event":"2022-05-01 17시: 5001~6000 완료 (68433개 누적)","logger":"task.stdout"}
{"timestamp":"2025-11-10T01:37:30.546840Z","level":"info","event":"2022-05-01 17시: 6001~7000 완료 (69433개 누적)","logger":"task.stdout"}
{"timestamp":"2025-11-10T01:37:31.903457Z","level":"info","event":"2022-05-01 17시: 7001~8000 완료 (70433개 누적)","logger":"task.stdout"}
{"timestamp":"2025-11-10T01:37:33.345797Z","level":"info","event":"2022-05-01 17시: 8001~9000 완료 (71433개 누적)","logger":"task.stdout"}
{"timestamp":"2025-11-10T01:37:34.617716Z","level":"info","event":"2022-05-01 17시: 9001~9940 완료 (72373개 누적)","logger":"task.stdout"}
{"timestamp":"2025-11-10T01:37:36.941197Z","level":"info","event":"2022-05-01 18시: 1~1000 완료 (73373개 누적)","logger":"task.stdout"}
{"timestamp":"2025-11-10T01:37:38.218503Z","level":"info","event":"2022-05-01 18시: 1001~2000 완료 (74373개 누적)","logger":"task.stdout"}
{"timestamp":"2025-11-10T01:37:39.543961Z","level":"info","event":"2022-05-01 18시: 2001~3000 완료 (75373개 누적)","logger":"task.stdout"}
{"timestamp":"2025-11-10T01:37:40.950283Z","level":"info","event":"2022-05-01 18시: 3001~4000 완료 (76373개 누적)","logger":"task.stdout"}
{"timestamp":"2025-11-10T01:37:42.369560Z","level":"info","event":"2022-05-01 18시: 4001~5000 완료 (77373개 누적)","logger":"task.stdout"}
{"timestamp":"2025-11-10T01:37:43.773375Z","level":"info","event":"2022-05-01 18시: 5001~6000 완료 (78373개 누적)","logger":"task.stdout"}
{"timestamp":"2025-11-10T01:37:45.182848Z","level":"info","event":"2022-05-01 18시: 6001~7000 완료 (79373개 누적)","logger":"task.stdout"}
{"timestamp":"2025-11-10T01:37:46.439226Z","level":"info","event":"2022-05-01 18시: 7001~8000 완료 (80373개 누적)","logger":"task.stdout"}
{"timestamp":"2025-11-10T01:37:47.800680Z","level":"info","event":"2022-05-01 18시: 8001~8559 완료 (80932개 누적)","logger":"task.stdout"}
{"timestamp":"2025-11-10T01:37:50.029916Z","level":"info","event":"2022-05-01 19시: 1~1000 완료 (81932개 누적)","logger":"task.stdout"}
{"timestamp":"2025-11-10T01:37:51.495934Z","level":"info","event":"2022-05-01 19시: 1001~2000 완료 (82932개 누적)","logger":"task.stdout"}
{"timestamp":"2025-11-10T01:37:52.806037Z","level":"info","event":"2022-05-01 19시: 2001~3000 완료 (83932개 누적)","logger":"task.stdout"}
{"timestamp":"2025-11-10T01:37:54.075596Z","level":"info","event":"2022-05-01 19시: 3001~4000 완료 (84932개 누적)","logger":"task.stdout"}
{"timestamp":"2025-11-10T01:38:07.311854Z","level":"info","event":"2022-05-01 19시: 4001~5000 완료 (85932개 누적)","logger":"task.stdout"}
{"timestamp":"2025-11-10T01:38:07.710205Z","level":"info","event":"2022-05-01 19시: 5001~6000 완료 (86932개 누적)","logger":"task.stdout"}
{"timestamp":"2025-11-10T01:38:08.943308Z","level":"info","event":"2022-05-01 19시: 6001~6845 완료 (87777개 누적)","logger":"task.stdout"}
{"timestamp":"2025-11-10T01:38:11.018629Z","level":"info","event":"2022-05-01 20시: 1~1000 완료 (88777개 누적)","logger":"task.stdout"}
{"timestamp":"2025-11-10T01:38:12.317742Z","level":"info","event":"2022-05-01 20시: 1001~2000 완료 (89777개 누적)","logger":"task.stdout"}
{"timestamp":"2025-11-10T01:38:13.447158Z","level":"info","event":"2022-05-01 20시: 2001~3000 완료 (90777개 누적)","logger":"task.stdout"}
{"timestamp":"2025-11-10T01:38:14.685372Z","level":"info","event":"2022-05-01 20시: 3001~4000 완료 (91777개 누적)","logger":"task.stdout"}
{"timestamp":"2025-11-10T01:38:15.769352Z","level":"info","event":"2022-05-01 20시: 4001~5000 완료 (92777개 누적)","logger":"task.stdout"}
{"timestamp":"2025-11-10T01:38:16.959034Z","level":"info","event":"2022-05-01 20시: 5001~6000 완료 (93777개 누적)","logger":"task.stdout"}
{"timestamp":"2025-11-10T01:38:18.034621Z","level":"info","event":"2022-05-01 20시: 6001~6086 완료 (93863개 누적)","logger":"task.stdout"}
{"timestamp":"2025-11-10T01:38:20.088368Z","level":"info","event":"2022-05-01 21시: 1~1000 완료 (94863개 누적)","logger":"task.stdout"}
{"timestamp":"2025-11-10T01:38:21.225537Z","level":"info","event":"2022-05-01 21시: 1001~2000 완료 (95863개 누적)","logger":"task.stdout"}
{"timestamp":"2025-11-10T01:38:22.364934Z","level":"info","event":"2022-05-01 21시: 2001~3000 완료 (96863개 누적)","logger":"task.stdout"}
{"timestamp":"2025-11-10T01:38:23.542474Z","level":"info","event":"2022-05-01 21시: 3001~4000 완료 (97863개 누적)","logger":"task.stdout"}
{"timestamp":"2025-11-10T01:38:24.694801Z","level":"info","event":"2022-05-01 21시: 4001~5000 완료 (98863개 누적)","logger":"task.stdout"}
{"timestamp":"2025-11-10T01:38:25.863776Z","level":"info","event":"2022-05-01 21시: 5001~5590 완료 (99453개 누적)","logger":"task.stdout"}
{"timestamp":"2025-11-10T01:38:27.751207Z","level":"info","event":"2022-05-01 22시: 1~1000 완료 (100453개 누적)","logger":"task.stdout"}
{"timestamp":"2025-11-10T01:38:28.845098Z","level":"info","event":"2022-05-01 22시: 1001~2000 완료 (101453개 누적)","logger":"task.stdout"}
{"timestamp":"2025-11-10T01:38:30.022265Z","level":"info","event":"2022-05-01 22시: 2001~3000 완료 (102453개 누적)","logger":"task.stdout"}
{"timestamp":"2025-11-10T01:38:31.169388Z","level":"info","event":"2022-05-01 22시: 3001~4000 완료 (103453개 누적)","logger":"task.stdout"}
{"timestamp":"2025-11-10T01:38:32.251114Z","level":"info","event":"2022-05-01 22시: 4001~4432 완료 (103885개 누적)","logger":"task.stdout"}
{"timestamp":"2025-11-10T01:38:34.183004Z","level":"info","event":"2022-05-01 23시: 1~1000 완료 (104885개 누적)","logger":"task.stdout"}
{"timestamp":"2025-11-10T01:38:35.289483Z","level":"info","event":"2022-05-01 23시: 1001~2000 완료 (105885개 누적)","logger":"task.stdout"}
{"timestamp":"2025-11-10T01:38:36.388204Z","level":"info","event":"2022-05-01 23시: 2001~3000 완료 (106885개 누적)","logger":"task.stdout"}
{"timestamp":"2025-11-10T01:38:37.344804Z","level":"info","event":"2022-05-01 23시: 3001~3213 완료 (107098개 누적)","logger":"task.stdout"}
{"timestamp":"2025-11-10T01:38:39.664686Z","level":"info","event":"2022-05-02 00시: 1~1000 완료 (108098개 누적)","logger":"task.stdout"}
{"timestamp":"2025-11-10T01:38:41.009680Z","level":"info","event":"2022-05-02 00시: 1001~2000 완료 (109098개 누적)","logger":"task.stdout"}
{"timestamp":"2025-11-10T01:38:48.396950Z","level":"info","event":"2022-05-02 00시: 2001~2517 완료 (109615개 누적)","logger":"task.stdout"}
{"timestamp":"2025-11-10T01:38:50.500796Z","level":"info","event":"2022-05-02 01시: 1~1000 완료 (110615개 누적)","logger":"task.stdout"}
{"timestamp":"2025-11-10T01:38:51.611892Z","level":"info","event":"2022-05-02 01시: 1001~1528 완료 (111143개 누적)","logger":"task.stdout"}
{"timestamp":"2025-11-10T01:38:53.580746Z","level":"info","event":"2022-05-02 02시: 1~885 완료 (112028개 누적)","logger":"task.stdout"}
{"timestamp":"2025-11-10T01:38:55.615201Z","level":"info","event":"2022-05-02 03시: 1~570 완료 (112598개 누적)","logger":"task.stdout"}
{"timestamp":"2025-11-10T01:38:57.684267Z","level":"info","event":"2022-05-02 04시: 1~561 완료 (113159개 누적)","logger":"task.stdout"}
{"timestamp":"2025-11-10T01:38:59.814507Z","level":"info","event":"2022-05-02 05시: 1~1000 완료 (114159개 누적)","logger":"task.stdout"}
{"timestamp":"2025-11-10T01:39:00.916509Z","level":"info","event":"2022-05-02 05시: 1001~1263 완료 (114422개 누적)","logger":"task.stdout"}
{"timestamp":"2025-11-10T01:39:03.212295Z","level":"info","event":"2022-05-02 06시: 1~1000 완료 (115422개 누적)","logger":"task.stdout"}
{"timestamp":"2025-11-10T01:39:04.411003Z","level":"info","event":"2022-05-02 06시: 1001~2000 완료 (116422개 누적)","logger":"task.stdout"}
{"timestamp":"2025-11-10T01:39:05.670310Z","level":"info","event":"2022-05-02 06시: 2001~3000 완료 (117422개 누적)","logger":"task.stdout"}
{"timestamp":"2025-11-10T01:39:07.143350Z","level":"info","event":"2022-05-02 06시: 3001~3139 완료 (117561개 누적)","logger":"task.stdout"}
{"timestamp":"2025-11-10T01:39:09.989456Z","level":"info","event":"2022-05-02 07시: 1~1000 완료 (118561개 누적)","logger":"task.stdout"}
{"timestamp":"2025-11-10T01:39:11.365688Z","level":"info","event":"2022-05-02 07시: 1001~2000 완료 (119561개 누적)","logger":"task.stdout"}
{"timestamp":"2025-11-10T01:39:12.745956Z","level":"info","event":"2022-05-02 07시: 2001~3000 완료 (120561개 누적)","logger":"task.stdout"}
{"timestamp":"2025-11-10T01:39:14.109204Z","level":"info","event":"2022-05-02 07시: 3001~4000 완료 (121561개 누적)","logger":"task.stdout"}
{"timestamp":"2025-11-10T01:39:15.566831Z","level":"info","event":"2022-05-02 07시: 4001~5000 완료 (122561개 누적)","logger":"task.stdout"}
{"timestamp":"2025-11-10T01:39:16.981036Z","level":"info","event":"2022-05-02 07시: 5001~6000 완료 (123561개 누적)","logger":"task.stdout"}
{"timestamp":"2025-11-10T01:39:18.380697Z","level":"info","event":"2022-05-02 07시: 6001~7000 완료 (124561개 누적)","logger":"task.stdout"}
{"timestamp":"2025-11-10T01:39:23.546938Z","level":"info","event":"2022-05-02 07시: 7001~8000 완료 (125561개 누적)","logger":"task.stdout"}
{"timestamp":"2025-11-10T01:39:30.188477Z","level":"info","event":"2022-05-02 07시: 8001~8274 완료 (125835개 누적)","logger":"task.stdout"}
{"timestamp":"2025-11-10T01:39:33.117402Z","level":"info","event":"2022-05-02 08시: 1~1000 완료 (126835개 누적)","logger":"task.stdout"}
{"timestamp":"2025-11-10T01:39:34.696146Z","level":"info","event":"2022-05-02 08시: 1001~2000 완료 (127835개 누적)","logger":"task.stdout"}
{"timestamp":"2025-11-10T01:39:36.263963Z","level":"info","event":"2022-05-02 08시: 2001~3000 완료 (128835개 누적)","logger":"task.stdout"}
{"timestamp":"2025-11-10T01:39:37.925645Z","level":"info","event":"2022-05-02 08시: 3001~4000 완료 (129835개 누적)","logger":"task.stdout"}
{"timestamp":"2025-11-10T01:39:39.452953Z","level":"info","event":"2022-05-02 08시: 4001~5000 완료 (130835개 누적)","logger":"task.stdout"}
{"timestamp":"2025-11-10T01:39:41.064725Z","level":"info","event":"2022-05-02 08시: 5001~6000 완료 (131835개 누적)","logger":"task.stdout"}
{"timestamp":"2025-11-10T01:39:42.596976Z","level":"info","event":"2022-05-02 08시: 6001~7000 완료 (132835개 누적)","logger":"task.stdout"}
{"timestamp":"2025-11-10T01:39:44.215737Z","level":"info","event":"2022-05-02 08시: 7001~8000 완료 (133835개 누적)","logger":"task.stdout"}
{"timestamp":"2025-11-10T01:39:45.778950Z","level":"info","event":"2022-05-02 08시: 8001~9000 완료 (134835개 누적)","logger":"task.stdout"}
{"timestamp":"2025-11-10T01:39:47.356334Z","level":"info","event":"2022-05-02 08시: 9001~10000 완료 (135835개 누적)","logger":"task.stdout"}
{"timestamp":"2025-11-10T01:39:48.920410Z","level":"info","event":"2022-05-02 08시: 10001~11000 완료 (136835개 누적)","logger":"task.stdout"}
{"timestamp":"2025-11-10T01:39:50.711114Z","level":"info","event":"2022-05-02 08시: 11001~12000 완료 (137835개 누적)","logger":"task.stdout"}
{"timestamp":"2025-11-10T01:39:52.267006Z","level":"info","event":"2022-05-02 08시: 12001~13000 완료 (138835개 누적)","logger":"task.stdout"}
{"timestamp":"2025-11-10T01:39:53.867680Z","level":"info","event":"2022-05-02 08시: 13001~13262 완료 (139097개 누적)","logger":"task.stdout"}
{"timestamp":"2025-11-10T01:40:16.778716Z","level":"info","event":"2022-05-02 09시: 요청 실패 - HTTPConnectionPool(host='openapi.seoul.go.kr', port=8088): Max retries exceeded with url: /574d4268426539373930666f4b654e/json/tbCycleRentData/1/5/2022-05-02/9 (Caused by NameResolutionError(\"<urllib3.connection.HTTPConnection object at 0xffff83136480>: Failed to resolve 'openapi.seoul.go.kr' ([Errno -3] Temporary failure in name resolution)\"))","logger":"task.stdout"}
{"timestamp":"2025-11-10T01:40:18.882537Z","level":"info","event":"2022-05-02 10시: 1~1000 완료 (140097개 누적)","logger":"task.stdout"}
{"timestamp":"2025-11-10T01:40:20.530936Z","level":"info","event":"2022-05-02 10시: 1001~2000 완료 (141097개 누적)","logger":"task.stdout"}
{"timestamp":"2025-11-10T01:40:21.911751Z","level":"info","event":"2022-05-02 10시: 2001~3000 완료 (142097개 누적)","logger":"task.stdout"}
{"timestamp":"2025-11-10T01:40:29.770323Z","level":"info","event":"2022-05-02 10시: 3001~4000 완료 (143097개 누적)","logger":"task.stdout"}
{"timestamp":"2025-11-10T01:40:31.090357Z","level":"info","event":"2022-05-02 10시: 4001~4966 완료 (144063개 누적)","logger":"task.stdout"}
{"timestamp":"2025-11-10T01:40:33.539992Z","level":"info","event":"2022-05-02 11시: 1~1000 완료 (145063개 누적)","logger":"task.stdout"}
{"timestamp":"2025-11-10T01:40:34.844151Z","level":"info","event":"2022-05-02 11시: 1001~2000 완료 (146063개 누적)","logger":"task.stdout"}
{"timestamp":"2025-11-10T01:40:36.159097Z","level":"info","event":"2022-05-02 11시: 2001~3000 완료 (147063개 누적)","logger":"task.stdout"}
