{"timestamp":"2025-11-10T01:25:57.023918Z","level":"info","event":"DAG bundles loaded: dags-folder","logger":"airflow.dag_processing.bundles.manager.DagBundlesManager","filename":"manager.py","lineno":179}
{"timestamp":"2025-11-10T01:25:57.024929Z","level":"info","event":"Filling up the DagBag from /opt/airflow/dags/seoul_bike_rent_2022.py","logger":"airflow.models.dagbag.DagBag","filename":"dagbag.py","lineno":593}
{"timestamp":"2025-11-10T01:25:57.060399Z","level":"warning","event":"The `airflow.operators.python.PythonOperator` attribute is deprecated. Please use `'airflow.providers.standard.operators.python.PythonOperator'`.","category":"DeprecatedImportWarning","filename":"/opt/airflow/dags/seoul_bike_rent_2022.py","lineno":2,"logger":"py.warnings"}
{"timestamp":"2025-11-10T01:25:57.253378Z","level":"info","event":"Found credentials in environment variables.","logger":"botocore.credentials","filename":"credentials.py","lineno":1224}
{"timestamp":"2025-11-10T01:25:57.667295Z","level":"info","event":"유효한 정거장 3202개 로드","logger":"task.stdout"}
{"timestamp":"2025-11-10T01:26:01.972136Z","level":"info","event":"2022-05-01 00시: 1001~2000 완료 (1000개 누적)","logger":"task.stdout"}
{"timestamp":"2025-11-10T01:26:03.058453Z","level":"info","event":"2022-05-01 00시: 2001~3000 완료 (2000개 누적)","logger":"task.stdout"}
{"timestamp":"2025-11-10T01:26:04.248949Z","level":"info","event":"2022-05-01 00시: 3001~4000 완료 (3000개 누적)","logger":"task.stdout"}
{"timestamp":"2025-11-10T01:26:05.273248Z","level":"info","event":"2022-05-01 00시: 4001~4216 완료 (3216개 누적)","logger":"task.stdout"}
{"timestamp":"2025-11-10T01:26:07.148143Z","level":"info","event":"2022-05-01 01시: 1~1000 완료 (4216개 누적)","logger":"task.stdout"}
{"timestamp":"2025-11-10T01:26:08.115793Z","level":"info","event":"2022-05-01 01시: 1001~2000 완료 (5216개 누적)","logger":"task.stdout"}
{"timestamp":"2025-11-10T01:26:09.087021Z","level":"info","event":"2022-05-01 01시: 2001~2793 완료 (6009개 누적)","logger":"task.stdout"}
{"timestamp":"2025-11-10T01:26:11.001287Z","level":"info","event":"2022-05-01 02시: 1001~1981 완료 (6990개 누적)","logger":"task.stdout"}
{"timestamp":"2025-11-10T01:26:12.764566Z","level":"info","event":"2022-05-01 03시: 1~1000 완료 (7990개 누적)","logger":"task.stdout"}
{"timestamp":"2025-11-10T01:26:13.673440Z","level":"info","event":"2022-05-01 03시: 1001~1201 완료 (8191개 누적)","logger":"task.stdout"}
{"timestamp":"2025-11-10T01:26:17.161967Z","level":"info","event":"2022-05-01 06시: 1~997 완료 (9188개 누적)","logger":"task.stdout"}
{"timestamp":"2025-11-10T01:26:19.159767Z","level":"info","event":"2022-05-01 07시: 1~1000 완료 (10188개 누적)","logger":"task.stdout"}
{"timestamp":"2025-11-10T01:26:20.147362Z","level":"info","event":"2022-05-01 07시: 1001~1707 완료 (10895개 누적)","logger":"task.stdout"}
{"timestamp":"2025-11-10T01:26:22.100408Z","level":"info","event":"2022-05-01 08시: 1~1000 완료 (11895개 누적)","logger":"task.stdout"}
{"timestamp":"2025-11-10T01:26:23.194112Z","level":"info","event":"2022-05-01 08시: 1001~2000 완료 (12895개 누적)","logger":"task.stdout"}
{"timestamp":"2025-11-10T01:26:24.239848Z","level":"info","event":"2022-05-01 08시: 2001~2846 완료 (13741개 누적)","logger":"task.stdout"}
{"timestamp":"2025-11-10T01:26:26.266440Z","level":"info","event":"2022-05-01 09시: 1~1000 완료 (14741개 누적)","logger":"task.stdout"}
{"timestamp":"2025-11-10T01:26:27.377540Z","level":"info","event":"2022-05-01 09시: 1001~2000 완료 (15741개 누적)","logger":"task.stdout"}
{"timestamp":"2025-11-10T01:26:28.531120Z","level":"info","event":"2022-05-01 09시: 2001~3000 완료 (16741개 누적)","logger":"task.stdout"}
{"timestamp":"2025-11-10T01:26:29.613318Z","level":"info","event":"2022-05-01 09시: 3001~3995 완료 (17736개 누적)","logger":"task.stdout"}
{"timestamp":"2025-11-10T01:26:31.746224Z","level":"info","event":"2022-05-01 10시: 1~1000 완료 (18736개 누적)","logger":"task.stdout"}
{"timestamp":"2025-11-10T01:26:32.957474Z","level":"info","event":"2022-05-01 10시: 1001~2000 완료 (19736개 누적)","logger":"task.stdout"}
{"timestamp":"2025-11-10T01:26:34.271223Z","level":"info","event":"2022-05-01 10시: 2001~3000 완료 (20736개 누적)","logger":"task.stdout"}
{"timestamp":"2025-11-10T01:26:35.428166Z","level":"info","event":"2022-05-01 10시: 3001~4000 완료 (21736개 누적)","logger":"task.stdout"}
{"timestamp":"2025-11-10T01:26:36.463374Z","level":"info","event":"2022-05-01 10시: 4001~5000 완료 (22736개 누적)","logger":"task.stdout"}
{"timestamp":"2025-11-10T01:26:37.573263Z","level":"info","event":"2022-05-01 10시: 5001~5475 완료 (23211개 누적)","logger":"task.stdout"}
{"timestamp":"2025-11-10T01:26:39.741697Z","level":"info","event":"2022-05-01 11시: 1~1000 완료 (24211개 누적)","logger":"task.stdout"}
{"timestamp":"2025-11-10T01:26:41.008717Z","level":"info","event":"2022-05-01 11시: 1001~2000 완료 (25211개 누적)","logger":"task.stdout"}
{"timestamp":"2025-11-10T01:26:42.245027Z","level":"info","event":"2022-05-01 11시: 2001~3000 완료 (26211개 누적)","logger":"task.stdout"}
{"timestamp":"2025-11-10T01:26:43.433319Z","level":"info","event":"2022-05-01 11시: 3001~4000 완료 (27211개 누적)","logger":"task.stdout"}
{"timestamp":"2025-11-10T01:26:44.591861Z","level":"info","event":"2022-05-01 11시: 4001~5000 완료 (28211개 누적)","logger":"task.stdout"}
{"timestamp":"2025-11-10T01:26:45.765409Z","level":"info","event":"2022-05-01 11시: 5001~6000 완료 (29211개 누적)","logger":"task.stdout"}
{"timestamp":"2025-11-10T01:26:46.862704Z","level":"info","event":"2022-05-01 11시: 6001~6506 완료 (29717개 누적)","logger":"task.stdout"}
{"timestamp":"2025-11-10T01:26:49.117226Z","level":"info","event":"2022-05-01 12시: 1~1000 완료 (30717개 누적)","logger":"task.stdout"}
{"timestamp":"2025-11-10T01:26:50.599116Z","level":"info","event":"2022-05-01 12시: 1001~2000 완료 (31717개 누적)","logger":"task.stdout"}
{"timestamp":"2025-11-10T01:26:51.847321Z","level":"info","event":"2022-05-01 12시: 2001~3000 완료 (32717개 누적)","logger":"task.stdout"}
{"timestamp":"2025-11-10T01:26:53.162416Z","level":"info","event":"2022-05-01 12시: 3001~4000 완료 (33717개 누적)","logger":"task.stdout"}
{"timestamp":"2025-11-10T01:26:54.452016Z","level":"info","event":"2022-05-01 12시: 4001~5000 완료 (34717개 누적)","logger":"task.stdout"}
{"timestamp":"2025-11-10T01:26:55.598374Z","level":"info","event":"2022-05-01 12시: 5001~6000 완료 (35717개 누적)","logger":"task.stdout"}
{"timestamp":"2025-11-10T01:26:56.742323Z","level":"info","event":"2022-05-01 12시: 6001~7000 완료 (36717개 누적)","logger":"task.stdout"}
{"timestamp":"2025-11-10T01:26:57.968406Z","level":"info","event":"2022-05-01 12시: 7001~7979 완료 (37696개 누적)","logger":"task.stdout"}
{"timestamp":"2025-11-10T01:27:00.409417Z","level":"info","event":"2022-05-01 13시: 1~1000 완료 (38696개 누적)","logger":"task.stdout"}
{"timestamp":"2025-11-10T01:27:01.672227Z","level":"info","event":"2022-05-01 13시: 1001~2000 완료 (39696개 누적)","logger":"task.stdout"}
{"timestamp":"2025-11-10T01:27:02.996079Z","level":"info","event":"2022-05-01 13시: 2001~3000 완료 (40696개 누적)","logger":"task.stdout"}
{"timestamp":"2025-11-10T01:27:04.223772Z","level":"info","event":"2022-05-01 13시: 3001~4000 완료 (41696개 누적)","logger":"task.stdout"}
{"timestamp":"2025-11-10T01:27:05.480935Z","level":"info","event":"2022-05-01 13시: 4001~5000 완료 (42696개 누적)","logger":"task.stdout"}
{"timestamp":"2025-11-10T01:27:06.738731Z","level":"info","event":"2022-05-01 13시: 5001~6000 완료 (43696개 누적)","logger":"task.stdout"}
{"timestamp":"2025-11-10T01:27:08.057353Z","level":"info","event":"2022-05-01 13시: 6001~7000 완료 (44696개 누적)","logger":"task.stdout"}
{"timestamp":"2025-11-10T01:27:09.343963Z","level":"info","event":"2022-05-01 13시: 7001~8000 완료 (45696개 누적)","logger":"task.stdout"}
{"timestamp":"2025-11-10T01:27:11.045830Z","level":"info","event":"2022-05-01 13시: 8001~9000 완료 (46696개 누적)","logger":"task.stdout"}
{"timestamp":"2025-11-10T01:27:12.275196Z","level":"info","event":"2022-05-01 13시: 9001~9367 완료 (47063개 누적)","logger":"task.stdout"}
{"timestamp":"2025-11-10T01:27:14.692339Z","level":"info","event":"2022-05-01 14시: 1~1000 완료 (48063개 누적)","logger":"task.stdout"}
{"timestamp":"2025-11-10T01:27:16.016110Z","level":"info","event":"2022-05-01 14시: 1001~2000 완료 (49063개 누적)","logger":"task.stdout"}
{"timestamp":"2025-11-10T01:27:17.383933Z","level":"info","event":"2022-05-01 14시: 2001~3000 완료 (50063개 누적)","logger":"task.stdout"}
{"timestamp":"2025-11-10T01:27:18.737942Z","level":"info","event":"2022-05-01 14시: 3001~4000 완료 (51063개 누적)","logger":"task.stdout"}
{"timestamp":"2025-11-10T01:27:20.065360Z","level":"info","event":"2022-05-01 14시: 4001~5000 완료 (52063개 누적)","logger":"task.stdout"}
{"timestamp":"2025-11-10T01:27:21.441840Z","level":"info","event":"2022-05-01 14시: 5001~6000 완료 (53063개 누적)","logger":"task.stdout"}
{"timestamp":"2025-11-10T01:27:22.753654Z","level":"info","event":"2022-05-01 14시: 6001~7000 완료 (54063개 누적)","logger":"task.stdout"}
{"timestamp":"2025-11-10T01:27:24.095181Z","level":"info","event":"2022-05-01 14시: 7001~8000 완료 (55063개 누적)","logger":"task.stdout"}
{"timestamp":"2025-11-10T01:27:25.418997Z","level":"info","event":"2022-05-01 14시: 8001~9000 완료 (56063개 누적)","logger":"task.stdout"}
{"timestamp":"2025-11-10T01:27:26.691404Z","level":"info","event":"2022-05-01 14시: 9001~10000 완료 (57063개 누적)","logger":"task.stdout"}
{"timestamp":"2025-11-10T01:27:27.953294Z","level":"info","event":"2022-05-01 14시: 10001~10565 완료 (57628개 누적)","logger":"task.stdout"}
{"timestamp":"2025-11-10T01:27:30.427366Z","level":"info","event":"2022-05-01 15시: 1~1000 완료 (58628개 누적)","logger":"task.stdout"}
{"timestamp":"2025-11-10T01:27:31.906298Z","level":"info","event":"2022-05-01 15시: 1001~2000 완료 (59628개 누적)","logger":"task.stdout"}
{"timestamp":"2025-11-10T01:27:33.363712Z","level":"info","event":"2022-05-01 15시: 2001~3000 완료 (60628개 누적)","logger":"task.stdout"}
{"timestamp":"2025-11-10T01:27:34.720332Z","level":"info","event":"2022-05-01 15시: 3001~4000 완료 (61628개 누적)","logger":"task.stdout"}
{"timestamp":"2025-11-10T01:27:36.128465Z","level":"info","event":"2022-05-01 15시: 4001~5000 완료 (62628개 누적)","logger":"task.stdout"}
{"timestamp":"2025-11-10T01:27:37.507775Z","level":"info","event":"2022-05-01 15시: 5001~6000 완료 (63628개 누적)","logger":"task.stdout"}
{"timestamp":"2025-11-10T01:27:38.861724Z","level":"info","event":"2022-05-01 15시: 6001~7000 완료 (64628개 누적)","logger":"task.stdout"}
{"timestamp":"2025-11-10T01:27:40.207555Z","level":"info","event":"2022-05-01 15시: 7001~8000 완료 (65628개 누적)","logger":"task.stdout"}
{"timestamp":"2025-11-10T01:27:41.573232Z","level":"info","event":"2022-05-01 15시: 8001~9000 완료 (66628개 누적)","logger":"task.stdout"}
{"timestamp":"2025-11-10T01:27:42.887647Z","level":"info","event":"2022-05-01 15시: 9001~10000 완료 (67628개 누적)","logger":"task.stdout"}
{"timestamp":"2025-11-10T01:27:44.342612Z","level":"info","event":"2022-05-01 15시: 10001~11000 완료 (68628개 누적)","logger":"task.stdout"}
{"timestamp":"2025-11-10T01:27:45.640406Z","level":"info","event":"2022-05-01 15시: 11001~11330 완료 (68958개 누적)","logger":"task.stdout"}
{"timestamp":"2025-11-10T01:27:48.172949Z","level":"info","event":"2022-05-01 16시: 1~1000 완료 (69958개 누적)","logger":"task.stdout"}
{"timestamp":"2025-11-10T01:27:49.480211Z","level":"info","event":"2022-05-01 16시: 1001~2000 완료 (70958개 누적)","logger":"task.stdout"}
{"timestamp":"2025-11-10T01:27:50.763820Z","level":"info","event":"2022-05-01 16시: 2001~3000 완료 (71958개 누적)","logger":"task.stdout"}
{"timestamp":"2025-11-10T01:27:52.154242Z","level":"info","event":"2022-05-01 16시: 3001~4000 완료 (72958개 누적)","logger":"task.stdout"}
{"timestamp":"2025-11-10T01:27:53.458960Z","level":"info","event":"2022-05-01 16시: 4001~5000 완료 (73958개 누적)","logger":"task.stdout"}
{"timestamp":"2025-11-10T01:27:54.886887Z","level":"info","event":"2022-05-01 16시: 5001~6000 완료 (74958개 누적)","logger":"task.stdout"}
{"timestamp":"2025-11-10T01:27:56.271788Z","level":"info","event":"2022-05-01 16시: 6001~7000 완료 (75958개 누적)","logger":"task.stdout"}
{"timestamp":"2025-11-10T01:27:57.583604Z","level":"info","event":"2022-05-01 16시: 7001~8000 완료 (76958개 누적)","logger":"task.stdout"}
{"timestamp":"2025-11-10T01:27:58.927646Z","level":"info","event":"2022-05-01 16시: 8001~9000 완료 (77958개 누적)","logger":"task.stdout"}
{"timestamp":"2025-11-10T01:28:00.382324Z","level":"info","event":"2022-05-01 16시: 9001~10000 완료 (78958개 누적)","logger":"task.stdout"}
{"timestamp":"2025-11-10T01:28:01.808541Z","level":"info","event":"2022-05-01 16시: 10001~11000 완료 (79958개 누적)","logger":"task.stdout"}
{"timestamp":"2025-11-10T01:28:03.030467Z","level":"info","event":"2022-05-01 16시: 11001~11146 완료 (80104개 누적)","logger":"task.stdout"}
{"timestamp":"2025-11-10T01:28:05.408510Z","level":"info","event":"2022-05-01 17시: 1~1000 완료 (81104개 누적)","logger":"task.stdout"}
{"timestamp":"2025-11-10T01:28:06.569877Z","level":"info","event":"2022-05-01 17시: 1001~2000 완료 (82104개 누적)","logger":"task.stdout"}
{"timestamp":"2025-11-10T01:28:07.804955Z","level":"info","event":"2022-05-01 17시: 2001~3000 완료 (83104개 누적)","logger":"task.stdout"}
{"timestamp":"2025-11-10T01:28:09.189455Z","level":"info","event":"2022-05-01 17시: 3001~4000 완료 (84104개 누적)","logger":"task.stdout"}
{"timestamp":"2025-11-10T01:28:10.498972Z","level":"info","event":"2022-05-01 17시: 4001~5000 완료 (85104개 누적)","logger":"task.stdout"}
{"timestamp":"2025-11-10T01:28:11.714552Z","level":"info","event":"2022-05-01 17시: 5001~6000 완료 (86104개 누적)","logger":"task.stdout"}
{"timestamp":"2025-11-10T01:28:13.039880Z","level":"info","event":"2022-05-01 17시: 6001~7000 완료 (87104개 누적)","logger":"task.stdout"}
{"timestamp":"2025-11-10T01:28:14.363365Z","level":"info","event":"2022-05-01 17시: 7001~8000 완료 (88104개 누적)","logger":"task.stdout"}
{"timestamp":"2025-11-10T01:28:15.767076Z","level":"info","event":"2022-05-01 17시: 8001~9000 완료 (89104개 누적)","logger":"task.stdout"}
{"timestamp":"2025-11-10T01:28:17.088006Z","level":"info","event":"2022-05-01 17시: 9001~9940 완료 (90044개 누적)","logger":"task.stdout"}
{"timestamp":"2025-11-10T01:28:19.329257Z","level":"info","event":"2022-05-01 18시: 1~1000 완료 (91044개 누적)","logger":"task.stdout"}
{"timestamp":"2025-11-10T01:28:20.600077Z","level":"info","event":"2022-05-01 18시: 1001~2000 완료 (92044개 누적)","logger":"task.stdout"}
{"timestamp":"2025-11-10T01:28:21.880279Z","level":"info","event":"2022-05-01 18시: 2001~3000 완료 (93044개 누적)","logger":"task.stdout"}
{"timestamp":"2025-11-10T01:28:23.193240Z","level":"info","event":"2022-05-01 18시: 3001~4000 완료 (94044개 누적)","logger":"task.stdout"}
{"timestamp":"2025-11-10T01:28:24.375720Z","level":"info","event":"2022-05-01 18시: 4001~5000 완료 (95044개 누적)","logger":"task.stdout"}
{"timestamp":"2025-11-10T01:28:25.727685Z","level":"info","event":"2022-05-01 18시: 5001~6000 완료 (96044개 누적)","logger":"task.stdout"}
{"timestamp":"2025-11-10T01:28:27.077911Z","level":"info","event":"2022-05-01 18시: 6001~7000 완료 (97044개 누적)","logger":"task.stdout"}
{"timestamp":"2025-11-10T01:28:28.338107Z","level":"info","event":"2022-05-01 18시: 7001~8000 완료 (98044개 누적)","logger":"task.stdout"}
{"timestamp":"2025-11-10T01:28:29.583042Z","level":"info","event":"2022-05-01 18시: 8001~8559 완료 (98603개 누적)","logger":"task.stdout"}
{"timestamp":"2025-11-10T01:28:31.736388Z","level":"info","event":"2022-05-01 19시: 1~1000 완료 (99603개 누적)","logger":"task.stdout"}
{"timestamp":"2025-11-10T01:28:32.912137Z","level":"info","event":"2022-05-01 19시: 1001~2000 완료 (100603개 누적)","logger":"task.stdout"}
{"timestamp":"2025-11-10T01:28:34.106642Z","level":"info","event":"2022-05-01 19시: 2001~3000 완료 (101603개 누적)","logger":"task.stdout"}
{"timestamp":"2025-11-10T01:28:35.381979Z","level":"info","event":"2022-05-01 19시: 3001~4000 완료 (102603개 누적)","logger":"task.stdout"}
{"timestamp":"2025-11-10T01:28:36.572890Z","level":"info","event":"2022-05-01 19시: 4001~5000 완료 (103603개 누적)","logger":"task.stdout"}
{"timestamp":"2025-11-10T01:28:37.785293Z","level":"info","event":"2022-05-01 19시: 5001~6000 완료 (104603개 누적)","logger":"task.stdout"}
{"timestamp":"2025-11-10T01:28:39.024627Z","level":"info","event":"2022-05-01 19시: 6001~6845 완료 (105448개 누적)","logger":"task.stdout"}
{"timestamp":"2025-11-10T01:28:41.126638Z","level":"info","event":"2022-05-01 20시: 1~1000 완료 (106448개 누적)","logger":"task.stdout"}
{"timestamp":"2025-11-10T01:28:42.273489Z","level":"info","event":"2022-05-01 20시: 1001~2000 완료 (107448개 누적)","logger":"task.stdout"}
{"timestamp":"2025-11-10T01:28:43.444707Z","level":"info","event":"2022-05-01 20시: 2001~3000 완료 (108448개 누적)","logger":"task.stdout"}
{"timestamp":"2025-11-10T01:28:44.609834Z","level":"info","event":"2022-05-01 20시: 3001~4000 완료 (109448개 누적)","logger":"task.stdout"}
{"timestamp":"2025-11-10T01:28:45.813991Z","level":"info","event":"2022-05-01 20시: 4001~5000 완료 (110448개 누적)","logger":"task.stdout"}
{"timestamp":"2025-11-10T01:28:46.990287Z","level":"info","event":"2022-05-01 20시: 5001~6000 완료 (111448개 누적)","logger":"task.stdout"}
{"timestamp":"2025-11-10T01:28:48.005087Z","level":"info","event":"2022-05-01 20시: 6001~6086 완료 (111534개 누적)","logger":"task.stdout"}
{"timestamp":"2025-11-10T01:28:50.059853Z","level":"info","event":"2022-05-01 21시: 1~1000 완료 (112534개 누적)","logger":"task.stdout"}
{"timestamp":"2025-11-10T01:28:51.194693Z","level":"info","event":"2022-05-01 21시: 1001~2000 완료 (113534개 누적)","logger":"task.stdout"}
{"timestamp":"2025-11-10T01:28:52.353640Z","level":"info","event":"2022-05-01 21시: 2001~3000 완료 (114534개 누적)","logger":"task.stdout"}
{"timestamp":"2025-11-10T01:28:53.474109Z","level":"info","event":"2022-05-01 21시: 3001~4000 완료 (115534개 누적)","logger":"task.stdout"}
{"timestamp":"2025-11-10T01:28:54.649450Z","level":"info","event":"2022-05-01 21시: 4001~5000 완료 (116534개 누적)","logger":"task.stdout"}
{"timestamp":"2025-11-10T01:28:55.771781Z","level":"info","event":"2022-05-01 21시: 5001~5590 완료 (117124개 누적)","logger":"task.stdout"}
{"timestamp":"2025-11-10T01:28:57.783904Z","level":"info","event":"2022-05-01 22시: 1~1000 완료 (118124개 누적)","logger":"task.stdout"}
{"timestamp":"2025-11-10T01:28:58.970930Z","level":"info","event":"2022-05-01 22시: 1001~2000 완료 (119124개 누적)","logger":"task.stdout"}
{"timestamp":"2025-11-10T01:29:00.094875Z","level":"info","event":"2022-05-01 22시: 2001~3000 완료 (120124개 누적)","logger":"task.stdout"}
{"timestamp":"2025-11-10T01:29:01.220712Z","level":"info","event":"2022-05-01 22시: 3001~4000 완료 (121124개 누적)","logger":"task.stdout"}
{"timestamp":"2025-11-10T01:29:02.257334Z","level":"info","event":"2022-05-01 22시: 4001~4432 완료 (121556개 누적)","logger":"task.stdout"}
{"timestamp":"2025-11-10T01:29:04.115299Z","level":"info","event":"2022-05-01 23시: 1~1000 완료 (122556개 누적)","logger":"task.stdout"}
{"timestamp":"2025-11-10T01:29:05.204652Z","level":"info","event":"2022-05-01 23시: 1001~2000 완료 (123556개 누적)","logger":"task.stdout"}
{"timestamp":"2025-11-10T01:29:06.249012Z","level":"info","event":"2022-05-01 23시: 2001~3000 완료 (124556개 누적)","logger":"task.stdout"}
{"timestamp":"2025-11-10T01:29:07.200663Z","level":"info","event":"2022-05-01 23시: 3001~3213 완료 (124769개 누적)","logger":"task.stdout"}
{"timestamp":"2025-11-10T01:29:11.407809Z","level":"info","event":"2022-05-02 00시: 1~1000 완료 (125769개 누적)","logger":"task.stdout"}
{"timestamp":"2025-11-10T01:29:12.576548Z","level":"info","event":"2022-05-02 00시: 1001~2000 완료 (126769개 누적)","logger":"task.stdout"}
{"timestamp":"2025-11-10T01:29:13.701141Z","level":"info","event":"2022-05-02 00시: 2001~2517 완료 (127286개 누적)","logger":"task.stdout"}
{"timestamp":"2025-11-10T01:29:15.735883Z","level":"info","event":"2022-05-02 01시: 1~1000 완료 (128286개 누적)","logger":"task.stdout"}
{"timestamp":"2025-11-10T01:29:16.834291Z","level":"info","event":"2022-05-02 01시: 1001~1528 완료 (128814개 누적)","logger":"task.stdout"}
{"timestamp":"2025-11-10T01:29:18.860576Z","level":"info","event":"2022-05-02 02시: 1~885 완료 (129699개 누적)","logger":"task.stdout"}
{"timestamp":"2025-11-10T01:29:20.889863Z","level":"info","event":"2022-05-02 03시: 1~570 완료 (130269개 누적)","logger":"task.stdout"}
{"timestamp":"2025-11-10T01:29:22.834251Z","level":"info","event":"2022-05-02 04시: 1~561 완료 (130830개 누적)","logger":"task.stdout"}
{"timestamp":"2025-11-10T01:29:24.834976Z","level":"info","event":"2022-05-02 05시: 1~1000 완료 (131830개 누적)","logger":"task.stdout"}
{"timestamp":"2025-11-10T01:29:25.910849Z","level":"info","event":"2022-05-02 05시: 1001~1263 완료 (132093개 누적)","logger":"task.stdout"}
{"timestamp":"2025-11-10T01:29:28.123593Z","level":"info","event":"2022-05-02 06시: 1~1000 완료 (133093개 누적)","logger":"task.stdout"}
{"timestamp":"2025-11-10T01:29:29.347153Z","level":"info","event":"2022-05-02 06시: 1001~2000 완료 (134093개 누적)","logger":"task.stdout"}
{"timestamp":"2025-11-10T01:29:30.521953Z","level":"info","event":"2022-05-02 06시: 2001~3000 완료 (135093개 누적)","logger":"task.stdout"}
{"timestamp":"2025-11-10T01:29:31.595043Z","level":"info","event":"2022-05-02 06시: 3001~3139 완료 (135232개 누적)","logger":"task.stdout"}
{"timestamp":"2025-11-10T01:29:34.070574Z","level":"info","event":"2022-05-02 07시: 1~1000 완료 (136232개 누적)","logger":"task.stdout"}
{"timestamp":"2025-11-10T01:29:35.441611Z","level":"info","event":"2022-05-02 07시: 1001~2000 완료 (137232개 누적)","logger":"task.stdout"}
{"timestamp":"2025-11-10T01:29:36.810759Z","level":"info","event":"2022-05-02 07시: 2001~3000 완료 (138232개 누적)","logger":"task.stdout"}
{"timestamp":"2025-11-10T01:29:38.148073Z","level":"info","event":"2022-05-02 07시: 3001~4000 완료 (139232개 누적)","logger":"task.stdout"}
{"timestamp":"2025-11-10T01:29:39.543759Z","level":"info","event":"2022-05-02 07시: 4001~5000 완료 (140232개 누적)","logger":"task.stdout"}
{"timestamp":"2025-11-10T01:29:40.932603Z","level":"info","event":"2022-05-02 07시: 5001~6000 완료 (141232개 누적)","logger":"task.stdout"}
{"timestamp":"2025-11-10T01:29:42.227466Z","level":"info","event":"2022-05-02 07시: 6001~7000 완료 (142232개 누적)","logger":"task.stdout"}
{"timestamp":"2025-11-10T01:29:43.587996Z","level":"info","event":"2022-05-02 07시: 7001~8000 완료 (143232개 누적)","logger":"task.stdout"}
{"timestamp":"2025-11-10T01:29:44.884309Z","level":"info","event":"2022-05-02 07시: 8001~8274 완료 (143506개 누적)","logger":"task.stdout"}
{"timestamp":"2025-11-10T01:29:47.693678Z","level":"info","event":"2022-05-02 08시: 1~1000 완료 (144506개 누적)","logger":"task.stdout"}
{"timestamp":"2025-11-10T01:29:49.243636Z","level":"info","event":"2022-05-02 08시: 1001~2000 완료 (145506개 누적)","logger":"task.stdout"}
{"timestamp":"2025-11-10T01:29:50.868664Z","level":"info","event":"2022-05-02 08시: 2001~3000 완료 (146506개 누적)","logger":"task.stdout"}
{"timestamp":"2025-11-10T01:29:52.511658Z","level":"info","event":"2022-05-02 08시: 3001~4000 완료 (147506개 누적)","logger":"task.stdout"}
{"timestamp":"2025-11-10T01:29:54.080877Z","level":"info","event":"2022-05-02 08시: 4001~5000 완료 (148506개 누적)","logger":"task.stdout"}
{"timestamp":"2025-11-10T01:29:55.781797Z","level":"info","event":"2022-05-02 08시: 5001~6000 완료 (149506개 누적)","logger":"task.stdout"}
{"timestamp":"2025-11-10T01:29:57.225502Z","level":"info","event":"2022-05-02 08시: 6001~7000 완료 (150506개 누적)","logger":"task.stdout"}
{"timestamp":"2025-11-10T01:29:58.751250Z","level":"info","event":"2022-05-02 08시: 7001~8000 완료 (151506개 누적)","logger":"task.stdout"}
{"timestamp":"2025-11-10T01:30:00.386396Z","level":"info","event":"2022-05-02 08시: 8001~9000 완료 (152506개 누적)","logger":"task.stdout"}
{"timestamp":"2025-11-10T01:30:01.921602Z","level":"info","event":"2022-05-02 08시: 9001~10000 완료 (153506개 누적)","logger":"task.stdout"}
{"timestamp":"2025-11-10T01:30:03.558855Z","level":"info","event":"2022-05-02 08시: 10001~11000 완료 (154506개 누적)","logger":"task.stdout"}
{"timestamp":"2025-11-10T01:30:05.616382Z","level":"info","event":"2022-05-02 08시: 11001~12000 완료 (155506개 누적)","logger":"task.stdout"}
{"timestamp":"2025-11-10T01:30:07.409151Z","level":"info","event":"2022-05-02 08시: 12001~13000 완료 (156506개 누적)","logger":"task.stdout"}
{"timestamp":"2025-11-10T01:30:08.848341Z","level":"info","event":"2022-05-02 08시: 13001~13262 완료 (156768개 누적)","logger":"task.stdout"}
{"timestamp":"2025-11-10T01:30:11.271459Z","level":"info","event":"2022-05-02 09시: 1~1000 완료 (157768개 누적)","logger":"task.stdout"}
{"timestamp":"2025-11-10T01:30:12.561700Z","level":"info","event":"2022-05-02 09시: 1001~2000 완료 (158768개 누적)","logger":"task.stdout"}
{"timestamp":"2025-11-10T01:30:13.862056Z","level":"info","event":"2022-05-02 09시: 2001~3000 완료 (159768개 누적)","logger":"task.stdout"}
{"timestamp":"2025-11-10T01:30:15.178315Z","level":"info","event":"2022-05-02 09시: 3001~4000 완료 (160768개 누적)","logger":"task.stdout"}
{"timestamp":"2025-11-10T01:30:16.424089Z","level":"info","event":"2022-05-02 09시: 4001~5000 완료 (161768개 누적)","logger":"task.stdout"}
{"timestamp":"2025-11-10T01:30:17.749801Z","level":"info","event":"2022-05-02 09시: 5001~6000 완료 (162768개 누적)","logger":"task.stdout"}
{"timestamp":"2025-11-10T01:30:19.073561Z","level":"info","event":"2022-05-02 09시: 6001~6920 완료 (163688개 누적)","logger":"task.stdout"}
{"timestamp":"2025-11-10T01:30:21.444928Z","level":"info","event":"2022-05-02 10시: 1~1000 완료 (164688개 누적)","logger":"task.stdout"}
{"timestamp":"2025-11-10T01:30:22.688956Z","level":"info","event":"2022-05-02 10시: 1001~2000 완료 (165688개 누적)","logger":"task.stdout"}
{"timestamp":"2025-11-10T01:30:23.940776Z","level":"info","event":"2022-05-02 10시: 2001~3000 완료 (166688개 누적)","logger":"task.stdout"}
{"timestamp":"2025-11-10T01:30:25.266613Z","level":"info","event":"2022-05-02 10시: 3001~4000 완료 (167688개 누적)","logger":"task.stdout"}
{"timestamp":"2025-11-10T01:30:26.505753Z","level":"info","event":"2022-05-02 10시: 4001~4966 완료 (168654개 누적)","logger":"task.stdout"}
{"timestamp":"2025-11-10T01:30:28.850385Z","level":"info","event":"2022-05-02 11시: 1~1000 완료 (169654개 누적)","logger":"task.stdout"}
{"timestamp":"2025-11-10T01:30:30.274926Z","level":"info","event":"2022-05-02 11시: 1001~2000 완료 (170654개 누적)","logger":"task.stdout"}
{"timestamp":"2025-11-10T01:30:31.578623Z","level":"info","event":"2022-05-02 11시: 2001~3000 완료 (171654개 누적)","logger":"task.stdout"}
{"timestamp":"2025-11-10T01:30:32.875848Z","level":"info","event":"2022-05-02 11시: 3001~4000 완료 (172654개 누적)","logger":"task.stdout"}
{"timestamp":"2025-11-10T01:30:34.188190Z","level":"info","event":"2022-05-02 11시: 4001~5000 완료 (173654개 누적)","logger":"task.stdout"}
{"timestamp":"2025-11-10T01:30:35.425902Z","level":"info","event":"2022-05-02 11시: 5001~5797 완료 (174451개 누적)","logger":"task.stdout"}
{"timestamp":"2025-11-10T01:30:37.791499Z","level":"info","event":"2022-05-02 12시: 1~1000 완료 (175451개 누적)","logger":"task.stdout"}
{"timestamp":"2025-11-10T01:30:39.059961Z","level":"info","event":"2022-05-02 12시: 1001~2000 완료 (176451개 누적)","logger":"task.stdout"}
{"timestamp":"2025-11-10T01:30:40.343210Z","level":"info","event":"2022-05-02 12시: 2001~3000 완료 (177451개 누적)","logger":"task.stdout"}
{"timestamp":"2025-11-10T01:30:41.608873Z","level":"info","event":"2022-05-02 12시: 3001~4000 완료 (178451개 누적)","logger":"task.stdout"}
{"timestamp":"2025-11-10T01:30:42.953388Z","level":"info","event":"2022-05-02 12시: 4001~5000 완료 (179451개 누적)","logger":"task.stdout"}
{"timestamp":"2025-11-10T01:30:44.414110Z","level":"info","event":"2022-05-02 12시: 5001~6000 완료 (180451개 누적)","logger":"task.stdout"}
{"timestamp":"2025-11-10T01:30:45.764709Z","level":"info","event":"2022-05-02 12시: 6001~6571 완료 (181022개 누적)","logger":"task.stdout"}
{"timestamp":"2025-11-10T01:30:48.192832Z","level":"info","event":"2022-05-02 13시: 1~1000 완료 (182022개 누적)","logger":"task.stdout"}
{"timestamp":"2025-11-10T01:30:49.658316Z","level":"info","event":"2022-05-02 13시: 1001~2000 완료 (183022개 누적)","logger":"task.stdout"}
{"timestamp":"2025-11-10T01:30:51.040996Z","level":"info","event":"2022-05-02 13시: 2001~3000 완료 (184022개 누적)","logger":"task.stdout"}
{"timestamp":"2025-11-10T01:30:52.400635Z","level":"info","event":"2022-05-02 13시: 3001~4000 완료 (185022개 누적)","logger":"task.stdout"}
{"timestamp":"2025-11-10T01:30:53.855073Z","level":"info","event":"2022-05-02 13시: 4001~5000 완료 (186022개 누적)","logger":"task.stdout"}
{"timestamp":"2025-11-10T01:30:55.247945Z","level":"info","event":"2022-05-02 13시: 5001~6000 완료 (187022개 누적)","logger":"task.stdout"}
{"timestamp":"2025-11-10T01:30:56.521946Z","level":"info","event":"2022-05-02 13시: 6001~6234 완료 (187256개 누적)","logger":"task.stdout"}
{"timestamp":"2025-11-10T01:30:58.913127Z","level":"info","event":"2022-05-02 14시: 1~1000 완료 (188256개 누적)","logger":"task.stdout"}
{"timestamp":"2025-11-10T01:31:00.197211Z","level":"info","event":"2022-05-02 14시: 1001~2000 완료 (189256개 누적)","logger":"task.stdout"}
{"timestamp":"2025-11-10T01:31:01.517885Z","level":"info","event":"2022-05-02 14시: 2001~3000 완료 (190256개 누적)","logger":"task.stdout"}
{"timestamp":"2025-11-10T01:31:02.875529Z","level":"info","event":"2022-05-02 14시: 3001~4000 완료 (191256개 누적)","logger":"task.stdout"}
{"timestamp":"2025-11-10T01:31:04.282349Z","level":"info","event":"2022-05-02 14시: 4001~5000 완료 (192256개 누적)","logger":"task.stdout"}
{"timestamp":"2025-11-10T01:31:05.714377Z","level":"info","event":"2022-05-02 14시: 5001~6000 완료 (193256개 누적)","logger":"task.stdout"}
{"timestamp":"2025-11-10T01:31:06.956560Z","level":"info","event":"2022-05-02 14시: 6001~6341 완료 (193597개 누적)","logger":"task.stdout"}
{"timestamp":"2025-11-10T01:31:09.383969Z","level":"info","event":"2022-05-02 15시: 1~1000 완료 (194597개 누적)","logger":"task.stdout"}
{"timestamp":"2025-11-10T01:31:10.743974Z","level":"info","event":"2022-05-02 15시: 1001~2000 완료 (195597개 누적)","logger":"task.stdout"}
{"timestamp":"2025-11-10T01:31:12.195368Z","level":"info","event":"2022-05-02 15시: 2001~3000 완료 (196597개 누적)","logger":"task.stdout"}
{"timestamp":"2025-11-10T01:31:13.586872Z","level":"info","event":"2022-05-02 15시: 3001~4000 완료 (197597개 누적)","logger":"task.stdout"}
{"timestamp":"2025-11-10T01:31:14.875489Z","level":"info","event":"2022-05-02 15시: 4001~5000 완료 (198597개 누적)","logger":"task.stdout"}
{"timestamp":"2025-11-10T01:31:16.425772Z","level":"info","event":"2022-05-02 15시: 5001~6000 완료 (199597개 누적)","logger":"task.stdout"}
{"timestamp":"2025-11-10T01:31:17.932861Z","level":"info","event":"2022-05-02 15시: 6001~7000 완료 (200597개 누적)","logger":"task.stdout"}
{"timestamp":"2025-11-10T01:31:19.158807Z","level":"info","event":"2022-05-02 15시: 7001~7057 완료 (200654개 누적)","logger":"task.stdout"}
{"timestamp":"2025-11-10T01:31:21.800443Z","level":"info","event":"2022-05-02 16시: 1~1000 완료 (201654개 누적)","logger":"task.stdout"}
{"timestamp":"2025-11-10T01:31:23.223313Z","level":"info","event":"2022-05-02 16시: 1001~2000 완료 (202654개 누적)","logger":"task.stdout"}
{"timestamp":"2025-11-10T01:31:24.798442Z","level":"info","event":"2022-05-02 16시: 2001~3000 완료 (203654개 누적)","logger":"task.stdout"}
{"timestamp":"2025-11-10T01:31:26.305773Z","level":"info","event":"2022-05-02 16시: 3001~4000 완료 (204654개 누적)","logger":"task.stdout"}
{"timestamp":"2025-11-10T01:31:27.768033Z","level":"info","event":"2022-05-02 16시: 4001~5000 완료 (205654개 누적)","logger":"task.stdout"}
{"timestamp":"2025-11-10T01:31:29.315729Z","level":"info","event":"2022-05-02 16시: 5001~6000 완료 (206654개 누적)","logger":"task.stdout"}
{"timestamp":"2025-11-10T01:31:30.910238Z","level":"info","event":"2022-05-02 16시: 6001~7000 완료 (207654개 누적)","logger":"task.stdout"}
{"timestamp":"2025-11-10T01:31:32.559917Z","level":"info","event":"2022-05-02 16시: 7001~8000 완료 (208654개 누적)","logger":"task.stdout"}
{"timestamp":"2025-11-10T01:31:33.916822Z","level":"info","event":"2022-05-02 16시: 8001~9000 완료 (209654개 누적)","logger":"task.stdout"}
{"timestamp":"2025-11-10T01:31:35.295120Z","level":"info","event":"2022-05-02 16시: 9001~9239 완료 (209893개 누적)","logger":"task.stdout"}
{"timestamp":"2025-11-10T01:31:38.297833Z","level":"info","event":"2022-05-02 17시: 1~1000 완료 (210893개 누적)","logger":"task.stdout"}
{"timestamp":"2025-11-10T01:31:39.799330Z","level":"info","event":"2022-05-02 17시: 1001~2000 완료 (211893개 누적)","logger":"task.stdout"}
{"timestamp":"2025-11-10T01:31:41.587069Z","level":"info","event":"2022-05-02 17시: 2001~3000 완료 (212893개 누적)","logger":"task.stdout"}
{"timestamp":"2025-11-10T01:31:43.201124Z","level":"info","event":"2022-05-02 17시: 3001~4000 완료 (213893개 누적)","logger":"task.stdout"}
{"timestamp":"2025-11-10T01:31:44.783727Z","level":"info","event":"2022-05-02 17시: 4001~5000 완료 (214893개 누적)","logger":"task.stdout"}
{"timestamp":"2025-11-10T01:31:46.445667Z","level":"info","event":"2022-05-02 17시: 5001~6000 완료 (215893개 누적)","logger":"task.stdout"}
{"timestamp":"2025-11-10T01:31:47.926236Z","level":"info","event":"2022-05-02 17시: 6001~7000 완료 (216893개 누적)","logger":"task.stdout"}
{"timestamp":"2025-11-10T01:31:49.554090Z","level":"info","event":"2022-05-02 17시: 7001~8000 완료 (217893개 누적)","logger":"task.stdout"}
{"timestamp":"2025-11-10T01:31:51.260468Z","level":"info","event":"2022-05-02 17시: 8001~9000 완료 (218893개 누적)","logger":"task.stdout"}
{"timestamp":"2025-11-10T01:31:53.064545Z","level":"info","event":"2022-05-02 17시: 9001~10000 완료 (219893개 누적)","logger":"task.stdout"}
{"timestamp":"2025-11-10T01:31:54.667600Z","level":"info","event":"2022-05-02 17시: 10001~11000 완료 (220893개 누적)","logger":"task.stdout"}
{"timestamp":"2025-11-10T01:31:56.547662Z","level":"info","event":"2022-05-02 17시: 11001~12000 완료 (221893개 누적)","logger":"task.stdout"}
{"timestamp":"2025-11-10T01:31:58.106733Z","level":"info","event":"2022-05-02 17시: 12001~13000 완료 (222893개 누적)","logger":"task.stdout"}
{"timestamp":"2025-11-10T01:31:59.594472Z","level":"info","event":"2022-05-02 17시: 13001~13391 완료 (223284개 누적)","logger":"task.stdout"}
{"timestamp":"2025-11-10T01:32:03.261909Z","level":"info","event":"2022-05-02 18시: 1~1000 완료 (224284개 누적)","logger":"task.stdout"}
{"timestamp":"2025-11-10T01:32:05.249601Z","level":"info","event":"2022-05-02 18시: 1001~2000 완료 (225284개 누적)","logger":"task.stdout"}
{"timestamp":"2025-11-10T01:32:07.206133Z","level":"info","event":"2022-05-02 18시: 2001~3000 완료 (226284개 누적)","logger":"task.stdout"}
{"timestamp":"2025-11-10T01:32:09.259227Z","level":"info","event":"2022-05-02 18시: 4001~5000 완료 (227284개 누적)","logger":"task.stdout"}
{"timestamp":"2025-11-10T01:32:11.231464Z","level":"info","event":"2022-05-02 18시: 5001~6000 완료 (228284개 누적)","logger":"task.stdout"}
{"timestamp":"2025-11-10T01:32:21.016130Z","level":"info","event":"2022-05-02 18시: 요청 실패 - HTTPConnectionPool(host='openapi.seoul.go.kr', port=8088): Max retries exceeded with url: /574d4268426539373930666f4b654e/json/tbCycleRentData/6001/7000/2022-05-02/18 (Caused by NameResolutionError(\"<urllib3.connection.HTTPConnection object at 0xffff7be8ab70>: Failed to resolve 'openapi.seoul.go.kr' ([Errno -5] No address associated with hostname)\"))","logger":"task.stdout"}
{"timestamp":"2025-11-10T01:32:21.018967Z","level":"info","event":"2022-05-02 19시: 응답 없음","logger":"task.stdout"}
{"timestamp":"2025-11-10T01:32:23.049974Z","level":"info","event":"2022-05-02 20시: 1~1000 완료 (229284개 누적)","logger":"task.stdout"}
{"timestamp":"2025-11-10T01:32:24.526222Z","level":"info","event":"2022-05-02 20시: 1001~2000 완료 (230284개 누적)","logger":"task.stdout"}
{"timestamp":"2025-11-10T01:32:26.134210Z","level":"info","event":"2022-05-02 20시: 2001~3000 완료 (231284개 누적)","logger":"task.stdout"}
{"timestamp":"2025-11-10T01:32:27.992814Z","level":"info","event":"2022-05-02 20시: 3001~4000 완료 (232284개 누적)","logger":"task.stdout"}
{"timestamp":"2025-11-10T01:32:29.639747Z","level":"info","event":"2022-05-02 20시: 4001~5000 완료 (233284개 누적)","logger":"task.stdout"}
{"timestamp":"2025-11-10T01:32:31.347110Z","level":"info","event":"2022-05-02 20시: 5001~6000 완료 (234284개 누적)","logger":"task.stdout"}
{"timestamp":"2025-11-10T01:32:32.874393Z","level":"info","event":"2022-05-02 20시: 6001~7000 완료 (235284개 누적)","logger":"task.stdout"}
{"timestamp":"2025-11-10T01:32:34.520320Z","level":"info","event":"2022-05-02 20시: 7001~8000 완료 (236284개 누적)","logger":"task.stdout"}
{"timestamp":"2025-11-10T01:32:36.033345Z","level":"info","event":"2022-05-02 20시: 8001~9000 완료 (237284개 누적)","logger":"task.stdout"}
{"timestamp":"2025-11-10T01:32:37.550778Z","level":"info","event":"2022-05-02 20시: 9001~9995 완료 (238279개 누적)","logger":"task.stdout"}
{"timestamp":"2025-11-10T01:32:40.282126Z","level":"info","event":"2022-05-02 21시: 1~1000 완료 (239279개 누적)","logger":"task.stdout"}
{"timestamp":"2025-11-10T01:32:41.853640Z","level":"info","event":"2022-05-02 21시: 1001~2000 완료 (240279개 누적)","logger":"task.stdout"}
{"timestamp":"2025-11-10T01:32:43.353713Z","level":"info","event":"2022-05-02 21시: 2001~3000 완료 (241279개 누적)","logger":"task.stdout"}
{"timestamp":"2025-11-10T01:32:45.044142Z","level":"info","event":"2022-05-02 21시: 3001~4000 완료 (242279개 누적)","logger":"task.stdout"}
{"timestamp":"2025-11-10T01:32:46.486369Z","level":"info","event":"2022-05-02 21시: 4001~5000 완료 (243279개 누적)","logger":"task.stdout"}
{"timestamp":"2025-11-10T01:32:47.828035Z","level":"info","event":"2022-05-02 21시: 5001~6000 완료 (244279개 누적)","logger":"task.stdout"}
{"timestamp":"2025-11-10T01:32:49.429141Z","level":"info","event":"2022-05-02 21시: 6001~7000 완료 (245279개 누적)","logger":"task.stdout"}
{"timestamp":"2025-11-10T01:32:50.975442Z","level":"info","event":"2022-05-02 21시: 7001~8000 완료 (246279개 누적)","logger":"task.stdout"}
{"timestamp":"2025-11-10T01:32:52.400329Z","level":"info","event":"2022-05-02 21시: 8001~8877 완료 (247156개 누적)","logger":"task.stdout"}
{"timestamp":"2025-11-10T01:32:59.694597Z","level":"critical","event":"Process terminated by signal. Likely out of memory error (OOM). For more information, see https://airflow.apache.org/docs/apache-airflow/stable/troubleshooting.html#process-terminated-by-signal.","signal":-9,"signal_name":"SIGKILL","logger":"task"}
