{"timestamp":"2025-11-10T01:21:20.846797Z","level":"info","event":"DAG bundles loaded: dags-folder","logger":"airflow.dag_processing.bundles.manager.DagBundlesManager","filename":"manager.py","lineno":179}
{"timestamp":"2025-11-10T01:21:20.852398Z","level":"info","event":"Filling up the DagBag from /opt/airflow/dags/seoul_bike_rent_2022.py","logger":"airflow.models.dagbag.DagBag","filename":"dagbag.py","lineno":593}
{"timestamp":"2025-11-10T01:21:20.917558Z","level":"warning","event":"The `airflow.operators.python.PythonOperator` attribute is deprecated. Please use `'airflow.providers.standard.operators.python.PythonOperator'`.","category":"DeprecatedImportWarning","filename":"/opt/airflow/dags/seoul_bike_rent_2022.py","lineno":2,"logger":"py.warnings"}
{"timestamp":"2025-11-10T01:21:21.029987Z","level":"info","event":"Found credentials in environment variables.","logger":"botocore.credentials","filename":"credentials.py","lineno":1224}
{"timestamp":"2025-11-10T01:21:21.617759Z","level":"info","event":"유효한 정거장 3202개 로드","logger":"task.stdout"}
{"timestamp":"2025-11-10T01:21:24.991656Z","level":"info","event":"2022-04-01 00시: 1~1000 완료 (1000개 누적)","logger":"task.stdout"}
{"timestamp":"2025-11-10T01:21:27.106923Z","level":"info","event":"2022-04-01 00시: 1001~2000 완료 (2000개 누적)","logger":"task.stdout"}
{"timestamp":"2025-11-10T01:21:28.084388Z","level":"info","event":"2022-04-01 00시: 2001~2228 완료 (2228개 누적)","logger":"task.stdout"}
{"timestamp":"2025-11-10T01:21:29.891668Z","level":"info","event":"2022-04-01 01시: 1~1000 완료 (3228개 누적)","logger":"task.stdout"}
{"timestamp":"2025-11-10T01:21:30.730823Z","level":"info","event":"2022-04-01 01시: 1001~1141 완료 (3369개 누적)","logger":"task.stdout"}
{"timestamp":"2025-11-10T01:21:32.349318Z","level":"info","event":"2022-04-01 02시: 1~714 완료 (4083개 누적)","logger":"task.stdout"}
{"timestamp":"2025-11-10T01:21:33.944986Z","level":"info","event":"2022-04-01 03시: 1~422 완료 (4505개 누적)","logger":"task.stdout"}
{"timestamp":"2025-11-10T01:21:35.572791Z","level":"info","event":"2022-04-01 04시: 1~393 완료 (4898개 누적)","logger":"task.stdout"}
{"timestamp":"2025-11-10T01:21:37.250643Z","level":"info","event":"2022-04-01 05시: 1~805 완료 (5703개 누적)","logger":"task.stdout"}
{"timestamp":"2025-11-10T01:21:39.184911Z","level":"info","event":"2022-04-01 06시: 1~1000 완료 (6703개 누적)","logger":"task.stdout"}
{"timestamp":"2025-11-10T01:21:40.212711Z","level":"info","event":"2022-04-01 06시: 1001~1964 완료 (7667개 누적)","logger":"task.stdout"}
{"timestamp":"2025-11-10T01:21:42.675464Z","level":"info","event":"2022-04-01 07시: 1~1000 완료 (8667개 누적)","logger":"task.stdout"}
{"timestamp":"2025-11-10T01:21:43.893445Z","level":"info","event":"2022-04-01 07시: 1001~2000 완료 (9667개 누적)","logger":"task.stdout"}
{"timestamp":"2025-11-10T01:21:44.995041Z","level":"info","event":"2022-04-01 07시: 2001~3000 완료 (10667개 누적)","logger":"task.stdout"}
{"timestamp":"2025-11-10T01:21:46.139106Z","level":"info","event":"2022-04-01 07시: 3001~4000 완료 (11667개 누적)","logger":"task.stdout"}
{"timestamp":"2025-11-10T01:21:47.188577Z","level":"info","event":"2022-04-01 07시: 4001~5000 완료 (12667개 누적)","logger":"task.stdout"}
{"timestamp":"2025-11-10T01:21:48.458508Z","level":"info","event":"2022-04-01 07시: 5001~5702 완료 (13369개 누적)","logger":"task.stdout"}
{"timestamp":"2025-11-10T01:21:50.964630Z","level":"info","event":"2022-04-01 08시: 1~1000 완료 (14369개 누적)","logger":"task.stdout"}
{"timestamp":"2025-11-10T01:21:52.607202Z","level":"info","event":"2022-04-01 08시: 1001~2000 완료 (15369개 누적)","logger":"task.stdout"}
{"timestamp":"2025-11-10T01:21:53.819924Z","level":"info","event":"2022-04-01 08시: 2001~3000 완료 (16369개 누적)","logger":"task.stdout"}
{"timestamp":"2025-11-10T01:21:55.088926Z","level":"info","event":"2022-04-01 08시: 3001~4000 완료 (17369개 누적)","logger":"task.stdout"}
{"timestamp":"2025-11-10T01:21:56.336116Z","level":"info","event":"2022-04-01 08시: 4001~5000 완료 (18369개 누적)","logger":"task.stdout"}
{"timestamp":"2025-11-10T01:21:57.554946Z","level":"info","event":"2022-04-01 08시: 5001~6000 완료 (19369개 누적)","logger":"task.stdout"}
{"timestamp":"2025-11-10T01:21:58.779511Z","level":"info","event":"2022-04-01 08시: 6001~7000 완료 (20369개 누적)","logger":"task.stdout"}
{"timestamp":"2025-11-10T01:22:00.033440Z","level":"info","event":"2022-04-01 08시: 7001~8000 완료 (21369개 누적)","logger":"task.stdout"}
{"timestamp":"2025-11-10T01:22:01.305880Z","level":"info","event":"2022-04-01 08시: 8001~9000 완료 (22369개 누적)","logger":"task.stdout"}
{"timestamp":"2025-11-10T01:22:02.504142Z","level":"info","event":"2022-04-01 08시: 9001~9393 완료 (22762개 누적)","logger":"task.stdout"}
{"timestamp":"2025-11-10T01:22:04.510895Z","level":"info","event":"2022-04-01 09시: 1~1000 완료 (23762개 누적)","logger":"task.stdout"}
{"timestamp":"2025-11-10T01:22:05.683231Z","level":"info","event":"2022-04-01 09시: 1001~2000 완료 (24762개 누적)","logger":"task.stdout"}
{"timestamp":"2025-11-10T01:22:06.725698Z","level":"info","event":"2022-04-01 09시: 2001~3000 완료 (25762개 누적)","logger":"task.stdout"}
{"timestamp":"2025-11-10T01:22:07.884400Z","level":"info","event":"2022-04-01 09시: 3001~4000 완료 (26762개 누적)","logger":"task.stdout"}
{"timestamp":"2025-11-10T01:22:08.992566Z","level":"info","event":"2022-04-01 09시: 4001~4912 완료 (27674개 누적)","logger":"task.stdout"}
{"timestamp":"2025-11-10T01:22:10.857703Z","level":"info","event":"2022-04-01 10시: 1~1000 완료 (28674개 누적)","logger":"task.stdout"}
{"timestamp":"2025-11-10T01:22:12.075957Z","level":"info","event":"2022-04-01 10시: 1001~2000 완료 (29674개 누적)","logger":"task.stdout"}
{"timestamp":"2025-11-10T01:22:13.116948Z","level":"info","event":"2022-04-01 10시: 2001~3000 완료 (30674개 누적)","logger":"task.stdout"}
{"timestamp":"2025-11-10T01:22:14.113939Z","level":"info","event":"2022-04-01 10시: 3001~3859 완료 (31533개 누적)","logger":"task.stdout"}
{"timestamp":"2025-11-10T01:22:16.124068Z","level":"info","event":"2022-04-01 11시: 1~1000 완료 (32533개 누적)","logger":"task.stdout"}
{"timestamp":"2025-11-10T01:22:17.229469Z","level":"info","event":"2022-04-01 11시: 1001~2000 완료 (33533개 누적)","logger":"task.stdout"}
{"timestamp":"2025-11-10T01:22:18.631153Z","level":"info","event":"2022-04-01 11시: 2001~3000 완료 (34533개 누적)","logger":"task.stdout"}
{"timestamp":"2025-11-10T01:22:19.725678Z","level":"info","event":"2022-04-01 11시: 3001~4000 완료 (35533개 누적)","logger":"task.stdout"}
{"timestamp":"2025-11-10T01:22:20.915360Z","level":"info","event":"2022-04-01 11시: 4001~5000 완료 (36533개 누적)","logger":"task.stdout"}
{"timestamp":"2025-11-10T01:22:21.909034Z","level":"info","event":"2022-04-01 11시: 5001~5013 완료 (36546개 누적)","logger":"task.stdout"}
{"timestamp":"2025-11-10T01:22:24.081303Z","level":"info","event":"2022-04-01 12시: 1~1000 완료 (37546개 누적)","logger":"task.stdout"}
{"timestamp":"2025-11-10T01:22:25.199706Z","level":"info","event":"2022-04-01 12시: 1001~2000 완료 (38546개 누적)","logger":"task.stdout"}
{"timestamp":"2025-11-10T01:22:26.454096Z","level":"info","event":"2022-04-01 12시: 2001~3000 완료 (39546개 누적)","logger":"task.stdout"}
{"timestamp":"2025-11-10T01:22:27.698239Z","level":"info","event":"2022-04-01 12시: 3001~4000 완료 (40546개 누적)","logger":"task.stdout"}
{"timestamp":"2025-11-10T01:22:28.803573Z","level":"info","event":"2022-04-01 12시: 4001~5000 완료 (41546개 누적)","logger":"task.stdout"}
{"timestamp":"2025-11-10T01:22:29.886193Z","level":"info","event":"2022-04-01 12시: 5001~5766 완료 (42312개 누적)","logger":"task.stdout"}
{"timestamp":"2025-11-10T01:22:31.975645Z","level":"info","event":"2022-04-01 13시: 1~1000 완료 (43312개 누적)","logger":"task.stdout"}
{"timestamp":"2025-11-10T01:22:33.115094Z","level":"info","event":"2022-04-01 13시: 1001~2000 완료 (44312개 누적)","logger":"task.stdout"}
{"timestamp":"2025-11-10T01:22:34.311767Z","level":"info","event":"2022-04-01 13시: 2001~3000 완료 (45312개 누적)","logger":"task.stdout"}
{"timestamp":"2025-11-10T01:22:35.563513Z","level":"info","event":"2022-04-01 13시: 3001~4000 완료 (46312개 누적)","logger":"task.stdout"}
{"timestamp":"2025-11-10T01:22:36.705247Z","level":"info","event":"2022-04-01 13시: 4001~5000 완료 (47312개 누적)","logger":"task.stdout"}
{"timestamp":"2025-11-10T01:22:37.736402Z","level":"info","event":"2022-04-01 13시: 5001~5767 완료 (48079개 누적)","logger":"task.stdout"}
{"timestamp":"2025-11-10T01:22:39.848157Z","level":"info","event":"2022-04-01 14시: 1~1000 완료 (49079개 누적)","logger":"task.stdout"}
{"timestamp":"2025-11-10T01:22:41.154615Z","level":"info","event":"2022-04-01 14시: 1001~2000 완료 (50079개 누적)","logger":"task.stdout"}
{"timestamp":"2025-11-10T01:22:42.393267Z","level":"info","event":"2022-04-01 14시: 2001~3000 완료 (51079개 누적)","logger":"task.stdout"}
{"timestamp":"2025-11-10T01:22:43.566880Z","level":"info","event":"2022-04-01 14시: 3001~4000 완료 (52079개 누적)","logger":"task.stdout"}
{"timestamp":"2025-11-10T01:22:44.856002Z","level":"info","event":"2022-04-01 14시: 4001~5000 완료 (53079개 누적)","logger":"task.stdout"}
{"timestamp":"2025-11-10T01:22:46.048343Z","level":"info","event":"2022-04-01 14시: 5001~6000 완료 (54079개 누적)","logger":"task.stdout"}
{"timestamp":"2025-11-10T01:22:46.951952Z","level":"info","event":"2022-04-01 14시: 6001~6182 완료 (54261개 누적)","logger":"task.stdout"}
{"timestamp":"2025-11-10T01:22:49.116158Z","level":"info","event":"2022-04-01 15시: 1~1000 완료 (55261개 누적)","logger":"task.stdout"}
{"timestamp":"2025-11-10T01:22:50.267891Z","level":"info","event":"2022-04-01 15시: 1001~2000 완료 (56261개 누적)","logger":"task.stdout"}
{"timestamp":"2025-11-10T01:22:51.416916Z","level":"info","event":"2022-04-01 15시: 2001~3000 완료 (57261개 누적)","logger":"task.stdout"}
{"timestamp":"2025-11-10T01:22:52.596975Z","level":"info","event":"2022-04-01 15시: 3001~4000 완료 (58261개 누적)","logger":"task.stdout"}
{"timestamp":"2025-11-10T01:22:53.818974Z","level":"info","event":"2022-04-01 15시: 4001~5000 완료 (59261개 누적)","logger":"task.stdout"}
{"timestamp":"2025-11-10T01:22:55.030334Z","level":"info","event":"2022-04-01 15시: 5001~6000 완료 (60261개 누적)","logger":"task.stdout"}
{"timestamp":"2025-11-10T01:22:56.233282Z","level":"info","event":"2022-04-01 15시: 6001~7000 완료 (61261개 누적)","logger":"task.stdout"}
{"timestamp":"2025-11-10T01:22:57.361347Z","level":"info","event":"2022-04-01 15시: 7001~7211 완료 (61472개 누적)","logger":"task.stdout"}
{"timestamp":"2025-11-10T01:22:59.590605Z","level":"info","event":"2022-04-01 16시: 1~1000 완료 (62472개 누적)","logger":"task.stdout"}
{"timestamp":"2025-11-10T01:23:00.801925Z","level":"info","event":"2022-04-01 16시: 1001~2000 완료 (63472개 누적)","logger":"task.stdout"}
{"timestamp":"2025-11-10T01:23:02.086912Z","level":"info","event":"2022-04-01 16시: 2001~3000 완료 (64472개 누적)","logger":"task.stdout"}
{"timestamp":"2025-11-10T01:23:03.333231Z","level":"info","event":"2022-04-01 16시: 3001~4000 완료 (65472개 누적)","logger":"task.stdout"}
{"timestamp":"2025-11-10T01:23:04.521712Z","level":"info","event":"2022-04-01 16시: 4001~5000 완료 (66472개 누적)","logger":"task.stdout"}
{"timestamp":"2025-11-10T01:23:05.783986Z","level":"info","event":"2022-04-01 16시: 5001~6000 완료 (67472개 누적)","logger":"task.stdout"}
{"timestamp":"2025-11-10T01:23:06.988783Z","level":"info","event":"2022-04-01 16시: 6001~7000 완료 (68472개 누적)","logger":"task.stdout"}
{"timestamp":"2025-11-10T01:23:08.223628Z","level":"info","event":"2022-04-01 16시: 7001~8000 완료 (69472개 누적)","logger":"task.stdout"}
{"timestamp":"2025-11-10T01:23:09.357006Z","level":"info","event":"2022-04-01 16시: 8001~8277 완료 (69749개 누적)","logger":"task.stdout"}
{"timestamp":"2025-11-10T01:23:11.749578Z","level":"info","event":"2022-04-01 17시: 1~1000 완료 (70749개 누적)","logger":"task.stdout"}
{"timestamp":"2025-11-10T01:23:13.054824Z","level":"info","event":"2022-04-01 17시: 1001~2000 완료 (71749개 누적)","logger":"task.stdout"}
