{"timestamp":"2025-11-10T01:32:22.394697Z","level":"info","event":"DAG bundles loaded: dags-folder","logger":"airflow.dag_processing.bundles.manager.DagBundlesManager","filename":"manager.py","lineno":179}
{"timestamp":"2025-11-10T01:32:22.396472Z","level":"info","event":"Filling up the DagBag from /opt/airflow/dags/seoul_bike_rent_2022.py","logger":"airflow.models.dagbag.DagBag","filename":"dagbag.py","lineno":593}
{"timestamp":"2025-11-10T01:32:22.428755Z","level":"warning","event":"The `airflow.operators.python.PythonOperator` attribute is deprecated. Please use `'airflow.providers.standard.operators.python.PythonOperator'`.","category":"DeprecatedImportWarning","filename":"/opt/airflow/dags/seoul_bike_rent_2022.py","lineno":2,"logger":"py.warnings"}
{"timestamp":"2025-11-10T01:32:22.476521Z","level":"info","event":"Found credentials in environment variables.","logger":"botocore.credentials","filename":"credentials.py","lineno":1224}
{"timestamp":"2025-11-10T01:32:23.669291Z","level":"info","event":"유효한 정거장 3202개 로드","logger":"task.stdout"}
{"timestamp":"2025-11-10T01:32:25.760438Z","level":"info","event":"2022-07-01 00시: 1~1000 완료 (1000개 누적)","logger":"task.stdout"}
{"timestamp":"2025-11-10T01:32:27.309248Z","level":"info","event":"2022-07-01 00시: 1001~2000 완료 (2000개 누적)","logger":"task.stdout"}
{"timestamp":"2025-11-10T01:32:29.674995Z","level":"info","event":"2022-07-01 01시: 1~1000 완료 (3000개 누적)","logger":"task.stdout"}
{"timestamp":"2025-11-10T01:32:30.873884Z","level":"info","event":"2022-07-01 01시: 1001~1869 완료 (3869개 누적)","logger":"task.stdout"}
{"timestamp":"2025-11-10T01:32:33.290475Z","level":"info","event":"2022-07-01 02시: 1~1000 완료 (4869개 누적)","logger":"task.stdout"}
{"timestamp":"2025-11-10T01:32:34.434224Z","level":"info","event":"2022-07-01 02시: 1001~1350 완료 (5219개 누적)","logger":"task.stdout"}
{"timestamp":"2025-11-10T01:32:36.490140Z","level":"info","event":"2022-07-01 03시: 1~752 완료 (5971개 누적)","logger":"task.stdout"}
{"timestamp":"2025-11-10T01:32:38.662896Z","level":"info","event":"2022-07-01 04시: 1~603 완료 (6574개 누적)","logger":"task.stdout"}
{"timestamp":"2025-11-10T01:32:40.719357Z","level":"info","event":"2022-07-01 05시: 1~1000 완료 (7574개 누적)","logger":"task.stdout"}
{"timestamp":"2025-11-10T01:32:41.896012Z","level":"info","event":"2022-07-01 05시: 1001~1272 완료 (7846개 누적)","logger":"task.stdout"}
{"timestamp":"2025-11-10T01:32:44.211276Z","level":"info","event":"2022-07-01 06시: 1~1000 완료 (8846개 누적)","logger":"task.stdout"}
{"timestamp":"2025-11-10T01:32:45.466421Z","level":"info","event":"2022-07-01 06시: 1001~2000 완료 (9846개 누적)","logger":"task.stdout"}
{"timestamp":"2025-11-10T01:32:46.933236Z","level":"info","event":"2022-07-01 06시: 2001~2919 완료 (10765개 누적)","logger":"task.stdout"}
{"timestamp":"2025-11-10T01:32:49.614285Z","level":"info","event":"2022-07-01 07시: 1~1000 완료 (11765개 누적)","logger":"task.stdout"}
{"timestamp":"2025-11-10T01:32:51.066664Z","level":"info","event":"2022-07-01 07시: 1001~2000 완료 (12765개 누적)","logger":"task.stdout"}
{"timestamp":"2025-11-10T01:32:52.509887Z","level":"info","event":"2022-07-01 07시: 2001~3000 완료 (13765개 누적)","logger":"task.stdout"}
{"timestamp":"2025-11-10T01:33:00.343542Z","level":"info","event":"2022-07-01 07시: 3001~4000 완료 (14765개 누적)","logger":"task.stdout"}
{"timestamp":"2025-11-10T01:33:00.841644Z","level":"info","event":"2022-07-01 07시: 4001~5000 완료 (15765개 누적)","logger":"task.stdout"}
{"timestamp":"2025-11-10T01:33:02.171824Z","level":"info","event":"2022-07-01 07시: 5001~6000 완료 (16765개 누적)","logger":"task.stdout"}
{"timestamp":"2025-11-10T01:33:03.519166Z","level":"info","event":"2022-07-01 07시: 6001~7000 완료 (17765개 누적)","logger":"task.stdout"}
{"timestamp":"2025-11-10T01:33:04.985708Z","level":"info","event":"2022-07-01 07시: 7001~7489 완료 (18254개 누적)","logger":"task.stdout"}
{"timestamp":"2025-11-10T01:33:08.010973Z","level":"info","event":"2022-07-01 08시: 1~1000 완료 (19254개 누적)","logger":"task.stdout"}
{"timestamp":"2025-11-10T01:33:09.591373Z","level":"info","event":"2022-07-01 08시: 1001~2000 완료 (20254개 누적)","logger":"task.stdout"}
{"timestamp":"2025-11-10T01:33:11.198042Z","level":"info","event":"2022-07-01 08시: 2001~3000 완료 (21254개 누적)","logger":"task.stdout"}
{"timestamp":"2025-11-10T01:33:12.802879Z","level":"info","event":"2022-07-01 08시: 3001~4000 완료 (22254개 누적)","logger":"task.stdout"}
{"timestamp":"2025-11-10T01:33:14.527808Z","level":"info","event":"2022-07-01 08시: 4001~5000 완료 (23254개 누적)","logger":"task.stdout"}
{"timestamp":"2025-11-10T01:33:16.205260Z","level":"info","event":"2022-07-01 08시: 5001~6000 완료 (24254개 누적)","logger":"task.stdout"}
{"timestamp":"2025-11-10T01:33:17.786544Z","level":"info","event":"2022-07-01 08시: 6001~7000 완료 (25254개 누적)","logger":"task.stdout"}
{"timestamp":"2025-11-10T01:33:19.436655Z","level":"info","event":"2022-07-01 08시: 7001~8000 완료 (26254개 누적)","logger":"task.stdout"}
{"timestamp":"2025-11-10T01:33:21.199442Z","level":"info","event":"2022-07-01 08시: 8001~9000 완료 (27254개 누적)","logger":"task.stdout"}
{"timestamp":"2025-11-10T01:33:22.741598Z","level":"info","event":"2022-07-01 08시: 9001~10000 완료 (28254개 누적)","logger":"task.stdout"}
{"timestamp":"2025-11-10T01:33:24.359516Z","level":"info","event":"2022-07-01 08시: 10001~11000 완료 (29254개 누적)","logger":"task.stdout"}
{"timestamp":"2025-11-10T01:33:25.927856Z","level":"info","event":"2022-07-01 08시: 11001~12000 완료 (30254개 누적)","logger":"task.stdout"}
{"timestamp":"2025-11-10T01:33:27.487801Z","level":"info","event":"2022-07-01 08시: 12001~12079 완료 (30333개 누적)","logger":"task.stdout"}
{"timestamp":"2025-11-10T01:33:29.924395Z","level":"info","event":"2022-07-01 09시: 1~1000 완료 (31333개 누적)","logger":"task.stdout"}
{"timestamp":"2025-11-10T01:33:32.013782Z","level":"info","event":"2022-07-01 09시: 1001~2000 완료 (32333개 누적)","logger":"task.stdout"}
{"timestamp":"2025-11-10T01:33:37.629058Z","level":"info","event":"2022-07-01 09시: 2001~3000 완료 (33333개 누적)","logger":"task.stdout"}
{"timestamp":"2025-11-10T01:33:38.936915Z","level":"info","event":"2022-07-01 09시: 3001~4000 완료 (34333개 누적)","logger":"task.stdout"}
{"timestamp":"2025-11-10T01:33:40.242772Z","level":"info","event":"2022-07-01 09시: 4001~5000 완료 (35333개 누적)","logger":"task.stdout"}
{"timestamp":"2025-11-10T01:34:02.562376Z","level":"info","event":"2022-07-01 09시: 5001~6000 완료 (36333개 누적)","logger":"task.stdout"}
{"timestamp":"2025-11-10T01:34:04.855363Z","level":"info","event":"2022-07-01 09시: 6001~6637 완료 (36970개 누적)","logger":"task.stdout"}
{"timestamp":"2025-11-10T01:34:07.243909Z","level":"info","event":"2022-07-01 10시: 1~1000 완료 (37970개 누적)","logger":"task.stdout"}
{"timestamp":"2025-11-10T01:34:08.545488Z","level":"info","event":"2022-07-01 10시: 1001~2000 완료 (38970개 누적)","logger":"task.stdout"}
{"timestamp":"2025-11-10T01:34:09.986166Z","level":"info","event":"2022-07-01 10시: 2001~3000 완료 (39970개 누적)","logger":"task.stdout"}
{"timestamp":"2025-11-10T01:34:11.277420Z","level":"info","event":"2022-07-01 10시: 3001~4000 완료 (40970개 누적)","logger":"task.stdout"}
{"timestamp":"2025-11-10T01:34:12.540344Z","level":"info","event":"2022-07-01 10시: 4001~5000 완료 (41970개 누적)","logger":"task.stdout"}
{"timestamp":"2025-11-10T01:34:13.836574Z","level":"info","event":"2022-07-01 10시: 5001~5405 완료 (42375개 누적)","logger":"task.stdout"}
{"timestamp":"2025-11-10T01:34:16.264294Z","level":"info","event":"2022-07-01 11시: 1~1000 완료 (43375개 누적)","logger":"task.stdout"}
{"timestamp":"2025-11-10T01:34:17.676360Z","level":"info","event":"2022-07-01 11시: 1001~2000 완료 (44375개 누적)","logger":"task.stdout"}
{"timestamp":"2025-11-10T01:34:18.950854Z","level":"info","event":"2022-07-01 11시: 2001~3000 완료 (45375개 누적)","logger":"task.stdout"}
{"timestamp":"2025-11-10T01:34:20.322617Z","level":"info","event":"2022-07-01 11시: 3001~4000 완료 (46375개 누적)","logger":"task.stdout"}
{"timestamp":"2025-11-10T01:34:21.693721Z","level":"info","event":"2022-07-01 11시: 4001~5000 완료 (47375개 누적)","logger":"task.stdout"}
{"timestamp":"2025-11-10T01:34:23.040702Z","level":"info","event":"2022-07-01 11시: 5001~5801 완료 (48176개 누적)","logger":"task.stdout"}
{"timestamp":"2025-11-10T01:34:25.516133Z","level":"info","event":"2022-07-01 12시: 1~1000 완료 (49176개 누적)","logger":"task.stdout"}
{"timestamp":"2025-11-10T01:34:26.882059Z","level":"info","event":"2022-07-01 12시: 1001~2000 완료 (50176개 누적)","logger":"task.stdout"}
{"timestamp":"2025-11-10T01:34:28.184634Z","level":"info","event":"2022-07-01 12시: 2001~3000 완료 (51176개 누적)","logger":"task.stdout"}
{"timestamp":"2025-11-10T01:34:29.457187Z","level":"info","event":"2022-07-01 12시: 3001~4000 완료 (52176개 누적)","logger":"task.stdout"}
{"timestamp":"2025-11-10T01:34:31.050776Z","level":"info","event":"2022-07-01 12시: 4001~5000 완료 (53176개 누적)","logger":"task.stdout"}
{"timestamp":"2025-11-10T01:34:32.341169Z","level":"info","event":"2022-07-01 12시: 5001~6000 완료 (54176개 누적)","logger":"task.stdout"}
{"timestamp":"2025-11-10T01:34:33.576161Z","level":"info","event":"2022-07-01 12시: 6001~6522 완료 (54698개 누적)","logger":"task.stdout"}
{"timestamp":"2025-11-10T01:34:36.177860Z","level":"info","event":"2022-07-01 13시: 1~1000 완료 (55698개 누적)","logger":"task.stdout"}
{"timestamp":"2025-11-10T01:34:37.561333Z","level":"info","event":"2022-07-01 13시: 1001~2000 완료 (56698개 누적)","logger":"task.stdout"}
{"timestamp":"2025-11-10T01:34:39.013818Z","level":"info","event":"2022-07-01 13시: 2001~3000 완료 (57698개 누적)","logger":"task.stdout"}
{"timestamp":"2025-11-10T01:34:40.406230Z","level":"info","event":"2022-07-01 13시: 3001~4000 완료 (58698개 누적)","logger":"task.stdout"}
{"timestamp":"2025-11-10T01:34:41.764608Z","level":"info","event":"2022-07-01 13시: 4001~5000 완료 (59698개 누적)","logger":"task.stdout"}
{"timestamp":"2025-11-10T01:34:43.364313Z","level":"info","event":"2022-07-01 13시: 5001~5890 완료 (60588개 누적)","logger":"task.stdout"}
{"timestamp":"2025-11-10T01:34:45.712749Z","level":"info","event":"2022-07-01 14시: 1~1000 완료 (61588개 누적)","logger":"task.stdout"}
{"timestamp":"2025-11-10T01:34:46.951042Z","level":"info","event":"2022-07-01 14시: 1001~2000 완료 (62588개 누적)","logger":"task.stdout"}
{"timestamp":"2025-11-10T01:34:48.392880Z","level":"info","event":"2022-07-01 14시: 2001~3000 완료 (63588개 누적)","logger":"task.stdout"}
{"timestamp":"2025-11-10T01:34:49.748717Z","level":"info","event":"2022-07-01 14시: 3001~4000 완료 (64588개 누적)","logger":"task.stdout"}
{"timestamp":"2025-11-10T01:34:51.032124Z","level":"info","event":"2022-07-01 14시: 4001~5000 완료 (65588개 누적)","logger":"task.stdout"}
{"timestamp":"2025-11-10T01:34:52.569390Z","level":"info","event":"2022-07-01 14시: 5001~5781 완료 (66369개 누적)","logger":"task.stdout"}
{"timestamp":"2025-11-10T01:34:55.006386Z","level":"info","event":"2022-07-01 15시: 1~1000 완료 (67369개 누적)","logger":"task.stdout"}
{"timestamp":"2025-11-10T01:34:56.632379Z","level":"info","event":"2022-07-01 15시: 1001~2000 완료 (68369개 누적)","logger":"task.stdout"}
{"timestamp":"2025-11-10T01:34:58.076865Z","level":"info","event":"2022-07-01 15시: 2001~3000 완료 (69369개 누적)","logger":"task.stdout"}
{"timestamp":"2025-11-10T01:34:59.480946Z","level":"info","event":"2022-07-01 15시: 3001~4000 완료 (70369개 누적)","logger":"task.stdout"}
{"timestamp":"2025-11-10T01:35:00.840860Z","level":"info","event":"2022-07-01 15시: 4001~5000 완료 (71369개 누적)","logger":"task.stdout"}
{"timestamp":"2025-11-10T01:35:02.159196Z","level":"info","event":"2022-07-01 15시: 5001~6000 완료 (72369개 누적)","logger":"task.stdout"}
{"timestamp":"2025-11-10T01:35:03.506499Z","level":"info","event":"2022-07-01 15시: 6001~6579 완료 (72948개 누적)","logger":"task.stdout"}
{"timestamp":"2025-11-10T01:35:06.072924Z","level":"info","event":"2022-07-01 16시: 1~1000 완료 (73948개 누적)","logger":"task.stdout"}
{"timestamp":"2025-11-10T01:35:07.465769Z","level":"info","event":"2022-07-01 16시: 1001~2000 완료 (74948개 누적)","logger":"task.stdout"}
{"timestamp":"2025-11-10T01:35:09.097316Z","level":"info","event":"2022-07-01 16시: 2001~3000 완료 (75948개 누적)","logger":"task.stdout"}
{"timestamp":"2025-11-10T01:35:10.514840Z","level":"info","event":"2022-07-01 16시: 3001~4000 완료 (76948개 누적)","logger":"task.stdout"}
{"timestamp":"2025-11-10T01:35:12.017664Z","level":"info","event":"2022-07-01 16시: 4001~5000 완료 (77948개 누적)","logger":"task.stdout"}
{"timestamp":"2025-11-10T01:35:56.088588Z","level":"info","event":"2022-07-01 16시: 5001~6000 완료 (78948개 누적)","logger":"task.stdout"}
{"timestamp":"2025-11-10T01:35:56.092212Z","level":"info","event":"2022-07-01 16시: 요청 실패 - HTTPConnectionPool(host='openapi.seoul.go.kr', port=8088): Max retries exceeded with url: /574d4268426539373930666f4b654e/json/tbCycleRentData/6001/7000/2022-07-01/16 (Caused by NameResolutionError(\"<urllib3.connection.HTTPConnection object at 0xffff87c54080>: Failed to resolve 'openapi.seoul.go.kr' ([Errno -3] Temporary failure in name resolution)\"))","logger":"task.stdout"}
{"timestamp":"2025-11-10T01:35:56.093134Z","level":"info","event":"2022-07-01 17시: 요청 실패 - HTTPConnectionPool(host='openapi.seoul.go.kr', port=8088): Max retries exceeded with url: /574d4268426539373930666f4b654e/json/tbCycleRentData/1/5/2022-07-01/17 (Caused by NameResolutionError(\"<urllib3.connection.HTTPConnection object at 0xffff87c548c0>: Failed to resolve 'openapi.seoul.go.kr' ([Errno -3] Temporary failure in name resolution)\"))","logger":"task.stdout"}
{"timestamp":"2025-11-10T01:36:03.644629Z","level":"info","event":"2022-07-01 18시: 1~1000 완료 (79948개 누적)","logger":"task.stdout"}
{"timestamp":"2025-11-10T01:36:05.405113Z","level":"info","event":"2022-07-01 18시: 1001~2000 완료 (80948개 누적)","logger":"task.stdout"}
{"timestamp":"2025-11-10T01:36:07.305639Z","level":"info","event":"2022-07-01 18시: 2001~3000 완료 (81948개 누적)","logger":"task.stdout"}
{"timestamp":"2025-11-10T01:36:09.190975Z","level":"info","event":"2022-07-01 18시: 3001~4000 완료 (82948개 누적)","logger":"task.stdout"}
{"timestamp":"2025-11-10T01:36:11.063441Z","level":"info","event":"2022-07-01 18시: 4001~5000 완료 (83948개 누적)","logger":"task.stdout"}
{"timestamp":"2025-11-10T01:36:12.892839Z","level":"info","event":"2022-07-01 18시: 5001~6000 완료 (84948개 누적)","logger":"task.stdout"}
{"timestamp":"2025-11-10T01:36:14.595608Z","level":"info","event":"2022-07-01 18시: 6001~7000 완료 (85948개 누적)","logger":"task.stdout"}
{"timestamp":"2025-11-10T01:36:16.402625Z","level":"info","event":"2022-07-01 18시: 7001~8000 완료 (86948개 누적)","logger":"task.stdout"}
{"timestamp":"2025-11-10T01:36:18.226708Z","level":"info","event":"2022-07-01 18시: 8001~9000 완료 (87948개 누적)","logger":"task.stdout"}
{"timestamp":"2025-11-10T01:36:23.690047Z","level":"info","event":"2022-07-01 18시: 9001~10000 완료 (88948개 누적)","logger":"task.stdout"}
{"timestamp":"2025-11-10T01:36:25.672291Z","level":"info","event":"2022-07-01 18시: 10001~11000 완료 (89948개 누적)","logger":"task.stdout"}
{"timestamp":"2025-11-10T01:36:27.384388Z","level":"info","event":"2022-07-01 18시: 11001~12000 완료 (90948개 누적)","logger":"task.stdout"}
{"timestamp":"2025-11-10T01:36:29.426492Z","level":"info","event":"2022-07-01 18시: 12001~13000 완료 (91948개 누적)","logger":"task.stdout"}
{"timestamp":"2025-11-10T01:36:31.275209Z","level":"info","event":"2022-07-01 18시: 13001~14000 완료 (92948개 누적)","logger":"task.stdout"}
{"timestamp":"2025-11-10T01:36:33.043379Z","level":"info","event":"2022-07-01 18시: 14001~15000 완료 (93948개 누적)","logger":"task.stdout"}
{"timestamp":"2025-11-10T01:36:34.786640Z","level":"info","event":"2022-07-01 18시: 15001~16000 완료 (94948개 누적)","logger":"task.stdout"}
{"timestamp":"2025-11-10T01:36:36.649383Z","level":"info","event":"2022-07-01 18시: 16001~17000 완료 (95948개 누적)","logger":"task.stdout"}
{"timestamp":"2025-11-10T01:36:38.332118Z","level":"info","event":"2022-07-01 18시: 17001~18000 완료 (96948개 누적)","logger":"task.stdout"}
{"timestamp":"2025-11-10T01:36:40.123854Z","level":"info","event":"2022-07-01 18시: 18001~18372 완료 (97320개 누적)","logger":"task.stdout"}
{"timestamp":"2025-11-10T01:36:43.325176Z","level":"info","event":"2022-07-01 19시: 1~1000 완료 (98320개 누적)","logger":"task.stdout"}
{"timestamp":"2025-11-10T01:36:44.909648Z","level":"info","event":"2022-07-01 19시: 1001~2000 완료 (99320개 누적)","logger":"task.stdout"}
{"timestamp":"2025-11-10T01:36:46.596612Z","level":"info","event":"2022-07-01 19시: 2001~3000 완료 (100320개 누적)","logger":"task.stdout"}
{"timestamp":"2025-11-10T01:36:48.268301Z","level":"info","event":"2022-07-01 19시: 3001~4000 완료 (101320개 누적)","logger":"task.stdout"}
{"timestamp":"2025-11-10T01:36:49.915575Z","level":"info","event":"2022-07-01 19시: 4001~5000 완료 (102320개 누적)","logger":"task.stdout"}
{"timestamp":"2025-11-10T01:36:51.727321Z","level":"info","event":"2022-07-01 19시: 5001~6000 완료 (103320개 누적)","logger":"task.stdout"}
{"timestamp":"2025-11-10T01:36:53.642795Z","level":"info","event":"2022-07-01 19시: 6001~7000 완료 (104320개 누적)","logger":"task.stdout"}
{"timestamp":"2025-11-10T01:36:55.174099Z","level":"info","event":"2022-07-01 19시: 7001~8000 완료 (105320개 누적)","logger":"task.stdout"}
{"timestamp":"2025-11-10T01:36:56.890612Z","level":"info","event":"2022-07-01 19시: 8001~9000 완료 (106320개 누적)","logger":"task.stdout"}
{"timestamp":"2025-11-10T01:36:58.424459Z","level":"info","event":"2022-07-01 19시: 9001~10000 완료 (107320개 누적)","logger":"task.stdout"}
{"timestamp":"2025-11-10T01:37:00.033835Z","level":"info","event":"2022-07-01 19시: 10001~11000 완료 (108320개 누적)","logger":"task.stdout"}
{"timestamp":"2025-11-10T01:37:01.731819Z","level":"info","event":"2022-07-01 19시: 11001~12000 완료 (109320개 누적)","logger":"task.stdout"}
{"timestamp":"2025-11-10T01:37:03.523313Z","level":"info","event":"2022-07-01 19시: 12001~13000 완료 (110320개 누적)","logger":"task.stdout"}
{"timestamp":"2025-11-10T01:37:05.541247Z","level":"info","event":"2022-07-01 19시: 13001~13596 완료 (110916개 누적)","logger":"task.stdout"}
{"timestamp":"2025-11-10T01:37:22.359749Z","level":"info","event":"2022-07-01 20시: 1~1000 완료 (111916개 누적)","logger":"task.stdout"}
{"timestamp":"2025-11-10T01:37:23.878170Z","level":"info","event":"2022-07-01 20시: 1001~2000 완료 (112916개 누적)","logger":"task.stdout"}
{"timestamp":"2025-11-10T01:37:25.447177Z","level":"info","event":"2022-07-01 20시: 2001~3000 완료 (113916개 누적)","logger":"task.stdout"}
{"timestamp":"2025-11-10T01:37:27.321961Z","level":"info","event":"2022-07-01 20시: 3001~4000 완료 (114916개 누적)","logger":"task.stdout"}
{"timestamp":"2025-11-10T01:37:28.970615Z","level":"info","event":"2022-07-01 20시: 4001~5000 완료 (115916개 누적)","logger":"task.stdout"}
{"timestamp":"2025-11-10T01:37:30.569416Z","level":"info","event":"2022-07-01 20시: 5001~6000 완료 (116916개 누적)","logger":"task.stdout"}
{"timestamp":"2025-11-10T01:37:32.219718Z","level":"info","event":"2022-07-01 20시: 6001~7000 완료 (117916개 누적)","logger":"task.stdout"}
{"timestamp":"2025-11-10T01:37:33.901722Z","level":"info","event":"2022-07-01 20시: 7001~8000 완료 (118916개 누적)","logger":"task.stdout"}
{"timestamp":"2025-11-10T01:37:35.572570Z","level":"info","event":"2022-07-01 20시: 8001~9000 완료 (119916개 누적)","logger":"task.stdout"}
{"timestamp":"2025-11-10T01:37:37.250573Z","level":"info","event":"2022-07-01 20시: 9001~10000 완료 (120916개 누적)","logger":"task.stdout"}
{"timestamp":"2025-11-10T01:37:39.278237Z","level":"info","event":"2022-07-01 20시: 10001~11000 완료 (121916개 누적)","logger":"task.stdout"}
{"timestamp":"2025-11-10T01:37:40.994755Z","level":"info","event":"2022-07-01 20시: 11001~11525 완료 (122441개 누적)","logger":"task.stdout"}
{"timestamp":"2025-11-10T01:37:43.954423Z","level":"info","event":"2022-07-01 21시: 1~1000 완료 (123441개 누적)","logger":"task.stdout"}
{"timestamp":"2025-11-10T01:37:45.446206Z","level":"info","event":"2022-07-01 21시: 1001~2000 완료 (124441개 누적)","logger":"task.stdout"}
{"timestamp":"2025-11-10T01:37:46.987632Z","level":"info","event":"2022-07-01 21시: 2001~3000 완료 (125441개 누적)","logger":"task.stdout"}
{"timestamp":"2025-11-10T01:37:48.566689Z","level":"info","event":"2022-07-01 21시: 3001~4000 완료 (126441개 누적)","logger":"task.stdout"}
{"timestamp":"2025-11-10T01:37:50.049353Z","level":"info","event":"2022-07-01 21시: 4001~5000 완료 (127441개 누적)","logger":"task.stdout"}
{"timestamp":"2025-11-10T01:37:51.701331Z","level":"info","event":"2022-07-01 21시: 5001~6000 완료 (128441개 누적)","logger":"task.stdout"}
{"timestamp":"2025-11-10T01:37:53.407263Z","level":"info","event":"2022-07-01 21시: 6001~7000 완료 (129441개 누적)","logger":"task.stdout"}
{"timestamp":"2025-11-10T01:37:55.197072Z","level":"info","event":"2022-07-01 21시: 7001~8000 완료 (130441개 누적)","logger":"task.stdout"}
{"timestamp":"2025-11-10T01:38:07.381845Z","level":"info","event":"2022-07-01 21시: 요청 실패 - HTTPConnectionPool(host='openapi.seoul.go.kr', port=8088): Max retries exceeded with url: /574d4268426539373930666f4b654e/json/tbCycleRentData/8001/9000/2022-07-01/21 (Caused by NameResolutionError(\"<urllib3.connection.HTTPConnection object at 0xffff83bba3c0>: Failed to resolve 'openapi.seoul.go.kr' ([Errno -3] Temporary failure in name resolution)\"))","logger":"task.stdout"}
{"timestamp":"2025-11-10T01:38:09.292600Z","level":"info","event":"2022-07-01 22시: 1~1000 완료 (131441개 누적)","logger":"task.stdout"}
{"timestamp":"2025-11-10T01:38:10.933683Z","level":"info","event":"2022-07-01 22시: 1001~2000 완료 (132441개 누적)","logger":"task.stdout"}
{"timestamp":"2025-11-10T01:38:12.488325Z","level":"info","event":"2022-07-01 22시: 2001~3000 완료 (133441개 누적)","logger":"task.stdout"}
{"timestamp":"2025-11-10T01:38:13.997718Z","level":"info","event":"2022-07-01 22시: 3001~4000 완료 (134441개 누적)","logger":"task.stdout"}
{"timestamp":"2025-11-10T01:38:15.463425Z","level":"info","event":"2022-07-01 22시: 4001~5000 완료 (135441개 누적)","logger":"task.stdout"}
{"timestamp":"2025-11-10T01:38:16.933718Z","level":"info","event":"2022-07-01 22시: 5001~6000 완료 (136441개 누적)","logger":"task.stdout"}
{"timestamp":"2025-11-10T01:38:18.630692Z","level":"info","event":"2022-07-01 22시: 6001~7000 완료 (137441개 누적)","logger":"task.stdout"}
{"timestamp":"2025-11-10T01:38:20.085150Z","level":"info","event":"2022-07-01 22시: 7001~8000 완료 (138441개 누적)","logger":"task.stdout"}
{"timestamp":"2025-11-10T01:38:21.701824Z","level":"info","event":"2022-07-01 22시: 8001~9000 완료 (139441개 누적)","logger":"task.stdout"}
{"timestamp":"2025-11-10T01:38:23.094087Z","level":"info","event":"2022-07-01 22시: 9001~9772 완료 (140213개 누적)","logger":"task.stdout"}
{"timestamp":"2025-11-10T01:38:25.869019Z","level":"info","event":"2022-07-01 23시: 1~1000 완료 (141213개 누적)","logger":"task.stdout"}
{"timestamp":"2025-11-10T01:38:27.302935Z","level":"info","event":"2022-07-01 23시: 1001~2000 완료 (142213개 누적)","logger":"task.stdout"}
{"timestamp":"2025-11-10T01:38:28.817277Z","level":"info","event":"2022-07-01 23시: 2001~3000 완료 (143213개 누적)","logger":"task.stdout"}
{"timestamp":"2025-11-10T01:38:30.235460Z","level":"info","event":"2022-07-01 23시: 3001~4000 완료 (144213개 누적)","logger":"task.stdout"}
{"timestamp":"2025-11-10T01:38:31.617647Z","level":"info","event":"2022-07-01 23시: 4001~5000 완료 (145213개 누적)","logger":"task.stdout"}
{"timestamp":"2025-11-10T01:38:33.358754Z","level":"info","event":"2022-07-01 23시: 5001~6000 완료 (146213개 누적)","logger":"task.stdout"}
{"timestamp":"2025-11-10T01:38:34.871483Z","level":"info","event":"2022-07-01 23시: 6001~6702 완료 (146915개 누적)","logger":"task.stdout"}
{"timestamp":"2025-11-10T01:38:37.071280Z","level":"info","event":"2022-07-02 00시: 1~1000 완료 (147915개 누적)","logger":"task.stdout"}
{"timestamp":"2025-11-10T01:38:38.324549Z","level":"info","event":"2022-07-02 00시: 1001~2000 완료 (148915개 누적)","logger":"task.stdout"}
{"timestamp":"2025-11-10T01:38:39.670027Z","level":"info","event":"2022-07-02 00시: 2001~3000 완료 (149915개 누적)","logger":"task.stdout"}
{"timestamp":"2025-11-10T01:38:40.955427Z","level":"info","event":"2022-07-02 00시: 3001~4000 완료 (150915개 누적)","logger":"task.stdout"}
{"timestamp":"2025-11-10T01:38:48.548616Z","level":"info","event":"2022-07-02 00시: 4001~5000 완료 (151915개 누적)","logger":"task.stdout"}
{"timestamp":"2025-11-10T01:38:49.699107Z","level":"info","event":"2022-07-02 00시: 5001~5486 완료 (152401개 누적)","logger":"task.stdout"}
{"timestamp":"2025-11-10T01:38:51.927014Z","level":"info","event":"2022-07-02 01시: 1~1000 완료 (153401개 누적)","logger":"task.stdout"}
{"timestamp":"2025-11-10T01:38:53.060746Z","level":"info","event":"2022-07-02 01시: 1001~2000 완료 (154401개 누적)","logger":"task.stdout"}
{"timestamp":"2025-11-10T01:38:54.309026Z","level":"info","event":"2022-07-02 01시: 2001~3000 완료 (155401개 누적)","logger":"task.stdout"}
{"timestamp":"2025-11-10T01:38:55.640679Z","level":"info","event":"2022-07-02 01시: 3001~4000 완료 (156401개 누적)","logger":"task.stdout"}
{"timestamp":"2025-11-10T01:38:56.700568Z","level":"info","event":"2022-07-02 01시: 4001~4296 완료 (156697개 누적)","logger":"task.stdout"}
{"timestamp":"2025-11-10T01:38:58.667301Z","level":"info","event":"2022-07-02 02시: 1~1000 완료 (157697개 누적)","logger":"task.stdout"}
{"timestamp":"2025-11-10T01:38:59.803820Z","level":"info","event":"2022-07-02 02시: 1001~2000 완료 (158697개 누적)","logger":"task.stdout"}
{"timestamp":"2025-11-10T01:39:00.935629Z","level":"info","event":"2022-07-02 02시: 2001~2972 완료 (159669개 누적)","logger":"task.stdout"}
{"timestamp":"2025-11-10T01:39:02.957803Z","level":"info","event":"2022-07-02 03시: 1~1000 완료 (160669개 누적)","logger":"task.stdout"}
{"timestamp":"2025-11-10T01:39:04.036424Z","level":"info","event":"2022-07-02 03시: 1001~1836 완료 (161505개 누적)","logger":"task.stdout"}
{"timestamp":"2025-11-10T01:39:05.853164Z","level":"info","event":"2022-07-02 04시: 1~1000 완료 (162505개 누적)","logger":"task.stdout"}
{"timestamp":"2025-11-10T01:39:06.914355Z","level":"info","event":"2022-07-02 04시: 1001~1246 완료 (162751개 누적)","logger":"task.stdout"}
{"timestamp":"2025-11-10T01:39:08.959353Z","level":"info","event":"2022-07-02 05시: 1~1000 완료 (163751개 누적)","logger":"task.stdout"}
{"timestamp":"2025-11-10T01:39:10.093532Z","level":"info","event":"2022-07-02 05시: 1001~1348 완료 (164099개 누적)","logger":"task.stdout"}
{"timestamp":"2025-11-10T01:39:12.068686Z","level":"info","event":"2022-07-02 06시: 1~1000 완료 (165099개 누적)","logger":"task.stdout"}
{"timestamp":"2025-11-10T01:39:13.128838Z","level":"info","event":"2022-07-02 06시: 1001~1899 완료 (165998개 누적)","logger":"task.stdout"}
{"timestamp":"2025-11-10T01:39:15.262382Z","level":"info","event":"2022-07-02 07시: 1~1000 완료 (166998개 누적)","logger":"task.stdout"}
{"timestamp":"2025-11-10T01:39:16.405990Z","level":"info","event":"2022-07-02 07시: 1001~2000 완료 (167998개 누적)","logger":"task.stdout"}
{"timestamp":"2025-11-10T01:39:17.593573Z","level":"info","event":"2022-07-02 07시: 2001~2982 완료 (168980개 누적)","logger":"task.stdout"}
{"timestamp":"2025-11-10T01:39:20.407775Z","level":"info","event":"2022-07-02 08시: 1~1000 완료 (169980개 누적)","logger":"task.stdout"}
{"timestamp":"2025-11-10T01:39:30.147694Z","level":"info","event":"2022-07-02 08시: 1001~2000 완료 (170980개 누적)","logger":"task.stdout"}
{"timestamp":"2025-11-10T01:39:31.409952Z","level":"info","event":"2022-07-02 08시: 2001~3000 완료 (171980개 누적)","logger":"task.stdout"}
{"timestamp":"2025-11-10T01:39:32.604349Z","level":"info","event":"2022-07-02 08시: 3001~4000 완료 (172980개 누적)","logger":"task.stdout"}
{"timestamp":"2025-11-10T01:39:33.719145Z","level":"info","event":"2022-07-02 08시: 4001~4549 완료 (173529개 누적)","logger":"task.stdout"}
{"timestamp":"2025-11-10T01:39:35.899768Z","level":"info","event":"2022-07-02 09시: 1~1000 완료 (174529개 누적)","logger":"task.stdout"}
{"timestamp":"2025-11-10T01:39:37.371814Z","level":"info","event":"2022-07-02 09시: 1001~2000 완료 (175529개 누적)","logger":"task.stdout"}
{"timestamp":"2025-11-10T01:39:38.565911Z","level":"info","event":"2022-07-02 09시: 2001~3000 완료 (176529개 누적)","logger":"task.stdout"}
{"timestamp":"2025-11-10T01:39:39.896521Z","level":"info","event":"2022-07-02 09시: 3001~4000 완료 (177529개 누적)","logger":"task.stdout"}
{"timestamp":"2025-11-10T01:39:41.288739Z","level":"info","event":"2022-07-02 09시: 4001~5000 완료 (178529개 누적)","logger":"task.stdout"}
{"timestamp":"2025-11-10T01:39:42.563875Z","level":"info","event":"2022-07-02 09시: 5001~5531 완료 (179060개 누적)","logger":"task.stdout"}
{"timestamp":"2025-11-10T01:39:44.877770Z","level":"info","event":"2022-07-02 10시: 1~1000 완료 (180060개 누적)","logger":"task.stdout"}
{"timestamp":"2025-11-10T01:39:46.340825Z","level":"info","event":"2022-07-02 10시: 1001~2000 완료 (181060개 누적)","logger":"task.stdout"}
{"timestamp":"2025-11-10T01:39:47.509332Z","level":"info","event":"2022-07-02 10시: 2001~3000 완료 (182060개 누적)","logger":"task.stdout"}
{"timestamp":"2025-11-10T01:39:48.935731Z","level":"info","event":"2022-07-02 10시: 3001~4000 완료 (183060개 누적)","logger":"task.stdout"}
{"timestamp":"2025-11-10T01:39:50.167270Z","level":"info","event":"2022-07-02 10시: 4001~5000 완료 (184060개 누적)","logger":"task.stdout"}
{"timestamp":"2025-11-10T01:39:51.637797Z","level":"info","event":"2022-07-02 10시: 5001~5697 완료 (184757개 누적)","logger":"task.stdout"}
{"timestamp":"2025-11-10T01:39:53.899328Z","level":"info","event":"2022-07-02 11시: 1~1000 완료 (185757개 누적)","logger":"task.stdout"}
{"timestamp":"2025-11-10T01:40:16.715650Z","level":"info","event":"2022-07-02 11시: 요청 실패 - HTTPConnectionPool(host='openapi.seoul.go.kr', port=8088): Max retries exceeded with url: /574d4268426539373930666f4b654e/json/tbCycleRentData/1001/2000/2022-07-02/11 (Caused by NameResolutionError(\"<urllib3.connection.HTTPConnection object at 0xffff7f7c9460>: Failed to resolve 'openapi.seoul.go.kr' ([Errno -3] Temporary failure in name resolution)\"))","logger":"task.stdout"}
{"timestamp":"2025-11-10T01:40:18.030237Z","level":"info","event":"2022-07-02 12시: 1~1000 완료 (186757개 누적)","logger":"task.stdout"}
{"timestamp":"2025-11-10T01:40:19.519622Z","level":"info","event":"2022-07-02 12시: 1001~2000 완료 (187757개 누적)","logger":"task.stdout"}
{"timestamp":"2025-11-10T01:40:20.824006Z","level":"info","event":"2022-07-02 12시: 2001~3000 완료 (188757개 누적)","logger":"task.stdout"}
{"timestamp":"2025-11-10T01:40:22.485117Z","level":"info","event":"2022-07-02 12시: 3001~4000 완료 (189757개 누적)","logger":"task.stdout"}
{"timestamp":"2025-11-10T01:40:28.764322Z","level":"critical","event":"Process terminated by signal. Likely out of memory error (OOM). For more information, see https://airflow.apache.org/docs/apache-airflow/stable/troubleshooting.html#process-terminated-by-signal.","signal":-9,"signal_name":"SIGKILL","logger":"task"}
