{"timestamp":"2025-11-10T01:25:56.898217Z","level":"info","event":"DAG bundles loaded: dags-folder","logger":"airflow.dag_processing.bundles.manager.DagBundlesManager","filename":"manager.py","lineno":179}
{"timestamp":"2025-11-10T01:25:56.906421Z","level":"info","event":"Filling up the DagBag from /opt/airflow/dags/seoul_bike_rent_2022.py","logger":"airflow.models.dagbag.DagBag","filename":"dagbag.py","lineno":593}
{"timestamp":"2025-11-10T01:25:56.931951Z","level":"warning","event":"The `airflow.operators.python.PythonOperator` attribute is deprecated. Please use `'airflow.providers.standard.operators.python.PythonOperator'`.","category":"DeprecatedImportWarning","filename":"/opt/airflow/dags/seoul_bike_rent_2022.py","lineno":2,"logger":"py.warnings"}
{"timestamp":"2025-11-10T01:25:57.107480Z","level":"info","event":"Found credentials in environment variables.","logger":"botocore.credentials","filename":"credentials.py","lineno":1224}
{"timestamp":"2025-11-10T01:25:57.530980Z","level":"info","event":"유효한 정거장 3202개 로드","logger":"task.stdout"}
{"timestamp":"2025-11-10T01:26:00.124610Z","level":"info","event":"2022-07-01 00시: 1~1000 완료 (1000개 누적)","logger":"task.stdout"}
{"timestamp":"2025-11-10T01:26:01.292418Z","level":"info","event":"2022-07-01 00시: 1001~2000 완료 (2000개 누적)","logger":"task.stdout"}
{"timestamp":"2025-11-10T01:26:02.313442Z","level":"info","event":"2022-07-01 00시: 2001~2133 완료 (2133개 누적)","logger":"task.stdout"}
{"timestamp":"2025-11-10T01:26:04.533467Z","level":"info","event":"2022-07-01 01시: 1~1000 완료 (3133개 누적)","logger":"task.stdout"}
{"timestamp":"2025-11-10T01:26:05.680513Z","level":"info","event":"2022-07-01 01시: 1001~1869 완료 (4002개 누적)","logger":"task.stdout"}
{"timestamp":"2025-11-10T01:26:07.807086Z","level":"info","event":"2022-07-01 02시: 1~1000 완료 (5002개 누적)","logger":"task.stdout"}
{"timestamp":"2025-11-10T01:26:08.868538Z","level":"info","event":"2022-07-01 02시: 1001~1350 완료 (5352개 누적)","logger":"task.stdout"}
{"timestamp":"2025-11-10T01:26:10.825510Z","level":"info","event":"2022-07-01 03시: 1~752 완료 (6104개 누적)","logger":"task.stdout"}
{"timestamp":"2025-11-10T01:26:12.751524Z","level":"info","event":"2022-07-01 04시: 1~603 완료 (6707개 누적)","logger":"task.stdout"}
{"timestamp":"2025-11-10T01:26:14.875961Z","level":"info","event":"2022-07-01 05시: 1~1000 완료 (7707개 누적)","logger":"task.stdout"}
{"timestamp":"2025-11-10T01:26:15.960602Z","level":"info","event":"2022-07-01 05시: 1001~1272 완료 (7979개 누적)","logger":"task.stdout"}
{"timestamp":"2025-11-10T01:26:18.133946Z","level":"info","event":"2022-07-01 06시: 1~1000 완료 (8979개 누적)","logger":"task.stdout"}
{"timestamp":"2025-11-10T01:26:19.316407Z","level":"info","event":"2022-07-01 06시: 1001~2000 완료 (9979개 누적)","logger":"task.stdout"}
{"timestamp":"2025-11-10T01:26:20.518368Z","level":"info","event":"2022-07-01 06시: 2001~2919 완료 (10898개 누적)","logger":"task.stdout"}
{"timestamp":"2025-11-10T01:26:23.046392Z","level":"info","event":"2022-07-01 07시: 1~1000 완료 (11898개 누적)","logger":"task.stdout"}
{"timestamp":"2025-11-10T01:26:24.411736Z","level":"info","event":"2022-07-01 07시: 1001~2000 완료 (12898개 누적)","logger":"task.stdout"}
{"timestamp":"2025-11-10T01:26:25.761315Z","level":"info","event":"2022-07-01 07시: 2001~3000 완료 (13898개 누적)","logger":"task.stdout"}
{"timestamp":"2025-11-10T01:26:27.187040Z","level":"info","event":"2022-07-01 07시: 3001~4000 완료 (14898개 누적)","logger":"task.stdout"}
{"timestamp":"2025-11-10T01:26:28.878091Z","level":"info","event":"2022-07-01 07시: 4001~5000 완료 (15898개 누적)","logger":"task.stdout"}
{"timestamp":"2025-11-10T01:26:30.320190Z","level":"info","event":"2022-07-01 07시: 5001~6000 완료 (16898개 누적)","logger":"task.stdout"}
{"timestamp":"2025-11-10T01:26:31.853138Z","level":"info","event":"2022-07-01 07시: 6001~7000 완료 (17898개 누적)","logger":"task.stdout"}
{"timestamp":"2025-11-10T01:26:33.036121Z","level":"info","event":"2022-07-01 07시: 7001~7489 완료 (18387개 누적)","logger":"task.stdout"}
{"timestamp":"2025-11-10T01:26:35.929248Z","level":"info","event":"2022-07-01 08시: 1~1000 완료 (19387개 누적)","logger":"task.stdout"}
{"timestamp":"2025-11-10T01:26:37.429289Z","level":"info","event":"2022-07-01 08시: 1001~2000 완료 (20387개 누적)","logger":"task.stdout"}
{"timestamp":"2025-11-10T01:26:39.044516Z","level":"info","event":"2022-07-01 08시: 2001~3000 완료 (21387개 누적)","logger":"task.stdout"}
{"timestamp":"2025-11-10T01:26:41.010240Z","level":"info","event":"2022-07-01 08시: 3001~4000 완료 (22387개 누적)","logger":"task.stdout"}
{"timestamp":"2025-11-10T01:26:42.692298Z","level":"info","event":"2022-07-01 08시: 4001~5000 완료 (23387개 누적)","logger":"task.stdout"}
{"timestamp":"2025-11-10T01:26:44.232276Z","level":"info","event":"2022-07-01 08시: 5001~6000 완료 (24387개 누적)","logger":"task.stdout"}
{"timestamp":"2025-11-10T01:26:45.745799Z","level":"info","event":"2022-07-01 08시: 6001~7000 완료 (25387개 누적)","logger":"task.stdout"}
{"timestamp":"2025-11-10T01:26:47.301376Z","level":"info","event":"2022-07-01 08시: 7001~8000 완료 (26387개 누적)","logger":"task.stdout"}
{"timestamp":"2025-11-10T01:26:48.887364Z","level":"info","event":"2022-07-01 08시: 8001~9000 완료 (27387개 누적)","logger":"task.stdout"}
{"timestamp":"2025-11-10T01:26:50.378814Z","level":"info","event":"2022-07-01 08시: 9001~10000 완료 (28387개 누적)","logger":"task.stdout"}
{"timestamp":"2025-11-10T01:26:51.903637Z","level":"info","event":"2022-07-01 08시: 10001~11000 완료 (29387개 누적)","logger":"task.stdout"}
{"timestamp":"2025-11-10T01:26:53.623392Z","level":"info","event":"2022-07-01 08시: 11001~12000 완료 (30387개 누적)","logger":"task.stdout"}
{"timestamp":"2025-11-10T01:26:55.008244Z","level":"info","event":"2022-07-01 08시: 12001~12079 완료 (30466개 누적)","logger":"task.stdout"}
{"timestamp":"2025-11-10T01:26:57.645125Z","level":"info","event":"2022-07-01 09시: 1~1000 완료 (31466개 누적)","logger":"task.stdout"}
{"timestamp":"2025-11-10T01:26:59.068824Z","level":"info","event":"2022-07-01 09시: 1001~2000 완료 (32466개 누적)","logger":"task.stdout"}
{"timestamp":"2025-11-10T01:27:00.447500Z","level":"info","event":"2022-07-01 09시: 2001~3000 완료 (33466개 누적)","logger":"task.stdout"}
{"timestamp":"2025-11-10T01:27:01.766932Z","level":"info","event":"2022-07-01 09시: 3001~4000 완료 (34466개 누적)","logger":"task.stdout"}
{"timestamp":"2025-11-10T01:27:03.135954Z","level":"info","event":"2022-07-01 09시: 4001~5000 완료 (35466개 누적)","logger":"task.stdout"}
{"timestamp":"2025-11-10T01:27:04.440784Z","level":"info","event":"2022-07-01 09시: 5001~6000 완료 (36466개 누적)","logger":"task.stdout"}
{"timestamp":"2025-11-10T01:27:05.708923Z","level":"info","event":"2022-07-01 09시: 6001~6637 완료 (37103개 누적)","logger":"task.stdout"}
{"timestamp":"2025-11-10T01:27:08.032923Z","level":"info","event":"2022-07-01 10시: 1~1000 완료 (38103개 누적)","logger":"task.stdout"}
{"timestamp":"2025-11-10T01:27:09.356049Z","level":"info","event":"2022-07-01 10시: 1001~2000 완료 (39103개 누적)","logger":"task.stdout"}
{"timestamp":"2025-11-10T01:27:11.070490Z","level":"info","event":"2022-07-01 10시: 2001~3000 완료 (40103개 누적)","logger":"task.stdout"}
{"timestamp":"2025-11-10T01:27:12.310074Z","level":"info","event":"2022-07-01 10시: 3001~4000 완료 (41103개 누적)","logger":"task.stdout"}
{"timestamp":"2025-11-10T01:27:13.679153Z","level":"info","event":"2022-07-01 10시: 4001~5000 완료 (42103개 누적)","logger":"task.stdout"}
{"timestamp":"2025-11-10T01:27:14.830549Z","level":"info","event":"2022-07-01 10시: 5001~5405 완료 (42508개 누적)","logger":"task.stdout"}
{"timestamp":"2025-11-10T01:27:17.154008Z","level":"info","event":"2022-07-01 11시: 1~1000 완료 (43508개 누적)","logger":"task.stdout"}
{"timestamp":"2025-11-10T01:27:18.707382Z","level":"info","event":"2022-07-01 11시: 1001~2000 완료 (44508개 누적)","logger":"task.stdout"}
{"timestamp":"2025-11-10T01:27:19.961649Z","level":"info","event":"2022-07-01 11시: 2001~3000 완료 (45508개 누적)","logger":"task.stdout"}
{"timestamp":"2025-11-10T01:27:21.242856Z","level":"info","event":"2022-07-01 11시: 3001~4000 완료 (46508개 누적)","logger":"task.stdout"}
{"timestamp":"2025-11-10T01:27:22.593490Z","level":"info","event":"2022-07-01 11시: 4001~5000 완료 (47508개 누적)","logger":"task.stdout"}
{"timestamp":"2025-11-10T01:27:23.948829Z","level":"info","event":"2022-07-01 11시: 5001~5801 완료 (48309개 누적)","logger":"task.stdout"}
{"timestamp":"2025-11-10T01:27:26.294648Z","level":"info","event":"2022-07-01 12시: 1~1000 완료 (49309개 누적)","logger":"task.stdout"}
{"timestamp":"2025-11-10T01:27:27.543546Z","level":"info","event":"2022-07-01 12시: 1001~2000 완료 (50309개 누적)","logger":"task.stdout"}
{"timestamp":"2025-11-10T01:27:28.785920Z","level":"info","event":"2022-07-01 12시: 2001~3000 완료 (51309개 누적)","logger":"task.stdout"}
{"timestamp":"2025-11-10T01:27:30.114006Z","level":"info","event":"2022-07-01 12시: 3001~4000 완료 (52309개 누적)","logger":"task.stdout"}
{"timestamp":"2025-11-10T01:27:31.375626Z","level":"info","event":"2022-07-01 12시: 4001~5000 완료 (53309개 누적)","logger":"task.stdout"}
{"timestamp":"2025-11-10T01:27:32.631142Z","level":"info","event":"2022-07-01 12시: 5001~6000 완료 (54309개 누적)","logger":"task.stdout"}
{"timestamp":"2025-11-10T01:27:33.833927Z","level":"info","event":"2022-07-01 12시: 6001~6522 완료 (54831개 누적)","logger":"task.stdout"}
{"timestamp":"2025-11-10T01:27:36.222211Z","level":"info","event":"2022-07-01 13시: 1~1000 완료 (55831개 누적)","logger":"task.stdout"}
{"timestamp":"2025-11-10T01:27:37.586284Z","level":"info","event":"2022-07-01 13시: 1001~2000 완료 (56831개 누적)","logger":"task.stdout"}
{"timestamp":"2025-11-10T01:27:38.946843Z","level":"info","event":"2022-07-01 13시: 2001~3000 완료 (57831개 누적)","logger":"task.stdout"}
{"timestamp":"2025-11-10T01:27:40.287070Z","level":"info","event":"2022-07-01 13시: 3001~4000 완료 (58831개 누적)","logger":"task.stdout"}
{"timestamp":"2025-11-10T01:27:41.723532Z","level":"info","event":"2022-07-01 13시: 4001~5000 완료 (59831개 누적)","logger":"task.stdout"}
{"timestamp":"2025-11-10T01:27:42.972734Z","level":"info","event":"2022-07-01 13시: 5001~5890 완료 (60721개 누적)","logger":"task.stdout"}
{"timestamp":"2025-11-10T01:27:45.382132Z","level":"info","event":"2022-07-01 14시: 1~1000 완료 (61721개 누적)","logger":"task.stdout"}
{"timestamp":"2025-11-10T01:27:46.680031Z","level":"info","event":"2022-07-01 14시: 1001~2000 완료 (62721개 누적)","logger":"task.stdout"}
{"timestamp":"2025-11-10T01:27:47.940645Z","level":"info","event":"2022-07-01 14시: 2001~3000 완료 (63721개 누적)","logger":"task.stdout"}
{"timestamp":"2025-11-10T01:27:49.265927Z","level":"info","event":"2022-07-01 14시: 3001~4000 완료 (64721개 누적)","logger":"task.stdout"}
{"timestamp":"2025-11-10T01:27:50.669421Z","level":"info","event":"2022-07-01 14시: 4001~5000 완료 (65721개 누적)","logger":"task.stdout"}
{"timestamp":"2025-11-10T01:27:51.984555Z","level":"info","event":"2022-07-01 14시: 5001~5781 완료 (66502개 누적)","logger":"task.stdout"}
{"timestamp":"2025-11-10T01:27:54.315106Z","level":"info","event":"2022-07-01 15시: 1~1000 완료 (67502개 누적)","logger":"task.stdout"}
{"timestamp":"2025-11-10T01:27:55.613163Z","level":"info","event":"2022-07-01 15시: 1001~2000 완료 (68502개 누적)","logger":"task.stdout"}
{"timestamp":"2025-11-10T01:27:56.881425Z","level":"info","event":"2022-07-01 15시: 2001~3000 완료 (69502개 누적)","logger":"task.stdout"}
{"timestamp":"2025-11-10T01:27:58.285608Z","level":"info","event":"2022-07-01 15시: 3001~4000 완료 (70502개 누적)","logger":"task.stdout"}
{"timestamp":"2025-11-10T01:27:59.661438Z","level":"info","event":"2022-07-01 15시: 4001~5000 완료 (71502개 누적)","logger":"task.stdout"}
{"timestamp":"2025-11-10T01:28:01.041183Z","level":"info","event":"2022-07-01 15시: 5001~6000 완료 (72502개 누적)","logger":"task.stdout"}
{"timestamp":"2025-11-10T01:28:02.480340Z","level":"info","event":"2022-07-01 15시: 6001~6579 완료 (73081개 누적)","logger":"task.stdout"}
{"timestamp":"2025-11-10T01:28:05.085956Z","level":"info","event":"2022-07-01 16시: 1~1000 완료 (74081개 누적)","logger":"task.stdout"}
{"timestamp":"2025-11-10T01:28:06.576957Z","level":"info","event":"2022-07-01 16시: 1001~2000 완료 (75081개 누적)","logger":"task.stdout"}
{"timestamp":"2025-11-10T01:28:08.015748Z","level":"info","event":"2022-07-01 16시: 2001~3000 완료 (76081개 누적)","logger":"task.stdout"}
{"timestamp":"2025-11-10T01:28:09.468298Z","level":"info","event":"2022-07-01 16시: 3001~4000 완료 (77081개 누적)","logger":"task.stdout"}
{"timestamp":"2025-11-10T01:28:10.898224Z","level":"info","event":"2022-07-01 16시: 4001~5000 완료 (78081개 누적)","logger":"task.stdout"}
{"timestamp":"2025-11-10T01:28:12.325326Z","level":"info","event":"2022-07-01 16시: 5001~6000 완료 (79081개 누적)","logger":"task.stdout"}
{"timestamp":"2025-11-10T01:28:13.647835Z","level":"info","event":"2022-07-01 16시: 6001~7000 완료 (80081개 누적)","logger":"task.stdout"}
{"timestamp":"2025-11-10T01:28:15.139642Z","level":"info","event":"2022-07-01 16시: 7001~8000 완료 (81081개 누적)","logger":"task.stdout"}
{"timestamp":"2025-11-10T01:28:16.440659Z","level":"info","event":"2022-07-01 16시: 8001~8433 완료 (81514개 누적)","logger":"task.stdout"}
{"timestamp":"2025-11-10T01:28:19.377317Z","level":"info","event":"2022-07-01 17시: 1~1000 완료 (82514개 누적)","logger":"task.stdout"}
{"timestamp":"2025-11-10T01:28:20.915121Z","level":"info","event":"2022-07-01 17시: 1001~2000 완료 (83514개 누적)","logger":"task.stdout"}
{"timestamp":"2025-11-10T01:28:22.524918Z","level":"info","event":"2022-07-01 17시: 2001~3000 완료 (84514개 누적)","logger":"task.stdout"}
{"timestamp":"2025-11-10T01:28:24.094789Z","level":"info","event":"2022-07-01 17시: 3001~4000 완료 (85514개 누적)","logger":"task.stdout"}
{"timestamp":"2025-11-10T01:28:25.664642Z","level":"info","event":"2022-07-01 17시: 4001~5000 완료 (86514개 누적)","logger":"task.stdout"}
{"timestamp":"2025-11-10T01:28:27.262135Z","level":"info","event":"2022-07-01 17시: 5001~6000 완료 (87514개 누적)","logger":"task.stdout"}
{"timestamp":"2025-11-10T01:28:28.895525Z","level":"info","event":"2022-07-01 17시: 6001~7000 완료 (88514개 누적)","logger":"task.stdout"}
{"timestamp":"2025-11-10T01:28:30.395865Z","level":"info","event":"2022-07-01 17시: 7001~8000 완료 (89514개 누적)","logger":"task.stdout"}
{"timestamp":"2025-11-10T01:28:31.876127Z","level":"info","event":"2022-07-01 17시: 8001~9000 완료 (90514개 누적)","logger":"task.stdout"}
{"timestamp":"2025-11-10T01:28:33.395264Z","level":"info","event":"2022-07-01 17시: 9001~10000 완료 (91514개 누적)","logger":"task.stdout"}
{"timestamp":"2025-11-10T01:28:34.879441Z","level":"info","event":"2022-07-01 17시: 10001~11000 완료 (92514개 누적)","logger":"task.stdout"}
{"timestamp":"2025-11-10T01:28:36.375524Z","level":"info","event":"2022-07-01 17시: 11001~12000 완료 (93514개 누적)","logger":"task.stdout"}
{"timestamp":"2025-11-10T01:28:37.884707Z","level":"info","event":"2022-07-01 17시: 12001~12917 완료 (94431개 누적)","logger":"task.stdout"}
{"timestamp":"2025-11-10T01:28:41.076502Z","level":"info","event":"2022-07-01 18시: 1~1000 완료 (95431개 누적)","logger":"task.stdout"}
{"timestamp":"2025-11-10T01:28:42.746717Z","level":"info","event":"2022-07-01 18시: 1001~2000 완료 (96431개 누적)","logger":"task.stdout"}
{"timestamp":"2025-11-10T01:28:44.676351Z","level":"info","event":"2022-07-01 18시: 2001~3000 완료 (97431개 누적)","logger":"task.stdout"}
{"timestamp":"2025-11-10T01:28:46.431012Z","level":"info","event":"2022-07-01 18시: 3001~4000 완료 (98431개 누적)","logger":"task.stdout"}
{"timestamp":"2025-11-10T01:28:48.284608Z","level":"info","event":"2022-07-01 18시: 4001~5000 완료 (99431개 누적)","logger":"task.stdout"}
{"timestamp":"2025-11-10T01:28:50.067065Z","level":"info","event":"2022-07-01 18시: 5001~6000 완료 (100431개 누적)","logger":"task.stdout"}
{"timestamp":"2025-11-10T01:28:51.857817Z","level":"info","event":"2022-07-01 18시: 6001~7000 완료 (101431개 누적)","logger":"task.stdout"}
{"timestamp":"2025-11-10T01:28:53.634392Z","level":"info","event":"2022-07-01 18시: 7001~8000 완료 (102431개 누적)","logger":"task.stdout"}
{"timestamp":"2025-11-10T01:28:55.466540Z","level":"info","event":"2022-07-01 18시: 8001~9000 완료 (103431개 누적)","logger":"task.stdout"}
{"timestamp":"2025-11-10T01:28:57.183899Z","level":"info","event":"2022-07-01 18시: 9001~10000 완료 (104431개 누적)","logger":"task.stdout"}
{"timestamp":"2025-11-10T01:28:58.881179Z","level":"info","event":"2022-07-01 18시: 10001~11000 완료 (105431개 누적)","logger":"task.stdout"}
{"timestamp":"2025-11-10T01:29:00.501679Z","level":"info","event":"2022-07-01 18시: 11001~12000 완료 (106431개 누적)","logger":"task.stdout"}
{"timestamp":"2025-11-10T01:29:02.212692Z","level":"info","event":"2022-07-01 18시: 12001~13000 완료 (107431개 누적)","logger":"task.stdout"}
{"timestamp":"2025-11-10T01:29:03.914402Z","level":"info","event":"2022-07-01 18시: 13001~14000 완료 (108431개 누적)","logger":"task.stdout"}
{"timestamp":"2025-11-10T01:29:05.711895Z","level":"info","event":"2022-07-01 18시: 14001~15000 완료 (109431개 누적)","logger":"task.stdout"}
{"timestamp":"2025-11-10T01:29:07.546092Z","level":"info","event":"2022-07-01 18시: 15001~16000 완료 (110431개 누적)","logger":"task.stdout"}
{"timestamp":"2025-11-10T01:29:09.349596Z","level":"info","event":"2022-07-01 18시: 16001~17000 완료 (111431개 누적)","logger":"task.stdout"}
{"timestamp":"2025-11-10T01:29:11.154117Z","level":"info","event":"2022-07-01 18시: 17001~18000 완료 (112431개 누적)","logger":"task.stdout"}
{"timestamp":"2025-11-10T01:29:12.797745Z","level":"info","event":"2022-07-01 18시: 18001~18372 완료 (112803개 누적)","logger":"task.stdout"}
{"timestamp":"2025-11-10T01:29:15.710514Z","level":"info","event":"2022-07-01 19시: 1~1000 완료 (113803개 누적)","logger":"task.stdout"}
{"timestamp":"2025-11-10T01:29:17.226193Z","level":"info","event":"2022-07-01 19시: 1001~2000 완료 (114803개 누적)","logger":"task.stdout"}
{"timestamp":"2025-11-10T01:29:18.784047Z","level":"info","event":"2022-07-01 19시: 2001~3000 완료 (115803개 누적)","logger":"task.stdout"}
{"timestamp":"2025-11-10T01:29:20.404520Z","level":"info","event":"2022-07-01 19시: 3001~4000 완료 (116803개 누적)","logger":"task.stdout"}
{"timestamp":"2025-11-10T01:29:21.943774Z","level":"info","event":"2022-07-01 19시: 4001~5000 완료 (117803개 누적)","logger":"task.stdout"}
{"timestamp":"2025-11-10T01:29:23.502400Z","level":"info","event":"2022-07-01 19시: 5001~6000 완료 (118803개 누적)","logger":"task.stdout"}
{"timestamp":"2025-11-10T01:29:25.077722Z","level":"info","event":"2022-07-01 19시: 6001~7000 완료 (119803개 누적)","logger":"task.stdout"}
{"timestamp":"2025-11-10T01:29:26.546608Z","level":"info","event":"2022-07-01 19시: 7001~8000 완료 (120803개 누적)","logger":"task.stdout"}
{"timestamp":"2025-11-10T01:29:28.056646Z","level":"info","event":"2022-07-01 19시: 8001~9000 완료 (121803개 누적)","logger":"task.stdout"}
{"timestamp":"2025-11-10T01:29:29.604208Z","level":"info","event":"2022-07-01 19시: 9001~10000 완료 (122803개 누적)","logger":"task.stdout"}
{"timestamp":"2025-11-10T01:29:31.152653Z","level":"info","event":"2022-07-01 19시: 10001~11000 완료 (123803개 누적)","logger":"task.stdout"}
{"timestamp":"2025-11-10T01:29:32.634386Z","level":"info","event":"2022-07-01 19시: 11001~12000 완료 (124803개 누적)","logger":"task.stdout"}
{"timestamp":"2025-11-10T01:29:34.225144Z","level":"info","event":"2022-07-01 19시: 12001~13000 완료 (125803개 누적)","logger":"task.stdout"}
{"timestamp":"2025-11-10T01:29:35.639858Z","level":"info","event":"2022-07-01 19시: 13001~13596 완료 (126399개 누적)","logger":"task.stdout"}
{"timestamp":"2025-11-10T01:29:38.277798Z","level":"info","event":"2022-07-01 20시: 1~1000 완료 (127399개 누적)","logger":"task.stdout"}
{"timestamp":"2025-11-10T01:29:39.844516Z","level":"info","event":"2022-07-01 20시: 1001~2000 완료 (128399개 누적)","logger":"task.stdout"}
{"timestamp":"2025-11-10T01:29:41.493775Z","level":"info","event":"2022-07-01 20시: 2001~3000 완료 (129399개 누적)","logger":"task.stdout"}
{"timestamp":"2025-11-10T01:29:42.958332Z","level":"info","event":"2022-07-01 20시: 3001~4000 완료 (130399개 누적)","logger":"task.stdout"}
{"timestamp":"2025-11-10T01:29:44.457346Z","level":"info","event":"2022-07-01 20시: 4001~5000 완료 (131399개 누적)","logger":"task.stdout"}
{"timestamp":"2025-11-10T01:29:45.902586Z","level":"info","event":"2022-07-01 20시: 5001~6000 완료 (132399개 누적)","logger":"task.stdout"}
{"timestamp":"2025-11-10T01:29:47.465403Z","level":"info","event":"2022-07-01 20시: 6001~7000 완료 (133399개 누적)","logger":"task.stdout"}
{"timestamp":"2025-11-10T01:29:49.027987Z","level":"info","event":"2022-07-01 20시: 7001~8000 완료 (134399개 누적)","logger":"task.stdout"}
{"timestamp":"2025-11-10T01:29:50.490754Z","level":"info","event":"2022-07-01 20시: 8001~9000 완료 (135399개 누적)","logger":"task.stdout"}
{"timestamp":"2025-11-10T01:29:51.965609Z","level":"info","event":"2022-07-01 20시: 9001~10000 완료 (136399개 누적)","logger":"task.stdout"}
{"timestamp":"2025-11-10T01:29:53.423081Z","level":"info","event":"2022-07-01 20시: 10001~11000 완료 (137399개 누적)","logger":"task.stdout"}
{"timestamp":"2025-11-10T01:29:54.789646Z","level":"info","event":"2022-07-01 20시: 11001~11525 완료 (137924개 누적)","logger":"task.stdout"}
{"timestamp":"2025-11-10T01:29:57.581258Z","level":"info","event":"2022-07-01 21시: 1~1000 완료 (138924개 누적)","logger":"task.stdout"}
{"timestamp":"2025-11-10T01:29:58.978301Z","level":"info","event":"2022-07-01 21시: 1001~2000 완료 (139924개 누적)","logger":"task.stdout"}
{"timestamp":"2025-11-10T01:30:00.382361Z","level":"info","event":"2022-07-01 21시: 2001~3000 완료 (140924개 누적)","logger":"task.stdout"}
{"timestamp":"2025-11-10T01:30:01.938892Z","level":"info","event":"2022-07-01 21시: 3001~4000 완료 (141924개 누적)","logger":"task.stdout"}
{"timestamp":"2025-11-10T01:30:03.610152Z","level":"info","event":"2022-07-01 21시: 4001~5000 완료 (142924개 누적)","logger":"task.stdout"}
{"timestamp":"2025-11-10T01:30:05.616830Z","level":"info","event":"2022-07-01 21시: 5001~6000 완료 (143924개 누적)","logger":"task.stdout"}
{"timestamp":"2025-11-10T01:30:07.195490Z","level":"info","event":"2022-07-01 21시: 6001~7000 완료 (144924개 누적)","logger":"task.stdout"}
{"timestamp":"2025-11-10T01:30:08.707862Z","level":"info","event":"2022-07-01 21시: 7001~8000 완료 (145924개 누적)","logger":"task.stdout"}
{"timestamp":"2025-11-10T01:30:10.359891Z","level":"info","event":"2022-07-01 21시: 8001~9000 완료 (146924개 누적)","logger":"task.stdout"}
{"timestamp":"2025-11-10T01:30:11.855725Z","level":"info","event":"2022-07-01 21시: 9001~10000 완료 (147924개 누적)","logger":"task.stdout"}
{"timestamp":"2025-11-10T01:30:13.292272Z","level":"info","event":"2022-07-01 21시: 10001~10748 완료 (148672개 누적)","logger":"task.stdout"}
{"timestamp":"2025-11-10T01:30:15.890991Z","level":"info","event":"2022-07-01 22시: 1~1000 완료 (149672개 누적)","logger":"task.stdout"}
{"timestamp":"2025-11-10T01:30:17.385701Z","level":"info","event":"2022-07-01 22시: 1001~2000 완료 (150672개 누적)","logger":"task.stdout"}
{"timestamp":"2025-11-10T01:30:18.819375Z","level":"info","event":"2022-07-01 22시: 2001~3000 완료 (151672개 누적)","logger":"task.stdout"}
{"timestamp":"2025-11-10T01:30:20.273358Z","level":"info","event":"2022-07-01 22시: 3001~4000 완료 (152672개 누적)","logger":"task.stdout"}
{"timestamp":"2025-11-10T01:30:21.770165Z","level":"info","event":"2022-07-01 22시: 4001~5000 완료 (153672개 누적)","logger":"task.stdout"}
{"timestamp":"2025-11-10T01:30:23.194663Z","level":"info","event":"2022-07-01 22시: 5001~6000 완료 (154672개 누적)","logger":"task.stdout"}
{"timestamp":"2025-11-10T01:30:24.647402Z","level":"info","event":"2022-07-01 22시: 6001~7000 완료 (155672개 누적)","logger":"task.stdout"}
{"timestamp":"2025-11-10T01:30:26.158338Z","level":"info","event":"2022-07-01 22시: 7001~8000 완료 (156672개 누적)","logger":"task.stdout"}
{"timestamp":"2025-11-10T01:30:27.690147Z","level":"info","event":"2022-07-01 22시: 8001~9000 완료 (157672개 누적)","logger":"task.stdout"}
{"timestamp":"2025-11-10T01:30:29.144033Z","level":"info","event":"2022-07-01 22시: 9001~9772 완료 (158444개 누적)","logger":"task.stdout"}
{"timestamp":"2025-11-10T01:30:31.558534Z","level":"info","event":"2022-07-01 23시: 1~1000 완료 (159444개 누적)","logger":"task.stdout"}
{"timestamp":"2025-11-10T01:30:32.839456Z","level":"info","event":"2022-07-01 23시: 1001~2000 완료 (160444개 누적)","logger":"task.stdout"}
{"timestamp":"2025-11-10T01:30:34.126857Z","level":"info","event":"2022-07-01 23시: 2001~3000 완료 (161444개 누적)","logger":"task.stdout"}
{"timestamp":"2025-11-10T01:30:35.468673Z","level":"info","event":"2022-07-01 23시: 3001~4000 완료 (162444개 누적)","logger":"task.stdout"}
{"timestamp":"2025-11-10T01:30:36.777956Z","level":"info","event":"2022-07-01 23시: 4001~5000 완료 (163444개 누적)","logger":"task.stdout"}
{"timestamp":"2025-11-10T01:30:38.096989Z","level":"info","event":"2022-07-01 23시: 5001~6000 완료 (164444개 누적)","logger":"task.stdout"}
{"timestamp":"2025-11-10T01:30:39.457797Z","level":"info","event":"2022-07-01 23시: 6001~6702 완료 (165146개 누적)","logger":"task.stdout"}
{"timestamp":"2025-11-10T01:30:43.394121Z","level":"info","event":"2022-07-02 00시: 1~1000 완료 (166146개 누적)","logger":"task.stdout"}
{"timestamp":"2025-11-10T01:30:44.524436Z","level":"info","event":"2022-07-02 00시: 1001~2000 완료 (167146개 누적)","logger":"task.stdout"}
{"timestamp":"2025-11-10T01:30:45.747005Z","level":"info","event":"2022-07-02 00시: 2001~3000 완료 (168146개 누적)","logger":"task.stdout"}
{"timestamp":"2025-11-10T01:30:47.038095Z","level":"info","event":"2022-07-02 00시: 3001~4000 완료 (169146개 누적)","logger":"task.stdout"}
{"timestamp":"2025-11-10T01:30:48.231576Z","level":"info","event":"2022-07-02 00시: 4001~5000 완료 (170146개 누적)","logger":"task.stdout"}
{"timestamp":"2025-11-10T01:30:49.252451Z","level":"info","event":"2022-07-02 00시: 5001~5486 완료 (170632개 누적)","logger":"task.stdout"}
{"timestamp":"2025-11-10T01:30:51.373998Z","level":"info","event":"2022-07-02 01시: 1~1000 완료 (171632개 누적)","logger":"task.stdout"}
{"timestamp":"2025-11-10T01:30:52.583118Z","level":"info","event":"2022-07-02 01시: 1001~2000 완료 (172632개 누적)","logger":"task.stdout"}
{"timestamp":"2025-11-10T01:30:53.676804Z","level":"info","event":"2022-07-02 01시: 2001~3000 완료 (173632개 누적)","logger":"task.stdout"}
{"timestamp":"2025-11-10T01:30:54.841987Z","level":"info","event":"2022-07-02 01시: 3001~4000 완료 (174632개 누적)","logger":"task.stdout"}
{"timestamp":"2025-11-10T01:30:55.943530Z","level":"info","event":"2022-07-02 01시: 4001~4296 완료 (174928개 누적)","logger":"task.stdout"}
{"timestamp":"2025-11-10T01:30:58.041077Z","level":"info","event":"2022-07-02 02시: 1~1000 완료 (175928개 누적)","logger":"task.stdout"}
{"timestamp":"2025-11-10T01:30:59.179603Z","level":"info","event":"2022-07-02 02시: 1001~2000 완료 (176928개 누적)","logger":"task.stdout"}
{"timestamp":"2025-11-10T01:31:00.257141Z","level":"info","event":"2022-07-02 02시: 2001~2972 완료 (177900개 누적)","logger":"task.stdout"}
{"timestamp":"2025-11-10T01:31:02.259123Z","level":"info","event":"2022-07-02 03시: 1~1000 완료 (178900개 누적)","logger":"task.stdout"}
{"timestamp":"2025-11-10T01:31:03.331987Z","level":"info","event":"2022-07-02 03시: 1001~1836 완료 (179736개 누적)","logger":"task.stdout"}
{"timestamp":"2025-11-10T01:31:05.186815Z","level":"info","event":"2022-07-02 04시: 1~1000 완료 (180736개 누적)","logger":"task.stdout"}
{"timestamp":"2025-11-10T01:31:06.190274Z","level":"info","event":"2022-07-02 04시: 1001~1246 완료 (180982개 누적)","logger":"task.stdout"}
{"timestamp":"2025-11-10T01:31:08.000288Z","level":"info","event":"2022-07-02 05시: 1~1000 완료 (181982개 누적)","logger":"task.stdout"}
{"timestamp":"2025-11-10T01:31:09.021440Z","level":"info","event":"2022-07-02 05시: 1001~1348 완료 (182330개 누적)","logger":"task.stdout"}
{"timestamp":"2025-11-10T01:31:10.964143Z","level":"info","event":"2022-07-02 06시: 1~1000 완료 (183330개 누적)","logger":"task.stdout"}
{"timestamp":"2025-11-10T01:31:12.016884Z","level":"info","event":"2022-07-02 06시: 1001~1899 완료 (184229개 누적)","logger":"task.stdout"}
{"timestamp":"2025-11-10T01:31:14.056773Z","level":"info","event":"2022-07-02 07시: 1~1000 완료 (185229개 누적)","logger":"task.stdout"}
{"timestamp":"2025-11-10T01:31:15.296426Z","level":"info","event":"2022-07-02 07시: 1001~2000 완료 (186229개 누적)","logger":"task.stdout"}
{"timestamp":"2025-11-10T01:31:16.447587Z","level":"info","event":"2022-07-02 07시: 2001~2982 완료 (187211개 누적)","logger":"task.stdout"}
{"timestamp":"2025-11-10T01:31:18.832360Z","level":"info","event":"2022-07-02 08시: 1~1000 완료 (188211개 누적)","logger":"task.stdout"}
{"timestamp":"2025-11-10T01:31:20.055352Z","level":"info","event":"2022-07-02 08시: 1001~2000 완료 (189211개 누적)","logger":"task.stdout"}
{"timestamp":"2025-11-10T01:31:21.198946Z","level":"info","event":"2022-07-02 08시: 2001~3000 완료 (190211개 누적)","logger":"task.stdout"}
{"timestamp":"2025-11-10T01:31:22.533839Z","level":"info","event":"2022-07-02 08시: 3001~4000 완료 (191211개 누적)","logger":"task.stdout"}
{"timestamp":"2025-11-10T01:31:23.905012Z","level":"info","event":"2022-07-02 08시: 4001~4549 완료 (191760개 누적)","logger":"task.stdout"}
{"timestamp":"2025-11-10T01:31:26.160845Z","level":"info","event":"2022-07-02 09시: 1~1000 완료 (192760개 누적)","logger":"task.stdout"}
{"timestamp":"2025-11-10T01:31:27.410756Z","level":"info","event":"2022-07-02 09시: 1001~2000 완료 (193760개 누적)","logger":"task.stdout"}
{"timestamp":"2025-11-10T01:31:28.775254Z","level":"info","event":"2022-07-02 09시: 2001~3000 완료 (194760개 누적)","logger":"task.stdout"}
{"timestamp":"2025-11-10T01:31:30.017986Z","level":"info","event":"2022-07-02 09시: 3001~4000 완료 (195760개 누적)","logger":"task.stdout"}
{"timestamp":"2025-11-10T01:31:31.423399Z","level":"info","event":"2022-07-02 09시: 4001~5000 완료 (196760개 누적)","logger":"task.stdout"}
{"timestamp":"2025-11-10T01:31:32.574758Z","level":"info","event":"2022-07-02 09시: 5001~5531 완료 (197291개 누적)","logger":"task.stdout"}
{"timestamp":"2025-11-10T01:31:34.779616Z","level":"info","event":"2022-07-02 10시: 1~1000 완료 (198291개 누적)","logger":"task.stdout"}
{"timestamp":"2025-11-10T01:31:35.964364Z","level":"info","event":"2022-07-02 10시: 1001~2000 완료 (199291개 누적)","logger":"task.stdout"}
{"timestamp":"2025-11-10T01:31:37.219128Z","level":"info","event":"2022-07-02 10시: 2001~3000 완료 (200291개 누적)","logger":"task.stdout"}
{"timestamp":"2025-11-10T01:31:38.685099Z","level":"info","event":"2022-07-02 10시: 3001~4000 완료 (201291개 누적)","logger":"task.stdout"}
{"timestamp":"2025-11-10T01:31:39.879628Z","level":"info","event":"2022-07-02 10시: 4001~5000 완료 (202291개 누적)","logger":"task.stdout"}
{"timestamp":"2025-11-10T01:31:41.061336Z","level":"info","event":"2022-07-02 10시: 5001~5697 완료 (202988개 누적)","logger":"task.stdout"}
{"timestamp":"2025-11-10T01:31:43.482518Z","level":"info","event":"2022-07-02 11시: 1~1000 완료 (203988개 누적)","logger":"task.stdout"}
{"timestamp":"2025-11-10T01:31:44.789827Z","level":"info","event":"2022-07-02 11시: 1001~2000 완료 (204988개 누적)","logger":"task.stdout"}
{"timestamp":"2025-11-10T01:31:46.049937Z","level":"info","event":"2022-07-02 11시: 2001~3000 완료 (205988개 누적)","logger":"task.stdout"}
{"timestamp":"2025-11-10T01:31:47.258499Z","level":"info","event":"2022-07-02 11시: 3001~4000 완료 (206988개 누적)","logger":"task.stdout"}
{"timestamp":"2025-11-10T01:31:48.732150Z","level":"info","event":"2022-07-02 11시: 4001~5000 완료 (207988개 누적)","logger":"task.stdout"}
{"timestamp":"2025-11-10T01:31:50.122309Z","level":"info","event":"2022-07-02 11시: 5001~6000 완료 (208988개 누적)","logger":"task.stdout"}
{"timestamp":"2025-11-10T01:31:51.204472Z","level":"info","event":"2022-07-02 11시: 6001~6181 완료 (209169개 누적)","logger":"task.stdout"}
{"timestamp":"2025-11-10T01:31:53.338836Z","level":"info","event":"2022-07-02 12시: 1~1000 완료 (210169개 누적)","logger":"task.stdout"}
{"timestamp":"2025-11-10T01:31:54.612199Z","level":"info","event":"2022-07-02 12시: 1001~2000 완료 (211169개 누적)","logger":"task.stdout"}
{"timestamp":"2025-11-10T01:31:56.027534Z","level":"info","event":"2022-07-02 12시: 2001~3000 완료 (212169개 누적)","logger":"task.stdout"}
{"timestamp":"2025-11-10T01:31:57.222573Z","level":"info","event":"2022-07-02 12시: 3001~4000 완료 (213169개 누적)","logger":"task.stdout"}
{"timestamp":"2025-11-10T01:31:58.551702Z","level":"info","event":"2022-07-02 12시: 4001~5000 완료 (214169개 누적)","logger":"task.stdout"}
{"timestamp":"2025-11-10T01:31:59.817596Z","level":"info","event":"2022-07-02 12시: 5001~6000 완료 (215169개 누적)","logger":"task.stdout"}
{"timestamp":"2025-11-10T01:32:01.007978Z","level":"info","event":"2022-07-02 12시: 6001~6409 완료 (215578개 누적)","logger":"task.stdout"}
{"timestamp":"2025-11-10T01:32:03.284515Z","level":"info","event":"2022-07-02 13시: 1~1000 완료 (216578개 누적)","logger":"task.stdout"}
{"timestamp":"2025-11-10T01:32:04.450211Z","level":"info","event":"2022-07-02 13시: 1001~2000 완료 (217578개 누적)","logger":"task.stdout"}
{"timestamp":"2025-11-10T01:32:05.729770Z","level":"info","event":"2022-07-02 13시: 2001~3000 완료 (218578개 누적)","logger":"task.stdout"}
{"timestamp":"2025-11-10T01:32:06.977448Z","level":"info","event":"2022-07-02 13시: 3001~4000 완료 (219578개 누적)","logger":"task.stdout"}
{"timestamp":"2025-11-10T01:32:08.178631Z","level":"info","event":"2022-07-02 13시: 4001~5000 완료 (220578개 누적)","logger":"task.stdout"}
{"timestamp":"2025-11-10T01:32:09.405501Z","level":"info","event":"2022-07-02 13시: 5001~6000 완료 (221578개 누적)","logger":"task.stdout"}
{"timestamp":"2025-11-10T01:32:10.680928Z","level":"info","event":"2022-07-02 13시: 6001~6638 완료 (222216개 누적)","logger":"task.stdout"}
{"timestamp":"2025-11-10T01:32:21.182254Z","level":"info","event":"2022-07-02 14시: 1001~2000 완료 (223216개 누적)","logger":"task.stdout"}
{"timestamp":"2025-11-10T01:32:22.695934Z","level":"info","event":"2022-07-02 14시: 2001~3000 완료 (224216개 누적)","logger":"task.stdout"}
{"timestamp":"2025-11-10T01:32:23.951486Z","level":"info","event":"2022-07-02 14시: 3001~4000 완료 (225216개 누적)","logger":"task.stdout"}
{"timestamp":"2025-11-10T01:32:25.238083Z","level":"info","event":"2022-07-02 14시: 4001~5000 완료 (226216개 누적)","logger":"task.stdout"}
{"timestamp":"2025-11-10T01:32:27.165894Z","level":"info","event":"2022-07-02 14시: 5001~6000 완료 (227216개 누적)","logger":"task.stdout"}
{"timestamp":"2025-11-10T01:32:28.611677Z","level":"info","event":"2022-07-02 14시: 6001~6453 완료 (227669개 누적)","logger":"task.stdout"}
{"timestamp":"2025-11-10T01:32:30.730450Z","level":"info","event":"2022-07-02 15시: 1~1000 완료 (228669개 누적)","logger":"task.stdout"}
{"timestamp":"2025-11-10T01:32:32.185736Z","level":"info","event":"2022-07-02 15시: 1001~2000 완료 (229669개 누적)","logger":"task.stdout"}
{"timestamp":"2025-11-10T01:32:33.727961Z","level":"info","event":"2022-07-02 15시: 2001~3000 완료 (230669개 누적)","logger":"task.stdout"}
{"timestamp":"2025-11-10T01:32:35.015300Z","level":"info","event":"2022-07-02 15시: 3001~4000 완료 (231669개 누적)","logger":"task.stdout"}
{"timestamp":"2025-11-10T01:32:36.303766Z","level":"info","event":"2022-07-02 15시: 4001~5000 완료 (232669개 누적)","logger":"task.stdout"}
{"timestamp":"2025-11-10T01:32:37.561481Z","level":"info","event":"2022-07-02 15시: 5001~6000 완료 (233669개 누적)","logger":"task.stdout"}
{"timestamp":"2025-11-10T01:32:38.871112Z","level":"info","event":"2022-07-02 15시: 6001~6424 완료 (234093개 누적)","logger":"task.stdout"}
{"timestamp":"2025-11-10T01:32:41.212092Z","level":"info","event":"2022-07-02 16시: 1~1000 완료 (235093개 누적)","logger":"task.stdout"}
{"timestamp":"2025-11-10T01:32:42.705680Z","level":"info","event":"2022-07-02 16시: 1001~2000 완료 (236093개 누적)","logger":"task.stdout"}
{"timestamp":"2025-11-10T01:32:43.912408Z","level":"info","event":"2022-07-02 16시: 2001~3000 완료 (237093개 누적)","logger":"task.stdout"}
{"timestamp":"2025-11-10T01:32:45.233436Z","level":"info","event":"2022-07-02 16시: 3001~4000 완료 (238093개 누적)","logger":"task.stdout"}
{"timestamp":"2025-11-10T01:32:46.672672Z","level":"info","event":"2022-07-02 16시: 4001~5000 완료 (239093개 누적)","logger":"task.stdout"}
{"timestamp":"2025-11-10T01:32:47.982941Z","level":"info","event":"2022-07-02 16시: 5001~6000 완료 (240093개 누적)","logger":"task.stdout"}
{"timestamp":"2025-11-10T01:32:49.468144Z","level":"info","event":"2022-07-02 16시: 6001~7000 완료 (241093개 누적)","logger":"task.stdout"}
{"timestamp":"2025-11-10T01:32:50.759826Z","level":"info","event":"2022-07-02 16시: 7001~7369 완료 (241462개 누적)","logger":"task.stdout"}
{"timestamp":"2025-11-10T01:32:54.506684Z","level":"info","event":"2022-07-02 17시: 1~1000 완료 (242462개 누적)","logger":"task.stdout"}
{"timestamp":"2025-11-10T01:33:00.591403Z","level":"info","event":"2022-07-02 17시: 1001~2000 완료 (243462개 누적)","logger":"task.stdout"}
{"timestamp":"2025-11-10T01:33:01.975659Z","level":"info","event":"2022-07-02 17시: 2001~3000 완료 (244462개 누적)","logger":"task.stdout"}
{"timestamp":"2025-11-10T01:33:03.203767Z","level":"info","event":"2022-07-02 17시: 3001~4000 완료 (245462개 누적)","logger":"task.stdout"}
{"timestamp":"2025-11-10T01:33:04.538679Z","level":"info","event":"2022-07-02 17시: 4001~5000 완료 (246462개 누적)","logger":"task.stdout"}
{"timestamp":"2025-11-10T01:33:05.901735Z","level":"info","event":"2022-07-02 17시: 5001~6000 완료 (247462개 누적)","logger":"task.stdout"}
{"timestamp":"2025-11-10T01:33:07.245812Z","level":"info","event":"2022-07-02 17시: 6001~7000 완료 (248462개 누적)","logger":"task.stdout"}
{"timestamp":"2025-11-10T01:33:08.780387Z","level":"info","event":"2022-07-02 17시: 7001~8000 완료 (249462개 누적)","logger":"task.stdout"}
{"timestamp":"2025-11-10T01:33:09.970956Z","level":"info","event":"2022-07-02 17시: 8001~8312 완료 (249774개 누적)","logger":"task.stdout"}
{"timestamp":"2025-11-10T01:33:12.482403Z","level":"info","event":"2022-07-02 18시: 1~1000 완료 (250774개 누적)","logger":"task.stdout"}
{"timestamp":"2025-11-10T01:33:13.755801Z","level":"info","event":"2022-07-02 18시: 1001~2000 완료 (251774개 누적)","logger":"task.stdout"}
{"timestamp":"2025-11-10T01:33:15.284402Z","level":"info","event":"2022-07-02 18시: 2001~3000 완료 (252774개 누적)","logger":"task.stdout"}
{"timestamp":"2025-11-10T01:33:16.742642Z","level":"info","event":"2022-07-02 18시: 3001~4000 완료 (253774개 누적)","logger":"task.stdout"}
{"timestamp":"2025-11-10T01:33:18.029532Z","level":"info","event":"2022-07-02 18시: 4001~5000 완료 (254774개 누적)","logger":"task.stdout"}
{"timestamp":"2025-11-10T01:33:19.307514Z","level":"info","event":"2022-07-02 18시: 5001~6000 완료 (255774개 누적)","logger":"task.stdout"}
{"timestamp":"2025-11-10T01:33:20.825670Z","level":"info","event":"2022-07-02 18시: 6001~7000 완료 (256774개 누적)","logger":"task.stdout"}
{"timestamp":"2025-11-10T01:33:22.461999Z","level":"info","event":"2022-07-02 18시: 7001~8000 완료 (257774개 누적)","logger":"task.stdout"}
{"timestamp":"2025-11-10T01:33:23.871717Z","level":"info","event":"2022-07-02 18시: 8001~8933 완료 (258707개 누적)","logger":"task.stdout"}
{"timestamp":"2025-11-10T01:33:26.413064Z","level":"info","event":"2022-07-02 19시: 1~1000 완료 (259707개 누적)","logger":"task.stdout"}
{"timestamp":"2025-11-10T01:33:27.836542Z","level":"info","event":"2022-07-02 19시: 1001~2000 완료 (260707개 누적)","logger":"task.stdout"}
{"timestamp":"2025-11-10T01:33:29.310784Z","level":"info","event":"2022-07-02 19시: 2001~3000 완료 (261707개 누적)","logger":"task.stdout"}
{"timestamp":"2025-11-10T01:33:30.544553Z","level":"info","event":"2022-07-02 19시: 3001~4000 완료 (262707개 누적)","logger":"task.stdout"}
{"timestamp":"2025-11-10T01:33:32.113100Z","level":"info","event":"2022-07-02 19시: 4001~5000 완료 (263707개 누적)","logger":"task.stdout"}
{"timestamp":"2025-11-10T01:33:36.384456Z","level":"critical","event":"Process terminated by signal. Likely out of memory error (OOM). For more information, see https://airflow.apache.org/docs/apache-airflow/stable/troubleshooting.html#process-terminated-by-signal.","signal":-9,"signal_name":"SIGKILL","logger":"task"}
