{"timestamp":"2025-11-10T01:33:01.475082Z","level":"info","event":"DAG bundles loaded: dags-folder","logger":"airflow.dag_processing.bundles.manager.DagBundlesManager","filename":"manager.py","lineno":179}
{"timestamp":"2025-11-10T01:33:01.477533Z","level":"info","event":"Filling up the DagBag from /opt/airflow/dags/seoul_bike_rent_2022.py","logger":"airflow.models.dagbag.DagBag","filename":"dagbag.py","lineno":593}
{"timestamp":"2025-11-10T01:33:01.519416Z","level":"warning","event":"The `airflow.operators.python.PythonOperator` attribute is deprecated. Please use `'airflow.providers.standard.operators.python.PythonOperator'`.","category":"DeprecatedImportWarning","filename":"/opt/airflow/dags/seoul_bike_rent_2022.py","lineno":2,"logger":"py.warnings"}
{"timestamp":"2025-11-10T01:33:01.560076Z","level":"info","event":"Found credentials in environment variables.","logger":"botocore.credentials","filename":"credentials.py","lineno":1224}
{"timestamp":"2025-11-10T01:33:02.915141Z","level":"info","event":"유효한 정거장 3202개 로드","logger":"task.stdout"}
{"timestamp":"2025-11-10T01:33:04.188911Z","level":"info","event":"2022-12-01 00시: 1~1000 완료 (1000개 누적)","logger":"task.stdout"}
{"timestamp":"2025-11-10T01:33:04.900325Z","level":"info","event":"2022-12-01 00시: 1001~1280 완료 (1280개 누적)","logger":"task.stdout"}
{"timestamp":"2025-11-10T01:33:06.243601Z","level":"info","event":"2022-12-01 01시: 1~1000 완료 (2280개 누적)","logger":"task.stdout"}
{"timestamp":"2025-11-10T01:33:06.878271Z","level":"info","event":"2022-12-01 01시: 1001~1053 완료 (2333개 누적)","logger":"task.stdout"}
{"timestamp":"2025-11-10T01:33:08.239166Z","level":"info","event":"2022-12-01 02시: 1~615 완료 (2948개 누적)","logger":"task.stdout"}
{"timestamp":"2025-11-10T01:33:09.385634Z","level":"info","event":"2022-12-01 03시: 1~413 완료 (3361개 누적)","logger":"task.stdout"}
{"timestamp":"2025-11-10T01:33:10.793585Z","level":"info","event":"2022-12-01 04시: 1~362 완료 (3723개 누적)","logger":"task.stdout"}
{"timestamp":"2025-11-10T01:33:12.226412Z","level":"info","event":"2022-12-01 05시: 1~805 완료 (4528개 누적)","logger":"task.stdout"}
{"timestamp":"2025-11-10T01:33:13.746529Z","level":"info","event":"2022-12-01 06시: 1~1000 완료 (5528개 누적)","logger":"task.stdout"}
{"timestamp":"2025-11-10T01:33:14.544197Z","level":"info","event":"2022-12-01 06시: 1001~1766 완료 (6294개 누적)","logger":"task.stdout"}
{"timestamp":"2025-11-10T01:33:16.169552Z","level":"info","event":"2022-12-01 07시: 1~1000 완료 (7294개 누적)","logger":"task.stdout"}
{"timestamp":"2025-11-10T01:33:17.077035Z","level":"info","event":"2022-12-01 07시: 1001~2000 완료 (8294개 누적)","logger":"task.stdout"}
{"timestamp":"2025-11-10T01:33:18.152920Z","level":"info","event":"2022-12-01 07시: 2001~3000 완료 (9294개 누적)","logger":"task.stdout"}
{"timestamp":"2025-11-10T01:33:19.086581Z","level":"info","event":"2022-12-01 07시: 3001~4000 완료 (10294개 누적)","logger":"task.stdout"}
{"timestamp":"2025-11-10T01:33:19.972260Z","level":"info","event":"2022-12-01 07시: 4001~4882 완료 (11176개 누적)","logger":"task.stdout"}
{"timestamp":"2025-11-10T01:33:22.286624Z","level":"info","event":"2022-12-01 08시: 1~1000 완료 (12176개 누적)","logger":"task.stdout"}
{"timestamp":"2025-11-10T01:33:23.347524Z","level":"info","event":"2022-12-01 08시: 1001~2000 완료 (13176개 누적)","logger":"task.stdout"}
{"timestamp":"2025-11-10T01:33:24.447913Z","level":"info","event":"2022-12-01 08시: 2001~3000 완료 (14176개 누적)","logger":"task.stdout"}
{"timestamp":"2025-11-10T01:33:25.488722Z","level":"info","event":"2022-12-01 08시: 3001~4000 완료 (15176개 누적)","logger":"task.stdout"}
{"timestamp":"2025-11-10T01:33:26.697281Z","level":"info","event":"2022-12-01 08시: 4001~5000 완료 (16176개 누적)","logger":"task.stdout"}
{"timestamp":"2025-11-10T01:33:27.758709Z","level":"info","event":"2022-12-01 08시: 5001~6000 완료 (17176개 누적)","logger":"task.stdout"}
{"timestamp":"2025-11-10T01:33:28.982710Z","level":"info","event":"2022-12-01 08시: 6001~7000 완료 (18176개 누적)","logger":"task.stdout"}
{"timestamp":"2025-11-10T01:33:30.141551Z","level":"info","event":"2022-12-01 08시: 7001~8000 완료 (19176개 누적)","logger":"task.stdout"}
{"timestamp":"2025-11-10T01:33:31.253034Z","level":"info","event":"2022-12-01 08시: 8001~8848 완료 (20024개 누적)","logger":"task.stdout"}
{"timestamp":"2025-11-10T01:33:37.285218Z","level":"info","event":"2022-12-01 09시: 1~1000 완료 (21024개 누적)","logger":"task.stdout"}
{"timestamp":"2025-11-10T01:33:38.177922Z","level":"info","event":"2022-12-01 09시: 1001~2000 완료 (22024개 누적)","logger":"task.stdout"}
{"timestamp":"2025-11-10T01:33:39.165854Z","level":"info","event":"2022-12-01 09시: 2001~3000 완료 (23024개 누적)","logger":"task.stdout"}
{"timestamp":"2025-11-10T01:33:40.033130Z","level":"info","event":"2022-12-01 09시: 3001~4000 완료 (24024개 누적)","logger":"task.stdout"}
{"timestamp":"2025-11-10T01:33:40.937818Z","level":"info","event":"2022-12-01 09시: 4001~4304 완료 (24328개 누적)","logger":"task.stdout"}
{"timestamp":"2025-11-10T01:34:02.570047Z","level":"info","event":"2022-12-01 10시: 요청 실패 - HTTPConnectionPool(host='openapi.seoul.go.kr', port=8088): Max retries exceeded with url: /574d4268426539373930666f4b654e/json/tbCycleRentData/1/1000/2022-12-01/10 (Caused by NameResolutionError(\"<urllib3.connection.HTTPConnection object at 0xffff8c3059d0>: Failed to resolve 'openapi.seoul.go.kr' ([Errno -3] Temporary failure in name resolution)\"))","logger":"task.stdout"}
{"timestamp":"2025-11-10T01:34:04.926486Z","level":"info","event":"2022-12-01 11시: 1~1000 완료 (25328개 누적)","logger":"task.stdout"}
{"timestamp":"2025-11-10T01:34:05.759053Z","level":"info","event":"2022-12-01 11시: 1001~2000 완료 (26328개 누적)","logger":"task.stdout"}
{"timestamp":"2025-11-10T01:34:06.602585Z","level":"info","event":"2022-12-01 11시: 2001~2847 완료 (27175개 누적)","logger":"task.stdout"}
{"timestamp":"2025-11-10T01:34:08.175988Z","level":"info","event":"2022-12-01 12시: 1~1000 완료 (28175개 누적)","logger":"task.stdout"}
{"timestamp":"2025-11-10T01:34:08.962351Z","level":"info","event":"2022-12-01 12시: 1001~2000 완료 (29175개 누적)","logger":"task.stdout"}
{"timestamp":"2025-11-10T01:34:09.817971Z","level":"info","event":"2022-12-01 12시: 2001~3000 완료 (30175개 누적)","logger":"task.stdout"}
{"timestamp":"2025-11-10T01:34:10.668517Z","level":"info","event":"2022-12-01 12시: 3001~3183 완료 (30358개 누적)","logger":"task.stdout"}
{"timestamp":"2025-11-10T01:34:11.996572Z","level":"info","event":"2022-12-01 13시: 1~1000 완료 (31358개 누적)","logger":"task.stdout"}
{"timestamp":"2025-11-10T01:34:12.826533Z","level":"info","event":"2022-12-01 13시: 1001~2000 완료 (32358개 누적)","logger":"task.stdout"}
{"timestamp":"2025-11-10T01:34:13.749234Z","level":"info","event":"2022-12-01 13시: 2001~3000 완료 (33358개 누적)","logger":"task.stdout"}
{"timestamp":"2025-11-10T01:34:14.512952Z","level":"info","event":"2022-12-01 13시: 3001~3057 완료 (33415개 누적)","logger":"task.stdout"}
{"timestamp":"2025-11-10T01:34:16.069769Z","level":"info","event":"2022-12-01 14시: 1~1000 완료 (34415개 누적)","logger":"task.stdout"}
{"timestamp":"2025-11-10T01:34:16.928585Z","level":"info","event":"2022-12-01 14시: 1001~2000 완료 (35415개 누적)","logger":"task.stdout"}
{"timestamp":"2025-11-10T01:34:17.804477Z","level":"info","event":"2022-12-01 14시: 2001~3000 완료 (36415개 누적)","logger":"task.stdout"}
{"timestamp":"2025-11-10T01:34:18.541376Z","level":"info","event":"2022-12-01 14시: 3001~3075 완료 (36490개 누적)","logger":"task.stdout"}
{"timestamp":"2025-11-10T01:34:20.029420Z","level":"info","event":"2022-12-01 15시: 1~1000 완료 (37490개 누적)","logger":"task.stdout"}
{"timestamp":"2025-11-10T01:34:20.965748Z","level":"info","event":"2022-12-01 15시: 1001~2000 완료 (38490개 누적)","logger":"task.stdout"}
{"timestamp":"2025-11-10T01:34:21.799225Z","level":"info","event":"2022-12-01 15시: 2001~3000 완료 (39490개 누적)","logger":"task.stdout"}
{"timestamp":"2025-11-10T01:34:22.585020Z","level":"info","event":"2022-12-01 15시: 3001~3326 완료 (39816개 누적)","logger":"task.stdout"}
{"timestamp":"2025-11-10T01:34:24.184066Z","level":"info","event":"2022-12-01 16시: 1~1000 완료 (40816개 누적)","logger":"task.stdout"}
{"timestamp":"2025-11-10T01:34:25.055551Z","level":"info","event":"2022-12-01 16시: 1001~2000 완료 (41816개 누적)","logger":"task.stdout"}
{"timestamp":"2025-11-10T01:34:25.982013Z","level":"info","event":"2022-12-01 16시: 2001~3000 완료 (42816개 누적)","logger":"task.stdout"}
{"timestamp":"2025-11-10T01:34:26.990102Z","level":"info","event":"2022-12-01 16시: 3001~4000 완료 (43816개 누적)","logger":"task.stdout"}
{"timestamp":"2025-11-10T01:34:27.841721Z","level":"info","event":"2022-12-01 16시: 4001~4712 완료 (44528개 누적)","logger":"task.stdout"}
{"timestamp":"2025-11-10T01:34:29.555877Z","level":"info","event":"2022-12-01 17시: 1~1000 완료 (45528개 누적)","logger":"task.stdout"}
{"timestamp":"2025-11-10T01:34:30.568314Z","level":"info","event":"2022-12-01 17시: 1001~2000 완료 (46528개 누적)","logger":"task.stdout"}
{"timestamp":"2025-11-10T01:34:31.465511Z","level":"info","event":"2022-12-01 17시: 2001~3000 완료 (47528개 누적)","logger":"task.stdout"}
{"timestamp":"2025-11-10T01:34:32.402501Z","level":"info","event":"2022-12-01 17시: 3001~4000 완료 (48528개 누적)","logger":"task.stdout"}
{"timestamp":"2025-11-10T01:34:33.404777Z","level":"info","event":"2022-12-01 17시: 4001~5000 완료 (49528개 누적)","logger":"task.stdout"}
{"timestamp":"2025-11-10T01:34:34.358722Z","level":"info","event":"2022-12-01 17시: 5001~6000 완료 (50528개 누적)","logger":"task.stdout"}
{"timestamp":"2025-11-10T01:34:35.740006Z","level":"info","event":"2022-12-01 17시: 6001~6033 완료 (50561개 누적)","logger":"task.stdout"}
{"timestamp":"2025-11-10T01:34:37.560109Z","level":"info","event":"2022-12-01 18시: 1~1000 완료 (51561개 누적)","logger":"task.stdout"}
{"timestamp":"2025-11-10T01:34:38.556925Z","level":"info","event":"2022-12-01 18시: 1001~2000 완료 (52561개 누적)","logger":"task.stdout"}
{"timestamp":"2025-11-10T01:34:39.615774Z","level":"info","event":"2022-12-01 18시: 2001~3000 완료 (53561개 누적)","logger":"task.stdout"}
{"timestamp":"2025-11-10T01:34:40.655491Z","level":"info","event":"2022-12-01 18시: 3001~4000 완료 (54561개 누적)","logger":"task.stdout"}
{"timestamp":"2025-11-10T01:34:41.709477Z","level":"info","event":"2022-12-01 18시: 4001~5000 완료 (55561개 누적)","logger":"task.stdout"}
{"timestamp":"2025-11-10T01:34:42.780934Z","level":"info","event":"2022-12-01 18시: 5001~6000 완료 (56561개 누적)","logger":"task.stdout"}
{"timestamp":"2025-11-10T01:34:43.867083Z","level":"info","event":"2022-12-01 18시: 6001~7000 완료 (57561개 누적)","logger":"task.stdout"}
{"timestamp":"2025-11-10T01:34:44.852941Z","level":"info","event":"2022-12-01 18시: 7001~8000 완료 (58561개 누적)","logger":"task.stdout"}
{"timestamp":"2025-11-10T01:34:45.807981Z","level":"info","event":"2022-12-01 18시: 8001~8069 완료 (58630개 누적)","logger":"task.stdout"}
{"timestamp":"2025-11-10T01:34:47.352315Z","level":"info","event":"2022-12-01 19시: 1~1000 완료 (59630개 누적)","logger":"task.stdout"}
{"timestamp":"2025-11-10T01:34:48.358615Z","level":"info","event":"2022-12-01 19시: 1001~2000 완료 (60630개 누적)","logger":"task.stdout"}
{"timestamp":"2025-11-10T01:34:49.468109Z","level":"info","event":"2022-12-01 19시: 2001~3000 완료 (61630개 누적)","logger":"task.stdout"}
{"timestamp":"2025-11-10T01:34:50.410800Z","level":"info","event":"2022-12-01 19시: 3001~4000 완료 (62630개 누적)","logger":"task.stdout"}
{"timestamp":"2025-11-10T01:34:51.255271Z","level":"info","event":"2022-12-01 19시: 4001~4890 완료 (63520개 누적)","logger":"task.stdout"}
{"timestamp":"2025-11-10T01:34:52.793642Z","level":"info","event":"2022-12-01 20시: 1~1000 완료 (64520개 누적)","logger":"task.stdout"}
{"timestamp":"2025-11-10T01:34:53.697671Z","level":"info","event":"2022-12-01 20시: 1001~2000 완료 (65520개 누적)","logger":"task.stdout"}
{"timestamp":"2025-11-10T01:34:54.544589Z","level":"info","event":"2022-12-01 20시: 2001~3000 완료 (66520개 누적)","logger":"task.stdout"}
{"timestamp":"2025-11-10T01:34:55.426246Z","level":"info","event":"2022-12-01 20시: 3001~3498 완료 (67018개 누적)","logger":"task.stdout"}
{"timestamp":"2025-11-10T01:34:56.858810Z","level":"info","event":"2022-12-01 21시: 1~1000 완료 (68018개 누적)","logger":"task.stdout"}
{"timestamp":"2025-11-10T01:34:57.710910Z","level":"info","event":"2022-12-01 21시: 1001~2000 완료 (69018개 누적)","logger":"task.stdout"}
{"timestamp":"2025-11-10T01:34:58.560994Z","level":"info","event":"2022-12-01 21시: 2001~3000 완료 (70018개 누적)","logger":"task.stdout"}
{"timestamp":"2025-11-10T01:34:59.278443Z","level":"info","event":"2022-12-01 21시: 3001~3221 완료 (70239개 누적)","logger":"task.stdout"}
{"timestamp":"2025-11-10T01:35:00.733708Z","level":"info","event":"2022-12-01 22시: 1~1000 완료 (71239개 누적)","logger":"task.stdout"}
{"timestamp":"2025-11-10T01:35:01.576818Z","level":"info","event":"2022-12-01 22시: 1001~2000 완료 (72239개 누적)","logger":"task.stdout"}
{"timestamp":"2025-11-10T01:35:02.381529Z","level":"info","event":"2022-12-01 22시: 2001~2914 완료 (73153개 누적)","logger":"task.stdout"}
{"timestamp":"2025-11-10T01:35:03.847344Z","level":"info","event":"2022-12-01 23시: 1~1000 완료 (74153개 누적)","logger":"task.stdout"}
{"timestamp":"2025-11-10T01:35:04.630453Z","level":"info","event":"2022-12-01 23시: 1001~1824 완료 (74977개 누적)","logger":"task.stdout"}
{"timestamp":"2025-11-10T01:35:06.059984Z","level":"info","event":"2022-12-02 00시: 1~1000 완료 (75977개 누적)","logger":"task.stdout"}
{"timestamp":"2025-11-10T01:35:06.952908Z","level":"info","event":"2022-12-02 00시: 1001~1435 완료 (76412개 누적)","logger":"task.stdout"}
{"timestamp":"2025-11-10T01:35:08.535608Z","level":"info","event":"2022-12-02 01시: 1~1000 완료 (77412개 누적)","logger":"task.stdout"}
{"timestamp":"2025-11-10T01:35:09.214356Z","level":"info","event":"2022-12-02 01시: 1001~1115 완료 (77527개 누적)","logger":"task.stdout"}
{"timestamp":"2025-11-10T01:35:10.696217Z","level":"info","event":"2022-12-02 02시: 1~771 완료 (78298개 누적)","logger":"task.stdout"}
{"timestamp":"2025-11-10T01:35:12.151297Z","level":"info","event":"2022-12-02 03시: 1~441 완료 (78739개 누적)","logger":"task.stdout"}
{"timestamp":"2025-11-10T01:35:56.145775Z","level":"info","event":"2022-12-02 04시: 요청 실패 - HTTPConnectionPool(host='openapi.seoul.go.kr', port=8088): Max retries exceeded with url: /574d4268426539373930666f4b654e/json/tbCycleRentData/1/5/2022-12-02/4 (Caused by NameResolutionError(\"<urllib3.connection.HTTPConnection object at 0xffff88033aa0>: Failed to resolve 'openapi.seoul.go.kr' ([Errno -3] Temporary failure in name resolution)\"))","logger":"task.stdout"}
{"timestamp":"2025-11-10T01:35:56.147363Z","level":"info","event":"2022-12-02 05시: 요청 실패 - HTTPConnectionPool(host='openapi.seoul.go.kr', port=8088): Max retries exceeded with url: /574d4268426539373930666f4b654e/json/tbCycleRentData/1/5/2022-12-02/5 (Caused by NameResolutionError(\"<urllib3.connection.HTTPConnection object at 0xffff87dbb590>: Failed to resolve 'openapi.seoul.go.kr' ([Errno -3] Temporary failure in name resolution)\"))","logger":"task.stdout"}
{"timestamp":"2025-11-10T01:35:56.147809Z","level":"info","event":"2022-12-02 06시: 요청 실패 - HTTPConnectionPool(host='openapi.seoul.go.kr', port=8088): Max retries exceeded with url: /574d4268426539373930666f4b654e/json/tbCycleRentData/1/5/2022-12-02/6 (Caused by NameResolutionError(\"<urllib3.connection.HTTPConnection object at 0xffff8b91dfa0>: Failed to resolve 'openapi.seoul.go.kr' ([Errno -3] Temporary failure in name resolution)\"))","logger":"task.stdout"}
{"timestamp":"2025-11-10T01:36:02.001591Z","level":"info","event":"2022-12-02 07시: 1~1000 완료 (79739개 누적)","logger":"task.stdout"}
{"timestamp":"2025-11-10T01:36:03.079173Z","level":"info","event":"2022-12-02 07시: 1001~2000 완료 (80739개 누적)","logger":"task.stdout"}
{"timestamp":"2025-11-10T01:36:03.968169Z","level":"info","event":"2022-12-02 07시: 2001~3000 완료 (81739개 누적)","logger":"task.stdout"}
{"timestamp":"2025-11-10T01:36:04.856578Z","level":"info","event":"2022-12-02 07시: 3001~4000 완료 (82739개 누적)","logger":"task.stdout"}
{"timestamp":"2025-11-10T01:36:05.804747Z","level":"info","event":"2022-12-02 07시: 4001~4735 완료 (83474개 누적)","logger":"task.stdout"}
{"timestamp":"2025-11-10T01:36:07.851759Z","level":"info","event":"2022-12-02 08시: 1~1000 완료 (84474개 누적)","logger":"task.stdout"}
{"timestamp":"2025-11-10T01:36:08.944265Z","level":"info","event":"2022-12-02 08시: 1001~2000 완료 (85474개 누적)","logger":"task.stdout"}
{"timestamp":"2025-11-10T01:36:09.961260Z","level":"info","event":"2022-12-02 08시: 2001~3000 완료 (86474개 누적)","logger":"task.stdout"}
{"timestamp":"2025-11-10T01:36:11.010965Z","level":"info","event":"2022-12-02 08시: 3001~4000 완료 (87474개 누적)","logger":"task.stdout"}
{"timestamp":"2025-11-10T01:36:12.185057Z","level":"info","event":"2022-12-02 08시: 4001~5000 완료 (88474개 누적)","logger":"task.stdout"}
{"timestamp":"2025-11-10T01:36:13.271947Z","level":"info","event":"2022-12-02 08시: 5001~6000 완료 (89474개 누적)","logger":"task.stdout"}
{"timestamp":"2025-11-10T01:36:14.300164Z","level":"info","event":"2022-12-02 08시: 6001~7000 완료 (90474개 누적)","logger":"task.stdout"}
{"timestamp":"2025-11-10T01:36:15.441144Z","level":"info","event":"2022-12-02 08시: 7001~8000 완료 (91474개 누적)","logger":"task.stdout"}
{"timestamp":"2025-11-10T01:36:16.607994Z","level":"info","event":"2022-12-02 08시: 8001~8883 완료 (92357개 누적)","logger":"task.stdout"}
{"timestamp":"2025-11-10T01:36:18.404885Z","level":"info","event":"2022-12-02 09시: 1~1000 완료 (93357개 누적)","logger":"task.stdout"}
{"timestamp":"2025-11-10T01:36:19.344415Z","level":"info","event":"2022-12-02 09시: 1001~2000 완료 (94357개 누적)","logger":"task.stdout"}
{"timestamp":"2025-11-10T01:36:23.936292Z","level":"info","event":"2022-12-02 09시: 2001~3000 완료 (95357개 누적)","logger":"task.stdout"}
{"timestamp":"2025-11-10T01:36:24.908827Z","level":"info","event":"2022-12-02 09시: 3001~4000 완료 (96357개 누적)","logger":"task.stdout"}
{"timestamp":"2025-11-10T01:36:25.811767Z","level":"info","event":"2022-12-02 09시: 4001~4335 완료 (96692개 누적)","logger":"task.stdout"}
{"timestamp":"2025-11-10T01:36:27.227874Z","level":"info","event":"2022-12-02 10시: 1~1000 완료 (97692개 누적)","logger":"task.stdout"}
{"timestamp":"2025-11-10T01:36:28.183208Z","level":"info","event":"2022-12-02 10시: 1001~2000 완료 (98692개 누적)","logger":"task.stdout"}
{"timestamp":"2025-11-10T01:36:29.109928Z","level":"info","event":"2022-12-02 10시: 2001~2866 완료 (99558개 누적)","logger":"task.stdout"}
{"timestamp":"2025-11-10T01:36:30.603743Z","level":"info","event":"2022-12-02 11시: 1~1000 완료 (100558개 누적)","logger":"task.stdout"}
{"timestamp":"2025-11-10T01:36:31.467346Z","level":"info","event":"2022-12-02 11시: 1001~2000 완료 (101558개 누적)","logger":"task.stdout"}
{"timestamp":"2025-11-10T01:36:32.321796Z","level":"info","event":"2022-12-02 11시: 2001~3000 완료 (102558개 누적)","logger":"task.stdout"}
{"timestamp":"2025-11-10T01:36:33.162847Z","level":"info","event":"2022-12-02 11시: 3001~3308 완료 (102866개 누적)","logger":"task.stdout"}
{"timestamp":"2025-11-10T01:36:34.742400Z","level":"info","event":"2022-12-02 12시: 1~1000 완료 (103866개 누적)","logger":"task.stdout"}
{"timestamp":"2025-11-10T01:36:35.657592Z","level":"info","event":"2022-12-02 12시: 1001~2000 완료 (104866개 누적)","logger":"task.stdout"}
{"timestamp":"2025-11-10T01:36:36.582573Z","level":"info","event":"2022-12-02 12시: 2001~3000 완료 (105866개 누적)","logger":"task.stdout"}
{"timestamp":"2025-11-10T01:36:37.480728Z","level":"info","event":"2022-12-02 12시: 3001~3687 완료 (106553개 누적)","logger":"task.stdout"}
{"timestamp":"2025-11-10T01:36:38.974115Z","level":"info","event":"2022-12-02 13시: 1~1000 완료 (107553개 누적)","logger":"task.stdout"}
{"timestamp":"2025-11-10T01:36:40.080112Z","level":"info","event":"2022-12-02 13시: 1001~2000 완료 (108553개 누적)","logger":"task.stdout"}
{"timestamp":"2025-11-10T01:36:40.977962Z","level":"info","event":"2022-12-02 13시: 2001~3000 완료 (109553개 누적)","logger":"task.stdout"}
{"timestamp":"2025-11-10T01:36:41.810957Z","level":"info","event":"2022-12-02 13시: 3001~3549 완료 (110102개 누적)","logger":"task.stdout"}
{"timestamp":"2025-11-10T01:36:43.401766Z","level":"info","event":"2022-12-02 14시: 1~1000 완료 (111102개 누적)","logger":"task.stdout"}
{"timestamp":"2025-11-10T01:36:44.302458Z","level":"info","event":"2022-12-02 14시: 1001~2000 완료 (112102개 누적)","logger":"task.stdout"}
{"timestamp":"2025-11-10T01:36:45.273084Z","level":"info","event":"2022-12-02 14시: 2001~3000 완료 (113102개 누적)","logger":"task.stdout"}
{"timestamp":"2025-11-10T01:36:46.205309Z","level":"info","event":"2022-12-02 14시: 3001~3758 완료 (113860개 누적)","logger":"task.stdout"}
{"timestamp":"2025-11-10T01:36:47.808628Z","level":"info","event":"2022-12-02 15시: 1~1000 완료 (114860개 누적)","logger":"task.stdout"}
{"timestamp":"2025-11-10T01:36:48.836326Z","level":"info","event":"2022-12-02 15시: 1001~2000 완료 (115860개 누적)","logger":"task.stdout"}
{"timestamp":"2025-11-10T01:36:49.837066Z","level":"info","event":"2022-12-02 15시: 2001~3000 완료 (116860개 누적)","logger":"task.stdout"}
{"timestamp":"2025-11-10T01:36:50.863626Z","level":"info","event":"2022-12-02 15시: 3001~4000 완료 (117860개 누적)","logger":"task.stdout"}
{"timestamp":"2025-11-10T01:36:51.769089Z","level":"info","event":"2022-12-02 15시: 4001~4491 완료 (118351개 누적)","logger":"task.stdout"}
{"timestamp":"2025-11-10T01:36:53.445736Z","level":"info","event":"2022-12-02 16시: 1~1000 완료 (119351개 누적)","logger":"task.stdout"}
{"timestamp":"2025-11-10T01:36:54.381518Z","level":"info","event":"2022-12-02 16시: 1001~2000 완료 (120351개 누적)","logger":"task.stdout"}
{"timestamp":"2025-11-10T01:36:55.349541Z","level":"info","event":"2022-12-02 16시: 2001~3000 완료 (121351개 누적)","logger":"task.stdout"}
{"timestamp":"2025-11-10T01:36:56.276827Z","level":"info","event":"2022-12-02 16시: 3001~4000 완료 (122351개 누적)","logger":"task.stdout"}
{"timestamp":"2025-11-10T01:36:57.225943Z","level":"info","event":"2022-12-02 16시: 4001~5000 완료 (123351개 누적)","logger":"task.stdout"}
{"timestamp":"2025-11-10T01:36:58.270251Z","level":"info","event":"2022-12-02 16시: 5001~5400 완료 (123751개 누적)","logger":"task.stdout"}
{"timestamp":"2025-11-10T01:37:00.175608Z","level":"info","event":"2022-12-02 17시: 1~1000 완료 (124751개 누적)","logger":"task.stdout"}
{"timestamp":"2025-11-10T01:37:01.195937Z","level":"info","event":"2022-12-02 17시: 1001~2000 완료 (125751개 누적)","logger":"task.stdout"}
{"timestamp":"2025-11-10T01:37:02.207395Z","level":"info","event":"2022-12-02 17시: 2001~3000 완료 (126751개 누적)","logger":"task.stdout"}
{"timestamp":"2025-11-10T01:37:03.228162Z","level":"info","event":"2022-12-02 17시: 3001~4000 완료 (127751개 누적)","logger":"task.stdout"}
{"timestamp":"2025-11-10T01:37:04.343874Z","level":"info","event":"2022-12-02 17시: 4001~5000 완료 (128751개 누적)","logger":"task.stdout"}
{"timestamp":"2025-11-10T01:37:08.182389Z","level":"info","event":"2022-12-02 17시: 5001~6000 완료 (129751개 누적)","logger":"task.stdout"}
{"timestamp":"2025-11-10T01:37:20.714991Z","level":"info","event":"2022-12-02 17시: 6001~6979 완료 (130730개 누적)","logger":"task.stdout"}
{"timestamp":"2025-11-10T01:37:22.846114Z","level":"info","event":"2022-12-02 18시: 1~1000 완료 (131730개 누적)","logger":"task.stdout"}
{"timestamp":"2025-11-10T01:37:24.067818Z","level":"info","event":"2022-12-02 18시: 1001~2000 완료 (132730개 누적)","logger":"task.stdout"}
{"timestamp":"2025-11-10T01:37:25.262342Z","level":"info","event":"2022-12-02 18시: 2001~3000 완료 (133730개 누적)","logger":"task.stdout"}
{"timestamp":"2025-11-10T01:37:26.354330Z","level":"info","event":"2022-12-02 18시: 3001~4000 완료 (134730개 누적)","logger":"task.stdout"}
{"timestamp":"2025-11-10T01:37:27.397269Z","level":"info","event":"2022-12-02 18시: 4001~5000 완료 (135730개 누적)","logger":"task.stdout"}
{"timestamp":"2025-11-10T01:37:28.787126Z","level":"info","event":"2022-12-02 18시: 5001~6000 완료 (136730개 누적)","logger":"task.stdout"}
{"timestamp":"2025-11-10T01:37:29.885154Z","level":"info","event":"2022-12-02 18시: 6001~7000 완료 (137730개 누적)","logger":"task.stdout"}
{"timestamp":"2025-11-10T01:37:31.025147Z","level":"info","event":"2022-12-02 18시: 7001~8000 완료 (138730개 누적)","logger":"task.stdout"}
{"timestamp":"2025-11-10T01:37:32.143832Z","level":"info","event":"2022-12-02 18시: 8001~8798 완료 (139528개 누적)","logger":"task.stdout"}
{"timestamp":"2025-11-10T01:37:33.927025Z","level":"info","event":"2022-12-02 19시: 1~1000 완료 (140528개 누적)","logger":"task.stdout"}
{"timestamp":"2025-11-10T01:37:34.930832Z","level":"info","event":"2022-12-02 19시: 1001~2000 완료 (141528개 누적)","logger":"task.stdout"}
{"timestamp":"2025-11-10T01:37:35.857132Z","level":"info","event":"2022-12-02 19시: 2001~3000 완료 (142528개 누적)","logger":"task.stdout"}
{"timestamp":"2025-11-10T01:37:36.851660Z","level":"info","event":"2022-12-02 19시: 3001~4000 완료 (143528개 누적)","logger":"task.stdout"}
{"timestamp":"2025-11-10T01:37:37.805340Z","level":"info","event":"2022-12-02 19시: 4001~5000 완료 (144528개 누적)","logger":"task.stdout"}
{"timestamp":"2025-11-10T01:37:38.716493Z","level":"info","event":"2022-12-02 19시: 5001~5379 완료 (144907개 누적)","logger":"task.stdout"}
{"timestamp":"2025-11-10T01:37:40.305470Z","level":"info","event":"2022-12-02 20시: 1~1000 완료 (145907개 누적)","logger":"task.stdout"}
{"timestamp":"2025-11-10T01:37:41.156009Z","level":"info","event":"2022-12-02 20시: 1001~2000 완료 (146907개 누적)","logger":"task.stdout"}
{"timestamp":"2025-11-10T01:37:42.086033Z","level":"info","event":"2022-12-02 20시: 2001~3000 완료 (147907개 누적)","logger":"task.stdout"}
{"timestamp":"2025-11-10T01:37:42.995277Z","level":"info","event":"2022-12-02 20시: 3001~3975 완료 (148882개 누적)","logger":"task.stdout"}
{"timestamp":"2025-11-10T01:37:44.457600Z","level":"info","event":"2022-12-02 21시: 1~1000 완료 (149882개 누적)","logger":"task.stdout"}
{"timestamp":"2025-11-10T01:37:45.348637Z","level":"info","event":"2022-12-02 21시: 1001~2000 완료 (150882개 누적)","logger":"task.stdout"}
{"timestamp":"2025-11-10T01:37:46.243632Z","level":"info","event":"2022-12-02 21시: 2001~3000 완료 (151882개 누적)","logger":"task.stdout"}
{"timestamp":"2025-11-10T01:37:47.098109Z","level":"info","event":"2022-12-02 21시: 3001~3748 완료 (152630개 누적)","logger":"task.stdout"}
{"timestamp":"2025-11-10T01:37:48.799937Z","level":"info","event":"2022-12-02 22시: 1~1000 완료 (153630개 누적)","logger":"task.stdout"}
{"timestamp":"2025-11-10T01:37:49.733422Z","level":"info","event":"2022-12-02 22시: 1001~2000 완료 (154630개 누적)","logger":"task.stdout"}
{"timestamp":"2025-11-10T01:37:50.702965Z","level":"info","event":"2022-12-02 22시: 2001~3000 완료 (155630개 누적)","logger":"task.stdout"}
{"timestamp":"2025-11-10T01:37:51.631263Z","level":"info","event":"2022-12-02 22시: 3001~3482 완료 (156112개 누적)","logger":"task.stdout"}
{"timestamp":"2025-11-10T01:37:53.059841Z","level":"info","event":"2022-12-02 23시: 1~1000 완료 (157112개 누적)","logger":"task.stdout"}
{"timestamp":"2025-11-10T01:37:54.034046Z","level":"info","event":"2022-12-02 23시: 1001~2000 완료 (158112개 누적)","logger":"task.stdout"}
{"timestamp":"2025-11-10T01:38:07.570810Z","level":"info","event":"2022-12-02 23시: 2001~2601 완료 (158713개 누적)","logger":"task.stdout"}
{"timestamp":"2025-11-10T01:38:08.163212Z","level":"info","event":"","logger":"task.stdout"}
{"timestamp":"2025-11-10T01:38:08.169146Z","level":"info","event":"2022년 12월 총 158713개 수집 완료","logger":"task.stdout"}
{"timestamp":"2025-11-10T01:38:08.383564Z","level":"error","event":"Task failed with exception","logger":"task","filename":"task_runner.py","lineno":999,"error_detail":[{"exc_type":"KeyError","exc_value":"\"['대여 대여소명', '반납대여소명', '자전거번호', '대여거치대', '반납거치대', '이용시간(분)', '반납대여소번호', '대여 대여소번호'] not found in axis\"","exc_notes":[],"syntax_error":null,"is_cause":false,"frames":[{"filename":"/home/airflow/.local/lib/python3.12/site-packages/airflow/sdk/execution_time/task_runner.py","lineno":925,"name":"run"},{"filename":"/home/airflow/.local/lib/python3.12/site-packages/airflow/sdk/execution_time/task_runner.py","lineno":1312,"name":"_execute_task"},{"filename":"/home/airflow/.local/lib/python3.12/site-packages/airflow/sdk/bases/operator.py","lineno":416,"name":"wrapper"},{"filename":"/home/airflow/.local/lib/python3.12/site-packages/airflow/providers/standard/operators/python.py","lineno":213,"name":"execute"},{"filename":"/home/airflow/.local/lib/python3.12/site-packages/airflow/providers/standard/operators/python.py","lineno":236,"name":"execute_callable"},{"filename":"/home/airflow/.local/lib/python3.12/site-packages/airflow/sdk/execution_time/callback_runner.py","lineno":82,"name":"run"},{"filename":"/opt/airflow/dags/seoul_bike_rent_2022.py","lineno":40,"name":"collect_month"},{"filename":"/opt/airflow/plugins/rent_history_utils.py","lineno":102,"name":"preprocess_rent_data"},{"filename":"/home/airflow/.local/lib/python3.12/site-packages/pandas/core/frame.py","lineno":5344,"name":"drop"},{"filename":"/home/airflow/.local/lib/python3.12/site-packages/pandas/core/generic.py","lineno":4711,"name":"drop"},{"filename":"/home/airflow/.local/lib/python3.12/site-packages/pandas/core/generic.py","lineno":4753,"name":"_drop_axis"},{"filename":"/home/airflow/.local/lib/python3.12/site-packages/pandas/core/indexes/base.py","lineno":7000,"name":"drop"}],"is_group":false,"exceptions":[]}]}
