{"timestamp":"2025-11-10T01:34:36.406789Z","level":"info","event":"DAG bundles loaded: dags-folder","logger":"airflow.dag_processing.bundles.manager.DagBundlesManager","filename":"manager.py","lineno":179}
{"timestamp":"2025-11-10T01:34:36.415705Z","level":"info","event":"Filling up the DagBag from /opt/airflow/dags/seoul_bike_rent_2022.py","logger":"airflow.models.dagbag.DagBag","filename":"dagbag.py","lineno":593}
{"timestamp":"2025-11-10T01:34:36.468324Z","level":"warning","event":"The `airflow.operators.python.PythonOperator` attribute is deprecated. Please use `'airflow.providers.standard.operators.python.PythonOperator'`.","category":"DeprecatedImportWarning","filename":"/opt/airflow/dags/seoul_bike_rent_2022.py","lineno":2,"logger":"py.warnings"}
{"timestamp":"2025-11-10T01:34:36.544300Z","level":"info","event":"Found credentials in environment variables.","logger":"botocore.credentials","filename":"credentials.py","lineno":1224}
{"timestamp":"2025-11-10T01:34:37.765253Z","level":"info","event":"유효한 정거장 3202개 로드","logger":"task.stdout"}
{"timestamp":"2025-11-10T01:34:39.853505Z","level":"info","event":"2022-07-01 00시: 1~1000 완료 (1000개 누적)","logger":"task.stdout"}
{"timestamp":"2025-11-10T01:34:41.013539Z","level":"info","event":"2022-07-01 00시: 1001~2000 완료 (2000개 누적)","logger":"task.stdout"}
{"timestamp":"2025-11-10T01:34:42.066440Z","level":"info","event":"2022-07-01 00시: 2001~2133 완료 (2133개 누적)","logger":"task.stdout"}
{"timestamp":"2025-11-10T01:34:44.191525Z","level":"info","event":"2022-07-01 01시: 1~1000 완료 (3133개 누적)","logger":"task.stdout"}
{"timestamp":"2025-11-10T01:34:45.365240Z","level":"info","event":"2022-07-01 01시: 1001~1869 완료 (4002개 누적)","logger":"task.stdout"}
{"timestamp":"2025-11-10T01:34:47.458319Z","level":"info","event":"2022-07-01 02시: 1~1000 완료 (5002개 누적)","logger":"task.stdout"}
{"timestamp":"2025-11-10T01:34:48.616991Z","level":"info","event":"2022-07-01 02시: 1001~1350 완료 (5352개 누적)","logger":"task.stdout"}
{"timestamp":"2025-11-10T01:34:50.617988Z","level":"info","event":"2022-07-01 03시: 1~752 완료 (6104개 누적)","logger":"task.stdout"}
{"timestamp":"2025-11-10T01:34:52.810118Z","level":"info","event":"2022-07-01 04시: 1~603 완료 (6707개 누적)","logger":"task.stdout"}
{"timestamp":"2025-11-10T01:34:55.007294Z","level":"info","event":"2022-07-01 05시: 1~1000 완료 (7707개 누적)","logger":"task.stdout"}
{"timestamp":"2025-11-10T01:34:56.028973Z","level":"info","event":"2022-07-01 05시: 1001~1272 완료 (7979개 누적)","logger":"task.stdout"}
{"timestamp":"2025-11-10T01:34:58.342752Z","level":"info","event":"2022-07-01 06시: 1~1000 완료 (8979개 누적)","logger":"task.stdout"}
{"timestamp":"2025-11-10T01:34:59.624965Z","level":"info","event":"2022-07-01 06시: 1001~2000 완료 (9979개 누적)","logger":"task.stdout"}
{"timestamp":"2025-11-10T01:35:00.954670Z","level":"info","event":"2022-07-01 06시: 2001~2919 완료 (10898개 누적)","logger":"task.stdout"}
{"timestamp":"2025-11-10T01:35:03.507893Z","level":"info","event":"2022-07-01 07시: 1~1000 완료 (11898개 누적)","logger":"task.stdout"}
{"timestamp":"2025-11-10T01:35:04.860422Z","level":"info","event":"2022-07-01 07시: 1001~2000 완료 (12898개 누적)","logger":"task.stdout"}
{"timestamp":"2025-11-10T01:35:06.304160Z","level":"info","event":"2022-07-01 07시: 2001~3000 완료 (13898개 누적)","logger":"task.stdout"}
{"timestamp":"2025-11-10T01:35:07.758734Z","level":"info","event":"2022-07-01 07시: 3001~4000 완료 (14898개 누적)","logger":"task.stdout"}
{"timestamp":"2025-11-10T01:35:09.397295Z","level":"info","event":"2022-07-01 07시: 4001~5000 완료 (15898개 누적)","logger":"task.stdout"}
{"timestamp":"2025-11-10T01:35:10.808151Z","level":"info","event":"2022-07-01 07시: 5001~6000 완료 (16898개 누적)","logger":"task.stdout"}
{"timestamp":"2025-11-10T01:35:12.345343Z","level":"info","event":"2022-07-01 07시: 6001~7000 완료 (17898개 누적)","logger":"task.stdout"}
{"timestamp":"2025-11-10T01:35:56.148254Z","level":"info","event":"2022-07-01 07시: 요청 실패 - HTTPConnectionPool(host='openapi.seoul.go.kr', port=8088): Max retries exceeded with url: /574d4268426539373930666f4b654e/json/tbCycleRentData/7001/7489/2022-07-01/7 (Caused by NameResolutionError(\"<urllib3.connection.HTTPConnection object at 0xffff8cb183e0>: Failed to resolve 'openapi.seoul.go.kr' ([Errno -3] Temporary failure in name resolution)\"))","logger":"task.stdout"}
{"timestamp":"2025-11-10T01:35:56.149829Z","level":"info","event":"2022-07-01 08시: 요청 실패 - HTTPConnectionPool(host='openapi.seoul.go.kr', port=8088): Max retries exceeded with url: /574d4268426539373930666f4b654e/json/tbCycleRentData/1/5/2022-07-01/8 (Caused by NameResolutionError(\"<urllib3.connection.HTTPConnection object at 0xffff8cb18ad0>: Failed to resolve 'openapi.seoul.go.kr' ([Errno -3] Temporary failure in name resolution)\"))","logger":"task.stdout"}
{"timestamp":"2025-11-10T01:35:58.053108Z","level":"info","event":"2022-07-01 09시: 1~1000 완료 (18898개 누적)","logger":"task.stdout"}
{"timestamp":"2025-11-10T01:35:59.368600Z","level":"info","event":"2022-07-01 09시: 1001~2000 완료 (19898개 누적)","logger":"task.stdout"}
{"timestamp":"2025-11-10T01:36:00.692173Z","level":"info","event":"2022-07-01 09시: 2001~3000 완료 (20898개 누적)","logger":"task.stdout"}
{"timestamp":"2025-11-10T01:36:02.019851Z","level":"info","event":"2022-07-01 09시: 3001~4000 완료 (21898개 누적)","logger":"task.stdout"}
{"timestamp":"2025-11-10T01:36:03.447568Z","level":"info","event":"2022-07-01 09시: 4001~5000 완료 (22898개 누적)","logger":"task.stdout"}
{"timestamp":"2025-11-10T01:36:04.823472Z","level":"info","event":"2022-07-01 09시: 5001~6000 완료 (23898개 누적)","logger":"task.stdout"}
{"timestamp":"2025-11-10T01:36:06.137458Z","level":"info","event":"2022-07-01 09시: 6001~6637 완료 (24535개 누적)","logger":"task.stdout"}
{"timestamp":"2025-11-10T01:36:08.697314Z","level":"info","event":"2022-07-01 10시: 1~1000 완료 (25535개 누적)","logger":"task.stdout"}
{"timestamp":"2025-11-10T01:36:10.012883Z","level":"info","event":"2022-07-01 10시: 1001~2000 완료 (26535개 누적)","logger":"task.stdout"}
{"timestamp":"2025-11-10T01:36:11.399726Z","level":"info","event":"2022-07-01 10시: 2001~3000 완료 (27535개 누적)","logger":"task.stdout"}
{"timestamp":"2025-11-10T01:36:12.802455Z","level":"info","event":"2022-07-01 10시: 3001~4000 완료 (28535개 누적)","logger":"task.stdout"}
{"timestamp":"2025-11-10T01:36:14.093668Z","level":"info","event":"2022-07-01 10시: 4001~5000 완료 (29535개 누적)","logger":"task.stdout"}
{"timestamp":"2025-11-10T01:36:15.317176Z","level":"info","event":"2022-07-01 10시: 5001~5405 완료 (29940개 누적)","logger":"task.stdout"}
{"timestamp":"2025-11-10T01:36:17.705922Z","level":"info","event":"2022-07-01 11시: 1~1000 완료 (30940개 누적)","logger":"task.stdout"}
{"timestamp":"2025-11-10T01:36:19.001098Z","level":"info","event":"2022-07-01 11시: 1001~2000 완료 (31940개 누적)","logger":"task.stdout"}
{"timestamp":"2025-11-10T01:36:24.006735Z","level":"info","event":"2022-07-01 11시: 2001~3000 완료 (32940개 누적)","logger":"task.stdout"}
{"timestamp":"2025-11-10T01:36:25.552036Z","level":"info","event":"2022-07-01 11시: 3001~4000 완료 (33940개 누적)","logger":"task.stdout"}
{"timestamp":"2025-11-10T01:36:26.949845Z","level":"info","event":"2022-07-01 11시: 4001~5000 완료 (34940개 누적)","logger":"task.stdout"}
{"timestamp":"2025-11-10T01:36:28.506011Z","level":"info","event":"2022-07-01 11시: 5001~5801 완료 (35741개 누적)","logger":"task.stdout"}
{"timestamp":"2025-11-10T01:36:31.018870Z","level":"info","event":"2022-07-01 12시: 1~1000 완료 (36741개 누적)","logger":"task.stdout"}
{"timestamp":"2025-11-10T01:36:32.374884Z","level":"info","event":"2022-07-01 12시: 1001~2000 완료 (37741개 누적)","logger":"task.stdout"}
{"timestamp":"2025-11-10T01:36:33.756619Z","level":"info","event":"2022-07-01 12시: 2001~3000 완료 (38741개 누적)","logger":"task.stdout"}
{"timestamp":"2025-11-10T01:36:35.131917Z","level":"info","event":"2022-07-01 12시: 3001~4000 완료 (39741개 누적)","logger":"task.stdout"}
{"timestamp":"2025-11-10T01:36:36.565114Z","level":"info","event":"2022-07-01 12시: 4001~5000 완료 (40741개 누적)","logger":"task.stdout"}
{"timestamp":"2025-11-10T01:36:37.963381Z","level":"info","event":"2022-07-01 12시: 5001~6000 완료 (41741개 누적)","logger":"task.stdout"}
{"timestamp":"2025-11-10T01:36:39.365893Z","level":"info","event":"2022-07-01 12시: 6001~6522 완료 (42263개 누적)","logger":"task.stdout"}
{"timestamp":"2025-11-10T01:36:41.856840Z","level":"info","event":"2022-07-01 13시: 1~1000 완료 (43263개 누적)","logger":"task.stdout"}
{"timestamp":"2025-11-10T01:36:43.342744Z","level":"info","event":"2022-07-01 13시: 1001~2000 완료 (44263개 누적)","logger":"task.stdout"}
{"timestamp":"2025-11-10T01:36:44.715684Z","level":"info","event":"2022-07-01 13시: 2001~3000 완료 (45263개 누적)","logger":"task.stdout"}
{"timestamp":"2025-11-10T01:36:46.151029Z","level":"info","event":"2022-07-01 13시: 3001~4000 완료 (46263개 누적)","logger":"task.stdout"}
{"timestamp":"2025-11-10T01:36:47.493825Z","level":"info","event":"2022-07-01 13시: 4001~5000 완료 (47263개 누적)","logger":"task.stdout"}
{"timestamp":"2025-11-10T01:36:48.828653Z","level":"info","event":"2022-07-01 13시: 5001~5890 완료 (48153개 누적)","logger":"task.stdout"}
{"timestamp":"2025-11-10T01:36:51.486903Z","level":"info","event":"2022-07-01 14시: 1~1000 완료 (49153개 누적)","logger":"task.stdout"}
{"timestamp":"2025-11-10T01:36:53.036400Z","level":"info","event":"2022-07-01 14시: 1001~2000 완료 (50153개 누적)","logger":"task.stdout"}
{"timestamp":"2025-11-10T01:36:54.379501Z","level":"info","event":"2022-07-01 14시: 2001~3000 완료 (51153개 누적)","logger":"task.stdout"}
{"timestamp":"2025-11-10T01:36:55.772420Z","level":"info","event":"2022-07-01 14시: 3001~4000 완료 (52153개 누적)","logger":"task.stdout"}
{"timestamp":"2025-11-10T01:36:57.063193Z","level":"info","event":"2022-07-01 14시: 4001~5000 완료 (53153개 누적)","logger":"task.stdout"}
{"timestamp":"2025-11-10T01:36:58.452677Z","level":"info","event":"2022-07-01 14시: 5001~5781 완료 (53934개 누적)","logger":"task.stdout"}
{"timestamp":"2025-11-10T01:37:00.957610Z","level":"info","event":"2022-07-01 15시: 1~1000 완료 (54934개 누적)","logger":"task.stdout"}
{"timestamp":"2025-11-10T01:37:02.365211Z","level":"info","event":"2022-07-01 15시: 1001~2000 완료 (55934개 누적)","logger":"task.stdout"}
{"timestamp":"2025-11-10T01:37:03.697868Z","level":"info","event":"2022-07-01 15시: 2001~3000 완료 (56934개 누적)","logger":"task.stdout"}
{"timestamp":"2025-11-10T01:37:05.171110Z","level":"info","event":"2022-07-01 15시: 3001~4000 완료 (57934개 누적)","logger":"task.stdout"}
{"timestamp":"2025-11-10T01:37:19.775155Z","level":"info","event":"2022-07-01 15시: 요청 실패 - HTTPConnectionPool(host='openapi.seoul.go.kr', port=8088): Max retries exceeded with url: /574d4268426539373930666f4b654e/json/tbCycleRentData/4001/5000/2022-07-01/15 (Caused by NameResolutionError(\"<urllib3.connection.HTTPConnection object at 0xffff897bbb60>: Failed to resolve 'openapi.seoul.go.kr' ([Errno -3] Temporary failure in name resolution)\"))","logger":"task.stdout"}
{"timestamp":"2025-11-10T01:37:22.354941Z","level":"info","event":"2022-07-01 16시: 1~1000 완료 (58934개 누적)","logger":"task.stdout"}
{"timestamp":"2025-11-10T01:37:23.875728Z","level":"info","event":"2022-07-01 16시: 1001~2000 완료 (59934개 누적)","logger":"task.stdout"}
{"timestamp":"2025-11-10T01:37:25.310025Z","level":"info","event":"2022-07-01 16시: 2001~3000 완료 (60934개 누적)","logger":"task.stdout"}
{"timestamp":"2025-11-10T01:37:26.889679Z","level":"info","event":"2022-07-01 16시: 3001~4000 완료 (61934개 누적)","logger":"task.stdout"}
{"timestamp":"2025-11-10T01:37:28.431101Z","level":"info","event":"2022-07-01 16시: 4001~5000 완료 (62934개 누적)","logger":"task.stdout"}
{"timestamp":"2025-11-10T01:37:30.029676Z","level":"info","event":"2022-07-01 16시: 5001~6000 완료 (63934개 누적)","logger":"task.stdout"}
{"timestamp":"2025-11-10T01:37:31.594310Z","level":"info","event":"2022-07-01 16시: 6001~7000 완료 (64934개 누적)","logger":"task.stdout"}
{"timestamp":"2025-11-10T01:37:33.118502Z","level":"info","event":"2022-07-01 16시: 7001~8000 완료 (65934개 누적)","logger":"task.stdout"}
{"timestamp":"2025-11-10T01:37:34.493900Z","level":"info","event":"2022-07-01 16시: 8001~8433 완료 (66367개 누적)","logger":"task.stdout"}
{"timestamp":"2025-11-10T01:37:37.604920Z","level":"info","event":"2022-07-01 17시: 1~1000 완료 (67367개 누적)","logger":"task.stdout"}
{"timestamp":"2025-11-10T01:37:39.198285Z","level":"info","event":"2022-07-01 17시: 1001~2000 완료 (68367개 누적)","logger":"task.stdout"}
{"timestamp":"2025-11-10T01:37:41.060259Z","level":"info","event":"2022-07-01 17시: 2001~3000 완료 (69367개 누적)","logger":"task.stdout"}
{"timestamp":"2025-11-10T01:37:42.953369Z","level":"info","event":"2022-07-01 17시: 3001~4000 완료 (70367개 누적)","logger":"task.stdout"}
{"timestamp":"2025-11-10T01:37:44.479438Z","level":"info","event":"2022-07-01 17시: 4001~5000 완료 (71367개 누적)","logger":"task.stdout"}
{"timestamp":"2025-11-10T01:37:46.055511Z","level":"info","event":"2022-07-01 17시: 5001~6000 완료 (72367개 누적)","logger":"task.stdout"}
{"timestamp":"2025-11-10T01:37:47.678326Z","level":"info","event":"2022-07-01 17시: 6001~7000 완료 (73367개 누적)","logger":"task.stdout"}
{"timestamp":"2025-11-10T01:37:49.406134Z","level":"info","event":"2022-07-01 17시: 7001~8000 완료 (74367개 누적)","logger":"task.stdout"}
{"timestamp":"2025-11-10T01:37:51.123194Z","level":"info","event":"2022-07-01 17시: 8001~9000 완료 (75367개 누적)","logger":"task.stdout"}
{"timestamp":"2025-11-10T01:37:52.639977Z","level":"info","event":"2022-07-01 17시: 9001~10000 완료 (76367개 누적)","logger":"task.stdout"}
{"timestamp":"2025-11-10T01:37:54.284817Z","level":"info","event":"2022-07-01 17시: 10001~11000 완료 (77367개 누적)","logger":"task.stdout"}
{"timestamp":"2025-11-10T01:38:07.342067Z","level":"info","event":"2022-07-01 17시: 11001~12000 완료 (78367개 누적)","logger":"task.stdout"}
{"timestamp":"2025-11-10T01:38:08.036884Z","level":"info","event":"2022-07-01 17시: 12001~12917 완료 (79284개 누적)","logger":"task.stdout"}
{"timestamp":"2025-11-10T01:38:11.398929Z","level":"info","event":"2022-07-01 18시: 1~1000 완료 (80284개 누적)","logger":"task.stdout"}
{"timestamp":"2025-11-10T01:38:13.384426Z","level":"info","event":"2022-07-01 18시: 1001~2000 완료 (81284개 누적)","logger":"task.stdout"}
{"timestamp":"2025-11-10T01:38:15.037558Z","level":"info","event":"2022-07-01 18시: 2001~3000 완료 (82284개 누적)","logger":"task.stdout"}
{"timestamp":"2025-11-10T01:38:16.765016Z","level":"info","event":"2022-07-01 18시: 3001~4000 완료 (83284개 누적)","logger":"task.stdout"}
{"timestamp":"2025-11-10T01:38:18.839512Z","level":"info","event":"2022-07-01 18시: 4001~5000 완료 (84284개 누적)","logger":"task.stdout"}
{"timestamp":"2025-11-10T01:38:20.553124Z","level":"info","event":"2022-07-01 18시: 5001~6000 완료 (85284개 누적)","logger":"task.stdout"}
{"timestamp":"2025-11-10T01:38:22.429835Z","level":"info","event":"2022-07-01 18시: 6001~7000 완료 (86284개 누적)","logger":"task.stdout"}
{"timestamp":"2025-11-10T01:38:24.253270Z","level":"info","event":"2022-07-01 18시: 7001~8000 완료 (87284개 누적)","logger":"task.stdout"}
{"timestamp":"2025-11-10T01:38:26.320754Z","level":"info","event":"2022-07-01 18시: 8001~9000 완료 (88284개 누적)","logger":"task.stdout"}
{"timestamp":"2025-11-10T01:38:28.151370Z","level":"info","event":"2022-07-01 18시: 9001~10000 완료 (89284개 누적)","logger":"task.stdout"}
{"timestamp":"2025-11-10T01:38:30.058730Z","level":"info","event":"2022-07-01 18시: 10001~11000 완료 (90284개 누적)","logger":"task.stdout"}
{"timestamp":"2025-11-10T01:38:31.819275Z","level":"info","event":"2022-07-01 18시: 11001~12000 완료 (91284개 누적)","logger":"task.stdout"}
{"timestamp":"2025-11-10T01:38:33.664637Z","level":"info","event":"2022-07-01 18시: 12001~13000 완료 (92284개 누적)","logger":"task.stdout"}
{"timestamp":"2025-11-10T01:38:35.699926Z","level":"info","event":"2022-07-01 18시: 13001~14000 완료 (93284개 누적)","logger":"task.stdout"}
{"timestamp":"2025-11-10T01:38:37.544428Z","level":"info","event":"2022-07-01 18시: 14001~15000 완료 (94284개 누적)","logger":"task.stdout"}
{"timestamp":"2025-11-10T01:38:39.218054Z","level":"info","event":"2022-07-01 18시: 15001~16000 완료 (95284개 누적)","logger":"task.stdout"}
{"timestamp":"2025-11-10T01:38:41.314507Z","level":"info","event":"2022-07-01 18시: 16001~17000 완료 (96284개 누적)","logger":"task.stdout"}
{"timestamp":"2025-11-10T01:38:49.168313Z","level":"info","event":"2022-07-01 18시: 17001~18000 완료 (97284개 누적)","logger":"task.stdout"}
{"timestamp":"2025-11-10T01:38:50.851779Z","level":"info","event":"2022-07-01 18시: 18001~18372 완료 (97656개 누적)","logger":"task.stdout"}
{"timestamp":"2025-11-10T01:38:54.048284Z","level":"info","event":"2022-07-01 19시: 1~1000 완료 (98656개 누적)","logger":"task.stdout"}
{"timestamp":"2025-11-10T01:38:55.801916Z","level":"info","event":"2022-07-01 19시: 1001~2000 완료 (99656개 누적)","logger":"task.stdout"}
{"timestamp":"2025-11-10T01:38:57.330099Z","level":"info","event":"2022-07-01 19시: 2001~3000 완료 (100656개 누적)","logger":"task.stdout"}
{"timestamp":"2025-11-10T01:38:59.071189Z","level":"info","event":"2022-07-01 19시: 3001~4000 완료 (101656개 누적)","logger":"task.stdout"}
{"timestamp":"2025-11-10T01:39:00.604309Z","level":"info","event":"2022-07-01 19시: 4001~5000 완료 (102656개 누적)","logger":"task.stdout"}
{"timestamp":"2025-11-10T01:39:02.274027Z","level":"info","event":"2022-07-01 19시: 5001~6000 완료 (103656개 누적)","logger":"task.stdout"}
{"timestamp":"2025-11-10T01:39:03.941876Z","level":"info","event":"2022-07-01 19시: 6001~7000 완료 (104656개 누적)","logger":"task.stdout"}
{"timestamp":"2025-11-10T01:39:05.603447Z","level":"info","event":"2022-07-01 19시: 7001~8000 완료 (105656개 누적)","logger":"task.stdout"}
{"timestamp":"2025-11-10T01:39:07.289767Z","level":"info","event":"2022-07-01 19시: 8001~9000 완료 (106656개 누적)","logger":"task.stdout"}
{"timestamp":"2025-11-10T01:39:08.900427Z","level":"info","event":"2022-07-01 19시: 9001~10000 완료 (107656개 누적)","logger":"task.stdout"}
{"timestamp":"2025-11-10T01:39:10.715681Z","level":"info","event":"2022-07-01 19시: 10001~11000 완료 (108656개 누적)","logger":"task.stdout"}
{"timestamp":"2025-11-10T01:39:12.342495Z","level":"info","event":"2022-07-01 19시: 11001~12000 완료 (109656개 누적)","logger":"task.stdout"}
{"timestamp":"2025-11-10T01:39:13.994062Z","level":"info","event":"2022-07-01 19시: 12001~13000 완료 (110656개 누적)","logger":"task.stdout"}
{"timestamp":"2025-11-10T01:39:15.753185Z","level":"info","event":"2022-07-01 19시: 13001~13596 완료 (111252개 누적)","logger":"task.stdout"}
{"timestamp":"2025-11-10T01:39:18.630761Z","level":"info","event":"2022-07-01 20시: 1~1000 완료 (112252개 누적)","logger":"task.stdout"}
{"timestamp":"2025-11-10T01:39:23.582896Z","level":"info","event":"2022-07-01 20시: 1001~2000 완료 (113252개 누적)","logger":"task.stdout"}
{"timestamp":"2025-11-10T01:39:30.367856Z","level":"info","event":"2022-07-01 20시: 2001~3000 완료 (114252개 누적)","logger":"task.stdout"}
{"timestamp":"2025-11-10T01:39:32.126196Z","level":"info","event":"2022-07-01 20시: 3001~4000 완료 (115252개 누적)","logger":"task.stdout"}
{"timestamp":"2025-11-10T01:39:33.751555Z","level":"info","event":"2022-07-01 20시: 4001~5000 완료 (116252개 누적)","logger":"task.stdout"}
{"timestamp":"2025-11-10T01:39:35.284698Z","level":"info","event":"2022-07-01 20시: 5001~6000 완료 (117252개 누적)","logger":"task.stdout"}
{"timestamp":"2025-11-10T01:39:36.817597Z","level":"info","event":"2022-07-01 20시: 6001~7000 완료 (118252개 누적)","logger":"task.stdout"}
{"timestamp":"2025-11-10T01:39:38.340970Z","level":"info","event":"2022-07-01 20시: 7001~8000 완료 (119252개 누적)","logger":"task.stdout"}
{"timestamp":"2025-11-10T01:39:40.027576Z","level":"info","event":"2022-07-01 20시: 8001~9000 완료 (120252개 누적)","logger":"task.stdout"}
{"timestamp":"2025-11-10T01:39:41.693140Z","level":"info","event":"2022-07-01 20시: 9001~10000 완료 (121252개 누적)","logger":"task.stdout"}
{"timestamp":"2025-11-10T01:39:43.336481Z","level":"info","event":"2022-07-01 20시: 10001~11000 완료 (122252개 누적)","logger":"task.stdout"}
{"timestamp":"2025-11-10T01:39:44.911420Z","level":"info","event":"2022-07-01 20시: 11001~11525 완료 (122777개 누적)","logger":"task.stdout"}
{"timestamp":"2025-11-10T01:39:47.843668Z","level":"info","event":"2022-07-01 21시: 1~1000 완료 (123777개 누적)","logger":"task.stdout"}
{"timestamp":"2025-11-10T01:39:49.480041Z","level":"info","event":"2022-07-01 21시: 1001~2000 완료 (124777개 누적)","logger":"task.stdout"}
{"timestamp":"2025-11-10T01:39:51.080875Z","level":"info","event":"2022-07-01 21시: 2001~3000 완료 (125777개 누적)","logger":"task.stdout"}
{"timestamp":"2025-11-10T01:39:52.802370Z","level":"info","event":"2022-07-01 21시: 3001~4000 완료 (126777개 누적)","logger":"task.stdout"}
{"timestamp":"2025-11-10T01:39:56.435544Z","level":"info","event":"2022-07-01 21시: 4001~5000 완료 (127777개 누적)","logger":"task.stdout"}
{"timestamp":"2025-11-10T01:40:16.801135Z","level":"info","event":"2022-07-01 21시: 요청 실패 - HTTPConnectionPool(host='openapi.seoul.go.kr', port=8088): Max retries exceeded with url: /574d4268426539373930666f4b654e/json/tbCycleRentData/5001/6000/2022-07-01/21 (Caused by NameResolutionError(\"<urllib3.connection.HTTPConnection object at 0xffff83e74e60>: Failed to resolve 'openapi.seoul.go.kr' ([Errno -3] Temporary failure in name resolution)\"))","logger":"task.stdout"}
{"timestamp":"2025-11-10T01:40:18.904718Z","level":"info","event":"2022-07-01 22시: 1~1000 완료 (128777개 누적)","logger":"task.stdout"}
{"timestamp":"2025-11-10T01:40:20.380421Z","level":"info","event":"2022-07-01 22시: 1001~2000 완료 (129777개 누적)","logger":"task.stdout"}
{"timestamp":"2025-11-10T01:40:22.545823Z","level":"info","event":"2022-07-01 22시: 2001~3000 완료 (130777개 누적)","logger":"task.stdout"}
{"timestamp":"2025-11-10T01:40:29.799490Z","level":"info","event":"2022-07-01 22시: 3001~4000 완료 (131777개 누적)","logger":"task.stdout"}
{"timestamp":"2025-11-10T01:40:31.366891Z","level":"info","event":"2022-07-01 22시: 4001~5000 완료 (132777개 누적)","logger":"task.stdout"}
{"timestamp":"2025-11-10T01:40:32.818847Z","level":"info","event":"2022-07-01 22시: 5001~6000 완료 (133777개 누적)","logger":"task.stdout"}
{"timestamp":"2025-11-10T01:40:34.423748Z","level":"info","event":"2022-07-01 22시: 6001~7000 완료 (134777개 누적)","logger":"task.stdout"}
{"timestamp":"2025-11-10T01:40:35.843882Z","level":"info","event":"2022-07-01 22시: 7001~8000 완료 (135777개 누적)","logger":"task.stdout"}
{"timestamp":"2025-11-10T01:40:37.263311Z","level":"info","event":"2022-07-01 22시: 8001~9000 완료 (136777개 누적)","logger":"task.stdout"}
