{"timestamp":"2025-11-10T01:31:22.609118Z","level":"info","event":"DAG bundles loaded: dags-folder","logger":"airflow.dag_processing.bundles.manager.DagBundlesManager","filename":"manager.py","lineno":179}
{"timestamp":"2025-11-10T01:31:22.610625Z","level":"info","event":"Filling up the DagBag from /opt/airflow/dags/seoul_bike_rent_2022.py","logger":"airflow.models.dagbag.DagBag","filename":"dagbag.py","lineno":593}
{"timestamp":"2025-11-10T01:31:22.646701Z","level":"warning","event":"The `airflow.operators.python.PythonOperator` attribute is deprecated. Please use `'airflow.providers.standard.operators.python.PythonOperator'`.","category":"DeprecatedImportWarning","filename":"/opt/airflow/dags/seoul_bike_rent_2022.py","lineno":2,"logger":"py.warnings"}
{"timestamp":"2025-11-10T01:31:22.732679Z","level":"info","event":"Found credentials in environment variables.","logger":"botocore.credentials","filename":"credentials.py","lineno":1224}
{"timestamp":"2025-11-10T01:31:24.545727Z","level":"info","event":"유효한 정거장 3202개 로드","logger":"task.stdout"}
{"timestamp":"2025-11-10T01:31:27.502233Z","level":"info","event":"2022-09-01 00시: 1~1000 완료 (1000개 누적)","logger":"task.stdout"}
{"timestamp":"2025-11-10T01:31:28.982595Z","level":"info","event":"2022-09-01 00시: 1001~2000 완료 (2000개 누적)","logger":"task.stdout"}
{"timestamp":"2025-11-10T01:31:30.553084Z","level":"info","event":"2022-09-01 00시: 2001~3000 완료 (3000개 누적)","logger":"task.stdout"}
{"timestamp":"2025-11-10T01:31:31.935392Z","level":"info","event":"2022-09-01 00시: 3001~4000 완료 (4000개 누적)","logger":"task.stdout"}
{"timestamp":"2025-11-10T01:31:33.258801Z","level":"info","event":"2022-09-01 00시: 4001~4061 완료 (4061개 누적)","logger":"task.stdout"}
{"timestamp":"2025-11-10T01:31:35.872233Z","level":"info","event":"2022-09-01 01시: 1~1000 완료 (5061개 누적)","logger":"task.stdout"}
{"timestamp":"2025-11-10T01:31:37.295674Z","level":"info","event":"2022-09-01 01시: 1001~2000 완료 (6061개 누적)","logger":"task.stdout"}
{"timestamp":"2025-11-10T01:31:38.857548Z","level":"info","event":"2022-09-01 01시: 2001~2709 완료 (6770개 누적)","logger":"task.stdout"}
{"timestamp":"2025-11-10T01:31:41.236499Z","level":"info","event":"2022-09-01 02시: 1~1000 완료 (7770개 누적)","logger":"task.stdout"}
{"timestamp":"2025-11-10T01:31:42.583325Z","level":"info","event":"2022-09-01 02시: 1001~1514 완료 (8284개 누적)","logger":"task.stdout"}
{"timestamp":"2025-11-10T01:31:44.940681Z","level":"info","event":"2022-09-01 03시: 1~951 완료 (9235개 누적)","logger":"task.stdout"}
{"timestamp":"2025-11-10T01:31:47.166518Z","level":"info","event":"2022-09-01 04시: 1~811 완료 (10046개 누적)","logger":"task.stdout"}
{"timestamp":"2025-11-10T01:31:49.963751Z","level":"info","event":"2022-09-01 05시: 1~1000 완료 (11046개 누적)","logger":"task.stdout"}
{"timestamp":"2025-11-10T01:31:51.272016Z","level":"info","event":"2022-09-01 05시: 1001~1595 완료 (11641개 누적)","logger":"task.stdout"}
{"timestamp":"2025-11-10T01:31:54.278002Z","level":"info","event":"2022-09-01 06시: 1~1000 완료 (12641개 누적)","logger":"task.stdout"}
{"timestamp":"2025-11-10T01:31:55.645354Z","level":"info","event":"2022-09-01 06시: 1001~2000 완료 (13641개 누적)","logger":"task.stdout"}
{"timestamp":"2025-11-10T01:31:56.957908Z","level":"info","event":"2022-09-01 06시: 2001~3000 완료 (14641개 누적)","logger":"task.stdout"}
{"timestamp":"2025-11-10T01:31:58.262148Z","level":"info","event":"2022-09-01 06시: 3001~3901 완료 (15542개 누적)","logger":"task.stdout"}
{"timestamp":"2025-11-10T01:32:01.345212Z","level":"info","event":"2022-09-01 07시: 1~1000 완료 (16542개 누적)","logger":"task.stdout"}
{"timestamp":"2025-11-10T01:32:02.962818Z","level":"info","event":"2022-09-01 07시: 1001~2000 완료 (17542개 누적)","logger":"task.stdout"}
{"timestamp":"2025-11-10T01:32:04.507992Z","level":"info","event":"2022-09-01 07시: 2001~3000 완료 (18542개 누적)","logger":"task.stdout"}
{"timestamp":"2025-11-10T01:32:06.107776Z","level":"info","event":"2022-09-01 07시: 3001~4000 완료 (19542개 누적)","logger":"task.stdout"}
{"timestamp":"2025-11-10T01:32:08.206742Z","level":"info","event":"2022-09-01 07시: 4001~5000 완료 (20542개 누적)","logger":"task.stdout"}
{"timestamp":"2025-11-10T01:32:09.923169Z","level":"info","event":"2022-09-01 07시: 5001~6000 완료 (21542개 누적)","logger":"task.stdout"}
{"timestamp":"2025-11-10T01:32:11.887004Z","level":"info","event":"2022-09-01 07시: 6001~7000 완료 (22542개 누적)","logger":"task.stdout"}
{"timestamp":"2025-11-10T01:32:21.621714Z","level":"info","event":"2022-09-01 07시: 7001~8000 완료 (23542개 누적)","logger":"task.stdout"}
{"timestamp":"2025-11-10T01:32:23.378599Z","level":"info","event":"2022-09-01 07시: 8001~9000 완료 (24542개 누적)","logger":"task.stdout"}
{"timestamp":"2025-11-10T01:32:24.978225Z","level":"info","event":"2022-09-01 07시: 9001~10000 완료 (25542개 누적)","logger":"task.stdout"}
{"timestamp":"2025-11-10T01:32:26.912530Z","level":"info","event":"2022-09-01 07시: 10001~10310 완료 (25852개 누적)","logger":"task.stdout"}
{"timestamp":"2025-11-10T01:32:30.222010Z","level":"info","event":"2022-09-01 08시: 1~1000 완료 (26852개 누적)","logger":"task.stdout"}
{"timestamp":"2025-11-10T01:32:31.902367Z","level":"info","event":"2022-09-01 08시: 1001~2000 완료 (27852개 누적)","logger":"task.stdout"}
{"timestamp":"2025-11-10T01:32:33.606635Z","level":"info","event":"2022-09-01 08시: 2001~3000 완료 (28852개 누적)","logger":"task.stdout"}
{"timestamp":"2025-11-10T01:32:35.566081Z","level":"info","event":"2022-09-01 08시: 3001~4000 완료 (29852개 누적)","logger":"task.stdout"}
{"timestamp":"2025-11-10T01:32:37.283215Z","level":"info","event":"2022-09-01 08시: 4001~5000 완료 (30852개 누적)","logger":"task.stdout"}
{"timestamp":"2025-11-10T01:32:39.357736Z","level":"info","event":"2022-09-01 08시: 6001~7000 완료 (31852개 누적)","logger":"task.stdout"}
{"timestamp":"2025-11-10T01:32:41.380515Z","level":"info","event":"2022-09-01 08시: 7001~8000 완료 (32852개 누적)","logger":"task.stdout"}
{"timestamp":"2025-11-10T01:32:43.116228Z","level":"info","event":"2022-09-01 08시: 8001~9000 완료 (33852개 누적)","logger":"task.stdout"}
{"timestamp":"2025-11-10T01:32:44.811233Z","level":"info","event":"2022-09-01 08시: 9001~10000 완료 (34852개 누적)","logger":"task.stdout"}
{"timestamp":"2025-11-10T01:32:46.394010Z","level":"info","event":"2022-09-01 08시: 10001~11000 완료 (35852개 누적)","logger":"task.stdout"}
{"timestamp":"2025-11-10T01:32:48.312781Z","level":"info","event":"2022-09-01 08시: 11001~12000 완료 (36852개 누적)","logger":"task.stdout"}
{"timestamp":"2025-11-10T01:32:50.050967Z","level":"info","event":"2022-09-01 08시: 12001~13000 완료 (37852개 누적)","logger":"task.stdout"}
{"timestamp":"2025-11-10T01:32:52.083470Z","level":"info","event":"2022-09-01 08시: 13001~14000 완료 (38852개 누적)","logger":"task.stdout"}
{"timestamp":"2025-11-10T01:32:59.691180Z","level":"info","event":"2022-09-01 08시: 14001~14863 완료 (39715개 누적)","logger":"task.stdout"}
{"timestamp":"2025-11-10T01:33:02.321498Z","level":"info","event":"2022-09-01 09시: 1~1000 완료 (40715개 누적)","logger":"task.stdout"}
{"timestamp":"2025-11-10T01:33:03.866159Z","level":"info","event":"2022-09-01 09시: 1001~2000 완료 (41715개 누적)","logger":"task.stdout"}
{"timestamp":"2025-11-10T01:33:05.353821Z","level":"info","event":"2022-09-01 09시: 2001~3000 완료 (42715개 누적)","logger":"task.stdout"}
{"timestamp":"2025-11-10T01:33:06.893227Z","level":"info","event":"2022-09-01 09시: 3001~4000 완료 (43715개 누적)","logger":"task.stdout"}
{"timestamp":"2025-11-10T01:33:08.456113Z","level":"info","event":"2022-09-01 09시: 4001~5000 완료 (44715개 누적)","logger":"task.stdout"}
{"timestamp":"2025-11-10T01:33:10.120051Z","level":"info","event":"2022-09-01 09시: 5001~6000 완료 (45715개 누적)","logger":"task.stdout"}
{"timestamp":"2025-11-10T01:33:11.722156Z","level":"info","event":"2022-09-01 09시: 6001~7000 완료 (46715개 누적)","logger":"task.stdout"}
{"timestamp":"2025-11-10T01:33:13.199584Z","level":"info","event":"2022-09-01 09시: 7001~7384 완료 (47099개 누적)","logger":"task.stdout"}
{"timestamp":"2025-11-10T01:33:16.109050Z","level":"info","event":"2022-09-01 10시: 1~1000 완료 (48099개 누적)","logger":"task.stdout"}
{"timestamp":"2025-11-10T01:33:17.658865Z","level":"info","event":"2022-09-01 10시: 1001~2000 완료 (49099개 누적)","logger":"task.stdout"}
{"timestamp":"2025-11-10T01:33:19.155169Z","level":"info","event":"2022-09-01 10시: 2001~3000 완료 (50099개 누적)","logger":"task.stdout"}
{"timestamp":"2025-11-10T01:33:20.647638Z","level":"info","event":"2022-09-01 10시: 3001~4000 완료 (51099개 누적)","logger":"task.stdout"}
{"timestamp":"2025-11-10T01:33:22.527774Z","level":"info","event":"2022-09-01 10시: 4001~5000 완료 (52099개 누적)","logger":"task.stdout"}
{"timestamp":"2025-11-10T01:33:23.892036Z","level":"info","event":"2022-09-01 10시: 5001~5262 완료 (52361개 누적)","logger":"task.stdout"}
{"timestamp":"2025-11-10T01:33:26.698252Z","level":"info","event":"2022-09-01 11시: 1~1000 완료 (53361개 누적)","logger":"task.stdout"}
{"timestamp":"2025-11-10T01:33:28.289315Z","level":"info","event":"2022-09-01 11시: 1001~2000 완료 (54361개 누적)","logger":"task.stdout"}
{"timestamp":"2025-11-10T01:33:29.958214Z","level":"info","event":"2022-09-01 11시: 2001~3000 완료 (55361개 누적)","logger":"task.stdout"}
{"timestamp":"2025-11-10T01:33:32.484533Z","level":"info","event":"2022-09-01 11시: 3001~4000 완료 (56361개 누적)","logger":"task.stdout"}
{"timestamp":"2025-11-10T01:33:37.701673Z","level":"info","event":"2022-09-01 11시: 4001~5000 완료 (57361개 누적)","logger":"task.stdout"}
{"timestamp":"2025-11-10T01:33:39.115008Z","level":"info","event":"2022-09-01 11시: 5001~6000 완료 (58361개 누적)","logger":"task.stdout"}
{"timestamp":"2025-11-10T01:33:40.549401Z","level":"info","event":"2022-09-01 11시: 6001~6232 완료 (58593개 누적)","logger":"task.stdout"}
{"timestamp":"2025-11-10T01:34:02.591603Z","level":"info","event":"2022-09-01 12시: 요청 실패 - HTTPConnectionPool(host='openapi.seoul.go.kr', port=8088): Max retries exceeded with url: /574d4268426539373930666f4b654e/json/tbCycleRentData/1/1000/2022-09-01/12 (Caused by NameResolutionError(\"<urllib3.connection.HTTPConnection object at 0xffff896718b0>: Failed to resolve 'openapi.seoul.go.kr' ([Errno -3] Temporary failure in name resolution)\"))","logger":"task.stdout"}
{"timestamp":"2025-11-10T01:34:06.161911Z","level":"info","event":"2022-09-01 13시: 1~1000 완료 (59593개 누적)","logger":"task.stdout"}
{"timestamp":"2025-11-10T01:34:07.595581Z","level":"info","event":"2022-09-01 13시: 1001~2000 완료 (60593개 누적)","logger":"task.stdout"}
{"timestamp":"2025-11-10T01:34:09.033523Z","level":"info","event":"2022-09-01 13시: 2001~3000 완료 (61593개 누적)","logger":"task.stdout"}
{"timestamp":"2025-11-10T01:34:10.372061Z","level":"info","event":"2022-09-01 13시: 3001~4000 완료 (62593개 누적)","logger":"task.stdout"}
{"timestamp":"2025-11-10T01:34:11.765066Z","level":"info","event":"2022-09-01 13시: 4001~5000 완료 (63593개 누적)","logger":"task.stdout"}
{"timestamp":"2025-11-10T01:34:13.193519Z","level":"info","event":"2022-09-01 13시: 5001~5913 완료 (64506개 누적)","logger":"task.stdout"}
{"timestamp":"2025-11-10T01:34:15.887800Z","level":"info","event":"2022-09-01 14시: 1~1000 완료 (65506개 누적)","logger":"task.stdout"}
{"timestamp":"2025-11-10T01:34:17.296199Z","level":"info","event":"2022-09-01 14시: 1001~2000 완료 (66506개 누적)","logger":"task.stdout"}
{"timestamp":"2025-11-10T01:34:18.950918Z","level":"info","event":"2022-09-01 14시: 2001~3000 완료 (67506개 누적)","logger":"task.stdout"}
{"timestamp":"2025-11-10T01:34:20.415049Z","level":"info","event":"2022-09-01 14시: 3001~4000 완료 (68506개 누적)","logger":"task.stdout"}
{"timestamp":"2025-11-10T01:34:21.984909Z","level":"info","event":"2022-09-01 14시: 4001~5000 완료 (69506개 누적)","logger":"task.stdout"}
{"timestamp":"2025-11-10T01:34:23.474664Z","level":"info","event":"2022-09-01 14시: 5001~6000 완료 (70506개 누적)","logger":"task.stdout"}
{"timestamp":"2025-11-10T01:34:24.966980Z","level":"info","event":"2022-09-01 14시: 6001~6160 완료 (70666개 누적)","logger":"task.stdout"}
{"timestamp":"2025-11-10T01:34:27.788172Z","level":"info","event":"2022-09-01 15시: 1~1000 완료 (71666개 누적)","logger":"task.stdout"}
{"timestamp":"2025-11-10T01:34:29.289156Z","level":"info","event":"2022-09-01 15시: 1001~2000 완료 (72666개 누적)","logger":"task.stdout"}
{"timestamp":"2025-11-10T01:34:31.107686Z","level":"info","event":"2022-09-01 15시: 2001~3000 완료 (73666개 누적)","logger":"task.stdout"}
{"timestamp":"2025-11-10T01:34:32.554541Z","level":"info","event":"2022-09-01 15시: 3001~4000 완료 (74666개 누적)","logger":"task.stdout"}
{"timestamp":"2025-11-10T01:34:34.117733Z","level":"info","event":"2022-09-01 15시: 4001~5000 완료 (75666개 누적)","logger":"task.stdout"}
{"timestamp":"2025-11-10T01:34:36.586933Z","level":"info","event":"2022-09-01 15시: 5001~6000 완료 (76666개 누적)","logger":"task.stdout"}
{"timestamp":"2025-11-10T01:34:38.095788Z","level":"info","event":"2022-09-01 15시: 6001~6939 완료 (77605개 누적)","logger":"task.stdout"}
{"timestamp":"2025-11-10T01:34:41.575622Z","level":"info","event":"2022-09-01 16시: 1~1000 완료 (78605개 누적)","logger":"task.stdout"}
{"timestamp":"2025-11-10T01:34:43.227130Z","level":"info","event":"2022-09-01 16시: 1001~2000 완료 (79605개 누적)","logger":"task.stdout"}
{"timestamp":"2025-11-10T01:34:44.774995Z","level":"info","event":"2022-09-01 16시: 2001~3000 완료 (80605개 누적)","logger":"task.stdout"}
{"timestamp":"2025-11-10T01:34:46.294078Z","level":"info","event":"2022-09-01 16시: 3001~4000 완료 (81605개 누적)","logger":"task.stdout"}
{"timestamp":"2025-11-10T01:34:47.754170Z","level":"info","event":"2022-09-01 16시: 4001~5000 완료 (82605개 누적)","logger":"task.stdout"}
{"timestamp":"2025-11-10T01:34:49.517168Z","level":"info","event":"2022-09-01 16시: 5001~6000 완료 (83605개 누적)","logger":"task.stdout"}
{"timestamp":"2025-11-10T01:34:50.989948Z","level":"info","event":"2022-09-01 16시: 6001~7000 완료 (84605개 누적)","logger":"task.stdout"}
{"timestamp":"2025-11-10T01:34:52.476876Z","level":"info","event":"2022-09-01 16시: 7001~8000 완료 (85605개 누적)","logger":"task.stdout"}
{"timestamp":"2025-11-10T01:34:54.111258Z","level":"info","event":"2022-09-01 16시: 8001~9000 완료 (86605개 누적)","logger":"task.stdout"}
{"timestamp":"2025-11-10T01:34:55.998090Z","level":"info","event":"2022-09-01 16시: 9001~10000 완료 (87605개 누적)","logger":"task.stdout"}
{"timestamp":"2025-11-10T01:34:57.603451Z","level":"info","event":"2022-09-01 16시: 10001~10279 완료 (87884개 누적)","logger":"task.stdout"}
{"timestamp":"2025-11-10T01:35:01.023961Z","level":"info","event":"2022-09-01 17시: 1~1000 완료 (88884개 누적)","logger":"task.stdout"}
{"timestamp":"2025-11-10T01:35:02.931854Z","level":"info","event":"2022-09-01 17시: 1001~2000 완료 (89884개 누적)","logger":"task.stdout"}
{"timestamp":"2025-11-10T01:35:04.782368Z","level":"info","event":"2022-09-01 17시: 2001~3000 완료 (90884개 누적)","logger":"task.stdout"}
{"timestamp":"2025-11-10T01:35:06.446887Z","level":"info","event":"2022-09-01 17시: 3001~4000 완료 (91884개 누적)","logger":"task.stdout"}
{"timestamp":"2025-11-10T01:35:08.387932Z","level":"info","event":"2022-09-01 17시: 4001~5000 완료 (92884개 누적)","logger":"task.stdout"}
{"timestamp":"2025-11-10T01:35:10.190567Z","level":"info","event":"2022-09-01 17시: 5001~6000 완료 (93884개 누적)","logger":"task.stdout"}
{"timestamp":"2025-11-10T01:35:12.059869Z","level":"info","event":"2022-09-01 17시: 6001~7000 완료 (94884개 누적)","logger":"task.stdout"}
{"timestamp":"2025-11-10T01:35:56.102643Z","level":"info","event":"2022-09-01 17시: 7001~8000 완료 (95884개 누적)","logger":"task.stdout"}
{"timestamp":"2025-11-10T01:35:56.104375Z","level":"info","event":"2022-09-01 17시: 요청 실패 - HTTPConnectionPool(host='openapi.seoul.go.kr', port=8088): Max retries exceeded with url: /574d4268426539373930666f4b654e/json/tbCycleRentData/8001/9000/2022-09-01/17 (Caused by NameResolutionError(\"<urllib3.connection.HTTPConnection object at 0xffff867aff80>: Failed to resolve 'openapi.seoul.go.kr' ([Errno -3] Temporary failure in name resolution)\"))","logger":"task.stdout"}
{"timestamp":"2025-11-10T01:35:59.221657Z","level":"info","event":"2022-09-01 18시: 1~1000 완료 (96884개 누적)","logger":"task.stdout"}
{"timestamp":"2025-11-10T01:36:01.190063Z","level":"info","event":"2022-09-01 18시: 1001~2000 완료 (97884개 누적)","logger":"task.stdout"}
{"timestamp":"2025-11-10T01:36:03.175447Z","level":"info","event":"2022-09-01 18시: 2001~3000 완료 (98884개 누적)","logger":"task.stdout"}
{"timestamp":"2025-11-10T01:36:05.237175Z","level":"info","event":"2022-09-01 18시: 3001~4000 완료 (99884개 누적)","logger":"task.stdout"}
{"timestamp":"2025-11-10T01:36:07.195540Z","level":"info","event":"2022-09-01 18시: 4001~5000 완료 (100884개 누적)","logger":"task.stdout"}
{"timestamp":"2025-11-10T01:36:09.339605Z","level":"info","event":"2022-09-01 18시: 5001~6000 완료 (101884개 누적)","logger":"task.stdout"}
{"timestamp":"2025-11-10T01:36:11.469907Z","level":"info","event":"2022-09-01 18시: 6001~7000 완료 (102884개 누적)","logger":"task.stdout"}
{"timestamp":"2025-11-10T01:36:13.496370Z","level":"info","event":"2022-09-01 18시: 7001~8000 완료 (103884개 누적)","logger":"task.stdout"}
{"timestamp":"2025-11-10T01:36:15.772480Z","level":"info","event":"2022-09-01 18시: 8001~9000 완료 (104884개 누적)","logger":"task.stdout"}
{"timestamp":"2025-11-10T01:36:18.127481Z","level":"info","event":"2022-09-01 18시: 9001~10000 완료 (105884개 누적)","logger":"task.stdout"}
{"timestamp":"2025-11-10T01:36:23.875340Z","level":"info","event":"2022-09-01 18시: 10001~11000 완료 (106884개 누적)","logger":"task.stdout"}
{"timestamp":"2025-11-10T01:36:25.903838Z","level":"info","event":"2022-09-01 18시: 11001~12000 완료 (107884개 누적)","logger":"task.stdout"}
{"timestamp":"2025-11-10T01:36:27.995637Z","level":"info","event":"2022-09-01 18시: 12001~13000 완료 (108884개 누적)","logger":"task.stdout"}
{"timestamp":"2025-11-10T01:36:30.051613Z","level":"info","event":"2022-09-01 18시: 13001~14000 완료 (109884개 누적)","logger":"task.stdout"}
{"timestamp":"2025-11-10T01:36:32.076284Z","level":"info","event":"2022-09-01 18시: 14001~15000 완료 (110884개 누적)","logger":"task.stdout"}
{"timestamp":"2025-11-10T01:36:33.915422Z","level":"info","event":"2022-09-01 18시: 15001~16000 완료 (111884개 누적)","logger":"task.stdout"}
{"timestamp":"2025-11-10T01:36:36.005755Z","level":"info","event":"2022-09-01 18시: 16001~17000 완료 (112884개 누적)","logger":"task.stdout"}
{"timestamp":"2025-11-10T01:36:38.118131Z","level":"info","event":"2022-09-01 18시: 17001~18000 완료 (113884개 누적)","logger":"task.stdout"}
{"timestamp":"2025-11-10T01:36:39.956680Z","level":"info","event":"2022-09-01 18시: 18001~19000 완료 (114884개 누적)","logger":"task.stdout"}
{"timestamp":"2025-11-10T01:36:42.017234Z","level":"info","event":"2022-09-01 18시: 19001~20000 완료 (115884개 누적)","logger":"task.stdout"}
{"timestamp":"2025-11-10T01:36:44.038778Z","level":"info","event":"2022-09-01 18시: 20001~21000 완료 (116884개 누적)","logger":"task.stdout"}
{"timestamp":"2025-11-10T01:36:45.932653Z","level":"info","event":"2022-09-01 18시: 21001~21331 완료 (117215개 누적)","logger":"task.stdout"}
{"timestamp":"2025-11-10T01:36:49.271463Z","level":"info","event":"2022-09-01 19시: 1~1000 완료 (118215개 누적)","logger":"task.stdout"}
{"timestamp":"2025-11-10T01:36:50.950986Z","level":"info","event":"2022-09-01 19시: 1001~2000 완료 (119215개 누적)","logger":"task.stdout"}
{"timestamp":"2025-11-10T01:36:52.737852Z","level":"info","event":"2022-09-01 19시: 2001~3000 완료 (120215개 누적)","logger":"task.stdout"}
{"timestamp":"2025-11-10T01:36:54.397375Z","level":"info","event":"2022-09-01 19시: 3001~4000 완료 (121215개 누적)","logger":"task.stdout"}
{"timestamp":"2025-11-10T01:36:56.215792Z","level":"info","event":"2022-09-01 19시: 4001~5000 완료 (122215개 누적)","logger":"task.stdout"}
{"timestamp":"2025-11-10T01:36:57.976631Z","level":"info","event":"2022-09-01 19시: 5001~6000 완료 (123215개 누적)","logger":"task.stdout"}
{"timestamp":"2025-11-10T01:36:59.903399Z","level":"info","event":"2022-09-01 19시: 6001~7000 완료 (124215개 누적)","logger":"task.stdout"}
{"timestamp":"2025-11-10T01:37:01.753197Z","level":"info","event":"2022-09-01 19시: 7001~8000 완료 (125215개 누적)","logger":"task.stdout"}
{"timestamp":"2025-11-10T01:37:03.556794Z","level":"info","event":"2022-09-01 19시: 8001~9000 완료 (126215개 누적)","logger":"task.stdout"}
{"timestamp":"2025-11-10T01:37:05.589210Z","level":"info","event":"2022-09-01 19시: 9001~10000 완료 (127215개 누적)","logger":"task.stdout"}
{"timestamp":"2025-11-10T01:37:21.578839Z","level":"info","event":"2022-09-01 19시: 10001~11000 완료 (128215개 누적)","logger":"task.stdout"}
{"timestamp":"2025-11-10T01:37:23.355437Z","level":"info","event":"2022-09-01 19시: 11001~12000 완료 (129215개 누적)","logger":"task.stdout"}
{"timestamp":"2025-11-10T01:37:25.122365Z","level":"info","event":"2022-09-01 19시: 12001~13000 완료 (130215개 누적)","logger":"task.stdout"}
{"timestamp":"2025-11-10T01:37:26.710219Z","level":"info","event":"2022-09-01 19시: 13001~14000 완료 (131215개 누적)","logger":"task.stdout"}
{"timestamp":"2025-11-10T01:37:28.490963Z","level":"info","event":"2022-09-01 19시: 14001~14902 완료 (132117개 누적)","logger":"task.stdout"}
{"timestamp":"2025-11-10T01:37:31.823321Z","level":"info","event":"2022-09-01 20시: 1~1000 완료 (133117개 누적)","logger":"task.stdout"}
{"timestamp":"2025-11-10T01:37:33.560144Z","level":"info","event":"2022-09-01 20시: 1001~2000 완료 (134117개 누적)","logger":"task.stdout"}
{"timestamp":"2025-11-10T01:37:35.297510Z","level":"info","event":"2022-09-01 20시: 2001~3000 완료 (135117개 누적)","logger":"task.stdout"}
{"timestamp":"2025-11-10T01:37:37.009452Z","level":"info","event":"2022-09-01 20시: 3001~4000 완료 (136117개 누적)","logger":"task.stdout"}
{"timestamp":"2025-11-10T01:37:38.739367Z","level":"info","event":"2022-09-01 20시: 4001~5000 완료 (137117개 누적)","logger":"task.stdout"}
{"timestamp":"2025-11-10T01:37:40.471985Z","level":"info","event":"2022-09-01 20시: 5001~6000 완료 (138117개 누적)","logger":"task.stdout"}
{"timestamp":"2025-11-10T01:37:42.001420Z","level":"info","event":"2022-09-01 20시: 6001~7000 완료 (139117개 누적)","logger":"task.stdout"}
{"timestamp":"2025-11-10T01:37:43.714110Z","level":"info","event":"2022-09-01 20시: 7001~8000 완료 (140117개 누적)","logger":"task.stdout"}
{"timestamp":"2025-11-10T01:37:45.363066Z","level":"info","event":"2022-09-01 20시: 8001~9000 완료 (141117개 누적)","logger":"task.stdout"}
{"timestamp":"2025-11-10T01:37:47.059396Z","level":"info","event":"2022-09-01 20시: 9001~10000 완료 (142117개 누적)","logger":"task.stdout"}
{"timestamp":"2025-11-10T01:37:48.799938Z","level":"info","event":"2022-09-01 20시: 10001~11000 완료 (143117개 누적)","logger":"task.stdout"}
{"timestamp":"2025-11-10T01:37:50.605260Z","level":"info","event":"2022-09-01 20시: 11001~12000 완료 (144117개 누적)","logger":"task.stdout"}
{"timestamp":"2025-11-10T01:37:52.263776Z","level":"info","event":"2022-09-01 20시: 12001~12646 완료 (144763개 누적)","logger":"task.stdout"}
{"timestamp":"2025-11-10T01:37:56.106739Z","level":"info","event":"2022-09-01 21시: 1~1000 완료 (145763개 누적)","logger":"task.stdout"}
{"timestamp":"2025-11-10T01:38:08.217015Z","level":"info","event":"2022-09-01 21시: 1001~2000 완료 (146763개 누적)","logger":"task.stdout"}
{"timestamp":"2025-11-10T01:38:09.829416Z","level":"info","event":"2022-09-01 21시: 2001~3000 완료 (147763개 누적)","logger":"task.stdout"}
{"timestamp":"2025-11-10T01:38:11.384634Z","level":"info","event":"2022-09-01 21시: 3001~4000 완료 (148763개 누적)","logger":"task.stdout"}
{"timestamp":"2025-11-10T01:38:13.079029Z","level":"info","event":"2022-09-01 21시: 4001~5000 완료 (149763개 누적)","logger":"task.stdout"}
{"timestamp":"2025-11-10T01:38:14.716486Z","level":"info","event":"2022-09-01 21시: 5001~6000 완료 (150763개 누적)","logger":"task.stdout"}
{"timestamp":"2025-11-10T01:38:16.369784Z","level":"info","event":"2022-09-01 21시: 6001~7000 완료 (151763개 누적)","logger":"task.stdout"}
{"timestamp":"2025-11-10T01:38:17.972628Z","level":"info","event":"2022-09-01 21시: 7001~8000 완료 (152763개 누적)","logger":"task.stdout"}
{"timestamp":"2025-11-10T01:38:19.599067Z","level":"info","event":"2022-09-01 21시: 8001~9000 완료 (153763개 누적)","logger":"task.stdout"}
{"timestamp":"2025-11-10T01:38:21.225575Z","level":"info","event":"2022-09-01 21시: 9001~10000 완료 (154763개 누적)","logger":"task.stdout"}
{"timestamp":"2025-11-10T01:38:22.823856Z","level":"info","event":"2022-09-01 21시: 10001~11000 완료 (155763개 누적)","logger":"task.stdout"}
{"timestamp":"2025-11-10T01:38:24.416780Z","level":"info","event":"2022-09-01 21시: 11001~11622 완료 (156385개 누적)","logger":"task.stdout"}
{"timestamp":"2025-11-10T01:38:27.358855Z","level":"info","event":"2022-09-01 22시: 1~1000 완료 (157385개 누적)","logger":"task.stdout"}
{"timestamp":"2025-11-10T01:38:28.895850Z","level":"info","event":"2022-09-01 22시: 1001~2000 완료 (158385개 누적)","logger":"task.stdout"}
{"timestamp":"2025-11-10T01:38:30.494452Z","level":"info","event":"2022-09-01 22시: 2001~3000 완료 (159385개 누적)","logger":"task.stdout"}
{"timestamp":"2025-11-10T01:38:32.074243Z","level":"info","event":"2022-09-01 22시: 3001~4000 완료 (160385개 누적)","logger":"task.stdout"}
{"timestamp":"2025-11-10T01:38:33.881687Z","level":"info","event":"2022-09-01 22시: 4001~5000 완료 (161385개 누적)","logger":"task.stdout"}
{"timestamp":"2025-11-10T01:38:35.386712Z","level":"info","event":"2022-09-01 22시: 5001~6000 완료 (162385개 누적)","logger":"task.stdout"}
{"timestamp":"2025-11-10T01:38:37.090494Z","level":"info","event":"2022-09-01 22시: 6001~7000 완료 (163385개 누적)","logger":"task.stdout"}
{"timestamp":"2025-11-10T01:38:38.662153Z","level":"info","event":"2022-09-01 22시: 7001~8000 완료 (164385개 누적)","logger":"task.stdout"}
{"timestamp":"2025-11-10T01:38:40.344355Z","level":"info","event":"2022-09-01 22시: 8001~9000 완료 (165385개 누적)","logger":"task.stdout"}
{"timestamp":"2025-11-10T01:38:48.279453Z","level":"info","event":"2022-09-01 22시: 9001~9608 완료 (165993개 누적)","logger":"task.stdout"}
{"timestamp":"2025-11-10T01:38:48.297625Z","level":"info","event":"2022-09-01 23시: 응답 없음","logger":"task.stdout"}
{"timestamp":"2025-11-10T01:38:49.959657Z","level":"info","event":"2022-09-02 00시: 1~1000 완료 (166993개 누적)","logger":"task.stdout"}
{"timestamp":"2025-11-10T01:38:51.379336Z","level":"info","event":"2022-09-02 00시: 1001~2000 완료 (167993개 누적)","logger":"task.stdout"}
{"timestamp":"2025-11-10T01:38:52.781048Z","level":"info","event":"2022-09-02 00시: 2001~3000 완료 (168993개 누적)","logger":"task.stdout"}
{"timestamp":"2025-11-10T01:38:54.318190Z","level":"info","event":"2022-09-02 00시: 3001~4000 완료 (169993개 누적)","logger":"task.stdout"}
{"timestamp":"2025-11-10T01:38:55.582263Z","level":"info","event":"2022-09-02 00시: 4001~4019 완료 (170012개 누적)","logger":"task.stdout"}
{"timestamp":"2025-11-10T01:38:58.455886Z","level":"info","event":"2022-09-02 01시: 1~1000 완료 (171012개 누적)","logger":"task.stdout"}
{"timestamp":"2025-11-10T01:38:59.776887Z","level":"info","event":"2022-09-02 01시: 1001~2000 완료 (172012개 누적)","logger":"task.stdout"}
{"timestamp":"2025-11-10T01:39:01.085911Z","level":"info","event":"2022-09-02 01시: 2001~2718 완료 (172730개 누적)","logger":"task.stdout"}
{"timestamp":"2025-11-10T01:39:03.587910Z","level":"info","event":"2022-09-02 02시: 1~1000 완료 (173730개 누적)","logger":"task.stdout"}
{"timestamp":"2025-11-10T01:39:04.928426Z","level":"info","event":"2022-09-02 02시: 1001~1644 완료 (174374개 누적)","logger":"task.stdout"}
{"timestamp":"2025-11-10T01:39:07.617859Z","level":"info","event":"2022-09-02 03시: 1~1000 완료 (175374개 누적)","logger":"task.stdout"}
{"timestamp":"2025-11-10T01:39:08.795947Z","level":"info","event":"2022-09-02 03시: 1001~1065 완료 (175439개 누적)","logger":"task.stdout"}
{"timestamp":"2025-11-10T01:39:11.153048Z","level":"info","event":"2022-09-02 04시: 1~855 완료 (176294개 누적)","logger":"task.stdout"}
{"timestamp":"2025-11-10T01:39:13.482600Z","level":"info","event":"2022-09-02 05시: 1~1000 완료 (177294개 누적)","logger":"task.stdout"}
{"timestamp":"2025-11-10T01:39:14.970515Z","level":"info","event":"2022-09-02 05시: 1001~1669 완료 (177963개 누적)","logger":"task.stdout"}
{"timestamp":"2025-11-10T01:39:17.799918Z","level":"info","event":"2022-09-02 06시: 1~1000 완료 (178963개 누적)","logger":"task.stdout"}
{"timestamp":"2025-11-10T01:39:19.491865Z","level":"info","event":"2022-09-02 06시: 1001~2000 완료 (179963개 누적)","logger":"task.stdout"}
{"timestamp":"2025-11-10T01:39:30.328087Z","level":"info","event":"2022-09-02 06시: 2001~3000 완료 (180963개 누적)","logger":"task.stdout"}
{"timestamp":"2025-11-10T01:39:31.867141Z","level":"info","event":"2022-09-02 06시: 3001~3954 완료 (181917개 누적)","logger":"task.stdout"}
{"timestamp":"2025-11-10T01:39:35.014154Z","level":"info","event":"2022-09-02 07시: 1~1000 완료 (182917개 누적)","logger":"task.stdout"}
{"timestamp":"2025-11-10T01:39:36.706542Z","level":"info","event":"2022-09-02 07시: 1001~2000 완료 (183917개 누적)","logger":"task.stdout"}
{"timestamp":"2025-11-10T01:39:38.497035Z","level":"info","event":"2022-09-02 07시: 2001~3000 완료 (184917개 누적)","logger":"task.stdout"}
{"timestamp":"2025-11-10T01:39:40.155472Z","level":"info","event":"2022-09-02 07시: 3001~4000 완료 (185917개 누적)","logger":"task.stdout"}
{"timestamp":"2025-11-10T01:39:41.961245Z","level":"info","event":"2022-09-02 07시: 4001~5000 완료 (186917개 누적)","logger":"task.stdout"}
{"timestamp":"2025-11-10T01:39:43.650940Z","level":"info","event":"2022-09-02 07시: 5001~6000 완료 (187917개 누적)","logger":"task.stdout"}
{"timestamp":"2025-11-10T01:39:45.495196Z","level":"info","event":"2022-09-02 07시: 6001~7000 완료 (188917개 누적)","logger":"task.stdout"}
{"timestamp":"2025-11-10T01:39:47.166646Z","level":"info","event":"2022-09-02 07시: 7001~8000 완료 (189917개 누적)","logger":"task.stdout"}
{"timestamp":"2025-11-10T01:39:49.102572Z","level":"info","event":"2022-09-02 07시: 8001~9000 완료 (190917개 누적)","logger":"task.stdout"}
{"timestamp":"2025-11-10T01:39:51.180073Z","level":"info","event":"2022-09-02 07시: 9001~10000 완료 (191917개 누적)","logger":"task.stdout"}
{"timestamp":"2025-11-10T01:39:53.133582Z","level":"info","event":"2022-09-02 07시: 10001~10374 완료 (192291개 누적)","logger":"task.stdout"}
{"timestamp":"2025-11-10T01:40:16.833957Z","level":"info","event":"2022-09-02 08시: 요청 실패 - HTTPConnectionPool(host='openapi.seoul.go.kr', port=8088): Max retries exceeded with url: /574d4268426539373930666f4b654e/json/tbCycleRentData/1/1000/2022-09-02/8 (Caused by NameResolutionError(\"<urllib3.connection.HTTPConnection object at 0xffff7ec3e7b0>: Failed to resolve 'openapi.seoul.go.kr' ([Errno -3] Temporary failure in name resolution)\"))","logger":"task.stdout"}
{"timestamp":"2025-11-10T01:40:16.840775Z","level":"critical","event":"Process terminated by signal. Likely out of memory error (OOM). For more information, see https://airflow.apache.org/docs/apache-airflow/stable/troubleshooting.html#process-terminated-by-signal.","signal":-9,"signal_name":"SIGKILL","logger":"task"}
