{"timestamp":"2025-11-10T01:36:44.699787Z","level":"info","event":"DAG bundles loaded: dags-folder","logger":"airflow.dag_processing.bundles.manager.DagBundlesManager","filename":"manager.py","lineno":179}
{"timestamp":"2025-11-10T01:36:44.700656Z","level":"info","event":"Filling up the DagBag from /opt/airflow/dags/seoul_bike_rent_2022.py","logger":"airflow.models.dagbag.DagBag","filename":"dagbag.py","lineno":593}
{"timestamp":"2025-11-10T01:36:44.710453Z","level":"warning","event":"The `airflow.operators.python.PythonOperator` attribute is deprecated. Please use `'airflow.providers.standard.operators.python.PythonOperator'`.","category":"DeprecatedImportWarning","filename":"/opt/airflow/dags/seoul_bike_rent_2022.py","lineno":2,"logger":"py.warnings"}
{"timestamp":"2025-11-10T01:36:44.745629Z","level":"info","event":"Found credentials in environment variables.","logger":"botocore.credentials","filename":"credentials.py","lineno":1224}
{"timestamp":"2025-11-10T01:36:45.446935Z","level":"info","event":"유효한 정거장 3202개 로드","logger":"task.stdout"}
{"timestamp":"2025-11-10T01:36:45.932489Z","level":"info","event":"2022-02-01 00시: 1~284 완료 (284개 누적)","logger":"task.stdout"}
{"timestamp":"2025-11-10T01:36:46.456163Z","level":"info","event":"2022-02-01 01시: 1~223 완료 (507개 누적)","logger":"task.stdout"}
{"timestamp":"2025-11-10T01:36:46.994111Z","level":"info","event":"2022-02-01 02시: 1~157 완료 (664개 누적)","logger":"task.stdout"}
{"timestamp":"2025-11-10T01:36:47.628741Z","level":"info","event":"2022-02-01 03시: 1~65 완료 (729개 누적)","logger":"task.stdout"}
{"timestamp":"2025-11-10T01:36:48.114917Z","level":"info","event":"2022-02-01 04시: 1~35 완료 (764개 누적)","logger":"task.stdout"}
{"timestamp":"2025-11-10T01:36:48.655486Z","level":"info","event":"2022-02-01 05시: 1~57 완료 (821개 누적)","logger":"task.stdout"}
{"timestamp":"2025-11-10T01:36:49.169637Z","level":"info","event":"2022-02-01 06시: 1~86 완료 (907개 누적)","logger":"task.stdout"}
{"timestamp":"2025-11-10T01:36:49.933939Z","level":"info","event":"2022-02-01 07시: 1~129 완료 (1036개 누적)","logger":"task.stdout"}
{"timestamp":"2025-11-10T01:36:50.457515Z","level":"info","event":"2022-02-01 08시: 1~214 완료 (1250개 누적)","logger":"task.stdout"}
{"timestamp":"2025-11-10T01:36:51.005493Z","level":"info","event":"2022-02-01 09시: 1~229 완료 (1479개 누적)","logger":"task.stdout"}
{"timestamp":"2025-11-10T01:36:51.556226Z","level":"info","event":"2022-02-01 10시: 1~311 완료 (1790개 누적)","logger":"task.stdout"}
{"timestamp":"2025-11-10T01:36:52.118586Z","level":"info","event":"2022-02-01 11시: 1~507 완료 (2297개 누적)","logger":"task.stdout"}
{"timestamp":"2025-11-10T01:36:52.781194Z","level":"info","event":"2022-02-01 12시: 1~677 완료 (2974개 누적)","logger":"task.stdout"}
{"timestamp":"2025-11-10T01:36:53.486122Z","level":"info","event":"2022-02-01 13시: 1~867 완료 (3841개 누적)","logger":"task.stdout"}
{"timestamp":"2025-11-10T01:36:54.172394Z","level":"info","event":"2022-02-01 14시: 1~1000 완료 (4841개 누적)","logger":"task.stdout"}
{"timestamp":"2025-11-10T01:36:54.500773Z","level":"info","event":"2022-02-01 14시: 1001~1078 완료 (4919개 누적)","logger":"task.stdout"}
{"timestamp":"2025-11-10T01:36:55.303432Z","level":"info","event":"2022-02-01 15시: 1~1000 완료 (5919개 누적)","logger":"task.stdout"}
{"timestamp":"2025-11-10T01:36:55.670014Z","level":"info","event":"2022-02-01 15시: 1001~1203 완료 (6122개 누적)","logger":"task.stdout"}
{"timestamp":"2025-11-10T01:36:56.401803Z","level":"info","event":"2022-02-01 16시: 1~1000 완료 (7122개 누적)","logger":"task.stdout"}
{"timestamp":"2025-11-10T01:36:56.840894Z","level":"info","event":"2022-02-01 16시: 1001~1564 완료 (7686개 누적)","logger":"task.stdout"}
{"timestamp":"2025-11-10T01:36:57.775107Z","level":"info","event":"2022-02-01 17시: 1~1000 완료 (8686개 누적)","logger":"task.stdout"}
{"timestamp":"2025-11-10T01:36:58.274223Z","level":"info","event":"2022-02-01 17시: 1001~1475 완료 (9161개 누적)","logger":"task.stdout"}
{"timestamp":"2025-11-10T01:36:59.001957Z","level":"info","event":"2022-02-01 18시: 1~1000 완료 (10161개 누적)","logger":"task.stdout"}
{"timestamp":"2025-11-10T01:36:59.368568Z","level":"info","event":"2022-02-01 18시: 1001~1266 완료 (10427개 누적)","logger":"task.stdout"}
{"timestamp":"2025-11-10T01:37:00.063285Z","level":"info","event":"2022-02-01 19시: 1~1000 완료 (11427개 누적)","logger":"task.stdout"}
{"timestamp":"2025-11-10T01:37:00.566560Z","level":"info","event":"2022-02-01 19시: 1001~1163 완료 (11590개 누적)","logger":"task.stdout"}
{"timestamp":"2025-11-10T01:37:01.253448Z","level":"info","event":"2022-02-01 20시: 1~994 완료 (12584개 누적)","logger":"task.stdout"}
{"timestamp":"2025-11-10T01:37:02.062342Z","level":"info","event":"2022-02-01 21시: 1~1000 완료 (13584개 누적)","logger":"task.stdout"}
{"timestamp":"2025-11-10T01:37:02.399084Z","level":"info","event":"2022-02-01 21시: 1001~1003 완료 (13587개 누적)","logger":"task.stdout"}
{"timestamp":"2025-11-10T01:37:03.183940Z","level":"info","event":"2022-02-01 22시: 1~742 완료 (14329개 누적)","logger":"task.stdout"}
{"timestamp":"2025-11-10T01:37:03.896397Z","level":"info","event":"2022-02-01 23시: 1~540 완료 (14869개 누적)","logger":"task.stdout"}
{"timestamp":"2025-11-10T01:37:04.783203Z","level":"info","event":"2022-02-02 00시: 1~474 완료 (15343개 누적)","logger":"task.stdout"}
{"timestamp":"2025-11-10T01:37:19.745363Z","level":"info","event":"2022-02-02 01시: 요청 실패 - HTTPConnectionPool(host='openapi.seoul.go.kr', port=8088): Max retries exceeded with url: /574d4268426539373930666f4b654e/json/tbCycleRentData/1/5/2022-02-02/1 (Caused by NameResolutionError(\"<urllib3.connection.HTTPConnection object at 0xffff8ce99f40>: Failed to resolve 'openapi.seoul.go.kr' ([Errno -3] Temporary failure in name resolution)\"))","logger":"task.stdout"}
{"timestamp":"2025-11-10T01:37:20.232942Z","level":"info","event":"2022-02-02 02시: 1~179 완료 (15522개 누적)","logger":"task.stdout"}
{"timestamp":"2025-11-10T01:37:20.868064Z","level":"info","event":"2022-02-02 03시: 1~152 완료 (15674개 누적)","logger":"task.stdout"}
{"timestamp":"2025-11-10T01:37:21.518729Z","level":"info","event":"2022-02-02 04시: 1~120 완료 (15794개 누적)","logger":"task.stdout"}
{"timestamp":"2025-11-10T01:37:22.246943Z","level":"info","event":"2022-02-02 05시: 1~157 완료 (15951개 누적)","logger":"task.stdout"}
{"timestamp":"2025-11-10T01:37:22.980447Z","level":"info","event":"2022-02-02 06시: 1~185 완료 (16136개 누적)","logger":"task.stdout"}
{"timestamp":"2025-11-10T01:37:23.702854Z","level":"info","event":"2022-02-02 07시: 1~343 완료 (16479개 누적)","logger":"task.stdout"}
{"timestamp":"2025-11-10T01:37:24.774046Z","level":"info","event":"2022-02-02 08시: 1~679 완료 (17158개 누적)","logger":"task.stdout"}
{"timestamp":"2025-11-10T01:37:25.773636Z","level":"info","event":"2022-02-02 09시: 1~962 완료 (18120개 누적)","logger":"task.stdout"}
{"timestamp":"2025-11-10T01:37:26.722501Z","level":"info","event":"2022-02-02 10시: 1~1000 완료 (19120개 누적)","logger":"task.stdout"}
{"timestamp":"2025-11-10T01:37:27.173053Z","level":"info","event":"2022-02-02 10시: 1001~1301 완료 (19421개 누적)","logger":"task.stdout"}
{"timestamp":"2025-11-10T01:37:28.335674Z","level":"info","event":"2022-02-02 11시: 1~1000 완료 (20421개 누적)","logger":"task.stdout"}
{"timestamp":"2025-11-10T01:37:28.938651Z","level":"info","event":"2022-02-02 11시: 1001~1666 완료 (21087개 누적)","logger":"task.stdout"}
{"timestamp":"2025-11-10T01:37:29.915171Z","level":"info","event":"2022-02-02 12시: 1~1000 완료 (22087개 누적)","logger":"task.stdout"}
{"timestamp":"2025-11-10T01:37:30.510554Z","level":"info","event":"2022-02-02 12시: 1001~1971 완료 (23058개 누적)","logger":"task.stdout"}
{"timestamp":"2025-11-10T01:37:31.601268Z","level":"info","event":"2022-02-02 13시: 1~1000 완료 (24058개 누적)","logger":"task.stdout"}
{"timestamp":"2025-11-10T01:37:32.172274Z","level":"info","event":"2022-02-02 13시: 1001~2000 완료 (25058개 누적)","logger":"task.stdout"}
{"timestamp":"2025-11-10T01:37:32.690398Z","level":"info","event":"2022-02-02 13시: 2001~2328 완료 (25386개 누적)","logger":"task.stdout"}
{"timestamp":"2025-11-10T01:37:33.703276Z","level":"info","event":"2022-02-02 14시: 1~1000 완료 (26386개 누적)","logger":"task.stdout"}
{"timestamp":"2025-11-10T01:37:34.291608Z","level":"info","event":"2022-02-02 14시: 1001~2000 완료 (27386개 누적)","logger":"task.stdout"}
{"timestamp":"2025-11-10T01:37:34.872929Z","level":"info","event":"2022-02-02 14시: 2001~2634 완료 (28020개 누적)","logger":"task.stdout"}
{"timestamp":"2025-11-10T01:37:35.824112Z","level":"info","event":"2022-02-02 15시: 1~1000 완료 (29020개 누적)","logger":"task.stdout"}
{"timestamp":"2025-11-10T01:37:36.498810Z","level":"info","event":"2022-02-02 15시: 1001~2000 완료 (30020개 누적)","logger":"task.stdout"}
{"timestamp":"2025-11-10T01:37:37.078303Z","level":"info","event":"2022-02-02 15시: 2001~2699 완료 (30719개 누적)","logger":"task.stdout"}
{"timestamp":"2025-11-10T01:37:38.113489Z","level":"info","event":"2022-02-02 16시: 1~1000 완료 (31719개 누적)","logger":"task.stdout"}
{"timestamp":"2025-11-10T01:37:38.765917Z","level":"info","event":"2022-02-02 16시: 1001~2000 완료 (32719개 누적)","logger":"task.stdout"}
{"timestamp":"2025-11-10T01:37:39.338803Z","level":"info","event":"2022-02-02 16시: 2001~2747 완료 (33466개 누적)","logger":"task.stdout"}
{"timestamp":"2025-11-10T01:37:40.490403Z","level":"info","event":"2022-02-02 17시: 1~1000 완료 (34466개 누적)","logger":"task.stdout"}
{"timestamp":"2025-11-10T01:37:41.108026Z","level":"info","event":"2022-02-02 17시: 1001~2000 완료 (35466개 누적)","logger":"task.stdout"}
{"timestamp":"2025-11-10T01:37:41.638562Z","level":"info","event":"2022-02-02 17시: 2001~2609 완료 (36075개 누적)","logger":"task.stdout"}
{"timestamp":"2025-11-10T01:37:42.651368Z","level":"info","event":"2022-02-02 18시: 1~1000 완료 (37075개 누적)","logger":"task.stdout"}
{"timestamp":"2025-11-10T01:37:43.321728Z","level":"info","event":"2022-02-02 18시: 1001~2000 완료 (38075개 누적)","logger":"task.stdout"}
{"timestamp":"2025-11-10T01:37:43.747475Z","level":"info","event":"2022-02-02 18시: 2001~2021 완료 (38096개 누적)","logger":"task.stdout"}
{"timestamp":"2025-11-10T01:37:44.664310Z","level":"info","event":"2022-02-02 19시: 1~1000 완료 (39096개 누적)","logger":"task.stdout"}
{"timestamp":"2025-11-10T01:37:45.182816Z","level":"info","event":"2022-02-02 19시: 1001~1636 완료 (39732개 누적)","logger":"task.stdout"}
{"timestamp":"2025-11-10T01:37:46.129680Z","level":"info","event":"2022-02-02 20시: 1~1000 완료 (40732개 누적)","logger":"task.stdout"}
{"timestamp":"2025-11-10T01:37:46.620821Z","level":"info","event":"2022-02-02 20시: 1001~1541 완료 (41273개 누적)","logger":"task.stdout"}
{"timestamp":"2025-11-10T01:37:47.507286Z","level":"info","event":"2022-02-02 21시: 1~1000 완료 (42273개 누적)","logger":"task.stdout"}
{"timestamp":"2025-11-10T01:37:48.004213Z","level":"info","event":"2022-02-02 21시: 1001~1583 완료 (42856개 누적)","logger":"task.stdout"}
{"timestamp":"2025-11-10T01:37:49.046492Z","level":"info","event":"2022-02-02 22시: 1~1000 완료 (43856개 누적)","logger":"task.stdout"}
{"timestamp":"2025-11-10T01:37:49.524624Z","level":"info","event":"2022-02-02 22시: 1001~1127 완료 (43983개 누적)","logger":"task.stdout"}
{"timestamp":"2025-11-10T01:37:50.507916Z","level":"info","event":"2022-02-02 23시: 1~640 완료 (44623개 누적)","logger":"task.stdout"}
{"timestamp":"2025-11-10T01:37:51.015860Z","level":"info","event":"","logger":"task.stdout"}
{"timestamp":"2025-11-10T01:37:51.018976Z","level":"info","event":"2022년 2월 총 44623개 수집 완료","logger":"task.stdout"}
{"timestamp":"2025-11-10T01:37:51.096489Z","level":"error","event":"Task failed with exception","logger":"task","filename":"task_runner.py","lineno":999,"error_detail":[{"exc_type":"KeyError","exc_value":"\"['대여 대여소명', '반납대여소명', '자전거번호', '대여거치대', '반납거치대', '이용시간(분)', '반납대여소번호', '대여 대여소번호'] not found in axis\"","exc_notes":[],"syntax_error":null,"is_cause":false,"frames":[{"filename":"/home/airflow/.local/lib/python3.12/site-packages/airflow/sdk/execution_time/task_runner.py","lineno":925,"name":"run"},{"filename":"/home/airflow/.local/lib/python3.12/site-packages/airflow/sdk/execution_time/task_runner.py","lineno":1312,"name":"_execute_task"},{"filename":"/home/airflow/.local/lib/python3.12/site-packages/airflow/sdk/bases/operator.py","lineno":416,"name":"wrapper"},{"filename":"/home/airflow/.local/lib/python3.12/site-packages/airflow/providers/standard/operators/python.py","lineno":213,"name":"execute"},{"filename":"/home/airflow/.local/lib/python3.12/site-packages/airflow/providers/standard/operators/python.py","lineno":236,"name":"execute_callable"},{"filename":"/home/airflow/.local/lib/python3.12/site-packages/airflow/sdk/execution_time/callback_runner.py","lineno":82,"name":"run"},{"filename":"/opt/airflow/dags/seoul_bike_rent_2022.py","lineno":40,"name":"collect_month"},{"filename":"/opt/airflow/plugins/rent_history_utils.py","lineno":102,"name":"preprocess_rent_data"},{"filename":"/home/airflow/.local/lib/python3.12/site-packages/pandas/core/frame.py","lineno":5344,"name":"drop"},{"filename":"/home/airflow/.local/lib/python3.12/site-packages/pandas/core/generic.py","lineno":4711,"name":"drop"},{"filename":"/home/airflow/.local/lib/python3.12/site-packages/pandas/core/generic.py","lineno":4753,"name":"_drop_axis"},{"filename":"/home/airflow/.local/lib/python3.12/site-packages/pandas/core/indexes/base.py","lineno":7000,"name":"drop"}],"is_group":false,"exceptions":[]}]}
