{"timestamp":"2025-11-10T01:32:39.594233Z","level":"info","event":"DAG bundles loaded: dags-folder","logger":"airflow.dag_processing.bundles.manager.DagBundlesManager","filename":"manager.py","lineno":179}
{"timestamp":"2025-11-10T01:32:39.596235Z","level":"info","event":"Filling up the DagBag from /opt/airflow/dags/seoul_bike_rent_2022.py","logger":"airflow.models.dagbag.DagBag","filename":"dagbag.py","lineno":593}
{"timestamp":"2025-11-10T01:32:39.619760Z","level":"warning","event":"The `airflow.operators.python.PythonOperator` attribute is deprecated. Please use `'airflow.providers.standard.operators.python.PythonOperator'`.","category":"DeprecatedImportWarning","filename":"/opt/airflow/dags/seoul_bike_rent_2022.py","lineno":2,"logger":"py.warnings"}
{"timestamp":"2025-11-10T01:32:39.652398Z","level":"info","event":"Found credentials in environment variables.","logger":"botocore.credentials","filename":"credentials.py","lineno":1224}
{"timestamp":"2025-11-10T01:32:40.466096Z","level":"info","event":"유효한 정거장 3202개 로드","logger":"task.stdout"}
{"timestamp":"2025-11-10T01:32:41.644392Z","level":"info","event":"2022-03-01 00시: 1~1000 완료 (1000개 누적)","logger":"task.stdout"}
{"timestamp":"2025-11-10T01:32:42.203699Z","level":"info","event":"2022-03-01 00시: 1001~1361 완료 (1361개 누적)","logger":"task.stdout"}
{"timestamp":"2025-11-10T01:32:43.290296Z","level":"info","event":"2022-03-01 01시: 1~915 완료 (2276개 누적)","logger":"task.stdout"}
{"timestamp":"2025-11-10T01:32:44.290417Z","level":"info","event":"2022-03-01 02시: 1~340 완료 (2616개 누적)","logger":"task.stdout"}
{"timestamp":"2025-11-10T01:32:45.280965Z","level":"info","event":"2022-03-01 03시: 1~151 완료 (2767개 누적)","logger":"task.stdout"}
{"timestamp":"2025-11-10T01:32:46.334964Z","level":"info","event":"2022-03-01 04시: 1~79 완료 (2846개 누적)","logger":"task.stdout"}
{"timestamp":"2025-11-10T01:32:47.242635Z","level":"info","event":"2022-03-01 05시: 1~71 완료 (2917개 누적)","logger":"task.stdout"}
{"timestamp":"2025-11-10T01:32:48.297159Z","level":"info","event":"2022-03-01 06시: 1~112 완료 (3029개 누적)","logger":"task.stdout"}
{"timestamp":"2025-11-10T01:32:49.225397Z","level":"info","event":"2022-03-01 07시: 1~253 완료 (3282개 누적)","logger":"task.stdout"}
{"timestamp":"2025-11-10T01:32:50.225180Z","level":"info","event":"2022-03-01 08시: 1~711 완료 (3993개 누적)","logger":"task.stdout"}
{"timestamp":"2025-11-10T01:32:51.289645Z","level":"info","event":"2022-03-01 09시: 1~1000 완료 (4993개 누적)","logger":"task.stdout"}
{"timestamp":"2025-11-10T01:32:51.862450Z","level":"info","event":"2022-03-01 09시: 1001~1312 완료 (5305개 누적)","logger":"task.stdout"}
{"timestamp":"2025-11-10T01:32:55.061854Z","level":"info","event":"2022-03-01 10시: 1~1000 완료 (6305개 누적)","logger":"task.stdout"}
{"timestamp":"2025-11-10T01:32:59.970551Z","level":"info","event":"2022-03-01 10시: 1001~1745 완료 (7050개 누적)","logger":"task.stdout"}
{"timestamp":"2025-11-10T01:33:01.155347Z","level":"info","event":"2022-03-01 11시: 1~1000 완료 (8050개 누적)","logger":"task.stdout"}
{"timestamp":"2025-11-10T01:33:02.096154Z","level":"info","event":"2022-03-01 11시: 1001~2000 완료 (9050개 누적)","logger":"task.stdout"}
{"timestamp":"2025-11-10T01:33:02.648083Z","level":"info","event":"2022-03-01 11시: 2001~2088 완료 (9138개 누적)","logger":"task.stdout"}
{"timestamp":"2025-11-10T01:33:03.988769Z","level":"info","event":"2022-03-01 12시: 1~1000 완료 (10138개 누적)","logger":"task.stdout"}
{"timestamp":"2025-11-10T01:33:04.689417Z","level":"info","event":"2022-03-01 12시: 1001~2000 완료 (11138개 누적)","logger":"task.stdout"}
{"timestamp":"2025-11-10T01:33:05.422537Z","level":"info","event":"2022-03-01 12시: 2001~2712 완료 (11850개 누적)","logger":"task.stdout"}
{"timestamp":"2025-11-10T01:33:06.710720Z","level":"info","event":"2022-03-01 13시: 1~1000 완료 (12850개 누적)","logger":"task.stdout"}
{"timestamp":"2025-11-10T01:33:07.487297Z","level":"info","event":"2022-03-01 13시: 1001~2000 완료 (13850개 누적)","logger":"task.stdout"}
{"timestamp":"2025-11-10T01:33:08.320466Z","level":"info","event":"2022-03-01 13시: 2001~3000 완료 (14850개 누적)","logger":"task.stdout"}
{"timestamp":"2025-11-10T01:33:08.962310Z","level":"info","event":"2022-03-01 13시: 3001~3422 완료 (15272개 누적)","logger":"task.stdout"}
{"timestamp":"2025-11-10T01:33:10.460634Z","level":"info","event":"2022-03-01 14시: 1~1000 완료 (16272개 누적)","logger":"task.stdout"}
{"timestamp":"2025-11-10T01:33:11.237213Z","level":"info","event":"2022-03-01 14시: 1001~2000 완료 (17272개 누적)","logger":"task.stdout"}
{"timestamp":"2025-11-10T01:33:11.995497Z","level":"info","event":"2022-03-01 14시: 2001~3000 완료 (18272개 누적)","logger":"task.stdout"}
{"timestamp":"2025-11-10T01:33:12.759120Z","level":"info","event":"2022-03-01 14시: 3001~4000 완료 (19272개 누적)","logger":"task.stdout"}
{"timestamp":"2025-11-10T01:33:13.522359Z","level":"info","event":"2022-03-01 14시: 4001~4321 완료 (19593개 누적)","logger":"task.stdout"}
{"timestamp":"2025-11-10T01:33:14.835808Z","level":"info","event":"2022-03-01 15시: 1~1000 완료 (20593개 누적)","logger":"task.stdout"}
{"timestamp":"2025-11-10T01:33:15.778731Z","level":"info","event":"2022-03-01 15시: 1001~2000 완료 (21593개 누적)","logger":"task.stdout"}
{"timestamp":"2025-11-10T01:33:16.567082Z","level":"info","event":"2022-03-01 15시: 2001~3000 완료 (22593개 누적)","logger":"task.stdout"}
{"timestamp":"2025-11-10T01:33:17.391385Z","level":"info","event":"2022-03-01 15시: 3001~4000 완료 (23593개 누적)","logger":"task.stdout"}
{"timestamp":"2025-11-10T01:33:18.288883Z","level":"info","event":"2022-03-01 15시: 4001~5000 완료 (24593개 누적)","logger":"task.stdout"}
{"timestamp":"2025-11-10T01:33:19.043991Z","level":"info","event":"2022-03-01 15시: 5001~5115 완료 (24708개 누적)","logger":"task.stdout"}
{"timestamp":"2025-11-10T01:33:20.457958Z","level":"info","event":"2022-03-01 16시: 1~1000 완료 (25708개 누적)","logger":"task.stdout"}
{"timestamp":"2025-11-10T01:33:21.254858Z","level":"info","event":"2022-03-01 16시: 1001~2000 완료 (26708개 누적)","logger":"task.stdout"}
{"timestamp":"2025-11-10T01:33:22.469600Z","level":"info","event":"2022-03-01 16시: 2001~3000 완료 (27708개 누적)","logger":"task.stdout"}
{"timestamp":"2025-11-10T01:33:23.316546Z","level":"info","event":"2022-03-01 16시: 3001~4000 완료 (28708개 누적)","logger":"task.stdout"}
{"timestamp":"2025-11-10T01:33:24.167981Z","level":"info","event":"2022-03-01 16시: 4001~5000 완료 (29708개 누적)","logger":"task.stdout"}
{"timestamp":"2025-11-10T01:33:24.920792Z","level":"info","event":"2022-03-01 16시: 5001~5716 완료 (30424개 누적)","logger":"task.stdout"}
{"timestamp":"2025-11-10T01:33:26.413862Z","level":"info","event":"2022-03-01 17시: 1~1000 완료 (31424개 누적)","logger":"task.stdout"}
{"timestamp":"2025-11-10T01:33:27.351232Z","level":"info","event":"2022-03-01 17시: 1001~2000 완료 (32424개 누적)","logger":"task.stdout"}
{"timestamp":"2025-11-10T01:33:28.182943Z","level":"info","event":"2022-03-01 17시: 2001~3000 완료 (33424개 누적)","logger":"task.stdout"}
{"timestamp":"2025-11-10T01:33:29.043285Z","level":"info","event":"2022-03-01 17시: 3001~4000 완료 (34424개 누적)","logger":"task.stdout"}
{"timestamp":"2025-11-10T01:33:29.923055Z","level":"info","event":"2022-03-01 17시: 4001~5000 완료 (35424개 누적)","logger":"task.stdout"}
{"timestamp":"2025-11-10T01:33:30.748929Z","level":"info","event":"2022-03-01 17시: 5001~5365 완료 (35789개 누적)","logger":"task.stdout"}
{"timestamp":"2025-11-10T01:33:36.826964Z","level":"info","event":"2022-03-01 18시: 1~1000 완료 (36789개 누적)","logger":"task.stdout"}
{"timestamp":"2025-11-10T01:33:37.401784Z","level":"info","event":"2022-03-01 18시: 1001~2000 완료 (37789개 누적)","logger":"task.stdout"}
{"timestamp":"2025-11-10T01:33:38.241669Z","level":"info","event":"2022-03-01 18시: 2001~3000 완료 (38789개 누적)","logger":"task.stdout"}
{"timestamp":"2025-11-10T01:33:39.061095Z","level":"info","event":"2022-03-01 18시: 3001~4000 완료 (39789개 누적)","logger":"task.stdout"}
{"timestamp":"2025-11-10T01:33:39.842348Z","level":"info","event":"2022-03-01 18시: 4001~4607 완료 (40396개 누적)","logger":"task.stdout"}
{"timestamp":"2025-11-10T01:33:41.323302Z","level":"info","event":"2022-03-01 19시: 1~1000 완료 (41396개 누적)","logger":"task.stdout"}
{"timestamp":"2025-11-10T01:34:02.596500Z","level":"info","event":"2022-03-01 19시: 요청 실패 - HTTPConnectionPool(host='openapi.seoul.go.kr', port=8088): Max retries exceeded with url: /574d4268426539373930666f4b654e/json/tbCycleRentData/1001/2000/2022-03-01/19 (Caused by NameResolutionError(\"<urllib3.connection.HTTPConnection object at 0xffff8af07530>: Failed to resolve 'openapi.seoul.go.kr' ([Errno -3] Temporary failure in name resolution)\"))","logger":"task.stdout"}
{"timestamp":"2025-11-10T01:34:04.742796Z","level":"info","event":"2022-03-01 20시: 1~1000 완료 (42396개 누적)","logger":"task.stdout"}
{"timestamp":"2025-11-10T01:34:05.550610Z","level":"info","event":"2022-03-01 20시: 1001~2000 완료 (43396개 누적)","logger":"task.stdout"}
{"timestamp":"2025-11-10T01:34:06.225431Z","level":"info","event":"2022-03-01 20시: 2001~2807 완료 (44203개 누적)","logger":"task.stdout"}
{"timestamp":"2025-11-10T01:34:07.490815Z","level":"info","event":"2022-03-01 21시: 1~1000 완료 (45203개 누적)","logger":"task.stdout"}
{"timestamp":"2025-11-10T01:34:08.181697Z","level":"info","event":"2022-03-01 21시: 1001~2000 완료 (46203개 누적)","logger":"task.stdout"}
{"timestamp":"2025-11-10T01:34:08.842908Z","level":"info","event":"2022-03-01 21시: 2001~2406 완료 (46609개 누적)","logger":"task.stdout"}
{"timestamp":"2025-11-10T01:34:09.896968Z","level":"info","event":"2022-03-01 22시: 1~1000 완료 (47609개 누적)","logger":"task.stdout"}
{"timestamp":"2025-11-10T01:34:10.565518Z","level":"info","event":"2022-03-01 22시: 1001~1972 완료 (48581개 누적)","logger":"task.stdout"}
{"timestamp":"2025-11-10T01:34:11.813889Z","level":"info","event":"2022-03-01 23시: 1~1000 완료 (49581개 누적)","logger":"task.stdout"}
{"timestamp":"2025-11-10T01:34:12.343289Z","level":"info","event":"2022-03-01 23시: 1001~1081 완료 (49662개 누적)","logger":"task.stdout"}
{"timestamp":"2025-11-10T01:34:13.471399Z","level":"info","event":"2022-03-02 00시: 1~677 완료 (50339개 누적)","logger":"task.stdout"}
{"timestamp":"2025-11-10T01:34:14.769762Z","level":"info","event":"2022-03-02 01시: 1~495 완료 (50834개 누적)","logger":"task.stdout"}
{"timestamp":"2025-11-10T01:34:15.915402Z","level":"info","event":"2022-03-02 02시: 1~300 완료 (51134개 누적)","logger":"task.stdout"}
{"timestamp":"2025-11-10T01:34:17.112137Z","level":"info","event":"2022-03-02 03시: 1~187 완료 (51321개 누적)","logger":"task.stdout"}
{"timestamp":"2025-11-10T01:34:18.276370Z","level":"info","event":"2022-03-02 04시: 1~263 완료 (51584개 누적)","logger":"task.stdout"}
{"timestamp":"2025-11-10T01:34:19.608885Z","level":"info","event":"2022-03-02 05시: 1~593 완료 (52177개 누적)","logger":"task.stdout"}
{"timestamp":"2025-11-10T01:34:21.110214Z","level":"info","event":"2022-03-02 06시: 1~1000 완료 (53177개 누적)","logger":"task.stdout"}
{"timestamp":"2025-11-10T01:34:21.824836Z","level":"info","event":"2022-03-02 06시: 1001~1309 완료 (53486개 누적)","logger":"task.stdout"}
{"timestamp":"2025-11-10T01:34:23.252047Z","level":"info","event":"2022-03-02 07시: 1~1000 완료 (54486개 누적)","logger":"task.stdout"}
{"timestamp":"2025-11-10T01:34:24.167104Z","level":"info","event":"2022-03-02 07시: 1001~2000 완료 (55486개 누적)","logger":"task.stdout"}
{"timestamp":"2025-11-10T01:34:25.441015Z","level":"info","event":"2022-03-02 07시: 2001~3000 완료 (56486개 누적)","logger":"task.stdout"}
{"timestamp":"2025-11-10T01:34:26.230178Z","level":"info","event":"2022-03-02 07시: 3001~3597 완료 (57083개 누적)","logger":"task.stdout"}
{"timestamp":"2025-11-10T01:34:27.822915Z","level":"info","event":"2022-03-02 08시: 1~1000 완료 (58083개 누적)","logger":"task.stdout"}
{"timestamp":"2025-11-10T01:34:28.745697Z","level":"info","event":"2022-03-02 08시: 1001~2000 완료 (59083개 누적)","logger":"task.stdout"}
{"timestamp":"2025-11-10T01:34:29.631957Z","level":"info","event":"2022-03-02 08시: 2001~3000 완료 (60083개 누적)","logger":"task.stdout"}
{"timestamp":"2025-11-10T01:34:30.525659Z","level":"info","event":"2022-03-02 08시: 3001~4000 완료 (61083개 누적)","logger":"task.stdout"}
{"timestamp":"2025-11-10T01:34:31.731054Z","level":"info","event":"2022-03-02 08시: 4001~5000 완료 (62083개 누적)","logger":"task.stdout"}
{"timestamp":"2025-11-10T01:34:32.746901Z","level":"info","event":"2022-03-02 08시: 5001~6000 완료 (63083개 누적)","logger":"task.stdout"}
{"timestamp":"2025-11-10T01:34:33.585798Z","level":"info","event":"2022-03-02 08시: 6001~6333 완료 (63416개 누적)","logger":"task.stdout"}
{"timestamp":"2025-11-10T01:34:35.724338Z","level":"info","event":"2022-03-02 09시: 1~1000 완료 (64416개 누적)","logger":"task.stdout"}
{"timestamp":"2025-11-10T01:34:36.518828Z","level":"info","event":"2022-03-02 09시: 1001~2000 완료 (65416개 누적)","logger":"task.stdout"}
{"timestamp":"2025-11-10T01:34:37.377745Z","level":"info","event":"2022-03-02 09시: 2001~3000 완료 (66416개 누적)","logger":"task.stdout"}
{"timestamp":"2025-11-10T01:34:38.123604Z","level":"info","event":"2022-03-02 09시: 3001~3412 완료 (66828개 누적)","logger":"task.stdout"}
{"timestamp":"2025-11-10T01:34:39.599808Z","level":"info","event":"2022-03-02 10시: 1~1000 완료 (67828개 누적)","logger":"task.stdout"}
{"timestamp":"2025-11-10T01:34:40.416312Z","level":"info","event":"2022-03-02 10시: 1001~2000 완료 (68828개 누적)","logger":"task.stdout"}
{"timestamp":"2025-11-10T01:34:41.166763Z","level":"info","event":"2022-03-02 10시: 2001~2703 완료 (69531개 누적)","logger":"task.stdout"}
{"timestamp":"2025-11-10T01:34:42.671662Z","level":"info","event":"2022-03-02 11시: 1~1000 완료 (70531개 누적)","logger":"task.stdout"}
{"timestamp":"2025-11-10T01:34:43.507886Z","level":"info","event":"2022-03-02 11시: 1001~2000 완료 (71531개 누적)","logger":"task.stdout"}
{"timestamp":"2025-11-10T01:34:44.445529Z","level":"info","event":"2022-03-02 11시: 2001~3000 완료 (72531개 누적)","logger":"task.stdout"}
{"timestamp":"2025-11-10T01:34:45.154967Z","level":"info","event":"2022-03-02 11시: 3001~3133 완료 (72664개 누적)","logger":"task.stdout"}
{"timestamp":"2025-11-10T01:34:46.569583Z","level":"info","event":"2022-03-02 12시: 1~1000 완료 (73664개 누적)","logger":"task.stdout"}
{"timestamp":"2025-11-10T01:34:47.456696Z","level":"info","event":"2022-03-02 12시: 1001~2000 완료 (74664개 누적)","logger":"task.stdout"}
{"timestamp":"2025-11-10T01:34:48.366082Z","level":"info","event":"2022-03-02 12시: 2001~3000 완료 (75664개 누적)","logger":"task.stdout"}
{"timestamp":"2025-11-10T01:34:49.191134Z","level":"info","event":"2022-03-02 12시: 3001~3671 완료 (76335개 누적)","logger":"task.stdout"}
{"timestamp":"2025-11-10T01:34:50.581539Z","level":"info","event":"2022-03-02 13시: 1~1000 완료 (77335개 누적)","logger":"task.stdout"}
{"timestamp":"2025-11-10T01:34:51.434132Z","level":"info","event":"2022-03-02 13시: 1001~2000 완료 (78335개 누적)","logger":"task.stdout"}
{"timestamp":"2025-11-10T01:34:52.294200Z","level":"info","event":"2022-03-02 13시: 2001~3000 완료 (79335개 누적)","logger":"task.stdout"}
{"timestamp":"2025-11-10T01:34:53.031621Z","level":"info","event":"2022-03-02 13시: 3001~3574 완료 (79909개 누적)","logger":"task.stdout"}
{"timestamp":"2025-11-10T01:34:54.519940Z","level":"info","event":"2022-03-02 14시: 1~1000 완료 (80909개 누적)","logger":"task.stdout"}
{"timestamp":"2025-11-10T01:34:55.311445Z","level":"info","event":"2022-03-02 14시: 1001~2000 완료 (81909개 누적)","logger":"task.stdout"}
{"timestamp":"2025-11-10T01:34:56.272496Z","level":"info","event":"2022-03-02 14시: 2001~3000 완료 (82909개 누적)","logger":"task.stdout"}
{"timestamp":"2025-11-10T01:34:57.030219Z","level":"info","event":"2022-03-02 14시: 3001~3570 완료 (83479개 누적)","logger":"task.stdout"}
{"timestamp":"2025-11-10T01:34:58.551596Z","level":"info","event":"2022-03-02 15시: 1~1000 완료 (84479개 누적)","logger":"task.stdout"}
{"timestamp":"2025-11-10T01:34:59.473864Z","level":"info","event":"2022-03-02 15시: 1001~2000 완료 (85479개 누적)","logger":"task.stdout"}
{"timestamp":"2025-11-10T01:35:00.317087Z","level":"info","event":"2022-03-02 15시: 2001~3000 완료 (86479개 누적)","logger":"task.stdout"}
{"timestamp":"2025-11-10T01:35:01.246944Z","level":"info","event":"2022-03-02 15시: 3001~3988 완료 (87467개 누적)","logger":"task.stdout"}
{"timestamp":"2025-11-10T01:35:02.757565Z","level":"info","event":"2022-03-02 16시: 1~1000 완료 (88467개 누적)","logger":"task.stdout"}
{"timestamp":"2025-11-10T01:35:03.586020Z","level":"info","event":"2022-03-02 16시: 1001~2000 완료 (89467개 누적)","logger":"task.stdout"}
{"timestamp":"2025-11-10T01:35:04.465692Z","level":"info","event":"2022-03-02 16시: 2001~3000 완료 (90467개 누적)","logger":"task.stdout"}
{"timestamp":"2025-11-10T01:35:05.535673Z","level":"info","event":"2022-03-02 16시: 3001~4000 완료 (91467개 누적)","logger":"task.stdout"}
{"timestamp":"2025-11-10T01:35:06.341238Z","level":"info","event":"2022-03-02 16시: 4001~4464 완료 (91931개 누적)","logger":"task.stdout"}
{"timestamp":"2025-11-10T01:35:08.139702Z","level":"info","event":"2022-03-02 17시: 1~1000 완료 (92931개 누적)","logger":"task.stdout"}
{"timestamp":"2025-11-10T01:35:09.104401Z","level":"info","event":"2022-03-02 17시: 1001~2000 완료 (93931개 누적)","logger":"task.stdout"}
{"timestamp":"2025-11-10T01:35:10.107631Z","level":"info","event":"2022-03-02 17시: 2001~3000 완료 (94931개 누적)","logger":"task.stdout"}
{"timestamp":"2025-11-10T01:35:11.133557Z","level":"info","event":"2022-03-02 17시: 3001~4000 완료 (95931개 누적)","logger":"task.stdout"}
{"timestamp":"2025-11-10T01:35:12.151549Z","level":"info","event":"2022-03-02 17시: 4001~5000 완료 (96931개 누적)","logger":"task.stdout"}
{"timestamp":"2025-11-10T01:35:57.229711Z","level":"info","event":"2022-03-02 17시: 요청 실패 - HTTPConnectionPool(host='openapi.seoul.go.kr', port=8088): Max retries exceeded with url: /574d4268426539373930666f4b654e/json/tbCycleRentData/5001/6000/2022-03-02/17 (Caused by NameResolutionError(\"<urllib3.connection.HTTPConnection object at 0xffff865651c0>: Failed to resolve 'openapi.seoul.go.kr' ([Errno -3] Temporary failure in name resolution)\"))","logger":"task.stdout"}
{"timestamp":"2025-11-10T01:35:57.230602Z","level":"info","event":"2022-03-02 18시: 요청 실패 - HTTPConnectionPool(host='openapi.seoul.go.kr', port=8088): Max retries exceeded with url: /574d4268426539373930666f4b654e/json/tbCycleRentData/1/5/2022-03-02/18 (Caused by NameResolutionError(\"<urllib3.connection.HTTPConnection object at 0xffff86565a00>: Failed to resolve 'openapi.seoul.go.kr' ([Errno -3] Temporary failure in name resolution)\"))","logger":"task.stdout"}
{"timestamp":"2025-11-10T01:35:57.230735Z","level":"info","event":"2022-03-02 19시: 요청 실패 - HTTPConnectionPool(host='openapi.seoul.go.kr', port=8088): Max retries exceeded with url: /574d4268426539373930666f4b654e/json/tbCycleRentData/1/5/2022-03-02/19 (Caused by NameResolutionError(\"<urllib3.connection.HTTPConnection object at 0xffff86566240>: Failed to resolve 'openapi.seoul.go.kr' ([Errno -3] Temporary failure in name resolution)\"))","logger":"task.stdout"}
{"timestamp":"2025-11-10T01:35:59.381210Z","level":"info","event":"2022-03-02 20시: 1~1000 완료 (97931개 누적)","logger":"task.stdout"}
{"timestamp":"2025-11-10T01:36:00.187106Z","level":"info","event":"2022-03-02 20시: 1001~2000 완료 (98931개 누적)","logger":"task.stdout"}
{"timestamp":"2025-11-10T01:36:01.047323Z","level":"info","event":"2022-03-02 20시: 2001~3000 완료 (99931개 누적)","logger":"task.stdout"}
{"timestamp":"2025-11-10T01:36:01.826940Z","level":"info","event":"2022-03-02 20시: 3001~3727 완료 (100658개 누적)","logger":"task.stdout"}
{"timestamp":"2025-11-10T01:36:03.222913Z","level":"info","event":"2022-03-02 21시: 1~1000 완료 (101658개 누적)","logger":"task.stdout"}
{"timestamp":"2025-11-10T01:36:04.071508Z","level":"info","event":"2022-03-02 21시: 1001~2000 완료 (102658개 누적)","logger":"task.stdout"}
{"timestamp":"2025-11-10T01:36:04.958000Z","level":"info","event":"2022-03-02 21시: 2001~3000 완료 (103658개 누적)","logger":"task.stdout"}
{"timestamp":"2025-11-10T01:36:05.778537Z","level":"info","event":"2022-03-02 21시: 3001~3458 완료 (104116개 누적)","logger":"task.stdout"}
{"timestamp":"2025-11-10T01:36:07.126720Z","level":"info","event":"2022-03-02 22시: 1~1000 완료 (105116개 누적)","logger":"task.stdout"}
{"timestamp":"2025-11-10T01:36:08.163673Z","level":"info","event":"2022-03-02 22시: 1001~2000 완료 (106116개 누적)","logger":"task.stdout"}
{"timestamp":"2025-11-10T01:36:09.059204Z","level":"info","event":"2022-03-02 22시: 2001~2907 완료 (107023개 누적)","logger":"task.stdout"}
{"timestamp":"2025-11-10T01:36:10.480595Z","level":"info","event":"2022-03-02 23시: 1~1000 완료 (108023개 누적)","logger":"task.stdout"}
{"timestamp":"2025-11-10T01:36:11.196017Z","level":"info","event":"2022-03-02 23시: 1001~1367 완료 (108390개 누적)","logger":"task.stdout"}
{"timestamp":"2025-11-10T01:36:11.942290Z","level":"info","event":"","logger":"task.stdout"}
{"timestamp":"2025-11-10T01:36:11.943677Z","level":"info","event":"2022년 3월 총 108390개 수집 완료","logger":"task.stdout"}
{"timestamp":"2025-11-10T01:36:11.971457Z","level":"error","event":"Task failed with exception","logger":"task","filename":"task_runner.py","lineno":999,"error_detail":[{"exc_type":"KeyError","exc_value":"\"['대여 대여소명', '반납대여소명', '자전거번호', '대여거치대', '반납거치대', '이용시간(분)', '반납대여소번호', '대여 대여소번호'] not found in axis\"","exc_notes":[],"syntax_error":null,"is_cause":false,"frames":[{"filename":"/home/airflow/.local/lib/python3.12/site-packages/airflow/sdk/execution_time/task_runner.py","lineno":925,"name":"run"},{"filename":"/home/airflow/.local/lib/python3.12/site-packages/airflow/sdk/execution_time/task_runner.py","lineno":1312,"name":"_execute_task"},{"filename":"/home/airflow/.local/lib/python3.12/site-packages/airflow/sdk/bases/operator.py","lineno":416,"name":"wrapper"},{"filename":"/home/airflow/.local/lib/python3.12/site-packages/airflow/providers/standard/operators/python.py","lineno":213,"name":"execute"},{"filename":"/home/airflow/.local/lib/python3.12/site-packages/airflow/providers/standard/operators/python.py","lineno":236,"name":"execute_callable"},{"filename":"/home/airflow/.local/lib/python3.12/site-packages/airflow/sdk/execution_time/callback_runner.py","lineno":82,"name":"run"},{"filename":"/opt/airflow/dags/seoul_bike_rent_2022.py","lineno":40,"name":"collect_month"},{"filename":"/opt/airflow/plugins/rent_history_utils.py","lineno":102,"name":"preprocess_rent_data"},{"filename":"/home/airflow/.local/lib/python3.12/site-packages/pandas/core/frame.py","lineno":5344,"name":"drop"},{"filename":"/home/airflow/.local/lib/python3.12/site-packages/pandas/core/generic.py","lineno":4711,"name":"drop"},{"filename":"/home/airflow/.local/lib/python3.12/site-packages/pandas/core/generic.py","lineno":4753,"name":"_drop_axis"},{"filename":"/home/airflow/.local/lib/python3.12/site-packages/pandas/core/indexes/base.py","lineno":7000,"name":"drop"}],"is_group":false,"exceptions":[]}]}
