{"timestamp":"2025-11-10T01:25:56.936150Z","level":"info","event":"DAG bundles loaded: dags-folder","logger":"airflow.dag_processing.bundles.manager.DagBundlesManager","filename":"manager.py","lineno":179}
{"timestamp":"2025-11-10T01:25:56.936678Z","level":"info","event":"Filling up the DagBag from /opt/airflow/dags/seoul_bike_rent_2022.py","logger":"airflow.models.dagbag.DagBag","filename":"dagbag.py","lineno":593}
{"timestamp":"2025-11-10T01:25:56.977432Z","level":"warning","event":"The `airflow.operators.python.PythonOperator` attribute is deprecated. Please use `'airflow.providers.standard.operators.python.PythonOperator'`.","category":"DeprecatedImportWarning","filename":"/opt/airflow/dags/seoul_bike_rent_2022.py","lineno":2,"logger":"py.warnings"}
{"timestamp":"2025-11-10T01:25:57.114255Z","level":"info","event":"Found credentials in environment variables.","logger":"botocore.credentials","filename":"credentials.py","lineno":1224}
{"timestamp":"2025-11-10T01:25:57.541110Z","level":"info","event":"유효한 정거장 3202개 로드","logger":"task.stdout"}
{"timestamp":"2025-11-10T01:26:00.396473Z","level":"info","event":"2022-06-01 00시: 1~1000 완료 (1000개 누적)","logger":"task.stdout"}
{"timestamp":"2025-11-10T01:26:01.825698Z","level":"info","event":"2022-06-01 00시: 1001~2000 완료 (2000개 누적)","logger":"task.stdout"}
{"timestamp":"2025-11-10T01:26:03.210354Z","level":"info","event":"2022-06-01 00시: 2001~3000 완료 (3000개 누적)","logger":"task.stdout"}
{"timestamp":"2025-11-10T01:26:04.551279Z","level":"info","event":"2022-06-01 00시: 3001~4000 완료 (4000개 누적)","logger":"task.stdout"}
{"timestamp":"2025-11-10T01:26:05.967746Z","level":"info","event":"2022-06-01 00시: 4001~5000 완료 (5000개 누적)","logger":"task.stdout"}
{"timestamp":"2025-11-10T01:26:07.243617Z","level":"info","event":"2022-06-01 00시: 5001~6000 완료 (6000개 누적)","logger":"task.stdout"}
{"timestamp":"2025-11-10T01:26:08.525846Z","level":"info","event":"2022-06-01 00시: 6001~6404 완료 (6404개 누적)","logger":"task.stdout"}
{"timestamp":"2025-11-10T01:26:11.052380Z","level":"info","event":"2022-06-01 01시: 2001~3000 완료 (7404개 누적)","logger":"task.stdout"}
{"timestamp":"2025-11-10T01:26:12.387242Z","level":"info","event":"2022-06-01 01시: 3001~4000 완료 (8404개 누적)","logger":"task.stdout"}
{"timestamp":"2025-11-10T01:26:13.754299Z","level":"info","event":"2022-06-01 01시: 4001~4929 완료 (9333개 누적)","logger":"task.stdout"}
{"timestamp":"2025-11-10T01:26:16.150596Z","level":"info","event":"2022-06-01 02시: 1~1000 완료 (10333개 누적)","logger":"task.stdout"}
{"timestamp":"2025-11-10T01:26:17.576015Z","level":"info","event":"2022-06-01 02시: 1001~2000 완료 (11333개 누적)","logger":"task.stdout"}
{"timestamp":"2025-11-10T01:26:18.870539Z","level":"info","event":"2022-06-01 02시: 2001~3000 완료 (12333개 누적)","logger":"task.stdout"}
{"timestamp":"2025-11-10T01:26:20.119368Z","level":"info","event":"2022-06-01 02시: 3001~3216 완료 (12549개 누적)","logger":"task.stdout"}
{"timestamp":"2025-11-10T01:26:22.474508Z","level":"info","event":"2022-06-01 03시: 1~1000 완료 (13549개 누적)","logger":"task.stdout"}
{"timestamp":"2025-11-10T01:26:23.705836Z","level":"info","event":"2022-06-01 03시: 1001~2000 완료 (14549개 누적)","logger":"task.stdout"}
{"timestamp":"2025-11-10T01:26:24.847320Z","level":"info","event":"2022-06-01 03시: 2001~2124 완료 (14673개 누적)","logger":"task.stdout"}
{"timestamp":"2025-11-10T01:26:27.004582Z","level":"info","event":"2022-06-01 04시: 1~1000 완료 (15673개 누적)","logger":"task.stdout"}
{"timestamp":"2025-11-10T01:26:28.262833Z","level":"info","event":"2022-06-01 04시: 1001~2000 완료 (16673개 누적)","logger":"task.stdout"}
{"timestamp":"2025-11-10T01:26:29.360879Z","level":"info","event":"2022-06-01 04시: 2001~2021 완료 (16694개 누적)","logger":"task.stdout"}
{"timestamp":"2025-11-10T01:26:31.581698Z","level":"info","event":"2022-06-01 05시: 1~1000 완료 (17694개 누적)","logger":"task.stdout"}
{"timestamp":"2025-11-10T01:26:32.915672Z","level":"info","event":"2022-06-01 05시: 1001~1568 완료 (18262개 누적)","logger":"task.stdout"}
{"timestamp":"2025-11-10T01:26:35.212687Z","level":"info","event":"2022-06-01 06시: 1~1000 완료 (19262개 누적)","logger":"task.stdout"}
{"timestamp":"2025-11-10T01:26:36.492467Z","level":"info","event":"2022-06-01 06시: 1001~1884 완료 (20146개 누적)","logger":"task.stdout"}
{"timestamp":"2025-11-10T01:26:38.882527Z","level":"info","event":"2022-06-01 07시: 1001~2000 완료 (21146개 누적)","logger":"task.stdout"}
{"timestamp":"2025-11-10T01:26:40.154623Z","level":"info","event":"2022-06-01 07시: 2001~2973 완료 (22119개 누적)","logger":"task.stdout"}
{"timestamp":"2025-11-10T01:26:42.516463Z","level":"info","event":"2022-06-01 08시: 1~1000 완료 (23119개 누적)","logger":"task.stdout"}
{"timestamp":"2025-11-10T01:26:43.872937Z","level":"info","event":"2022-06-01 08시: 1001~2000 완료 (24119개 누적)","logger":"task.stdout"}
{"timestamp":"2025-11-10T01:26:45.176721Z","level":"info","event":"2022-06-01 08시: 2001~3000 완료 (25119개 누적)","logger":"task.stdout"}
{"timestamp":"2025-11-10T01:26:46.467613Z","level":"info","event":"2022-06-01 08시: 3001~4000 완료 (26119개 누적)","logger":"task.stdout"}
{"timestamp":"2025-11-10T01:26:47.692176Z","level":"info","event":"2022-06-01 08시: 4001~4440 완료 (26559개 누적)","logger":"task.stdout"}
{"timestamp":"2025-11-10T01:26:50.225233Z","level":"info","event":"2022-06-01 09시: 1~1000 완료 (27559개 누적)","logger":"task.stdout"}
{"timestamp":"2025-11-10T01:26:51.661067Z","level":"info","event":"2022-06-01 09시: 1001~2000 완료 (28559개 누적)","logger":"task.stdout"}
{"timestamp":"2025-11-10T01:26:53.173521Z","level":"info","event":"2022-06-01 09시: 2001~3000 완료 (29559개 누적)","logger":"task.stdout"}
{"timestamp":"2025-11-10T01:26:54.538294Z","level":"info","event":"2022-06-01 09시: 3001~4000 완료 (30559개 누적)","logger":"task.stdout"}
{"timestamp":"2025-11-10T01:26:55.898866Z","level":"info","event":"2022-06-01 09시: 4001~5000 완료 (31559개 누적)","logger":"task.stdout"}
{"timestamp":"2025-11-10T01:26:57.149527Z","level":"info","event":"2022-06-01 09시: 5001~5525 완료 (32084개 누적)","logger":"task.stdout"}
{"timestamp":"2025-11-10T01:26:59.942519Z","level":"info","event":"2022-06-01 10시: 1~1000 완료 (33084개 누적)","logger":"task.stdout"}
{"timestamp":"2025-11-10T01:27:01.501932Z","level":"info","event":"2022-06-01 10시: 1001~2000 완료 (34084개 누적)","logger":"task.stdout"}
{"timestamp":"2025-11-10T01:27:02.956652Z","level":"info","event":"2022-06-01 10시: 2001~3000 완료 (35084개 누적)","logger":"task.stdout"}
{"timestamp":"2025-11-10T01:27:04.461263Z","level":"info","event":"2022-06-01 10시: 3001~4000 완료 (36084개 누적)","logger":"task.stdout"}
{"timestamp":"2025-11-10T01:27:05.803688Z","level":"info","event":"2022-06-01 10시: 4001~5000 완료 (37084개 누적)","logger":"task.stdout"}
{"timestamp":"2025-11-10T01:27:07.307933Z","level":"info","event":"2022-06-01 10시: 5001~6000 완료 (38084개 누적)","logger":"task.stdout"}
{"timestamp":"2025-11-10T01:27:08.816528Z","level":"info","event":"2022-06-01 10시: 6001~6618 완료 (38702개 누적)","logger":"task.stdout"}
{"timestamp":"2025-11-10T01:27:11.584200Z","level":"info","event":"2022-06-01 11시: 1~1000 완료 (39702개 누적)","logger":"task.stdout"}
{"timestamp":"2025-11-10T01:27:13.015237Z","level":"info","event":"2022-06-01 11시: 1001~2000 완료 (40702개 누적)","logger":"task.stdout"}
{"timestamp":"2025-11-10T01:27:14.411157Z","level":"info","event":"2022-06-01 11시: 2001~3000 완료 (41702개 누적)","logger":"task.stdout"}
{"timestamp":"2025-11-10T01:27:15.832249Z","level":"info","event":"2022-06-01 11시: 3001~4000 완료 (42702개 누적)","logger":"task.stdout"}
{"timestamp":"2025-11-10T01:27:17.220306Z","level":"info","event":"2022-06-01 11시: 4001~5000 완료 (43702개 누적)","logger":"task.stdout"}
{"timestamp":"2025-11-10T01:27:18.792859Z","level":"info","event":"2022-06-01 11시: 5001~6000 완료 (44702개 누적)","logger":"task.stdout"}
{"timestamp":"2025-11-10T01:27:20.291169Z","level":"info","event":"2022-06-01 11시: 6001~7000 완료 (45702개 누적)","logger":"task.stdout"}
{"timestamp":"2025-11-10T01:27:21.686533Z","level":"info","event":"2022-06-01 11시: 7001~7579 완료 (46281개 누적)","logger":"task.stdout"}
{"timestamp":"2025-11-10T01:27:24.495049Z","level":"info","event":"2022-06-01 12시: 1~1000 완료 (47281개 누적)","logger":"task.stdout"}
{"timestamp":"2025-11-10T01:27:26.090168Z","level":"info","event":"2022-06-01 12시: 1001~2000 완료 (48281개 누적)","logger":"task.stdout"}
{"timestamp":"2025-11-10T01:27:27.569463Z","level":"info","event":"2022-06-01 12시: 2001~3000 완료 (49281개 누적)","logger":"task.stdout"}
{"timestamp":"2025-11-10T01:27:29.049730Z","level":"info","event":"2022-06-01 12시: 3001~4000 완료 (50281개 누적)","logger":"task.stdout"}
{"timestamp":"2025-11-10T01:27:30.497322Z","level":"info","event":"2022-06-01 12시: 4001~5000 완료 (51281개 누적)","logger":"task.stdout"}
{"timestamp":"2025-11-10T01:27:32.100919Z","level":"info","event":"2022-06-01 12시: 5001~6000 완료 (52281개 누적)","logger":"task.stdout"}
{"timestamp":"2025-11-10T01:27:33.764823Z","level":"info","event":"2022-06-01 12시: 6001~7000 완료 (53281개 누적)","logger":"task.stdout"}
{"timestamp":"2025-11-10T01:27:35.185696Z","level":"info","event":"2022-06-01 12시: 7001~8000 완료 (54281개 누적)","logger":"task.stdout"}
{"timestamp":"2025-11-10T01:27:36.672692Z","level":"info","event":"2022-06-01 12시: 8001~8758 완료 (55039개 누적)","logger":"task.stdout"}
{"timestamp":"2025-11-10T01:27:39.506342Z","level":"info","event":"2022-06-01 13시: 1~1000 완료 (56039개 누적)","logger":"task.stdout"}
{"timestamp":"2025-11-10T01:27:40.868591Z","level":"info","event":"2022-06-01 13시: 1001~2000 완료 (57039개 누적)","logger":"task.stdout"}
{"timestamp":"2025-11-10T01:27:42.384752Z","level":"info","event":"2022-06-01 13시: 2001~3000 완료 (58039개 누적)","logger":"task.stdout"}
{"timestamp":"2025-11-10T01:27:43.946159Z","level":"info","event":"2022-06-01 13시: 3001~4000 완료 (59039개 누적)","logger":"task.stdout"}
{"timestamp":"2025-11-10T01:27:45.441105Z","level":"info","event":"2022-06-01 13시: 4001~5000 완료 (60039개 누적)","logger":"task.stdout"}
{"timestamp":"2025-11-10T01:27:46.961631Z","level":"info","event":"2022-06-01 13시: 5001~6000 완료 (61039개 누적)","logger":"task.stdout"}
{"timestamp":"2025-11-10T01:27:48.500517Z","level":"info","event":"2022-06-01 13시: 6001~7000 완료 (62039개 누적)","logger":"task.stdout"}
{"timestamp":"2025-11-10T01:27:49.977254Z","level":"info","event":"2022-06-01 13시: 7001~8000 완료 (63039개 누적)","logger":"task.stdout"}
{"timestamp":"2025-11-10T01:27:51.541806Z","level":"info","event":"2022-06-01 13시: 8001~9000 완료 (64039개 누적)","logger":"task.stdout"}
{"timestamp":"2025-11-10T01:27:52.977858Z","level":"info","event":"2022-06-01 13시: 9001~9582 완료 (64621개 누적)","logger":"task.stdout"}
{"timestamp":"2025-11-10T01:27:55.867745Z","level":"info","event":"2022-06-01 14시: 1~1000 완료 (65621개 누적)","logger":"task.stdout"}
{"timestamp":"2025-11-10T01:27:57.485499Z","level":"info","event":"2022-06-01 14시: 1001~2000 완료 (66621개 누적)","logger":"task.stdout"}
{"timestamp":"2025-11-10T01:27:58.860276Z","level":"info","event":"2022-06-01 14시: 2001~3000 완료 (67621개 누적)","logger":"task.stdout"}
{"timestamp":"2025-11-10T01:28:00.259254Z","level":"info","event":"2022-06-01 14시: 3001~4000 완료 (68621개 누적)","logger":"task.stdout"}
{"timestamp":"2025-11-10T01:28:01.861419Z","level":"info","event":"2022-06-01 14시: 4001~5000 완료 (69621개 누적)","logger":"task.stdout"}
{"timestamp":"2025-11-10T01:28:03.245490Z","level":"info","event":"2022-06-01 14시: 5001~6000 완료 (70621개 누적)","logger":"task.stdout"}
{"timestamp":"2025-11-10T01:28:04.727992Z","level":"info","event":"2022-06-01 14시: 6001~7000 완료 (71621개 누적)","logger":"task.stdout"}
{"timestamp":"2025-11-10T01:28:06.268607Z","level":"info","event":"2022-06-01 14시: 7001~8000 완료 (72621개 누적)","logger":"task.stdout"}
{"timestamp":"2025-11-10T01:28:07.805109Z","level":"info","event":"2022-06-01 14시: 8001~9000 완료 (73621개 누적)","logger":"task.stdout"}
{"timestamp":"2025-11-10T01:28:09.163146Z","level":"info","event":"2022-06-01 14시: 9001~9986 완료 (74607개 누적)","logger":"task.stdout"}
{"timestamp":"2025-11-10T01:28:12.093397Z","level":"info","event":"2022-06-01 15시: 1~1000 완료 (75607개 누적)","logger":"task.stdout"}
{"timestamp":"2025-11-10T01:28:13.794692Z","level":"info","event":"2022-06-01 15시: 1001~2000 완료 (76607개 누적)","logger":"task.stdout"}
{"timestamp":"2025-11-10T01:28:15.321627Z","level":"info","event":"2022-06-01 15시: 2001~3000 완료 (77607개 누적)","logger":"task.stdout"}
{"timestamp":"2025-11-10T01:28:16.877372Z","level":"info","event":"2022-06-01 15시: 3001~4000 완료 (78607개 누적)","logger":"task.stdout"}
{"timestamp":"2025-11-10T01:28:18.401455Z","level":"info","event":"2022-06-01 15시: 4001~5000 완료 (79607개 누적)","logger":"task.stdout"}
{"timestamp":"2025-11-10T01:28:20.055718Z","level":"info","event":"2022-06-01 15시: 5001~6000 완료 (80607개 누적)","logger":"task.stdout"}
{"timestamp":"2025-11-10T01:28:21.736600Z","level":"info","event":"2022-06-01 15시: 6001~7000 완료 (81607개 누적)","logger":"task.stdout"}
{"timestamp":"2025-11-10T01:28:23.416947Z","level":"info","event":"2022-06-01 15시: 7001~8000 완료 (82607개 누적)","logger":"task.stdout"}
{"timestamp":"2025-11-10T01:28:25.061014Z","level":"info","event":"2022-06-01 15시: 8001~9000 완료 (83607개 누적)","logger":"task.stdout"}
{"timestamp":"2025-11-10T01:28:26.619158Z","level":"info","event":"2022-06-01 15시: 9001~10000 완료 (84607개 누적)","logger":"task.stdout"}
{"timestamp":"2025-11-10T01:28:28.082179Z","level":"info","event":"2022-06-01 15시: 10001~10929 완료 (85536개 누적)","logger":"task.stdout"}
{"timestamp":"2025-11-10T01:28:31.059076Z","level":"info","event":"2022-06-01 16시: 1~1000 완료 (86536개 누적)","logger":"task.stdout"}
{"timestamp":"2025-11-10T01:28:32.582738Z","level":"info","event":"2022-06-01 16시: 1001~2000 완료 (87536개 누적)","logger":"task.stdout"}
{"timestamp":"2025-11-10T01:28:34.163356Z","level":"info","event":"2022-06-01 16시: 2001~3000 완료 (88536개 누적)","logger":"task.stdout"}
{"timestamp":"2025-11-10T01:28:35.802811Z","level":"info","event":"2022-06-01 16시: 3001~4000 완료 (89536개 누적)","logger":"task.stdout"}
{"timestamp":"2025-11-10T01:28:37.392039Z","level":"info","event":"2022-06-01 16시: 4001~5000 완료 (90536개 누적)","logger":"task.stdout"}
{"timestamp":"2025-11-10T01:28:38.949682Z","level":"info","event":"2022-06-01 16시: 5001~6000 완료 (91536개 누적)","logger":"task.stdout"}
{"timestamp":"2025-11-10T01:28:40.582986Z","level":"info","event":"2022-06-01 16시: 6001~7000 완료 (92536개 누적)","logger":"task.stdout"}
{"timestamp":"2025-11-10T01:28:42.070212Z","level":"info","event":"2022-06-01 16시: 7001~8000 완료 (93536개 누적)","logger":"task.stdout"}
{"timestamp":"2025-11-10T01:28:43.629423Z","level":"info","event":"2022-06-01 16시: 8001~9000 완료 (94536개 누적)","logger":"task.stdout"}
{"timestamp":"2025-11-10T01:28:45.290469Z","level":"info","event":"2022-06-01 16시: 9001~10000 완료 (95536개 누적)","logger":"task.stdout"}
{"timestamp":"2025-11-10T01:28:46.905170Z","level":"info","event":"2022-06-01 16시: 10001~11000 완료 (96536개 누적)","logger":"task.stdout"}
{"timestamp":"2025-11-10T01:28:48.470103Z","level":"info","event":"2022-06-01 16시: 11001~12000 완료 (97536개 누적)","logger":"task.stdout"}
{"timestamp":"2025-11-10T01:28:50.064252Z","level":"info","event":"2022-06-01 16시: 12001~12465 완료 (98001개 누적)","logger":"task.stdout"}
{"timestamp":"2025-11-10T01:28:53.276707Z","level":"info","event":"2022-06-01 17시: 1~1000 완료 (99001개 누적)","logger":"task.stdout"}
{"timestamp":"2025-11-10T01:28:54.964675Z","level":"info","event":"2022-06-01 17시: 1001~2000 완료 (100001개 누적)","logger":"task.stdout"}
{"timestamp":"2025-11-10T01:28:56.591839Z","level":"info","event":"2022-06-01 17시: 2001~3000 완료 (101001개 누적)","logger":"task.stdout"}
{"timestamp":"2025-11-10T01:28:58.135247Z","level":"info","event":"2022-06-01 17시: 3001~4000 완료 (102001개 누적)","logger":"task.stdout"}
{"timestamp":"2025-11-10T01:28:59.666848Z","level":"info","event":"2022-06-01 17시: 4001~5000 완료 (103001개 누적)","logger":"task.stdout"}
{"timestamp":"2025-11-10T01:29:01.402195Z","level":"info","event":"2022-06-01 17시: 5001~6000 완료 (104001개 누적)","logger":"task.stdout"}
{"timestamp":"2025-11-10T01:29:03.143891Z","level":"info","event":"2022-06-01 17시: 6001~7000 완료 (105001개 누적)","logger":"task.stdout"}
{"timestamp":"2025-11-10T01:29:04.714975Z","level":"info","event":"2022-06-01 17시: 7001~8000 완료 (106001개 누적)","logger":"task.stdout"}
{"timestamp":"2025-11-10T01:29:06.420288Z","level":"info","event":"2022-06-01 17시: 8001~9000 완료 (107001개 누적)","logger":"task.stdout"}
{"timestamp":"2025-11-10T01:29:08.073870Z","level":"info","event":"2022-06-01 17시: 9001~10000 완료 (108001개 누적)","logger":"task.stdout"}
{"timestamp":"2025-11-10T01:29:09.741992Z","level":"info","event":"2022-06-01 17시: 10001~11000 완료 (109001개 누적)","logger":"task.stdout"}
{"timestamp":"2025-11-10T01:29:11.371466Z","level":"info","event":"2022-06-01 17시: 11001~12000 완료 (110001개 누적)","logger":"task.stdout"}
{"timestamp":"2025-11-10T01:29:13.030584Z","level":"info","event":"2022-06-01 17시: 12001~13000 완료 (111001개 누적)","logger":"task.stdout"}
{"timestamp":"2025-11-10T01:29:14.747709Z","level":"info","event":"2022-06-01 17시: 13001~14000 완료 (112001개 누적)","logger":"task.stdout"}
{"timestamp":"2025-11-10T01:29:16.286062Z","level":"info","event":"2022-06-01 17시: 14001~14026 완료 (112027개 누적)","logger":"task.stdout"}
{"timestamp":"2025-11-10T01:29:19.170749Z","level":"info","event":"2022-06-01 18시: 1~1000 완료 (113027개 누적)","logger":"task.stdout"}
{"timestamp":"2025-11-10T01:29:20.822117Z","level":"info","event":"2022-06-01 18시: 1001~2000 완료 (114027개 누적)","logger":"task.stdout"}
{"timestamp":"2025-11-10T01:29:22.443477Z","level":"info","event":"2022-06-01 18시: 2001~3000 완료 (115027개 누적)","logger":"task.stdout"}
{"timestamp":"2025-11-10T01:29:24.069463Z","level":"info","event":"2022-06-01 18시: 3001~4000 완료 (116027개 누적)","logger":"task.stdout"}
{"timestamp":"2025-11-10T01:29:25.637927Z","level":"info","event":"2022-06-01 18시: 4001~5000 완료 (117027개 누적)","logger":"task.stdout"}
{"timestamp":"2025-11-10T01:29:27.248306Z","level":"info","event":"2022-06-01 18시: 5001~6000 완료 (118027개 누적)","logger":"task.stdout"}
{"timestamp":"2025-11-10T01:29:28.837461Z","level":"info","event":"2022-06-01 18시: 6001~7000 완료 (119027개 누적)","logger":"task.stdout"}
{"timestamp":"2025-11-10T01:29:30.360231Z","level":"info","event":"2022-06-01 18시: 7001~8000 완료 (120027개 누적)","logger":"task.stdout"}
{"timestamp":"2025-11-10T01:29:31.982584Z","level":"info","event":"2022-06-01 18시: 8001~9000 완료 (121027개 누적)","logger":"task.stdout"}
{"timestamp":"2025-11-10T01:29:33.642206Z","level":"info","event":"2022-06-01 18시: 9001~10000 완료 (122027개 누적)","logger":"task.stdout"}
{"timestamp":"2025-11-10T01:29:35.186089Z","level":"info","event":"2022-06-01 18시: 10001~11000 완료 (123027개 누적)","logger":"task.stdout"}
{"timestamp":"2025-11-10T01:29:36.697561Z","level":"info","event":"2022-06-01 18시: 11001~12000 완료 (124027개 누적)","logger":"task.stdout"}
{"timestamp":"2025-11-10T01:29:38.270374Z","level":"info","event":"2022-06-01 18시: 12001~13000 완료 (125027개 누적)","logger":"task.stdout"}
{"timestamp":"2025-11-10T01:29:39.956235Z","level":"info","event":"2022-06-01 18시: 13001~13275 완료 (125302개 누적)","logger":"task.stdout"}
{"timestamp":"2025-11-10T01:29:42.895573Z","level":"info","event":"2022-06-01 19시: 1~1000 완료 (126302개 누적)","logger":"task.stdout"}
{"timestamp":"2025-11-10T01:29:44.540005Z","level":"info","event":"2022-06-01 19시: 1001~2000 완료 (127302개 누적)","logger":"task.stdout"}
{"timestamp":"2025-11-10T01:29:46.160263Z","level":"info","event":"2022-06-01 19시: 2001~3000 완료 (128302개 누적)","logger":"task.stdout"}
{"timestamp":"2025-11-10T01:29:47.767365Z","level":"info","event":"2022-06-01 19시: 3001~4000 완료 (129302개 누적)","logger":"task.stdout"}
{"timestamp":"2025-11-10T01:29:49.378521Z","level":"info","event":"2022-06-01 19시: 4001~5000 완료 (130302개 누적)","logger":"task.stdout"}
{"timestamp":"2025-11-10T01:29:51.014783Z","level":"info","event":"2022-06-01 19시: 5001~6000 완료 (131302개 누적)","logger":"task.stdout"}
{"timestamp":"2025-11-10T01:29:52.604860Z","level":"info","event":"2022-06-01 19시: 6001~7000 완료 (132302개 누적)","logger":"task.stdout"}
{"timestamp":"2025-11-10T01:29:54.228115Z","level":"info","event":"2022-06-01 19시: 7001~8000 완료 (133302개 누적)","logger":"task.stdout"}
{"timestamp":"2025-11-10T01:29:55.847599Z","level":"info","event":"2022-06-01 19시: 8001~9000 완료 (134302개 누적)","logger":"task.stdout"}
{"timestamp":"2025-11-10T01:29:57.413827Z","level":"info","event":"2022-06-01 19시: 9001~10000 완료 (135302개 누적)","logger":"task.stdout"}
{"timestamp":"2025-11-10T01:29:58.929069Z","level":"info","event":"2022-06-01 19시: 10001~11000 완료 (136302개 누적)","logger":"task.stdout"}
{"timestamp":"2025-11-10T01:30:00.443857Z","level":"info","event":"2022-06-01 19시: 11001~12000 완료 (137302개 누적)","logger":"task.stdout"}
{"timestamp":"2025-11-10T01:30:02.124729Z","level":"info","event":"2022-06-01 19시: 12001~13000 완료 (138302개 누적)","logger":"task.stdout"}
{"timestamp":"2025-11-10T01:30:03.750871Z","level":"info","event":"2022-06-01 19시: 13001~13034 완료 (138336개 누적)","logger":"task.stdout"}
{"timestamp":"2025-11-10T01:30:07.094960Z","level":"info","event":"2022-06-01 20시: 1~1000 완료 (139336개 누적)","logger":"task.stdout"}
{"timestamp":"2025-11-10T01:30:08.869026Z","level":"info","event":"2022-06-01 20시: 1001~2000 완료 (140336개 누적)","logger":"task.stdout"}
{"timestamp":"2025-11-10T01:30:10.394543Z","level":"info","event":"2022-06-01 20시: 2001~3000 완료 (141336개 누적)","logger":"task.stdout"}
{"timestamp":"2025-11-10T01:30:12.013964Z","level":"info","event":"2022-06-01 20시: 3001~4000 완료 (142336개 누적)","logger":"task.stdout"}
{"timestamp":"2025-11-10T01:30:13.592305Z","level":"info","event":"2022-06-01 20시: 4001~5000 완료 (143336개 누적)","logger":"task.stdout"}
{"timestamp":"2025-11-10T01:30:15.056549Z","level":"info","event":"2022-06-01 20시: 5001~6000 완료 (144336개 누적)","logger":"task.stdout"}
{"timestamp":"2025-11-10T01:30:16.529688Z","level":"info","event":"2022-06-01 20시: 6001~7000 완료 (145336개 누적)","logger":"task.stdout"}
{"timestamp":"2025-11-10T01:30:18.075262Z","level":"info","event":"2022-06-01 20시: 7001~8000 완료 (146336개 누적)","logger":"task.stdout"}
{"timestamp":"2025-11-10T01:30:19.726857Z","level":"info","event":"2022-06-01 20시: 8001~9000 완료 (147336개 누적)","logger":"task.stdout"}
{"timestamp":"2025-11-10T01:30:21.381011Z","level":"info","event":"2022-06-01 20시: 9001~10000 완료 (148336개 누적)","logger":"task.stdout"}
{"timestamp":"2025-11-10T01:30:22.911344Z","level":"info","event":"2022-06-01 20시: 10001~11000 완료 (149336개 누적)","logger":"task.stdout"}
{"timestamp":"2025-11-10T01:30:24.385511Z","level":"info","event":"2022-06-01 20시: 11001~11995 완료 (150331개 누적)","logger":"task.stdout"}
{"timestamp":"2025-11-10T01:30:27.169105Z","level":"info","event":"2022-06-01 21시: 1~1000 완료 (151331개 누적)","logger":"task.stdout"}
{"timestamp":"2025-11-10T01:30:28.664197Z","level":"info","event":"2022-06-01 21시: 1001~2000 완료 (152331개 누적)","logger":"task.stdout"}
{"timestamp":"2025-11-10T01:30:30.243737Z","level":"info","event":"2022-06-01 21시: 2001~3000 완료 (153331개 누적)","logger":"task.stdout"}
{"timestamp":"2025-11-10T01:30:31.847546Z","level":"info","event":"2022-06-01 21시: 3001~4000 완료 (154331개 누적)","logger":"task.stdout"}
{"timestamp":"2025-11-10T01:30:33.326696Z","level":"info","event":"2022-06-01 21시: 4001~5000 완료 (155331개 누적)","logger":"task.stdout"}
{"timestamp":"2025-11-10T01:30:34.805604Z","level":"info","event":"2022-06-01 21시: 5001~6000 완료 (156331개 누적)","logger":"task.stdout"}
{"timestamp":"2025-11-10T01:30:36.332439Z","level":"info","event":"2022-06-01 21시: 6001~7000 완료 (157331개 누적)","logger":"task.stdout"}
{"timestamp":"2025-11-10T01:30:37.774521Z","level":"info","event":"2022-06-01 21시: 7001~8000 완료 (158331개 누적)","logger":"task.stdout"}
{"timestamp":"2025-11-10T01:30:39.285148Z","level":"info","event":"2022-06-01 21시: 8001~9000 완료 (159331개 누적)","logger":"task.stdout"}
{"timestamp":"2025-11-10T01:30:40.893044Z","level":"info","event":"2022-06-01 21시: 9001~10000 완료 (160331개 누적)","logger":"task.stdout"}
{"timestamp":"2025-11-10T01:30:42.356965Z","level":"info","event":"2022-06-01 21시: 10001~10511 완료 (160842개 누적)","logger":"task.stdout"}
{"timestamp":"2025-11-10T01:30:44.933910Z","level":"info","event":"2022-06-01 22시: 1~1000 완료 (161842개 누적)","logger":"task.stdout"}
{"timestamp":"2025-11-10T01:30:46.347660Z","level":"info","event":"2022-06-01 22시: 1001~2000 완료 (162842개 누적)","logger":"task.stdout"}
{"timestamp":"2025-11-10T01:30:47.842565Z","level":"info","event":"2022-06-01 22시: 2001~3000 완료 (163842개 누적)","logger":"task.stdout"}
{"timestamp":"2025-11-10T01:30:49.471297Z","level":"info","event":"2022-06-01 22시: 3001~4000 완료 (164842개 누적)","logger":"task.stdout"}
{"timestamp":"2025-11-10T01:30:50.985689Z","level":"info","event":"2022-06-01 22시: 4001~5000 완료 (165842개 누적)","logger":"task.stdout"}
{"timestamp":"2025-11-10T01:30:52.556001Z","level":"info","event":"2022-06-01 22시: 5001~6000 완료 (166842개 누적)","logger":"task.stdout"}
{"timestamp":"2025-11-10T01:30:54.201736Z","level":"info","event":"2022-06-01 22시: 6001~7000 완료 (167842개 누적)","logger":"task.stdout"}
{"timestamp":"2025-11-10T01:30:55.720535Z","level":"info","event":"2022-06-01 22시: 7001~8000 완료 (168842개 누적)","logger":"task.stdout"}
{"timestamp":"2025-11-10T01:30:57.109339Z","level":"info","event":"2022-06-01 22시: 8001~8290 완료 (169132개 누적)","logger":"task.stdout"}
{"timestamp":"2025-11-10T01:30:59.622047Z","level":"info","event":"2022-06-01 23시: 1~1000 완료 (170132개 누적)","logger":"task.stdout"}
{"timestamp":"2025-11-10T01:31:00.992252Z","level":"info","event":"2022-06-01 23시: 1001~2000 완료 (171132개 누적)","logger":"task.stdout"}
{"timestamp":"2025-11-10T01:31:02.304090Z","level":"info","event":"2022-06-01 23시: 2001~3000 완료 (172132개 누적)","logger":"task.stdout"}
{"timestamp":"2025-11-10T01:31:03.790910Z","level":"info","event":"2022-06-01 23시: 3001~4000 완료 (173132개 누적)","logger":"task.stdout"}
{"timestamp":"2025-11-10T01:31:05.193555Z","level":"info","event":"2022-06-01 23시: 4001~5000 완료 (174132개 누적)","logger":"task.stdout"}
{"timestamp":"2025-11-10T01:31:06.413157Z","level":"info","event":"2022-06-01 23시: 5001~5286 완료 (174418개 누적)","logger":"task.stdout"}
{"timestamp":"2025-11-10T01:31:11.240797Z","level":"info","event":"2022-06-02 00시: 1~1000 완료 (175418개 누적)","logger":"task.stdout"}
{"timestamp":"2025-11-10T01:31:12.540559Z","level":"info","event":"2022-06-02 00시: 1001~2000 완료 (176418개 누적)","logger":"task.stdout"}
{"timestamp":"2025-11-10T01:31:13.782163Z","level":"info","event":"2022-06-02 00시: 2001~3000 완료 (177418개 누적)","logger":"task.stdout"}
{"timestamp":"2025-11-10T01:31:15.156519Z","level":"info","event":"2022-06-02 00시: 3001~3932 완료 (178350개 누적)","logger":"task.stdout"}
{"timestamp":"2025-11-10T01:31:17.541668Z","level":"info","event":"2022-06-02 01시: 1~1000 완료 (179350개 누적)","logger":"task.stdout"}
{"timestamp":"2025-11-10T01:31:19.015008Z","level":"info","event":"2022-06-02 01시: 1001~2000 완료 (180350개 누적)","logger":"task.stdout"}
{"timestamp":"2025-11-10T01:31:20.326272Z","level":"info","event":"2022-06-02 01시: 2001~2416 완료 (180766개 누적)","logger":"task.stdout"}
{"timestamp":"2025-11-10T01:31:22.682026Z","level":"info","event":"2022-06-02 02시: 1~1000 완료 (181766개 누적)","logger":"task.stdout"}
{"timestamp":"2025-11-10T01:31:24.299657Z","level":"info","event":"2022-06-02 02시: 1001~1392 완료 (182158개 누적)","logger":"task.stdout"}
{"timestamp":"2025-11-10T01:31:26.993863Z","level":"info","event":"2022-06-02 03시: 1~851 완료 (183009개 누적)","logger":"task.stdout"}
{"timestamp":"2025-11-10T01:31:29.307117Z","level":"info","event":"2022-06-02 04시: 1~969 완료 (183978개 누적)","logger":"task.stdout"}
{"timestamp":"2025-11-10T01:31:31.906180Z","level":"info","event":"2022-06-02 05시: 1~1000 완료 (184978개 누적)","logger":"task.stdout"}
{"timestamp":"2025-11-10T01:31:33.132515Z","level":"info","event":"2022-06-02 05시: 1001~1761 완료 (185739개 누적)","logger":"task.stdout"}
{"timestamp":"2025-11-10T01:31:35.570549Z","level":"info","event":"2022-06-02 06시: 1~1000 완료 (186739개 누적)","logger":"task.stdout"}
{"timestamp":"2025-11-10T01:31:37.214131Z","level":"info","event":"2022-06-02 06시: 1001~2000 완료 (187739개 누적)","logger":"task.stdout"}
{"timestamp":"2025-11-10T01:31:38.780811Z","level":"info","event":"2022-06-02 06시: 2001~3000 완료 (188739개 누적)","logger":"task.stdout"}
{"timestamp":"2025-11-10T01:31:40.285720Z","level":"info","event":"2022-06-02 06시: 3001~4000 완료 (189739개 누적)","logger":"task.stdout"}
{"timestamp":"2025-11-10T01:31:41.597101Z","level":"info","event":"2022-06-02 06시: 4001~4026 완료 (189765개 누적)","logger":"task.stdout"}
{"timestamp":"2025-11-10T01:31:44.697957Z","level":"info","event":"2022-06-02 07시: 1~1000 완료 (190765개 누적)","logger":"task.stdout"}
{"timestamp":"2025-11-10T01:31:46.347082Z","level":"info","event":"2022-06-02 07시: 1001~2000 완료 (191765개 누적)","logger":"task.stdout"}
{"timestamp":"2025-11-10T01:31:48.080687Z","level":"info","event":"2022-06-02 07시: 2001~3000 완료 (192765개 누적)","logger":"task.stdout"}
{"timestamp":"2025-11-10T01:31:49.706109Z","level":"info","event":"2022-06-02 07시: 3001~4000 완료 (193765개 누적)","logger":"task.stdout"}
{"timestamp":"2025-11-10T01:31:51.260563Z","level":"info","event":"2022-06-02 07시: 4001~5000 완료 (194765개 누적)","logger":"task.stdout"}
{"timestamp":"2025-11-10T01:31:52.934553Z","level":"info","event":"2022-06-02 07시: 5001~6000 완료 (195765개 누적)","logger":"task.stdout"}
{"timestamp":"2025-11-10T01:31:54.844830Z","level":"info","event":"2022-06-02 07시: 6001~7000 완료 (196765개 누적)","logger":"task.stdout"}
{"timestamp":"2025-11-10T01:31:56.470616Z","level":"info","event":"2022-06-02 07시: 7001~8000 완료 (197765개 누적)","logger":"task.stdout"}
{"timestamp":"2025-11-10T01:31:58.076033Z","level":"info","event":"2022-06-02 07시: 8001~9000 완료 (198765개 누적)","logger":"task.stdout"}
{"timestamp":"2025-11-10T01:31:59.616434Z","level":"info","event":"2022-06-02 07시: 9001~10000 완료 (199765개 누적)","logger":"task.stdout"}
{"timestamp":"2025-11-10T01:32:01.177897Z","level":"info","event":"2022-06-02 07시: 10001~10279 완료 (200044개 누적)","logger":"task.stdout"}
{"timestamp":"2025-11-10T01:32:04.363610Z","level":"info","event":"2022-06-02 08시: 1~1000 완료 (201044개 누적)","logger":"task.stdout"}
{"timestamp":"2025-11-10T01:32:06.098900Z","level":"info","event":"2022-06-02 08시: 1001~2000 완료 (202044개 누적)","logger":"task.stdout"}
{"timestamp":"2025-11-10T01:32:07.774414Z","level":"info","event":"2022-06-02 08시: 2001~3000 완료 (203044개 누적)","logger":"task.stdout"}
{"timestamp":"2025-11-10T01:32:09.606377Z","level":"info","event":"2022-06-02 08시: 3001~4000 완료 (204044개 누적)","logger":"task.stdout"}
{"timestamp":"2025-11-10T01:32:11.490990Z","level":"info","event":"2022-06-02 08시: 4001~5000 완료 (205044개 누적)","logger":"task.stdout"}
{"timestamp":"2025-11-10T01:32:21.881322Z","level":"info","event":"2022-06-02 08시: 6001~7000 완료 (206044개 누적)","logger":"task.stdout"}
{"timestamp":"2025-11-10T01:32:23.536855Z","level":"info","event":"2022-06-02 08시: 7001~8000 완료 (207044개 누적)","logger":"task.stdout"}
{"timestamp":"2025-11-10T01:32:25.221309Z","level":"info","event":"2022-06-02 08시: 8001~9000 완료 (208044개 누적)","logger":"task.stdout"}
{"timestamp":"2025-11-10T01:32:27.244821Z","level":"info","event":"2022-06-02 08시: 9001~10000 완료 (209044개 누적)","logger":"task.stdout"}
{"timestamp":"2025-11-10T01:32:28.978056Z","level":"info","event":"2022-06-02 08시: 10001~11000 완료 (210044개 누적)","logger":"task.stdout"}
{"timestamp":"2025-11-10T01:32:30.854681Z","level":"info","event":"2022-06-02 08시: 11001~12000 완료 (211044개 누적)","logger":"task.stdout"}
{"timestamp":"2025-11-10T01:32:32.628167Z","level":"info","event":"2022-06-02 08시: 12001~13000 완료 (212044개 누적)","logger":"task.stdout"}
{"timestamp":"2025-11-10T01:32:34.343097Z","level":"info","event":"2022-06-02 08시: 13001~14000 완료 (213044개 누적)","logger":"task.stdout"}
{"timestamp":"2025-11-10T01:32:36.011492Z","level":"info","event":"2022-06-02 08시: 14001~14775 완료 (213819개 누적)","logger":"task.stdout"}
{"timestamp":"2025-11-10T01:32:38.795057Z","level":"info","event":"2022-06-02 09시: 1~1000 완료 (214819개 누적)","logger":"task.stdout"}
{"timestamp":"2025-11-10T01:32:40.517144Z","level":"info","event":"2022-06-02 09시: 1001~2000 완료 (215819개 누적)","logger":"task.stdout"}
{"timestamp":"2025-11-10T01:32:42.120829Z","level":"info","event":"2022-06-02 09시: 2001~3000 완료 (216819개 누적)","logger":"task.stdout"}
{"timestamp":"2025-11-10T01:32:43.712483Z","level":"info","event":"2022-06-02 09시: 3001~4000 완료 (217819개 누적)","logger":"task.stdout"}
{"timestamp":"2025-11-10T01:32:45.277816Z","level":"info","event":"2022-06-02 09시: 4001~5000 완료 (218819개 누적)","logger":"task.stdout"}
{"timestamp":"2025-11-10T01:32:46.659048Z","level":"info","event":"2022-06-02 09시: 5001~6000 완료 (219819개 누적)","logger":"task.stdout"}
{"timestamp":"2025-11-10T01:32:48.203128Z","level":"info","event":"2022-06-02 09시: 6001~7000 완료 (220819개 누적)","logger":"task.stdout"}
{"timestamp":"2025-11-10T01:32:49.695484Z","level":"info","event":"2022-06-02 09시: 7001~7372 완료 (221191개 누적)","logger":"task.stdout"}
{"timestamp":"2025-11-10T01:32:52.723531Z","level":"info","event":"2022-06-02 10시: 1~1000 완료 (222191개 누적)","logger":"task.stdout"}
{"timestamp":"2025-11-10T01:33:00.331826Z","level":"info","event":"2022-06-02 10시: 요청 실패 - HTTPConnectionPool(host='openapi.seoul.go.kr', port=8088): Max retries exceeded with url: /574d4268426539373930666f4b654e/json/tbCycleRentData/1001/2000/2022-06-02/10 (Caused by NameResolutionError(\"<urllib3.connection.HTTPConnection object at 0xffff7c743a40>: Failed to resolve 'openapi.seoul.go.kr' ([Errno -5] No address associated with hostname)\"))","logger":"task.stdout"}
{"timestamp":"2025-11-10T01:33:02.310097Z","level":"info","event":"2022-06-02 11시: 1~1000 완료 (223191개 누적)","logger":"task.stdout"}
{"timestamp":"2025-11-10T01:33:03.816147Z","level":"info","event":"2022-06-02 11시: 1001~2000 완료 (224191개 누적)","logger":"task.stdout"}
{"timestamp":"2025-11-10T01:33:05.647072Z","level":"info","event":"2022-06-02 11시: 2001~3000 완료 (225191개 누적)","logger":"task.stdout"}
{"timestamp":"2025-11-10T01:33:07.214173Z","level":"info","event":"2022-06-02 11시: 3001~4000 완료 (226191개 누적)","logger":"task.stdout"}
{"timestamp":"2025-11-10T01:33:08.871806Z","level":"info","event":"2022-06-02 11시: 4001~5000 완료 (227191개 누적)","logger":"task.stdout"}
{"timestamp":"2025-11-10T01:33:10.342184Z","level":"info","event":"2022-06-02 11시: 5001~6000 완료 (228191개 누적)","logger":"task.stdout"}
{"timestamp":"2025-11-10T01:33:11.589665Z","level":"info","event":"2022-06-02 11시: 6001~6002 완료 (228193개 누적)","logger":"task.stdout"}
{"timestamp":"2025-11-10T01:33:14.308659Z","level":"info","event":"2022-06-02 12시: 1~1000 완료 (229193개 누적)","logger":"task.stdout"}
{"timestamp":"2025-11-10T01:33:15.784343Z","level":"info","event":"2022-06-02 12시: 1001~2000 완료 (230193개 누적)","logger":"task.stdout"}
{"timestamp":"2025-11-10T01:33:17.167106Z","level":"info","event":"2022-06-02 12시: 2001~3000 완료 (231193개 누적)","logger":"task.stdout"}
{"timestamp":"2025-11-10T01:33:18.825269Z","level":"info","event":"2022-06-02 12시: 3001~4000 완료 (232193개 누적)","logger":"task.stdout"}
{"timestamp":"2025-11-10T01:33:20.367032Z","level":"info","event":"2022-06-02 12시: 4001~5000 완료 (233193개 누적)","logger":"task.stdout"}
{"timestamp":"2025-11-10T01:33:22.491750Z","level":"info","event":"2022-06-02 12시: 5001~6000 완료 (234193개 누적)","logger":"task.stdout"}
{"timestamp":"2025-11-10T01:33:23.907032Z","level":"info","event":"2022-06-02 12시: 6001~6457 완료 (234650개 누적)","logger":"task.stdout"}
{"timestamp":"2025-11-10T01:33:26.782494Z","level":"info","event":"2022-06-02 13시: 1~1000 완료 (235650개 누적)","logger":"task.stdout"}
{"timestamp":"2025-11-10T01:33:28.391794Z","level":"info","event":"2022-06-02 13시: 1001~2000 완료 (236650개 누적)","logger":"task.stdout"}
{"timestamp":"2025-11-10T01:33:29.915478Z","level":"info","event":"2022-06-02 13시: 2001~3000 완료 (237650개 누적)","logger":"task.stdout"}
{"timestamp":"2025-11-10T01:33:31.472524Z","level":"info","event":"2022-06-02 13시: 3001~4000 완료 (238650개 누적)","logger":"task.stdout"}
{"timestamp":"2025-11-10T01:33:36.827242Z","level":"info","event":"2022-06-02 13시: 4001~5000 완료 (239650개 누적)","logger":"task.stdout"}
{"timestamp":"2025-11-10T01:33:37.881304Z","level":"info","event":"2022-06-02 13시: 5001~6000 완료 (240650개 누적)","logger":"task.stdout"}
{"timestamp":"2025-11-10T01:33:39.270034Z","level":"info","event":"2022-06-02 13시: 6001~6246 완료 (240896개 누적)","logger":"task.stdout"}
{"timestamp":"2025-11-10T01:34:02.566929Z","level":"info","event":"2022-06-02 14시: 1~1000 완료 (241896개 누적)","logger":"task.stdout"}
{"timestamp":"2025-11-10T01:34:04.740455Z","level":"info","event":"2022-06-02 14시: 1001~2000 완료 (242896개 누적)","logger":"task.stdout"}
{"timestamp":"2025-11-10T01:34:06.266020Z","level":"info","event":"2022-06-02 14시: 2001~3000 완료 (243896개 누적)","logger":"task.stdout"}
{"timestamp":"2025-11-10T01:34:07.711620Z","level":"info","event":"2022-06-02 14시: 3001~4000 완료 (244896개 누적)","logger":"task.stdout"}
{"timestamp":"2025-11-10T01:34:09.144261Z","level":"info","event":"2022-06-02 14시: 4001~5000 완료 (245896개 누적)","logger":"task.stdout"}
{"timestamp":"2025-11-10T01:34:10.730078Z","level":"info","event":"2022-06-02 14시: 5001~6000 완료 (246896개 누적)","logger":"task.stdout"}
{"timestamp":"2025-11-10T01:34:12.167671Z","level":"info","event":"2022-06-02 14시: 6001~6213 완료 (247109개 누적)","logger":"task.stdout"}
{"timestamp":"2025-11-10T01:34:14.899604Z","level":"info","event":"2022-06-02 15시: 1~1000 완료 (248109개 누적)","logger":"task.stdout"}
{"timestamp":"2025-11-10T01:34:16.438849Z","level":"info","event":"2022-06-02 15시: 1001~2000 완료 (249109개 누적)","logger":"task.stdout"}
{"timestamp":"2025-11-10T01:34:18.042829Z","level":"info","event":"2022-06-02 15시: 2001~3000 완료 (250109개 누적)","logger":"task.stdout"}
{"timestamp":"2025-11-10T01:34:19.630480Z","level":"info","event":"2022-06-02 15시: 3001~4000 완료 (251109개 누적)","logger":"task.stdout"}
{"timestamp":"2025-11-10T01:34:21.325781Z","level":"info","event":"2022-06-02 15시: 4001~5000 완료 (252109개 누적)","logger":"task.stdout"}
{"timestamp":"2025-11-10T01:34:23.082003Z","level":"info","event":"2022-06-02 15시: 5001~6000 완료 (253109개 누적)","logger":"task.stdout"}
{"timestamp":"2025-11-10T01:34:24.782895Z","level":"info","event":"2022-06-02 15시: 6001~7000 완료 (254109개 누적)","logger":"task.stdout"}
{"timestamp":"2025-11-10T01:34:26.101495Z","level":"info","event":"2022-06-02 15시: 7001~7075 완료 (254184개 누적)","logger":"task.stdout"}
{"timestamp":"2025-11-10T01:34:29.183449Z","level":"info","event":"2022-06-02 16시: 1~1000 완료 (255184개 누적)","logger":"task.stdout"}
{"timestamp":"2025-11-10T01:34:30.974603Z","level":"info","event":"2022-06-02 16시: 1001~2000 완료 (256184개 누적)","logger":"task.stdout"}
{"timestamp":"2025-11-10T01:34:32.742979Z","level":"info","event":"2022-06-02 16시: 2001~3000 완료 (257184개 누적)","logger":"task.stdout"}
{"timestamp":"2025-11-10T01:34:34.895013Z","level":"info","event":"2022-06-02 16시: 3001~4000 완료 (258184개 누적)","logger":"task.stdout"}
{"timestamp":"2025-11-10T01:34:35.017223Z","level":"critical","event":"Process terminated by signal. Likely out of memory error (OOM). For more information, see https://airflow.apache.org/docs/apache-airflow/stable/troubleshooting.html#process-terminated-by-signal.","signal":-9,"signal_name":"SIGKILL","logger":"task"}
