{"timestamp":"2025-11-10T01:31:22.614249Z","level":"info","event":"DAG bundles loaded: dags-folder","logger":"airflow.dag_processing.bundles.manager.DagBundlesManager","filename":"manager.py","lineno":179}
{"timestamp":"2025-11-10T01:31:22.614900Z","level":"info","event":"Filling up the DagBag from /opt/airflow/dags/seoul_bike_rent_2022.py","logger":"airflow.models.dagbag.DagBag","filename":"dagbag.py","lineno":593}
{"timestamp":"2025-11-10T01:31:22.645111Z","level":"warning","event":"The `airflow.operators.python.PythonOperator` attribute is deprecated. Please use `'airflow.providers.standard.operators.python.PythonOperator'`.","category":"DeprecatedImportWarning","filename":"/opt/airflow/dags/seoul_bike_rent_2022.py","lineno":2,"logger":"py.warnings"}
{"timestamp":"2025-11-10T01:31:22.751855Z","level":"info","event":"Found credentials in environment variables.","logger":"botocore.credentials","filename":"credentials.py","lineno":1224}
{"timestamp":"2025-11-10T01:31:25.070798Z","level":"info","event":"유효한 정거장 3202개 로드","logger":"task.stdout"}
{"timestamp":"2025-11-10T01:31:27.221496Z","level":"info","event":"2022-05-01 00시: 1~1000 완료 (1000개 누적)","logger":"task.stdout"}
{"timestamp":"2025-11-10T01:31:28.605666Z","level":"info","event":"2022-05-01 00시: 1001~2000 완료 (2000개 누적)","logger":"task.stdout"}
{"timestamp":"2025-11-10T01:31:29.863687Z","level":"info","event":"2022-05-01 00시: 2001~3000 완료 (3000개 누적)","logger":"task.stdout"}
{"timestamp":"2025-11-10T01:31:30.976229Z","level":"info","event":"2022-05-01 00시: 3001~4000 완료 (4000개 누적)","logger":"task.stdout"}
{"timestamp":"2025-11-10T01:31:31.973149Z","level":"info","event":"2022-05-01 00시: 4001~4216 완료 (4216개 누적)","logger":"task.stdout"}
{"timestamp":"2025-11-10T01:31:33.888947Z","level":"info","event":"2022-05-01 01시: 1~1000 완료 (5216개 누적)","logger":"task.stdout"}
{"timestamp":"2025-11-10T01:31:34.915742Z","level":"info","event":"2022-05-01 01시: 1001~2000 완료 (6216개 누적)","logger":"task.stdout"}
{"timestamp":"2025-11-10T01:31:35.982544Z","level":"info","event":"2022-05-01 01시: 2001~2793 완료 (7009개 누적)","logger":"task.stdout"}
{"timestamp":"2025-11-10T01:31:37.884938Z","level":"info","event":"2022-05-01 02시: 1~1000 완료 (8009개 누적)","logger":"task.stdout"}
{"timestamp":"2025-11-10T01:31:38.969494Z","level":"info","event":"2022-05-01 02시: 1001~1981 완료 (8990개 누적)","logger":"task.stdout"}
{"timestamp":"2025-11-10T01:31:40.913453Z","level":"info","event":"2022-05-01 03시: 1~1000 완료 (9990개 누적)","logger":"task.stdout"}
{"timestamp":"2025-11-10T01:31:41.820626Z","level":"info","event":"2022-05-01 03시: 1001~1201 완료 (10191개 누적)","logger":"task.stdout"}
{"timestamp":"2025-11-10T01:31:43.811473Z","level":"info","event":"2022-05-01 04시: 1~799 완료 (10990개 누적)","logger":"task.stdout"}
{"timestamp":"2025-11-10T01:31:45.686727Z","level":"info","event":"2022-05-01 05시: 1~657 완료 (11647개 누적)","logger":"task.stdout"}
{"timestamp":"2025-11-10T01:31:47.519207Z","level":"info","event":"2022-05-01 06시: 1~997 완료 (12644개 누적)","logger":"task.stdout"}
{"timestamp":"2025-11-10T01:31:49.392751Z","level":"info","event":"2022-05-01 07시: 1~1000 완료 (13644개 누적)","logger":"task.stdout"}
{"timestamp":"2025-11-10T01:31:50.419652Z","level":"info","event":"2022-05-01 07시: 1001~1707 완료 (14351개 누적)","logger":"task.stdout"}
{"timestamp":"2025-11-10T01:31:52.456404Z","level":"info","event":"2022-05-01 08시: 1~1000 완료 (15351개 누적)","logger":"task.stdout"}
{"timestamp":"2025-11-10T01:31:53.566114Z","level":"info","event":"2022-05-01 08시: 1001~2000 완료 (16351개 누적)","logger":"task.stdout"}
{"timestamp":"2025-11-10T01:31:54.643808Z","level":"info","event":"2022-05-01 08시: 2001~2846 완료 (17197개 누적)","logger":"task.stdout"}
{"timestamp":"2025-11-10T01:31:56.917503Z","level":"info","event":"2022-05-01 09시: 1~1000 완료 (18197개 누적)","logger":"task.stdout"}
{"timestamp":"2025-11-10T01:31:57.998502Z","level":"info","event":"2022-05-01 09시: 1001~2000 완료 (19197개 누적)","logger":"task.stdout"}
{"timestamp":"2025-11-10T01:31:59.147103Z","level":"info","event":"2022-05-01 09시: 2001~3000 완료 (20197개 누적)","logger":"task.stdout"}
{"timestamp":"2025-11-10T01:32:00.433129Z","level":"info","event":"2022-05-01 09시: 3001~3995 완료 (21192개 누적)","logger":"task.stdout"}
{"timestamp":"2025-11-10T01:32:02.576967Z","level":"info","event":"2022-05-01 10시: 1~1000 완료 (22192개 누적)","logger":"task.stdout"}
{"timestamp":"2025-11-10T01:32:03.730418Z","level":"info","event":"2022-05-01 10시: 1001~2000 완료 (23192개 누적)","logger":"task.stdout"}
{"timestamp":"2025-11-10T01:32:04.895660Z","level":"info","event":"2022-05-01 10시: 2001~3000 완료 (24192개 누적)","logger":"task.stdout"}
{"timestamp":"2025-11-10T01:32:06.081116Z","level":"info","event":"2022-05-01 10시: 3001~4000 완료 (25192개 누적)","logger":"task.stdout"}
{"timestamp":"2025-11-10T01:32:07.308314Z","level":"info","event":"2022-05-01 10시: 4001~5000 완료 (26192개 누적)","logger":"task.stdout"}
{"timestamp":"2025-11-10T01:32:08.561586Z","level":"info","event":"2022-05-01 10시: 5001~5475 완료 (26667개 누적)","logger":"task.stdout"}
{"timestamp":"2025-11-10T01:32:10.831216Z","level":"info","event":"2022-05-01 11시: 1~1000 완료 (27667개 누적)","logger":"task.stdout"}
{"timestamp":"2025-11-10T01:32:20.937079Z","level":"info","event":"2022-05-01 11시: 1001~2000 완료 (28667개 누적)","logger":"task.stdout"}
{"timestamp":"2025-11-10T01:32:21.328127Z","level":"info","event":"2022-05-01 11시: 2001~3000 완료 (29667개 누적)","logger":"task.stdout"}
{"timestamp":"2025-11-10T01:32:22.681145Z","level":"info","event":"2022-05-01 11시: 3001~4000 완료 (30667개 누적)","logger":"task.stdout"}
{"timestamp":"2025-11-10T01:32:23.835758Z","level":"info","event":"2022-05-01 11시: 4001~5000 완료 (31667개 누적)","logger":"task.stdout"}
{"timestamp":"2025-11-10T01:32:25.033908Z","level":"info","event":"2022-05-01 11시: 5001~6000 완료 (32667개 누적)","logger":"task.stdout"}
{"timestamp":"2025-11-10T01:32:26.165025Z","level":"info","event":"2022-05-01 11시: 6001~6506 완료 (33173개 누적)","logger":"task.stdout"}
{"timestamp":"2025-11-10T01:32:28.692830Z","level":"info","event":"2022-05-01 12시: 1~1000 완료 (34173개 누적)","logger":"task.stdout"}
{"timestamp":"2025-11-10T01:32:29.911840Z","level":"info","event":"2022-05-01 12시: 1001~2000 완료 (35173개 누적)","logger":"task.stdout"}
{"timestamp":"2025-11-10T01:32:31.345613Z","level":"info","event":"2022-05-01 12시: 2001~3000 완료 (36173개 누적)","logger":"task.stdout"}
{"timestamp":"2025-11-10T01:32:32.757224Z","level":"info","event":"2022-05-01 12시: 3001~4000 완료 (37173개 누적)","logger":"task.stdout"}
{"timestamp":"2025-11-10T01:32:34.094445Z","level":"info","event":"2022-05-01 12시: 4001~5000 완료 (38173개 누적)","logger":"task.stdout"}
{"timestamp":"2025-11-10T01:32:35.308482Z","level":"info","event":"2022-05-01 12시: 5001~6000 완료 (39173개 누적)","logger":"task.stdout"}
{"timestamp":"2025-11-10T01:32:36.595156Z","level":"info","event":"2022-05-01 12시: 6001~7000 완료 (40173개 누적)","logger":"task.stdout"}
{"timestamp":"2025-11-10T01:32:37.873915Z","level":"info","event":"2022-05-01 12시: 7001~7979 완료 (41152개 누적)","logger":"task.stdout"}
{"timestamp":"2025-11-10T01:32:40.691477Z","level":"info","event":"2022-05-01 13시: 1~1000 완료 (42152개 누적)","logger":"task.stdout"}
{"timestamp":"2025-11-10T01:32:42.054045Z","level":"info","event":"2022-05-01 13시: 1001~2000 완료 (43152개 누적)","logger":"task.stdout"}
{"timestamp":"2025-11-10T01:32:43.326418Z","level":"info","event":"2022-05-01 13시: 2001~3000 완료 (44152개 누적)","logger":"task.stdout"}
{"timestamp":"2025-11-10T01:32:44.739833Z","level":"info","event":"2022-05-01 13시: 3001~4000 완료 (45152개 누적)","logger":"task.stdout"}
{"timestamp":"2025-11-10T01:32:46.083292Z","level":"info","event":"2022-05-01 13시: 4001~5000 완료 (46152개 누적)","logger":"task.stdout"}
{"timestamp":"2025-11-10T01:32:47.550628Z","level":"info","event":"2022-05-01 13시: 5001~6000 완료 (47152개 누적)","logger":"task.stdout"}
{"timestamp":"2025-11-10T01:32:48.992656Z","level":"info","event":"2022-05-01 13시: 6001~7000 완료 (48152개 누적)","logger":"task.stdout"}
{"timestamp":"2025-11-10T01:32:50.525676Z","level":"info","event":"2022-05-01 13시: 7001~8000 완료 (49152개 누적)","logger":"task.stdout"}
{"timestamp":"2025-11-10T01:32:51.757810Z","level":"info","event":"2022-05-01 13시: 8001~9000 완료 (50152개 누적)","logger":"task.stdout"}
{"timestamp":"2025-11-10T01:32:53.169360Z","level":"info","event":"2022-05-01 13시: 9001~9367 완료 (50519개 누적)","logger":"task.stdout"}
{"timestamp":"2025-11-10T01:33:01.807291Z","level":"info","event":"2022-05-01 14시: 1~1000 완료 (51519개 누적)","logger":"task.stdout"}
{"timestamp":"2025-11-10T01:33:03.126323Z","level":"info","event":"2022-05-01 14시: 1001~2000 완료 (52519개 누적)","logger":"task.stdout"}
{"timestamp":"2025-11-10T01:33:04.475702Z","level":"info","event":"2022-05-01 14시: 2001~3000 완료 (53519개 누적)","logger":"task.stdout"}
{"timestamp":"2025-11-10T01:33:05.796170Z","level":"info","event":"2022-05-01 14시: 3001~4000 완료 (54519개 누적)","logger":"task.stdout"}
{"timestamp":"2025-11-10T01:33:07.099731Z","level":"info","event":"2022-05-01 14시: 4001~5000 완료 (55519개 누적)","logger":"task.stdout"}
{"timestamp":"2025-11-10T01:33:08.778955Z","level":"info","event":"2022-05-01 14시: 5001~6000 완료 (56519개 누적)","logger":"task.stdout"}
{"timestamp":"2025-11-10T01:33:10.146438Z","level":"info","event":"2022-05-01 14시: 6001~7000 완료 (57519개 누적)","logger":"task.stdout"}
{"timestamp":"2025-11-10T01:33:11.508221Z","level":"info","event":"2022-05-01 14시: 7001~8000 완료 (58519개 누적)","logger":"task.stdout"}
{"timestamp":"2025-11-10T01:33:12.965820Z","level":"info","event":"2022-05-01 14시: 8001~9000 완료 (59519개 누적)","logger":"task.stdout"}
{"timestamp":"2025-11-10T01:33:14.531247Z","level":"info","event":"2022-05-01 14시: 9001~10000 완료 (60519개 누적)","logger":"task.stdout"}
{"timestamp":"2025-11-10T01:33:15.943796Z","level":"info","event":"2022-05-01 14시: 10001~10565 완료 (61084개 누적)","logger":"task.stdout"}
{"timestamp":"2025-11-10T01:33:18.746870Z","level":"info","event":"2022-05-01 15시: 1~1000 완료 (62084개 누적)","logger":"task.stdout"}
{"timestamp":"2025-11-10T01:33:20.340245Z","level":"info","event":"2022-05-01 15시: 1001~2000 완료 (63084개 누적)","logger":"task.stdout"}
{"timestamp":"2025-11-10T01:33:21.764238Z","level":"info","event":"2022-05-01 15시: 2001~3000 완료 (64084개 누적)","logger":"task.stdout"}
{"timestamp":"2025-11-10T01:33:23.112645Z","level":"info","event":"2022-05-01 15시: 3001~4000 완료 (65084개 누적)","logger":"task.stdout"}
{"timestamp":"2025-11-10T01:33:24.564452Z","level":"info","event":"2022-05-01 15시: 4001~5000 완료 (66084개 누적)","logger":"task.stdout"}
{"timestamp":"2025-11-10T01:33:25.944925Z","level":"info","event":"2022-05-01 15시: 5001~6000 완료 (67084개 누적)","logger":"task.stdout"}
{"timestamp":"2025-11-10T01:33:27.341305Z","level":"info","event":"2022-05-01 15시: 6001~7000 완료 (68084개 누적)","logger":"task.stdout"}
{"timestamp":"2025-11-10T01:33:28.649391Z","level":"info","event":"2022-05-01 15시: 7001~8000 완료 (69084개 누적)","logger":"task.stdout"}
{"timestamp":"2025-11-10T01:33:29.975031Z","level":"info","event":"2022-05-01 15시: 8001~9000 완료 (70084개 누적)","logger":"task.stdout"}
{"timestamp":"2025-11-10T01:33:31.333683Z","level":"info","event":"2022-05-01 15시: 9001~10000 완료 (71084개 누적)","logger":"task.stdout"}
{"timestamp":"2025-11-10T01:33:35.927262Z","level":"info","event":"2022-05-01 15시: 10001~11000 완료 (72084개 누적)","logger":"task.stdout"}
{"timestamp":"2025-11-10T01:33:37.576577Z","level":"info","event":"2022-05-01 15시: 11001~11330 완료 (72414개 누적)","logger":"task.stdout"}
{"timestamp":"2025-11-10T01:33:39.867431Z","level":"info","event":"2022-05-01 16시: 1~1000 완료 (73414개 누적)","logger":"task.stdout"}
{"timestamp":"2025-11-10T01:33:41.397842Z","level":"info","event":"2022-05-01 16시: 1001~2000 완료 (74414개 누적)","logger":"task.stdout"}
{"timestamp":"2025-11-10T01:34:02.060447Z","level":"info","event":"2022-05-01 16시: 요청 실패 - HTTPConnectionPool(host='openapi.seoul.go.kr', port=8088): Max retries exceeded with url: /574d4268426539373930666f4b654e/json/tbCycleRentData/2001/3000/2022-05-01/16 (Caused by NameResolutionError(\"<urllib3.connection.HTTPConnection object at 0xffff88154710>: Failed to resolve 'openapi.seoul.go.kr' ([Errno -3] Temporary failure in name resolution)\"))","logger":"task.stdout"}
{"timestamp":"2025-11-10T01:34:05.766143Z","level":"info","event":"2022-05-01 17시: 1~1000 완료 (75414개 누적)","logger":"task.stdout"}
{"timestamp":"2025-11-10T01:34:07.188605Z","level":"info","event":"2022-05-01 17시: 1001~2000 완료 (76414개 누적)","logger":"task.stdout"}
{"timestamp":"2025-11-10T01:34:08.464127Z","level":"info","event":"2022-05-01 17시: 2001~3000 완료 (77414개 누적)","logger":"task.stdout"}
{"timestamp":"2025-11-10T01:34:09.781814Z","level":"info","event":"2022-05-01 17시: 3001~4000 완료 (78414개 누적)","logger":"task.stdout"}
{"timestamp":"2025-11-10T01:34:11.047092Z","level":"info","event":"2022-05-01 17시: 4001~5000 완료 (79414개 누적)","logger":"task.stdout"}
{"timestamp":"2025-11-10T01:34:12.338085Z","level":"info","event":"2022-05-01 17시: 5001~6000 완료 (80414개 누적)","logger":"task.stdout"}
{"timestamp":"2025-11-10T01:34:13.661644Z","level":"info","event":"2022-05-01 17시: 6001~7000 완료 (81414개 누적)","logger":"task.stdout"}
{"timestamp":"2025-11-10T01:34:14.921656Z","level":"info","event":"2022-05-01 17시: 7001~8000 완료 (82414개 누적)","logger":"task.stdout"}
{"timestamp":"2025-11-10T01:34:16.248884Z","level":"info","event":"2022-05-01 17시: 8001~9000 완료 (83414개 누적)","logger":"task.stdout"}
{"timestamp":"2025-11-10T01:34:17.600473Z","level":"info","event":"2022-05-01 17시: 9001~9940 완료 (84354개 누적)","logger":"task.stdout"}
{"timestamp":"2025-11-10T01:34:20.018266Z","level":"info","event":"2022-05-01 18시: 1~1000 완료 (85354개 누적)","logger":"task.stdout"}
{"timestamp":"2025-11-10T01:34:21.412233Z","level":"info","event":"2022-05-01 18시: 1001~2000 완료 (86354개 누적)","logger":"task.stdout"}
{"timestamp":"2025-11-10T01:34:22.759946Z","level":"info","event":"2022-05-01 18시: 2001~3000 완료 (87354개 누적)","logger":"task.stdout"}
{"timestamp":"2025-11-10T01:34:23.999375Z","level":"info","event":"2022-05-01 18시: 3001~4000 완료 (88354개 누적)","logger":"task.stdout"}
{"timestamp":"2025-11-10T01:34:25.338395Z","level":"info","event":"2022-05-01 18시: 4001~5000 완료 (89354개 누적)","logger":"task.stdout"}
{"timestamp":"2025-11-10T01:34:26.623841Z","level":"info","event":"2022-05-01 18시: 5001~6000 완료 (90354개 누적)","logger":"task.stdout"}
{"timestamp":"2025-11-10T01:34:27.887171Z","level":"info","event":"2022-05-01 18시: 6001~7000 완료 (91354개 누적)","logger":"task.stdout"}
{"timestamp":"2025-11-10T01:34:29.180021Z","level":"info","event":"2022-05-01 18시: 7001~8000 완료 (92354개 누적)","logger":"task.stdout"}
{"timestamp":"2025-11-10T01:34:30.318939Z","level":"info","event":"2022-05-01 18시: 8001~8559 완료 (92913개 누적)","logger":"task.stdout"}
{"timestamp":"2025-11-10T01:34:32.452117Z","level":"info","event":"2022-05-01 19시: 1~1000 완료 (93913개 누적)","logger":"task.stdout"}
{"timestamp":"2025-11-10T01:34:33.575131Z","level":"info","event":"2022-05-01 19시: 1001~2000 완료 (94913개 누적)","logger":"task.stdout"}
{"timestamp":"2025-11-10T01:34:35.053637Z","level":"info","event":"2022-05-01 19시: 2001~3000 완료 (95913개 누적)","logger":"task.stdout"}
{"timestamp":"2025-11-10T01:34:36.329939Z","level":"info","event":"2022-05-01 19시: 3001~4000 완료 (96913개 누적)","logger":"task.stdout"}
{"timestamp":"2025-11-10T01:34:37.582421Z","level":"info","event":"2022-05-01 19시: 4001~5000 완료 (97913개 누적)","logger":"task.stdout"}
{"timestamp":"2025-11-10T01:34:38.796445Z","level":"info","event":"2022-05-01 19시: 5001~6000 완료 (98913개 누적)","logger":"task.stdout"}
{"timestamp":"2025-11-10T01:34:39.979246Z","level":"info","event":"2022-05-01 19시: 6001~6845 완료 (99758개 누적)","logger":"task.stdout"}
{"timestamp":"2025-11-10T01:34:42.288971Z","level":"info","event":"2022-05-01 20시: 1~1000 완료 (100758개 누적)","logger":"task.stdout"}
{"timestamp":"2025-11-10T01:34:43.488669Z","level":"info","event":"2022-05-01 20시: 1001~2000 완료 (101758개 누적)","logger":"task.stdout"}
{"timestamp":"2025-11-10T01:34:44.697818Z","level":"info","event":"2022-05-01 20시: 2001~3000 완료 (102758개 누적)","logger":"task.stdout"}
{"timestamp":"2025-11-10T01:34:45.888619Z","level":"info","event":"2022-05-01 20시: 3001~4000 완료 (103758개 누적)","logger":"task.stdout"}
{"timestamp":"2025-11-10T01:34:47.327944Z","level":"info","event":"2022-05-01 20시: 4001~5000 완료 (104758개 누적)","logger":"task.stdout"}
{"timestamp":"2025-11-10T01:34:48.497091Z","level":"info","event":"2022-05-01 20시: 5001~6000 완료 (105758개 누적)","logger":"task.stdout"}
{"timestamp":"2025-11-10T01:34:49.467554Z","level":"info","event":"2022-05-01 20시: 6001~6086 완료 (105844개 누적)","logger":"task.stdout"}
{"timestamp":"2025-11-10T01:34:51.698004Z","level":"info","event":"2022-05-01 21시: 1~1000 완료 (106844개 누적)","logger":"task.stdout"}
{"timestamp":"2025-11-10T01:34:52.914652Z","level":"info","event":"2022-05-01 21시: 1001~2000 완료 (107844개 누적)","logger":"task.stdout"}
{"timestamp":"2025-11-10T01:34:54.137962Z","level":"info","event":"2022-05-01 21시: 2001~3000 완료 (108844개 누적)","logger":"task.stdout"}
{"timestamp":"2025-11-10T01:34:55.244295Z","level":"info","event":"2022-05-01 21시: 3001~4000 완료 (109844개 누적)","logger":"task.stdout"}
{"timestamp":"2025-11-10T01:34:56.367602Z","level":"info","event":"2022-05-01 21시: 4001~5000 완료 (110844개 누적)","logger":"task.stdout"}
{"timestamp":"2025-11-10T01:34:57.663259Z","level":"info","event":"2022-05-01 21시: 5001~5590 완료 (111434개 누적)","logger":"task.stdout"}
{"timestamp":"2025-11-10T01:34:59.712085Z","level":"info","event":"2022-05-01 22시: 1~1000 완료 (112434개 누적)","logger":"task.stdout"}
{"timestamp":"2025-11-10T01:35:00.921631Z","level":"info","event":"2022-05-01 22시: 1001~2000 완료 (113434개 누적)","logger":"task.stdout"}
{"timestamp":"2025-11-10T01:35:02.074224Z","level":"info","event":"2022-05-01 22시: 2001~3000 완료 (114434개 누적)","logger":"task.stdout"}
{"timestamp":"2025-11-10T01:35:03.160107Z","level":"info","event":"2022-05-01 22시: 3001~4000 완료 (115434개 누적)","logger":"task.stdout"}
{"timestamp":"2025-11-10T01:35:04.238192Z","level":"info","event":"2022-05-01 22시: 4001~4432 완료 (115866개 누적)","logger":"task.stdout"}
{"timestamp":"2025-11-10T01:35:06.152563Z","level":"info","event":"2022-05-01 23시: 1~1000 완료 (116866개 누적)","logger":"task.stdout"}
{"timestamp":"2025-11-10T01:35:07.229169Z","level":"info","event":"2022-05-01 23시: 1001~2000 완료 (117866개 누적)","logger":"task.stdout"}
{"timestamp":"2025-11-10T01:35:08.584220Z","level":"info","event":"2022-05-01 23시: 2001~3000 완료 (118866개 누적)","logger":"task.stdout"}
{"timestamp":"2025-11-10T01:35:09.728162Z","level":"info","event":"2022-05-01 23시: 3001~3213 완료 (119079개 누적)","logger":"task.stdout"}
{"timestamp":"2025-11-10T01:35:12.050319Z","level":"info","event":"2022-05-02 00시: 1~1000 완료 (120079개 누적)","logger":"task.stdout"}
{"timestamp":"2025-11-10T01:35:56.121298Z","level":"info","event":"2022-05-02 00시: 1001~2000 완료 (121079개 누적)","logger":"task.stdout"}
{"timestamp":"2025-11-10T01:35:56.123194Z","level":"info","event":"2022-05-02 00시: 요청 실패 - HTTPConnectionPool(host='openapi.seoul.go.kr', port=8088): Max retries exceeded with url: /574d4268426539373930666f4b654e/json/tbCycleRentData/2001/2517/2022-05-02/0 (Caused by NameResolutionError(\"<urllib3.connection.HTTPConnection object at 0xffff846b0320>: Failed to resolve 'openapi.seoul.go.kr' ([Errno -3] Temporary failure in name resolution)\"))","logger":"task.stdout"}
{"timestamp":"2025-11-10T01:35:57.720007Z","level":"info","event":"2022-05-02 01시: 1~1000 완료 (122079개 누적)","logger":"task.stdout"}
{"timestamp":"2025-11-10T01:35:58.823081Z","level":"info","event":"2022-05-02 01시: 1001~1528 완료 (122607개 누적)","logger":"task.stdout"}
{"timestamp":"2025-11-10T01:36:01.019473Z","level":"info","event":"2022-05-02 02시: 1~885 완료 (123492개 누적)","logger":"task.stdout"}
{"timestamp":"2025-11-10T01:36:03.037676Z","level":"info","event":"2022-05-02 03시: 1~570 완료 (124062개 누적)","logger":"task.stdout"}
{"timestamp":"2025-11-10T01:36:05.340185Z","level":"info","event":"2022-05-02 04시: 1~561 완료 (124623개 누적)","logger":"task.stdout"}
{"timestamp":"2025-11-10T01:36:07.899777Z","level":"info","event":"2022-05-02 05시: 1~1000 완료 (125623개 누적)","logger":"task.stdout"}
{"timestamp":"2025-11-10T01:36:09.026129Z","level":"info","event":"2022-05-02 05시: 1001~1263 완료 (125886개 누적)","logger":"task.stdout"}
{"timestamp":"2025-11-10T01:36:11.154944Z","level":"info","event":"2022-05-02 06시: 1~1000 완료 (126886개 누적)","logger":"task.stdout"}
{"timestamp":"2025-11-10T01:36:12.513288Z","level":"info","event":"2022-05-02 06시: 1001~2000 완료 (127886개 누적)","logger":"task.stdout"}
{"timestamp":"2025-11-10T01:36:13.813894Z","level":"info","event":"2022-05-02 06시: 2001~3000 완료 (128886개 누적)","logger":"task.stdout"}
{"timestamp":"2025-11-10T01:36:14.994777Z","level":"info","event":"2022-05-02 06시: 3001~3139 완료 (129025개 누적)","logger":"task.stdout"}
{"timestamp":"2025-11-10T01:36:17.520025Z","level":"info","event":"2022-05-02 07시: 1~1000 완료 (130025개 누적)","logger":"task.stdout"}
{"timestamp":"2025-11-10T01:36:18.932820Z","level":"info","event":"2022-05-02 07시: 1001~2000 완료 (131025개 누적)","logger":"task.stdout"}
{"timestamp":"2025-11-10T01:36:24.011846Z","level":"info","event":"2022-05-02 07시: 2001~3000 완료 (132025개 누적)","logger":"task.stdout"}
{"timestamp":"2025-11-10T01:36:25.441371Z","level":"info","event":"2022-05-02 07시: 3001~4000 완료 (133025개 누적)","logger":"task.stdout"}
{"timestamp":"2025-11-10T01:36:26.953967Z","level":"info","event":"2022-05-02 07시: 4001~5000 완료 (134025개 누적)","logger":"task.stdout"}
{"timestamp":"2025-11-10T01:36:28.629453Z","level":"info","event":"2022-05-02 07시: 5001~6000 완료 (135025개 누적)","logger":"task.stdout"}
{"timestamp":"2025-11-10T01:36:30.119293Z","level":"info","event":"2022-05-02 07시: 6001~7000 완료 (136025개 누적)","logger":"task.stdout"}
{"timestamp":"2025-11-10T01:36:31.526242Z","level":"info","event":"2022-05-02 07시: 7001~8000 완료 (137025개 누적)","logger":"task.stdout"}
{"timestamp":"2025-11-10T01:36:32.915081Z","level":"info","event":"2022-05-02 07시: 8001~8274 완료 (137299개 누적)","logger":"task.stdout"}
{"timestamp":"2025-11-10T01:36:36.011514Z","level":"info","event":"2022-05-02 08시: 1~1000 완료 (138299개 누적)","logger":"task.stdout"}
{"timestamp":"2025-11-10T01:36:37.555333Z","level":"info","event":"2022-05-02 08시: 1001~2000 완료 (139299개 누적)","logger":"task.stdout"}
{"timestamp":"2025-11-10T01:36:39.142596Z","level":"info","event":"2022-05-02 08시: 2001~3000 완료 (140299개 누적)","logger":"task.stdout"}
{"timestamp":"2025-11-10T01:36:40.934065Z","level":"info","event":"2022-05-02 08시: 3001~4000 완료 (141299개 누적)","logger":"task.stdout"}
{"timestamp":"2025-11-10T01:36:42.630047Z","level":"info","event":"2022-05-02 08시: 4001~5000 완료 (142299개 누적)","logger":"task.stdout"}
{"timestamp":"2025-11-10T01:36:44.191675Z","level":"info","event":"2022-05-02 08시: 5001~6000 완료 (143299개 누적)","logger":"task.stdout"}
{"timestamp":"2025-11-10T01:36:45.865200Z","level":"info","event":"2022-05-02 08시: 6001~7000 완료 (144299개 누적)","logger":"task.stdout"}
{"timestamp":"2025-11-10T01:36:47.632217Z","level":"info","event":"2022-05-02 08시: 7001~8000 완료 (145299개 누적)","logger":"task.stdout"}
{"timestamp":"2025-11-10T01:36:49.191149Z","level":"info","event":"2022-05-02 08시: 8001~9000 완료 (146299개 누적)","logger":"task.stdout"}
{"timestamp":"2025-11-10T01:36:50.990327Z","level":"info","event":"2022-05-02 08시: 9001~10000 완료 (147299개 누적)","logger":"task.stdout"}
{"timestamp":"2025-11-10T01:36:52.561708Z","level":"info","event":"2022-05-02 08시: 10001~11000 완료 (148299개 누적)","logger":"task.stdout"}
{"timestamp":"2025-11-10T01:36:54.252984Z","level":"info","event":"2022-05-02 08시: 11001~12000 완료 (149299개 누적)","logger":"task.stdout"}
{"timestamp":"2025-11-10T01:36:55.965082Z","level":"info","event":"2022-05-02 08시: 12001~13000 완료 (150299개 누적)","logger":"task.stdout"}
{"timestamp":"2025-11-10T01:36:57.477479Z","level":"info","event":"2022-05-02 08시: 13001~13262 완료 (150561개 누적)","logger":"task.stdout"}
{"timestamp":"2025-11-10T01:37:00.574849Z","level":"info","event":"2022-05-02 09시: 1~1000 완료 (151561개 누적)","logger":"task.stdout"}
{"timestamp":"2025-11-10T01:37:01.910608Z","level":"info","event":"2022-05-02 09시: 1001~2000 완료 (152561개 누적)","logger":"task.stdout"}
{"timestamp":"2025-11-10T01:37:03.222982Z","level":"info","event":"2022-05-02 09시: 2001~3000 완료 (153561개 누적)","logger":"task.stdout"}
{"timestamp":"2025-11-10T01:37:04.679804Z","level":"info","event":"2022-05-02 09시: 3001~4000 완료 (154561개 누적)","logger":"task.stdout"}
{"timestamp":"2025-11-10T01:37:19.788587Z","level":"info","event":"2022-05-02 09시: 4001~5000 완료 (155561개 누적)","logger":"task.stdout"}
{"timestamp":"2025-11-10T01:37:21.010566Z","level":"info","event":"2022-05-02 09시: 5001~6000 완료 (156561개 누적)","logger":"task.stdout"}
{"timestamp":"2025-11-10T01:37:22.386333Z","level":"info","event":"2022-05-02 09시: 6001~6920 완료 (157481개 누적)","logger":"task.stdout"}
{"timestamp":"2025-11-10T01:37:24.820674Z","level":"info","event":"2022-05-02 10시: 1~1000 완료 (158481개 누적)","logger":"task.stdout"}
{"timestamp":"2025-11-10T01:37:26.166497Z","level":"info","event":"2022-05-02 10시: 1001~2000 완료 (159481개 누적)","logger":"task.stdout"}
{"timestamp":"2025-11-10T01:37:27.467363Z","level":"info","event":"2022-05-02 10시: 2001~3000 완료 (160481개 누적)","logger":"task.stdout"}
{"timestamp":"2025-11-10T01:37:29.012661Z","level":"info","event":"2022-05-02 10시: 3001~4000 완료 (161481개 누적)","logger":"task.stdout"}
{"timestamp":"2025-11-10T01:37:30.437867Z","level":"info","event":"2022-05-02 10시: 4001~4966 완료 (162447개 누적)","logger":"task.stdout"}
{"timestamp":"2025-11-10T01:37:32.964982Z","level":"info","event":"2022-05-02 11시: 1~1000 완료 (163447개 누적)","logger":"task.stdout"}
{"timestamp":"2025-11-10T01:37:34.285664Z","level":"info","event":"2022-05-02 11시: 1001~2000 완료 (164447개 누적)","logger":"task.stdout"}
{"timestamp":"2025-11-10T01:37:35.575593Z","level":"info","event":"2022-05-02 11시: 2001~3000 완료 (165447개 누적)","logger":"task.stdout"}
{"timestamp":"2025-11-10T01:37:36.922604Z","level":"info","event":"2022-05-02 11시: 3001~4000 완료 (166447개 누적)","logger":"task.stdout"}
{"timestamp":"2025-11-10T01:37:38.219515Z","level":"info","event":"2022-05-02 11시: 4001~5000 완료 (167447개 누적)","logger":"task.stdout"}
{"timestamp":"2025-11-10T01:37:39.458568Z","level":"info","event":"2022-05-02 11시: 5001~5797 완료 (168244개 누적)","logger":"task.stdout"}
{"timestamp":"2025-11-10T01:37:42.130977Z","level":"info","event":"2022-05-02 12시: 1~1000 완료 (169244개 누적)","logger":"task.stdout"}
{"timestamp":"2025-11-10T01:37:43.590469Z","level":"info","event":"2022-05-02 12시: 1001~2000 완료 (170244개 누적)","logger":"task.stdout"}
{"timestamp":"2025-11-10T01:37:45.142685Z","level":"info","event":"2022-05-02 12시: 2001~3000 완료 (171244개 누적)","logger":"task.stdout"}
{"timestamp":"2025-11-10T01:37:46.478829Z","level":"info","event":"2022-05-02 12시: 3001~4000 완료 (172244개 누적)","logger":"task.stdout"}
{"timestamp":"2025-11-10T01:37:47.994579Z","level":"info","event":"2022-05-02 12시: 4001~5000 완료 (173244개 누적)","logger":"task.stdout"}
{"timestamp":"2025-11-10T01:37:49.392360Z","level":"info","event":"2022-05-02 12시: 5001~6000 완료 (174244개 누적)","logger":"task.stdout"}
{"timestamp":"2025-11-10T01:37:50.816164Z","level":"info","event":"2022-05-02 12시: 6001~6571 완료 (174815개 누적)","logger":"task.stdout"}
{"timestamp":"2025-11-10T01:37:53.627892Z","level":"info","event":"2022-05-02 13시: 1~1000 완료 (175815개 누적)","logger":"task.stdout"}
{"timestamp":"2025-11-10T01:37:55.550054Z","level":"info","event":"2022-05-02 13시: 1001~2000 완료 (176815개 누적)","logger":"task.stdout"}
{"timestamp":"2025-11-10T01:38:07.331924Z","level":"critical","event":"Process terminated by signal. Likely out of memory error (OOM). For more information, see https://airflow.apache.org/docs/apache-airflow/stable/troubleshooting.html#process-terminated-by-signal.","signal":-9,"signal_name":"SIGKILL","logger":"task"}
