{"timestamp":"2025-11-10T01:25:56.752955Z","level":"info","event":"DAG bundles loaded: dags-folder","logger":"airflow.dag_processing.bundles.manager.DagBundlesManager","filename":"manager.py","lineno":179}
{"timestamp":"2025-11-10T01:25:56.774813Z","level":"info","event":"Filling up the DagBag from /opt/airflow/dags/seoul_bike_rent_2022.py","logger":"airflow.models.dagbag.DagBag","filename":"dagbag.py","lineno":593}
{"timestamp":"2025-11-10T01:25:56.824264Z","level":"warning","event":"The `airflow.operators.python.PythonOperator` attribute is deprecated. Please use `'airflow.providers.standard.operators.python.PythonOperator'`.","category":"DeprecatedImportWarning","filename":"/opt/airflow/dags/seoul_bike_rent_2022.py","lineno":2,"logger":"py.warnings"}
{"timestamp":"2025-11-10T01:25:56.922743Z","level":"info","event":"Found credentials in environment variables.","logger":"botocore.credentials","filename":"credentials.py","lineno":1224}
{"timestamp":"2025-11-10T01:25:57.483381Z","level":"info","event":"유효한 정거장 3202개 로드","logger":"task.stdout"}
{"timestamp":"2025-11-10T01:26:00.380645Z","level":"info","event":"2022-10-01 00시: 1~1000 완료 (1000개 누적)","logger":"task.stdout"}
{"timestamp":"2025-11-10T01:26:01.705586Z","level":"info","event":"2022-10-01 00시: 1001~2000 완료 (2000개 누적)","logger":"task.stdout"}
{"timestamp":"2025-11-10T01:26:03.056246Z","level":"info","event":"2022-10-01 00시: 2001~3000 완료 (3000개 누적)","logger":"task.stdout"}
{"timestamp":"2025-11-10T01:26:04.502635Z","level":"info","event":"2022-10-01 00시: 3001~4000 완료 (4000개 누적)","logger":"task.stdout"}
{"timestamp":"2025-11-10T01:26:05.784971Z","level":"info","event":"2022-10-01 00시: 4001~5000 완료 (5000개 누적)","logger":"task.stdout"}
{"timestamp":"2025-11-10T01:26:07.117599Z","level":"info","event":"2022-10-01 00시: 5001~5550 완료 (5550개 누적)","logger":"task.stdout"}
{"timestamp":"2025-11-10T01:26:07.280349Z","level":"info","event":"2022-10-01 01시: 응답 없음","logger":"task.stdout"}
{"timestamp":"2025-11-10T01:26:09.442371Z","level":"info","event":"2022-10-01 02시: 1001~2000 완료 (6550개 누적)","logger":"task.stdout"}
{"timestamp":"2025-11-10T01:26:10.720893Z","level":"info","event":"2022-10-01 02시: 2001~2812 완료 (7362개 누적)","logger":"task.stdout"}
{"timestamp":"2025-11-10T01:26:12.850286Z","level":"info","event":"2022-10-01 03시: 1~1000 완료 (8362개 누적)","logger":"task.stdout"}
{"timestamp":"2025-11-10T01:26:14.067345Z","level":"info","event":"2022-10-01 03시: 1001~1705 완료 (9067개 누적)","logger":"task.stdout"}
{"timestamp":"2025-11-10T01:26:16.373431Z","level":"info","event":"2022-10-01 04시: 1~1000 완료 (10067개 누적)","logger":"task.stdout"}
{"timestamp":"2025-11-10T01:26:17.555259Z","level":"info","event":"2022-10-01 04시: 1001~1327 완료 (10394개 누적)","logger":"task.stdout"}
{"timestamp":"2025-11-10T01:26:19.756593Z","level":"info","event":"2022-10-01 05시: 1~1000 완료 (11394개 누적)","logger":"task.stdout"}
{"timestamp":"2025-11-10T01:26:20.931560Z","level":"info","event":"2022-10-01 05시: 1001~1383 완료 (11777개 누적)","logger":"task.stdout"}
{"timestamp":"2025-11-10T01:26:23.216344Z","level":"info","event":"2022-10-01 06시: 1~1000 완료 (12777개 누적)","logger":"task.stdout"}
{"timestamp":"2025-11-10T01:26:24.424549Z","level":"info","event":"2022-10-01 06시: 1001~1905 완료 (13682개 누적)","logger":"task.stdout"}
{"timestamp":"2025-11-10T01:26:26.700311Z","level":"info","event":"2022-10-01 07시: 1~1000 완료 (14682개 누적)","logger":"task.stdout"}
{"timestamp":"2025-11-10T01:26:27.875452Z","level":"info","event":"2022-10-01 07시: 1001~2000 완료 (15682개 누적)","logger":"task.stdout"}
{"timestamp":"2025-11-10T01:26:29.109024Z","level":"info","event":"2022-10-01 07시: 2001~2988 완료 (16670개 누적)","logger":"task.stdout"}
{"timestamp":"2025-11-10T01:26:31.471197Z","level":"info","event":"2022-10-01 08시: 1~1000 완료 (17670개 누적)","logger":"task.stdout"}
{"timestamp":"2025-11-10T01:26:32.975120Z","level":"info","event":"2022-10-01 08시: 1001~2000 완료 (18670개 누적)","logger":"task.stdout"}
{"timestamp":"2025-11-10T01:26:34.461762Z","level":"info","event":"2022-10-01 08시: 2001~3000 완료 (19670개 누적)","logger":"task.stdout"}
{"timestamp":"2025-11-10T01:26:35.711884Z","level":"info","event":"2022-10-01 08시: 3001~4000 완료 (20670개 누적)","logger":"task.stdout"}
{"timestamp":"2025-11-10T01:26:37.165651Z","level":"info","event":"2022-10-01 08시: 4001~5000 완료 (21670개 누적)","logger":"task.stdout"}
{"timestamp":"2025-11-10T01:26:38.890569Z","level":"info","event":"2022-10-01 08시: 5001~5575 완료 (22245개 누적)","logger":"task.stdout"}
{"timestamp":"2025-11-10T01:26:41.400925Z","level":"info","event":"2022-10-01 09시: 1~1000 완료 (23245개 누적)","logger":"task.stdout"}
{"timestamp":"2025-11-10T01:26:42.787779Z","level":"info","event":"2022-10-01 09시: 1001~2000 완료 (24245개 누적)","logger":"task.stdout"}
{"timestamp":"2025-11-10T01:26:44.190463Z","level":"info","event":"2022-10-01 09시: 2001~3000 완료 (25245개 누적)","logger":"task.stdout"}
{"timestamp":"2025-11-10T01:26:45.642059Z","level":"info","event":"2022-10-01 09시: 3001~4000 완료 (26245개 누적)","logger":"task.stdout"}
{"timestamp":"2025-11-10T01:26:47.027786Z","level":"info","event":"2022-10-01 09시: 4001~5000 완료 (27245개 누적)","logger":"task.stdout"}
{"timestamp":"2025-11-10T01:26:48.442686Z","level":"info","event":"2022-10-01 09시: 5001~6000 완료 (28245개 누적)","logger":"task.stdout"}
{"timestamp":"2025-11-10T01:26:49.794936Z","level":"info","event":"2022-10-01 09시: 6001~6666 완료 (28911개 누적)","logger":"task.stdout"}
{"timestamp":"2025-11-10T01:26:52.380045Z","level":"info","event":"2022-10-01 10시: 1~1000 완료 (29911개 누적)","logger":"task.stdout"}
{"timestamp":"2025-11-10T01:26:53.681101Z","level":"info","event":"2022-10-01 10시: 1001~2000 완료 (30911개 누적)","logger":"task.stdout"}
{"timestamp":"2025-11-10T01:26:55.227386Z","level":"info","event":"2022-10-01 10시: 2001~3000 완료 (31911개 누적)","logger":"task.stdout"}
{"timestamp":"2025-11-10T01:26:56.646995Z","level":"info","event":"2022-10-01 10시: 3001~4000 완료 (32911개 누적)","logger":"task.stdout"}
{"timestamp":"2025-11-10T01:26:57.971507Z","level":"info","event":"2022-10-01 10시: 4001~5000 완료 (33911개 누적)","logger":"task.stdout"}
{"timestamp":"2025-11-10T01:26:59.322745Z","level":"info","event":"2022-10-01 10시: 5001~6000 완료 (34911개 누적)","logger":"task.stdout"}
{"timestamp":"2025-11-10T01:27:00.752086Z","level":"info","event":"2022-10-01 10시: 6001~7000 완료 (35911개 누적)","logger":"task.stdout"}
{"timestamp":"2025-11-10T01:27:02.024390Z","level":"info","event":"2022-10-01 10시: 7001~7184 완료 (36095개 누적)","logger":"task.stdout"}
{"timestamp":"2025-11-10T01:27:04.515798Z","level":"info","event":"2022-10-01 11시: 1~1000 완료 (37095개 누적)","logger":"task.stdout"}
{"timestamp":"2025-11-10T01:27:05.937877Z","level":"info","event":"2022-10-01 11시: 1001~2000 완료 (38095개 누적)","logger":"task.stdout"}
{"timestamp":"2025-11-10T01:27:07.373187Z","level":"info","event":"2022-10-01 11시: 2001~3000 완료 (39095개 누적)","logger":"task.stdout"}
{"timestamp":"2025-11-10T01:27:08.781672Z","level":"info","event":"2022-10-01 11시: 3001~4000 완료 (40095개 누적)","logger":"task.stdout"}
{"timestamp":"2025-11-10T01:27:10.223289Z","level":"info","event":"2022-10-01 11시: 4001~5000 완료 (41095개 누적)","logger":"task.stdout"}
{"timestamp":"2025-11-10T01:27:11.632746Z","level":"info","event":"2022-10-01 11시: 5001~6000 완료 (42095개 누적)","logger":"task.stdout"}
{"timestamp":"2025-11-10T01:27:13.156577Z","level":"info","event":"2022-10-01 11시: 6001~7000 완료 (43095개 누적)","logger":"task.stdout"}
{"timestamp":"2025-11-10T01:27:14.534055Z","level":"info","event":"2022-10-01 11시: 7001~8000 완료 (44095개 누적)","logger":"task.stdout"}
{"timestamp":"2025-11-10T01:27:15.754545Z","level":"info","event":"2022-10-01 11시: 8001~8079 완료 (44174개 누적)","logger":"task.stdout"}
{"timestamp":"2025-11-10T01:27:18.379167Z","level":"info","event":"2022-10-01 12시: 1~1000 완료 (45174개 누적)","logger":"task.stdout"}
{"timestamp":"2025-11-10T01:27:19.961610Z","level":"info","event":"2022-10-01 12시: 1001~2000 완료 (46174개 누적)","logger":"task.stdout"}
{"timestamp":"2025-11-10T01:27:21.541943Z","level":"info","event":"2022-10-01 12시: 2001~3000 완료 (47174개 누적)","logger":"task.stdout"}
{"timestamp":"2025-11-10T01:27:22.959825Z","level":"info","event":"2022-10-01 12시: 3001~4000 완료 (48174개 누적)","logger":"task.stdout"}
{"timestamp":"2025-11-10T01:27:24.500339Z","level":"info","event":"2022-10-01 12시: 4001~5000 완료 (49174개 누적)","logger":"task.stdout"}
{"timestamp":"2025-11-10T01:27:25.917427Z","level":"info","event":"2022-10-01 12시: 5001~6000 완료 (50174개 누적)","logger":"task.stdout"}
{"timestamp":"2025-11-10T01:27:27.563430Z","level":"info","event":"2022-10-01 12시: 6001~7000 완료 (51174개 누적)","logger":"task.stdout"}
{"timestamp":"2025-11-10T01:27:29.050087Z","level":"info","event":"2022-10-01 12시: 7001~8000 완료 (52174개 누적)","logger":"task.stdout"}
{"timestamp":"2025-11-10T01:27:30.421051Z","level":"info","event":"2022-10-01 12시: 8001~9000 완료 (53174개 누적)","logger":"task.stdout"}
{"timestamp":"2025-11-10T01:27:31.826975Z","level":"info","event":"2022-10-01 12시: 9001~9002 완료 (53176개 누적)","logger":"task.stdout"}
{"timestamp":"2025-11-10T01:27:34.719981Z","level":"info","event":"2022-10-01 13시: 1~1000 완료 (54176개 누적)","logger":"task.stdout"}
{"timestamp":"2025-11-10T01:27:36.225633Z","level":"info","event":"2022-10-01 13시: 1001~2000 완료 (55176개 누적)","logger":"task.stdout"}
{"timestamp":"2025-11-10T01:27:37.769482Z","level":"info","event":"2022-10-01 13시: 2001~3000 완료 (56176개 누적)","logger":"task.stdout"}
{"timestamp":"2025-11-10T01:27:39.316030Z","level":"info","event":"2022-10-01 13시: 3001~4000 완료 (57176개 누적)","logger":"task.stdout"}
{"timestamp":"2025-11-10T01:27:40.705806Z","level":"info","event":"2022-10-01 13시: 4001~5000 완료 (58176개 누적)","logger":"task.stdout"}
{"timestamp":"2025-11-10T01:27:42.320918Z","level":"info","event":"2022-10-01 13시: 5001~6000 완료 (59176개 누적)","logger":"task.stdout"}
{"timestamp":"2025-11-10T01:27:43.860665Z","level":"info","event":"2022-10-01 13시: 6001~7000 완료 (60176개 누적)","logger":"task.stdout"}
{"timestamp":"2025-11-10T01:27:45.342695Z","level":"info","event":"2022-10-01 13시: 7001~8000 완료 (61176개 누적)","logger":"task.stdout"}
{"timestamp":"2025-11-10T01:27:46.857463Z","level":"info","event":"2022-10-01 13시: 8001~9000 완료 (62176개 누적)","logger":"task.stdout"}
{"timestamp":"2025-11-10T01:27:48.439342Z","level":"info","event":"2022-10-01 13시: 9001~9864 완료 (63040개 누적)","logger":"task.stdout"}
{"timestamp":"2025-11-10T01:27:51.297819Z","level":"info","event":"2022-10-01 14시: 1~1000 완료 (64040개 누적)","logger":"task.stdout"}
{"timestamp":"2025-11-10T01:27:52.822616Z","level":"info","event":"2022-10-01 14시: 1001~2000 완료 (65040개 누적)","logger":"task.stdout"}
{"timestamp":"2025-11-10T01:27:54.329556Z","level":"info","event":"2022-10-01 14시: 2001~3000 완료 (66040개 누적)","logger":"task.stdout"}
{"timestamp":"2025-11-10T01:27:55.885477Z","level":"info","event":"2022-10-01 14시: 3001~4000 완료 (67040개 누적)","logger":"task.stdout"}
{"timestamp":"2025-11-10T01:27:57.448334Z","level":"info","event":"2022-10-01 14시: 4001~5000 완료 (68040개 누적)","logger":"task.stdout"}
{"timestamp":"2025-11-10T01:27:58.895581Z","level":"info","event":"2022-10-01 14시: 5001~6000 완료 (69040개 누적)","logger":"task.stdout"}
{"timestamp":"2025-11-10T01:28:00.358118Z","level":"info","event":"2022-10-01 14시: 6001~7000 완료 (70040개 누적)","logger":"task.stdout"}
{"timestamp":"2025-11-10T01:28:01.986009Z","level":"info","event":"2022-10-01 14시: 7001~8000 완료 (71040개 누적)","logger":"task.stdout"}
{"timestamp":"2025-11-10T01:28:03.675658Z","level":"info","event":"2022-10-01 14시: 8001~9000 완료 (72040개 누적)","logger":"task.stdout"}
{"timestamp":"2025-11-10T01:28:05.085281Z","level":"info","event":"2022-10-01 14시: 9001~10000 완료 (73040개 누적)","logger":"task.stdout"}
{"timestamp":"2025-11-10T01:28:06.523070Z","level":"info","event":"2022-10-01 14시: 10001~10063 완료 (73103개 누적)","logger":"task.stdout"}
{"timestamp":"2025-11-10T01:28:09.341877Z","level":"info","event":"2022-10-01 15시: 1~1000 완료 (74103개 누적)","logger":"task.stdout"}
{"timestamp":"2025-11-10T01:28:10.903468Z","level":"info","event":"2022-10-01 15시: 1001~2000 완료 (75103개 누적)","logger":"task.stdout"}
{"timestamp":"2025-11-10T01:28:12.491268Z","level":"info","event":"2022-10-01 15시: 2001~3000 완료 (76103개 누적)","logger":"task.stdout"}
{"timestamp":"2025-11-10T01:28:14.019525Z","level":"info","event":"2022-10-01 15시: 3001~4000 완료 (77103개 누적)","logger":"task.stdout"}
{"timestamp":"2025-11-10T01:28:15.531255Z","level":"info","event":"2022-10-01 15시: 4001~5000 완료 (78103개 누적)","logger":"task.stdout"}
{"timestamp":"2025-11-10T01:28:17.079235Z","level":"info","event":"2022-10-01 15시: 5001~6000 완료 (79103개 누적)","logger":"task.stdout"}
{"timestamp":"2025-11-10T01:28:18.640005Z","level":"info","event":"2022-10-01 15시: 6001~7000 완료 (80103개 누적)","logger":"task.stdout"}
{"timestamp":"2025-11-10T01:28:20.148852Z","level":"info","event":"2022-10-01 15시: 7001~8000 완료 (81103개 누적)","logger":"task.stdout"}
{"timestamp":"2025-11-10T01:28:21.754108Z","level":"info","event":"2022-10-01 15시: 8001~9000 완료 (82103개 누적)","logger":"task.stdout"}
{"timestamp":"2025-11-10T01:28:23.333222Z","level":"info","event":"2022-10-01 15시: 9001~10000 완료 (83103개 누적)","logger":"task.stdout"}
{"timestamp":"2025-11-10T01:28:24.804446Z","level":"info","event":"2022-10-01 15시: 10001~11000 완료 (84103개 누적)","logger":"task.stdout"}
{"timestamp":"2025-11-10T01:28:26.175699Z","level":"info","event":"2022-10-01 15시: 11001~11118 완료 (84221개 누적)","logger":"task.stdout"}
{"timestamp":"2025-11-10T01:28:29.125386Z","level":"info","event":"2022-10-01 16시: 1~1000 완료 (85221개 누적)","logger":"task.stdout"}
{"timestamp":"2025-11-10T01:28:30.701179Z","level":"info","event":"2022-10-01 16시: 1001~2000 완료 (86221개 누적)","logger":"task.stdout"}
{"timestamp":"2025-11-10T01:28:32.289458Z","level":"info","event":"2022-10-01 16시: 2001~3000 완료 (87221개 누적)","logger":"task.stdout"}
{"timestamp":"2025-11-10T01:28:33.844381Z","level":"info","event":"2022-10-01 16시: 3001~4000 완료 (88221개 누적)","logger":"task.stdout"}
{"timestamp":"2025-11-10T01:28:35.538182Z","level":"info","event":"2022-10-01 16시: 4001~5000 완료 (89221개 누적)","logger":"task.stdout"}
{"timestamp":"2025-11-10T01:28:37.138815Z","level":"info","event":"2022-10-01 16시: 5001~6000 완료 (90221개 누적)","logger":"task.stdout"}
{"timestamp":"2025-11-10T01:28:38.717644Z","level":"info","event":"2022-10-01 16시: 6001~7000 완료 (91221개 누적)","logger":"task.stdout"}
{"timestamp":"2025-11-10T01:28:40.388829Z","level":"info","event":"2022-10-01 16시: 7001~8000 완료 (92221개 누적)","logger":"task.stdout"}
{"timestamp":"2025-11-10T01:28:41.911569Z","level":"info","event":"2022-10-01 16시: 8001~9000 완료 (93221개 누적)","logger":"task.stdout"}
{"timestamp":"2025-11-10T01:28:43.549001Z","level":"info","event":"2022-10-01 16시: 9001~10000 완료 (94221개 누적)","logger":"task.stdout"}
{"timestamp":"2025-11-10T01:28:45.297700Z","level":"info","event":"2022-10-01 16시: 10001~11000 완료 (95221개 누적)","logger":"task.stdout"}
{"timestamp":"2025-11-10T01:28:46.968167Z","level":"info","event":"2022-10-01 16시: 11001~12000 완료 (96221개 누적)","logger":"task.stdout"}
{"timestamp":"2025-11-10T01:28:48.479464Z","level":"info","event":"2022-10-01 16시: 12001~12611 완료 (96832개 누적)","logger":"task.stdout"}
{"timestamp":"2025-11-10T01:28:51.367954Z","level":"info","event":"2022-10-01 17시: 1~1000 완료 (97832개 누적)","logger":"task.stdout"}
{"timestamp":"2025-11-10T01:28:52.939738Z","level":"info","event":"2022-10-01 17시: 1001~2000 완료 (98832개 누적)","logger":"task.stdout"}
{"timestamp":"2025-11-10T01:28:54.599261Z","level":"info","event":"2022-10-01 17시: 2001~3000 완료 (99832개 누적)","logger":"task.stdout"}
{"timestamp":"2025-11-10T01:28:56.249379Z","level":"info","event":"2022-10-01 17시: 3001~4000 완료 (100832개 누적)","logger":"task.stdout"}
{"timestamp":"2025-11-10T01:28:58.101285Z","level":"info","event":"2022-10-01 17시: 4001~5000 완료 (101832개 누적)","logger":"task.stdout"}
{"timestamp":"2025-11-10T01:28:59.601632Z","level":"info","event":"2022-10-01 17시: 5001~6000 완료 (102832개 누적)","logger":"task.stdout"}
{"timestamp":"2025-11-10T01:29:01.090238Z","level":"info","event":"2022-10-01 17시: 6001~7000 완료 (103832개 누적)","logger":"task.stdout"}
{"timestamp":"2025-11-10T01:29:02.694089Z","level":"info","event":"2022-10-01 17시: 7001~8000 완료 (104832개 누적)","logger":"task.stdout"}
{"timestamp":"2025-11-10T01:29:04.339084Z","level":"info","event":"2022-10-01 17시: 8001~9000 완료 (105832개 누적)","logger":"task.stdout"}
{"timestamp":"2025-11-10T01:29:05.982310Z","level":"info","event":"2022-10-01 17시: 9001~10000 완료 (106832개 누적)","logger":"task.stdout"}
{"timestamp":"2025-11-10T01:29:07.617921Z","level":"info","event":"2022-10-01 17시: 10001~11000 완료 (107832개 누적)","logger":"task.stdout"}
{"timestamp":"2025-11-10T01:29:09.279647Z","level":"info","event":"2022-10-01 17시: 11001~12000 완료 (108832개 누적)","logger":"task.stdout"}
{"timestamp":"2025-11-10T01:29:10.929204Z","level":"info","event":"2022-10-01 17시: 12001~13000 완료 (109832개 누적)","logger":"task.stdout"}
{"timestamp":"2025-11-10T01:29:12.369943Z","level":"info","event":"2022-10-01 17시: 13001~13042 완료 (109874개 누적)","logger":"task.stdout"}
{"timestamp":"2025-11-10T01:29:15.283106Z","level":"info","event":"2022-10-01 18시: 1~1000 완료 (110874개 누적)","logger":"task.stdout"}
{"timestamp":"2025-11-10T01:29:16.816229Z","level":"info","event":"2022-10-01 18시: 1001~2000 완료 (111874개 누적)","logger":"task.stdout"}
{"timestamp":"2025-11-10T01:29:18.422350Z","level":"info","event":"2022-10-01 18시: 2001~3000 완료 (112874개 누적)","logger":"task.stdout"}
{"timestamp":"2025-11-10T01:29:19.992256Z","level":"info","event":"2022-10-01 18시: 3001~4000 완료 (113874개 누적)","logger":"task.stdout"}
{"timestamp":"2025-11-10T01:29:21.525787Z","level":"info","event":"2022-10-01 18시: 4001~5000 완료 (114874개 누적)","logger":"task.stdout"}
{"timestamp":"2025-11-10T01:29:23.103002Z","level":"info","event":"2022-10-01 18시: 5001~6000 완료 (115874개 누적)","logger":"task.stdout"}
{"timestamp":"2025-11-10T01:29:24.624873Z","level":"info","event":"2022-10-01 18시: 6001~7000 완료 (116874개 누적)","logger":"task.stdout"}
{"timestamp":"2025-11-10T01:29:26.102439Z","level":"info","event":"2022-10-01 18시: 7001~8000 완료 (117874개 누적)","logger":"task.stdout"}
{"timestamp":"2025-11-10T01:29:27.764421Z","level":"info","event":"2022-10-01 18시: 8001~9000 완료 (118874개 누적)","logger":"task.stdout"}
{"timestamp":"2025-11-10T01:29:29.379591Z","level":"info","event":"2022-10-01 18시: 9001~10000 완료 (119874개 누적)","logger":"task.stdout"}
{"timestamp":"2025-11-10T01:29:30.829674Z","level":"info","event":"2022-10-01 18시: 10001~11000 완료 (120874개 누적)","logger":"task.stdout"}
{"timestamp":"2025-11-10T01:29:32.439770Z","level":"info","event":"2022-10-01 18시: 11001~12000 완료 (121874개 누적)","logger":"task.stdout"}
{"timestamp":"2025-11-10T01:29:33.883754Z","level":"info","event":"2022-10-01 18시: 12001~12755 완료 (122629개 누적)","logger":"task.stdout"}
{"timestamp":"2025-11-10T01:29:36.611562Z","level":"info","event":"2022-10-01 19시: 1~1000 완료 (123629개 누적)","logger":"task.stdout"}
{"timestamp":"2025-11-10T01:29:38.113658Z","level":"info","event":"2022-10-01 19시: 1001~2000 완료 (124629개 누적)","logger":"task.stdout"}
{"timestamp":"2025-11-10T01:29:39.658348Z","level":"info","event":"2022-10-01 19시: 2001~3000 완료 (125629개 누적)","logger":"task.stdout"}
{"timestamp":"2025-11-10T01:29:41.147901Z","level":"info","event":"2022-10-01 19시: 3001~4000 완료 (126629개 누적)","logger":"task.stdout"}
{"timestamp":"2025-11-10T01:29:42.886077Z","level":"info","event":"2022-10-01 19시: 4001~5000 완료 (127629개 누적)","logger":"task.stdout"}
{"timestamp":"2025-11-10T01:29:44.382587Z","level":"info","event":"2022-10-01 19시: 5001~6000 완료 (128629개 누적)","logger":"task.stdout"}
{"timestamp":"2025-11-10T01:29:45.855869Z","level":"info","event":"2022-10-01 19시: 6001~7000 완료 (129629개 누적)","logger":"task.stdout"}
{"timestamp":"2025-11-10T01:29:47.419248Z","level":"info","event":"2022-10-01 19시: 7001~8000 완료 (130629개 누적)","logger":"task.stdout"}
{"timestamp":"2025-11-10T01:29:48.919988Z","level":"info","event":"2022-10-01 19시: 8001~9000 완료 (131629개 누적)","logger":"task.stdout"}
{"timestamp":"2025-11-10T01:29:50.385686Z","level":"info","event":"2022-10-01 19시: 9001~10000 완료 (132629개 누적)","logger":"task.stdout"}
{"timestamp":"2025-11-10T01:29:51.886847Z","level":"info","event":"2022-10-01 19시: 10001~10902 완료 (133531개 누적)","logger":"task.stdout"}
{"timestamp":"2025-11-10T01:29:54.745951Z","level":"info","event":"2022-10-01 20시: 1~1000 완료 (134531개 누적)","logger":"task.stdout"}
{"timestamp":"2025-11-10T01:29:56.224941Z","level":"info","event":"2022-10-01 20시: 1001~2000 완료 (135531개 누적)","logger":"task.stdout"}
{"timestamp":"2025-11-10T01:29:57.662870Z","level":"info","event":"2022-10-01 20시: 2001~3000 완료 (136531개 누적)","logger":"task.stdout"}
{"timestamp":"2025-11-10T01:29:59.101954Z","level":"info","event":"2022-10-01 20시: 3001~4000 완료 (137531개 누적)","logger":"task.stdout"}
{"timestamp":"2025-11-10T01:30:00.483878Z","level":"info","event":"2022-10-01 20시: 4001~5000 완료 (138531개 누적)","logger":"task.stdout"}
{"timestamp":"2025-11-10T01:30:02.000920Z","level":"info","event":"2022-10-01 20시: 5001~6000 완료 (139531개 누적)","logger":"task.stdout"}
{"timestamp":"2025-11-10T01:30:03.652039Z","level":"info","event":"2022-10-01 20시: 6001~7000 완료 (140531개 누적)","logger":"task.stdout"}
{"timestamp":"2025-11-10T01:30:05.622553Z","level":"info","event":"2022-10-01 20시: 7001~8000 완료 (141531개 누적)","logger":"task.stdout"}
{"timestamp":"2025-11-10T01:30:07.135801Z","level":"info","event":"2022-10-01 20시: 8001~9000 완료 (142531개 누적)","logger":"task.stdout"}
{"timestamp":"2025-11-10T01:30:08.660863Z","level":"info","event":"2022-10-01 20시: 9001~10000 완료 (143531개 누적)","logger":"task.stdout"}
{"timestamp":"2025-11-10T01:30:09.947329Z","level":"info","event":"2022-10-01 20시: 10001~10073 완료 (143604개 누적)","logger":"task.stdout"}
{"timestamp":"2025-11-10T01:30:12.743426Z","level":"info","event":"2022-10-01 21시: 1~1000 완료 (144604개 누적)","logger":"task.stdout"}
{"timestamp":"2025-11-10T01:30:14.201155Z","level":"info","event":"2022-10-01 21시: 1001~2000 완료 (145604개 누적)","logger":"task.stdout"}
{"timestamp":"2025-11-10T01:30:15.700344Z","level":"info","event":"2022-10-01 21시: 2001~3000 완료 (146604개 누적)","logger":"task.stdout"}
{"timestamp":"2025-11-10T01:30:17.063848Z","level":"info","event":"2022-10-01 21시: 3001~4000 완료 (147604개 누적)","logger":"task.stdout"}
{"timestamp":"2025-11-10T01:30:18.598943Z","level":"info","event":"2022-10-01 21시: 4001~5000 완료 (148604개 누적)","logger":"task.stdout"}
{"timestamp":"2025-11-10T01:30:20.087127Z","level":"info","event":"2022-10-01 21시: 5001~6000 완료 (149604개 누적)","logger":"task.stdout"}
{"timestamp":"2025-11-10T01:30:21.582786Z","level":"info","event":"2022-10-01 21시: 6001~7000 완료 (150604개 누적)","logger":"task.stdout"}
{"timestamp":"2025-11-10T01:30:23.093092Z","level":"info","event":"2022-10-01 21시: 7001~8000 완료 (151604개 누적)","logger":"task.stdout"}
{"timestamp":"2025-11-10T01:30:24.581652Z","level":"info","event":"2022-10-01 21시: 8001~9000 완료 (152604개 누적)","logger":"task.stdout"}
{"timestamp":"2025-11-10T01:30:25.959325Z","level":"info","event":"2022-10-01 21시: 9001~9496 완료 (153100개 누적)","logger":"task.stdout"}
{"timestamp":"2025-11-10T01:30:28.542444Z","level":"info","event":"2022-10-01 22시: 1~1000 완료 (154100개 누적)","logger":"task.stdout"}
{"timestamp":"2025-11-10T01:30:29.852986Z","level":"info","event":"2022-10-01 22시: 1001~2000 완료 (155100개 누적)","logger":"task.stdout"}
{"timestamp":"2025-11-10T01:30:31.303371Z","level":"info","event":"2022-10-01 22시: 2001~3000 완료 (156100개 누적)","logger":"task.stdout"}
{"timestamp":"2025-11-10T01:30:32.751518Z","level":"info","event":"2022-10-01 22시: 3001~4000 완료 (157100개 누적)","logger":"task.stdout"}
{"timestamp":"2025-11-10T01:30:34.174033Z","level":"info","event":"2022-10-01 22시: 4001~5000 완료 (158100개 누적)","logger":"task.stdout"}
{"timestamp":"2025-11-10T01:30:35.586514Z","level":"info","event":"2022-10-01 22시: 5001~6000 완료 (159100개 누적)","logger":"task.stdout"}
{"timestamp":"2025-11-10T01:30:36.919844Z","level":"info","event":"2022-10-01 22시: 6001~7000 완료 (160100개 누적)","logger":"task.stdout"}
{"timestamp":"2025-11-10T01:30:38.319349Z","level":"info","event":"2022-10-01 22시: 7001~8000 완료 (161100개 누적)","logger":"task.stdout"}
{"timestamp":"2025-11-10T01:30:39.682913Z","level":"info","event":"2022-10-01 22시: 8001~8456 완료 (161556개 누적)","logger":"task.stdout"}
{"timestamp":"2025-11-10T01:30:42.278469Z","level":"info","event":"2022-10-01 23시: 1~1000 완료 (162556개 누적)","logger":"task.stdout"}
{"timestamp":"2025-11-10T01:30:43.667306Z","level":"info","event":"2022-10-01 23시: 1001~2000 완료 (163556개 누적)","logger":"task.stdout"}
{"timestamp":"2025-11-10T01:30:45.019564Z","level":"info","event":"2022-10-01 23시: 2001~3000 완료 (164556개 누적)","logger":"task.stdout"}
{"timestamp":"2025-11-10T01:30:46.512554Z","level":"info","event":"2022-10-01 23시: 3001~4000 완료 (165556개 누적)","logger":"task.stdout"}
{"timestamp":"2025-11-10T01:30:47.914658Z","level":"info","event":"2022-10-01 23시: 4001~5000 완료 (166556개 누적)","logger":"task.stdout"}
{"timestamp":"2025-11-10T01:30:49.421911Z","level":"info","event":"2022-10-01 23시: 5001~6000 완료 (167556개 누적)","logger":"task.stdout"}
{"timestamp":"2025-11-10T01:30:50.754433Z","level":"info","event":"2022-10-01 23시: 6001~6382 완료 (167938개 누적)","logger":"task.stdout"}
{"timestamp":"2025-11-10T01:30:53.135866Z","level":"info","event":"2022-10-02 00시: 1~1000 완료 (168938개 누적)","logger":"task.stdout"}
{"timestamp":"2025-11-10T01:30:54.166370Z","level":"info","event":"2022-10-02 00시: 1001~2000 완료 (169938개 누적)","logger":"task.stdout"}
{"timestamp":"2025-11-10T01:30:55.224560Z","level":"info","event":"2022-10-02 00시: 2001~3000 완료 (170938개 누적)","logger":"task.stdout"}
{"timestamp":"2025-11-10T01:30:56.756083Z","level":"info","event":"2022-10-02 00시: 3001~4000 완료 (171938개 누적)","logger":"task.stdout"}
{"timestamp":"2025-11-10T01:30:57.860530Z","level":"info","event":"2022-10-02 00시: 4001~5000 완료 (172938개 누적)","logger":"task.stdout"}
{"timestamp":"2025-11-10T01:30:58.656758Z","level":"info","event":"2022-10-02 00시: 5001~5409 완료 (173347개 누적)","logger":"task.stdout"}
{"timestamp":"2025-11-10T01:31:00.171176Z","level":"info","event":"2022-10-02 01시: 1~1000 완료 (174347개 누적)","logger":"task.stdout"}
{"timestamp":"2025-11-10T01:31:01.012710Z","level":"info","event":"2022-10-02 01시: 1001~2000 완료 (175347개 누적)","logger":"task.stdout"}
{"timestamp":"2025-11-10T01:31:01.844279Z","level":"info","event":"2022-10-02 01시: 2001~3000 완료 (176347개 누적)","logger":"task.stdout"}
{"timestamp":"2025-11-10T01:31:02.724569Z","level":"info","event":"2022-10-02 01시: 3001~3559 완료 (176906개 누적)","logger":"task.stdout"}
{"timestamp":"2025-11-10T01:31:04.139335Z","level":"info","event":"2022-10-02 02시: 1~1000 완료 (177906개 누적)","logger":"task.stdout"}
{"timestamp":"2025-11-10T01:31:04.963603Z","level":"info","event":"2022-10-02 02시: 1001~2000 완료 (178906개 누적)","logger":"task.stdout"}
{"timestamp":"2025-11-10T01:31:05.741950Z","level":"info","event":"2022-10-02 02시: 2001~2386 완료 (179292개 누적)","logger":"task.stdout"}
{"timestamp":"2025-11-10T01:31:07.056899Z","level":"info","event":"2022-10-02 03시: 1~1000 완료 (180292개 누적)","logger":"task.stdout"}
{"timestamp":"2025-11-10T01:31:07.981253Z","level":"info","event":"2022-10-02 03시: 1001~1540 완료 (180832개 누적)","logger":"task.stdout"}
{"timestamp":"2025-11-10T01:31:09.377145Z","level":"info","event":"2022-10-02 04시: 1~1000 완료 (181832개 누적)","logger":"task.stdout"}
{"timestamp":"2025-11-10T01:31:10.033727Z","level":"info","event":"2022-10-02 04시: 1001~1070 완료 (181902개 누적)","logger":"task.stdout"}
{"timestamp":"2025-11-10T01:31:11.294440Z","level":"info","event":"2022-10-02 05시: 1~918 완료 (182820개 누적)","logger":"task.stdout"}
{"timestamp":"2025-11-10T01:31:12.655719Z","level":"info","event":"2022-10-02 06시: 1~729 완료 (183549개 누적)","logger":"task.stdout"}
{"timestamp":"2025-11-10T01:31:14.095126Z","level":"info","event":"2022-10-02 07시: 1~1000 완료 (184549개 누적)","logger":"task.stdout"}
{"timestamp":"2025-11-10T01:31:14.756289Z","level":"info","event":"2022-10-02 07시: 1001~1146 완료 (184695개 누적)","logger":"task.stdout"}
{"timestamp":"2025-11-10T01:31:16.354532Z","level":"info","event":"2022-10-02 08시: 1~1000 완료 (185695개 누적)","logger":"task.stdout"}
{"timestamp":"2025-11-10T01:31:17.249304Z","level":"info","event":"2022-10-02 08시: 1001~2000 완료 (186695개 누적)","logger":"task.stdout"}
{"timestamp":"2025-11-10T01:31:18.081150Z","level":"info","event":"2022-10-02 08시: 2001~2098 완료 (186793개 누적)","logger":"task.stdout"}
{"timestamp":"2025-11-10T01:31:19.680009Z","level":"info","event":"2022-10-02 09시: 1~1000 완료 (187793개 누적)","logger":"task.stdout"}
{"timestamp":"2025-11-10T01:31:20.589701Z","level":"info","event":"2022-10-02 09시: 1001~2000 완료 (188793개 누적)","logger":"task.stdout"}
{"timestamp":"2025-11-10T01:31:21.485213Z","level":"info","event":"2022-10-02 09시: 2001~3000 완료 (189793개 누적)","logger":"task.stdout"}
{"timestamp":"2025-11-10T01:31:22.529084Z","level":"info","event":"2022-10-02 09시: 3001~4000 완료 (190793개 누적)","logger":"task.stdout"}
{"timestamp":"2025-11-10T01:31:23.335806Z","level":"info","event":"2022-10-02 09시: 4001~4019 완료 (190812개 누적)","logger":"task.stdout"}
{"timestamp":"2025-11-10T01:31:25.270177Z","level":"info","event":"2022-10-02 10시: 1~1000 완료 (191812개 누적)","logger":"task.stdout"}
{"timestamp":"2025-11-10T01:31:26.349139Z","level":"info","event":"2022-10-02 10시: 1001~2000 완료 (192812개 누적)","logger":"task.stdout"}
{"timestamp":"2025-11-10T01:31:27.403610Z","level":"info","event":"2022-10-02 10시: 2001~3000 완료 (193812개 누적)","logger":"task.stdout"}
{"timestamp":"2025-11-10T01:31:28.508151Z","level":"info","event":"2022-10-02 10시: 3001~4000 완료 (194812개 누적)","logger":"task.stdout"}
{"timestamp":"2025-11-10T01:31:29.515365Z","level":"info","event":"2022-10-02 10시: 4001~5000 완료 (195812개 누적)","logger":"task.stdout"}
{"timestamp":"2025-11-10T01:31:30.504366Z","level":"info","event":"2022-10-02 10시: 5001~5354 완료 (196166개 누적)","logger":"task.stdout"}
{"timestamp":"2025-11-10T01:31:32.407575Z","level":"info","event":"2022-10-02 11시: 1~1000 완료 (197166개 누적)","logger":"task.stdout"}
{"timestamp":"2025-11-10T01:31:33.473557Z","level":"info","event":"2022-10-02 11시: 1001~2000 완료 (198166개 누적)","logger":"task.stdout"}
{"timestamp":"2025-11-10T01:31:34.419756Z","level":"info","event":"2022-10-02 11시: 2001~3000 완료 (199166개 누적)","logger":"task.stdout"}
{"timestamp":"2025-11-10T01:31:35.448278Z","level":"info","event":"2022-10-02 11시: 3001~4000 완료 (200166개 누적)","logger":"task.stdout"}
{"timestamp":"2025-11-10T01:31:36.517149Z","level":"info","event":"2022-10-02 11시: 4001~5000 완료 (201166개 누적)","logger":"task.stdout"}
{"timestamp":"2025-11-10T01:31:37.476718Z","level":"info","event":"2022-10-02 11시: 5001~6000 완료 (202166개 누적)","logger":"task.stdout"}
{"timestamp":"2025-11-10T01:31:38.426145Z","level":"info","event":"2022-10-02 11시: 6001~6318 완료 (202484개 누적)","logger":"task.stdout"}
{"timestamp":"2025-11-10T01:31:40.286592Z","level":"info","event":"2022-10-02 12시: 1~1000 완료 (203484개 누적)","logger":"task.stdout"}
{"timestamp":"2025-11-10T01:31:41.279426Z","level":"info","event":"2022-10-02 12시: 1001~2000 완료 (204484개 누적)","logger":"task.stdout"}
{"timestamp":"2025-11-10T01:31:42.377247Z","level":"info","event":"2022-10-02 12시: 2001~3000 완료 (205484개 누적)","logger":"task.stdout"}
{"timestamp":"2025-11-10T01:31:43.387187Z","level":"info","event":"2022-10-02 12시: 3001~4000 완료 (206484개 누적)","logger":"task.stdout"}
{"timestamp":"2025-11-10T01:31:44.379732Z","level":"info","event":"2022-10-02 12시: 4001~5000 완료 (207484개 누적)","logger":"task.stdout"}
{"timestamp":"2025-11-10T01:31:45.497794Z","level":"info","event":"2022-10-02 12시: 5001~6000 완료 (208484개 누적)","logger":"task.stdout"}
{"timestamp":"2025-11-10T01:31:46.493994Z","level":"info","event":"2022-10-02 12시: 6001~7000 완료 (209484개 누적)","logger":"task.stdout"}
{"timestamp":"2025-11-10T01:31:47.393313Z","level":"info","event":"2022-10-02 12시: 7001~7240 완료 (209724개 누적)","logger":"task.stdout"}
{"timestamp":"2025-11-10T01:31:49.401744Z","level":"info","event":"2022-10-02 13시: 1~1000 완료 (210724개 누적)","logger":"task.stdout"}
{"timestamp":"2025-11-10T01:31:50.413713Z","level":"info","event":"2022-10-02 13시: 1001~2000 완료 (211724개 누적)","logger":"task.stdout"}
{"timestamp":"2025-11-10T01:31:51.674451Z","level":"info","event":"2022-10-02 13시: 2001~3000 완료 (212724개 누적)","logger":"task.stdout"}
{"timestamp":"2025-11-10T01:31:52.687069Z","level":"info","event":"2022-10-02 13시: 3001~4000 완료 (213724개 누적)","logger":"task.stdout"}
{"timestamp":"2025-11-10T01:31:53.702841Z","level":"info","event":"2022-10-02 13시: 4001~5000 완료 (214724개 누적)","logger":"task.stdout"}
{"timestamp":"2025-11-10T01:31:54.730595Z","level":"info","event":"2022-10-02 13시: 5001~6000 완료 (215724개 누적)","logger":"task.stdout"}
{"timestamp":"2025-11-10T01:31:55.703721Z","level":"info","event":"2022-10-02 13시: 6001~7000 완료 (216724개 누적)","logger":"task.stdout"}
{"timestamp":"2025-11-10T01:31:56.615975Z","level":"info","event":"2022-10-02 13시: 7001~7353 완료 (217077개 누적)","logger":"task.stdout"}
{"timestamp":"2025-11-10T01:31:58.506890Z","level":"info","event":"2022-10-02 14시: 1~1000 완료 (218077개 누적)","logger":"task.stdout"}
{"timestamp":"2025-11-10T01:31:59.544184Z","level":"info","event":"2022-10-02 14시: 1001~2000 완료 (219077개 누적)","logger":"task.stdout"}
{"timestamp":"2025-11-10T01:32:00.666543Z","level":"info","event":"2022-10-02 14시: 2001~3000 완료 (220077개 누적)","logger":"task.stdout"}
{"timestamp":"2025-11-10T01:32:01.693258Z","level":"info","event":"2022-10-02 14시: 3001~4000 완료 (221077개 누적)","logger":"task.stdout"}
{"timestamp":"2025-11-10T01:32:02.680959Z","level":"info","event":"2022-10-02 14시: 4001~5000 완료 (222077개 누적)","logger":"task.stdout"}
{"timestamp":"2025-11-10T01:32:03.724640Z","level":"info","event":"2022-10-02 14시: 5001~6000 완료 (223077개 누적)","logger":"task.stdout"}
{"timestamp":"2025-11-10T01:32:04.774501Z","level":"info","event":"2022-10-02 14시: 6001~7000 완료 (224077개 누적)","logger":"task.stdout"}
{"timestamp":"2025-11-10T01:32:05.825652Z","level":"info","event":"2022-10-02 14시: 7001~7767 완료 (224844개 누적)","logger":"task.stdout"}
{"timestamp":"2025-11-10T01:32:07.654944Z","level":"info","event":"2022-10-02 15시: 1~1000 완료 (225844개 누적)","logger":"task.stdout"}
{"timestamp":"2025-11-10T01:32:08.716331Z","level":"info","event":"2022-10-02 15시: 1001~2000 완료 (226844개 누적)","logger":"task.stdout"}
{"timestamp":"2025-11-10T01:32:09.696599Z","level":"info","event":"2022-10-02 15시: 2001~3000 완료 (227844개 누적)","logger":"task.stdout"}
{"timestamp":"2025-11-10T01:32:10.788834Z","level":"info","event":"2022-10-02 15시: 3001~4000 완료 (228844개 누적)","logger":"task.stdout"}
{"timestamp":"2025-11-10T01:32:20.953246Z","level":"info","event":"2022-10-02 15시: 4001~5000 완료 (229844개 누적)","logger":"task.stdout"}
{"timestamp":"2025-11-10T01:32:20.956835Z","level":"critical","event":"Process terminated by signal. Likely out of memory error (OOM). For more information, see https://airflow.apache.org/docs/apache-airflow/stable/troubleshooting.html#process-terminated-by-signal.","signal":-9,"signal_name":"SIGKILL","logger":"task"}
