{"timestamp":"2025-11-10T01:21:24.165631Z","level":"info","event":"DAG bundles loaded: dags-folder","logger":"airflow.dag_processing.bundles.manager.DagBundlesManager","filename":"manager.py","lineno":179}
{"timestamp":"2025-11-10T01:21:24.165931Z","level":"info","event":"Filling up the DagBag from /opt/airflow/dags/seoul_bike_rent_2022.py","logger":"airflow.models.dagbag.DagBag","filename":"dagbag.py","lineno":593}
{"timestamp":"2025-11-10T01:21:24.169968Z","level":"warning","event":"The `airflow.operators.python.PythonOperator` attribute is deprecated. Please use `'airflow.providers.standard.operators.python.PythonOperator'`.","category":"DeprecatedImportWarning","filename":"/opt/airflow/dags/seoul_bike_rent_2022.py","lineno":2,"logger":"py.warnings"}
{"timestamp":"2025-11-10T01:21:24.185649Z","level":"info","event":"Found credentials in environment variables.","logger":"botocore.credentials","filename":"credentials.py","lineno":1224}
{"timestamp":"2025-11-10T01:21:24.700275Z","level":"info","event":"유효한 정거장 3202개 로드","logger":"task.stdout"}
{"timestamp":"2025-11-10T01:21:26.985406Z","level":"info","event":"2022-09-01 00시: 1~1000 완료 (1000개 누적)","logger":"task.stdout"}
{"timestamp":"2025-11-10T01:21:28.396171Z","level":"info","event":"2022-09-01 00시: 1001~2000 완료 (2000개 누적)","logger":"task.stdout"}
{"timestamp":"2025-11-10T01:21:29.895673Z","level":"info","event":"2022-09-01 00시: 2001~3000 완료 (3000개 누적)","logger":"task.stdout"}
{"timestamp":"2025-11-10T01:21:31.378906Z","level":"info","event":"2022-09-01 00시: 3001~4000 완료 (4000개 누적)","logger":"task.stdout"}
{"timestamp":"2025-11-10T01:21:32.510535Z","level":"info","event":"2022-09-01 00시: 4001~4061 완료 (4061개 누적)","logger":"task.stdout"}
{"timestamp":"2025-11-10T01:21:35.486418Z","level":"info","event":"2022-09-01 01시: 1~1000 완료 (5061개 누적)","logger":"task.stdout"}
{"timestamp":"2025-11-10T01:21:37.046574Z","level":"info","event":"2022-09-01 01시: 1001~2000 완료 (6061개 누적)","logger":"task.stdout"}
{"timestamp":"2025-11-10T01:21:38.344956Z","level":"info","event":"2022-09-01 01시: 2001~2709 완료 (6770개 누적)","logger":"task.stdout"}
{"timestamp":"2025-11-10T01:21:40.615856Z","level":"info","event":"2022-09-01 02시: 1~1000 완료 (7770개 누적)","logger":"task.stdout"}
{"timestamp":"2025-11-10T01:21:41.823227Z","level":"info","event":"2022-09-01 02시: 1001~1514 완료 (8284개 누적)","logger":"task.stdout"}
{"timestamp":"2025-11-10T01:21:44.384414Z","level":"info","event":"2022-09-01 03시: 1~951 완료 (9235개 누적)","logger":"task.stdout"}
{"timestamp":"2025-11-10T01:21:47.004720Z","level":"info","event":"2022-09-01 04시: 1~811 완료 (10046개 누적)","logger":"task.stdout"}
{"timestamp":"2025-11-10T01:21:49.348061Z","level":"info","event":"2022-09-01 05시: 1~1000 완료 (11046개 누적)","logger":"task.stdout"}
{"timestamp":"2025-11-10T01:21:50.611068Z","level":"info","event":"2022-09-01 05시: 1001~1595 완료 (11641개 누적)","logger":"task.stdout"}
{"timestamp":"2025-11-10T01:21:53.128254Z","level":"info","event":"2022-09-01 06시: 1~1000 완료 (12641개 누적)","logger":"task.stdout"}
{"timestamp":"2025-11-10T01:21:54.471323Z","level":"info","event":"2022-09-01 06시: 1001~2000 완료 (13641개 누적)","logger":"task.stdout"}
{"timestamp":"2025-11-10T01:21:55.849746Z","level":"info","event":"2022-09-01 06시: 2001~3000 완료 (14641개 누적)","logger":"task.stdout"}
{"timestamp":"2025-11-10T01:21:57.180730Z","level":"info","event":"2022-09-01 06시: 3001~3901 완료 (15542개 누적)","logger":"task.stdout"}
{"timestamp":"2025-11-10T01:22:00.797551Z","level":"info","event":"2022-09-01 07시: 1~1000 완료 (16542개 누적)","logger":"task.stdout"}
{"timestamp":"2025-11-10T01:22:02.566116Z","level":"info","event":"2022-09-01 07시: 1001~2000 완료 (17542개 누적)","logger":"task.stdout"}
{"timestamp":"2025-11-10T01:22:04.201503Z","level":"info","event":"2022-09-01 07시: 2001~3000 완료 (18542개 누적)","logger":"task.stdout"}
{"timestamp":"2025-11-10T01:22:06.008538Z","level":"info","event":"2022-09-01 07시: 3001~4000 완료 (19542개 누적)","logger":"task.stdout"}
{"timestamp":"2025-11-10T01:22:07.523860Z","level":"info","event":"2022-09-01 07시: 4001~5000 완료 (20542개 누적)","logger":"task.stdout"}
{"timestamp":"2025-11-10T01:22:09.241792Z","level":"info","event":"2022-09-01 07시: 5001~6000 완료 (21542개 누적)","logger":"task.stdout"}
{"timestamp":"2025-11-10T01:22:10.892248Z","level":"info","event":"2022-09-01 07시: 6001~7000 완료 (22542개 누적)","logger":"task.stdout"}
{"timestamp":"2025-11-10T01:22:12.445013Z","level":"info","event":"2022-09-01 07시: 7001~8000 완료 (23542개 누적)","logger":"task.stdout"}
{"timestamp":"2025-11-10T01:22:13.970508Z","level":"info","event":"2022-09-01 07시: 8001~9000 완료 (24542개 누적)","logger":"task.stdout"}
{"timestamp":"2025-11-10T01:22:15.459593Z","level":"info","event":"2022-09-01 07시: 9001~10000 완료 (25542개 누적)","logger":"task.stdout"}
{"timestamp":"2025-11-10T01:22:17.339702Z","level":"info","event":"2022-09-01 07시: 10001~10310 완료 (25852개 누적)","logger":"task.stdout"}
{"timestamp":"2025-11-10T01:22:20.972624Z","level":"info","event":"2022-09-01 08시: 1~1000 완료 (26852개 누적)","logger":"task.stdout"}
{"timestamp":"2025-11-10T01:22:22.780044Z","level":"info","event":"2022-09-01 08시: 1001~2000 완료 (27852개 누적)","logger":"task.stdout"}
{"timestamp":"2025-11-10T01:22:24.431490Z","level":"info","event":"2022-09-01 08시: 2001~3000 완료 (28852개 누적)","logger":"task.stdout"}
{"timestamp":"2025-11-10T01:22:26.180646Z","level":"info","event":"2022-09-01 08시: 3001~4000 완료 (29852개 누적)","logger":"task.stdout"}
{"timestamp":"2025-11-10T01:22:27.816742Z","level":"info","event":"2022-09-01 08시: 4001~5000 완료 (30852개 누적)","logger":"task.stdout"}
{"timestamp":"2025-11-10T01:22:29.693550Z","level":"info","event":"2022-09-01 08시: 5001~6000 완료 (31852개 누적)","logger":"task.stdout"}
{"timestamp":"2025-11-10T01:22:31.453106Z","level":"info","event":"2022-09-01 08시: 6001~7000 완료 (32852개 누적)","logger":"task.stdout"}
{"timestamp":"2025-11-10T01:22:33.082449Z","level":"info","event":"2022-09-01 08시: 7001~8000 완료 (33852개 누적)","logger":"task.stdout"}
{"timestamp":"2025-11-10T01:22:34.720133Z","level":"info","event":"2022-09-01 08시: 8001~9000 완료 (34852개 누적)","logger":"task.stdout"}
{"timestamp":"2025-11-10T01:22:36.255921Z","level":"info","event":"2022-09-01 08시: 9001~10000 완료 (35852개 누적)","logger":"task.stdout"}
{"timestamp":"2025-11-10T01:22:38.048078Z","level":"info","event":"2022-09-01 08시: 10001~11000 완료 (36852개 누적)","logger":"task.stdout"}
{"timestamp":"2025-11-10T01:22:39.619525Z","level":"info","event":"2022-09-01 08시: 11001~12000 완료 (37852개 누적)","logger":"task.stdout"}
{"timestamp":"2025-11-10T01:22:41.376080Z","level":"info","event":"2022-09-01 08시: 12001~13000 완료 (38852개 누적)","logger":"task.stdout"}
{"timestamp":"2025-11-10T01:22:43.260976Z","level":"info","event":"2022-09-01 08시: 13001~14000 완료 (39852개 누적)","logger":"task.stdout"}
{"timestamp":"2025-11-10T01:22:45.056040Z","level":"info","event":"2022-09-01 08시: 14001~14863 완료 (40715개 누적)","logger":"task.stdout"}
{"timestamp":"2025-11-10T01:22:48.024210Z","level":"info","event":"2022-09-01 09시: 1~1000 완료 (41715개 누적)","logger":"task.stdout"}
{"timestamp":"2025-11-10T01:22:49.595922Z","level":"info","event":"2022-09-01 09시: 1001~2000 완료 (42715개 누적)","logger":"task.stdout"}
{"timestamp":"2025-11-10T01:22:51.013348Z","level":"info","event":"2022-09-01 09시: 2001~3000 완료 (43715개 누적)","logger":"task.stdout"}
{"timestamp":"2025-11-10T01:22:52.525520Z","level":"info","event":"2022-09-01 09시: 3001~4000 완료 (44715개 누적)","logger":"task.stdout"}
{"timestamp":"2025-11-10T01:22:54.036721Z","level":"info","event":"2022-09-01 09시: 4001~5000 완료 (45715개 누적)","logger":"task.stdout"}
{"timestamp":"2025-11-10T01:22:55.503384Z","level":"info","event":"2022-09-01 09시: 5001~6000 완료 (46715개 누적)","logger":"task.stdout"}
{"timestamp":"2025-11-10T01:22:56.979644Z","level":"info","event":"2022-09-01 09시: 6001~7000 완료 (47715개 누적)","logger":"task.stdout"}
{"timestamp":"2025-11-10T01:22:58.458740Z","level":"info","event":"2022-09-01 09시: 7001~7384 완료 (48099개 누적)","logger":"task.stdout"}
{"timestamp":"2025-11-10T01:23:01.044026Z","level":"info","event":"2022-09-01 10시: 1~1000 완료 (49099개 누적)","logger":"task.stdout"}
{"timestamp":"2025-11-10T01:23:02.426485Z","level":"info","event":"2022-09-01 10시: 1001~2000 완료 (50099개 누적)","logger":"task.stdout"}
{"timestamp":"2025-11-10T01:23:03.808427Z","level":"info","event":"2022-09-01 10시: 2001~3000 완료 (51099개 누적)","logger":"task.stdout"}
{"timestamp":"2025-11-10T01:23:05.095900Z","level":"info","event":"2022-09-01 10시: 3001~4000 완료 (52099개 누적)","logger":"task.stdout"}
{"timestamp":"2025-11-10T01:23:06.577985Z","level":"info","event":"2022-09-01 10시: 4001~5000 완료 (53099개 누적)","logger":"task.stdout"}
{"timestamp":"2025-11-10T01:23:07.892616Z","level":"info","event":"2022-09-01 10시: 5001~5262 완료 (53361개 누적)","logger":"task.stdout"}
{"timestamp":"2025-11-10T01:23:10.553288Z","level":"info","event":"2022-09-01 11시: 1~1000 완료 (54361개 누적)","logger":"task.stdout"}
{"timestamp":"2025-11-10T01:23:11.859513Z","level":"info","event":"2022-09-01 11시: 1001~2000 완료 (55361개 누적)","logger":"task.stdout"}
{"timestamp":"2025-11-10T01:23:13.182605Z","level":"info","event":"2022-09-01 11시: 2001~3000 완료 (56361개 누적)","logger":"task.stdout"}
