{"timestamp":"2025-11-10T09:03:20.602859Z","level":"info","event":"DAG bundles loaded: dags-folder","logger":"airflow.dag_processing.bundles.manager.DagBundlesManager","filename":"manager.py","lineno":179}
{"timestamp":"2025-11-10T09:03:20.603842Z","level":"info","event":"Filling up the DagBag from /opt/airflow/dags/seoul_bike_rent_load.py","logger":"airflow.models.dagbag.DagBag","filename":"dagbag.py","lineno":593}
{"timestamp":"2025-11-10T09:03:20.632277Z","level":"warning","event":"The `airflow.operators.python.PythonOperator` attribute is deprecated. Please use `'airflow.providers.standard.operators.python.PythonOperator'`.","category":"DeprecatedImportWarning","filename":"/opt/airflow/dags/seoul_bike_rent_load.py","lineno":4,"logger":"py.warnings"}
{"timestamp":"2025-11-10T09:03:20.654578Z","level":"info","event":"","logger":"task.stdout"}
{"timestamp":"2025-11-10T09:03:20.654751Z","level":"info","event":"============================================================","logger":"task.stdout"}
{"timestamp":"2025-11-10T09:03:20.654863Z","level":"info","event":"2016년 6월 처리 시작","logger":"task.stdout"}
{"timestamp":"2025-11-10T09:03:20.654967Z","level":"info","event":"============================================================","logger":"task.stdout"}
{"timestamp":"2025-11-10T09:03:20.661470Z","level":"info","event":"Found credentials in environment variables.","logger":"botocore.credentials","filename":"credentials.py","lineno":1224}
{"timestamp":"2025-11-10T09:03:21.267568Z","level":"info","event":"유효 정거장 3202개 로드 완료","logger":"task.stdout"}
{"timestamp":"2025-11-10T09:03:21.268487Z","level":"info","event":"[2016-06] 1~7일 처리 중","logger":"task.stdout"}
{"timestamp":"2025-11-10T09:03:21.268634Z","level":"info","event":"[2016-06-01] 데이터 수집 시작","logger":"task.stdout"}
{"timestamp":"2025-11-10T09:03:31.557703Z","level":"info","event":"[2016-06-01] 총 4016건 수집","logger":"task.stdout"}
{"timestamp":"2025-11-10T09:03:31.602455Z","level":"info","event":"  전처리 후: 3,957건","logger":"task.stdout"}
{"timestamp":"2025-11-10T09:03:31.602713Z","level":"info","event":"[2016-06-02] 데이터 수집 시작","logger":"task.stdout"}
{"timestamp":"2025-11-10T09:03:41.650133Z","level":"info","event":"[2016-06-02] 총 3969건 수집","logger":"task.stdout"}
{"timestamp":"2025-11-10T09:03:41.670202Z","level":"info","event":"  전처리 후: 3,916건","logger":"task.stdout"}
{"timestamp":"2025-11-10T09:03:41.670487Z","level":"info","event":"[2016-06-03] 데이터 수집 시작","logger":"task.stdout"}
{"timestamp":"2025-11-10T09:03:51.798824Z","level":"info","event":"[2016-06-03] 총 4227건 수집","logger":"task.stdout"}
{"timestamp":"2025-11-10T09:03:51.833024Z","level":"info","event":"  전처리 후: 4,155건","logger":"task.stdout"}
{"timestamp":"2025-11-10T09:03:51.833236Z","level":"info","event":"[2016-06-04] 데이터 수집 시작","logger":"task.stdout"}
{"timestamp":"2025-11-10T09:03:57.737113Z","level":"info","event":"[2016-06-04 15시] 수집 실패: Expecting value: line 1 column 1 (char 0)","logger":"task.stdout"}
{"timestamp":"2025-11-10T09:04:01.220556Z","level":"info","event":"[2016-06-04] 총 3774건 수집","logger":"task.stdout"}
{"timestamp":"2025-11-10T09:04:01.242454Z","level":"info","event":"  전처리 후: 3,703건","logger":"task.stdout"}
{"timestamp":"2025-11-10T09:04:01.242679Z","level":"info","event":"[2016-06-05] 데이터 수집 시작","logger":"task.stdout"}
{"timestamp":"2025-11-10T09:04:11.353969Z","level":"info","event":"[2016-06-05] 총 3821건 수집","logger":"task.stdout"}
{"timestamp":"2025-11-10T09:04:11.391629Z","level":"info","event":"  전처리 후: 3,743건","logger":"task.stdout"}
{"timestamp":"2025-11-10T09:04:11.392076Z","level":"info","event":"[2016-06-06] 데이터 수집 시작","logger":"task.stdout"}
{"timestamp":"2025-11-10T09:04:21.930029Z","level":"info","event":"[2016-06-06] 총 4135건 수집","logger":"task.stdout"}
{"timestamp":"2025-11-10T09:04:21.969322Z","level":"info","event":"  전처리 후: 4,081건","logger":"task.stdout"}
{"timestamp":"2025-11-10T09:04:21.969608Z","level":"info","event":"[2016-06-07] 데이터 수집 시작","logger":"task.stdout"}
{"timestamp":"2025-11-10T09:04:32.302067Z","level":"info","event":"[2016-06-07] 총 3772건 수집","logger":"task.stdout"}
{"timestamp":"2025-11-10T09:04:32.323938Z","level":"info","event":"  전처리 후: 3,711건","logger":"task.stdout"}
{"timestamp":"2025-11-10T09:04:32.413255Z","level":"info","event":"[2016-06] 1~7일 완료: 27,266건","logger":"task.stdout"}
{"timestamp":"2025-11-10T09:04:32.712940Z","level":"info","event":"업로드 완료: s3://yn-project-seoul-bike/rent/2016/temp/month_06_week_1.parquet (27,266건)","logger":"task.stdout"}
{"timestamp":"2025-11-10T09:04:32.715518Z","level":"info","event":"[2016-06] 8~14일 처리 중","logger":"task.stdout"}
{"timestamp":"2025-11-10T09:04:32.715615Z","level":"info","event":"[2016-06-08] 데이터 수집 시작","logger":"task.stdout"}
{"timestamp":"2025-11-10T09:04:43.536269Z","level":"info","event":"[2016-06-08] 총 4174건 수집","logger":"task.stdout"}
{"timestamp":"2025-11-10T09:04:43.560127Z","level":"info","event":"  전처리 후: 4,110건","logger":"task.stdout"}
{"timestamp":"2025-11-10T09:04:43.560257Z","level":"info","event":"[2016-06-09] 데이터 수집 시작","logger":"task.stdout"}
{"timestamp":"2025-11-10T09:04:53.951053Z","level":"info","event":"[2016-06-09] 총 3932건 수집","logger":"task.stdout"}
{"timestamp":"2025-11-10T09:04:53.974335Z","level":"info","event":"  전처리 후: 3,865건","logger":"task.stdout"}
{"timestamp":"2025-11-10T09:04:53.974533Z","level":"info","event":"[2016-06-10] 데이터 수집 시작","logger":"task.stdout"}
{"timestamp":"2025-11-10T09:05:03.874965Z","level":"info","event":"[2016-06-10] 총 3751건 수집","logger":"task.stdout"}
{"timestamp":"2025-11-10T09:05:03.897606Z","level":"info","event":"  전처리 후: 3,694건","logger":"task.stdout"}
{"timestamp":"2025-11-10T09:05:03.897894Z","level":"info","event":"[2016-06-11] 데이터 수집 시작","logger":"task.stdout"}
{"timestamp":"2025-11-10T09:05:13.999318Z","level":"info","event":"[2016-06-11] 총 2877건 수집","logger":"task.stdout"}
{"timestamp":"2025-11-10T09:05:14.035765Z","level":"info","event":"  전처리 후: 2,835건","logger":"task.stdout"}
{"timestamp":"2025-11-10T09:05:14.036142Z","level":"info","event":"[2016-06-12] 데이터 수집 시작","logger":"task.stdout"}
{"timestamp":"2025-11-10T09:05:17.888014Z","level":"info","event":"[2016-06-12 09시] 수집 실패: Expecting value: line 1 column 1 (char 0)","logger":"task.stdout"}
{"timestamp":"2025-11-10T09:05:24.162034Z","level":"info","event":"[2016-06-12] 총 3273건 수집","logger":"task.stdout"}
{"timestamp":"2025-11-10T09:05:24.196921Z","level":"info","event":"  전처리 후: 3,220건","logger":"task.stdout"}
{"timestamp":"2025-11-10T09:05:24.197149Z","level":"info","event":"[2016-06-13] 데이터 수집 시작","logger":"task.stdout"}
{"timestamp":"2025-11-10T09:05:34.658679Z","level":"info","event":"[2016-06-13] 총 4048건 수집","logger":"task.stdout"}
{"timestamp":"2025-11-10T09:05:34.683557Z","level":"info","event":"  전처리 후: 3,946건","logger":"task.stdout"}
{"timestamp":"2025-11-10T09:05:34.683748Z","level":"info","event":"[2016-06-14] 데이터 수집 시작","logger":"task.stdout"}
{"timestamp":"2025-11-10T09:05:44.688344Z","level":"info","event":"[2016-06-14] 총 3729건 수집","logger":"task.stdout"}
{"timestamp":"2025-11-10T09:05:44.708674Z","level":"info","event":"  전처리 후: 3,622건","logger":"task.stdout"}
{"timestamp":"2025-11-10T09:05:44.799788Z","level":"info","event":"[2016-06] 8~14일 완료: 25,292건","logger":"task.stdout"}
{"timestamp":"2025-11-10T09:05:45.139096Z","level":"info","event":"업로드 완료: s3://yn-project-seoul-bike/rent/2016/temp/month_06_week_2.parquet (25,292건)","logger":"task.stdout"}
{"timestamp":"2025-11-10T09:05:45.141850Z","level":"info","event":"[2016-06] 15~21일 처리 중","logger":"task.stdout"}
{"timestamp":"2025-11-10T09:05:45.141991Z","level":"info","event":"[2016-06-15] 데이터 수집 시작","logger":"task.stdout"}
{"timestamp":"2025-11-10T09:05:53.457391Z","level":"info","event":"[2016-06-15] 총 1060건 수집","logger":"task.stdout"}
{"timestamp":"2025-11-10T09:05:53.489646Z","level":"info","event":"  전처리 후: 1,042건","logger":"task.stdout"}
{"timestamp":"2025-11-10T09:05:53.490023Z","level":"info","event":"[2016-06-16] 데이터 수집 시작","logger":"task.stdout"}
{"timestamp":"2025-11-10T09:06:03.696304Z","level":"info","event":"[2016-06-16] 총 3910건 수집","logger":"task.stdout"}
{"timestamp":"2025-11-10T09:06:03.718306Z","level":"info","event":"  전처리 후: 3,827건","logger":"task.stdout"}
{"timestamp":"2025-11-10T09:06:03.718478Z","level":"info","event":"[2016-06-17] 데이터 수집 시작","logger":"task.stdout"}
{"timestamp":"2025-11-10T09:06:14.609319Z","level":"info","event":"[2016-06-17] 총 4015건 수집","logger":"task.stdout"}
{"timestamp":"2025-11-10T09:06:14.640015Z","level":"info","event":"  전처리 후: 3,921건","logger":"task.stdout"}
{"timestamp":"2025-11-10T09:06:14.640160Z","level":"info","event":"[2016-06-18] 데이터 수집 시작","logger":"task.stdout"}
{"timestamp":"2025-11-10T09:06:25.229087Z","level":"info","event":"[2016-06-18] 총 3952건 수집","logger":"task.stdout"}
{"timestamp":"2025-11-10T09:06:25.267708Z","level":"info","event":"  전처리 후: 3,873건","logger":"task.stdout"}
{"timestamp":"2025-11-10T09:06:25.267946Z","level":"info","event":"[2016-06-19] 데이터 수집 시작","logger":"task.stdout"}
{"timestamp":"2025-11-10T09:06:36.420111Z","level":"info","event":"[2016-06-19] 총 3899건 수집","logger":"task.stdout"}
{"timestamp":"2025-11-10T09:06:36.446360Z","level":"info","event":"  전처리 후: 3,834건","logger":"task.stdout"}
{"timestamp":"2025-11-10T09:06:36.446524Z","level":"info","event":"[2016-06-20] 데이터 수집 시작","logger":"task.stdout"}
{"timestamp":"2025-11-10T09:06:46.687407Z","level":"info","event":"[2016-06-20] 총 4259건 수집","logger":"task.stdout"}
{"timestamp":"2025-11-10T09:06:46.727025Z","level":"info","event":"  전처리 후: 4,177건","logger":"task.stdout"}
{"timestamp":"2025-11-10T09:06:46.727304Z","level":"info","event":"[2016-06-21] 데이터 수집 시작","logger":"task.stdout"}
{"timestamp":"2025-11-10T09:06:57.203223Z","level":"info","event":"[2016-06-21] 총 4172건 수집","logger":"task.stdout"}
{"timestamp":"2025-11-10T09:06:57.246096Z","level":"info","event":"  전처리 후: 4,100건","logger":"task.stdout"}
{"timestamp":"2025-11-10T09:06:57.355354Z","level":"info","event":"[2016-06] 15~21일 완료: 24,774건","logger":"task.stdout"}
{"timestamp":"2025-11-10T09:06:57.679864Z","level":"info","event":"업로드 완료: s3://yn-project-seoul-bike/rent/2016/temp/month_06_week_3.parquet (24,774건)","logger":"task.stdout"}
{"timestamp":"2025-11-10T09:06:57.682977Z","level":"info","event":"[2016-06] 22~28일 처리 중","logger":"task.stdout"}
{"timestamp":"2025-11-10T09:06:57.683182Z","level":"info","event":"[2016-06-22] 데이터 수집 시작","logger":"task.stdout"}
{"timestamp":"2025-11-10T09:07:07.569646Z","level":"info","event":"[2016-06-22] 총 2763건 수집","logger":"task.stdout"}
{"timestamp":"2025-11-10T09:07:07.587107Z","level":"info","event":"  전처리 후: 2,724건","logger":"task.stdout"}
{"timestamp":"2025-11-10T09:07:07.587332Z","level":"info","event":"[2016-06-23] 데이터 수집 시작","logger":"task.stdout"}
{"timestamp":"2025-11-10T09:07:18.318685Z","level":"info","event":"[2016-06-23] 총 4145건 수집","logger":"task.stdout"}
{"timestamp":"2025-11-10T09:07:18.352224Z","level":"info","event":"  전처리 후: 4,096건","logger":"task.stdout"}
{"timestamp":"2025-11-10T09:07:18.352355Z","level":"info","event":"[2016-06-24] 데이터 수집 시작","logger":"task.stdout"}
{"timestamp":"2025-11-10T09:07:28.461765Z","level":"info","event":"[2016-06-24] 총 3205건 수집","logger":"task.stdout"}
{"timestamp":"2025-11-10T09:07:28.490122Z","level":"info","event":"  전처리 후: 3,174건","logger":"task.stdout"}
{"timestamp":"2025-11-10T09:07:28.490417Z","level":"info","event":"[2016-06-25] 데이터 수집 시작","logger":"task.stdout"}
{"timestamp":"2025-11-10T09:07:39.306401Z","level":"info","event":"[2016-06-25] 총 4470건 수집","logger":"task.stdout"}
{"timestamp":"2025-11-10T09:07:39.350360Z","level":"info","event":"  전처리 후: 4,411건","logger":"task.stdout"}
{"timestamp":"2025-11-10T09:07:39.350598Z","level":"info","event":"[2016-06-26] 데이터 수집 시작","logger":"task.stdout"}
{"timestamp":"2025-11-10T09:07:49.997260Z","level":"info","event":"[2016-06-26] 총 4314건 수집","logger":"task.stdout"}
{"timestamp":"2025-11-10T09:07:50.036128Z","level":"info","event":"  전처리 후: 4,265건","logger":"task.stdout"}
{"timestamp":"2025-11-10T09:07:50.036332Z","level":"info","event":"[2016-06-27] 데이터 수집 시작","logger":"task.stdout"}
{"timestamp":"2025-11-10T09:07:54.466257Z","level":"info","event":"[2016-06-27 10시] 수집 실패: Expecting value: line 1 column 1 (char 0)","logger":"task.stdout"}
{"timestamp":"2025-11-10T09:08:00.487829Z","level":"info","event":"[2016-06-27] 총 4568건 수집","logger":"task.stdout"}
{"timestamp":"2025-11-10T09:08:00.535145Z","level":"info","event":"  전처리 후: 4,494건","logger":"task.stdout"}
{"timestamp":"2025-11-10T09:08:00.535309Z","level":"info","event":"[2016-06-28] 데이터 수집 시작","logger":"task.stdout"}
{"timestamp":"2025-11-10T09:08:10.955895Z","level":"info","event":"[2016-06-28] 총 4638건 수집","logger":"task.stdout"}
{"timestamp":"2025-11-10T09:08:10.981520Z","level":"info","event":"  전처리 후: 4,552건","logger":"task.stdout"}
{"timestamp":"2025-11-10T09:08:11.075956Z","level":"info","event":"[2016-06] 22~28일 완료: 27,716건","logger":"task.stdout"}
{"timestamp":"2025-11-10T09:08:11.380790Z","level":"info","event":"업로드 완료: s3://yn-project-seoul-bike/rent/2016/temp/month_06_week_4.parquet (27,716건)","logger":"task.stdout"}
{"timestamp":"2025-11-10T09:08:11.383421Z","level":"info","event":"[2016-06] 29~30일 처리 중","logger":"task.stdout"}
{"timestamp":"2025-11-10T09:08:11.383583Z","level":"info","event":"[2016-06-29] 데이터 수집 시작","logger":"task.stdout"}
{"timestamp":"2025-11-10T09:08:21.679384Z","level":"info","event":"[2016-06-29] 총 4670건 수집","logger":"task.stdout"}
{"timestamp":"2025-11-10T09:08:21.721363Z","level":"info","event":"  전처리 후: 4,581건","logger":"task.stdout"}
{"timestamp":"2025-11-10T09:08:21.721573Z","level":"info","event":"[2016-06-30] 데이터 수집 시작","logger":"task.stdout"}
{"timestamp":"2025-11-10T09:08:33.624065Z","level":"info","event":"[2016-06-30] 총 3376건 수집","logger":"task.stdout"}
{"timestamp":"2025-11-10T09:08:33.663481Z","level":"info","event":"  전처리 후: 3,308건","logger":"task.stdout"}
{"timestamp":"2025-11-10T09:08:33.693669Z","level":"info","event":"[2016-06] 29~30일 완료: 7,889건","logger":"task.stdout"}
{"timestamp":"2025-11-10T09:08:33.976336Z","level":"info","event":"업로드 완료: s3://yn-project-seoul-bike/rent/2016/temp/month_06_week_5.parquet (7,889건)","logger":"task.stdout"}
{"timestamp":"2025-11-10T09:08:33.978027Z","level":"info","event":"[2016-06] 주간 파일 병합 시작 (총 5주)","logger":"task.stdout"}
{"timestamp":"2025-11-10T09:08:34.253704Z","level":"info","event":"  Week 1: 27,517건 로드","logger":"task.stdout"}
{"timestamp":"2025-11-10T09:08:34.454479Z","level":"info","event":"  Week 2: 25,088건 로드","logger":"task.stdout"}
{"timestamp":"2025-11-10T09:08:34.630195Z","level":"info","event":"  Week 3: 24,774건 로드","logger":"task.stdout"}
{"timestamp":"2025-11-10T09:08:34.802885Z","level":"info","event":"  Week 4: 27,716건 로드","logger":"task.stdout"}
{"timestamp":"2025-11-10T09:08:34.858799Z","level":"info","event":"  Week 5: 7,837건 로드","logger":"task.stdout"}
{"timestamp":"2025-11-10T09:08:35.863359Z","level":"info","event":"업로드 완료: s3://yn-project-seoul-bike/rent/2016/month_06.parquet (112,932건)","logger":"task.stdout"}
{"timestamp":"2025-11-10T09:08:35.865584Z","level":"info","event":"[2016-06] 최종 병합 완료: 112,932건","logger":"task.stdout"}
{"timestamp":"2025-11-10T09:08:36.050612Z","level":"info","event":"","logger":"task.stdout"}
{"timestamp":"2025-11-10T09:08:36.052723Z","level":"info","event":"2016년 6월 처리 완료","logger":"task.stdout"}
{"timestamp":"2025-11-10T09:08:36.053416Z","level":"info","event":"","logger":"task.stdout"}
{"timestamp":"2025-11-10T09:08:36.051540Z","level":"info","event":"Done. Returned value was: None","logger":"airflow.task.operators.airflow.providers.standard.operators.python.PythonOperator","filename":"python.py","lineno":215}
