{"timestamp":"2025-11-10T01:25:56.815732Z","level":"info","event":"DAG bundles loaded: dags-folder","logger":"airflow.dag_processing.bundles.manager.DagBundlesManager","filename":"manager.py","lineno":179}
{"timestamp":"2025-11-10T01:25:56.816300Z","level":"info","event":"Filling up the DagBag from /opt/airflow/dags/seoul_bike_rent_2022.py","logger":"airflow.models.dagbag.DagBag","filename":"dagbag.py","lineno":593}
{"timestamp":"2025-11-10T01:25:56.834755Z","level":"warning","event":"The `airflow.operators.python.PythonOperator` attribute is deprecated. Please use `'airflow.providers.standard.operators.python.PythonOperator'`.","category":"DeprecatedImportWarning","filename":"/opt/airflow/dags/seoul_bike_rent_2022.py","lineno":2,"logger":"py.warnings"}
{"timestamp":"2025-11-10T01:25:56.912626Z","level":"info","event":"Found credentials in environment variables.","logger":"botocore.credentials","filename":"credentials.py","lineno":1224}
{"timestamp":"2025-11-10T01:25:57.502051Z","level":"info","event":"유효한 정거장 3202개 로드","logger":"task.stdout"}
{"timestamp":"2025-11-10T01:25:59.529954Z","level":"info","event":"2022-04-01 00시: 1~1000 완료 (1000개 누적)","logger":"task.stdout"}
{"timestamp":"2025-11-10T01:26:00.543202Z","level":"info","event":"2022-04-01 00시: 1001~2000 완료 (2000개 누적)","logger":"task.stdout"}
{"timestamp":"2025-11-10T01:26:01.475423Z","level":"info","event":"2022-04-01 00시: 2001~2228 완료 (2228개 누적)","logger":"task.stdout"}
{"timestamp":"2025-11-10T01:26:03.134668Z","level":"info","event":"2022-04-01 01시: 1~1000 완료 (3228개 누적)","logger":"task.stdout"}
{"timestamp":"2025-11-10T01:26:03.982407Z","level":"info","event":"2022-04-01 01시: 1001~1141 완료 (3369개 누적)","logger":"task.stdout"}
{"timestamp":"2025-11-10T01:26:04.167416Z","level":"info","event":"2022-04-01 02시: 응답 없음","logger":"task.stdout"}
{"timestamp":"2025-11-10T01:26:05.634608Z","level":"info","event":"2022-04-01 03시: 1~422 완료 (3791개 누적)","logger":"task.stdout"}
{"timestamp":"2025-11-10T01:26:07.158852Z","level":"info","event":"2022-04-01 04시: 1~393 완료 (4184개 누적)","logger":"task.stdout"}
{"timestamp":"2025-11-10T01:26:08.778502Z","level":"info","event":"2022-04-01 05시: 1~805 완료 (4989개 누적)","logger":"task.stdout"}
{"timestamp":"2025-11-10T01:26:10.470520Z","level":"info","event":"2022-04-01 06시: 1~1000 완료 (5989개 누적)","logger":"task.stdout"}
{"timestamp":"2025-11-10T01:26:11.457719Z","level":"info","event":"2022-04-01 06시: 1001~1964 완료 (6953개 누적)","logger":"task.stdout"}
{"timestamp":"2025-11-10T01:26:13.349417Z","level":"info","event":"2022-04-01 07시: 1~1000 완료 (7953개 누적)","logger":"task.stdout"}
{"timestamp":"2025-11-10T01:26:14.482538Z","level":"info","event":"2022-04-01 07시: 1001~2000 완료 (8953개 누적)","logger":"task.stdout"}
{"timestamp":"2025-11-10T01:26:15.612952Z","level":"info","event":"2022-04-01 07시: 2001~3000 완료 (9953개 누적)","logger":"task.stdout"}
{"timestamp":"2025-11-10T01:26:16.771166Z","level":"info","event":"2022-04-01 07시: 3001~4000 완료 (10953개 누적)","logger":"task.stdout"}
{"timestamp":"2025-11-10T01:26:17.958372Z","level":"info","event":"2022-04-01 07시: 4001~5000 완료 (11953개 누적)","logger":"task.stdout"}
{"timestamp":"2025-11-10T01:26:19.055573Z","level":"info","event":"2022-04-01 07시: 5001~5702 완료 (12655개 누적)","logger":"task.stdout"}
{"timestamp":"2025-11-10T01:26:21.347301Z","level":"info","event":"2022-04-01 08시: 1~1000 완료 (13655개 누적)","logger":"task.stdout"}
{"timestamp":"2025-11-10T01:26:22.714195Z","level":"info","event":"2022-04-01 08시: 1001~2000 완료 (14655개 누적)","logger":"task.stdout"}
{"timestamp":"2025-11-10T01:26:24.049258Z","level":"info","event":"2022-04-01 08시: 2001~3000 완료 (15655개 누적)","logger":"task.stdout"}
{"timestamp":"2025-11-10T01:26:25.356688Z","level":"info","event":"2022-04-01 08시: 3001~4000 완료 (16655개 누적)","logger":"task.stdout"}
{"timestamp":"2025-11-10T01:26:26.673286Z","level":"info","event":"2022-04-01 08시: 4001~5000 완료 (17655개 누적)","logger":"task.stdout"}
{"timestamp":"2025-11-10T01:26:27.833116Z","level":"info","event":"2022-04-01 08시: 5001~6000 완료 (18655개 누적)","logger":"task.stdout"}
{"timestamp":"2025-11-10T01:26:29.037099Z","level":"info","event":"2022-04-01 08시: 6001~7000 완료 (19655개 누적)","logger":"task.stdout"}
{"timestamp":"2025-11-10T01:26:30.333805Z","level":"info","event":"2022-04-01 08시: 7001~8000 완료 (20655개 누적)","logger":"task.stdout"}
{"timestamp":"2025-11-10T01:26:31.750497Z","level":"info","event":"2022-04-01 08시: 8001~9000 완료 (21655개 누적)","logger":"task.stdout"}
{"timestamp":"2025-11-10T01:26:32.947752Z","level":"info","event":"2022-04-01 08시: 9001~9393 완료 (22048개 누적)","logger":"task.stdout"}
{"timestamp":"2025-11-10T01:26:35.060947Z","level":"info","event":"2022-04-01 09시: 1~1000 완료 (23048개 누적)","logger":"task.stdout"}
{"timestamp":"2025-11-10T01:26:36.287513Z","level":"info","event":"2022-04-01 09시: 1001~2000 완료 (24048개 누적)","logger":"task.stdout"}
{"timestamp":"2025-11-10T01:26:37.372644Z","level":"info","event":"2022-04-01 09시: 2001~3000 완료 (25048개 누적)","logger":"task.stdout"}
{"timestamp":"2025-11-10T01:26:38.643406Z","level":"info","event":"2022-04-01 09시: 3001~4000 완료 (26048개 누적)","logger":"task.stdout"}
{"timestamp":"2025-11-10T01:26:39.720530Z","level":"info","event":"2022-04-01 09시: 4001~4912 완료 (26960개 누적)","logger":"task.stdout"}
{"timestamp":"2025-11-10T01:26:41.520295Z","level":"info","event":"2022-04-01 10시: 1~1000 완료 (27960개 누적)","logger":"task.stdout"}
{"timestamp":"2025-11-10T01:26:42.509511Z","level":"info","event":"2022-04-01 10시: 1001~2000 완료 (28960개 누적)","logger":"task.stdout"}
{"timestamp":"2025-11-10T01:26:43.530460Z","level":"info","event":"2022-04-01 10시: 2001~3000 완료 (29960개 누적)","logger":"task.stdout"}
{"timestamp":"2025-11-10T01:26:44.682584Z","level":"info","event":"2022-04-01 10시: 3001~3859 완료 (30819개 누적)","logger":"task.stdout"}
{"timestamp":"2025-11-10T01:26:46.531762Z","level":"info","event":"2022-04-01 11시: 1~1000 완료 (31819개 누적)","logger":"task.stdout"}
{"timestamp":"2025-11-10T01:26:47.596246Z","level":"info","event":"2022-04-01 11시: 1001~2000 완료 (32819개 누적)","logger":"task.stdout"}
{"timestamp":"2025-11-10T01:26:48.762253Z","level":"info","event":"2022-04-01 11시: 2001~3000 완료 (33819개 누적)","logger":"task.stdout"}
{"timestamp":"2025-11-10T01:26:49.863405Z","level":"info","event":"2022-04-01 11시: 3001~4000 완료 (34819개 누적)","logger":"task.stdout"}
{"timestamp":"2025-11-10T01:26:51.002792Z","level":"info","event":"2022-04-01 11시: 4001~5000 완료 (35819개 누적)","logger":"task.stdout"}
{"timestamp":"2025-11-10T01:26:51.983849Z","level":"info","event":"2022-04-01 11시: 5001~5013 완료 (35832개 누적)","logger":"task.stdout"}
{"timestamp":"2025-11-10T01:26:54.847102Z","level":"info","event":"2022-04-01 12시: 1~1000 완료 (36832개 누적)","logger":"task.stdout"}
{"timestamp":"2025-11-10T01:26:55.993365Z","level":"info","event":"2022-04-01 12시: 1001~2000 완료 (37832개 누적)","logger":"task.stdout"}
{"timestamp":"2025-11-10T01:26:57.132853Z","level":"info","event":"2022-04-01 12시: 2001~3000 완료 (38832개 누적)","logger":"task.stdout"}
{"timestamp":"2025-11-10T01:26:58.405887Z","level":"info","event":"2022-04-01 12시: 3001~4000 완료 (39832개 누적)","logger":"task.stdout"}
{"timestamp":"2025-11-10T01:26:59.520938Z","level":"info","event":"2022-04-01 12시: 4001~5000 완료 (40832개 누적)","logger":"task.stdout"}
{"timestamp":"2025-11-10T01:27:00.671300Z","level":"info","event":"2022-04-01 12시: 5001~5766 완료 (41598개 누적)","logger":"task.stdout"}
{"timestamp":"2025-11-10T01:27:02.644929Z","level":"info","event":"2022-04-01 13시: 1~1000 완료 (42598개 누적)","logger":"task.stdout"}
{"timestamp":"2025-11-10T01:27:03.722985Z","level":"info","event":"2022-04-01 13시: 1001~2000 완료 (43598개 누적)","logger":"task.stdout"}
{"timestamp":"2025-11-10T01:27:04.799644Z","level":"info","event":"2022-04-01 13시: 2001~3000 완료 (44598개 누적)","logger":"task.stdout"}
{"timestamp":"2025-11-10T01:27:05.942465Z","level":"info","event":"2022-04-01 13시: 3001~4000 완료 (45598개 누적)","logger":"task.stdout"}
{"timestamp":"2025-11-10T01:27:07.053857Z","level":"info","event":"2022-04-01 13시: 4001~5000 완료 (46598개 누적)","logger":"task.stdout"}
{"timestamp":"2025-11-10T01:27:08.161234Z","level":"info","event":"2022-04-01 13시: 5001~5767 완료 (47365개 누적)","logger":"task.stdout"}
{"timestamp":"2025-11-10T01:27:10.211971Z","level":"info","event":"2022-04-01 14시: 1~1000 완료 (48365개 누적)","logger":"task.stdout"}
{"timestamp":"2025-11-10T01:27:11.383103Z","level":"info","event":"2022-04-01 14시: 1001~2000 완료 (49365개 누적)","logger":"task.stdout"}
{"timestamp":"2025-11-10T01:27:12.615190Z","level":"info","event":"2022-04-01 14시: 2001~3000 완료 (50365개 누적)","logger":"task.stdout"}
{"timestamp":"2025-11-10T01:27:13.813948Z","level":"info","event":"2022-04-01 14시: 3001~4000 완료 (51365개 누적)","logger":"task.stdout"}
{"timestamp":"2025-11-10T01:27:14.918597Z","level":"info","event":"2022-04-01 14시: 4001~5000 완료 (52365개 누적)","logger":"task.stdout"}
{"timestamp":"2025-11-10T01:27:15.975957Z","level":"info","event":"2022-04-01 14시: 5001~6000 완료 (53365개 누적)","logger":"task.stdout"}
{"timestamp":"2025-11-10T01:27:17.018179Z","level":"info","event":"2022-04-01 14시: 6001~6182 완료 (53547개 누적)","logger":"task.stdout"}
{"timestamp":"2025-11-10T01:27:19.020545Z","level":"info","event":"2022-04-01 15시: 1~1000 완료 (54547개 누적)","logger":"task.stdout"}
{"timestamp":"2025-11-10T01:27:20.154177Z","level":"info","event":"2022-04-01 15시: 1001~2000 완료 (55547개 누적)","logger":"task.stdout"}
{"timestamp":"2025-11-10T01:27:21.301350Z","level":"info","event":"2022-04-01 15시: 2001~3000 완료 (56547개 누적)","logger":"task.stdout"}
{"timestamp":"2025-11-10T01:27:22.524603Z","level":"info","event":"2022-04-01 15시: 3001~4000 완료 (57547개 누적)","logger":"task.stdout"}
{"timestamp":"2025-11-10T01:27:23.693820Z","level":"info","event":"2022-04-01 15시: 4001~5000 완료 (58547개 누적)","logger":"task.stdout"}
{"timestamp":"2025-11-10T01:27:24.870537Z","level":"info","event":"2022-04-01 15시: 5001~6000 완료 (59547개 누적)","logger":"task.stdout"}
{"timestamp":"2025-11-10T01:27:26.015891Z","level":"info","event":"2022-04-01 15시: 6001~7000 완료 (60547개 누적)","logger":"task.stdout"}
{"timestamp":"2025-11-10T01:27:26.961542Z","level":"info","event":"2022-04-01 15시: 7001~7211 완료 (60758개 누적)","logger":"task.stdout"}
{"timestamp":"2025-11-10T01:27:29.023940Z","level":"info","event":"2022-04-01 16시: 1~1000 완료 (61758개 누적)","logger":"task.stdout"}
{"timestamp":"2025-11-10T01:27:30.217454Z","level":"info","event":"2022-04-01 16시: 1001~2000 완료 (62758개 누적)","logger":"task.stdout"}
{"timestamp":"2025-11-10T01:27:31.350658Z","level":"info","event":"2022-04-01 16시: 2001~3000 완료 (63758개 누적)","logger":"task.stdout"}
{"timestamp":"2025-11-10T01:27:32.579545Z","level":"info","event":"2022-04-01 16시: 3001~4000 완료 (64758개 누적)","logger":"task.stdout"}
{"timestamp":"2025-11-10T01:27:33.807119Z","level":"info","event":"2022-04-01 16시: 4001~5000 완료 (65758개 누적)","logger":"task.stdout"}
{"timestamp":"2025-11-10T01:27:34.940151Z","level":"info","event":"2022-04-01 16시: 5001~6000 완료 (66758개 누적)","logger":"task.stdout"}
{"timestamp":"2025-11-10T01:27:36.156103Z","level":"info","event":"2022-04-01 16시: 6001~7000 완료 (67758개 누적)","logger":"task.stdout"}
{"timestamp":"2025-11-10T01:27:37.399424Z","level":"info","event":"2022-04-01 16시: 7001~8000 완료 (68758개 누적)","logger":"task.stdout"}
{"timestamp":"2025-11-10T01:27:38.485553Z","level":"info","event":"2022-04-01 16시: 8001~8277 완료 (69035개 누적)","logger":"task.stdout"}
{"timestamp":"2025-11-10T01:27:40.973127Z","level":"info","event":"2022-04-01 17시: 1~1000 완료 (70035개 누적)","logger":"task.stdout"}
{"timestamp":"2025-11-10T01:27:42.309705Z","level":"info","event":"2022-04-01 17시: 1001~2000 완료 (71035개 누적)","logger":"task.stdout"}
{"timestamp":"2025-11-10T01:27:43.689645Z","level":"info","event":"2022-04-01 17시: 2001~3000 완료 (72035개 누적)","logger":"task.stdout"}
{"timestamp":"2025-11-10T01:27:45.012833Z","level":"info","event":"2022-04-01 17시: 3001~4000 완료 (73035개 누적)","logger":"task.stdout"}
{"timestamp":"2025-11-10T01:27:46.302520Z","level":"info","event":"2022-04-01 17시: 4001~5000 완료 (74035개 누적)","logger":"task.stdout"}
{"timestamp":"2025-11-10T01:27:47.609590Z","level":"info","event":"2022-04-01 17시: 5001~6000 완료 (75035개 누적)","logger":"task.stdout"}
{"timestamp":"2025-11-10T01:27:48.842860Z","level":"info","event":"2022-04-01 17시: 6001~7000 완료 (76035개 누적)","logger":"task.stdout"}
{"timestamp":"2025-11-10T01:27:50.207997Z","level":"info","event":"2022-04-01 17시: 7001~8000 완료 (77035개 누적)","logger":"task.stdout"}
{"timestamp":"2025-11-10T01:27:51.581864Z","level":"info","event":"2022-04-01 17시: 8001~9000 완료 (78035개 누적)","logger":"task.stdout"}
{"timestamp":"2025-11-10T01:27:52.843196Z","level":"info","event":"2022-04-01 17시: 9001~10000 완료 (79035개 누적)","logger":"task.stdout"}
{"timestamp":"2025-11-10T01:27:54.127300Z","level":"info","event":"2022-04-01 17시: 10001~10913 완료 (79948개 누적)","logger":"task.stdout"}
{"timestamp":"2025-11-10T01:27:56.669427Z","level":"info","event":"2022-04-01 18시: 1~1000 완료 (80948개 누적)","logger":"task.stdout"}
{"timestamp":"2025-11-10T01:27:58.002590Z","level":"info","event":"2022-04-01 18시: 1001~2000 완료 (81948개 누적)","logger":"task.stdout"}
{"timestamp":"2025-11-10T01:27:59.493941Z","level":"info","event":"2022-04-01 18시: 2001~3000 완료 (82948개 누적)","logger":"task.stdout"}
{"timestamp":"2025-11-10T01:28:00.955879Z","level":"info","event":"2022-04-01 18시: 3001~4000 완료 (83948개 누적)","logger":"task.stdout"}
{"timestamp":"2025-11-10T01:28:02.396559Z","level":"info","event":"2022-04-01 18시: 4001~5000 완료 (84948개 누적)","logger":"task.stdout"}
{"timestamp":"2025-11-10T01:28:03.743497Z","level":"info","event":"2022-04-01 18시: 5001~6000 완료 (85948개 누적)","logger":"task.stdout"}
{"timestamp":"2025-11-10T01:28:05.221323Z","level":"info","event":"2022-04-01 18시: 6001~7000 완료 (86948개 누적)","logger":"task.stdout"}
{"timestamp":"2025-11-10T01:28:06.636328Z","level":"info","event":"2022-04-01 18시: 7001~8000 완료 (87948개 누적)","logger":"task.stdout"}
{"timestamp":"2025-11-10T01:28:08.101465Z","level":"info","event":"2022-04-01 18시: 8001~9000 완료 (88948개 누적)","logger":"task.stdout"}
{"timestamp":"2025-11-10T01:28:09.542768Z","level":"info","event":"2022-04-01 18시: 9001~10000 완료 (89948개 누적)","logger":"task.stdout"}
{"timestamp":"2025-11-10T01:28:10.970254Z","level":"info","event":"2022-04-01 18시: 10001~11000 완료 (90948개 누적)","logger":"task.stdout"}
{"timestamp":"2025-11-10T01:28:12.376039Z","level":"info","event":"2022-04-01 18시: 11001~12000 완료 (91948개 누적)","logger":"task.stdout"}
{"timestamp":"2025-11-10T01:28:13.772475Z","level":"info","event":"2022-04-01 18시: 12001~13000 완료 (92948개 누적)","logger":"task.stdout"}
{"timestamp":"2025-11-10T01:28:15.089177Z","level":"info","event":"2022-04-01 18시: 13001~13279 완료 (93227개 누적)","logger":"task.stdout"}
{"timestamp":"2025-11-10T01:28:17.269193Z","level":"info","event":"2022-04-01 19시: 1~1000 완료 (94227개 누적)","logger":"task.stdout"}
{"timestamp":"2025-11-10T01:28:18.626649Z","level":"info","event":"2022-04-01 19시: 1001~2000 완료 (95227개 누적)","logger":"task.stdout"}
{"timestamp":"2025-11-10T01:28:19.715628Z","level":"info","event":"2022-04-01 19시: 2001~3000 완료 (96227개 누적)","logger":"task.stdout"}
{"timestamp":"2025-11-10T01:28:20.900072Z","level":"info","event":"2022-04-01 19시: 3001~4000 완료 (97227개 누적)","logger":"task.stdout"}
{"timestamp":"2025-11-10T01:28:22.132583Z","level":"info","event":"2022-04-01 19시: 4001~5000 완료 (98227개 누적)","logger":"task.stdout"}
{"timestamp":"2025-11-10T01:28:23.414581Z","level":"info","event":"2022-04-01 19시: 5001~6000 완료 (99227개 누적)","logger":"task.stdout"}
{"timestamp":"2025-11-10T01:28:24.658161Z","level":"info","event":"2022-04-01 19시: 6001~7000 완료 (100227개 누적)","logger":"task.stdout"}
{"timestamp":"2025-11-10T01:28:25.775780Z","level":"info","event":"2022-04-01 19시: 7001~7619 완료 (100846개 누적)","logger":"task.stdout"}
{"timestamp":"2025-11-10T01:28:27.729743Z","level":"info","event":"2022-04-01 20시: 1~1000 완료 (101846개 누적)","logger":"task.stdout"}
{"timestamp":"2025-11-10T01:28:28.814738Z","level":"info","event":"2022-04-01 20시: 1001~2000 완료 (102846개 누적)","logger":"task.stdout"}
{"timestamp":"2025-11-10T01:28:29.880413Z","level":"info","event":"2022-04-01 20시: 2001~3000 완료 (103846개 누적)","logger":"task.stdout"}
{"timestamp":"2025-11-10T01:28:30.974468Z","level":"info","event":"2022-04-01 20시: 3001~4000 완료 (104846개 누적)","logger":"task.stdout"}
{"timestamp":"2025-11-10T01:28:32.044099Z","level":"info","event":"2022-04-01 20시: 4001~5000 완료 (105846개 누적)","logger":"task.stdout"}
{"timestamp":"2025-11-10T01:28:33.120521Z","level":"info","event":"2022-04-01 20시: 5001~5688 완료 (106534개 누적)","logger":"task.stdout"}
{"timestamp":"2025-11-10T01:28:35.032875Z","level":"info","event":"2022-04-01 21시: 1~1000 완료 (107534개 누적)","logger":"task.stdout"}
{"timestamp":"2025-11-10T01:28:36.184936Z","level":"info","event":"2022-04-01 21시: 1001~2000 완료 (108534개 누적)","logger":"task.stdout"}
{"timestamp":"2025-11-10T01:28:37.301559Z","level":"info","event":"2022-04-01 21시: 2001~3000 완료 (109534개 누적)","logger":"task.stdout"}
{"timestamp":"2025-11-10T01:28:38.402641Z","level":"info","event":"2022-04-01 21시: 3001~4000 완료 (110534개 누적)","logger":"task.stdout"}
{"timestamp":"2025-11-10T01:28:39.509768Z","level":"info","event":"2022-04-01 21시: 4001~5000 완료 (111534개 누적)","logger":"task.stdout"}
{"timestamp":"2025-11-10T01:28:40.512446Z","level":"info","event":"2022-04-01 21시: 5001~5357 완료 (111891개 누적)","logger":"task.stdout"}
{"timestamp":"2025-11-10T01:28:42.326750Z","level":"info","event":"2022-04-01 22시: 1~1000 완료 (112891개 누적)","logger":"task.stdout"}
{"timestamp":"2025-11-10T01:28:43.424281Z","level":"info","event":"2022-04-01 22시: 1001~2000 완료 (113891개 누적)","logger":"task.stdout"}
{"timestamp":"2025-11-10T01:28:44.582971Z","level":"info","event":"2022-04-01 22시: 2001~3000 완료 (114891개 누적)","logger":"task.stdout"}
{"timestamp":"2025-11-10T01:28:45.645607Z","level":"info","event":"2022-04-01 22시: 3001~4000 완료 (115891개 누적)","logger":"task.stdout"}
{"timestamp":"2025-11-10T01:28:46.703145Z","level":"info","event":"2022-04-01 22시: 4001~4770 완료 (116661개 누적)","logger":"task.stdout"}
{"timestamp":"2025-11-10T01:28:48.607604Z","level":"info","event":"2022-04-01 23시: 1~1000 완료 (117661개 누적)","logger":"task.stdout"}
{"timestamp":"2025-11-10T01:28:49.679028Z","level":"info","event":"2022-04-01 23시: 1001~2000 완료 (118661개 누적)","logger":"task.stdout"}
{"timestamp":"2025-11-10T01:28:50.684780Z","level":"info","event":"2022-04-01 23시: 2001~3000 완료 (119661개 누적)","logger":"task.stdout"}
{"timestamp":"2025-11-10T01:28:51.723686Z","level":"info","event":"2022-04-01 23시: 3001~3671 완료 (120332개 누적)","logger":"task.stdout"}
{"timestamp":"2025-11-10T01:28:54.192423Z","level":"info","event":"2022-04-02 00시: 1~1000 완료 (121332개 누적)","logger":"task.stdout"}
{"timestamp":"2025-11-10T01:28:55.147819Z","level":"info","event":"2022-04-02 00시: 1001~2000 완료 (122332개 누적)","logger":"task.stdout"}
{"timestamp":"2025-11-10T01:28:56.849012Z","level":"info","event":"2022-04-02 00시: 2001~2644 완료 (122976개 누적)","logger":"task.stdout"}
{"timestamp":"2025-11-10T01:28:58.427882Z","level":"info","event":"2022-04-02 01시: 1~1000 완료 (123976개 누적)","logger":"task.stdout"}
{"timestamp":"2025-11-10T01:28:59.231667Z","level":"info","event":"2022-04-02 01시: 1001~1347 완료 (124323개 누적)","logger":"task.stdout"}
{"timestamp":"2025-11-10T01:29:00.676872Z","level":"info","event":"2022-04-02 02시: 1~806 완료 (125129개 누적)","logger":"task.stdout"}
{"timestamp":"2025-11-10T01:29:02.142729Z","level":"info","event":"2022-04-02 03시: 1~535 완료 (125664개 누적)","logger":"task.stdout"}
{"timestamp":"2025-11-10T01:29:03.654726Z","level":"info","event":"2022-04-02 04시: 1~375 완료 (126039개 누적)","logger":"task.stdout"}
{"timestamp":"2025-11-10T01:29:05.107379Z","level":"info","event":"2022-04-02 05시: 1~516 완료 (126555개 누적)","logger":"task.stdout"}
{"timestamp":"2025-11-10T01:29:06.636209Z","level":"info","event":"2022-04-02 06시: 1~876 완료 (127431개 누적)","logger":"task.stdout"}
{"timestamp":"2025-11-10T01:29:08.288768Z","level":"info","event":"2022-04-02 07시: 1~1000 완료 (128431개 누적)","logger":"task.stdout"}
{"timestamp":"2025-11-10T01:29:09.201176Z","level":"info","event":"2022-04-02 07시: 1001~1666 완료 (129097개 누적)","logger":"task.stdout"}
{"timestamp":"2025-11-10T01:29:10.922672Z","level":"info","event":"2022-04-02 08시: 1~1000 완료 (130097개 누적)","logger":"task.stdout"}
{"timestamp":"2025-11-10T01:29:11.917205Z","level":"info","event":"2022-04-02 08시: 1001~2000 완료 (131097개 누적)","logger":"task.stdout"}
{"timestamp":"2025-11-10T01:29:12.893673Z","level":"info","event":"2022-04-02 08시: 2001~3000 완료 (132097개 누적)","logger":"task.stdout"}
{"timestamp":"2025-11-10T01:29:13.757465Z","level":"info","event":"2022-04-02 08시: 3001~3073 완료 (132170개 누적)","logger":"task.stdout"}
{"timestamp":"2025-11-10T01:29:15.561429Z","level":"info","event":"2022-04-02 09시: 1~1000 완료 (133170개 누적)","logger":"task.stdout"}
{"timestamp":"2025-11-10T01:29:16.569335Z","level":"info","event":"2022-04-02 09시: 1001~2000 완료 (134170개 누적)","logger":"task.stdout"}
{"timestamp":"2025-11-10T01:29:17.575059Z","level":"info","event":"2022-04-02 09시: 2001~3000 완료 (135170개 누적)","logger":"task.stdout"}
{"timestamp":"2025-11-10T01:29:18.601399Z","level":"info","event":"2022-04-02 09시: 3001~4000 완료 (136170개 누적)","logger":"task.stdout"}
{"timestamp":"2025-11-10T01:29:19.439782Z","level":"info","event":"2022-04-02 09시: 4001~4024 완료 (136194개 누적)","logger":"task.stdout"}
{"timestamp":"2025-11-10T01:29:21.243451Z","level":"info","event":"2022-04-02 10시: 1~1000 완료 (137194개 누적)","logger":"task.stdout"}
{"timestamp":"2025-11-10T01:29:22.255553Z","level":"info","event":"2022-04-02 10시: 1001~2000 완료 (138194개 누적)","logger":"task.stdout"}
{"timestamp":"2025-11-10T01:29:23.228636Z","level":"info","event":"2022-04-02 10시: 2001~3000 완료 (139194개 누적)","logger":"task.stdout"}
{"timestamp":"2025-11-10T01:29:24.285799Z","level":"info","event":"2022-04-02 10시: 3001~4000 완료 (140194개 누적)","logger":"task.stdout"}
{"timestamp":"2025-11-10T01:29:25.237131Z","level":"info","event":"2022-04-02 10시: 4001~4763 완료 (140957개 누적)","logger":"task.stdout"}
{"timestamp":"2025-11-10T01:29:27.131966Z","level":"info","event":"2022-04-02 11시: 1~1000 완료 (141957개 누적)","logger":"task.stdout"}
{"timestamp":"2025-11-10T01:29:28.155202Z","level":"info","event":"2022-04-02 11시: 1001~2000 완료 (142957개 누적)","logger":"task.stdout"}
{"timestamp":"2025-11-10T01:29:29.271879Z","level":"info","event":"2022-04-02 11시: 2001~3000 완료 (143957개 누적)","logger":"task.stdout"}
{"timestamp":"2025-11-10T01:29:30.246557Z","level":"info","event":"2022-04-02 11시: 3001~4000 완료 (144957개 누적)","logger":"task.stdout"}
{"timestamp":"2025-11-10T01:29:31.341407Z","level":"info","event":"2022-04-02 11시: 4001~5000 완료 (145957개 누적)","logger":"task.stdout"}
{"timestamp":"2025-11-10T01:29:32.380225Z","level":"info","event":"2022-04-02 11시: 5001~6000 완료 (146957개 누적)","logger":"task.stdout"}
{"timestamp":"2025-11-10T01:29:33.331538Z","level":"info","event":"2022-04-02 11시: 6001~6012 완료 (146969개 누적)","logger":"task.stdout"}
{"timestamp":"2025-11-10T01:29:35.198197Z","level":"info","event":"2022-04-02 12시: 1~1000 완료 (147969개 누적)","logger":"task.stdout"}
{"timestamp":"2025-11-10T01:29:36.346668Z","level":"info","event":"2022-04-02 12시: 1001~2000 완료 (148969개 누적)","logger":"task.stdout"}
{"timestamp":"2025-11-10T01:29:37.509404Z","level":"info","event":"2022-04-02 12시: 2001~3000 완료 (149969개 누적)","logger":"task.stdout"}
{"timestamp":"2025-11-10T01:29:38.579099Z","level":"info","event":"2022-04-02 12시: 3001~4000 완료 (150969개 누적)","logger":"task.stdout"}
{"timestamp":"2025-11-10T01:29:39.741107Z","level":"info","event":"2022-04-02 12시: 4001~5000 완료 (151969개 누적)","logger":"task.stdout"}
{"timestamp":"2025-11-10T01:29:40.926079Z","level":"info","event":"2022-04-02 12시: 5001~6000 완료 (152969개 누적)","logger":"task.stdout"}
{"timestamp":"2025-11-10T01:29:42.159546Z","level":"info","event":"2022-04-02 12시: 6001~7000 완료 (153969개 누적)","logger":"task.stdout"}
{"timestamp":"2025-11-10T01:29:43.115639Z","level":"info","event":"2022-04-02 12시: 7001~7349 완료 (154318개 누적)","logger":"task.stdout"}
{"timestamp":"2025-11-10T01:29:45.280233Z","level":"info","event":"2022-04-02 13시: 1~1000 완료 (155318개 누적)","logger":"task.stdout"}
{"timestamp":"2025-11-10T01:29:46.446097Z","level":"info","event":"2022-04-02 13시: 1001~2000 완료 (156318개 누적)","logger":"task.stdout"}
{"timestamp":"2025-11-10T01:29:47.642879Z","level":"info","event":"2022-04-02 13시: 2001~3000 완료 (157318개 누적)","logger":"task.stdout"}
{"timestamp":"2025-11-10T01:29:48.825499Z","level":"info","event":"2022-04-02 13시: 3001~4000 완료 (158318개 누적)","logger":"task.stdout"}
{"timestamp":"2025-11-10T01:29:49.973210Z","level":"info","event":"2022-04-02 13시: 4001~5000 완료 (159318개 누적)","logger":"task.stdout"}
{"timestamp":"2025-11-10T01:29:51.156149Z","level":"info","event":"2022-04-02 13시: 5001~6000 완료 (160318개 누적)","logger":"task.stdout"}
{"timestamp":"2025-11-10T01:29:52.504818Z","level":"info","event":"2022-04-02 13시: 6001~7000 완료 (161318개 누적)","logger":"task.stdout"}
{"timestamp":"2025-11-10T01:29:53.706742Z","level":"info","event":"2022-04-02 13시: 7001~8000 완료 (162318개 누적)","logger":"task.stdout"}
{"timestamp":"2025-11-10T01:29:54.834421Z","level":"info","event":"2022-04-02 13시: 8001~8727 완료 (163045개 누적)","logger":"task.stdout"}
{"timestamp":"2025-11-10T01:29:56.896239Z","level":"info","event":"2022-04-02 14시: 1~1000 완료 (164045개 누적)","logger":"task.stdout"}
{"timestamp":"2025-11-10T01:29:58.063022Z","level":"info","event":"2022-04-02 14시: 1001~2000 완료 (165045개 누적)","logger":"task.stdout"}
{"timestamp":"2025-11-10T01:29:59.289504Z","level":"info","event":"2022-04-02 14시: 2001~3000 완료 (166045개 누적)","logger":"task.stdout"}
{"timestamp":"2025-11-10T01:30:00.552942Z","level":"info","event":"2022-04-02 14시: 3001~4000 완료 (167045개 누적)","logger":"task.stdout"}
{"timestamp":"2025-11-10T01:30:01.939058Z","level":"info","event":"2022-04-02 14시: 4001~5000 완료 (168045개 누적)","logger":"task.stdout"}
{"timestamp":"2025-11-10T01:30:03.176732Z","level":"info","event":"2022-04-02 14시: 5001~6000 완료 (169045개 누적)","logger":"task.stdout"}
{"timestamp":"2025-11-10T01:30:05.146378Z","level":"info","event":"2022-04-02 14시: 6001~7000 완료 (170045개 누적)","logger":"task.stdout"}
{"timestamp":"2025-11-10T01:30:06.407230Z","level":"info","event":"2022-04-02 14시: 7001~8000 완료 (171045개 누적)","logger":"task.stdout"}
{"timestamp":"2025-11-10T01:30:07.681029Z","level":"info","event":"2022-04-02 14시: 8001~9000 완료 (172045개 누적)","logger":"task.stdout"}
{"timestamp":"2025-11-10T01:30:08.889454Z","level":"info","event":"2022-04-02 14시: 9001~10000 완료 (173045개 누적)","logger":"task.stdout"}
{"timestamp":"2025-11-10T01:30:09.908711Z","level":"info","event":"2022-04-02 14시: 10001~10047 완료 (173092개 누적)","logger":"task.stdout"}
{"timestamp":"2025-11-10T01:30:12.226648Z","level":"info","event":"2022-04-02 15시: 1~1000 완료 (174092개 누적)","logger":"task.stdout"}
{"timestamp":"2025-11-10T01:30:13.488503Z","level":"info","event":"2022-04-02 15시: 1001~2000 완료 (175092개 누적)","logger":"task.stdout"}
{"timestamp":"2025-11-10T01:30:14.714545Z","level":"info","event":"2022-04-02 15시: 2001~3000 완료 (176092개 누적)","logger":"task.stdout"}
{"timestamp":"2025-11-10T01:30:15.890818Z","level":"info","event":"2022-04-02 15시: 3001~4000 완료 (177092개 누적)","logger":"task.stdout"}
{"timestamp":"2025-11-10T01:30:17.076927Z","level":"info","event":"2022-04-02 15시: 4001~5000 완료 (178092개 누적)","logger":"task.stdout"}
{"timestamp":"2025-11-10T01:30:18.268726Z","level":"info","event":"2022-04-02 15시: 5001~6000 완료 (179092개 누적)","logger":"task.stdout"}
{"timestamp":"2025-11-10T01:30:19.647594Z","level":"info","event":"2022-04-02 15시: 6001~7000 완료 (180092개 누적)","logger":"task.stdout"}
{"timestamp":"2025-11-10T01:30:20.825758Z","level":"info","event":"2022-04-02 15시: 7001~8000 완료 (181092개 누적)","logger":"task.stdout"}
{"timestamp":"2025-11-10T01:30:21.990076Z","level":"info","event":"2022-04-02 15시: 8001~9000 완료 (182092개 누적)","logger":"task.stdout"}
{"timestamp":"2025-11-10T01:30:23.202914Z","level":"info","event":"2022-04-02 15시: 9001~10000 완료 (183092개 누적)","logger":"task.stdout"}
{"timestamp":"2025-11-10T01:30:24.350809Z","level":"info","event":"2022-04-02 15시: 10001~10678 완료 (183770개 누적)","logger":"task.stdout"}
{"timestamp":"2025-11-10T01:30:26.509411Z","level":"info","event":"2022-04-02 16시: 1~1000 완료 (184770개 누적)","logger":"task.stdout"}
{"timestamp":"2025-11-10T01:30:27.682760Z","level":"info","event":"2022-04-02 16시: 1001~2000 완료 (185770개 누적)","logger":"task.stdout"}
{"timestamp":"2025-11-10T01:30:28.885203Z","level":"info","event":"2022-04-02 16시: 2001~3000 완료 (186770개 누적)","logger":"task.stdout"}
{"timestamp":"2025-11-10T01:30:30.234442Z","level":"info","event":"2022-04-02 16시: 3001~4000 완료 (187770개 누적)","logger":"task.stdout"}
{"timestamp":"2025-11-10T01:30:31.497510Z","level":"info","event":"2022-04-02 16시: 4001~5000 완료 (188770개 누적)","logger":"task.stdout"}
{"timestamp":"2025-11-10T01:30:32.802400Z","level":"info","event":"2022-04-02 16시: 5001~6000 완료 (189770개 누적)","logger":"task.stdout"}
{"timestamp":"2025-11-10T01:30:34.014801Z","level":"info","event":"2022-04-02 16시: 6001~7000 완료 (190770개 누적)","logger":"task.stdout"}
{"timestamp":"2025-11-10T01:30:35.253119Z","level":"info","event":"2022-04-02 16시: 7001~8000 완료 (191770개 누적)","logger":"task.stdout"}
{"timestamp":"2025-11-10T01:30:36.465871Z","level":"info","event":"2022-04-02 16시: 8001~9000 완료 (192770개 누적)","logger":"task.stdout"}
{"timestamp":"2025-11-10T01:30:37.732447Z","level":"info","event":"2022-04-02 16시: 9001~10000 완료 (193770개 누적)","logger":"task.stdout"}
{"timestamp":"2025-11-10T01:30:38.978787Z","level":"info","event":"2022-04-02 16시: 10001~10716 완료 (194486개 누적)","logger":"task.stdout"}
{"timestamp":"2025-11-10T01:30:41.123167Z","level":"info","event":"2022-04-02 17시: 1~1000 완료 (195486개 누적)","logger":"task.stdout"}
{"timestamp":"2025-11-10T01:30:42.302480Z","level":"info","event":"2022-04-02 17시: 1001~2000 완료 (196486개 누적)","logger":"task.stdout"}
{"timestamp":"2025-11-10T01:30:43.409363Z","level":"info","event":"2022-04-02 17시: 2001~3000 완료 (197486개 누적)","logger":"task.stdout"}
{"timestamp":"2025-11-10T01:30:44.580563Z","level":"info","event":"2022-04-02 17시: 3001~4000 완료 (198486개 누적)","logger":"task.stdout"}
{"timestamp":"2025-11-10T01:30:45.818858Z","level":"info","event":"2022-04-02 17시: 4001~5000 완료 (199486개 누적)","logger":"task.stdout"}
{"timestamp":"2025-11-10T01:30:47.065259Z","level":"info","event":"2022-04-02 17시: 5001~6000 완료 (200486개 누적)","logger":"task.stdout"}
{"timestamp":"2025-11-10T01:30:48.187227Z","level":"info","event":"2022-04-02 17시: 6001~7000 완료 (201486개 누적)","logger":"task.stdout"}
{"timestamp":"2025-11-10T01:30:49.479788Z","level":"info","event":"2022-04-02 17시: 7001~8000 완료 (202486개 누적)","logger":"task.stdout"}
{"timestamp":"2025-11-10T01:30:50.703869Z","level":"info","event":"2022-04-02 17시: 8001~9000 완료 (203486개 누적)","logger":"task.stdout"}
{"timestamp":"2025-11-10T01:30:51.850482Z","level":"info","event":"2022-04-02 17시: 9001~9392 완료 (203878개 누적)","logger":"task.stdout"}
{"timestamp":"2025-11-10T01:30:53.969899Z","level":"info","event":"2022-04-02 18시: 1~1000 완료 (204878개 누적)","logger":"task.stdout"}
{"timestamp":"2025-11-10T01:30:55.230176Z","level":"info","event":"2022-04-02 18시: 1001~2000 완료 (205878개 누적)","logger":"task.stdout"}
{"timestamp":"2025-11-10T01:30:56.300740Z","level":"info","event":"2022-04-02 18시: 2001~3000 완료 (206878개 누적)","logger":"task.stdout"}
{"timestamp":"2025-11-10T01:30:57.465929Z","level":"info","event":"2022-04-02 18시: 3001~4000 완료 (207878개 누적)","logger":"task.stdout"}
{"timestamp":"2025-11-10T01:30:58.667040Z","level":"info","event":"2022-04-02 18시: 4001~5000 완료 (208878개 누적)","logger":"task.stdout"}
{"timestamp":"2025-11-10T01:30:59.922113Z","level":"info","event":"2022-04-02 18시: 5001~6000 완료 (209878개 누적)","logger":"task.stdout"}
{"timestamp":"2025-11-10T01:31:00.999572Z","level":"info","event":"2022-04-02 18시: 6001~7000 완료 (210878개 누적)","logger":"task.stdout"}
{"timestamp":"2025-11-10T01:31:02.000294Z","level":"info","event":"2022-04-02 18시: 7001~7350 완료 (211228개 누적)","logger":"task.stdout"}
{"timestamp":"2025-11-10T01:31:03.922179Z","level":"info","event":"2022-04-02 19시: 1~1000 완료 (212228개 누적)","logger":"task.stdout"}
{"timestamp":"2025-11-10T01:31:04.956854Z","level":"info","event":"2022-04-02 19시: 1001~2000 완료 (213228개 누적)","logger":"task.stdout"}
{"timestamp":"2025-11-10T01:31:06.070134Z","level":"info","event":"2022-04-02 19시: 2001~3000 완료 (214228개 누적)","logger":"task.stdout"}
{"timestamp":"2025-11-10T01:31:07.101879Z","level":"info","event":"2022-04-02 19시: 3001~4000 완료 (215228개 누적)","logger":"task.stdout"}
{"timestamp":"2025-11-10T01:31:08.133016Z","level":"info","event":"2022-04-02 19시: 4001~4822 완료 (216050개 누적)","logger":"task.stdout"}
{"timestamp":"2025-11-10T01:31:10.090430Z","level":"info","event":"2022-04-02 20시: 1~1000 완료 (217050개 누적)","logger":"task.stdout"}
{"timestamp":"2025-11-10T01:31:11.136814Z","level":"info","event":"2022-04-02 20시: 1001~2000 완료 (218050개 누적)","logger":"task.stdout"}
{"timestamp":"2025-11-10T01:31:12.205382Z","level":"info","event":"2022-04-02 20시: 2001~3000 완료 (219050개 누적)","logger":"task.stdout"}
{"timestamp":"2025-11-10T01:31:13.250276Z","level":"info","event":"2022-04-02 20시: 3001~4000 완료 (220050개 누적)","logger":"task.stdout"}
{"timestamp":"2025-11-10T01:31:14.239061Z","level":"info","event":"2022-04-02 20시: 4001~4273 완료 (220323개 누적)","logger":"task.stdout"}
{"timestamp":"2025-11-10T01:31:16.353794Z","level":"info","event":"2022-04-02 21시: 1~1000 완료 (221323개 누적)","logger":"task.stdout"}
{"timestamp":"2025-11-10T01:31:17.445670Z","level":"info","event":"2022-04-02 21시: 1001~2000 완료 (222323개 누적)","logger":"task.stdout"}
{"timestamp":"2025-11-10T01:31:18.591586Z","level":"info","event":"2022-04-02 21시: 2001~3000 완료 (223323개 누적)","logger":"task.stdout"}
{"timestamp":"2025-11-10T01:31:19.839087Z","level":"info","event":"2022-04-02 21시: 3001~4000 완료 (224323개 누적)","logger":"task.stdout"}
{"timestamp":"2025-11-10T01:31:20.857417Z","level":"info","event":"2022-04-02 21시: 4001~4121 완료 (224444개 누적)","logger":"task.stdout"}
{"timestamp":"2025-11-10T01:31:22.859589Z","level":"info","event":"2022-04-02 22시: 1~1000 완료 (225444개 누적)","logger":"task.stdout"}
{"timestamp":"2025-11-10T01:31:23.983007Z","level":"info","event":"2022-04-02 22시: 1001~2000 완료 (226444개 누적)","logger":"task.stdout"}
{"timestamp":"2025-11-10T01:31:25.131599Z","level":"info","event":"2022-04-02 22시: 2001~3000 완료 (227444개 누적)","logger":"task.stdout"}
{"timestamp":"2025-11-10T01:31:26.282357Z","level":"info","event":"2022-04-02 22시: 3001~3837 완료 (228281개 누적)","logger":"task.stdout"}
{"timestamp":"2025-11-10T01:31:28.205515Z","level":"info","event":"2022-04-02 23시: 1~1000 완료 (229281개 누적)","logger":"task.stdout"}
{"timestamp":"2025-11-10T01:31:29.463794Z","level":"info","event":"2022-04-02 23시: 1001~2000 완료 (230281개 누적)","logger":"task.stdout"}
{"timestamp":"2025-11-10T01:31:30.479693Z","level":"info","event":"2022-04-02 23시: 2001~3000 완료 (231281개 누적)","logger":"task.stdout"}
{"timestamp":"2025-11-10T01:31:31.358361Z","level":"info","event":"2022-04-02 23시: 3001~3264 완료 (231545개 누적)","logger":"task.stdout"}
{"timestamp":"2025-11-10T01:31:32.943732Z","level":"info","event":"","logger":"task.stdout"}
{"timestamp":"2025-11-10T01:31:32.945135Z","level":"info","event":"2022년 4월 총 231545개 수집 완료","logger":"task.stdout"}
{"timestamp":"2025-11-10T01:31:33.017811Z","level":"error","event":"Task failed with exception","logger":"task","filename":"task_runner.py","lineno":999,"error_detail":[{"exc_type":"KeyError","exc_value":"\"['대여 대여소명', '반납대여소명', '자전거번호', '대여거치대', '반납거치대', '이용시간(분)', '반납대여소번호', '대여 대여소번호'] not found in axis\"","exc_notes":[],"syntax_error":null,"is_cause":false,"frames":[{"filename":"/home/airflow/.local/lib/python3.12/site-packages/airflow/sdk/execution_time/task_runner.py","lineno":925,"name":"run"},{"filename":"/home/airflow/.local/lib/python3.12/site-packages/airflow/sdk/execution_time/task_runner.py","lineno":1312,"name":"_execute_task"},{"filename":"/home/airflow/.local/lib/python3.12/site-packages/airflow/sdk/bases/operator.py","lineno":416,"name":"wrapper"},{"filename":"/home/airflow/.local/lib/python3.12/site-packages/airflow/providers/standard/operators/python.py","lineno":213,"name":"execute"},{"filename":"/home/airflow/.local/lib/python3.12/site-packages/airflow/providers/standard/operators/python.py","lineno":236,"name":"execute_callable"},{"filename":"/home/airflow/.local/lib/python3.12/site-packages/airflow/sdk/execution_time/callback_runner.py","lineno":82,"name":"run"},{"filename":"/opt/airflow/dags/seoul_bike_rent_2022.py","lineno":40,"name":"collect_month"},{"filename":"/opt/airflow/plugins/rent_history_utils.py","lineno":102,"name":"preprocess_rent_data"},{"filename":"/home/airflow/.local/lib/python3.12/site-packages/pandas/core/frame.py","lineno":5344,"name":"drop"},{"filename":"/home/airflow/.local/lib/python3.12/site-packages/pandas/core/generic.py","lineno":4711,"name":"drop"},{"filename":"/home/airflow/.local/lib/python3.12/site-packages/pandas/core/generic.py","lineno":4753,"name":"_drop_axis"},{"filename":"/home/airflow/.local/lib/python3.12/site-packages/pandas/core/indexes/base.py","lineno":7000,"name":"drop"}],"is_group":false,"exceptions":[]}]}
