{"timestamp":"2025-11-10T01:25:56.761603Z","level":"info","event":"DAG bundles loaded: dags-folder","logger":"airflow.dag_processing.bundles.manager.DagBundlesManager","filename":"manager.py","lineno":179}
{"timestamp":"2025-11-10T01:25:56.786889Z","level":"info","event":"Filling up the DagBag from /opt/airflow/dags/seoul_bike_rent_2022.py","logger":"airflow.models.dagbag.DagBag","filename":"dagbag.py","lineno":593}
{"timestamp":"2025-11-10T01:25:56.814220Z","level":"warning","event":"The `airflow.operators.python.PythonOperator` attribute is deprecated. Please use `'airflow.providers.standard.operators.python.PythonOperator'`.","category":"DeprecatedImportWarning","filename":"/opt/airflow/dags/seoul_bike_rent_2022.py","lineno":2,"logger":"py.warnings"}
{"timestamp":"2025-11-10T01:25:56.916717Z","level":"info","event":"Found credentials in environment variables.","logger":"botocore.credentials","filename":"credentials.py","lineno":1224}
{"timestamp":"2025-11-10T01:25:57.816915Z","level":"info","event":"유효한 정거장 3202개 로드","logger":"task.stdout"}
{"timestamp":"2025-11-10T01:26:00.193232Z","level":"info","event":"2022-09-01 00시: 1~1000 완료 (1000개 누적)","logger":"task.stdout"}
{"timestamp":"2025-11-10T01:26:01.519533Z","level":"info","event":"2022-09-01 00시: 1001~2000 완료 (2000개 누적)","logger":"task.stdout"}
{"timestamp":"2025-11-10T01:26:02.922919Z","level":"info","event":"2022-09-01 00시: 2001~3000 완료 (3000개 누적)","logger":"task.stdout"}
{"timestamp":"2025-11-10T01:26:04.282004Z","level":"info","event":"2022-09-01 00시: 3001~4000 완료 (4000개 누적)","logger":"task.stdout"}
{"timestamp":"2025-11-10T01:26:05.404318Z","level":"info","event":"2022-09-01 00시: 4001~4061 완료 (4061개 누적)","logger":"task.stdout"}
{"timestamp":"2025-11-10T01:26:07.769174Z","level":"info","event":"2022-09-01 01시: 1~1000 완료 (5061개 누적)","logger":"task.stdout"}
{"timestamp":"2025-11-10T01:26:09.160037Z","level":"info","event":"2022-09-01 01시: 1001~2000 완료 (6061개 누적)","logger":"task.stdout"}
{"timestamp":"2025-11-10T01:26:11.551374Z","level":"info","event":"2022-09-01 02시: 1~1000 완료 (7061개 누적)","logger":"task.stdout"}
{"timestamp":"2025-11-10T01:26:12.699242Z","level":"info","event":"2022-09-01 02시: 1001~1514 완료 (7575개 누적)","logger":"task.stdout"}
{"timestamp":"2025-11-10T01:26:14.927257Z","level":"info","event":"2022-09-01 03시: 1~951 완료 (8526개 누적)","logger":"task.stdout"}
{"timestamp":"2025-11-10T01:26:17.222386Z","level":"info","event":"2022-09-01 04시: 1~811 완료 (9337개 누적)","logger":"task.stdout"}
{"timestamp":"2025-11-10T01:26:19.647580Z","level":"info","event":"2022-09-01 05시: 1~1000 완료 (10337개 누적)","logger":"task.stdout"}
{"timestamp":"2025-11-10T01:26:20.875754Z","level":"info","event":"2022-09-01 05시: 1001~1595 완료 (10932개 누적)","logger":"task.stdout"}
{"timestamp":"2025-11-10T01:26:23.282880Z","level":"info","event":"2022-09-01 06시: 1~1000 완료 (11932개 누적)","logger":"task.stdout"}
{"timestamp":"2025-11-10T01:26:24.707255Z","level":"info","event":"2022-09-01 06시: 1001~2000 완료 (12932개 누적)","logger":"task.stdout"}
{"timestamp":"2025-11-10T01:26:26.043015Z","level":"info","event":"2022-09-01 06시: 2001~3000 완료 (13932개 누적)","logger":"task.stdout"}
{"timestamp":"2025-11-10T01:26:27.479361Z","level":"info","event":"2022-09-01 06시: 3001~3901 완료 (14833개 누적)","logger":"task.stdout"}
{"timestamp":"2025-11-10T01:26:30.432976Z","level":"info","event":"2022-09-01 07시: 1~1000 완료 (15833개 누적)","logger":"task.stdout"}
{"timestamp":"2025-11-10T01:26:31.967332Z","level":"info","event":"2022-09-01 07시: 1001~2000 완료 (16833개 누적)","logger":"task.stdout"}
{"timestamp":"2025-11-10T01:26:33.708258Z","level":"info","event":"2022-09-01 07시: 2001~3000 완료 (17833개 누적)","logger":"task.stdout"}
{"timestamp":"2025-11-10T01:26:35.409023Z","level":"info","event":"2022-09-01 07시: 3001~4000 완료 (18833개 누적)","logger":"task.stdout"}
{"timestamp":"2025-11-10T01:26:37.160380Z","level":"info","event":"2022-09-01 07시: 4001~5000 완료 (19833개 누적)","logger":"task.stdout"}
{"timestamp":"2025-11-10T01:26:39.074645Z","level":"info","event":"2022-09-01 07시: 5001~6000 완료 (20833개 누적)","logger":"task.stdout"}
{"timestamp":"2025-11-10T01:26:41.013140Z","level":"info","event":"2022-09-01 07시: 6001~7000 완료 (21833개 누적)","logger":"task.stdout"}
{"timestamp":"2025-11-10T01:26:42.669823Z","level":"info","event":"2022-09-01 07시: 7001~8000 완료 (22833개 누적)","logger":"task.stdout"}
{"timestamp":"2025-11-10T01:26:44.218767Z","level":"info","event":"2022-09-01 07시: 8001~9000 완료 (23833개 누적)","logger":"task.stdout"}
{"timestamp":"2025-11-10T01:26:45.730894Z","level":"info","event":"2022-09-01 07시: 9001~10000 완료 (24833개 누적)","logger":"task.stdout"}
{"timestamp":"2025-11-10T01:26:47.332359Z","level":"info","event":"2022-09-01 07시: 10001~10310 완료 (25143개 누적)","logger":"task.stdout"}
{"timestamp":"2025-11-10T01:26:50.486997Z","level":"info","event":"2022-09-01 08시: 1~1000 완료 (26143개 누적)","logger":"task.stdout"}
{"timestamp":"2025-11-10T01:26:52.188851Z","level":"info","event":"2022-09-01 08시: 1001~2000 완료 (27143개 누적)","logger":"task.stdout"}
{"timestamp":"2025-11-10T01:26:54.034502Z","level":"info","event":"2022-09-01 08시: 2001~3000 완료 (28143개 누적)","logger":"task.stdout"}
{"timestamp":"2025-11-10T01:26:55.825225Z","level":"info","event":"2022-09-01 08시: 3001~4000 완료 (29143개 누적)","logger":"task.stdout"}
{"timestamp":"2025-11-10T01:26:57.663204Z","level":"info","event":"2022-09-01 08시: 4001~5000 완료 (30143개 누적)","logger":"task.stdout"}
{"timestamp":"2025-11-10T01:26:59.306150Z","level":"info","event":"2022-09-01 08시: 5001~6000 완료 (31143개 누적)","logger":"task.stdout"}
{"timestamp":"2025-11-10T01:27:01.185316Z","level":"info","event":"2022-09-01 08시: 6001~7000 완료 (32143개 누적)","logger":"task.stdout"}
{"timestamp":"2025-11-10T01:27:02.878502Z","level":"info","event":"2022-09-01 08시: 7001~8000 완료 (33143개 누적)","logger":"task.stdout"}
{"timestamp":"2025-11-10T01:27:04.557561Z","level":"info","event":"2022-09-01 08시: 8001~9000 완료 (34143개 누적)","logger":"task.stdout"}
{"timestamp":"2025-11-10T01:27:06.258719Z","level":"info","event":"2022-09-01 08시: 9001~10000 완료 (35143개 누적)","logger":"task.stdout"}
{"timestamp":"2025-11-10T01:27:07.966243Z","level":"info","event":"2022-09-01 08시: 10001~11000 완료 (36143개 누적)","logger":"task.stdout"}
{"timestamp":"2025-11-10T01:27:09.691919Z","level":"info","event":"2022-09-01 08시: 11001~12000 완료 (37143개 누적)","logger":"task.stdout"}
{"timestamp":"2025-11-10T01:27:11.450221Z","level":"info","event":"2022-09-01 08시: 12001~13000 완료 (38143개 누적)","logger":"task.stdout"}
{"timestamp":"2025-11-10T01:27:13.228869Z","level":"info","event":"2022-09-01 08시: 13001~14000 완료 (39143개 누적)","logger":"task.stdout"}
{"timestamp":"2025-11-10T01:27:14.828603Z","level":"info","event":"2022-09-01 08시: 14001~14863 완료 (40006개 누적)","logger":"task.stdout"}
{"timestamp":"2025-11-10T01:27:17.625981Z","level":"info","event":"2022-09-01 09시: 1~1000 완료 (41006개 누적)","logger":"task.stdout"}
{"timestamp":"2025-11-10T01:27:19.079644Z","level":"info","event":"2022-09-01 09시: 1001~2000 완료 (42006개 누적)","logger":"task.stdout"}
{"timestamp":"2025-11-10T01:27:20.537552Z","level":"info","event":"2022-09-01 09시: 2001~3000 완료 (43006개 누적)","logger":"task.stdout"}
{"timestamp":"2025-11-10T01:27:21.983108Z","level":"info","event":"2022-09-01 09시: 3001~4000 완료 (44006개 누적)","logger":"task.stdout"}
{"timestamp":"2025-11-10T01:27:23.448272Z","level":"info","event":"2022-09-01 09시: 4001~5000 완료 (45006개 누적)","logger":"task.stdout"}
{"timestamp":"2025-11-10T01:27:24.838653Z","level":"info","event":"2022-09-01 09시: 5001~6000 완료 (46006개 누적)","logger":"task.stdout"}
{"timestamp":"2025-11-10T01:27:26.231141Z","level":"info","event":"2022-09-01 09시: 6001~7000 완료 (47006개 누적)","logger":"task.stdout"}
{"timestamp":"2025-11-10T01:27:27.627308Z","level":"info","event":"2022-09-01 09시: 7001~7384 완료 (47390개 누적)","logger":"task.stdout"}
{"timestamp":"2025-11-10T01:27:30.058796Z","level":"info","event":"2022-09-01 10시: 1~1000 완료 (48390개 누적)","logger":"task.stdout"}
{"timestamp":"2025-11-10T01:27:31.334787Z","level":"info","event":"2022-09-01 10시: 1001~2000 완료 (49390개 누적)","logger":"task.stdout"}
{"timestamp":"2025-11-10T01:27:32.661698Z","level":"info","event":"2022-09-01 10시: 2001~3000 완료 (50390개 누적)","logger":"task.stdout"}
{"timestamp":"2025-11-10T01:27:34.080148Z","level":"info","event":"2022-09-01 10시: 3001~4000 완료 (51390개 누적)","logger":"task.stdout"}
{"timestamp":"2025-11-10T01:27:35.448388Z","level":"info","event":"2022-09-01 10시: 4001~5000 완료 (52390개 누적)","logger":"task.stdout"}
{"timestamp":"2025-11-10T01:27:36.787537Z","level":"info","event":"2022-09-01 10시: 5001~5262 완료 (52652개 누적)","logger":"task.stdout"}
{"timestamp":"2025-11-10T01:27:39.438816Z","level":"info","event":"2022-09-01 11시: 1~1000 완료 (53652개 누적)","logger":"task.stdout"}
{"timestamp":"2025-11-10T01:27:40.920895Z","level":"info","event":"2022-09-01 11시: 1001~2000 완료 (54652개 누적)","logger":"task.stdout"}
{"timestamp":"2025-11-10T01:27:42.260121Z","level":"info","event":"2022-09-01 11시: 2001~3000 완료 (55652개 누적)","logger":"task.stdout"}
{"timestamp":"2025-11-10T01:27:43.620594Z","level":"info","event":"2022-09-01 11시: 3001~4000 완료 (56652개 누적)","logger":"task.stdout"}
{"timestamp":"2025-11-10T01:27:45.055772Z","level":"info","event":"2022-09-01 11시: 4001~5000 완료 (57652개 누적)","logger":"task.stdout"}
{"timestamp":"2025-11-10T01:27:46.514947Z","level":"info","event":"2022-09-01 11시: 5001~6000 완료 (58652개 누적)","logger":"task.stdout"}
{"timestamp":"2025-11-10T01:27:47.865470Z","level":"info","event":"2022-09-01 11시: 6001~6232 완료 (58884개 누적)","logger":"task.stdout"}
{"timestamp":"2025-11-10T01:27:50.419691Z","level":"info","event":"2022-09-01 12시: 1~1000 완료 (59884개 누적)","logger":"task.stdout"}
{"timestamp":"2025-11-10T01:27:51.799767Z","level":"info","event":"2022-09-01 12시: 1001~2000 완료 (60884개 누적)","logger":"task.stdout"}
{"timestamp":"2025-11-10T01:27:53.284955Z","level":"info","event":"2022-09-01 12시: 2001~3000 완료 (61884개 누적)","logger":"task.stdout"}
{"timestamp":"2025-11-10T01:27:54.717848Z","level":"info","event":"2022-09-01 12시: 3001~4000 완료 (62884개 누적)","logger":"task.stdout"}
{"timestamp":"2025-11-10T01:27:56.181518Z","level":"info","event":"2022-09-01 12시: 4001~5000 완료 (63884개 누적)","logger":"task.stdout"}
{"timestamp":"2025-11-10T01:27:57.615730Z","level":"info","event":"2022-09-01 12시: 5001~6000 완료 (64884개 누적)","logger":"task.stdout"}
{"timestamp":"2025-11-10T01:27:58.984460Z","level":"info","event":"2022-09-01 12시: 6001~6479 완료 (65363개 누적)","logger":"task.stdout"}
{"timestamp":"2025-11-10T01:28:01.741910Z","level":"info","event":"2022-09-01 13시: 1~1000 완료 (66363개 누적)","logger":"task.stdout"}
{"timestamp":"2025-11-10T01:28:03.151999Z","level":"info","event":"2022-09-01 13시: 1001~2000 완료 (67363개 누적)","logger":"task.stdout"}
{"timestamp":"2025-11-10T01:28:04.536517Z","level":"info","event":"2022-09-01 13시: 2001~3000 완료 (68363개 누적)","logger":"task.stdout"}
{"timestamp":"2025-11-10T01:28:06.019292Z","level":"info","event":"2022-09-01 13시: 3001~4000 완료 (69363개 누적)","logger":"task.stdout"}
{"timestamp":"2025-11-10T01:28:07.457712Z","level":"info","event":"2022-09-01 13시: 4001~5000 완료 (70363개 누적)","logger":"task.stdout"}
{"timestamp":"2025-11-10T01:28:08.991914Z","level":"info","event":"2022-09-01 13시: 5001~5913 완료 (71276개 누적)","logger":"task.stdout"}
{"timestamp":"2025-11-10T01:28:11.600593Z","level":"info","event":"2022-09-01 14시: 1~1000 완료 (72276개 누적)","logger":"task.stdout"}
{"timestamp":"2025-11-10T01:28:12.963189Z","level":"info","event":"2022-09-01 14시: 1001~2000 완료 (73276개 누적)","logger":"task.stdout"}
{"timestamp":"2025-11-10T01:28:14.463670Z","level":"info","event":"2022-09-01 14시: 2001~3000 완료 (74276개 누적)","logger":"task.stdout"}
{"timestamp":"2025-11-10T01:28:15.934955Z","level":"info","event":"2022-09-01 14시: 3001~4000 완료 (75276개 누적)","logger":"task.stdout"}
{"timestamp":"2025-11-10T01:28:17.342865Z","level":"info","event":"2022-09-01 14시: 4001~5000 완료 (76276개 누적)","logger":"task.stdout"}
{"timestamp":"2025-11-10T01:28:18.804102Z","level":"info","event":"2022-09-01 14시: 5001~6000 완료 (77276개 누적)","logger":"task.stdout"}
{"timestamp":"2025-11-10T01:28:20.059424Z","level":"info","event":"2022-09-01 14시: 6001~6160 완료 (77436개 누적)","logger":"task.stdout"}
{"timestamp":"2025-11-10T01:28:22.700139Z","level":"info","event":"2022-09-01 15시: 1~1000 완료 (78436개 누적)","logger":"task.stdout"}
{"timestamp":"2025-11-10T01:28:24.153465Z","level":"info","event":"2022-09-01 15시: 1001~2000 완료 (79436개 누적)","logger":"task.stdout"}
{"timestamp":"2025-11-10T01:28:25.583954Z","level":"info","event":"2022-09-01 15시: 2001~3000 완료 (80436개 누적)","logger":"task.stdout"}
{"timestamp":"2025-11-10T01:28:27.077894Z","level":"info","event":"2022-09-01 15시: 3001~4000 완료 (81436개 누적)","logger":"task.stdout"}
{"timestamp":"2025-11-10T01:28:28.491165Z","level":"info","event":"2022-09-01 15시: 4001~5000 완료 (82436개 누적)","logger":"task.stdout"}
{"timestamp":"2025-11-10T01:28:30.011945Z","level":"info","event":"2022-09-01 15시: 5001~6000 완료 (83436개 누적)","logger":"task.stdout"}
{"timestamp":"2025-11-10T01:28:31.486984Z","level":"info","event":"2022-09-01 15시: 6001~6939 완료 (84375개 누적)","logger":"task.stdout"}
{"timestamp":"2025-11-10T01:28:34.427854Z","level":"info","event":"2022-09-01 16시: 1~1000 완료 (85375개 누적)","logger":"task.stdout"}
{"timestamp":"2025-11-10T01:28:36.036026Z","level":"info","event":"2022-09-01 16시: 1001~2000 완료 (86375개 누적)","logger":"task.stdout"}
{"timestamp":"2025-11-10T01:28:37.663035Z","level":"info","event":"2022-09-01 16시: 2001~3000 완료 (87375개 누적)","logger":"task.stdout"}
{"timestamp":"2025-11-10T01:28:39.263445Z","level":"info","event":"2022-09-01 16시: 3001~4000 완료 (88375개 누적)","logger":"task.stdout"}
{"timestamp":"2025-11-10T01:28:40.880942Z","level":"info","event":"2022-09-01 16시: 4001~5000 완료 (89375개 누적)","logger":"task.stdout"}
{"timestamp":"2025-11-10T01:28:42.400055Z","level":"info","event":"2022-09-01 16시: 5001~6000 완료 (90375개 누적)","logger":"task.stdout"}
{"timestamp":"2025-11-10T01:28:43.915460Z","level":"info","event":"2022-09-01 16시: 6001~7000 완료 (91375개 누적)","logger":"task.stdout"}
{"timestamp":"2025-11-10T01:28:45.434678Z","level":"info","event":"2022-09-01 16시: 7001~8000 완료 (92375개 누적)","logger":"task.stdout"}
{"timestamp":"2025-11-10T01:28:46.977545Z","level":"info","event":"2022-09-01 16시: 8001~9000 완료 (93375개 누적)","logger":"task.stdout"}
{"timestamp":"2025-11-10T01:28:48.506619Z","level":"info","event":"2022-09-01 16시: 9001~10000 완료 (94375개 누적)","logger":"task.stdout"}
{"timestamp":"2025-11-10T01:28:49.995614Z","level":"info","event":"2022-09-01 16시: 10001~10279 완료 (94654개 누적)","logger":"task.stdout"}
{"timestamp":"2025-11-10T01:28:53.301345Z","level":"info","event":"2022-09-01 17시: 1~1000 완료 (95654개 누적)","logger":"task.stdout"}
{"timestamp":"2025-11-10T01:28:55.017153Z","level":"info","event":"2022-09-01 17시: 1001~2000 완료 (96654개 누적)","logger":"task.stdout"}
{"timestamp":"2025-11-10T01:28:56.697145Z","level":"info","event":"2022-09-01 17시: 2001~3000 완료 (97654개 누적)","logger":"task.stdout"}
{"timestamp":"2025-11-10T01:28:58.500542Z","level":"info","event":"2022-09-01 17시: 3001~4000 완료 (98654개 누적)","logger":"task.stdout"}
{"timestamp":"2025-11-10T01:29:00.229804Z","level":"info","event":"2022-09-01 17시: 4001~5000 완료 (99654개 누적)","logger":"task.stdout"}
{"timestamp":"2025-11-10T01:29:01.943693Z","level":"info","event":"2022-09-01 17시: 5001~6000 완료 (100654개 누적)","logger":"task.stdout"}
{"timestamp":"2025-11-10T01:29:03.792831Z","level":"info","event":"2022-09-01 17시: 6001~7000 완료 (101654개 누적)","logger":"task.stdout"}
{"timestamp":"2025-11-10T01:29:05.438242Z","level":"info","event":"2022-09-01 17시: 7001~8000 완료 (102654개 누적)","logger":"task.stdout"}
{"timestamp":"2025-11-10T01:29:07.121299Z","level":"info","event":"2022-09-01 17시: 8001~9000 완료 (103654개 누적)","logger":"task.stdout"}
{"timestamp":"2025-11-10T01:29:08.813145Z","level":"info","event":"2022-09-01 17시: 9001~10000 완료 (104654개 누적)","logger":"task.stdout"}
{"timestamp":"2025-11-10T01:29:10.459796Z","level":"info","event":"2022-09-01 17시: 10001~11000 완료 (105654개 누적)","logger":"task.stdout"}
{"timestamp":"2025-11-10T01:29:12.145013Z","level":"info","event":"2022-09-01 17시: 11001~12000 완료 (106654개 누적)","logger":"task.stdout"}
{"timestamp":"2025-11-10T01:29:13.857761Z","level":"info","event":"2022-09-01 17시: 12001~13000 완료 (107654개 누적)","logger":"task.stdout"}
{"timestamp":"2025-11-10T01:29:15.582298Z","level":"info","event":"2022-09-01 17시: 13001~14000 완료 (108654개 누적)","logger":"task.stdout"}
{"timestamp":"2025-11-10T01:29:17.172200Z","level":"info","event":"2022-09-01 17시: 14001~14410 완료 (109064개 누적)","logger":"task.stdout"}
{"timestamp":"2025-11-10T01:29:20.831998Z","level":"info","event":"2022-09-01 18시: 1~1000 완료 (110064개 누적)","logger":"task.stdout"}
{"timestamp":"2025-11-10T01:29:22.726179Z","level":"info","event":"2022-09-01 18시: 1001~2000 완료 (111064개 누적)","logger":"task.stdout"}
{"timestamp":"2025-11-10T01:29:24.681181Z","level":"info","event":"2022-09-01 18시: 2001~3000 완료 (112064개 누적)","logger":"task.stdout"}
{"timestamp":"2025-11-10T01:29:26.575973Z","level":"info","event":"2022-09-01 18시: 3001~4000 완료 (113064개 누적)","logger":"task.stdout"}
{"timestamp":"2025-11-10T01:29:28.470406Z","level":"info","event":"2022-09-01 18시: 4001~5000 완료 (114064개 누적)","logger":"task.stdout"}
{"timestamp":"2025-11-10T01:29:30.295790Z","level":"info","event":"2022-09-01 18시: 5001~6000 완료 (115064개 누적)","logger":"task.stdout"}
{"timestamp":"2025-11-10T01:29:32.217427Z","level":"info","event":"2022-09-01 18시: 6001~7000 완료 (116064개 누적)","logger":"task.stdout"}
{"timestamp":"2025-11-10T01:29:34.224403Z","level":"info","event":"2022-09-01 18시: 7001~8000 완료 (117064개 누적)","logger":"task.stdout"}
{"timestamp":"2025-11-10T01:29:36.222372Z","level":"info","event":"2022-09-01 18시: 8001~9000 완료 (118064개 누적)","logger":"task.stdout"}
{"timestamp":"2025-11-10T01:29:38.221748Z","level":"info","event":"2022-09-01 18시: 9001~10000 완료 (119064개 누적)","logger":"task.stdout"}
{"timestamp":"2025-11-10T01:29:40.237586Z","level":"info","event":"2022-09-01 18시: 10001~11000 완료 (120064개 누적)","logger":"task.stdout"}
{"timestamp":"2025-11-10T01:29:42.201460Z","level":"info","event":"2022-09-01 18시: 11001~12000 완료 (121064개 누적)","logger":"task.stdout"}
{"timestamp":"2025-11-10T01:29:44.172496Z","level":"info","event":"2022-09-01 18시: 12001~13000 완료 (122064개 누적)","logger":"task.stdout"}
{"timestamp":"2025-11-10T01:29:46.152002Z","level":"info","event":"2022-09-01 18시: 13001~14000 완료 (123064개 누적)","logger":"task.stdout"}
{"timestamp":"2025-11-10T01:29:48.030633Z","level":"info","event":"2022-09-01 18시: 14001~15000 완료 (124064개 누적)","logger":"task.stdout"}
{"timestamp":"2025-11-10T01:29:50.017153Z","level":"info","event":"2022-09-01 18시: 15001~16000 완료 (125064개 누적)","logger":"task.stdout"}
{"timestamp":"2025-11-10T01:29:51.937313Z","level":"info","event":"2022-09-01 18시: 16001~17000 완료 (126064개 누적)","logger":"task.stdout"}
{"timestamp":"2025-11-10T01:29:53.744405Z","level":"info","event":"2022-09-01 18시: 17001~18000 완료 (127064개 누적)","logger":"task.stdout"}
{"timestamp":"2025-11-10T01:29:55.818041Z","level":"info","event":"2022-09-01 18시: 18001~19000 완료 (128064개 누적)","logger":"task.stdout"}
{"timestamp":"2025-11-10T01:29:57.682759Z","level":"info","event":"2022-09-01 18시: 19001~20000 완료 (129064개 누적)","logger":"task.stdout"}
{"timestamp":"2025-11-10T01:29:59.491475Z","level":"info","event":"2022-09-01 18시: 20001~21000 완료 (130064개 누적)","logger":"task.stdout"}
{"timestamp":"2025-11-10T01:30:01.374589Z","level":"info","event":"2022-09-01 18시: 21001~21331 완료 (130395개 누적)","logger":"task.stdout"}
{"timestamp":"2025-11-10T01:30:04.991827Z","level":"info","event":"2022-09-01 19시: 1~1000 완료 (131395개 누적)","logger":"task.stdout"}
{"timestamp":"2025-11-10T01:30:06.950676Z","level":"info","event":"2022-09-01 19시: 1001~2000 완료 (132395개 누적)","logger":"task.stdout"}
{"timestamp":"2025-11-10T01:30:08.723254Z","level":"info","event":"2022-09-01 19시: 2001~3000 완료 (133395개 누적)","logger":"task.stdout"}
{"timestamp":"2025-11-10T01:30:10.544301Z","level":"info","event":"2022-09-01 19시: 3001~4000 완료 (134395개 누적)","logger":"task.stdout"}
{"timestamp":"2025-11-10T01:30:12.256516Z","level":"info","event":"2022-09-01 19시: 4001~5000 완료 (135395개 누적)","logger":"task.stdout"}
{"timestamp":"2025-11-10T01:30:13.883053Z","level":"info","event":"2022-09-01 19시: 5001~6000 완료 (136395개 누적)","logger":"task.stdout"}
{"timestamp":"2025-11-10T01:30:15.553992Z","level":"info","event":"2022-09-01 19시: 6001~7000 완료 (137395개 누적)","logger":"task.stdout"}
{"timestamp":"2025-11-10T01:30:17.270921Z","level":"info","event":"2022-09-01 19시: 7001~8000 완료 (138395개 누적)","logger":"task.stdout"}
{"timestamp":"2025-11-10T01:30:19.028365Z","level":"info","event":"2022-09-01 19시: 8001~9000 완료 (139395개 누적)","logger":"task.stdout"}
{"timestamp":"2025-11-10T01:30:20.782637Z","level":"info","event":"2022-09-01 19시: 9001~10000 완료 (140395개 누적)","logger":"task.stdout"}
{"timestamp":"2025-11-10T01:30:22.490297Z","level":"info","event":"2022-09-01 19시: 10001~11000 완료 (141395개 누적)","logger":"task.stdout"}
{"timestamp":"2025-11-10T01:30:24.225710Z","level":"info","event":"2022-09-01 19시: 11001~12000 완료 (142395개 누적)","logger":"task.stdout"}
{"timestamp":"2025-11-10T01:30:25.942480Z","level":"info","event":"2022-09-01 19시: 12001~13000 완료 (143395개 누적)","logger":"task.stdout"}
{"timestamp":"2025-11-10T01:30:27.682775Z","level":"info","event":"2022-09-01 19시: 13001~14000 완료 (144395개 누적)","logger":"task.stdout"}
{"timestamp":"2025-11-10T01:30:29.510347Z","level":"info","event":"2022-09-01 19시: 14001~14902 완료 (145297개 누적)","logger":"task.stdout"}
{"timestamp":"2025-11-10T01:30:32.570817Z","level":"info","event":"2022-09-01 20시: 1~1000 완료 (146297개 누적)","logger":"task.stdout"}
{"timestamp":"2025-11-10T01:30:34.180944Z","level":"info","event":"2022-09-01 20시: 1001~2000 완료 (147297개 누적)","logger":"task.stdout"}
{"timestamp":"2025-11-10T01:30:35.769181Z","level":"info","event":"2022-09-01 20시: 2001~3000 완료 (148297개 누적)","logger":"task.stdout"}
{"timestamp":"2025-11-10T01:30:37.460610Z","level":"info","event":"2022-09-01 20시: 3001~4000 완료 (149297개 누적)","logger":"task.stdout"}
{"timestamp":"2025-11-10T01:30:39.071959Z","level":"info","event":"2022-09-01 20시: 4001~5000 완료 (150297개 누적)","logger":"task.stdout"}
{"timestamp":"2025-11-10T01:30:40.693900Z","level":"info","event":"2022-09-01 20시: 5001~6000 완료 (151297개 누적)","logger":"task.stdout"}
{"timestamp":"2025-11-10T01:30:42.292714Z","level":"info","event":"2022-09-01 20시: 6001~7000 완료 (152297개 누적)","logger":"task.stdout"}
{"timestamp":"2025-11-10T01:30:43.840905Z","level":"info","event":"2022-09-01 20시: 7001~8000 완료 (153297개 누적)","logger":"task.stdout"}
{"timestamp":"2025-11-10T01:30:45.462779Z","level":"info","event":"2022-09-01 20시: 8001~9000 완료 (154297개 누적)","logger":"task.stdout"}
{"timestamp":"2025-11-10T01:30:47.008306Z","level":"info","event":"2022-09-01 20시: 9001~10000 완료 (155297개 누적)","logger":"task.stdout"}
{"timestamp":"2025-11-10T01:30:48.679489Z","level":"info","event":"2022-09-01 20시: 10001~11000 완료 (156297개 누적)","logger":"task.stdout"}
{"timestamp":"2025-11-10T01:30:50.470778Z","level":"info","event":"2022-09-01 20시: 11001~12000 완료 (157297개 누적)","logger":"task.stdout"}
{"timestamp":"2025-11-10T01:30:52.071976Z","level":"info","event":"2022-09-01 20시: 12001~12646 완료 (157943개 누적)","logger":"task.stdout"}
{"timestamp":"2025-11-10T01:30:54.997041Z","level":"info","event":"2022-09-01 21시: 1~1000 완료 (158943개 누적)","logger":"task.stdout"}
{"timestamp":"2025-11-10T01:30:56.777362Z","level":"info","event":"2022-09-01 21시: 1001~2000 완료 (159943개 누적)","logger":"task.stdout"}
{"timestamp":"2025-11-10T01:30:58.375901Z","level":"info","event":"2022-09-01 21시: 2001~3000 완료 (160943개 누적)","logger":"task.stdout"}
{"timestamp":"2025-11-10T01:30:59.927406Z","level":"info","event":"2022-09-01 21시: 3001~4000 완료 (161943개 누적)","logger":"task.stdout"}
{"timestamp":"2025-11-10T01:31:01.546791Z","level":"info","event":"2022-09-01 21시: 4001~5000 완료 (162943개 누적)","logger":"task.stdout"}
{"timestamp":"2025-11-10T01:31:03.215877Z","level":"info","event":"2022-09-01 21시: 5001~6000 완료 (163943개 누적)","logger":"task.stdout"}
{"timestamp":"2025-11-10T01:31:04.803456Z","level":"info","event":"2022-09-01 21시: 6001~7000 완료 (164943개 누적)","logger":"task.stdout"}
{"timestamp":"2025-11-10T01:31:06.411650Z","level":"info","event":"2022-09-01 21시: 7001~8000 완료 (165943개 누적)","logger":"task.stdout"}
{"timestamp":"2025-11-10T01:31:08.042722Z","level":"info","event":"2022-09-01 21시: 8001~9000 완료 (166943개 누적)","logger":"task.stdout"}
{"timestamp":"2025-11-10T01:31:09.577530Z","level":"info","event":"2022-09-01 21시: 9001~10000 완료 (167943개 누적)","logger":"task.stdout"}
{"timestamp":"2025-11-10T01:31:11.178857Z","level":"info","event":"2022-09-01 21시: 10001~11000 완료 (168943개 누적)","logger":"task.stdout"}
{"timestamp":"2025-11-10T01:31:12.822246Z","level":"info","event":"2022-09-01 21시: 11001~11622 완료 (169565개 누적)","logger":"task.stdout"}
{"timestamp":"2025-11-10T01:31:15.689181Z","level":"info","event":"2022-09-01 22시: 1~1000 완료 (170565개 누적)","logger":"task.stdout"}
{"timestamp":"2025-11-10T01:31:17.256060Z","level":"info","event":"2022-09-01 22시: 1001~2000 완료 (171565개 누적)","logger":"task.stdout"}
{"timestamp":"2025-11-10T01:31:19.331613Z","level":"info","event":"2022-09-01 22시: 2001~3000 완료 (172565개 누적)","logger":"task.stdout"}
{"timestamp":"2025-11-10T01:31:20.915321Z","level":"info","event":"2022-09-01 22시: 3001~4000 완료 (173565개 누적)","logger":"task.stdout"}
{"timestamp":"2025-11-10T01:31:22.525874Z","level":"info","event":"2022-09-01 22시: 4001~5000 완료 (174565개 누적)","logger":"task.stdout"}
{"timestamp":"2025-11-10T01:31:24.301403Z","level":"info","event":"2022-09-01 22시: 5001~6000 완료 (175565개 누적)","logger":"task.stdout"}
{"timestamp":"2025-11-10T01:31:25.827552Z","level":"info","event":"2022-09-01 22시: 6001~7000 완료 (176565개 누적)","logger":"task.stdout"}
{"timestamp":"2025-11-10T01:31:27.518316Z","level":"info","event":"2022-09-01 22시: 7001~8000 완료 (177565개 누적)","logger":"task.stdout"}
{"timestamp":"2025-11-10T01:31:29.084888Z","level":"info","event":"2022-09-01 22시: 8001~9000 완료 (178565개 누적)","logger":"task.stdout"}
{"timestamp":"2025-11-10T01:31:30.857967Z","level":"info","event":"2022-09-01 22시: 9001~9608 완료 (179173개 누적)","logger":"task.stdout"}
{"timestamp":"2025-11-10T01:31:33.642873Z","level":"info","event":"2022-09-01 23시: 1~1000 완료 (180173개 누적)","logger":"task.stdout"}
{"timestamp":"2025-11-10T01:31:35.383025Z","level":"info","event":"2022-09-01 23시: 1001~2000 완료 (181173개 누적)","logger":"task.stdout"}
{"timestamp":"2025-11-10T01:31:36.884605Z","level":"info","event":"2022-09-01 23시: 2001~3000 완료 (182173개 누적)","logger":"task.stdout"}
{"timestamp":"2025-11-10T01:31:38.547742Z","level":"info","event":"2022-09-01 23시: 3001~4000 완료 (183173개 누적)","logger":"task.stdout"}
{"timestamp":"2025-11-10T01:31:40.026832Z","level":"info","event":"2022-09-01 23시: 4001~5000 완료 (184173개 누적)","logger":"task.stdout"}
{"timestamp":"2025-11-10T01:31:41.560906Z","level":"info","event":"2022-09-01 23시: 5001~6000 완료 (185173개 누적)","logger":"task.stdout"}
{"timestamp":"2025-11-10T01:31:42.806372Z","level":"info","event":"2022-09-01 23시: 6001~6014 완료 (185187개 누적)","logger":"task.stdout"}
{"timestamp":"2025-11-10T01:31:46.611944Z","level":"info","event":"2022-09-02 00시: 1~1000 완료 (186187개 누적)","logger":"task.stdout"}
{"timestamp":"2025-11-10T01:31:49.490794Z","level":"info","event":"2022-09-02 00시: 1001~2000 완료 (187187개 누적)","logger":"task.stdout"}
{"timestamp":"2025-11-10T01:31:50.822806Z","level":"info","event":"2022-09-02 00시: 2001~3000 완료 (188187개 누적)","logger":"task.stdout"}
{"timestamp":"2025-11-10T01:31:52.379840Z","level":"info","event":"2022-09-02 00시: 3001~4000 완료 (189187개 누적)","logger":"task.stdout"}
{"timestamp":"2025-11-10T01:31:53.932667Z","level":"info","event":"2022-09-02 00시: 4001~4019 완료 (189206개 누적)","logger":"task.stdout"}
{"timestamp":"2025-11-10T01:31:56.549688Z","level":"info","event":"2022-09-02 01시: 1~1000 완료 (190206개 누적)","logger":"task.stdout"}
{"timestamp":"2025-11-10T01:31:57.950591Z","level":"info","event":"2022-09-02 01시: 1001~2000 완료 (191206개 누적)","logger":"task.stdout"}
{"timestamp":"2025-11-10T01:31:59.284539Z","level":"info","event":"2022-09-02 01시: 2001~2718 완료 (191924개 누적)","logger":"task.stdout"}
{"timestamp":"2025-11-10T01:32:01.761427Z","level":"info","event":"2022-09-02 02시: 1~1000 완료 (192924개 누적)","logger":"task.stdout"}
{"timestamp":"2025-11-10T01:32:03.059980Z","level":"info","event":"2022-09-02 02시: 1001~1644 완료 (193568개 누적)","logger":"task.stdout"}
{"timestamp":"2025-11-10T01:32:05.402556Z","level":"info","event":"2022-09-02 03시: 1~1000 완료 (194568개 누적)","logger":"task.stdout"}
{"timestamp":"2025-11-10T01:32:06.537118Z","level":"info","event":"2022-09-02 03시: 1001~1065 완료 (194633개 누적)","logger":"task.stdout"}
{"timestamp":"2025-11-10T01:32:09.338137Z","level":"info","event":"2022-09-02 04시: 1~855 완료 (195488개 누적)","logger":"task.stdout"}
{"timestamp":"2025-11-10T01:32:14.067949Z","level":"info","event":"2022-09-02 05시: 1~1000 완료 (196488개 누적)","logger":"task.stdout"}
{"timestamp":"2025-11-10T01:32:22.757666Z","level":"info","event":"2022-09-02 06시: 1~1000 완료 (197488개 누적)","logger":"task.stdout"}
{"timestamp":"2025-11-10T01:32:24.191676Z","level":"info","event":"2022-09-02 06시: 1001~2000 완료 (198488개 누적)","logger":"task.stdout"}
{"timestamp":"2025-11-10T01:32:25.655296Z","level":"info","event":"2022-09-02 06시: 2001~3000 완료 (199488개 누적)","logger":"task.stdout"}
{"timestamp":"2025-11-10T01:32:27.273150Z","level":"info","event":"2022-09-02 06시: 3001~3954 완료 (200442개 누적)","logger":"task.stdout"}
{"timestamp":"2025-11-10T01:32:30.424329Z","level":"info","event":"2022-09-02 07시: 1~1000 완료 (201442개 누적)","logger":"task.stdout"}
{"timestamp":"2025-11-10T01:32:32.145060Z","level":"info","event":"2022-09-02 07시: 1001~2000 완료 (202442개 누적)","logger":"task.stdout"}
{"timestamp":"2025-11-10T01:32:33.891306Z","level":"info","event":"2022-09-02 07시: 2001~3000 완료 (203442개 누적)","logger":"task.stdout"}
{"timestamp":"2025-11-10T01:32:35.827208Z","level":"info","event":"2022-09-02 07시: 3001~4000 완료 (204442개 누적)","logger":"task.stdout"}
{"timestamp":"2025-11-10T01:32:37.462671Z","level":"info","event":"2022-09-02 07시: 4001~5000 완료 (205442개 누적)","logger":"task.stdout"}
{"timestamp":"2025-11-10T01:32:39.317608Z","level":"info","event":"2022-09-02 07시: 5001~6000 완료 (206442개 누적)","logger":"task.stdout"}
{"timestamp":"2025-11-10T01:32:41.288836Z","level":"info","event":"2022-09-02 07시: 6001~7000 완료 (207442개 누적)","logger":"task.stdout"}
{"timestamp":"2025-11-10T01:32:42.880575Z","level":"info","event":"2022-09-02 07시: 7001~8000 완료 (208442개 누적)","logger":"task.stdout"}
{"timestamp":"2025-11-10T01:32:44.595140Z","level":"info","event":"2022-09-02 07시: 8001~9000 완료 (209442개 누적)","logger":"task.stdout"}
{"timestamp":"2025-11-10T01:32:46.121642Z","level":"info","event":"2022-09-02 07시: 9001~10000 완료 (210442개 누적)","logger":"task.stdout"}
{"timestamp":"2025-11-10T01:32:47.796779Z","level":"info","event":"2022-09-02 07시: 10001~10374 완료 (210816개 누적)","logger":"task.stdout"}
{"timestamp":"2025-11-10T01:32:51.392921Z","level":"info","event":"2022-09-02 08시: 1~1000 완료 (211816개 누적)","logger":"task.stdout"}
{"timestamp":"2025-11-10T01:32:59.692565Z","level":"info","event":"2022-09-02 08시: 1001~2000 완료 (212816개 누적)","logger":"task.stdout"}
{"timestamp":"2025-11-10T01:33:01.122090Z","level":"info","event":"2022-09-02 08시: 2001~3000 완료 (213816개 누적)","logger":"task.stdout"}
{"timestamp":"2025-11-10T01:33:03.174464Z","level":"info","event":"2022-09-02 08시: 3001~4000 완료 (214816개 누적)","logger":"task.stdout"}
{"timestamp":"2025-11-10T01:33:05.193786Z","level":"info","event":"2022-09-02 08시: 4001~5000 완료 (215816개 누적)","logger":"task.stdout"}
{"timestamp":"2025-11-10T01:33:07.114240Z","level":"info","event":"2022-09-02 08시: 5001~6000 완료 (216816개 누적)","logger":"task.stdout"}
{"timestamp":"2025-11-10T01:33:09.311221Z","level":"info","event":"2022-09-02 08시: 6001~7000 완료 (217816개 누적)","logger":"task.stdout"}
{"timestamp":"2025-11-10T01:33:11.469408Z","level":"info","event":"2022-09-02 08시: 7001~8000 완료 (218816개 누적)","logger":"task.stdout"}
{"timestamp":"2025-11-10T01:33:13.270768Z","level":"info","event":"2022-09-02 08시: 8001~9000 완료 (219816개 누적)","logger":"task.stdout"}
{"timestamp":"2025-11-10T01:33:15.547098Z","level":"info","event":"2022-09-02 08시: 9001~10000 완료 (220816개 누적)","logger":"task.stdout"}
{"timestamp":"2025-11-10T01:33:17.613727Z","level":"info","event":"2022-09-02 08시: 10001~11000 완료 (221816개 누적)","logger":"task.stdout"}
{"timestamp":"2025-11-10T01:33:19.508964Z","level":"info","event":"2022-09-02 08시: 11001~12000 완료 (222816개 누적)","logger":"task.stdout"}
{"timestamp":"2025-11-10T01:33:21.260102Z","level":"info","event":"2022-09-02 08시: 12001~13000 완료 (223816개 누적)","logger":"task.stdout"}
{"timestamp":"2025-11-10T01:33:23.112596Z","level":"info","event":"2022-09-02 08시: 13001~14000 완료 (224816개 누적)","logger":"task.stdout"}
{"timestamp":"2025-11-10T01:33:24.982521Z","level":"info","event":"2022-09-02 08시: 14001~14996 완료 (225812개 누적)","logger":"task.stdout"}
{"timestamp":"2025-11-10T01:33:27.902946Z","level":"info","event":"2022-09-02 09시: 1~1000 완료 (226812개 누적)","logger":"task.stdout"}
{"timestamp":"2025-11-10T01:33:29.775661Z","level":"info","event":"2022-09-02 09시: 1001~2000 완료 (227812개 누적)","logger":"task.stdout"}
{"timestamp":"2025-11-10T01:33:31.354115Z","level":"info","event":"2022-09-02 09시: 2001~3000 완료 (228812개 누적)","logger":"task.stdout"}
{"timestamp":"2025-11-10T01:33:35.954920Z","level":"info","event":"2022-09-02 09시: 3001~4000 완료 (229812개 누적)","logger":"task.stdout"}
{"timestamp":"2025-11-10T01:33:38.034040Z","level":"info","event":"2022-09-02 09시: 4001~5000 완료 (230812개 누적)","logger":"task.stdout"}
{"timestamp":"2025-11-10T01:33:39.730796Z","level":"info","event":"2022-09-02 09시: 5001~6000 완료 (231812개 누적)","logger":"task.stdout"}
{"timestamp":"2025-11-10T01:33:41.378763Z","level":"info","event":"2022-09-02 09시: 6001~7000 완료 (232812개 누적)","logger":"task.stdout"}
{"timestamp":"2025-11-10T01:34:02.058198Z","level":"info","event":"2022-09-02 09시: 요청 실패 - HTTPConnectionPool(host='openapi.seoul.go.kr', port=8088): Max retries exceeded with url: /574d4268426539373930666f4b654e/json/tbCycleRentData/7001/7537/2022-09-02/9 (Caused by NameResolutionError(\"<urllib3.connection.HTTPConnection object at 0xffff7b9cd5e0>: Failed to resolve 'openapi.seoul.go.kr' ([Errno -3] Temporary failure in name resolution)\"))","logger":"task.stdout"}
{"timestamp":"2025-11-10T01:34:03.478617Z","level":"info","event":"2022-09-02 10시: 응답 없음","logger":"task.stdout"}
{"timestamp":"2025-11-10T01:34:06.341185Z","level":"info","event":"2022-09-02 11시: 1~1000 완료 (233812개 누적)","logger":"task.stdout"}
{"timestamp":"2025-11-10T01:34:07.923443Z","level":"info","event":"2022-09-02 11시: 1001~2000 완료 (234812개 누적)","logger":"task.stdout"}
{"timestamp":"2025-11-10T01:34:09.473371Z","level":"info","event":"2022-09-02 11시: 2001~3000 완료 (235812개 누적)","logger":"task.stdout"}
{"timestamp":"2025-11-10T01:34:10.977711Z","level":"info","event":"2022-09-02 11시: 3001~4000 완료 (236812개 누적)","logger":"task.stdout"}
{"timestamp":"2025-11-10T01:34:12.572459Z","level":"info","event":"2022-09-02 11시: 4001~5000 완료 (237812개 누적)","logger":"task.stdout"}
{"timestamp":"2025-11-10T01:34:14.124684Z","level":"info","event":"2022-09-02 11시: 5001~6000 완료 (238812개 누적)","logger":"task.stdout"}
{"timestamp":"2025-11-10T01:34:15.647021Z","level":"info","event":"2022-09-02 11시: 6001~6441 완료 (239253개 누적)","logger":"task.stdout"}
{"timestamp":"2025-11-10T01:34:18.665032Z","level":"info","event":"2022-09-02 12시: 1~1000 완료 (240253개 누적)","logger":"task.stdout"}
{"timestamp":"2025-11-10T01:34:20.136532Z","level":"info","event":"2022-09-02 12시: 1001~2000 완료 (241253개 누적)","logger":"task.stdout"}
{"timestamp":"2025-11-10T01:34:21.828748Z","level":"info","event":"2022-09-02 12시: 2001~3000 완료 (242253개 누적)","logger":"task.stdout"}
{"timestamp":"2025-11-10T01:34:23.378860Z","level":"info","event":"2022-09-02 12시: 3001~4000 완료 (243253개 누적)","logger":"task.stdout"}
{"timestamp":"2025-11-10T01:34:25.018490Z","level":"info","event":"2022-09-02 12시: 4001~5000 완료 (244253개 누적)","logger":"task.stdout"}
{"timestamp":"2025-11-10T01:34:26.553692Z","level":"info","event":"2022-09-02 12시: 5001~6000 완료 (245253개 누적)","logger":"task.stdout"}
{"timestamp":"2025-11-10T01:34:28.045148Z","level":"info","event":"2022-09-02 12시: 6001~6926 완료 (246179개 누적)","logger":"task.stdout"}
{"timestamp":"2025-11-10T01:34:31.273744Z","level":"info","event":"2022-09-02 13시: 1~1000 완료 (247179개 누적)","logger":"task.stdout"}
{"timestamp":"2025-11-10T01:34:32.757933Z","level":"info","event":"2022-09-02 13시: 1001~2000 완료 (248179개 누적)","logger":"task.stdout"}
{"timestamp":"2025-11-10T01:34:34.900449Z","level":"info","event":"2022-09-02 13시: 2001~3000 완료 (249179개 누적)","logger":"task.stdout"}
{"timestamp":"2025-11-10T01:34:36.696007Z","level":"info","event":"2022-09-02 13시: 3001~4000 완료 (250179개 누적)","logger":"task.stdout"}
{"timestamp":"2025-11-10T01:34:38.084581Z","level":"info","event":"2022-09-02 13시: 4001~5000 완료 (251179개 누적)","logger":"task.stdout"}
{"timestamp":"2025-11-10T01:34:39.923779Z","level":"info","event":"2022-09-02 13시: 5001~6000 완료 (252179개 누적)","logger":"task.stdout"}
{"timestamp":"2025-11-10T01:34:41.635609Z","level":"info","event":"2022-09-02 13시: 6001~6652 완료 (252831개 누적)","logger":"task.stdout"}
{"timestamp":"2025-11-10T01:34:44.384997Z","level":"info","event":"2022-09-02 14시: 1~1000 완료 (253831개 누적)","logger":"task.stdout"}
{"timestamp":"2025-11-10T01:34:45.919703Z","level":"info","event":"2022-09-02 14시: 1001~2000 완료 (254831개 누적)","logger":"task.stdout"}
{"timestamp":"2025-11-10T01:34:47.471588Z","level":"info","event":"2022-09-02 14시: 2001~3000 완료 (255831개 누적)","logger":"task.stdout"}
{"timestamp":"2025-11-10T01:34:48.885088Z","level":"info","event":"2022-09-02 14시: 3001~4000 완료 (256831개 누적)","logger":"task.stdout"}
{"timestamp":"2025-11-10T01:34:50.507442Z","level":"info","event":"2022-09-02 14시: 4001~5000 완료 (257831개 누적)","logger":"task.stdout"}
{"timestamp":"2025-11-10T01:34:52.169351Z","level":"info","event":"2022-09-02 14시: 5001~6000 완료 (258831개 누적)","logger":"task.stdout"}
{"timestamp":"2025-11-10T01:34:53.745613Z","level":"info","event":"2022-09-02 14시: 6001~6930 완료 (259761개 누적)","logger":"task.stdout"}
{"timestamp":"2025-11-10T01:34:56.836771Z","level":"info","event":"2022-09-02 15시: 1~1000 완료 (260761개 누적)","logger":"task.stdout"}
{"timestamp":"2025-11-10T01:34:58.421817Z","level":"info","event":"2022-09-02 15시: 1001~2000 완료 (261761개 누적)","logger":"task.stdout"}
{"timestamp":"2025-11-10T01:35:00.150726Z","level":"info","event":"2022-09-02 15시: 2001~3000 완료 (262761개 누적)","logger":"task.stdout"}
{"timestamp":"2025-11-10T01:35:01.848861Z","level":"info","event":"2022-09-02 15시: 3001~4000 완료 (263761개 누적)","logger":"task.stdout"}
{"timestamp":"2025-11-10T01:35:03.527848Z","level":"info","event":"2022-09-02 15시: 4001~5000 완료 (264761개 누적)","logger":"task.stdout"}
{"timestamp":"2025-11-10T01:35:05.190278Z","level":"info","event":"2022-09-02 15시: 5001~6000 완료 (265761개 누적)","logger":"task.stdout"}
{"timestamp":"2025-11-10T01:35:06.928382Z","level":"info","event":"2022-09-02 15시: 6001~7000 완료 (266761개 누적)","logger":"task.stdout"}
{"timestamp":"2025-11-10T01:35:08.608336Z","level":"info","event":"2022-09-02 15시: 7001~8000 완료 (267761개 누적)","logger":"task.stdout"}
{"timestamp":"2025-11-10T01:35:10.272052Z","level":"info","event":"2022-09-02 15시: 8001~8316 완료 (268077개 누적)","logger":"task.stdout"}
{"timestamp":"2025-11-10T01:35:14.838597Z","level":"info","event":"2022-09-02 16시: 1~1000 완료 (269077개 누적)","logger":"task.stdout"}
{"timestamp":"2025-11-10T01:35:56.110455Z","level":"info","event":"2022-09-02 16시: 요청 실패 - HTTPConnectionPool(host='openapi.seoul.go.kr', port=8088): Max retries exceeded with url: /574d4268426539373930666f4b654e/json/tbCycleRentData/1001/2000/2022-09-02/16 (Caused by NameResolutionError(\"<urllib3.connection.HTTPConnection object at 0xffff78e1aea0>: Failed to resolve 'openapi.seoul.go.kr' ([Errno -3] Temporary failure in name resolution)\"))","logger":"task.stdout"}
{"timestamp":"2025-11-10T01:35:56.111400Z","level":"info","event":"2022-09-02 17시: 요청 실패 - HTTPConnectionPool(host='openapi.seoul.go.kr', port=8088): Max retries exceeded with url: /574d4268426539373930666f4b654e/json/tbCycleRentData/1/5/2022-09-02/17 (Caused by NameResolutionError(\"<urllib3.connection.HTTPConnection object at 0xffff78bc79b0>: Failed to resolve 'openapi.seoul.go.kr' ([Errno -3] Temporary failure in name resolution)\"))","logger":"task.stdout"}
{"timestamp":"2025-11-10T01:35:56.116578Z","level":"critical","event":"Process terminated by signal. Likely out of memory error (OOM). For more information, see https://airflow.apache.org/docs/apache-airflow/stable/troubleshooting.html#process-terminated-by-signal.","signal":-9,"signal_name":"SIGKILL","logger":"task"}
