{"timestamp":"2025-11-10T01:31:22.613109Z","level":"info","event":"DAG bundles loaded: dags-folder","logger":"airflow.dag_processing.bundles.manager.DagBundlesManager","filename":"manager.py","lineno":179}
{"timestamp":"2025-11-10T01:31:22.613728Z","level":"info","event":"Filling up the DagBag from /opt/airflow/dags/seoul_bike_rent_2022.py","logger":"airflow.models.dagbag.DagBag","filename":"dagbag.py","lineno":593}
{"timestamp":"2025-11-10T01:31:22.632701Z","level":"warning","event":"The `airflow.operators.python.PythonOperator` attribute is deprecated. Please use `'airflow.providers.standard.operators.python.PythonOperator'`.","category":"DeprecatedImportWarning","filename":"/opt/airflow/dags/seoul_bike_rent_2022.py","lineno":2,"logger":"py.warnings"}
{"timestamp":"2025-11-10T01:31:22.781315Z","level":"info","event":"Found credentials in environment variables.","logger":"botocore.credentials","filename":"credentials.py","lineno":1224}
{"timestamp":"2025-11-10T01:31:25.090533Z","level":"info","event":"유효한 정거장 3202개 로드","logger":"task.stdout"}
{"timestamp":"2025-11-10T01:31:26.515454Z","level":"info","event":"2022-12-01 00시: 1~1000 완료 (1000개 누적)","logger":"task.stdout"}
{"timestamp":"2025-11-10T01:31:27.224608Z","level":"info","event":"2022-12-01 00시: 1001~1280 완료 (1280개 누적)","logger":"task.stdout"}
{"timestamp":"2025-11-10T01:31:28.935243Z","level":"info","event":"2022-12-01 01시: 1~1000 완료 (2280개 누적)","logger":"task.stdout"}
{"timestamp":"2025-11-10T01:31:29.569830Z","level":"info","event":"2022-12-01 01시: 1001~1053 완료 (2333개 누적)","logger":"task.stdout"}
{"timestamp":"2025-11-10T01:31:31.065799Z","level":"info","event":"2022-12-01 02시: 1~615 완료 (2948개 누적)","logger":"task.stdout"}
{"timestamp":"2025-11-10T01:31:32.253082Z","level":"info","event":"2022-12-01 03시: 1~413 완료 (3361개 누적)","logger":"task.stdout"}
{"timestamp":"2025-11-10T01:31:33.438700Z","level":"info","event":"2022-12-01 04시: 1~362 완료 (3723개 누적)","logger":"task.stdout"}
{"timestamp":"2025-11-10T01:31:34.692175Z","level":"info","event":"2022-12-01 05시: 1~805 완료 (4528개 누적)","logger":"task.stdout"}
{"timestamp":"2025-11-10T01:31:36.006052Z","level":"info","event":"2022-12-01 06시: 1~1000 완료 (5528개 누적)","logger":"task.stdout"}
{"timestamp":"2025-11-10T01:31:36.792695Z","level":"info","event":"2022-12-01 06시: 1001~1766 완료 (6294개 누적)","logger":"task.stdout"}
{"timestamp":"2025-11-10T01:31:38.489995Z","level":"info","event":"2022-12-01 07시: 1~1000 완료 (7294개 누적)","logger":"task.stdout"}
{"timestamp":"2025-11-10T01:31:39.360405Z","level":"info","event":"2022-12-01 07시: 1001~2000 완료 (8294개 누적)","logger":"task.stdout"}
{"timestamp":"2025-11-10T01:31:40.268483Z","level":"info","event":"2022-12-01 07시: 2001~3000 완료 (9294개 누적)","logger":"task.stdout"}
{"timestamp":"2025-11-10T01:31:41.159032Z","level":"info","event":"2022-12-01 07시: 3001~4000 완료 (10294개 누적)","logger":"task.stdout"}
{"timestamp":"2025-11-10T01:31:42.010627Z","level":"info","event":"2022-12-01 07시: 4001~4882 완료 (11176개 누적)","logger":"task.stdout"}
{"timestamp":"2025-11-10T01:31:43.828952Z","level":"info","event":"2022-12-01 08시: 1~1000 완료 (12176개 누적)","logger":"task.stdout"}
{"timestamp":"2025-11-10T01:31:45.075723Z","level":"info","event":"2022-12-01 08시: 1001~2000 완료 (13176개 누적)","logger":"task.stdout"}
{"timestamp":"2025-11-10T01:31:46.114422Z","level":"info","event":"2022-12-01 08시: 2001~3000 완료 (14176개 누적)","logger":"task.stdout"}
{"timestamp":"2025-11-10T01:31:47.183840Z","level":"info","event":"2022-12-01 08시: 3001~4000 완료 (15176개 누적)","logger":"task.stdout"}
{"timestamp":"2025-11-10T01:31:48.392576Z","level":"info","event":"2022-12-01 08시: 4001~5000 완료 (16176개 누적)","logger":"task.stdout"}
{"timestamp":"2025-11-10T01:31:49.479894Z","level":"info","event":"2022-12-01 08시: 5001~6000 완료 (17176개 누적)","logger":"task.stdout"}
{"timestamp":"2025-11-10T01:31:50.461306Z","level":"info","event":"2022-12-01 08시: 6001~7000 완료 (18176개 누적)","logger":"task.stdout"}
{"timestamp":"2025-11-10T01:31:51.489074Z","level":"info","event":"2022-12-01 08시: 7001~8000 완료 (19176개 누적)","logger":"task.stdout"}
{"timestamp":"2025-11-10T01:31:52.560276Z","level":"info","event":"2022-12-01 08시: 8001~8848 완료 (20024개 누적)","logger":"task.stdout"}
{"timestamp":"2025-11-10T01:31:54.170878Z","level":"info","event":"2022-12-01 09시: 1~1000 완료 (21024개 누적)","logger":"task.stdout"}
{"timestamp":"2025-11-10T01:31:55.076935Z","level":"info","event":"2022-12-01 09시: 1001~2000 완료 (22024개 누적)","logger":"task.stdout"}
{"timestamp":"2025-11-10T01:31:55.949885Z","level":"info","event":"2022-12-01 09시: 2001~3000 완료 (23024개 누적)","logger":"task.stdout"}
{"timestamp":"2025-11-10T01:31:56.857437Z","level":"info","event":"2022-12-01 09시: 3001~4000 완료 (24024개 누적)","logger":"task.stdout"}
{"timestamp":"2025-11-10T01:31:57.655227Z","level":"info","event":"2022-12-01 09시: 4001~4304 완료 (24328개 누적)","logger":"task.stdout"}
{"timestamp":"2025-11-10T01:31:59.072455Z","level":"info","event":"2022-12-01 10시: 1~1000 완료 (25328개 누적)","logger":"task.stdout"}
{"timestamp":"2025-11-10T01:31:59.927520Z","level":"info","event":"2022-12-01 10시: 1001~2000 완료 (26328개 누적)","logger":"task.stdout"}
{"timestamp":"2025-11-10T01:32:00.730462Z","level":"info","event":"2022-12-01 10시: 2001~2675 완료 (27003개 누적)","logger":"task.stdout"}
{"timestamp":"2025-11-10T01:32:02.303596Z","level":"info","event":"2022-12-01 11시: 1~1000 완료 (28003개 누적)","logger":"task.stdout"}
{"timestamp":"2025-11-10T01:32:03.147282Z","level":"info","event":"2022-12-01 11시: 1001~2000 완료 (29003개 누적)","logger":"task.stdout"}
{"timestamp":"2025-11-10T01:32:03.901762Z","level":"info","event":"2022-12-01 11시: 2001~2847 완료 (29850개 누적)","logger":"task.stdout"}
{"timestamp":"2025-11-10T01:32:05.356186Z","level":"info","event":"2022-12-01 12시: 1~1000 완료 (30850개 누적)","logger":"task.stdout"}
{"timestamp":"2025-11-10T01:32:06.162909Z","level":"info","event":"2022-12-01 12시: 1001~2000 완료 (31850개 누적)","logger":"task.stdout"}
{"timestamp":"2025-11-10T01:32:06.945005Z","level":"info","event":"2022-12-01 12시: 2001~3000 완료 (32850개 누적)","logger":"task.stdout"}
{"timestamp":"2025-11-10T01:32:07.638004Z","level":"info","event":"2022-12-01 12시: 3001~3183 완료 (33033개 누적)","logger":"task.stdout"}
{"timestamp":"2025-11-10T01:32:09.140636Z","level":"info","event":"2022-12-01 13시: 1~1000 완료 (34033개 누적)","logger":"task.stdout"}
{"timestamp":"2025-11-10T01:32:10.120509Z","level":"info","event":"2022-12-01 13시: 1001~2000 완료 (35033개 누적)","logger":"task.stdout"}
{"timestamp":"2025-11-10T01:32:11.051168Z","level":"info","event":"2022-12-01 13시: 2001~3000 완료 (36033개 누적)","logger":"task.stdout"}
{"timestamp":"2025-11-10T01:32:20.935186Z","level":"info","event":"2022-12-01 13시: 요청 실패 - HTTPConnectionPool(host='openapi.seoul.go.kr', port=8088): Max retries exceeded with url: /574d4268426539373930666f4b654e/json/tbCycleRentData/3001/3057/2022-12-01/13 (Caused by NameResolutionError(\"<urllib3.connection.HTTPConnection object at 0xffff8b3cf110>: Failed to resolve 'openapi.seoul.go.kr' ([Errno -3] Temporary failure in name resolution)\"))","logger":"task.stdout"}
{"timestamp":"2025-11-10T01:32:21.443843Z","level":"info","event":"2022-12-01 14시: 1~1000 완료 (37033개 누적)","logger":"task.stdout"}
{"timestamp":"2025-11-10T01:32:22.231979Z","level":"info","event":"2022-12-01 14시: 1001~2000 완료 (38033개 누적)","logger":"task.stdout"}
{"timestamp":"2025-11-10T01:32:23.208304Z","level":"info","event":"2022-12-01 14시: 2001~3000 완료 (39033개 누적)","logger":"task.stdout"}
{"timestamp":"2025-11-10T01:32:23.895023Z","level":"info","event":"2022-12-01 14시: 3001~3075 완료 (39108개 누적)","logger":"task.stdout"}
{"timestamp":"2025-11-10T01:32:25.338578Z","level":"info","event":"2022-12-01 15시: 1~1000 완료 (40108개 누적)","logger":"task.stdout"}
{"timestamp":"2025-11-10T01:32:26.207270Z","level":"info","event":"2022-12-01 15시: 1001~2000 완료 (41108개 누적)","logger":"task.stdout"}
{"timestamp":"2025-11-10T01:32:27.287322Z","level":"info","event":"2022-12-01 15시: 2001~3000 완료 (42108개 누적)","logger":"task.stdout"}
{"timestamp":"2025-11-10T01:32:29.246167Z","level":"info","event":"2022-12-01 16시: 1~1000 완료 (43108개 누적)","logger":"task.stdout"}
{"timestamp":"2025-11-10T01:32:30.199754Z","level":"info","event":"2022-12-01 16시: 1001~2000 완료 (44108개 누적)","logger":"task.stdout"}
{"timestamp":"2025-11-10T01:32:31.153739Z","level":"info","event":"2022-12-01 16시: 2001~3000 완료 (45108개 누적)","logger":"task.stdout"}
{"timestamp":"2025-11-10T01:32:32.072802Z","level":"info","event":"2022-12-01 16시: 3001~4000 완료 (46108개 누적)","logger":"task.stdout"}
{"timestamp":"2025-11-10T01:32:32.946917Z","level":"info","event":"2022-12-01 16시: 4001~4712 완료 (46820개 누적)","logger":"task.stdout"}
{"timestamp":"2025-11-10T01:32:34.577966Z","level":"info","event":"2022-12-01 17시: 1~1000 완료 (47820개 누적)","logger":"task.stdout"}
{"timestamp":"2025-11-10T01:32:35.560459Z","level":"info","event":"2022-12-01 17시: 1001~2000 완료 (48820개 누적)","logger":"task.stdout"}
{"timestamp":"2025-11-10T01:32:36.519350Z","level":"info","event":"2022-12-01 17시: 2001~3000 완료 (49820개 누적)","logger":"task.stdout"}
{"timestamp":"2025-11-10T01:32:37.429310Z","level":"info","event":"2022-12-01 17시: 3001~4000 완료 (50820개 누적)","logger":"task.stdout"}
{"timestamp":"2025-11-10T01:32:38.355678Z","level":"info","event":"2022-12-01 17시: 4001~5000 완료 (51820개 누적)","logger":"task.stdout"}
{"timestamp":"2025-11-10T01:32:39.235922Z","level":"info","event":"2022-12-01 17시: 5001~6000 완료 (52820개 누적)","logger":"task.stdout"}
{"timestamp":"2025-11-10T01:32:40.067596Z","level":"info","event":"2022-12-01 17시: 6001~6033 완료 (52853개 누적)","logger":"task.stdout"}
{"timestamp":"2025-11-10T01:32:41.878266Z","level":"info","event":"2022-12-01 18시: 1~1000 완료 (53853개 누적)","logger":"task.stdout"}
{"timestamp":"2025-11-10T01:32:42.979176Z","level":"info","event":"2022-12-01 18시: 1001~2000 완료 (54853개 누적)","logger":"task.stdout"}
{"timestamp":"2025-11-10T01:32:44.002777Z","level":"info","event":"2022-12-01 18시: 2001~3000 완료 (55853개 누적)","logger":"task.stdout"}
{"timestamp":"2025-11-10T01:32:44.912915Z","level":"info","event":"2022-12-01 18시: 3001~4000 완료 (56853개 누적)","logger":"task.stdout"}
{"timestamp":"2025-11-10T01:32:45.968221Z","level":"info","event":"2022-12-01 18시: 4001~5000 완료 (57853개 누적)","logger":"task.stdout"}
{"timestamp":"2025-11-10T01:32:46.958567Z","level":"info","event":"2022-12-01 18시: 5001~6000 완료 (58853개 누적)","logger":"task.stdout"}
{"timestamp":"2025-11-10T01:32:47.958894Z","level":"info","event":"2022-12-01 18시: 6001~7000 완료 (59853개 누적)","logger":"task.stdout"}
{"timestamp":"2025-11-10T01:32:48.948205Z","level":"info","event":"2022-12-01 18시: 7001~8000 완료 (60853개 누적)","logger":"task.stdout"}
{"timestamp":"2025-11-10T01:32:49.854629Z","level":"info","event":"2022-12-01 18시: 8001~8069 완료 (60922개 누적)","logger":"task.stdout"}
{"timestamp":"2025-11-10T01:32:51.581267Z","level":"info","event":"2022-12-01 19시: 1~1000 완료 (61922개 누적)","logger":"task.stdout"}
{"timestamp":"2025-11-10T01:32:52.566522Z","level":"info","event":"2022-12-01 19시: 1001~2000 완료 (62922개 누적)","logger":"task.stdout"}
{"timestamp":"2025-11-10T01:32:59.718539Z","level":"info","event":"2022-12-01 19시: 2001~3000 완료 (63922개 누적)","logger":"task.stdout"}
{"timestamp":"2025-11-10T01:33:00.286225Z","level":"info","event":"2022-12-01 19시: 3001~4000 완료 (64922개 누적)","logger":"task.stdout"}
{"timestamp":"2025-11-10T01:33:01.138286Z","level":"info","event":"2022-12-01 19시: 4001~4890 완료 (65812개 누적)","logger":"task.stdout"}
{"timestamp":"2025-11-10T01:33:02.588569Z","level":"info","event":"2022-12-01 20시: 1~1000 완료 (66812개 누적)","logger":"task.stdout"}
{"timestamp":"2025-11-10T01:33:03.456056Z","level":"info","event":"2022-12-01 20시: 1001~2000 완료 (67812개 누적)","logger":"task.stdout"}
{"timestamp":"2025-11-10T01:33:04.297492Z","level":"info","event":"2022-12-01 20시: 2001~3000 완료 (68812개 누적)","logger":"task.stdout"}
{"timestamp":"2025-11-10T01:33:05.252327Z","level":"info","event":"2022-12-01 20시: 3001~3498 완료 (69310개 누적)","logger":"task.stdout"}
{"timestamp":"2025-11-10T01:33:06.700026Z","level":"info","event":"2022-12-01 21시: 1~1000 완료 (70310개 누적)","logger":"task.stdout"}
{"timestamp":"2025-11-10T01:33:07.631700Z","level":"info","event":"2022-12-01 21시: 1001~2000 완료 (71310개 누적)","logger":"task.stdout"}
{"timestamp":"2025-11-10T01:33:08.532964Z","level":"info","event":"2022-12-01 21시: 2001~3000 완료 (72310개 누적)","logger":"task.stdout"}
{"timestamp":"2025-11-10T01:33:09.392309Z","level":"info","event":"2022-12-01 21시: 3001~3221 완료 (72531개 누적)","logger":"task.stdout"}
{"timestamp":"2025-11-10T01:33:10.985367Z","level":"info","event":"2022-12-01 22시: 1~1000 완료 (73531개 누적)","logger":"task.stdout"}
{"timestamp":"2025-11-10T01:33:11.869785Z","level":"info","event":"2022-12-01 22시: 1001~2000 완료 (74531개 누적)","logger":"task.stdout"}
{"timestamp":"2025-11-10T01:33:12.827231Z","level":"info","event":"2022-12-01 22시: 2001~2914 완료 (75445개 누적)","logger":"task.stdout"}
{"timestamp":"2025-11-10T01:33:14.534632Z","level":"info","event":"2022-12-01 23시: 1~1000 완료 (76445개 누적)","logger":"task.stdout"}
{"timestamp":"2025-11-10T01:33:15.341253Z","level":"info","event":"2022-12-01 23시: 1001~1824 완료 (77269개 누적)","logger":"task.stdout"}
{"timestamp":"2025-11-10T01:33:16.887278Z","level":"info","event":"2022-12-02 00시: 1~1000 완료 (78269개 누적)","logger":"task.stdout"}
{"timestamp":"2025-11-10T01:33:17.619935Z","level":"info","event":"2022-12-02 00시: 1001~1435 완료 (78704개 누적)","logger":"task.stdout"}
{"timestamp":"2025-11-10T01:33:19.019646Z","level":"info","event":"2022-12-02 01시: 1~1000 완료 (79704개 누적)","logger":"task.stdout"}
{"timestamp":"2025-11-10T01:33:19.679346Z","level":"info","event":"2022-12-02 01시: 1001~1115 완료 (79819개 누적)","logger":"task.stdout"}
{"timestamp":"2025-11-10T01:33:20.961519Z","level":"info","event":"2022-12-02 02시: 1~771 완료 (80590개 누적)","logger":"task.stdout"}
{"timestamp":"2025-11-10T01:33:22.467891Z","level":"info","event":"2022-12-02 03시: 1~441 완료 (81031개 누적)","logger":"task.stdout"}
{"timestamp":"2025-11-10T01:33:23.724965Z","level":"info","event":"2022-12-02 04시: 1~360 완료 (81391개 누적)","logger":"task.stdout"}
{"timestamp":"2025-11-10T01:33:25.277973Z","level":"info","event":"2022-12-02 05시: 1~824 완료 (82215개 누적)","logger":"task.stdout"}
{"timestamp":"2025-11-10T01:33:26.775434Z","level":"info","event":"2022-12-02 06시: 1~1000 완료 (83215개 누적)","logger":"task.stdout"}
{"timestamp":"2025-11-10T01:33:27.635816Z","level":"info","event":"2022-12-02 06시: 1001~1844 완료 (84059개 누적)","logger":"task.stdout"}
{"timestamp":"2025-11-10T01:33:29.340553Z","level":"info","event":"2022-12-02 07시: 1~1000 완료 (85059개 누적)","logger":"task.stdout"}
{"timestamp":"2025-11-10T01:33:30.447127Z","level":"info","event":"2022-12-02 07시: 1001~2000 완료 (86059개 누적)","logger":"task.stdout"}
{"timestamp":"2025-11-10T01:33:31.446455Z","level":"info","event":"2022-12-02 07시: 2001~3000 완료 (87059개 누적)","logger":"task.stdout"}
{"timestamp":"2025-11-10T01:33:36.847049Z","level":"info","event":"2022-12-02 07시: 3001~4000 완료 (88059개 누적)","logger":"task.stdout"}
{"timestamp":"2025-11-10T01:33:37.508398Z","level":"info","event":"2022-12-02 07시: 4001~4735 완료 (88794개 누적)","logger":"task.stdout"}
{"timestamp":"2025-11-10T01:33:39.516788Z","level":"info","event":"2022-12-02 08시: 1~1000 완료 (89794개 누적)","logger":"task.stdout"}
{"timestamp":"2025-11-10T01:33:40.732147Z","level":"info","event":"2022-12-02 08시: 1001~2000 완료 (90794개 누적)","logger":"task.stdout"}
{"timestamp":"2025-11-10T01:34:02.058651Z","level":"info","event":"2022-12-02 08시: 2001~3000 완료 (91794개 누적)","logger":"task.stdout"}
{"timestamp":"2025-11-10T01:34:04.372352Z","level":"info","event":"2022-12-02 08시: 3001~4000 완료 (92794개 누적)","logger":"task.stdout"}
{"timestamp":"2025-11-10T01:34:05.538368Z","level":"info","event":"2022-12-02 08시: 4001~5000 완료 (93794개 누적)","logger":"task.stdout"}
{"timestamp":"2025-11-10T01:34:06.631298Z","level":"info","event":"2022-12-02 08시: 5001~6000 완료 (94794개 누적)","logger":"task.stdout"}
{"timestamp":"2025-11-10T01:34:07.782507Z","level":"info","event":"2022-12-02 08시: 6001~7000 완료 (95794개 누적)","logger":"task.stdout"}
{"timestamp":"2025-11-10T01:34:08.847566Z","level":"info","event":"2022-12-02 08시: 7001~8000 완료 (96794개 누적)","logger":"task.stdout"}
{"timestamp":"2025-11-10T01:34:09.943131Z","level":"info","event":"2022-12-02 08시: 8001~8883 완료 (97677개 누적)","logger":"task.stdout"}
{"timestamp":"2025-11-10T01:34:11.615606Z","level":"info","event":"2022-12-02 09시: 1~1000 완료 (98677개 누적)","logger":"task.stdout"}
{"timestamp":"2025-11-10T01:34:12.609456Z","level":"info","event":"2022-12-02 09시: 1001~2000 완료 (99677개 누적)","logger":"task.stdout"}
{"timestamp":"2025-11-10T01:34:13.613355Z","level":"info","event":"2022-12-02 09시: 2001~3000 완료 (100677개 누적)","logger":"task.stdout"}
{"timestamp":"2025-11-10T01:34:14.528858Z","level":"info","event":"2022-12-02 09시: 3001~4000 완료 (101677개 누적)","logger":"task.stdout"}
{"timestamp":"2025-11-10T01:34:15.437206Z","level":"info","event":"2022-12-02 09시: 4001~4335 완료 (102012개 누적)","logger":"task.stdout"}
{"timestamp":"2025-11-10T01:34:16.937788Z","level":"info","event":"2022-12-02 10시: 1~1000 완료 (103012개 누적)","logger":"task.stdout"}
{"timestamp":"2025-11-10T01:34:17.874764Z","level":"info","event":"2022-12-02 10시: 1001~2000 완료 (104012개 누적)","logger":"task.stdout"}
{"timestamp":"2025-11-10T01:34:18.771938Z","level":"info","event":"2022-12-02 10시: 2001~2866 완료 (104878개 누적)","logger":"task.stdout"}
{"timestamp":"2025-11-10T01:34:20.416338Z","level":"info","event":"2022-12-02 11시: 1~1000 완료 (105878개 누적)","logger":"task.stdout"}
{"timestamp":"2025-11-10T01:34:21.359271Z","level":"info","event":"2022-12-02 11시: 1001~2000 완료 (106878개 누적)","logger":"task.stdout"}
{"timestamp":"2025-11-10T01:34:22.263143Z","level":"info","event":"2022-12-02 11시: 2001~3000 완료 (107878개 누적)","logger":"task.stdout"}
{"timestamp":"2025-11-10T01:34:23.025918Z","level":"info","event":"2022-12-02 11시: 3001~3308 완료 (108186개 누적)","logger":"task.stdout"}
{"timestamp":"2025-11-10T01:34:24.603449Z","level":"info","event":"2022-12-02 12시: 1~1000 완료 (109186개 누적)","logger":"task.stdout"}
{"timestamp":"2025-11-10T01:34:25.525845Z","level":"info","event":"2022-12-02 12시: 1001~2000 완료 (110186개 누적)","logger":"task.stdout"}
{"timestamp":"2025-11-10T01:34:26.449235Z","level":"info","event":"2022-12-02 12시: 2001~3000 완료 (111186개 누적)","logger":"task.stdout"}
{"timestamp":"2025-11-10T01:34:27.321520Z","level":"info","event":"2022-12-02 12시: 3001~3687 완료 (111873개 누적)","logger":"task.stdout"}
{"timestamp":"2025-11-10T01:34:29.175995Z","level":"info","event":"2022-12-02 13시: 1~1000 완료 (112873개 누적)","logger":"task.stdout"}
{"timestamp":"2025-11-10T01:34:30.056098Z","level":"info","event":"2022-12-02 13시: 1001~2000 완료 (113873개 누적)","logger":"task.stdout"}
{"timestamp":"2025-11-10T01:34:30.993634Z","level":"info","event":"2022-12-02 13시: 2001~3000 완료 (114873개 누적)","logger":"task.stdout"}
{"timestamp":"2025-11-10T01:34:31.827398Z","level":"info","event":"2022-12-02 13시: 3001~3549 완료 (115422개 누적)","logger":"task.stdout"}
{"timestamp":"2025-11-10T01:34:33.473257Z","level":"info","event":"2022-12-02 14시: 1~1000 완료 (116422개 누적)","logger":"task.stdout"}
{"timestamp":"2025-11-10T01:34:34.408817Z","level":"info","event":"2022-12-02 14시: 1001~2000 완료 (117422개 누적)","logger":"task.stdout"}
{"timestamp":"2025-11-10T01:34:35.896272Z","level":"info","event":"2022-12-02 14시: 2001~3000 완료 (118422개 누적)","logger":"task.stdout"}
{"timestamp":"2025-11-10T01:34:36.836845Z","level":"info","event":"2022-12-02 14시: 3001~3758 완료 (119180개 누적)","logger":"task.stdout"}
{"timestamp":"2025-11-10T01:34:38.459357Z","level":"info","event":"2022-12-02 15시: 1~1000 완료 (120180개 누적)","logger":"task.stdout"}
{"timestamp":"2025-11-10T01:34:39.381006Z","level":"info","event":"2022-12-02 15시: 1001~2000 완료 (121180개 누적)","logger":"task.stdout"}
{"timestamp":"2025-11-10T01:34:40.354466Z","level":"info","event":"2022-12-02 15시: 2001~3000 완료 (122180개 누적)","logger":"task.stdout"}
{"timestamp":"2025-11-10T01:34:41.311022Z","level":"info","event":"2022-12-02 15시: 3001~4000 완료 (123180개 누적)","logger":"task.stdout"}
{"timestamp":"2025-11-10T01:34:42.180178Z","level":"info","event":"2022-12-02 15시: 4001~4491 완료 (123671개 누적)","logger":"task.stdout"}
{"timestamp":"2025-11-10T01:34:44.011291Z","level":"info","event":"2022-12-02 16시: 1~1000 완료 (124671개 누적)","logger":"task.stdout"}
{"timestamp":"2025-11-10T01:34:44.957794Z","level":"info","event":"2022-12-02 16시: 1001~2000 완료 (125671개 누적)","logger":"task.stdout"}
{"timestamp":"2025-11-10T01:34:46.099767Z","level":"info","event":"2022-12-02 16시: 2001~3000 완료 (126671개 누적)","logger":"task.stdout"}
{"timestamp":"2025-11-10T01:34:47.124644Z","level":"info","event":"2022-12-02 16시: 3001~4000 완료 (127671개 누적)","logger":"task.stdout"}
{"timestamp":"2025-11-10T01:34:48.198602Z","level":"info","event":"2022-12-02 16시: 4001~5000 완료 (128671개 누적)","logger":"task.stdout"}
{"timestamp":"2025-11-10T01:34:49.157262Z","level":"info","event":"2022-12-02 16시: 5001~5400 완료 (129071개 누적)","logger":"task.stdout"}
{"timestamp":"2025-11-10T01:34:50.979687Z","level":"info","event":"2022-12-02 17시: 1~1000 완료 (130071개 누적)","logger":"task.stdout"}
{"timestamp":"2025-11-10T01:34:52.058984Z","level":"info","event":"2022-12-02 17시: 1001~2000 완료 (131071개 누적)","logger":"task.stdout"}
{"timestamp":"2025-11-10T01:34:53.003967Z","level":"info","event":"2022-12-02 17시: 2001~3000 완료 (132071개 누적)","logger":"task.stdout"}
{"timestamp":"2025-11-10T01:34:54.029875Z","level":"info","event":"2022-12-02 17시: 3001~4000 완료 (133071개 누적)","logger":"task.stdout"}
{"timestamp":"2025-11-10T01:34:54.990390Z","level":"info","event":"2022-12-02 17시: 4001~5000 완료 (134071개 누적)","logger":"task.stdout"}
{"timestamp":"2025-11-10T01:34:56.004558Z","level":"info","event":"2022-12-02 17시: 5001~6000 완료 (135071개 누적)","logger":"task.stdout"}
{"timestamp":"2025-11-10T01:34:57.063064Z","level":"info","event":"2022-12-02 17시: 6001~6979 완료 (136050개 누적)","logger":"task.stdout"}
{"timestamp":"2025-11-10T01:34:59.234001Z","level":"info","event":"2022-12-02 18시: 1~1000 완료 (137050개 누적)","logger":"task.stdout"}
{"timestamp":"2025-11-10T01:35:00.309911Z","level":"info","event":"2022-12-02 18시: 1001~2000 완료 (138050개 누적)","logger":"task.stdout"}
{"timestamp":"2025-11-10T01:35:01.496055Z","level":"info","event":"2022-12-02 18시: 2001~3000 완료 (139050개 누적)","logger":"task.stdout"}
{"timestamp":"2025-11-10T01:35:02.604248Z","level":"info","event":"2022-12-02 18시: 3001~4000 완료 (140050개 누적)","logger":"task.stdout"}
{"timestamp":"2025-11-10T01:35:03.773852Z","level":"info","event":"2022-12-02 18시: 4001~5000 완료 (141050개 누적)","logger":"task.stdout"}
{"timestamp":"2025-11-10T01:35:04.961549Z","level":"info","event":"2022-12-02 18시: 5001~6000 완료 (142050개 누적)","logger":"task.stdout"}
{"timestamp":"2025-11-10T01:35:06.124999Z","level":"info","event":"2022-12-02 18시: 6001~7000 완료 (143050개 누적)","logger":"task.stdout"}
{"timestamp":"2025-11-10T01:35:07.328686Z","level":"info","event":"2022-12-02 18시: 7001~8000 완료 (144050개 누적)","logger":"task.stdout"}
{"timestamp":"2025-11-10T01:35:08.544772Z","level":"info","event":"2022-12-02 18시: 8001~8798 완료 (144848개 누적)","logger":"task.stdout"}
{"timestamp":"2025-11-10T01:35:10.222664Z","level":"info","event":"2022-12-02 19시: 1~1000 완료 (145848개 누적)","logger":"task.stdout"}
{"timestamp":"2025-11-10T01:35:11.313180Z","level":"info","event":"2022-12-02 19시: 1001~2000 완료 (146848개 누적)","logger":"task.stdout"}
{"timestamp":"2025-11-10T01:35:12.310613Z","level":"info","event":"2022-12-02 19시: 2001~3000 완료 (147848개 누적)","logger":"task.stdout"}
{"timestamp":"2025-11-10T01:35:57.071603Z","level":"info","event":"2022-12-02 19시: 요청 실패 - HTTPConnectionPool(host='openapi.seoul.go.kr', port=8088): Max retries exceeded with url: /574d4268426539373930666f4b654e/json/tbCycleRentData/3001/4000/2022-12-02/19 (Caused by NameResolutionError(\"<urllib3.connection.HTTPConnection object at 0xffff827140e0>: Failed to resolve 'openapi.seoul.go.kr' ([Errno -3] Temporary failure in name resolution)\"))","logger":"task.stdout"}
{"timestamp":"2025-11-10T01:35:57.072185Z","level":"info","event":"2022-12-02 20시: 요청 실패 - HTTPConnectionPool(host='openapi.seoul.go.kr', port=8088): Max retries exceeded with url: /574d4268426539373930666f4b654e/json/tbCycleRentData/1/5/2022-12-02/20 (Caused by NameResolutionError(\"<urllib3.connection.HTTPConnection object at 0xffff82714950>: Failed to resolve 'openapi.seoul.go.kr' ([Errno -3] Temporary failure in name resolution)\"))","logger":"task.stdout"}
{"timestamp":"2025-11-10T01:35:57.072388Z","level":"info","event":"2022-12-02 21시: 요청 실패 - HTTPConnectionPool(host='openapi.seoul.go.kr', port=8088): Max retries exceeded with url: /574d4268426539373930666f4b654e/json/tbCycleRentData/1/5/2022-12-02/21 (Caused by NameResolutionError(\"<urllib3.connection.HTTPConnection object at 0xffff82715190>: Failed to resolve 'openapi.seoul.go.kr' ([Errno -3] Temporary failure in name resolution)\"))","logger":"task.stdout"}
{"timestamp":"2025-11-10T01:36:01.921141Z","level":"info","event":"2022-12-02 22시: 1~1000 완료 (148848개 누적)","logger":"task.stdout"}
{"timestamp":"2025-11-10T01:36:02.904410Z","level":"info","event":"2022-12-02 22시: 1001~2000 완료 (149848개 누적)","logger":"task.stdout"}
{"timestamp":"2025-11-10T01:36:03.839723Z","level":"info","event":"2022-12-02 22시: 2001~3000 완료 (150848개 누적)","logger":"task.stdout"}
{"timestamp":"2025-11-10T01:36:04.672814Z","level":"info","event":"2022-12-02 22시: 3001~3482 완료 (151330개 누적)","logger":"task.stdout"}
{"timestamp":"2025-11-10T01:36:06.079709Z","level":"info","event":"2022-12-02 23시: 1~1000 완료 (152330개 누적)","logger":"task.stdout"}
{"timestamp":"2025-11-10T01:36:07.079974Z","level":"info","event":"2022-12-02 23시: 1001~2000 완료 (153330개 누적)","logger":"task.stdout"}
{"timestamp":"2025-11-10T01:36:08.089364Z","level":"info","event":"2022-12-02 23시: 2001~2601 완료 (153931개 누적)","logger":"task.stdout"}
{"timestamp":"2025-11-10T01:36:09.132549Z","level":"info","event":"","logger":"task.stdout"}
{"timestamp":"2025-11-10T01:36:09.133343Z","level":"info","event":"2022년 12월 총 153931개 수집 완료","logger":"task.stdout"}
{"timestamp":"2025-11-10T01:36:09.185214Z","level":"error","event":"Task failed with exception","logger":"task","filename":"task_runner.py","lineno":999,"error_detail":[{"exc_type":"KeyError","exc_value":"\"['대여 대여소명', '반납대여소명', '자전거번호', '대여거치대', '반납거치대', '이용시간(분)', '반납대여소번호', '대여 대여소번호'] not found in axis\"","exc_notes":[],"syntax_error":null,"is_cause":false,"frames":[{"filename":"/home/airflow/.local/lib/python3.12/site-packages/airflow/sdk/execution_time/task_runner.py","lineno":925,"name":"run"},{"filename":"/home/airflow/.local/lib/python3.12/site-packages/airflow/sdk/execution_time/task_runner.py","lineno":1312,"name":"_execute_task"},{"filename":"/home/airflow/.local/lib/python3.12/site-packages/airflow/sdk/bases/operator.py","lineno":416,"name":"wrapper"},{"filename":"/home/airflow/.local/lib/python3.12/site-packages/airflow/providers/standard/operators/python.py","lineno":213,"name":"execute"},{"filename":"/home/airflow/.local/lib/python3.12/site-packages/airflow/providers/standard/operators/python.py","lineno":236,"name":"execute_callable"},{"filename":"/home/airflow/.local/lib/python3.12/site-packages/airflow/sdk/execution_time/callback_runner.py","lineno":82,"name":"run"},{"filename":"/opt/airflow/dags/seoul_bike_rent_2022.py","lineno":40,"name":"collect_month"},{"filename":"/opt/airflow/plugins/rent_history_utils.py","lineno":102,"name":"preprocess_rent_data"},{"filename":"/home/airflow/.local/lib/python3.12/site-packages/pandas/core/frame.py","lineno":5344,"name":"drop"},{"filename":"/home/airflow/.local/lib/python3.12/site-packages/pandas/core/generic.py","lineno":4711,"name":"drop"},{"filename":"/home/airflow/.local/lib/python3.12/site-packages/pandas/core/generic.py","lineno":4753,"name":"_drop_axis"},{"filename":"/home/airflow/.local/lib/python3.12/site-packages/pandas/core/indexes/base.py","lineno":7000,"name":"drop"}],"is_group":false,"exceptions":[]}]}
