{"timestamp":"2025-11-10T01:34:52.970018Z","level":"info","event":"DAG bundles loaded: dags-folder","logger":"airflow.dag_processing.bundles.manager.DagBundlesManager","filename":"manager.py","lineno":179}
{"timestamp":"2025-11-10T01:34:52.970899Z","level":"info","event":"Filling up the DagBag from /opt/airflow/dags/seoul_bike_rent_2022.py","logger":"airflow.models.dagbag.DagBag","filename":"dagbag.py","lineno":593}
{"timestamp":"2025-11-10T01:34:52.980994Z","level":"warning","event":"The `airflow.operators.python.PythonOperator` attribute is deprecated. Please use `'airflow.providers.standard.operators.python.PythonOperator'`.","category":"DeprecatedImportWarning","filename":"/opt/airflow/dags/seoul_bike_rent_2022.py","lineno":2,"logger":"py.warnings"}
{"timestamp":"2025-11-10T01:34:53.011236Z","level":"info","event":"Found credentials in environment variables.","logger":"botocore.credentials","filename":"credentials.py","lineno":1224}
{"timestamp":"2025-11-10T01:34:53.667837Z","level":"info","event":"유효한 정거장 3202개 로드","logger":"task.stdout"}
{"timestamp":"2025-11-10T01:34:55.474980Z","level":"info","event":"2022-04-01 00시: 1~1000 완료 (1000개 누적)","logger":"task.stdout"}
{"timestamp":"2025-11-10T01:34:56.603987Z","level":"info","event":"2022-04-01 00시: 1001~2000 완료 (2000개 누적)","logger":"task.stdout"}
{"timestamp":"2025-11-10T01:34:57.499193Z","level":"info","event":"2022-04-01 00시: 2001~2228 완료 (2228개 누적)","logger":"task.stdout"}
{"timestamp":"2025-11-10T01:34:59.267295Z","level":"info","event":"2022-04-01 01시: 1~1000 완료 (3228개 누적)","logger":"task.stdout"}
{"timestamp":"2025-11-10T01:35:00.099701Z","level":"info","event":"2022-04-01 01시: 1001~1141 완료 (3369개 누적)","logger":"task.stdout"}
{"timestamp":"2025-11-10T01:35:01.783222Z","level":"info","event":"2022-04-01 02시: 1~714 완료 (4083개 누적)","logger":"task.stdout"}
{"timestamp":"2025-11-10T01:35:03.396340Z","level":"info","event":"2022-04-01 03시: 1~422 완료 (4505개 누적)","logger":"task.stdout"}
{"timestamp":"2025-11-10T01:35:05.077870Z","level":"info","event":"2022-04-01 04시: 1~393 완료 (4898개 누적)","logger":"task.stdout"}
{"timestamp":"2025-11-10T01:35:06.888908Z","level":"info","event":"2022-04-01 05시: 1~805 완료 (5703개 누적)","logger":"task.stdout"}
{"timestamp":"2025-11-10T01:35:08.783030Z","level":"info","event":"2022-04-01 06시: 1~1000 완료 (6703개 누적)","logger":"task.stdout"}
{"timestamp":"2025-11-10T01:35:09.973363Z","level":"info","event":"2022-04-01 06시: 1001~1964 완료 (7667개 누적)","logger":"task.stdout"}
{"timestamp":"2025-11-10T01:35:12.208323Z","level":"info","event":"2022-04-01 07시: 1~1000 완료 (8667개 누적)","logger":"task.stdout"}
{"timestamp":"2025-11-10T01:36:00.445351Z","level":"info","event":"2022-04-01 07시: 요청 실패 - HTTPConnectionPool(host='openapi.seoul.go.kr', port=8088): Max retries exceeded with url: /574d4268426539373930666f4b654e/json/tbCycleRentData/1001/2000/2022-04-01/7 (Caused by NameResolutionError(\"<urllib3.connection.HTTPConnection object at 0xffff8daa88c0>: Failed to resolve 'openapi.seoul.go.kr' ([Errno -3] Temporary failure in name resolution)\"))","logger":"task.stdout"}
{"timestamp":"2025-11-10T01:36:00.446749Z","level":"info","event":"2022-04-01 08시: 요청 실패 - HTTPConnectionPool(host='openapi.seoul.go.kr', port=8088): Max retries exceeded with url: /574d4268426539373930666f4b654e/json/tbCycleRentData/1/5/2022-04-01/8 (Caused by NameResolutionError(\"<urllib3.connection.HTTPConnection object at 0xffff8d564740>: Failed to resolve 'openapi.seoul.go.kr' ([Errno -3] Temporary failure in name resolution)\"))","logger":"task.stdout"}
{"timestamp":"2025-11-10T01:36:00.446958Z","level":"info","event":"2022-04-01 09시: 요청 실패 - HTTPConnectionPool(host='openapi.seoul.go.kr', port=8088): Max retries exceeded with url: /574d4268426539373930666f4b654e/json/tbCycleRentData/1/5/2022-04-01/9 (Caused by NameResolutionError(\"<urllib3.connection.HTTPConnection object at 0xffff8d564e90>: Failed to resolve 'openapi.seoul.go.kr' ([Errno -3] Temporary failure in name resolution)\"))","logger":"task.stdout"}
{"timestamp":"2025-11-10T01:36:02.331764Z","level":"info","event":"2022-04-01 10시: 1~1000 완료 (9667개 누적)","logger":"task.stdout"}
{"timestamp":"2025-11-10T01:36:03.549520Z","level":"info","event":"2022-04-01 10시: 1001~2000 완료 (10667개 누적)","logger":"task.stdout"}
{"timestamp":"2025-11-10T01:36:04.699912Z","level":"info","event":"2022-04-01 10시: 2001~3000 완료 (11667개 누적)","logger":"task.stdout"}
{"timestamp":"2025-11-10T01:36:05.791492Z","level":"info","event":"2022-04-01 10시: 3001~3859 완료 (12526개 누적)","logger":"task.stdout"}
{"timestamp":"2025-11-10T01:36:07.766894Z","level":"info","event":"2022-04-01 11시: 1~1000 완료 (13526개 누적)","logger":"task.stdout"}
{"timestamp":"2025-11-10T01:36:08.852895Z","level":"info","event":"2022-04-01 11시: 1001~2000 완료 (14526개 누적)","logger":"task.stdout"}
{"timestamp":"2025-11-10T01:36:10.036403Z","level":"info","event":"2022-04-01 11시: 2001~3000 완료 (15526개 누적)","logger":"task.stdout"}
{"timestamp":"2025-11-10T01:36:11.225169Z","level":"info","event":"2022-04-01 11시: 3001~4000 완료 (16526개 누적)","logger":"task.stdout"}
{"timestamp":"2025-11-10T01:36:12.359046Z","level":"info","event":"2022-04-01 11시: 4001~5000 완료 (17526개 누적)","logger":"task.stdout"}
{"timestamp":"2025-11-10T01:36:13.274813Z","level":"info","event":"2022-04-01 11시: 5001~5013 완료 (17539개 누적)","logger":"task.stdout"}
{"timestamp":"2025-11-10T01:36:15.244546Z","level":"info","event":"2022-04-01 12시: 1~1000 완료 (18539개 누적)","logger":"task.stdout"}
{"timestamp":"2025-11-10T01:36:16.346031Z","level":"info","event":"2022-04-01 12시: 1001~2000 완료 (19539개 누적)","logger":"task.stdout"}
{"timestamp":"2025-11-10T01:36:17.609452Z","level":"info","event":"2022-04-01 12시: 2001~3000 완료 (20539개 누적)","logger":"task.stdout"}
{"timestamp":"2025-11-10T01:36:18.891489Z","level":"info","event":"2022-04-01 12시: 3001~4000 완료 (21539개 누적)","logger":"task.stdout"}
{"timestamp":"2025-11-10T01:36:19.999030Z","level":"info","event":"2022-04-01 12시: 4001~5000 완료 (22539개 누적)","logger":"task.stdout"}
{"timestamp":"2025-11-10T01:36:24.842494Z","level":"info","event":"2022-04-01 12시: 5001~5766 완료 (23305개 누적)","logger":"task.stdout"}
{"timestamp":"2025-11-10T01:36:26.994642Z","level":"info","event":"2022-04-01 13시: 1~1000 완료 (24305개 누적)","logger":"task.stdout"}
{"timestamp":"2025-11-10T01:36:28.164264Z","level":"info","event":"2022-04-01 13시: 1001~2000 완료 (25305개 누적)","logger":"task.stdout"}
{"timestamp":"2025-11-10T01:36:29.377266Z","level":"info","event":"2022-04-01 13시: 2001~3000 완료 (26305개 누적)","logger":"task.stdout"}
{"timestamp":"2025-11-10T01:36:30.528809Z","level":"info","event":"2022-04-01 13시: 3001~4000 완료 (27305개 누적)","logger":"task.stdout"}
{"timestamp":"2025-11-10T01:36:31.845327Z","level":"info","event":"2022-04-01 13시: 4001~5000 완료 (28305개 누적)","logger":"task.stdout"}
{"timestamp":"2025-11-10T01:36:33.114911Z","level":"info","event":"2022-04-01 13시: 5001~5767 완료 (29072개 누적)","logger":"task.stdout"}
{"timestamp":"2025-11-10T01:36:35.133065Z","level":"info","event":"2022-04-01 14시: 1~1000 완료 (30072개 누적)","logger":"task.stdout"}
{"timestamp":"2025-11-10T01:36:36.223852Z","level":"info","event":"2022-04-01 14시: 1001~2000 완료 (31072개 누적)","logger":"task.stdout"}
{"timestamp":"2025-11-10T01:36:37.502402Z","level":"info","event":"2022-04-01 14시: 2001~3000 완료 (32072개 누적)","logger":"task.stdout"}
{"timestamp":"2025-11-10T01:36:38.727676Z","level":"info","event":"2022-04-01 14시: 3001~4000 완료 (33072개 누적)","logger":"task.stdout"}
{"timestamp":"2025-11-10T01:36:40.074800Z","level":"info","event":"2022-04-01 14시: 4001~5000 완료 (34072개 누적)","logger":"task.stdout"}
{"timestamp":"2025-11-10T01:36:41.231567Z","level":"info","event":"2022-04-01 14시: 5001~6000 완료 (35072개 누적)","logger":"task.stdout"}
{"timestamp":"2025-11-10T01:36:42.335088Z","level":"info","event":"2022-04-01 14시: 6001~6182 완료 (35254개 누적)","logger":"task.stdout"}
{"timestamp":"2025-11-10T01:36:44.636418Z","level":"info","event":"2022-04-01 15시: 1~1000 완료 (36254개 누적)","logger":"task.stdout"}
{"timestamp":"2025-11-10T01:36:45.915358Z","level":"info","event":"2022-04-01 15시: 1001~2000 완료 (37254개 누적)","logger":"task.stdout"}
{"timestamp":"2025-11-10T01:36:47.183110Z","level":"info","event":"2022-04-01 15시: 2001~3000 완료 (38254개 누적)","logger":"task.stdout"}
{"timestamp":"2025-11-10T01:36:48.828004Z","level":"info","event":"2022-04-01 15시: 3001~4000 완료 (39254개 누적)","logger":"task.stdout"}
{"timestamp":"2025-11-10T01:36:50.144418Z","level":"info","event":"2022-04-01 15시: 4001~5000 완료 (40254개 누적)","logger":"task.stdout"}
{"timestamp":"2025-11-10T01:36:51.676170Z","level":"info","event":"2022-04-01 15시: 5001~6000 완료 (41254개 누적)","logger":"task.stdout"}
{"timestamp":"2025-11-10T01:36:52.861259Z","level":"info","event":"2022-04-01 15시: 6001~7000 완료 (42254개 누적)","logger":"task.stdout"}
{"timestamp":"2025-11-10T01:36:54.060030Z","level":"info","event":"2022-04-01 15시: 7001~7211 완료 (42465개 누적)","logger":"task.stdout"}
{"timestamp":"2025-11-10T01:36:56.214905Z","level":"info","event":"2022-04-01 16시: 1~1000 완료 (43465개 누적)","logger":"task.stdout"}
{"timestamp":"2025-11-10T01:36:57.431813Z","level":"info","event":"2022-04-01 16시: 1001~2000 완료 (44465개 누적)","logger":"task.stdout"}
{"timestamp":"2025-11-10T01:36:58.658964Z","level":"info","event":"2022-04-01 16시: 2001~3000 완료 (45465개 누적)","logger":"task.stdout"}
{"timestamp":"2025-11-10T01:36:59.935028Z","level":"info","event":"2022-04-01 16시: 3001~4000 완료 (46465개 누적)","logger":"task.stdout"}
{"timestamp":"2025-11-10T01:37:01.116482Z","level":"info","event":"2022-04-01 16시: 4001~5000 완료 (47465개 누적)","logger":"task.stdout"}
{"timestamp":"2025-11-10T01:37:02.337049Z","level":"info","event":"2022-04-01 16시: 5001~6000 완료 (48465개 누적)","logger":"task.stdout"}
{"timestamp":"2025-11-10T01:37:03.593500Z","level":"info","event":"2022-04-01 16시: 6001~7000 완료 (49465개 누적)","logger":"task.stdout"}
{"timestamp":"2025-11-10T01:37:04.871565Z","level":"info","event":"2022-04-01 16시: 7001~8000 완료 (50465개 누적)","logger":"task.stdout"}
{"timestamp":"2025-11-10T01:37:19.756468Z","level":"info","event":"2022-04-01 16시: 요청 실패 - HTTPConnectionPool(host='openapi.seoul.go.kr', port=8088): Max retries exceeded with url: /574d4268426539373930666f4b654e/json/tbCycleRentData/8001/8277/2022-04-01/16 (Caused by NameResolutionError(\"<urllib3.connection.HTTPConnection object at 0xffff8a086ba0>: Failed to resolve 'openapi.seoul.go.kr' ([Errno -3] Temporary failure in name resolution)\"))","logger":"task.stdout"}
{"timestamp":"2025-11-10T01:37:21.705997Z","level":"info","event":"2022-04-01 17시: 1~1000 완료 (51465개 누적)","logger":"task.stdout"}
{"timestamp":"2025-11-10T01:37:23.051357Z","level":"info","event":"2022-04-01 17시: 1001~2000 완료 (52465개 누적)","logger":"task.stdout"}
{"timestamp":"2025-11-10T01:37:24.336301Z","level":"info","event":"2022-04-01 17시: 2001~3000 완료 (53465개 누적)","logger":"task.stdout"}
{"timestamp":"2025-11-10T01:37:25.842433Z","level":"info","event":"2022-04-01 17시: 3001~4000 완료 (54465개 누적)","logger":"task.stdout"}
{"timestamp":"2025-11-10T01:37:27.185680Z","level":"info","event":"2022-04-01 17시: 4001~5000 완료 (55465개 누적)","logger":"task.stdout"}
{"timestamp":"2025-11-10T01:37:28.793565Z","level":"info","event":"2022-04-01 17시: 5001~6000 완료 (56465개 누적)","logger":"task.stdout"}
{"timestamp":"2025-11-10T01:37:30.073082Z","level":"info","event":"2022-04-01 17시: 6001~7000 완료 (57465개 누적)","logger":"task.stdout"}
{"timestamp":"2025-11-10T01:37:31.457331Z","level":"info","event":"2022-04-01 17시: 7001~8000 완료 (58465개 누적)","logger":"task.stdout"}
{"timestamp":"2025-11-10T01:37:32.773792Z","level":"info","event":"2022-04-01 17시: 8001~9000 완료 (59465개 누적)","logger":"task.stdout"}
{"timestamp":"2025-11-10T01:37:34.119835Z","level":"info","event":"2022-04-01 17시: 9001~10000 완료 (60465개 누적)","logger":"task.stdout"}
{"timestamp":"2025-11-10T01:37:35.365566Z","level":"info","event":"2022-04-01 17시: 10001~10913 완료 (61378개 누적)","logger":"task.stdout"}
{"timestamp":"2025-11-10T01:37:37.894704Z","level":"info","event":"2022-04-01 18시: 1~1000 완료 (62378개 누적)","logger":"task.stdout"}
{"timestamp":"2025-11-10T01:37:39.222988Z","level":"info","event":"2022-04-01 18시: 1001~2000 완료 (63378개 누적)","logger":"task.stdout"}
{"timestamp":"2025-11-10T01:37:40.544237Z","level":"info","event":"2022-04-01 18시: 2001~3000 완료 (64378개 누적)","logger":"task.stdout"}
{"timestamp":"2025-11-10T01:37:41.957831Z","level":"info","event":"2022-04-01 18시: 3001~4000 완료 (65378개 누적)","logger":"task.stdout"}
{"timestamp":"2025-11-10T01:37:43.411586Z","level":"info","event":"2022-04-01 18시: 4001~5000 완료 (66378개 누적)","logger":"task.stdout"}
{"timestamp":"2025-11-10T01:37:44.848015Z","level":"info","event":"2022-04-01 18시: 5001~6000 완료 (67378개 누적)","logger":"task.stdout"}
{"timestamp":"2025-11-10T01:37:46.272629Z","level":"info","event":"2022-04-01 18시: 6001~7000 완료 (68378개 누적)","logger":"task.stdout"}
{"timestamp":"2025-11-10T01:37:47.690279Z","level":"info","event":"2022-04-01 18시: 7001~8000 완료 (69378개 누적)","logger":"task.stdout"}
{"timestamp":"2025-11-10T01:37:49.243623Z","level":"info","event":"2022-04-01 18시: 8001~9000 완료 (70378개 누적)","logger":"task.stdout"}
{"timestamp":"2025-11-10T01:37:50.702901Z","level":"info","event":"2022-04-01 18시: 9001~10000 완료 (71378개 누적)","logger":"task.stdout"}
{"timestamp":"2025-11-10T01:37:52.136539Z","level":"info","event":"2022-04-01 18시: 10001~11000 완료 (72378개 누적)","logger":"task.stdout"}
{"timestamp":"2025-11-10T01:37:53.661652Z","level":"info","event":"2022-04-01 18시: 11001~12000 완료 (73378개 누적)","logger":"task.stdout"}
{"timestamp":"2025-11-10T01:38:07.318223Z","level":"info","event":"2022-04-01 18시: 12001~13000 완료 (74378개 누적)","logger":"task.stdout"}
{"timestamp":"2025-11-10T01:38:07.750999Z","level":"info","event":"2022-04-01 18시: 13001~13279 완료 (74657개 누적)","logger":"task.stdout"}
{"timestamp":"2025-11-10T01:38:09.978455Z","level":"info","event":"2022-04-01 19시: 1~1000 완료 (75657개 누적)","logger":"task.stdout"}
{"timestamp":"2025-11-10T01:38:11.247675Z","level":"info","event":"2022-04-01 19시: 1001~2000 완료 (76657개 누적)","logger":"task.stdout"}
{"timestamp":"2025-11-10T01:38:12.469398Z","level":"info","event":"2022-04-01 19시: 2001~3000 완료 (77657개 누적)","logger":"task.stdout"}
{"timestamp":"2025-11-10T01:38:13.677515Z","level":"info","event":"2022-04-01 19시: 3001~4000 완료 (78657개 누적)","logger":"task.stdout"}
{"timestamp":"2025-11-10T01:38:14.898866Z","level":"info","event":"2022-04-01 19시: 4001~5000 완료 (79657개 누적)","logger":"task.stdout"}
{"timestamp":"2025-11-10T01:38:16.172480Z","level":"info","event":"2022-04-01 19시: 5001~6000 완료 (80657개 누적)","logger":"task.stdout"}
{"timestamp":"2025-11-10T01:38:17.296248Z","level":"info","event":"2022-04-01 19시: 6001~7000 완료 (81657개 누적)","logger":"task.stdout"}
{"timestamp":"2025-11-10T01:38:18.619088Z","level":"info","event":"2022-04-01 19시: 7001~7619 완료 (82276개 누적)","logger":"task.stdout"}
{"timestamp":"2025-11-10T01:38:20.601925Z","level":"info","event":"2022-04-01 20시: 1~1000 완료 (83276개 누적)","logger":"task.stdout"}
{"timestamp":"2025-11-10T01:38:21.745161Z","level":"info","event":"2022-04-01 20시: 1001~2000 완료 (84276개 누적)","logger":"task.stdout"}
{"timestamp":"2025-11-10T01:38:22.864649Z","level":"info","event":"2022-04-01 20시: 2001~3000 완료 (85276개 누적)","logger":"task.stdout"}
{"timestamp":"2025-11-10T01:38:23.979355Z","level":"info","event":"2022-04-01 20시: 3001~4000 완료 (86276개 누적)","logger":"task.stdout"}
{"timestamp":"2025-11-10T01:38:25.084400Z","level":"info","event":"2022-04-01 20시: 4001~5000 완료 (87276개 누적)","logger":"task.stdout"}
{"timestamp":"2025-11-10T01:38:26.206358Z","level":"info","event":"2022-04-01 20시: 5001~5688 완료 (87964개 누적)","logger":"task.stdout"}
{"timestamp":"2025-11-10T01:38:28.352953Z","level":"info","event":"2022-04-01 21시: 1~1000 완료 (88964개 누적)","logger":"task.stdout"}
{"timestamp":"2025-11-10T01:38:29.450531Z","level":"info","event":"2022-04-01 21시: 1001~2000 완료 (89964개 누적)","logger":"task.stdout"}
{"timestamp":"2025-11-10T01:38:30.559387Z","level":"info","event":"2022-04-01 21시: 2001~3000 완료 (90964개 누적)","logger":"task.stdout"}
{"timestamp":"2025-11-10T01:38:31.686187Z","level":"info","event":"2022-04-01 21시: 3001~4000 완료 (91964개 누적)","logger":"task.stdout"}
{"timestamp":"2025-11-10T01:38:32.836581Z","level":"info","event":"2022-04-01 21시: 4001~5000 완료 (92964개 누적)","logger":"task.stdout"}
{"timestamp":"2025-11-10T01:38:33.855081Z","level":"info","event":"2022-04-01 21시: 5001~5357 완료 (93321개 누적)","logger":"task.stdout"}
{"timestamp":"2025-11-10T01:38:35.769676Z","level":"info","event":"2022-04-01 22시: 1~1000 완료 (94321개 누적)","logger":"task.stdout"}
{"timestamp":"2025-11-10T01:38:36.968813Z","level":"info","event":"2022-04-01 22시: 1001~2000 완료 (95321개 누적)","logger":"task.stdout"}
{"timestamp":"2025-11-10T01:38:38.107071Z","level":"info","event":"2022-04-01 22시: 2001~3000 완료 (96321개 누적)","logger":"task.stdout"}
{"timestamp":"2025-11-10T01:38:39.224686Z","level":"info","event":"2022-04-01 22시: 3001~4000 완료 (97321개 누적)","logger":"task.stdout"}
{"timestamp":"2025-11-10T01:38:40.427575Z","level":"info","event":"2022-04-01 22시: 4001~4770 완료 (98091개 누적)","logger":"task.stdout"}
{"timestamp":"2025-11-10T01:38:48.445140Z","level":"info","event":"2022-04-01 23시: 1001~2000 완료 (99091개 누적)","logger":"task.stdout"}
{"timestamp":"2025-11-10T01:38:49.456182Z","level":"info","event":"2022-04-01 23시: 2001~3000 완료 (100091개 누적)","logger":"task.stdout"}
{"timestamp":"2025-11-10T01:38:50.541987Z","level":"info","event":"2022-04-01 23시: 3001~3671 완료 (100762개 누적)","logger":"task.stdout"}
{"timestamp":"2025-11-10T01:38:52.259843Z","level":"info","event":"2022-04-02 00시: 1~1000 완료 (101762개 누적)","logger":"task.stdout"}
{"timestamp":"2025-11-10T01:38:53.204142Z","level":"info","event":"2022-04-02 00시: 1001~2000 완료 (102762개 누적)","logger":"task.stdout"}
{"timestamp":"2025-11-10T01:38:54.179044Z","level":"info","event":"2022-04-02 00시: 2001~2644 완료 (103406개 누적)","logger":"task.stdout"}
{"timestamp":"2025-11-10T01:38:55.875023Z","level":"info","event":"2022-04-02 01시: 1~1000 완료 (104406개 누적)","logger":"task.stdout"}
{"timestamp":"2025-11-10T01:38:56.908272Z","level":"info","event":"2022-04-02 01시: 1001~1347 완료 (104753개 누적)","logger":"task.stdout"}
{"timestamp":"2025-11-10T01:38:58.572215Z","level":"info","event":"2022-04-02 02시: 1~806 완료 (105559개 누적)","logger":"task.stdout"}
{"timestamp":"2025-11-10T01:39:00.062533Z","level":"info","event":"2022-04-02 03시: 1~535 완료 (106094개 누적)","logger":"task.stdout"}
{"timestamp":"2025-11-10T01:39:01.626993Z","level":"info","event":"2022-04-02 04시: 1~375 완료 (106469개 누적)","logger":"task.stdout"}
{"timestamp":"2025-11-10T01:39:03.157274Z","level":"info","event":"2022-04-02 05시: 1~516 완료 (106985개 누적)","logger":"task.stdout"}
{"timestamp":"2025-11-10T01:39:04.676307Z","level":"info","event":"2022-04-02 06시: 1~876 완료 (107861개 누적)","logger":"task.stdout"}
{"timestamp":"2025-11-10T01:39:06.342779Z","level":"info","event":"2022-04-02 07시: 1~1000 완료 (108861개 누적)","logger":"task.stdout"}
{"timestamp":"2025-11-10T01:39:07.254014Z","level":"info","event":"2022-04-02 07시: 1001~1666 완료 (109527개 누적)","logger":"task.stdout"}
{"timestamp":"2025-11-10T01:39:09.091603Z","level":"info","event":"2022-04-02 08시: 1~1000 완료 (110527개 누적)","logger":"task.stdout"}
{"timestamp":"2025-11-10T01:39:10.285188Z","level":"info","event":"2022-04-02 08시: 1001~2000 완료 (111527개 누적)","logger":"task.stdout"}
{"timestamp":"2025-11-10T01:39:11.236614Z","level":"info","event":"2022-04-02 08시: 2001~3000 완료 (112527개 누적)","logger":"task.stdout"}
{"timestamp":"2025-11-10T01:39:12.069886Z","level":"info","event":"2022-04-02 08시: 3001~3073 완료 (112600개 누적)","logger":"task.stdout"}
{"timestamp":"2025-11-10T01:39:13.839230Z","level":"info","event":"2022-04-02 09시: 1~1000 완료 (113600개 누적)","logger":"task.stdout"}
{"timestamp":"2025-11-10T01:39:14.896535Z","level":"info","event":"2022-04-02 09시: 1001~2000 완료 (114600개 누적)","logger":"task.stdout"}
{"timestamp":"2025-11-10T01:39:15.950489Z","level":"info","event":"2022-04-02 09시: 2001~3000 완료 (115600개 누적)","logger":"task.stdout"}
{"timestamp":"2025-11-10T01:39:16.988060Z","level":"info","event":"2022-04-02 09시: 3001~4000 완료 (116600개 누적)","logger":"task.stdout"}
{"timestamp":"2025-11-10T01:39:17.851162Z","level":"info","event":"2022-04-02 09시: 4001~4024 완료 (116624개 누적)","logger":"task.stdout"}
{"timestamp":"2025-11-10T01:39:29.409222Z","level":"info","event":"2022-04-02 10시: 1~1000 완료 (117624개 누적)","logger":"task.stdout"}
{"timestamp":"2025-11-10T01:39:29.936252Z","level":"info","event":"2022-04-02 10시: 1001~2000 완료 (118624개 누적)","logger":"task.stdout"}
{"timestamp":"2025-11-10T01:39:31.111239Z","level":"info","event":"2022-04-02 10시: 2001~3000 완료 (119624개 누적)","logger":"task.stdout"}
{"timestamp":"2025-11-10T01:39:32.151037Z","level":"info","event":"2022-04-02 10시: 3001~4000 완료 (120624개 누적)","logger":"task.stdout"}
{"timestamp":"2025-11-10T01:39:33.139714Z","level":"info","event":"2022-04-02 10시: 4001~4763 완료 (121387개 누적)","logger":"task.stdout"}
{"timestamp":"2025-11-10T01:39:35.024230Z","level":"info","event":"2022-04-02 11시: 1~1000 완료 (122387개 누적)","logger":"task.stdout"}
{"timestamp":"2025-11-10T01:39:36.185815Z","level":"info","event":"2022-04-02 11시: 1001~2000 완료 (123387개 누적)","logger":"task.stdout"}
{"timestamp":"2025-11-10T01:39:37.381290Z","level":"info","event":"2022-04-02 11시: 2001~3000 완료 (124387개 누적)","logger":"task.stdout"}
{"timestamp":"2025-11-10T01:39:38.508856Z","level":"info","event":"2022-04-02 11시: 3001~4000 완료 (125387개 누적)","logger":"task.stdout"}
{"timestamp":"2025-11-10T01:39:39.625162Z","level":"info","event":"2022-04-02 11시: 4001~5000 완료 (126387개 누적)","logger":"task.stdout"}
{"timestamp":"2025-11-10T01:39:40.789765Z","level":"info","event":"2022-04-02 11시: 5001~6000 완료 (127387개 누적)","logger":"task.stdout"}
{"timestamp":"2025-11-10T01:39:41.742056Z","level":"info","event":"2022-04-02 11시: 6001~6012 완료 (127399개 누적)","logger":"task.stdout"}
{"timestamp":"2025-11-10T01:39:43.804419Z","level":"info","event":"2022-04-02 12시: 1~1000 완료 (128399개 누적)","logger":"task.stdout"}
{"timestamp":"2025-11-10T01:39:44.948820Z","level":"info","event":"2022-04-02 12시: 1001~2000 완료 (129399개 누적)","logger":"task.stdout"}
{"timestamp":"2025-11-10T01:39:46.074364Z","level":"info","event":"2022-04-02 12시: 2001~3000 완료 (130399개 누적)","logger":"task.stdout"}
{"timestamp":"2025-11-10T01:39:47.234684Z","level":"info","event":"2022-04-02 12시: 3001~4000 완료 (131399개 누적)","logger":"task.stdout"}
{"timestamp":"2025-11-10T01:39:48.449517Z","level":"info","event":"2022-04-02 12시: 4001~5000 완료 (132399개 누적)","logger":"task.stdout"}
{"timestamp":"2025-11-10T01:39:49.788411Z","level":"info","event":"2022-04-02 12시: 5001~6000 완료 (133399개 누적)","logger":"task.stdout"}
{"timestamp":"2025-11-10T01:39:51.071311Z","level":"info","event":"2022-04-02 12시: 6001~7000 완료 (134399개 누적)","logger":"task.stdout"}
{"timestamp":"2025-11-10T01:39:52.280667Z","level":"info","event":"2022-04-02 12시: 7001~7349 완료 (134748개 누적)","logger":"task.stdout"}
{"timestamp":"2025-11-10T01:40:16.714060Z","level":"info","event":"2022-04-02 13시: 1~1000 완료 (135748개 누적)","logger":"task.stdout"}
{"timestamp":"2025-11-10T01:40:16.718030Z","level":"info","event":"2022-04-02 13시: 요청 실패 - HTTPConnectionPool(host='openapi.seoul.go.kr', port=8088): Max retries exceeded with url: /574d4268426539373930666f4b654e/json/tbCycleRentData/1001/2000/2022-04-02/13 (Caused by NameResolutionError(\"<urllib3.connection.HTTPConnection object at 0xffff8372b3b0>: Failed to resolve 'openapi.seoul.go.kr' ([Errno -3] Temporary failure in name resolution)\"))","logger":"task.stdout"}
{"timestamp":"2025-11-10T01:40:18.902952Z","level":"info","event":"2022-04-02 14시: 1~1000 완료 (136748개 누적)","logger":"task.stdout"}
{"timestamp":"2025-11-10T01:40:20.215486Z","level":"info","event":"2022-04-02 14시: 1001~2000 완료 (137748개 누적)","logger":"task.stdout"}
{"timestamp":"2025-11-10T01:40:21.557389Z","level":"info","event":"2022-04-02 14시: 2001~3000 완료 (138748개 누적)","logger":"task.stdout"}
{"timestamp":"2025-11-10T01:40:29.029638Z","level":"info","event":"2022-04-02 14시: 3001~4000 완료 (139748개 누적)","logger":"task.stdout"}
{"timestamp":"2025-11-10T01:40:29.749405Z","level":"info","event":"2022-04-02 14시: 4001~5000 완료 (140748개 누적)","logger":"task.stdout"}
{"timestamp":"2025-11-10T01:40:30.962656Z","level":"info","event":"2022-04-02 14시: 5001~6000 완료 (141748개 누적)","logger":"task.stdout"}
{"timestamp":"2025-11-10T01:40:32.240822Z","level":"info","event":"2022-04-02 14시: 6001~7000 완료 (142748개 누적)","logger":"task.stdout"}
{"timestamp":"2025-11-10T01:40:33.542448Z","level":"info","event":"2022-04-02 14시: 7001~8000 완료 (143748개 누적)","logger":"task.stdout"}
{"timestamp":"2025-11-10T01:40:34.780048Z","level":"info","event":"2022-04-02 14시: 8001~9000 완료 (144748개 누적)","logger":"task.stdout"}
{"timestamp":"2025-11-10T01:40:35.992255Z","level":"info","event":"2022-04-02 14시: 9001~10000 완료 (145748개 누적)","logger":"task.stdout"}
{"timestamp":"2025-11-10T01:40:37.018340Z","level":"info","event":"2022-04-02 14시: 10001~10047 완료 (145795개 누적)","logger":"task.stdout"}
