{"timestamp":"2025-11-10T01:31:22.618170Z","level":"info","event":"DAG bundles loaded: dags-folder","logger":"airflow.dag_processing.bundles.manager.DagBundlesManager","filename":"manager.py","lineno":179}
{"timestamp":"2025-11-10T01:31:22.619575Z","level":"info","event":"Filling up the DagBag from /opt/airflow/dags/seoul_bike_rent_2022.py","logger":"airflow.models.dagbag.DagBag","filename":"dagbag.py","lineno":593}
{"timestamp":"2025-11-10T01:31:22.642668Z","level":"warning","event":"The `airflow.operators.python.PythonOperator` attribute is deprecated. Please use `'airflow.providers.standard.operators.python.PythonOperator'`.","category":"DeprecatedImportWarning","filename":"/opt/airflow/dags/seoul_bike_rent_2022.py","lineno":2,"logger":"py.warnings"}
{"timestamp":"2025-11-10T01:31:22.762406Z","level":"info","event":"Found credentials in environment variables.","logger":"botocore.credentials","filename":"credentials.py","lineno":1224}
{"timestamp":"2025-11-10T01:31:25.417301Z","level":"info","event":"유효한 정거장 3202개 로드","logger":"task.stdout"}
{"timestamp":"2025-11-10T01:31:26.316065Z","level":"info","event":"2022-01-01 00시: 1~593 완료 (593개 누적)","logger":"task.stdout"}
{"timestamp":"2025-11-10T01:31:27.219692Z","level":"info","event":"2022-01-01 01시: 1~480 완료 (1073개 누적)","logger":"task.stdout"}
{"timestamp":"2025-11-10T01:31:28.214109Z","level":"info","event":"2022-01-01 02시: 1~337 완료 (1410개 누적)","logger":"task.stdout"}
{"timestamp":"2025-11-10T01:31:29.013688Z","level":"info","event":"2022-01-01 03시: 1~266 완료 (1676개 누적)","logger":"task.stdout"}
{"timestamp":"2025-11-10T01:31:29.784283Z","level":"info","event":"2022-01-01 04시: 1~261 완료 (1937개 누적)","logger":"task.stdout"}
{"timestamp":"2025-11-10T01:31:30.657001Z","level":"info","event":"2022-01-01 05시: 1~302 완료 (2239개 누적)","logger":"task.stdout"}
{"timestamp":"2025-11-10T01:31:31.439057Z","level":"info","event":"2022-01-01 06시: 1~504 완료 (2743개 누적)","logger":"task.stdout"}
{"timestamp":"2025-11-10T01:31:32.237939Z","level":"info","event":"2022-01-01 07시: 1~643 완료 (3386개 누적)","logger":"task.stdout"}
{"timestamp":"2025-11-10T01:31:33.052630Z","level":"info","event":"2022-01-01 08시: 1~725 완료 (4111개 누적)","logger":"task.stdout"}
{"timestamp":"2025-11-10T01:31:33.997438Z","level":"info","event":"2022-01-01 09시: 1~946 완료 (5057개 누적)","logger":"task.stdout"}
{"timestamp":"2025-11-10T01:31:34.937674Z","level":"info","event":"2022-01-01 10시: 1~1000 완료 (6057개 누적)","logger":"task.stdout"}
{"timestamp":"2025-11-10T01:31:35.434241Z","level":"info","event":"2022-01-01 10시: 1001~1108 완료 (6165개 누적)","logger":"task.stdout"}
{"timestamp":"2025-11-10T01:31:36.335293Z","level":"info","event":"2022-01-01 11시: 1~1000 완료 (7165개 누적)","logger":"task.stdout"}
{"timestamp":"2025-11-10T01:31:36.801994Z","level":"info","event":"2022-01-01 11시: 1001~1392 완료 (7557개 누적)","logger":"task.stdout"}
{"timestamp":"2025-11-10T01:31:37.848140Z","level":"info","event":"2022-01-01 12시: 1~1000 완료 (8557개 누적)","logger":"task.stdout"}
{"timestamp":"2025-11-10T01:31:38.485074Z","level":"info","event":"2022-01-01 12시: 1001~1746 완료 (9303개 누적)","logger":"task.stdout"}
{"timestamp":"2025-11-10T01:31:39.428852Z","level":"info","event":"2022-01-01 13시: 1~1000 완료 (10303개 누적)","logger":"task.stdout"}
{"timestamp":"2025-11-10T01:31:40.026388Z","level":"info","event":"2022-01-01 13시: 1001~1996 완료 (11299개 누적)","logger":"task.stdout"}
{"timestamp":"2025-11-10T01:31:40.953108Z","level":"info","event":"2022-01-01 14시: 1~1000 완료 (12299개 누적)","logger":"task.stdout"}
{"timestamp":"2025-11-10T01:31:41.539992Z","level":"info","event":"2022-01-01 14시: 1001~2000 완료 (13299개 누적)","logger":"task.stdout"}
{"timestamp":"2025-11-10T01:31:42.025747Z","level":"info","event":"2022-01-01 14시: 2001~2275 완료 (13574개 누적)","logger":"task.stdout"}
{"timestamp":"2025-11-10T01:31:43.088531Z","level":"info","event":"2022-01-01 15시: 1~1000 완료 (14574개 누적)","logger":"task.stdout"}
{"timestamp":"2025-11-10T01:31:43.705539Z","level":"info","event":"2022-01-01 15시: 1001~2000 완료 (15574개 누적)","logger":"task.stdout"}
{"timestamp":"2025-11-10T01:31:44.255108Z","level":"info","event":"2022-01-01 15시: 2001~2665 완료 (16239개 누적)","logger":"task.stdout"}
{"timestamp":"2025-11-10T01:31:45.256035Z","level":"info","event":"2022-01-01 16시: 1~1000 완료 (17239개 누적)","logger":"task.stdout"}
{"timestamp":"2025-11-10T01:31:45.917952Z","level":"info","event":"2022-01-01 16시: 1001~2000 완료 (18239개 누적)","logger":"task.stdout"}
{"timestamp":"2025-11-10T01:31:46.484988Z","level":"info","event":"2022-01-01 16시: 2001~2678 완료 (18917개 누적)","logger":"task.stdout"}
{"timestamp":"2025-11-10T01:31:47.469994Z","level":"info","event":"2022-01-01 17시: 1~1000 완료 (19917개 누적)","logger":"task.stdout"}
{"timestamp":"2025-11-10T01:31:48.142442Z","level":"info","event":"2022-01-01 17시: 1001~2000 완료 (20917개 누적)","logger":"task.stdout"}
{"timestamp":"2025-11-10T01:31:48.670088Z","level":"info","event":"2022-01-01 17시: 2001~2445 완료 (21362개 누적)","logger":"task.stdout"}
{"timestamp":"2025-11-10T01:31:49.628611Z","level":"info","event":"2022-01-01 18시: 1~1000 완료 (22362개 누적)","logger":"task.stdout"}
{"timestamp":"2025-11-10T01:31:50.202480Z","level":"info","event":"2022-01-01 18시: 1001~2000 완료 (23362개 누적)","logger":"task.stdout"}
{"timestamp":"2025-11-10T01:31:51.114890Z","level":"info","event":"2022-01-01 18시: 2001~2004 완료 (23366개 누적)","logger":"task.stdout"}
{"timestamp":"2025-11-10T01:31:51.982018Z","level":"info","event":"2022-01-01 19시: 1~1000 완료 (24366개 누적)","logger":"task.stdout"}
{"timestamp":"2025-11-10T01:31:52.490080Z","level":"info","event":"2022-01-01 19시: 1001~1591 완료 (24957개 누적)","logger":"task.stdout"}
{"timestamp":"2025-11-10T01:31:53.395798Z","level":"info","event":"2022-01-01 20시: 1~1000 완료 (25957개 누적)","logger":"task.stdout"}
{"timestamp":"2025-11-10T01:31:53.844968Z","level":"info","event":"2022-01-01 20시: 1001~1455 완료 (26412개 누적)","logger":"task.stdout"}
{"timestamp":"2025-11-10T01:31:54.772629Z","level":"info","event":"2022-01-01 21시: 1~1000 완료 (27412개 누적)","logger":"task.stdout"}
{"timestamp":"2025-11-10T01:31:55.326434Z","level":"info","event":"2022-01-01 21시: 1001~1766 완료 (28178개 누적)","logger":"task.stdout"}
{"timestamp":"2025-11-10T01:31:56.247624Z","level":"info","event":"2022-01-01 22시: 1~1000 완료 (29178개 누적)","logger":"task.stdout"}
{"timestamp":"2025-11-10T01:31:56.673984Z","level":"info","event":"2022-01-01 22시: 1001~1231 완료 (29409개 누적)","logger":"task.stdout"}
{"timestamp":"2025-11-10T01:31:57.535844Z","level":"info","event":"2022-01-01 23시: 1~811 완료 (30220개 누적)","logger":"task.stdout"}
{"timestamp":"2025-11-10T01:31:58.325611Z","level":"info","event":"2022-01-02 00시: 1~602 완료 (30822개 누적)","logger":"task.stdout"}
{"timestamp":"2025-11-10T01:31:59.039718Z","level":"info","event":"2022-01-02 01시: 1~436 완료 (31258개 누적)","logger":"task.stdout"}
{"timestamp":"2025-11-10T01:31:59.778888Z","level":"info","event":"2022-01-02 02시: 1~289 완료 (31547개 누적)","logger":"task.stdout"}
{"timestamp":"2025-11-10T01:32:00.661483Z","level":"info","event":"2022-01-02 03시: 1~188 완료 (31735개 누적)","logger":"task.stdout"}
{"timestamp":"2025-11-10T01:32:01.318302Z","level":"info","event":"2022-01-02 04시: 1~173 완료 (31908개 누적)","logger":"task.stdout"}
{"timestamp":"2025-11-10T01:32:01.970069Z","level":"info","event":"2022-01-02 05시: 1~174 완료 (32082개 누적)","logger":"task.stdout"}
{"timestamp":"2025-11-10T01:32:02.640091Z","level":"info","event":"2022-01-02 06시: 1~191 완료 (32273개 누적)","logger":"task.stdout"}
{"timestamp":"2025-11-10T01:32:03.353653Z","level":"info","event":"2022-01-02 07시: 1~266 완료 (32539개 누적)","logger":"task.stdout"}
{"timestamp":"2025-11-10T01:32:04.105428Z","level":"info","event":"2022-01-02 08시: 1~495 완료 (33034개 누적)","logger":"task.stdout"}
{"timestamp":"2025-11-10T01:32:04.883701Z","level":"info","event":"2022-01-02 09시: 1~774 완료 (33808개 누적)","logger":"task.stdout"}
{"timestamp":"2025-11-10T01:32:05.772391Z","level":"info","event":"2022-01-02 10시: 1~1000 완료 (34808개 누적)","logger":"task.stdout"}
{"timestamp":"2025-11-10T01:32:06.179118Z","level":"info","event":"2022-01-02 10시: 1001~1057 완료 (34865개 누적)","logger":"task.stdout"}
{"timestamp":"2025-11-10T01:32:07.013567Z","level":"info","event":"2022-01-02 11시: 1~1000 완료 (35865개 누적)","logger":"task.stdout"}
{"timestamp":"2025-11-10T01:32:07.451891Z","level":"info","event":"2022-01-02 11시: 1001~1335 완료 (36200개 누적)","logger":"task.stdout"}
{"timestamp":"2025-11-10T01:32:08.565396Z","level":"info","event":"2022-01-02 12시: 1~1000 완료 (37200개 누적)","logger":"task.stdout"}
{"timestamp":"2025-11-10T01:32:09.248102Z","level":"info","event":"2022-01-02 12시: 1001~1829 완료 (38029개 누적)","logger":"task.stdout"}
{"timestamp":"2025-11-10T01:32:10.389937Z","level":"info","event":"2022-01-02 13시: 1~1000 완료 (39029개 누적)","logger":"task.stdout"}
{"timestamp":"2025-11-10T01:32:11.050968Z","level":"info","event":"2022-01-02 13시: 1001~2000 완료 (40029개 누적)","logger":"task.stdout"}
{"timestamp":"2025-11-10T01:32:20.948486Z","level":"info","event":"2022-01-02 13시: 요청 실패 - HTTPConnectionPool(host='openapi.seoul.go.kr', port=8088): Max retries exceeded with url: /574d4268426539373930666f4b654e/json/tbCycleRentData/2001/2239/2022-01-02/13 (Caused by NameResolutionError(\"<urllib3.connection.HTTPConnection object at 0xffff8af2b9e0>: Failed to resolve 'openapi.seoul.go.kr' ([Errno -3] Temporary failure in name resolution)\"))","logger":"task.stdout"}
{"timestamp":"2025-11-10T01:32:20.949798Z","level":"info","event":"2022-01-02 14시: 1~1000 완료 (41029개 누적)","logger":"task.stdout"}
{"timestamp":"2025-11-10T01:32:21.516379Z","level":"info","event":"2022-01-02 14시: 1001~2000 완료 (42029개 누적)","logger":"task.stdout"}
{"timestamp":"2025-11-10T01:32:22.104266Z","level":"info","event":"2022-01-02 14시: 2001~2618 완료 (42647개 누적)","logger":"task.stdout"}
{"timestamp":"2025-11-10T01:32:23.063753Z","level":"info","event":"2022-01-02 15시: 1~1000 완료 (43647개 누적)","logger":"task.stdout"}
{"timestamp":"2025-11-10T01:32:23.718601Z","level":"info","event":"2022-01-02 15시: 1001~2000 완료 (44647개 누적)","logger":"task.stdout"}
{"timestamp":"2025-11-10T01:32:24.327941Z","level":"info","event":"2022-01-02 15시: 2001~2972 완료 (45619개 누적)","logger":"task.stdout"}
{"timestamp":"2025-11-10T01:32:25.393989Z","level":"info","event":"2022-01-02 16시: 1~1000 완료 (46619개 누적)","logger":"task.stdout"}
{"timestamp":"2025-11-10T01:32:26.061365Z","level":"info","event":"2022-01-02 16시: 1001~2000 완료 (47619개 누적)","logger":"task.stdout"}
{"timestamp":"2025-11-10T01:32:27.055101Z","level":"info","event":"2022-01-02 16시: 2001~2833 완료 (48452개 누적)","logger":"task.stdout"}
{"timestamp":"2025-11-10T01:32:28.230819Z","level":"info","event":"2022-01-02 17시: 1~1000 완료 (49452개 누적)","logger":"task.stdout"}
{"timestamp":"2025-11-10T01:32:28.846769Z","level":"info","event":"2022-01-02 17시: 1001~2000 완료 (50452개 누적)","logger":"task.stdout"}
{"timestamp":"2025-11-10T01:32:29.422864Z","level":"info","event":"2022-01-02 17시: 2001~2547 완료 (50999개 누적)","logger":"task.stdout"}
{"timestamp":"2025-11-10T01:32:30.378948Z","level":"info","event":"2022-01-02 18시: 1~1000 완료 (51999개 누적)","logger":"task.stdout"}
{"timestamp":"2025-11-10T01:32:30.925659Z","level":"info","event":"2022-01-02 18시: 1001~2000 완료 (52999개 누적)","logger":"task.stdout"}
{"timestamp":"2025-11-10T01:32:31.430207Z","level":"info","event":"2022-01-02 18시: 2001~2109 완료 (53108개 누적)","logger":"task.stdout"}
{"timestamp":"2025-11-10T01:32:32.435402Z","level":"info","event":"2022-01-02 19시: 1~1000 완료 (54108개 누적)","logger":"task.stdout"}
{"timestamp":"2025-11-10T01:32:32.940016Z","level":"info","event":"2022-01-02 19시: 1001~1719 완료 (54827개 누적)","logger":"task.stdout"}
{"timestamp":"2025-11-10T01:32:33.837418Z","level":"info","event":"2022-01-02 20시: 1~1000 완료 (55827개 누적)","logger":"task.stdout"}
{"timestamp":"2025-11-10T01:32:34.351180Z","level":"info","event":"2022-01-02 20시: 1001~1553 완료 (56380개 누적)","logger":"task.stdout"}
{"timestamp":"2025-11-10T01:32:35.291431Z","level":"info","event":"2022-01-02 21시: 1~1000 완료 (57380개 누적)","logger":"task.stdout"}
{"timestamp":"2025-11-10T01:32:35.850804Z","level":"info","event":"2022-01-02 21시: 1001~1671 완료 (58051개 누적)","logger":"task.stdout"}
{"timestamp":"2025-11-10T01:32:36.705212Z","level":"info","event":"2022-01-02 22시: 1~1000 완료 (59051개 누적)","logger":"task.stdout"}
{"timestamp":"2025-11-10T01:32:37.149895Z","level":"info","event":"2022-01-02 22시: 1001~1153 완료 (59204개 누적)","logger":"task.stdout"}
{"timestamp":"2025-11-10T01:32:38.230605Z","level":"info","event":"2022-01-02 23시: 1~683 완료 (59887개 누적)","logger":"task.stdout"}
{"timestamp":"2025-11-10T01:32:38.595987Z","level":"info","event":"","logger":"task.stdout"}
{"timestamp":"2025-11-10T01:32:38.596533Z","level":"info","event":"2022년 1월 총 59887개 수집 완료","logger":"task.stdout"}
{"timestamp":"2025-11-10T01:32:38.616413Z","level":"error","event":"Task failed with exception","logger":"task","filename":"task_runner.py","lineno":999,"error_detail":[{"exc_type":"KeyError","exc_value":"\"['대여 대여소명', '반납대여소명', '자전거번호', '대여거치대', '반납거치대', '이용시간(분)', '반납대여소번호', '대여 대여소번호'] not found in axis\"","exc_notes":[],"syntax_error":null,"is_cause":false,"frames":[{"filename":"/home/airflow/.local/lib/python3.12/site-packages/airflow/sdk/execution_time/task_runner.py","lineno":925,"name":"run"},{"filename":"/home/airflow/.local/lib/python3.12/site-packages/airflow/sdk/execution_time/task_runner.py","lineno":1312,"name":"_execute_task"},{"filename":"/home/airflow/.local/lib/python3.12/site-packages/airflow/sdk/bases/operator.py","lineno":416,"name":"wrapper"},{"filename":"/home/airflow/.local/lib/python3.12/site-packages/airflow/providers/standard/operators/python.py","lineno":213,"name":"execute"},{"filename":"/home/airflow/.local/lib/python3.12/site-packages/airflow/providers/standard/operators/python.py","lineno":236,"name":"execute_callable"},{"filename":"/home/airflow/.local/lib/python3.12/site-packages/airflow/sdk/execution_time/callback_runner.py","lineno":82,"name":"run"},{"filename":"/opt/airflow/dags/seoul_bike_rent_2022.py","lineno":40,"name":"collect_month"},{"filename":"/opt/airflow/plugins/rent_history_utils.py","lineno":102,"name":"preprocess_rent_data"},{"filename":"/home/airflow/.local/lib/python3.12/site-packages/pandas/core/frame.py","lineno":5344,"name":"drop"},{"filename":"/home/airflow/.local/lib/python3.12/site-packages/pandas/core/generic.py","lineno":4711,"name":"drop"},{"filename":"/home/airflow/.local/lib/python3.12/site-packages/pandas/core/generic.py","lineno":4753,"name":"_drop_axis"},{"filename":"/home/airflow/.local/lib/python3.12/site-packages/pandas/core/indexes/base.py","lineno":7000,"name":"drop"}],"is_group":false,"exceptions":[]}]}
