{"timestamp":"2025-11-10T08:47:51.295076Z","level":"info","event":"DAG bundles loaded: dags-folder","logger":"airflow.dag_processing.bundles.manager.DagBundlesManager","filename":"manager.py","lineno":179}
{"timestamp":"2025-11-10T08:47:51.295886Z","level":"info","event":"Filling up the DagBag from /opt/airflow/dags/seoul_bike_rent_load.py","logger":"airflow.models.dagbag.DagBag","filename":"dagbag.py","lineno":593}
{"timestamp":"2025-11-10T08:47:51.311848Z","level":"warning","event":"The `airflow.operators.python.PythonOperator` attribute is deprecated. Please use `'airflow.providers.standard.operators.python.PythonOperator'`.","category":"DeprecatedImportWarning","filename":"/opt/airflow/dags/seoul_bike_rent_load.py","lineno":4,"logger":"py.warnings"}
{"timestamp":"2025-11-10T08:47:51.329944Z","level":"info","event":"","logger":"task.stdout"}
{"timestamp":"2025-11-10T08:47:51.330088Z","level":"info","event":"============================================================","logger":"task.stdout"}
{"timestamp":"2025-11-10T08:47:51.330163Z","level":"info","event":"2016년 3월 처리 시작","logger":"task.stdout"}
{"timestamp":"2025-11-10T08:47:51.330214Z","level":"info","event":"============================================================","logger":"task.stdout"}
{"timestamp":"2025-11-10T08:47:51.336018Z","level":"info","event":"Found credentials in environment variables.","logger":"botocore.credentials","filename":"credentials.py","lineno":1224}
{"timestamp":"2025-11-10T08:47:51.800061Z","level":"info","event":"유효 정거장 3202개 로드 완료","logger":"task.stdout"}
{"timestamp":"2025-11-10T08:47:51.801707Z","level":"info","event":"[2016-03] 1~7일 처리 중","logger":"task.stdout"}
{"timestamp":"2025-11-10T08:47:51.802033Z","level":"info","event":"[2016-03-01] 데이터 수집 시작","logger":"task.stdout"}
{"timestamp":"2025-11-10T08:47:59.815435Z","level":"info","event":"[2016-03-01] 총 679건 수집","logger":"task.stdout"}
{"timestamp":"2025-11-10T08:47:59.831532Z","level":"info","event":"  전처리 후: 667건","logger":"task.stdout"}
{"timestamp":"2025-11-10T08:47:59.831746Z","level":"info","event":"[2016-03-02] 데이터 수집 시작","logger":"task.stdout"}
{"timestamp":"2025-11-10T08:48:08.022291Z","level":"info","event":"[2016-03-02] 총 1038건 수집","logger":"task.stdout"}
{"timestamp":"2025-11-10T08:48:08.040969Z","level":"info","event":"  전처리 후: 1,019건","logger":"task.stdout"}
{"timestamp":"2025-11-10T08:48:08.041243Z","level":"info","event":"[2016-03-03] 데이터 수집 시작","logger":"task.stdout"}
{"timestamp":"2025-11-10T08:48:16.543425Z","level":"info","event":"[2016-03-03] 총 1491건 수집","logger":"task.stdout"}
{"timestamp":"2025-11-10T08:48:16.560378Z","level":"info","event":"  전처리 후: 1,466건","logger":"task.stdout"}
{"timestamp":"2025-11-10T08:48:16.560644Z","level":"info","event":"[2016-03-04] 데이터 수집 시작","logger":"task.stdout"}
{"timestamp":"2025-11-10T08:48:25.619179Z","level":"info","event":"[2016-03-04] 총 2294건 수집","logger":"task.stdout"}
{"timestamp":"2025-11-10T08:48:25.634831Z","level":"info","event":"  전처리 후: 2,259건","logger":"task.stdout"}
{"timestamp":"2025-11-10T08:48:25.635026Z","level":"info","event":"[2016-03-05] 데이터 수집 시작","logger":"task.stdout"}
{"timestamp":"2025-11-10T08:48:33.237836Z","level":"info","event":"[2016-03-05] 총 270건 수집","logger":"task.stdout"}
{"timestamp":"2025-11-10T08:48:33.518479Z","level":"info","event":"  전처리 후: 268건","logger":"task.stdout"}
{"timestamp":"2025-11-10T08:48:33.525982Z","level":"info","event":"[2016-03-06] 데이터 수집 시작","logger":"task.stdout"}
{"timestamp":"2025-11-10T08:48:43.500964Z","level":"info","event":"[2016-03-06] 총 2284건 수집","logger":"task.stdout"}
{"timestamp":"2025-11-10T08:48:43.545243Z","level":"info","event":"  전처리 후: 2,252건","logger":"task.stdout"}
{"timestamp":"2025-11-10T08:48:43.545409Z","level":"info","event":"[2016-03-07] 데이터 수집 시작","logger":"task.stdout"}
{"timestamp":"2025-11-10T08:48:52.554114Z","level":"info","event":"[2016-03-07] 총 1374건 수집","logger":"task.stdout"}
{"timestamp":"2025-11-10T08:48:52.578468Z","level":"info","event":"  전처리 후: 1,350건","logger":"task.stdout"}
{"timestamp":"2025-11-10T08:48:52.639400Z","level":"info","event":"[2016-03] 1~7일 완료: 9,281건","logger":"task.stdout"}
{"timestamp":"2025-11-10T08:48:52.947222Z","level":"info","event":"업로드 완료: s3://yn-project-seoul-bike/rent/2016/temp/month_03_week_1.parquet (9,281건)","logger":"task.stdout"}
{"timestamp":"2025-11-10T08:48:52.949892Z","level":"info","event":"[2016-03] 8~14일 처리 중","logger":"task.stdout"}
{"timestamp":"2025-11-10T08:48:52.950135Z","level":"info","event":"[2016-03-08] 데이터 수집 시작","logger":"task.stdout"}
{"timestamp":"2025-11-10T08:49:01.545220Z","level":"info","event":"[2016-03-08] 총 1112건 수집","logger":"task.stdout"}
{"timestamp":"2025-11-10T08:49:01.575835Z","level":"info","event":"  전처리 후: 1,089건","logger":"task.stdout"}
{"timestamp":"2025-11-10T08:49:01.576236Z","level":"info","event":"[2016-03-09] 데이터 수집 시작","logger":"task.stdout"}
{"timestamp":"2025-11-10T08:49:10.131121Z","level":"info","event":"[2016-03-09] 총 1061건 수집","logger":"task.stdout"}
{"timestamp":"2025-11-10T08:49:10.771904Z","level":"info","event":"  전처리 후: 1,032건","logger":"task.stdout"}
{"timestamp":"2025-11-10T08:49:10.774673Z","level":"info","event":"[2016-03-10] 데이터 수집 시작","logger":"task.stdout"}
{"timestamp":"2025-11-10T08:49:21.214015Z","level":"info","event":"[2016-03-10] 총 992건 수집","logger":"task.stdout"}
{"timestamp":"2025-11-10T08:49:21.256284Z","level":"info","event":"  전처리 후: 975건","logger":"task.stdout"}
{"timestamp":"2025-11-10T08:49:21.256878Z","level":"info","event":"[2016-03-11] 데이터 수집 시작","logger":"task.stdout"}
{"timestamp":"2025-11-10T08:49:29.882937Z","level":"info","event":"[2016-03-11] 총 995건 수집","logger":"task.stdout"}
{"timestamp":"2025-11-10T08:49:29.899625Z","level":"info","event":"  전처리 후: 974건","logger":"task.stdout"}
{"timestamp":"2025-11-10T08:49:29.899914Z","level":"info","event":"[2016-03-12] 데이터 수집 시작","logger":"task.stdout"}
{"timestamp":"2025-11-10T08:49:38.335127Z","level":"info","event":"[2016-03-12] 총 892건 수집","logger":"task.stdout"}
{"timestamp":"2025-11-10T08:49:38.346618Z","level":"info","event":"  전처리 후: 884건","logger":"task.stdout"}
{"timestamp":"2025-11-10T08:49:38.346877Z","level":"info","event":"[2016-03-13] 데이터 수집 시작","logger":"task.stdout"}
{"timestamp":"2025-11-10T08:49:46.681340Z","level":"info","event":"[2016-03-13] 총 906건 수집","logger":"task.stdout"}
{"timestamp":"2025-11-10T08:49:46.691676Z","level":"info","event":"  전처리 후: 899건","logger":"task.stdout"}
{"timestamp":"2025-11-10T08:49:46.691837Z","level":"info","event":"[2016-03-14] 데이터 수집 시작","logger":"task.stdout"}
{"timestamp":"2025-11-10T08:49:55.638110Z","level":"info","event":"[2016-03-14] 총 1371건 수집","logger":"task.stdout"}
{"timestamp":"2025-11-10T08:49:55.675606Z","level":"info","event":"  전처리 후: 1,353건","logger":"task.stdout"}
{"timestamp":"2025-11-10T08:49:55.713535Z","level":"info","event":"[2016-03] 8~14일 완료: 7,206건","logger":"task.stdout"}
{"timestamp":"2025-11-10T08:49:56.318105Z","level":"info","event":"업로드 완료: s3://yn-project-seoul-bike/rent/2016/temp/month_03_week_2.parquet (7,206건)","logger":"task.stdout"}
{"timestamp":"2025-11-10T08:49:56.320087Z","level":"info","event":"[2016-03] 15~21일 처리 중","logger":"task.stdout"}
{"timestamp":"2025-11-10T08:49:56.320367Z","level":"info","event":"[2016-03-15] 데이터 수집 시작","logger":"task.stdout"}
{"timestamp":"2025-11-10T08:50:05.147528Z","level":"info","event":"[2016-03-15] 총 1579건 수집","logger":"task.stdout"}
{"timestamp":"2025-11-10T08:50:05.161688Z","level":"info","event":"  전처리 후: 1,556건","logger":"task.stdout"}
{"timestamp":"2025-11-10T08:50:05.161959Z","level":"info","event":"[2016-03-16] 데이터 수집 시작","logger":"task.stdout"}
{"timestamp":"2025-11-10T08:50:13.875587Z","level":"info","event":"[2016-03-16] 총 1762건 수집","logger":"task.stdout"}
{"timestamp":"2025-11-10T08:50:13.909056Z","level":"info","event":"  전처리 후: 1,746건","logger":"task.stdout"}
{"timestamp":"2025-11-10T08:50:13.909324Z","level":"info","event":"[2016-03-17] 데이터 수집 시작","logger":"task.stdout"}
{"timestamp":"2025-11-10T08:50:22.857158Z","level":"info","event":"[2016-03-17] 총 1814건 수집","logger":"task.stdout"}
{"timestamp":"2025-11-10T08:50:22.883562Z","level":"info","event":"  전처리 후: 1,783건","logger":"task.stdout"}
{"timestamp":"2025-11-10T08:50:22.883759Z","level":"info","event":"[2016-03-18] 데이터 수집 시작","logger":"task.stdout"}
{"timestamp":"2025-11-10T08:50:32.492269Z","level":"info","event":"[2016-03-18] 총 2583건 수집","logger":"task.stdout"}
{"timestamp":"2025-11-10T08:50:32.517072Z","level":"info","event":"  전처리 후: 2,554건","logger":"task.stdout"}
{"timestamp":"2025-11-10T08:50:32.517286Z","level":"info","event":"[2016-03-19] 데이터 수집 시작","logger":"task.stdout"}
{"timestamp":"2025-11-10T08:50:42.339745Z","level":"info","event":"[2016-03-19] 총 3638건 수집","logger":"task.stdout"}
{"timestamp":"2025-11-10T08:50:42.367640Z","level":"info","event":"  전처리 후: 3,613건","logger":"task.stdout"}
{"timestamp":"2025-11-10T08:50:42.368741Z","level":"info","event":"[2016-03-20] 데이터 수집 시작","logger":"task.stdout"}
{"timestamp":"2025-11-10T08:50:52.372963Z","level":"info","event":"[2016-03-20] 총 3685건 수집","logger":"task.stdout"}
{"timestamp":"2025-11-10T08:50:52.424966Z","level":"info","event":"  전처리 후: 3,659건","logger":"task.stdout"}
{"timestamp":"2025-11-10T08:50:52.425540Z","level":"info","event":"[2016-03-21] 데이터 수집 시작","logger":"task.stdout"}
{"timestamp":"2025-11-10T08:51:01.522745Z","level":"info","event":"[2016-03-21] 총 2256건 수집","logger":"task.stdout"}
{"timestamp":"2025-11-10T08:51:01.537568Z","level":"info","event":"  전처리 후: 2,223건","logger":"task.stdout"}
{"timestamp":"2025-11-10T08:51:01.628624Z","level":"info","event":"[2016-03] 15~21일 완료: 17,134건","logger":"task.stdout"}
{"timestamp":"2025-11-10T08:51:01.968762Z","level":"info","event":"업로드 완료: s3://yn-project-seoul-bike/rent/2016/temp/month_03_week_3.parquet (17,134건)","logger":"task.stdout"}
{"timestamp":"2025-11-10T08:51:01.969009Z","level":"info","event":"[2016-03] 22~28일 처리 중","logger":"task.stdout"}
{"timestamp":"2025-11-10T08:51:01.969090Z","level":"info","event":"[2016-03-22] 데이터 수집 시작","logger":"task.stdout"}
{"timestamp":"2025-11-10T08:51:11.376112Z","level":"info","event":"[2016-03-22] 총 2228건 수집","logger":"task.stdout"}
{"timestamp":"2025-11-10T08:51:11.394771Z","level":"info","event":"  전처리 후: 2,204건","logger":"task.stdout"}
{"timestamp":"2025-11-10T08:51:11.394954Z","level":"info","event":"[2016-03-23] 데이터 수집 시작","logger":"task.stdout"}
{"timestamp":"2025-11-10T08:51:20.422907Z","level":"info","event":"[2016-03-23] 총 2048건 수집","logger":"task.stdout"}
{"timestamp":"2025-11-10T08:51:20.448436Z","level":"info","event":"  전처리 후: 2,008건","logger":"task.stdout"}
{"timestamp":"2025-11-10T08:51:20.448667Z","level":"info","event":"[2016-03-24] 데이터 수집 시작","logger":"task.stdout"}
{"timestamp":"2025-11-10T08:51:29.758195Z","level":"info","event":"[2016-03-24] 총 2081건 수집","logger":"task.stdout"}
{"timestamp":"2025-11-10T08:51:29.827691Z","level":"info","event":"  전처리 후: 2,059건","logger":"task.stdout"}
{"timestamp":"2025-11-10T08:51:29.828324Z","level":"info","event":"[2016-03-25] 데이터 수집 시작","logger":"task.stdout"}
{"timestamp":"2025-11-10T08:51:38.970718Z","level":"info","event":"[2016-03-25] 총 2112건 수집","logger":"task.stdout"}
{"timestamp":"2025-11-10T08:51:39.321777Z","level":"info","event":"  전처리 후: 2,090건","logger":"task.stdout"}
{"timestamp":"2025-11-10T08:51:39.326188Z","level":"info","event":"[2016-03-26] 데이터 수집 시작","logger":"task.stdout"}
{"timestamp":"2025-11-10T08:51:48.371971Z","level":"info","event":"[2016-03-26] 총 2510건 수집","logger":"task.stdout"}
{"timestamp":"2025-11-10T08:51:48.413244Z","level":"info","event":"  전처리 후: 2,484건","logger":"task.stdout"}
{"timestamp":"2025-11-10T08:51:48.413951Z","level":"info","event":"[2016-03-27] 데이터 수집 시작","logger":"task.stdout"}
{"timestamp":"2025-11-10T08:51:57.278530Z","level":"info","event":"[2016-03-27] 총 2804건 수집","logger":"task.stdout"}
{"timestamp":"2025-11-10T08:51:57.297665Z","level":"info","event":"  전처리 후: 2,777건","logger":"task.stdout"}
{"timestamp":"2025-11-10T08:51:57.297832Z","level":"info","event":"[2016-03-28] 데이터 수집 시작","logger":"task.stdout"}
{"timestamp":"2025-11-10T08:52:06.712581Z","level":"info","event":"[2016-03-28] 총 2469건 수집","logger":"task.stdout"}
{"timestamp":"2025-11-10T08:52:06.736641Z","level":"info","event":"  전처리 후: 2,447건","logger":"task.stdout"}
{"timestamp":"2025-11-10T08:52:06.799258Z","level":"info","event":"[2016-03] 22~28일 완료: 16,069건","logger":"task.stdout"}
{"timestamp":"2025-11-10T08:52:07.165840Z","level":"info","event":"업로드 완료: s3://yn-project-seoul-bike/rent/2016/temp/month_03_week_4.parquet (16,069건)","logger":"task.stdout"}
{"timestamp":"2025-11-10T08:52:07.168063Z","level":"info","event":"[2016-03] 29~31일 처리 중","logger":"task.stdout"}
{"timestamp":"2025-11-10T08:52:07.168232Z","level":"info","event":"[2016-03-29] 데이터 수집 시작","logger":"task.stdout"}
{"timestamp":"2025-11-10T08:52:16.494240Z","level":"info","event":"[2016-03-29] 총 1775건 수집","logger":"task.stdout"}
{"timestamp":"2025-11-10T08:52:16.519969Z","level":"info","event":"  전처리 후: 1,757건","logger":"task.stdout"}
{"timestamp":"2025-11-10T08:52:16.520254Z","level":"info","event":"[2016-03-30] 데이터 수집 시작","logger":"task.stdout"}
{"timestamp":"2025-11-10T08:52:26.533558Z","level":"info","event":"[2016-03-30] 총 2507건 수집","logger":"task.stdout"}
{"timestamp":"2025-11-10T08:52:26.613275Z","level":"info","event":"  전처리 후: 2,481건","logger":"task.stdout"}
{"timestamp":"2025-11-10T08:52:26.613460Z","level":"info","event":"[2016-03-31] 데이터 수집 시작","logger":"task.stdout"}
{"timestamp":"2025-11-10T08:52:36.235969Z","level":"info","event":"[2016-03-31] 총 2867건 수집","logger":"task.stdout"}
{"timestamp":"2025-11-10T08:52:36.268803Z","level":"info","event":"  전처리 후: 2,841건","logger":"task.stdout"}
{"timestamp":"2025-11-10T08:52:36.308457Z","level":"info","event":"[2016-03] 29~31일 완료: 7,079건","logger":"task.stdout"}
{"timestamp":"2025-11-10T08:52:36.554211Z","level":"info","event":"업로드 완료: s3://yn-project-seoul-bike/rent/2016/temp/month_03_week_5.parquet (7,079건)","logger":"task.stdout"}
{"timestamp":"2025-11-10T08:52:36.556967Z","level":"info","event":"[2016-03] 주간 파일 병합 시작 (총 5주)","logger":"task.stdout"}
{"timestamp":"2025-11-10T08:52:36.827780Z","level":"info","event":"  Week 1: 9,281건 로드","logger":"task.stdout"}
{"timestamp":"2025-11-10T08:52:36.910421Z","level":"info","event":"  Week 2: 7,206건 로드","logger":"task.stdout"}
{"timestamp":"2025-11-10T08:52:37.060725Z","level":"info","event":"  Week 3: 17,134건 로드","logger":"task.stdout"}
{"timestamp":"2025-11-10T08:52:37.145515Z","level":"info","event":"  Week 4: 15,987건 로드","logger":"task.stdout"}
{"timestamp":"2025-11-10T08:52:37.189448Z","level":"info","event":"  Week 5: 7,079건 로드","logger":"task.stdout"}
{"timestamp":"2025-11-10T08:52:37.754527Z","level":"info","event":"업로드 완료: s3://yn-project-seoul-bike/rent/2016/month_03.parquet (56,687건)","logger":"task.stdout"}
{"timestamp":"2025-11-10T08:52:37.755338Z","level":"info","event":"[2016-03] 최종 병합 완료: 56,687건","logger":"task.stdout"}
{"timestamp":"2025-11-10T08:52:37.877842Z","level":"info","event":"","logger":"task.stdout"}
{"timestamp":"2025-11-10T08:52:37.878132Z","level":"info","event":"2016년 3월 처리 완료","logger":"task.stdout"}
{"timestamp":"2025-11-10T08:52:37.878235Z","level":"info","event":"","logger":"task.stdout"}
{"timestamp":"2025-11-10T08:52:37.878611Z","level":"info","event":"Done. Returned value was: None","logger":"airflow.task.operators.airflow.providers.standard.operators.python.PythonOperator","filename":"python.py","lineno":215}
