{"timestamp":"2025-11-10T01:35:57.423947Z","level":"info","event":"DAG bundles loaded: dags-folder","logger":"airflow.dag_processing.bundles.manager.DagBundlesManager","filename":"manager.py","lineno":179}
{"timestamp":"2025-11-10T01:35:57.426153Z","level":"info","event":"Filling up the DagBag from /opt/airflow/dags/seoul_bike_rent_2022.py","logger":"airflow.models.dagbag.DagBag","filename":"dagbag.py","lineno":593}
{"timestamp":"2025-11-10T01:35:57.449942Z","level":"warning","event":"The `airflow.operators.python.PythonOperator` attribute is deprecated. Please use `'airflow.providers.standard.operators.python.PythonOperator'`.","category":"DeprecatedImportWarning","filename":"/opt/airflow/dags/seoul_bike_rent_2022.py","lineno":2,"logger":"py.warnings"}
{"timestamp":"2025-11-10T01:35:57.487286Z","level":"info","event":"Found credentials in environment variables.","logger":"botocore.credentials","filename":"credentials.py","lineno":1224}
{"timestamp":"2025-11-10T01:35:58.495384Z","level":"info","event":"유효한 정거장 3202개 로드","logger":"task.stdout"}
{"timestamp":"2025-11-10T01:36:00.717420Z","level":"info","event":"2022-11-01 00시: 1~1000 완료 (1000개 누적)","logger":"task.stdout"}
{"timestamp":"2025-11-10T01:36:01.938871Z","level":"info","event":"2022-11-01 00시: 1001~2000 완료 (2000개 누적)","logger":"task.stdout"}
{"timestamp":"2025-11-10T01:36:03.213024Z","level":"info","event":"2022-11-01 00시: 2001~2896 완료 (2896개 누적)","logger":"task.stdout"}
{"timestamp":"2025-11-10T01:36:05.713395Z","level":"info","event":"2022-11-01 01시: 1~1000 완료 (3896개 누적)","logger":"task.stdout"}
{"timestamp":"2025-11-10T01:36:06.951167Z","level":"info","event":"2022-11-01 01시: 1001~1927 완료 (4823개 누적)","logger":"task.stdout"}
{"timestamp":"2025-11-10T01:36:09.097558Z","level":"info","event":"2022-11-01 02시: 1~1000 완료 (5823개 누적)","logger":"task.stdout"}
{"timestamp":"2025-11-10T01:36:10.203855Z","level":"info","event":"2022-11-01 02시: 1001~1221 완료 (6044개 누적)","logger":"task.stdout"}
{"timestamp":"2025-11-10T01:36:12.269651Z","level":"info","event":"2022-11-01 03시: 1~758 완료 (6802개 누적)","logger":"task.stdout"}
{"timestamp":"2025-11-10T01:36:14.234417Z","level":"info","event":"2022-11-01 04시: 1~609 완료 (7411개 누적)","logger":"task.stdout"}
{"timestamp":"2025-11-10T01:36:16.518208Z","level":"info","event":"2022-11-01 05시: 1~1000 완료 (8411개 누적)","logger":"task.stdout"}
{"timestamp":"2025-11-10T01:36:17.712245Z","level":"info","event":"2022-11-01 05시: 1001~1511 완료 (8922개 누적)","logger":"task.stdout"}
{"timestamp":"2025-11-10T01:36:19.947652Z","level":"info","event":"2022-11-01 06시: 1~1000 완료 (9922개 누적)","logger":"task.stdout"}
{"timestamp":"2025-11-10T01:36:24.874172Z","level":"info","event":"2022-11-01 06시: 1001~2000 완료 (10922개 누적)","logger":"task.stdout"}
{"timestamp":"2025-11-10T01:36:26.086978Z","level":"info","event":"2022-11-01 06시: 2001~3000 완료 (11922개 누적)","logger":"task.stdout"}
{"timestamp":"2025-11-10T01:36:27.325878Z","level":"info","event":"2022-11-01 06시: 3001~3342 완료 (12264개 누적)","logger":"task.stdout"}
{"timestamp":"2025-11-10T01:36:30.130886Z","level":"info","event":"2022-11-01 07시: 1~1000 완료 (13264개 누적)","logger":"task.stdout"}
{"timestamp":"2025-11-10T01:36:31.606653Z","level":"info","event":"2022-11-01 07시: 1001~2000 완료 (14264개 누적)","logger":"task.stdout"}
{"timestamp":"2025-11-10T01:36:33.155560Z","level":"info","event":"2022-11-01 07시: 2001~3000 완료 (15264개 누적)","logger":"task.stdout"}
{"timestamp":"2025-11-10T01:36:34.568690Z","level":"info","event":"2022-11-01 07시: 3001~4000 완료 (16264개 누적)","logger":"task.stdout"}
{"timestamp":"2025-11-10T01:36:36.074663Z","level":"info","event":"2022-11-01 07시: 4001~5000 완료 (17264개 누적)","logger":"task.stdout"}
{"timestamp":"2025-11-10T01:36:37.516208Z","level":"info","event":"2022-11-01 07시: 5001~6000 완료 (18264개 누적)","logger":"task.stdout"}
{"timestamp":"2025-11-10T01:36:39.112624Z","level":"info","event":"2022-11-01 07시: 6001~7000 완료 (19264개 누적)","logger":"task.stdout"}
{"timestamp":"2025-11-10T01:36:40.726866Z","level":"info","event":"2022-11-01 07시: 7001~8000 완료 (20264개 누적)","logger":"task.stdout"}
{"timestamp":"2025-11-10T01:36:42.380686Z","level":"info","event":"2022-11-01 07시: 8001~9000 완료 (21264개 누적)","logger":"task.stdout"}
{"timestamp":"2025-11-10T01:36:43.900596Z","level":"info","event":"2022-11-01 07시: 9001~10000 완료 (22264개 누적)","logger":"task.stdout"}
{"timestamp":"2025-11-10T01:36:45.205235Z","level":"info","event":"2022-11-01 07시: 10001~10044 완료 (22308개 누적)","logger":"task.stdout"}
{"timestamp":"2025-11-10T01:36:48.817770Z","level":"info","event":"2022-11-01 08시: 1~1000 완료 (23308개 누적)","logger":"task.stdout"}
{"timestamp":"2025-11-10T01:36:50.696386Z","level":"info","event":"2022-11-01 08시: 1001~2000 완료 (24308개 누적)","logger":"task.stdout"}
{"timestamp":"2025-11-10T01:36:52.498093Z","level":"info","event":"2022-11-01 08시: 2001~3000 완료 (25308개 누적)","logger":"task.stdout"}
{"timestamp":"2025-11-10T01:36:54.204174Z","level":"info","event":"2022-11-01 08시: 3001~4000 완료 (26308개 누적)","logger":"task.stdout"}
{"timestamp":"2025-11-10T01:36:55.883199Z","level":"info","event":"2022-11-01 08시: 4001~5000 완료 (27308개 누적)","logger":"task.stdout"}
{"timestamp":"2025-11-10T01:36:57.791068Z","level":"info","event":"2022-11-01 08시: 5001~6000 완료 (28308개 누적)","logger":"task.stdout"}
{"timestamp":"2025-11-10T01:36:59.877627Z","level":"info","event":"2022-11-01 08시: 6001~7000 완료 (29308개 누적)","logger":"task.stdout"}
{"timestamp":"2025-11-10T01:37:01.852341Z","level":"info","event":"2022-11-01 08시: 7001~8000 완료 (30308개 누적)","logger":"task.stdout"}
{"timestamp":"2025-11-10T01:37:03.646608Z","level":"info","event":"2022-11-01 08시: 8001~9000 완료 (31308개 누적)","logger":"task.stdout"}
{"timestamp":"2025-11-10T01:37:19.788763Z","level":"info","event":"2022-11-01 08시: 9001~10000 완료 (32308개 누적)","logger":"task.stdout"}
{"timestamp":"2025-11-10T01:37:21.236451Z","level":"info","event":"2022-11-01 08시: 10001~11000 완료 (33308개 누적)","logger":"task.stdout"}
{"timestamp":"2025-11-10T01:37:23.041735Z","level":"info","event":"2022-11-01 08시: 11001~12000 완료 (34308개 누적)","logger":"task.stdout"}
{"timestamp":"2025-11-10T01:37:24.812835Z","level":"info","event":"2022-11-01 08시: 12001~13000 완료 (35308개 누적)","logger":"task.stdout"}
{"timestamp":"2025-11-10T01:37:26.528892Z","level":"info","event":"2022-11-01 08시: 13001~14000 완료 (36308개 누적)","logger":"task.stdout"}
{"timestamp":"2025-11-10T01:37:28.339731Z","level":"info","event":"2022-11-01 08시: 14001~15000 완료 (37308개 누적)","logger":"task.stdout"}
{"timestamp":"2025-11-10T01:37:30.221215Z","level":"info","event":"2022-11-01 08시: 15001~15912 완료 (38220개 누적)","logger":"task.stdout"}
{"timestamp":"2025-11-10T01:37:32.906514Z","level":"info","event":"2022-11-01 09시: 1~1000 완료 (39220개 누적)","logger":"task.stdout"}
{"timestamp":"2025-11-10T01:37:34.440191Z","level":"info","event":"2022-11-01 09시: 1001~2000 완료 (40220개 누적)","logger":"task.stdout"}
{"timestamp":"2025-11-10T01:37:35.925315Z","level":"info","event":"2022-11-01 09시: 2001~3000 완료 (41220개 누적)","logger":"task.stdout"}
{"timestamp":"2025-11-10T01:37:37.258297Z","level":"info","event":"2022-11-01 09시: 3001~4000 완료 (42220개 누적)","logger":"task.stdout"}
{"timestamp":"2025-11-10T01:37:38.884230Z","level":"info","event":"2022-11-01 09시: 4001~5000 완료 (43220개 누적)","logger":"task.stdout"}
{"timestamp":"2025-11-10T01:37:40.387625Z","level":"info","event":"2022-11-01 09시: 5001~6000 완료 (44220개 누적)","logger":"task.stdout"}
{"timestamp":"2025-11-10T01:37:41.687708Z","level":"info","event":"2022-11-01 09시: 6001~7000 완료 (45220개 누적)","logger":"task.stdout"}
{"timestamp":"2025-11-10T01:37:42.959410Z","level":"info","event":"2022-11-01 09시: 7001~7644 완료 (45864개 누적)","logger":"task.stdout"}
{"timestamp":"2025-11-10T01:37:45.425902Z","level":"info","event":"2022-11-01 10시: 1~1000 완료 (46864개 누적)","logger":"task.stdout"}
{"timestamp":"2025-11-10T01:37:46.983308Z","level":"info","event":"2022-11-01 10시: 1001~2000 완료 (47864개 누적)","logger":"task.stdout"}
{"timestamp":"2025-11-10T01:37:48.566631Z","level":"info","event":"2022-11-01 10시: 2001~3000 완료 (48864개 누적)","logger":"task.stdout"}
{"timestamp":"2025-11-10T01:37:50.029942Z","level":"info","event":"2022-11-01 10시: 3001~4000 완료 (49864개 누적)","logger":"task.stdout"}
{"timestamp":"2025-11-10T01:37:51.501407Z","level":"info","event":"2022-11-01 10시: 4001~5000 완료 (50864개 누적)","logger":"task.stdout"}
{"timestamp":"2025-11-10T01:37:52.652600Z","level":"info","event":"2022-11-01 10시: 5001~5078 완료 (50942개 누적)","logger":"task.stdout"}
{"timestamp":"2025-11-10T01:37:57.718531Z","level":"info","event":"2022-11-01 11시: 1~1000 완료 (51942개 누적)","logger":"task.stdout"}
{"timestamp":"2025-11-10T01:38:07.987731Z","level":"info","event":"2022-11-01 11시: 1001~2000 완료 (52942개 누적)","logger":"task.stdout"}
{"timestamp":"2025-11-10T01:38:09.372743Z","level":"info","event":"2022-11-01 11시: 2001~3000 완료 (53942개 누적)","logger":"task.stdout"}
{"timestamp":"2025-11-10T01:38:10.755638Z","level":"info","event":"2022-11-01 11시: 3001~4000 완료 (54942개 누적)","logger":"task.stdout"}
{"timestamp":"2025-11-10T01:38:12.085140Z","level":"info","event":"2022-11-01 11시: 4001~5000 완료 (55942개 누적)","logger":"task.stdout"}
{"timestamp":"2025-11-10T01:38:13.427677Z","level":"info","event":"2022-11-01 11시: 5001~5992 완료 (56934개 누적)","logger":"task.stdout"}
{"timestamp":"2025-11-10T01:38:16.105141Z","level":"info","event":"2022-11-01 12시: 1~1000 완료 (57934개 누적)","logger":"task.stdout"}
{"timestamp":"2025-11-10T01:38:17.517300Z","level":"info","event":"2022-11-01 12시: 1001~2000 완료 (58934개 누적)","logger":"task.stdout"}
{"timestamp":"2025-11-10T01:38:18.858993Z","level":"info","event":"2022-11-01 12시: 2001~3000 완료 (59934개 누적)","logger":"task.stdout"}
{"timestamp":"2025-11-10T01:38:20.223381Z","level":"info","event":"2022-11-01 12시: 3001~4000 완료 (60934개 누적)","logger":"task.stdout"}
{"timestamp":"2025-11-10T01:38:21.688533Z","level":"info","event":"2022-11-01 12시: 4001~5000 완료 (61934개 누적)","logger":"task.stdout"}
{"timestamp":"2025-11-10T01:38:23.130740Z","level":"info","event":"2022-11-01 12시: 5001~6000 완료 (62934개 누적)","logger":"task.stdout"}
{"timestamp":"2025-11-10T01:38:24.474687Z","level":"info","event":"2022-11-01 12시: 6001~6634 완료 (63568개 누적)","logger":"task.stdout"}
{"timestamp":"2025-11-10T01:38:26.986826Z","level":"info","event":"2022-11-01 13시: 1~1000 완료 (64568개 누적)","logger":"task.stdout"}
{"timestamp":"2025-11-10T01:38:28.348839Z","level":"info","event":"2022-11-01 13시: 1001~2000 완료 (65568개 누적)","logger":"task.stdout"}
{"timestamp":"2025-11-10T01:38:29.810347Z","level":"info","event":"2022-11-01 13시: 2001~3000 완료 (66568개 누적)","logger":"task.stdout"}
{"timestamp":"2025-11-10T01:38:31.237090Z","level":"info","event":"2022-11-01 13시: 3001~4000 완료 (67568개 누적)","logger":"task.stdout"}
{"timestamp":"2025-11-10T01:38:32.584004Z","level":"info","event":"2022-11-01 13시: 4001~5000 완료 (68568개 누적)","logger":"task.stdout"}
{"timestamp":"2025-11-10T01:38:34.110548Z","level":"info","event":"2022-11-01 13시: 5001~6000 완료 (69568개 누적)","logger":"task.stdout"}
{"timestamp":"2025-11-10T01:38:35.480957Z","level":"info","event":"2022-11-01 13시: 6001~6332 완료 (69900개 누적)","logger":"task.stdout"}
{"timestamp":"2025-11-10T01:38:38.294677Z","level":"info","event":"2022-11-01 14시: 1~1000 완료 (70900개 누적)","logger":"task.stdout"}
{"timestamp":"2025-11-10T01:38:39.691429Z","level":"info","event":"2022-11-01 14시: 1001~2000 완료 (71900개 누적)","logger":"task.stdout"}
{"timestamp":"2025-11-10T01:38:41.286912Z","level":"info","event":"2022-11-01 14시: 2001~3000 완료 (72900개 누적)","logger":"task.stdout"}
{"timestamp":"2025-11-10T01:38:48.764146Z","level":"info","event":"2022-11-01 14시: 4001~5000 완료 (73900개 누적)","logger":"task.stdout"}
{"timestamp":"2025-11-10T01:38:50.134037Z","level":"info","event":"2022-11-01 14시: 5001~6000 완료 (74900개 누적)","logger":"task.stdout"}
{"timestamp":"2025-11-10T01:38:51.540993Z","level":"info","event":"2022-11-01 14시: 6001~6478 완료 (75378개 누적)","logger":"task.stdout"}
{"timestamp":"2025-11-10T01:38:54.144106Z","level":"info","event":"2022-11-01 15시: 1~1000 완료 (76378개 누적)","logger":"task.stdout"}
{"timestamp":"2025-11-10T01:38:55.685972Z","level":"info","event":"2022-11-01 15시: 1001~2000 완료 (77378개 누적)","logger":"task.stdout"}
{"timestamp":"2025-11-10T01:38:57.078348Z","level":"info","event":"2022-11-01 15시: 2001~3000 완료 (78378개 누적)","logger":"task.stdout"}
{"timestamp":"2025-11-10T01:38:58.562854Z","level":"info","event":"2022-11-01 15시: 3001~4000 완료 (79378개 누적)","logger":"task.stdout"}
{"timestamp":"2025-11-10T01:39:00.076532Z","level":"info","event":"2022-11-01 15시: 4001~5000 완료 (80378개 누적)","logger":"task.stdout"}
{"timestamp":"2025-11-10T01:39:01.505253Z","level":"info","event":"2022-11-01 15시: 5001~6000 완료 (81378개 누적)","logger":"task.stdout"}
{"timestamp":"2025-11-10T01:39:02.916800Z","level":"info","event":"2022-11-01 15시: 6001~7000 완료 (82378개 누적)","logger":"task.stdout"}
{"timestamp":"2025-11-10T01:39:04.352592Z","level":"info","event":"2022-11-01 15시: 7001~7304 완료 (82682개 누적)","logger":"task.stdout"}
{"timestamp":"2025-11-10T01:39:07.314128Z","level":"info","event":"2022-11-01 16시: 1~1000 완료 (83682개 누적)","logger":"task.stdout"}
{"timestamp":"2025-11-10T01:39:08.943326Z","level":"info","event":"2022-11-01 16시: 1001~2000 완료 (84682개 누적)","logger":"task.stdout"}
{"timestamp":"2025-11-10T01:39:10.379705Z","level":"info","event":"2022-11-01 16시: 2001~3000 완료 (85682개 누적)","logger":"task.stdout"}
{"timestamp":"2025-11-10T01:39:11.910277Z","level":"info","event":"2022-11-01 16시: 3001~4000 완료 (86682개 누적)","logger":"task.stdout"}
{"timestamp":"2025-11-10T01:39:13.537622Z","level":"info","event":"2022-11-01 16시: 4001~5000 완료 (87682개 누적)","logger":"task.stdout"}
{"timestamp":"2025-11-10T01:39:15.047285Z","level":"info","event":"2022-11-01 16시: 5001~6000 완료 (88682개 누적)","logger":"task.stdout"}
{"timestamp":"2025-11-10T01:39:16.582358Z","level":"info","event":"2022-11-01 16시: 6001~7000 완료 (89682개 누적)","logger":"task.stdout"}
{"timestamp":"2025-11-10T01:39:18.223709Z","level":"info","event":"2022-11-01 16시: 7001~8000 완료 (90682개 누적)","logger":"task.stdout"}
{"timestamp":"2025-11-10T01:39:29.492937Z","level":"info","event":"2022-11-01 16시: 8001~9000 완료 (91682개 누적)","logger":"task.stdout"}
{"timestamp":"2025-11-10T01:39:30.592856Z","level":"info","event":"2022-11-01 16시: 9001~10000 완료 (92682개 누적)","logger":"task.stdout"}
{"timestamp":"2025-11-10T01:39:31.977888Z","level":"info","event":"2022-11-01 16시: 10001~10321 완료 (93003개 누적)","logger":"task.stdout"}
{"timestamp":"2025-11-10T01:39:35.197393Z","level":"info","event":"2022-11-01 17시: 1~1000 완료 (94003개 누적)","logger":"task.stdout"}
{"timestamp":"2025-11-10T01:39:36.874227Z","level":"info","event":"2022-11-01 17시: 1001~2000 완료 (95003개 누적)","logger":"task.stdout"}
{"timestamp":"2025-11-10T01:39:38.564350Z","level":"info","event":"2022-11-01 17시: 2001~3000 완료 (96003개 누적)","logger":"task.stdout"}
{"timestamp":"2025-11-10T01:39:40.283443Z","level":"info","event":"2022-11-01 17시: 3001~4000 완료 (97003개 누적)","logger":"task.stdout"}
{"timestamp":"2025-11-10T01:39:41.960346Z","level":"info","event":"2022-11-01 17시: 4001~5000 완료 (98003개 누적)","logger":"task.stdout"}
{"timestamp":"2025-11-10T01:39:43.795573Z","level":"info","event":"2022-11-01 17시: 5001~6000 완료 (99003개 누적)","logger":"task.stdout"}
{"timestamp":"2025-11-10T01:39:45.431719Z","level":"info","event":"2022-11-01 17시: 6001~7000 완료 (100003개 누적)","logger":"task.stdout"}
{"timestamp":"2025-11-10T01:39:47.074568Z","level":"info","event":"2022-11-01 17시: 7001~8000 완료 (101003개 누적)","logger":"task.stdout"}
{"timestamp":"2025-11-10T01:39:48.820374Z","level":"info","event":"2022-11-01 17시: 8001~9000 완료 (102003개 누적)","logger":"task.stdout"}
{"timestamp":"2025-11-10T01:39:50.735914Z","level":"info","event":"2022-11-01 17시: 9001~10000 완료 (103003개 누적)","logger":"task.stdout"}
{"timestamp":"2025-11-10T01:39:52.586031Z","level":"info","event":"2022-11-01 17시: 10001~11000 완료 (104003개 누적)","logger":"task.stdout"}
{"timestamp":"2025-11-10T01:39:54.714170Z","level":"info","event":"2022-11-01 17시: 11001~12000 완료 (105003개 누적)","logger":"task.stdout"}
{"timestamp":"2025-11-10T01:40:16.723461Z","level":"info","event":"2022-11-01 17시: 요청 실패 - HTTPConnectionPool(host='openapi.seoul.go.kr', port=8088): Max retries exceeded with url: /574d4268426539373930666f4b654e/json/tbCycleRentData/12001/13000/2022-11-01/17 (Caused by NameResolutionError(\"<urllib3.connection.HTTPConnection object at 0xffff85b4bdd0>: Failed to resolve 'openapi.seoul.go.kr' ([Errno -3] Temporary failure in name resolution)\"))","logger":"task.stdout"}
{"timestamp":"2025-11-10T01:40:19.316300Z","level":"info","event":"2022-11-01 18시: 1~1000 완료 (106003개 누적)","logger":"task.stdout"}
{"timestamp":"2025-11-10T01:40:21.130253Z","level":"info","event":"2022-11-01 18시: 1001~2000 완료 (107003개 누적)","logger":"task.stdout"}
{"timestamp":"2025-11-10T01:40:29.038305Z","level":"info","event":"2022-11-01 18시: 2001~3000 완료 (108003개 누적)","logger":"task.stdout"}
{"timestamp":"2025-11-10T01:40:30.296506Z","level":"info","event":"2022-11-01 18시: 3001~4000 완료 (109003개 누적)","logger":"task.stdout"}
{"timestamp":"2025-11-10T01:40:32.197055Z","level":"info","event":"2022-11-01 18시: 4001~5000 완료 (110003개 누적)","logger":"task.stdout"}
{"timestamp":"2025-11-10T01:40:34.122711Z","level":"info","event":"2022-11-01 18시: 5001~6000 완료 (111003개 누적)","logger":"task.stdout"}
{"timestamp":"2025-11-10T01:40:36.076451Z","level":"info","event":"2022-11-01 18시: 6001~7000 완료 (112003개 누적)","logger":"task.stdout"}
