{"timestamp":"2025-11-10T01:21:20.432634Z","level":"info","event":"DAG bundles loaded: dags-folder","logger":"airflow.dag_processing.bundles.manager.DagBundlesManager","filename":"manager.py","lineno":179}
{"timestamp":"2025-11-10T01:21:20.433230Z","level":"info","event":"Filling up the DagBag from /opt/airflow/dags/seoul_bike_rent_2022.py","logger":"airflow.models.dagbag.DagBag","filename":"dagbag.py","lineno":593}
{"timestamp":"2025-11-10T01:21:20.465721Z","level":"warning","event":"The `airflow.operators.python.PythonOperator` attribute is deprecated. Please use `'airflow.providers.standard.operators.python.PythonOperator'`.","category":"DeprecatedImportWarning","filename":"/opt/airflow/dags/seoul_bike_rent_2022.py","lineno":2,"logger":"py.warnings"}
{"timestamp":"2025-11-10T01:21:20.570262Z","level":"info","event":"Found credentials in environment variables.","logger":"botocore.credentials","filename":"credentials.py","lineno":1224}
{"timestamp":"2025-11-10T01:21:21.325328Z","level":"info","event":"유효한 정거장 3202개 로드","logger":"task.stdout"}
{"timestamp":"2025-11-10T01:21:27.772974Z","level":"info","event":"2022-06-01 00시: 1~1000 완료 (1000개 누적)","logger":"task.stdout"}
{"timestamp":"2025-11-10T01:21:29.137730Z","level":"info","event":"2022-06-01 00시: 1001~2000 완료 (2000개 누적)","logger":"task.stdout"}
{"timestamp":"2025-11-10T01:21:30.572238Z","level":"info","event":"2022-06-01 00시: 2001~3000 완료 (3000개 누적)","logger":"task.stdout"}
{"timestamp":"2025-11-10T01:21:31.967415Z","level":"info","event":"2022-06-01 00시: 3001~4000 완료 (4000개 누적)","logger":"task.stdout"}
{"timestamp":"2025-11-10T01:21:33.253375Z","level":"info","event":"2022-06-01 00시: 4001~5000 완료 (5000개 누적)","logger":"task.stdout"}
{"timestamp":"2025-11-10T01:21:34.629397Z","level":"info","event":"2022-06-01 00시: 5001~6000 완료 (6000개 누적)","logger":"task.stdout"}
{"timestamp":"2025-11-10T01:21:35.926769Z","level":"info","event":"2022-06-01 00시: 6001~6404 완료 (6404개 누적)","logger":"task.stdout"}
{"timestamp":"2025-11-10T01:21:38.745270Z","level":"info","event":"2022-06-01 01시: 1~1000 완료 (7404개 누적)","logger":"task.stdout"}
{"timestamp":"2025-11-10T01:21:40.122660Z","level":"info","event":"2022-06-01 01시: 1001~2000 완료 (8404개 누적)","logger":"task.stdout"}
{"timestamp":"2025-11-10T01:21:41.438388Z","level":"info","event":"2022-06-01 01시: 2001~3000 완료 (9404개 누적)","logger":"task.stdout"}
{"timestamp":"2025-11-10T01:21:42.754811Z","level":"info","event":"2022-06-01 01시: 3001~4000 완료 (10404개 누적)","logger":"task.stdout"}
{"timestamp":"2025-11-10T01:21:44.035779Z","level":"info","event":"2022-06-01 01시: 4001~4929 완료 (11333개 누적)","logger":"task.stdout"}
{"timestamp":"2025-11-10T01:21:46.410746Z","level":"info","event":"2022-06-01 02시: 1~1000 완료 (12333개 누적)","logger":"task.stdout"}
{"timestamp":"2025-11-10T01:21:47.765666Z","level":"info","event":"2022-06-01 02시: 1001~2000 완료 (13333개 누적)","logger":"task.stdout"}
{"timestamp":"2025-11-10T01:21:48.973820Z","level":"info","event":"2022-06-01 02시: 2001~3000 완료 (14333개 누적)","logger":"task.stdout"}
{"timestamp":"2025-11-10T01:21:50.160169Z","level":"info","event":"2022-06-01 02시: 3001~3216 완료 (14549개 누적)","logger":"task.stdout"}
{"timestamp":"2025-11-10T01:21:52.492688Z","level":"info","event":"2022-06-01 03시: 1~1000 완료 (15549개 누적)","logger":"task.stdout"}
{"timestamp":"2025-11-10T01:21:53.732326Z","level":"info","event":"2022-06-01 03시: 1001~2000 완료 (16549개 누적)","logger":"task.stdout"}
{"timestamp":"2025-11-10T01:21:54.846493Z","level":"info","event":"2022-06-01 03시: 2001~2124 완료 (16673개 누적)","logger":"task.stdout"}
{"timestamp":"2025-11-10T01:21:57.108359Z","level":"info","event":"2022-06-01 04시: 1~1000 완료 (17673개 누적)","logger":"task.stdout"}
{"timestamp":"2025-11-10T01:21:58.491550Z","level":"info","event":"2022-06-01 04시: 1001~2000 완료 (18673개 누적)","logger":"task.stdout"}
{"timestamp":"2025-11-10T01:21:59.656522Z","level":"info","event":"2022-06-01 04시: 2001~2021 완료 (18694개 누적)","logger":"task.stdout"}
{"timestamp":"2025-11-10T01:22:02.032648Z","level":"info","event":"2022-06-01 05시: 1~1000 완료 (19694개 누적)","logger":"task.stdout"}
{"timestamp":"2025-11-10T01:22:03.212207Z","level":"info","event":"2022-06-01 05시: 1001~1568 완료 (20262개 누적)","logger":"task.stdout"}
{"timestamp":"2025-11-10T01:22:05.422848Z","level":"info","event":"2022-06-01 06시: 1~1000 완료 (21262개 누적)","logger":"task.stdout"}
{"timestamp":"2025-11-10T01:22:06.648698Z","level":"info","event":"2022-06-01 06시: 1001~1884 완료 (22146개 누적)","logger":"task.stdout"}
{"timestamp":"2025-11-10T01:22:09.003201Z","level":"info","event":"2022-06-01 07시: 1~1000 완료 (23146개 누적)","logger":"task.stdout"}
{"timestamp":"2025-11-10T01:22:10.285569Z","level":"info","event":"2022-06-01 07시: 1001~2000 완료 (24146개 누적)","logger":"task.stdout"}
{"timestamp":"2025-11-10T01:22:11.572467Z","level":"info","event":"2022-06-01 07시: 2001~2973 완료 (25119개 누적)","logger":"task.stdout"}
{"timestamp":"2025-11-10T01:22:12.960081Z","level":"error","event":"Task failed with exception","logger":"task","filename":"task_runner.py","lineno":999,"error_detail":[{"exc_type":"JSONDecodeError","exc_value":"Expecting value: line 1 column 1 (char 0)","exc_notes":[],"syntax_error":null,"is_cause":false,"frames":[{"filename":"/home/airflow/.local/lib/python3.12/site-packages/airflow/sdk/execution_time/task_runner.py","lineno":925,"name":"run"},{"filename":"/home/airflow/.local/lib/python3.12/site-packages/airflow/sdk/execution_time/task_runner.py","lineno":1312,"name":"_execute_task"},{"filename":"/home/airflow/.local/lib/python3.12/site-packages/airflow/sdk/bases/operator.py","lineno":416,"name":"wrapper"},{"filename":"/home/airflow/.local/lib/python3.12/site-packages/airflow/providers/standard/operators/python.py","lineno":213,"name":"execute"},{"filename":"/home/airflow/.local/lib/python3.12/site-packages/airflow/providers/standard/operators/python.py","lineno":236,"name":"execute_callable"},{"filename":"/home/airflow/.local/lib/python3.12/site-packages/airflow/sdk/execution_time/callback_runner.py","lineno":82,"name":"run"},{"filename":"/opt/airflow/dags/seoul_bike_rent_2022.py","lineno":37,"name":"collect_month"},{"filename":"/opt/airflow/plugins/rent_history_utils.py","lineno":51,"name":"get_rent_history_by_month"},{"filename":"/home/airflow/.local/lib/python3.12/site-packages/requests/models.py","lineno":980,"name":"json"}],"is_group":false,"exceptions":[]},{"exc_type":"JSONDecodeError","exc_value":"Expecting value: line 1 column 1 (char 0)","exc_notes":[],"syntax_error":null,"is_cause":false,"frames":[{"filename":"/home/airflow/.local/lib/python3.12/site-packages/requests/models.py","lineno":976,"name":"json"},{"filename":"/usr/python/lib/python3.12/json/__init__.py","lineno":346,"name":"loads"},{"filename":"/usr/python/lib/python3.12/json/decoder.py","lineno":338,"name":"decode"},{"filename":"/usr/python/lib/python3.12/json/decoder.py","lineno":356,"name":"raw_decode"}],"is_group":false,"exceptions":[]}]}
