{"timestamp":"2025-11-10T01:31:22.617991Z","level":"info","event":"DAG bundles loaded: dags-folder","logger":"airflow.dag_processing.bundles.manager.DagBundlesManager","filename":"manager.py","lineno":179}
{"timestamp":"2025-11-10T01:31:22.618735Z","level":"info","event":"Filling up the DagBag from /opt/airflow/dags/seoul_bike_rent_2022.py","logger":"airflow.models.dagbag.DagBag","filename":"dagbag.py","lineno":593}
{"timestamp":"2025-11-10T01:31:22.647066Z","level":"warning","event":"The `airflow.operators.python.PythonOperator` attribute is deprecated. Please use `'airflow.providers.standard.operators.python.PythonOperator'`.","category":"DeprecatedImportWarning","filename":"/opt/airflow/dags/seoul_bike_rent_2022.py","lineno":2,"logger":"py.warnings"}
{"timestamp":"2025-11-10T01:31:22.779704Z","level":"info","event":"Found credentials in environment variables.","logger":"botocore.credentials","filename":"credentials.py","lineno":1224}
{"timestamp":"2025-11-10T01:31:25.118390Z","level":"info","event":"유효한 정거장 3202개 로드","logger":"task.stdout"}
{"timestamp":"2025-11-10T01:31:27.948301Z","level":"info","event":"2022-06-01 00시: 1~1000 완료 (1000개 누적)","logger":"task.stdout"}
{"timestamp":"2025-11-10T01:31:29.472565Z","level":"info","event":"2022-06-01 00시: 1001~2000 완료 (2000개 누적)","logger":"task.stdout"}
{"timestamp":"2025-11-10T01:31:31.114416Z","level":"info","event":"2022-06-01 00시: 2001~3000 완료 (3000개 누적)","logger":"task.stdout"}
{"timestamp":"2025-11-10T01:31:32.606295Z","level":"info","event":"2022-06-01 00시: 3001~4000 완료 (4000개 누적)","logger":"task.stdout"}
{"timestamp":"2025-11-10T01:31:34.103178Z","level":"info","event":"2022-06-01 00시: 4001~5000 완료 (5000개 누적)","logger":"task.stdout"}
{"timestamp":"2025-11-10T01:31:35.517084Z","level":"info","event":"2022-06-01 00시: 5001~6000 완료 (6000개 누적)","logger":"task.stdout"}
{"timestamp":"2025-11-10T01:31:37.066499Z","level":"info","event":"2022-06-01 00시: 6001~6404 완료 (6404개 누적)","logger":"task.stdout"}
{"timestamp":"2025-11-10T01:31:37.401811Z","level":"info","event":"2022-06-01 01시: 응답 없음","logger":"task.stdout"}
{"timestamp":"2025-11-10T01:31:39.889778Z","level":"info","event":"2022-06-01 02시: 1~1000 완료 (7404개 누적)","logger":"task.stdout"}
{"timestamp":"2025-11-10T01:31:41.133994Z","level":"info","event":"2022-06-01 02시: 1001~2000 완료 (8404개 누적)","logger":"task.stdout"}
{"timestamp":"2025-11-10T01:31:42.632695Z","level":"info","event":"2022-06-01 02시: 2001~3000 완료 (9404개 누적)","logger":"task.stdout"}
{"timestamp":"2025-11-10T01:31:43.847674Z","level":"info","event":"2022-06-01 02시: 3001~3216 완료 (9620개 누적)","logger":"task.stdout"}
{"timestamp":"2025-11-10T01:31:46.109374Z","level":"info","event":"2022-06-01 03시: 1~1000 완료 (10620개 누적)","logger":"task.stdout"}
{"timestamp":"2025-11-10T01:31:47.275047Z","level":"info","event":"2022-06-01 03시: 1001~2000 완료 (11620개 누적)","logger":"task.stdout"}
{"timestamp":"2025-11-10T01:31:48.550851Z","level":"info","event":"2022-06-01 03시: 2001~2124 완료 (11744개 누적)","logger":"task.stdout"}
{"timestamp":"2025-11-10T01:31:51.225373Z","level":"info","event":"2022-06-01 04시: 1~1000 완료 (12744개 누적)","logger":"task.stdout"}
{"timestamp":"2025-11-10T01:31:52.555446Z","level":"info","event":"2022-06-01 04시: 1001~2000 완료 (13744개 누적)","logger":"task.stdout"}
{"timestamp":"2025-11-10T01:31:53.829963Z","level":"info","event":"2022-06-01 04시: 2001~2021 완료 (13765개 누적)","logger":"task.stdout"}
{"timestamp":"2025-11-10T01:31:56.215098Z","level":"info","event":"2022-06-01 05시: 1~1000 완료 (14765개 누적)","logger":"task.stdout"}
{"timestamp":"2025-11-10T01:31:57.408072Z","level":"info","event":"2022-06-01 05시: 1001~1568 완료 (15333개 누적)","logger":"task.stdout"}
{"timestamp":"2025-11-10T01:31:59.643546Z","level":"info","event":"2022-06-01 06시: 1~1000 완료 (16333개 누적)","logger":"task.stdout"}
{"timestamp":"2025-11-10T01:32:00.984295Z","level":"info","event":"2022-06-01 06시: 1001~1884 완료 (17217개 누적)","logger":"task.stdout"}
{"timestamp":"2025-11-10T01:32:03.345673Z","level":"info","event":"2022-06-01 07시: 1~1000 완료 (18217개 누적)","logger":"task.stdout"}
{"timestamp":"2025-11-10T01:32:04.711736Z","level":"info","event":"2022-06-01 07시: 1001~2000 완료 (19217개 누적)","logger":"task.stdout"}
{"timestamp":"2025-11-10T01:32:05.980066Z","level":"info","event":"2022-06-01 07시: 2001~2973 완료 (20190개 누적)","logger":"task.stdout"}
{"timestamp":"2025-11-10T01:32:08.271059Z","level":"info","event":"2022-06-01 08시: 1~1000 완료 (21190개 누적)","logger":"task.stdout"}
{"timestamp":"2025-11-10T01:32:09.798196Z","level":"info","event":"2022-06-01 08시: 1001~2000 완료 (22190개 누적)","logger":"task.stdout"}
{"timestamp":"2025-11-10T01:32:11.362470Z","level":"info","event":"2022-06-01 08시: 2001~3000 완료 (23190개 누적)","logger":"task.stdout"}
{"timestamp":"2025-11-10T01:32:21.282275Z","level":"info","event":"2022-06-01 08시: 4001~4440 완료 (23630개 누적)","logger":"task.stdout"}
{"timestamp":"2025-11-10T01:32:23.812464Z","level":"info","event":"2022-06-01 09시: 1~1000 완료 (24630개 누적)","logger":"task.stdout"}
{"timestamp":"2025-11-10T01:32:25.296949Z","level":"info","event":"2022-06-01 09시: 1001~2000 완료 (25630개 누적)","logger":"task.stdout"}
{"timestamp":"2025-11-10T01:32:27.196276Z","level":"info","event":"2022-06-01 09시: 2001~3000 완료 (26630개 누적)","logger":"task.stdout"}
{"timestamp":"2025-11-10T01:32:28.790759Z","level":"info","event":"2022-06-01 09시: 4001~5000 완료 (27630개 누적)","logger":"task.stdout"}
{"timestamp":"2025-11-10T01:32:30.133609Z","level":"info","event":"2022-06-01 09시: 5001~5525 완료 (28155개 누적)","logger":"task.stdout"}
{"timestamp":"2025-11-10T01:32:32.890785Z","level":"info","event":"2022-06-01 10시: 1~1000 완료 (29155개 누적)","logger":"task.stdout"}
{"timestamp":"2025-11-10T01:32:34.316759Z","level":"info","event":"2022-06-01 10시: 1001~2000 완료 (30155개 누적)","logger":"task.stdout"}
{"timestamp":"2025-11-10T01:32:35.687101Z","level":"info","event":"2022-06-01 10시: 2001~3000 완료 (31155개 누적)","logger":"task.stdout"}
{"timestamp":"2025-11-10T01:32:37.082714Z","level":"info","event":"2022-06-01 10시: 3001~4000 완료 (32155개 누적)","logger":"task.stdout"}
{"timestamp":"2025-11-10T01:32:38.760735Z","level":"info","event":"2022-06-01 10시: 4001~5000 완료 (33155개 누적)","logger":"task.stdout"}
{"timestamp":"2025-11-10T01:32:40.333000Z","level":"info","event":"2022-06-01 10시: 5001~6000 완료 (34155개 누적)","logger":"task.stdout"}
{"timestamp":"2025-11-10T01:32:41.646390Z","level":"info","event":"2022-06-01 10시: 6001~6618 완료 (34773개 누적)","logger":"task.stdout"}
{"timestamp":"2025-11-10T01:32:44.391394Z","level":"info","event":"2022-06-01 11시: 1~1000 완료 (35773개 누적)","logger":"task.stdout"}
{"timestamp":"2025-11-10T01:32:45.906224Z","level":"info","event":"2022-06-01 11시: 1001~2000 완료 (36773개 누적)","logger":"task.stdout"}
{"timestamp":"2025-11-10T01:32:47.270659Z","level":"info","event":"2022-06-01 11시: 2001~3000 완료 (37773개 누적)","logger":"task.stdout"}
{"timestamp":"2025-11-10T01:32:48.813422Z","level":"info","event":"2022-06-01 11시: 3001~4000 완료 (38773개 누적)","logger":"task.stdout"}
{"timestamp":"2025-11-10T01:32:50.501152Z","level":"info","event":"2022-06-01 11시: 4001~5000 완료 (39773개 누적)","logger":"task.stdout"}
{"timestamp":"2025-11-10T01:32:52.115404Z","level":"info","event":"2022-06-01 11시: 5001~6000 완료 (40773개 누적)","logger":"task.stdout"}
{"timestamp":"2025-11-10T01:32:59.730735Z","level":"info","event":"2022-06-01 11시: 6001~7000 완료 (41773개 누적)","logger":"task.stdout"}
{"timestamp":"2025-11-10T01:33:01.016992Z","level":"info","event":"2022-06-01 11시: 7001~7579 완료 (42352개 누적)","logger":"task.stdout"}
{"timestamp":"2025-11-10T01:33:03.806861Z","level":"info","event":"2022-06-01 12시: 1~1000 완료 (43352개 누적)","logger":"task.stdout"}
{"timestamp":"2025-11-10T01:33:05.519975Z","level":"info","event":"2022-06-01 12시: 1001~2000 완료 (44352개 누적)","logger":"task.stdout"}
{"timestamp":"2025-11-10T01:33:07.218667Z","level":"info","event":"2022-06-01 12시: 2001~3000 완료 (45352개 누적)","logger":"task.stdout"}
{"timestamp":"2025-11-10T01:33:09.118485Z","level":"info","event":"2022-06-01 12시: 3001~4000 완료 (46352개 누적)","logger":"task.stdout"}
{"timestamp":"2025-11-10T01:33:10.612059Z","level":"info","event":"2022-06-01 12시: 4001~5000 완료 (47352개 누적)","logger":"task.stdout"}
{"timestamp":"2025-11-10T01:33:12.222326Z","level":"info","event":"2022-06-01 12시: 5001~6000 완료 (48352개 누적)","logger":"task.stdout"}
{"timestamp":"2025-11-10T01:33:13.830853Z","level":"info","event":"2022-06-01 12시: 6001~7000 완료 (49352개 누적)","logger":"task.stdout"}
{"timestamp":"2025-11-10T01:33:15.405229Z","level":"info","event":"2022-06-01 12시: 7001~8000 완료 (50352개 누적)","logger":"task.stdout"}
{"timestamp":"2025-11-10T01:33:16.840633Z","level":"info","event":"2022-06-01 12시: 8001~8758 완료 (51110개 누적)","logger":"task.stdout"}
{"timestamp":"2025-11-10T01:33:19.613250Z","level":"info","event":"2022-06-01 13시: 1~1000 완료 (52110개 누적)","logger":"task.stdout"}
{"timestamp":"2025-11-10T01:33:21.319204Z","level":"info","event":"2022-06-01 13시: 1001~2000 완료 (53110개 누적)","logger":"task.stdout"}
{"timestamp":"2025-11-10T01:33:22.890728Z","level":"info","event":"2022-06-01 13시: 2001~3000 완료 (54110개 누적)","logger":"task.stdout"}
{"timestamp":"2025-11-10T01:33:24.432065Z","level":"info","event":"2022-06-01 13시: 3001~4000 완료 (55110개 누적)","logger":"task.stdout"}
{"timestamp":"2025-11-10T01:33:26.199321Z","level":"info","event":"2022-06-01 13시: 4001~5000 완료 (56110개 누적)","logger":"task.stdout"}
{"timestamp":"2025-11-10T01:33:27.636947Z","level":"info","event":"2022-06-01 13시: 5001~6000 완료 (57110개 누적)","logger":"task.stdout"}
{"timestamp":"2025-11-10T01:33:29.124733Z","level":"info","event":"2022-06-01 13시: 6001~7000 완료 (58110개 누적)","logger":"task.stdout"}
{"timestamp":"2025-11-10T01:33:30.826625Z","level":"info","event":"2022-06-01 13시: 7001~8000 완료 (59110개 누적)","logger":"task.stdout"}
{"timestamp":"2025-11-10T01:33:32.394735Z","level":"info","event":"2022-06-01 13시: 8001~9000 완료 (60110개 누적)","logger":"task.stdout"}
{"timestamp":"2025-11-10T01:33:37.805993Z","level":"info","event":"2022-06-01 13시: 9001~9582 완료 (60692개 누적)","logger":"task.stdout"}
{"timestamp":"2025-11-10T01:33:40.846196Z","level":"info","event":"2022-06-01 14시: 1~1000 완료 (61692개 누적)","logger":"task.stdout"}
{"timestamp":"2025-11-10T01:34:02.574680Z","level":"info","event":"2022-06-01 14시: 1001~2000 완료 (62692개 누적)","logger":"task.stdout"}
{"timestamp":"2025-11-10T01:34:04.928784Z","level":"info","event":"2022-06-01 14시: 2001~3000 완료 (63692개 누적)","logger":"task.stdout"}
{"timestamp":"2025-11-10T01:34:06.522239Z","level":"info","event":"2022-06-01 14시: 3001~4000 완료 (64692개 누적)","logger":"task.stdout"}
{"timestamp":"2025-11-10T01:34:08.065339Z","level":"info","event":"2022-06-01 14시: 4001~5000 완료 (65692개 누적)","logger":"task.stdout"}
{"timestamp":"2025-11-10T01:34:09.607747Z","level":"info","event":"2022-06-01 14시: 5001~6000 완료 (66692개 누적)","logger":"task.stdout"}
{"timestamp":"2025-11-10T01:34:11.399739Z","level":"info","event":"2022-06-01 14시: 6001~7000 완료 (67692개 누적)","logger":"task.stdout"}
{"timestamp":"2025-11-10T01:34:13.007986Z","level":"info","event":"2022-06-01 14시: 7001~8000 완료 (68692개 누적)","logger":"task.stdout"}
{"timestamp":"2025-11-10T01:34:14.606080Z","level":"info","event":"2022-06-01 14시: 8001~9000 완료 (69692개 누적)","logger":"task.stdout"}
{"timestamp":"2025-11-10T01:34:16.111948Z","level":"info","event":"2022-06-01 14시: 9001~9986 완료 (70678개 누적)","logger":"task.stdout"}
{"timestamp":"2025-11-10T01:34:19.406248Z","level":"info","event":"2022-06-01 15시: 1~1000 완료 (71678개 누적)","logger":"task.stdout"}
{"timestamp":"2025-11-10T01:34:21.266689Z","level":"info","event":"2022-06-01 15시: 1001~2000 완료 (72678개 누적)","logger":"task.stdout"}
{"timestamp":"2025-11-10T01:34:23.102942Z","level":"info","event":"2022-06-01 15시: 2001~3000 완료 (73678개 누적)","logger":"task.stdout"}
{"timestamp":"2025-11-10T01:34:24.907377Z","level":"info","event":"2022-06-01 15시: 3001~4000 완료 (74678개 누적)","logger":"task.stdout"}
{"timestamp":"2025-11-10T01:34:26.491010Z","level":"info","event":"2022-06-01 15시: 4001~5000 완료 (75678개 누적)","logger":"task.stdout"}
{"timestamp":"2025-11-10T01:34:28.051710Z","level":"info","event":"2022-06-01 15시: 5001~6000 완료 (76678개 누적)","logger":"task.stdout"}
{"timestamp":"2025-11-10T01:34:29.720099Z","level":"info","event":"2022-06-01 15시: 6001~7000 완료 (77678개 누적)","logger":"task.stdout"}
{"timestamp":"2025-11-10T01:34:31.521516Z","level":"info","event":"2022-06-01 15시: 7001~8000 완료 (78678개 누적)","logger":"task.stdout"}
{"timestamp":"2025-11-10T01:34:33.314077Z","level":"info","event":"2022-06-01 15시: 8001~9000 완료 (79678개 누적)","logger":"task.stdout"}
{"timestamp":"2025-11-10T01:34:35.037831Z","level":"info","event":"2022-06-01 15시: 9001~10000 완료 (80678개 누적)","logger":"task.stdout"}
{"timestamp":"2025-11-10T01:34:36.650686Z","level":"info","event":"2022-06-01 15시: 10001~10929 완료 (81607개 누적)","logger":"task.stdout"}
{"timestamp":"2025-11-10T01:34:39.688988Z","level":"info","event":"2022-06-01 16시: 1~1000 완료 (82607개 누적)","logger":"task.stdout"}
{"timestamp":"2025-11-10T01:34:41.342612Z","level":"info","event":"2022-06-01 16시: 1001~2000 완료 (83607개 누적)","logger":"task.stdout"}
{"timestamp":"2025-11-10T01:34:42.996867Z","level":"info","event":"2022-06-01 16시: 2001~3000 완료 (84607개 누적)","logger":"task.stdout"}
{"timestamp":"2025-11-10T01:34:44.617358Z","level":"info","event":"2022-06-01 16시: 3001~4000 완료 (85607개 누적)","logger":"task.stdout"}
{"timestamp":"2025-11-10T01:34:46.183661Z","level":"info","event":"2022-06-01 16시: 4001~5000 완료 (86607개 누적)","logger":"task.stdout"}
{"timestamp":"2025-11-10T01:34:47.845659Z","level":"info","event":"2022-06-01 16시: 5001~6000 완료 (87607개 누적)","logger":"task.stdout"}
{"timestamp":"2025-11-10T01:34:49.596851Z","level":"info","event":"2022-06-01 16시: 6001~7000 완료 (88607개 누적)","logger":"task.stdout"}
{"timestamp":"2025-11-10T01:34:51.138051Z","level":"info","event":"2022-06-01 16시: 7001~8000 완료 (89607개 누적)","logger":"task.stdout"}
{"timestamp":"2025-11-10T01:34:52.772656Z","level":"info","event":"2022-06-01 16시: 8001~9000 완료 (90607개 누적)","logger":"task.stdout"}
{"timestamp":"2025-11-10T01:34:54.341747Z","level":"info","event":"2022-06-01 16시: 9001~10000 완료 (91607개 누적)","logger":"task.stdout"}
{"timestamp":"2025-11-10T01:34:56.042667Z","level":"info","event":"2022-06-01 16시: 10001~11000 완료 (92607개 누적)","logger":"task.stdout"}
{"timestamp":"2025-11-10T01:34:57.633861Z","level":"info","event":"2022-06-01 16시: 11001~12000 완료 (93607개 누적)","logger":"task.stdout"}
{"timestamp":"2025-11-10T01:34:59.157669Z","level":"info","event":"2022-06-01 16시: 12001~12465 완료 (94072개 누적)","logger":"task.stdout"}
{"timestamp":"2025-11-10T01:35:02.302092Z","level":"info","event":"2022-06-01 17시: 1~1000 완료 (95072개 누적)","logger":"task.stdout"}
{"timestamp":"2025-11-10T01:35:03.987755Z","level":"info","event":"2022-06-01 17시: 1001~2000 완료 (96072개 누적)","logger":"task.stdout"}
{"timestamp":"2025-11-10T01:35:05.556455Z","level":"info","event":"2022-06-01 17시: 2001~3000 완료 (97072개 누적)","logger":"task.stdout"}
{"timestamp":"2025-11-10T01:35:07.221261Z","level":"info","event":"2022-06-01 17시: 3001~4000 완료 (98072개 누적)","logger":"task.stdout"}
{"timestamp":"2025-11-10T01:35:09.019912Z","level":"info","event":"2022-06-01 17시: 4001~5000 완료 (99072개 누적)","logger":"task.stdout"}
{"timestamp":"2025-11-10T01:35:10.748065Z","level":"info","event":"2022-06-01 17시: 5001~6000 완료 (100072개 누적)","logger":"task.stdout"}
{"timestamp":"2025-11-10T01:35:12.973702Z","level":"info","event":"2022-06-01 17시: 6001~7000 완료 (101072개 누적)","logger":"task.stdout"}
{"timestamp":"2025-11-10T01:35:56.146297Z","level":"info","event":"2022-06-01 17시: 요청 실패 - HTTPConnectionPool(host='openapi.seoul.go.kr', port=8088): Max retries exceeded with url: /574d4268426539373930666f4b654e/json/tbCycleRentData/7001/8000/2022-06-01/17 (Caused by NameResolutionError(\"<urllib3.connection.HTTPConnection object at 0xffff8612a000>: Failed to resolve 'openapi.seoul.go.kr' ([Errno -3] Temporary failure in name resolution)\"))","logger":"task.stdout"}
{"timestamp":"2025-11-10T01:35:56.147837Z","level":"info","event":"2022-06-01 18시: 요청 실패 - HTTPConnectionPool(host='openapi.seoul.go.kr', port=8088): Max retries exceeded with url: /574d4268426539373930666f4b654e/json/tbCycleRentData/1/5/2022-06-01/18 (Caused by NameResolutionError(\"<urllib3.connection.HTTPConnection object at 0xffff8612a810>: Failed to resolve 'openapi.seoul.go.kr' ([Errno -3] Temporary failure in name resolution)\"))","logger":"task.stdout"}
{"timestamp":"2025-11-10T01:35:58.712173Z","level":"info","event":"2022-06-01 19시: 1~1000 완료 (102072개 누적)","logger":"task.stdout"}
{"timestamp":"2025-11-10T01:36:00.327284Z","level":"info","event":"2022-06-01 19시: 1001~2000 완료 (103072개 누적)","logger":"task.stdout"}
{"timestamp":"2025-11-10T01:36:02.007125Z","level":"info","event":"2022-06-01 19시: 2001~3000 완료 (104072개 누적)","logger":"task.stdout"}
{"timestamp":"2025-11-10T01:36:03.698008Z","level":"info","event":"2022-06-01 19시: 3001~4000 완료 (105072개 누적)","logger":"task.stdout"}
{"timestamp":"2025-11-10T01:36:05.334893Z","level":"info","event":"2022-06-01 19시: 4001~5000 완료 (106072개 누적)","logger":"task.stdout"}
{"timestamp":"2025-11-10T01:36:07.594932Z","level":"info","event":"2022-06-01 19시: 5001~6000 완료 (107072개 누적)","logger":"task.stdout"}
{"timestamp":"2025-11-10T01:36:09.308722Z","level":"info","event":"2022-06-01 19시: 6001~7000 완료 (108072개 누적)","logger":"task.stdout"}
{"timestamp":"2025-11-10T01:36:11.010928Z","level":"info","event":"2022-06-01 19시: 7001~8000 완료 (109072개 누적)","logger":"task.stdout"}
{"timestamp":"2025-11-10T01:36:12.725661Z","level":"info","event":"2022-06-01 19시: 8001~9000 완료 (110072개 누적)","logger":"task.stdout"}
{"timestamp":"2025-11-10T01:36:14.633363Z","level":"info","event":"2022-06-01 19시: 9001~10000 완료 (111072개 누적)","logger":"task.stdout"}
{"timestamp":"2025-11-10T01:36:16.203542Z","level":"info","event":"2022-06-01 19시: 10001~11000 완료 (112072개 누적)","logger":"task.stdout"}
{"timestamp":"2025-11-10T01:36:17.923575Z","level":"info","event":"2022-06-01 19시: 11001~12000 완료 (113072개 누적)","logger":"task.stdout"}
{"timestamp":"2025-11-10T01:36:19.753839Z","level":"info","event":"2022-06-01 19시: 12001~13000 완료 (114072개 누적)","logger":"task.stdout"}
{"timestamp":"2025-11-10T01:36:25.044977Z","level":"info","event":"2022-06-01 19시: 13001~13034 완료 (114106개 누적)","logger":"task.stdout"}
{"timestamp":"2025-11-10T01:36:27.976864Z","level":"info","event":"2022-06-01 20시: 1~1000 완료 (115106개 누적)","logger":"task.stdout"}
{"timestamp":"2025-11-10T01:36:29.775608Z","level":"info","event":"2022-06-01 20시: 1001~2000 완료 (116106개 누적)","logger":"task.stdout"}
{"timestamp":"2025-11-10T01:36:31.402246Z","level":"info","event":"2022-06-01 20시: 2001~3000 완료 (117106개 누적)","logger":"task.stdout"}
{"timestamp":"2025-11-10T01:36:32.984034Z","level":"info","event":"2022-06-01 20시: 3001~4000 완료 (118106개 누적)","logger":"task.stdout"}
{"timestamp":"2025-11-10T01:36:34.753490Z","level":"info","event":"2022-06-01 20시: 4001~5000 완료 (119106개 누적)","logger":"task.stdout"}
{"timestamp":"2025-11-10T01:36:36.271473Z","level":"info","event":"2022-06-01 20시: 5001~6000 완료 (120106개 누적)","logger":"task.stdout"}
{"timestamp":"2025-11-10T01:36:37.936706Z","level":"info","event":"2022-06-01 20시: 6001~7000 완료 (121106개 누적)","logger":"task.stdout"}
{"timestamp":"2025-11-10T01:36:39.664065Z","level":"info","event":"2022-06-01 20시: 7001~8000 완료 (122106개 누적)","logger":"task.stdout"}
{"timestamp":"2025-11-10T01:36:41.573215Z","level":"info","event":"2022-06-01 20시: 8001~9000 완료 (123106개 누적)","logger":"task.stdout"}
{"timestamp":"2025-11-10T01:36:43.405486Z","level":"info","event":"2022-06-01 20시: 9001~10000 완료 (124106개 누적)","logger":"task.stdout"}
{"timestamp":"2025-11-10T01:36:45.159952Z","level":"info","event":"2022-06-01 20시: 10001~11000 완료 (125106개 누적)","logger":"task.stdout"}
{"timestamp":"2025-11-10T01:36:46.808314Z","level":"info","event":"2022-06-01 20시: 11001~11995 완료 (126101개 누적)","logger":"task.stdout"}
{"timestamp":"2025-11-10T01:36:49.825817Z","level":"info","event":"2022-06-01 21시: 1~1000 완료 (127101개 누적)","logger":"task.stdout"}
{"timestamp":"2025-11-10T01:36:51.356430Z","level":"info","event":"2022-06-01 21시: 1001~2000 완료 (128101개 누적)","logger":"task.stdout"}
{"timestamp":"2025-11-10T01:36:53.134181Z","level":"info","event":"2022-06-01 21시: 2001~3000 완료 (129101개 누적)","logger":"task.stdout"}
{"timestamp":"2025-11-10T01:36:54.804277Z","level":"info","event":"2022-06-01 21시: 3001~4000 완료 (130101개 누적)","logger":"task.stdout"}
{"timestamp":"2025-11-10T01:36:56.511437Z","level":"info","event":"2022-06-01 21시: 4001~5000 완료 (131101개 누적)","logger":"task.stdout"}
{"timestamp":"2025-11-10T01:36:58.320792Z","level":"info","event":"2022-06-01 21시: 5001~6000 완료 (132101개 누적)","logger":"task.stdout"}
{"timestamp":"2025-11-10T01:36:59.919199Z","level":"info","event":"2022-06-01 21시: 6001~7000 완료 (133101개 누적)","logger":"task.stdout"}
{"timestamp":"2025-11-10T01:37:01.435949Z","level":"info","event":"2022-06-01 21시: 7001~8000 완료 (134101개 누적)","logger":"task.stdout"}
{"timestamp":"2025-11-10T01:37:03.004216Z","level":"info","event":"2022-06-01 21시: 8001~9000 완료 (135101개 누적)","logger":"task.stdout"}
{"timestamp":"2025-11-10T01:37:04.520073Z","level":"info","event":"2022-06-01 21시: 9001~10000 완료 (136101개 누적)","logger":"task.stdout"}
{"timestamp":"2025-11-10T01:37:19.785022Z","level":"info","event":"2022-06-01 21시: 10001~10511 완료 (136612개 누적)","logger":"task.stdout"}
{"timestamp":"2025-11-10T01:37:22.436820Z","level":"info","event":"2022-06-01 22시: 1~1000 완료 (137612개 누적)","logger":"task.stdout"}
{"timestamp":"2025-11-10T01:37:24.268423Z","level":"info","event":"2022-06-01 22시: 1001~2000 완료 (138612개 누적)","logger":"task.stdout"}
{"timestamp":"2025-11-10T01:37:25.842455Z","level":"info","event":"2022-06-01 22시: 2001~3000 완료 (139612개 누적)","logger":"task.stdout"}
{"timestamp":"2025-11-10T01:37:27.748958Z","level":"info","event":"2022-06-01 22시: 3001~4000 완료 (140612개 누적)","logger":"task.stdout"}
{"timestamp":"2025-11-10T01:37:29.257514Z","level":"info","event":"2022-06-01 22시: 4001~5000 완료 (141612개 누적)","logger":"task.stdout"}
{"timestamp":"2025-11-10T01:37:30.674954Z","level":"info","event":"2022-06-01 22시: 5001~6000 완료 (142612개 누적)","logger":"task.stdout"}
{"timestamp":"2025-11-10T01:37:32.169144Z","level":"info","event":"2022-06-01 22시: 6001~7000 완료 (143612개 누적)","logger":"task.stdout"}
{"timestamp":"2025-11-10T01:37:33.698402Z","level":"info","event":"2022-06-01 22시: 7001~8000 완료 (144612개 누적)","logger":"task.stdout"}
{"timestamp":"2025-11-10T01:37:35.098404Z","level":"info","event":"2022-06-01 22시: 8001~8290 완료 (144902개 누적)","logger":"task.stdout"}
{"timestamp":"2025-11-10T01:37:37.637685Z","level":"info","event":"2022-06-01 23시: 1~1000 완료 (145902개 누적)","logger":"task.stdout"}
{"timestamp":"2025-11-10T01:37:39.013453Z","level":"info","event":"2022-06-01 23시: 1001~2000 완료 (146902개 누적)","logger":"task.stdout"}
{"timestamp":"2025-11-10T01:37:40.361251Z","level":"info","event":"2022-06-01 23시: 2001~3000 완료 (147902개 누적)","logger":"task.stdout"}
{"timestamp":"2025-11-10T01:37:41.719452Z","level":"info","event":"2022-06-01 23시: 3001~4000 완료 (148902개 누적)","logger":"task.stdout"}
{"timestamp":"2025-11-10T01:37:43.278098Z","level":"info","event":"2022-06-01 23시: 4001~5000 완료 (149902개 누적)","logger":"task.stdout"}
{"timestamp":"2025-11-10T01:37:44.799556Z","level":"info","event":"2022-06-01 23시: 5001~5286 완료 (150188개 누적)","logger":"task.stdout"}
{"timestamp":"2025-11-10T01:37:47.387521Z","level":"info","event":"2022-06-02 00시: 1~1000 완료 (151188개 누적)","logger":"task.stdout"}
{"timestamp":"2025-11-10T01:37:48.730463Z","level":"info","event":"2022-06-02 00시: 1001~2000 완료 (152188개 누적)","logger":"task.stdout"}
{"timestamp":"2025-11-10T01:37:50.298828Z","level":"info","event":"2022-06-02 00시: 2001~3000 완료 (153188개 누적)","logger":"task.stdout"}
{"timestamp":"2025-11-10T01:37:51.766160Z","level":"info","event":"2022-06-02 00시: 3001~3932 완료 (154120개 누적)","logger":"task.stdout"}
{"timestamp":"2025-11-10T01:37:54.250107Z","level":"info","event":"2022-06-02 01시: 1~1000 완료 (155120개 누적)","logger":"task.stdout"}
{"timestamp":"2025-11-10T01:38:07.270513Z","level":"info","event":"2022-06-02 01시: 1001~2000 완료 (156120개 누적)","logger":"task.stdout"}
{"timestamp":"2025-11-10T01:38:07.776194Z","level":"info","event":"2022-06-02 01시: 2001~2416 완료 (156536개 누적)","logger":"task.stdout"}
{"timestamp":"2025-11-10T01:38:10.419583Z","level":"info","event":"2022-06-02 02시: 1~1000 완료 (157536개 누적)","logger":"task.stdout"}
{"timestamp":"2025-11-10T01:38:11.522446Z","level":"info","event":"2022-06-02 02시: 1001~1392 완료 (157928개 누적)","logger":"task.stdout"}
{"timestamp":"2025-11-10T01:38:13.933958Z","level":"info","event":"2022-06-02 03시: 1~851 완료 (158779개 누적)","logger":"task.stdout"}
{"timestamp":"2025-11-10T01:38:16.208751Z","level":"info","event":"2022-06-02 04시: 1~969 완료 (159748개 누적)","logger":"task.stdout"}
{"timestamp":"2025-11-10T01:38:18.849720Z","level":"info","event":"2022-06-02 05시: 1~1000 완료 (160748개 누적)","logger":"task.stdout"}
{"timestamp":"2025-11-10T01:38:20.331406Z","level":"info","event":"2022-06-02 05시: 1001~1761 완료 (161509개 누적)","logger":"task.stdout"}
{"timestamp":"2025-11-10T01:38:22.879064Z","level":"info","event":"2022-06-02 06시: 1~1000 완료 (162509개 누적)","logger":"task.stdout"}
{"timestamp":"2025-11-10T01:38:24.511393Z","level":"info","event":"2022-06-02 06시: 1001~2000 완료 (163509개 누적)","logger":"task.stdout"}
{"timestamp":"2025-11-10T01:38:25.879438Z","level":"info","event":"2022-06-02 06시: 2001~3000 완료 (164509개 누적)","logger":"task.stdout"}
{"timestamp":"2025-11-10T01:38:27.216849Z","level":"info","event":"2022-06-02 06시: 3001~4000 완료 (165509개 누적)","logger":"task.stdout"}
{"timestamp":"2025-11-10T01:38:28.483085Z","level":"info","event":"2022-06-02 06시: 4001~4026 완료 (165535개 누적)","logger":"task.stdout"}
{"timestamp":"2025-11-10T01:38:31.496992Z","level":"info","event":"2022-06-02 07시: 1~1000 완료 (166535개 누적)","logger":"task.stdout"}
{"timestamp":"2025-11-10T01:38:33.117634Z","level":"info","event":"2022-06-02 07시: 1001~2000 완료 (167535개 누적)","logger":"task.stdout"}
{"timestamp":"2025-11-10T01:38:34.817907Z","level":"info","event":"2022-06-02 07시: 2001~3000 완료 (168535개 누적)","logger":"task.stdout"}
{"timestamp":"2025-11-10T01:38:36.527014Z","level":"info","event":"2022-06-02 07시: 3001~4000 완료 (169535개 누적)","logger":"task.stdout"}
{"timestamp":"2025-11-10T01:38:38.229426Z","level":"info","event":"2022-06-02 07시: 4001~5000 완료 (170535개 누적)","logger":"task.stdout"}
{"timestamp":"2025-11-10T01:38:39.747952Z","level":"info","event":"2022-06-02 07시: 5001~6000 완료 (171535개 누적)","logger":"task.stdout"}
{"timestamp":"2025-11-10T01:38:48.266429Z","level":"info","event":"2022-06-02 07시: 6001~7000 완료 (172535개 누적)","logger":"task.stdout"}
{"timestamp":"2025-11-10T01:38:49.129059Z","level":"info","event":"2022-06-02 07시: 8001~9000 완료 (173535개 누적)","logger":"task.stdout"}
{"timestamp":"2025-11-10T01:38:50.766192Z","level":"info","event":"2022-06-02 07시: 9001~10000 완료 (174535개 누적)","logger":"task.stdout"}
{"timestamp":"2025-11-10T01:38:52.477938Z","level":"info","event":"2022-06-02 07시: 10001~10279 완료 (174814개 누적)","logger":"task.stdout"}
{"timestamp":"2025-11-10T01:38:55.653369Z","level":"info","event":"2022-06-02 08시: 1~1000 완료 (175814개 누적)","logger":"task.stdout"}
{"timestamp":"2025-11-10T01:38:57.524446Z","level":"info","event":"2022-06-02 08시: 1001~2000 완료 (176814개 누적)","logger":"task.stdout"}
{"timestamp":"2025-11-10T01:38:59.361694Z","level":"info","event":"2022-06-02 08시: 2001~3000 완료 (177814개 누적)","logger":"task.stdout"}
{"timestamp":"2025-11-10T01:39:01.301579Z","level":"info","event":"2022-06-02 08시: 3001~4000 완료 (178814개 누적)","logger":"task.stdout"}
{"timestamp":"2025-11-10T01:39:03.190703Z","level":"info","event":"2022-06-02 08시: 4001~5000 완료 (179814개 누적)","logger":"task.stdout"}
{"timestamp":"2025-11-10T01:39:04.915060Z","level":"info","event":"2022-06-02 08시: 5001~6000 완료 (180814개 누적)","logger":"task.stdout"}
{"timestamp":"2025-11-10T01:39:06.895828Z","level":"info","event":"2022-06-02 08시: 6001~7000 완료 (181814개 누적)","logger":"task.stdout"}
{"timestamp":"2025-11-10T01:39:08.496764Z","level":"info","event":"2022-06-02 08시: 7001~8000 완료 (182814개 누적)","logger":"task.stdout"}
{"timestamp":"2025-11-10T01:39:10.341042Z","level":"info","event":"2022-06-02 08시: 8001~9000 완료 (183814개 누적)","logger":"task.stdout"}
{"timestamp":"2025-11-10T01:39:12.304069Z","level":"info","event":"2022-06-02 08시: 9001~10000 완료 (184814개 누적)","logger":"task.stdout"}
{"timestamp":"2025-11-10T01:39:14.059408Z","level":"info","event":"2022-06-02 08시: 10001~11000 완료 (185814개 누적)","logger":"task.stdout"}
{"timestamp":"2025-11-10T01:39:16.036062Z","level":"info","event":"2022-06-02 08시: 11001~12000 완료 (186814개 누적)","logger":"task.stdout"}
{"timestamp":"2025-11-10T01:39:17.904171Z","level":"info","event":"2022-06-02 08시: 12001~13000 완료 (187814개 누적)","logger":"task.stdout"}
{"timestamp":"2025-11-10T01:39:19.771526Z","level":"info","event":"2022-06-02 08시: 13001~14000 완료 (188814개 누적)","logger":"task.stdout"}
{"timestamp":"2025-11-10T01:39:29.378967Z","level":"critical","event":"Process terminated by signal. Likely out of memory error (OOM). For more information, see https://airflow.apache.org/docs/apache-airflow/stable/troubleshooting.html#process-terminated-by-signal.","signal":-9,"signal_name":"SIGKILL","logger":"task"}
