{"timestamp":"2025-11-10T01:08:05.913779Z","level":"info","event":"DAG bundles loaded: dags-folder","logger":"airflow.dag_processing.bundles.manager.DagBundlesManager","filename":"manager.py","lineno":179}
{"timestamp":"2025-11-10T01:08:05.914260Z","level":"info","event":"Filling up the DagBag from /opt/airflow/dags/seoul_bike_rent_2022.py","logger":"airflow.models.dagbag.DagBag","filename":"dagbag.py","lineno":593}
{"timestamp":"2025-11-10T01:08:05.930209Z","level":"warning","event":"The `airflow.operators.python.PythonOperator` attribute is deprecated. Please use `'airflow.providers.standard.operators.python.PythonOperator'`.","category":"DeprecatedImportWarning","filename":"/opt/airflow/dags/seoul_bike_rent_2022.py","lineno":2,"logger":"py.warnings"}
{"timestamp":"2025-11-10T01:08:08.527307Z","level":"info","event":"2022-12-01 00시: 1~1000 완료 (1000개 누적)","logger":"task.stdout"}
{"timestamp":"2025-11-10T01:08:09.175642Z","level":"info","event":"2022-12-01 00시: 1001~1280 완료 (1280개 누적)","logger":"task.stdout"}
{"timestamp":"2025-11-10T01:08:11.082610Z","level":"info","event":"2022-12-01 01시: 1~1000 완료 (2280개 누적)","logger":"task.stdout"}
{"timestamp":"2025-11-10T01:08:11.703529Z","level":"info","event":"2022-12-01 01시: 1001~1053 완료 (2333개 누적)","logger":"task.stdout"}
{"timestamp":"2025-11-10T01:08:13.170005Z","level":"info","event":"2022-12-01 02시: 1~615 완료 (2948개 누적)","logger":"task.stdout"}
{"timestamp":"2025-11-10T01:08:14.593600Z","level":"info","event":"2022-12-01 03시: 1~413 완료 (3361개 누적)","logger":"task.stdout"}
{"timestamp":"2025-11-10T01:08:15.925849Z","level":"info","event":"2022-12-01 04시: 1~362 완료 (3723개 누적)","logger":"task.stdout"}
{"timestamp":"2025-11-10T01:08:17.695901Z","level":"info","event":"2022-12-01 05시: 1~805 완료 (4528개 누적)","logger":"task.stdout"}
{"timestamp":"2025-11-10T01:08:20.180439Z","level":"info","event":"2022-12-01 06시: 1~1000 완료 (5528개 누적)","logger":"task.stdout"}
{"timestamp":"2025-11-10T01:08:20.868866Z","level":"info","event":"2022-12-01 06시: 1001~1766 완료 (6294개 누적)","logger":"task.stdout"}
{"timestamp":"2025-11-10T01:08:25.080523Z","level":"info","event":"2022-12-01 07시: 1~1000 완료 (7294개 누적)","logger":"task.stdout"}
{"timestamp":"2025-11-10T01:08:26.002406Z","level":"info","event":"2022-12-01 07시: 1001~2000 완료 (8294개 누적)","logger":"task.stdout"}
{"timestamp":"2025-11-10T01:08:26.924033Z","level":"info","event":"2022-12-01 07시: 2001~3000 완료 (9294개 누적)","logger":"task.stdout"}
{"timestamp":"2025-11-10T01:08:27.755500Z","level":"info","event":"2022-12-01 07시: 3001~4000 완료 (10294개 누적)","logger":"task.stdout"}
{"timestamp":"2025-11-10T01:08:28.662812Z","level":"info","event":"2022-12-01 07시: 4001~4882 완료 (11176개 누적)","logger":"task.stdout"}
{"timestamp":"2025-11-10T01:08:34.814307Z","level":"info","event":"2022-12-01 08시: 1~1000 완료 (12176개 누적)","logger":"task.stdout"}
{"timestamp":"2025-11-10T01:08:35.783597Z","level":"info","event":"2022-12-01 08시: 1001~2000 완료 (13176개 누적)","logger":"task.stdout"}
{"timestamp":"2025-11-10T01:08:36.739157Z","level":"info","event":"2022-12-01 08시: 2001~3000 완료 (14176개 누적)","logger":"task.stdout"}
{"timestamp":"2025-11-10T01:08:37.775778Z","level":"info","event":"2022-12-01 08시: 3001~4000 완료 (15176개 누적)","logger":"task.stdout"}
{"timestamp":"2025-11-10T01:08:38.731358Z","level":"info","event":"2022-12-01 08시: 4001~5000 완료 (16176개 누적)","logger":"task.stdout"}
{"timestamp":"2025-11-10T01:08:39.726008Z","level":"info","event":"2022-12-01 08시: 5001~6000 완료 (17176개 누적)","logger":"task.stdout"}
{"timestamp":"2025-11-10T01:08:40.747606Z","level":"info","event":"2022-12-01 08시: 6001~7000 완료 (18176개 누적)","logger":"task.stdout"}
{"timestamp":"2025-11-10T01:08:41.713226Z","level":"info","event":"2022-12-01 08시: 7001~8000 완료 (19176개 누적)","logger":"task.stdout"}
{"timestamp":"2025-11-10T01:08:42.685069Z","level":"info","event":"2022-12-01 08시: 8001~8848 완료 (20024개 누적)","logger":"task.stdout"}
{"timestamp":"2025-11-10T01:08:45.977079Z","level":"info","event":"2022-12-01 09시: 1~1000 완료 (21024개 누적)","logger":"task.stdout"}
{"timestamp":"2025-11-10T01:08:46.895219Z","level":"info","event":"2022-12-01 09시: 1001~2000 완료 (22024개 누적)","logger":"task.stdout"}
{"timestamp":"2025-11-10T01:08:47.812992Z","level":"info","event":"2022-12-01 09시: 2001~3000 완료 (23024개 누적)","logger":"task.stdout"}
{"timestamp":"2025-11-10T01:08:48.643476Z","level":"info","event":"2022-12-01 09시: 3001~4000 완료 (24024개 누적)","logger":"task.stdout"}
{"timestamp":"2025-11-10T01:08:49.402033Z","level":"info","event":"2022-12-01 09시: 4001~4304 완료 (24328개 누적)","logger":"task.stdout"}
{"timestamp":"2025-11-10T01:08:51.705249Z","level":"info","event":"2022-12-01 10시: 1~1000 완료 (25328개 누적)","logger":"task.stdout"}
{"timestamp":"2025-11-10T01:08:52.518646Z","level":"info","event":"2022-12-01 10시: 1001~2000 완료 (26328개 누적)","logger":"task.stdout"}
{"timestamp":"2025-11-10T01:08:53.327804Z","level":"info","event":"2022-12-01 10시: 2001~2675 완료 (27003개 누적)","logger":"task.stdout"}
{"timestamp":"2025-11-10T01:08:55.592196Z","level":"info","event":"2022-12-01 11시: 1~1000 완료 (28003개 누적)","logger":"task.stdout"}
{"timestamp":"2025-11-10T01:08:56.419828Z","level":"info","event":"2022-12-01 11시: 1001~2000 완료 (29003개 누적)","logger":"task.stdout"}
{"timestamp":"2025-11-10T01:08:57.230699Z","level":"info","event":"2022-12-01 11시: 2001~2847 완료 (29850개 누적)","logger":"task.stdout"}
{"timestamp":"2025-11-10T01:08:59.484417Z","level":"info","event":"2022-12-01 12시: 1~1000 완료 (30850개 누적)","logger":"task.stdout"}
{"timestamp":"2025-11-10T01:09:00.319277Z","level":"info","event":"2022-12-01 12시: 1001~2000 완료 (31850개 누적)","logger":"task.stdout"}
{"timestamp":"2025-11-10T01:09:01.106449Z","level":"info","event":"2022-12-01 12시: 2001~3000 완료 (32850개 누적)","logger":"task.stdout"}
{"timestamp":"2025-11-10T01:09:01.898515Z","level":"info","event":"2022-12-01 12시: 3001~3183 완료 (33033개 누적)","logger":"task.stdout"}
{"timestamp":"2025-11-10T01:09:04.092548Z","level":"info","event":"2022-12-01 13시: 1~1000 완료 (34033개 누적)","logger":"task.stdout"}
{"timestamp":"2025-11-10T01:09:04.914692Z","level":"info","event":"2022-12-01 13시: 1001~2000 완료 (35033개 누적)","logger":"task.stdout"}
{"timestamp":"2025-11-10T01:09:05.738062Z","level":"info","event":"2022-12-01 13시: 2001~3000 완료 (36033개 누적)","logger":"task.stdout"}
{"timestamp":"2025-11-10T01:09:06.382733Z","level":"info","event":"2022-12-01 13시: 3001~3057 완료 (36090개 누적)","logger":"task.stdout"}
{"timestamp":"2025-11-10T01:09:08.495948Z","level":"info","event":"2022-12-01 14시: 1~1000 완료 (37090개 누적)","logger":"task.stdout"}
{"timestamp":"2025-11-10T01:09:09.303300Z","level":"info","event":"2022-12-01 14시: 1001~2000 완료 (38090개 누적)","logger":"task.stdout"}
{"timestamp":"2025-11-10T01:09:10.133996Z","level":"info","event":"2022-12-01 14시: 2001~3000 완료 (39090개 누적)","logger":"task.stdout"}
{"timestamp":"2025-11-10T01:09:10.788626Z","level":"info","event":"2022-12-01 14시: 3001~3075 완료 (39165개 누적)","logger":"task.stdout"}
{"timestamp":"2025-11-10T01:09:13.014094Z","level":"info","event":"2022-12-01 15시: 1~1000 완료 (40165개 누적)","logger":"task.stdout"}
{"timestamp":"2025-11-10T01:09:13.825881Z","level":"info","event":"2022-12-01 15시: 1001~2000 완료 (41165개 누적)","logger":"task.stdout"}
{"timestamp":"2025-11-10T01:09:14.601673Z","level":"info","event":"2022-12-01 15시: 2001~3000 완료 (42165개 누적)","logger":"task.stdout"}
{"timestamp":"2025-11-10T01:09:15.283578Z","level":"info","event":"2022-12-01 15시: 3001~3326 완료 (42491개 누적)","logger":"task.stdout"}
{"timestamp":"2025-11-10T01:09:17.917684Z","level":"info","event":"2022-12-01 16시: 1~1000 완료 (43491개 누적)","logger":"task.stdout"}
{"timestamp":"2025-11-10T01:09:18.831147Z","level":"info","event":"2022-12-01 16시: 1001~2000 완료 (44491개 누적)","logger":"task.stdout"}
{"timestamp":"2025-11-10T01:09:19.666158Z","level":"info","event":"2022-12-01 16시: 2001~3000 완료 (45491개 누적)","logger":"task.stdout"}
{"timestamp":"2025-11-10T01:09:20.584583Z","level":"info","event":"2022-12-01 16시: 3001~4000 완료 (46491개 누적)","logger":"task.stdout"}
{"timestamp":"2025-11-10T01:09:21.418063Z","level":"info","event":"2022-12-01 16시: 4001~4712 완료 (47203개 누적)","logger":"task.stdout"}
{"timestamp":"2025-11-10T01:09:24.359313Z","level":"info","event":"2022-12-01 17시: 1~1000 완료 (48203개 누적)","logger":"task.stdout"}
{"timestamp":"2025-11-10T01:09:25.291063Z","level":"info","event":"2022-12-01 17시: 1001~2000 완료 (49203개 누적)","logger":"task.stdout"}
{"timestamp":"2025-11-10T01:09:26.209871Z","level":"info","event":"2022-12-01 17시: 2001~3000 완료 (50203개 누적)","logger":"task.stdout"}
{"timestamp":"2025-11-10T01:09:27.128287Z","level":"info","event":"2022-12-01 17시: 3001~4000 완료 (51203개 누적)","logger":"task.stdout"}
{"timestamp":"2025-11-10T01:09:28.052146Z","level":"info","event":"2022-12-01 17시: 4001~5000 완료 (52203개 누적)","logger":"task.stdout"}
{"timestamp":"2025-11-10T01:09:28.972389Z","level":"info","event":"2022-12-01 17시: 5001~6000 완료 (53203개 누적)","logger":"task.stdout"}
{"timestamp":"2025-11-10T01:09:29.832530Z","level":"info","event":"2022-12-01 17시: 6001~6033 완료 (53236개 누적)","logger":"task.stdout"}
{"timestamp":"2025-11-10T01:09:33.077416Z","level":"info","event":"2022-12-01 18시: 1~1000 완료 (54236개 누적)","logger":"task.stdout"}
{"timestamp":"2025-11-10T01:09:34.096838Z","level":"info","event":"2022-12-01 18시: 1001~2000 완료 (55236개 누적)","logger":"task.stdout"}
{"timestamp":"2025-11-10T01:09:35.128820Z","level":"info","event":"2022-12-01 18시: 2001~3000 완료 (56236개 누적)","logger":"task.stdout"}
{"timestamp":"2025-11-10T01:09:36.141048Z","level":"info","event":"2022-12-01 18시: 3001~4000 완료 (57236개 누적)","logger":"task.stdout"}
{"timestamp":"2025-11-10T01:09:37.171559Z","level":"info","event":"2022-12-01 18시: 4001~5000 완료 (58236개 누적)","logger":"task.stdout"}
{"timestamp":"2025-11-10T01:09:38.199570Z","level":"info","event":"2022-12-01 18시: 5001~6000 완료 (59236개 누적)","logger":"task.stdout"}
{"timestamp":"2025-11-10T01:09:39.215437Z","level":"info","event":"2022-12-01 18시: 6001~7000 완료 (60236개 누적)","logger":"task.stdout"}
{"timestamp":"2025-11-10T01:09:40.159835Z","level":"info","event":"2022-12-01 18시: 7001~8000 완료 (61236개 누적)","logger":"task.stdout"}
{"timestamp":"2025-11-10T01:09:40.998437Z","level":"info","event":"2022-12-01 18시: 8001~8069 완료 (61305개 누적)","logger":"task.stdout"}
{"timestamp":"2025-11-10T01:09:43.274597Z","level":"info","event":"2022-12-01 19시: 1~1000 완료 (62305개 누적)","logger":"task.stdout"}
{"timestamp":"2025-11-10T01:09:44.149551Z","level":"info","event":"2022-12-01 19시: 1001~2000 완료 (63305개 누적)","logger":"task.stdout"}
{"timestamp":"2025-11-10T01:09:45.069874Z","level":"info","event":"2022-12-01 19시: 2001~3000 완료 (64305개 누적)","logger":"task.stdout"}
{"timestamp":"2025-11-10T01:09:45.974011Z","level":"info","event":"2022-12-01 19시: 3001~4000 완료 (65305개 누적)","logger":"task.stdout"}
{"timestamp":"2025-11-10T01:09:46.977340Z","level":"info","event":"2022-12-01 19시: 4001~4890 완료 (66195개 누적)","logger":"task.stdout"}
{"timestamp":"2025-11-10T01:09:49.056272Z","level":"info","event":"2022-12-01 20시: 1~1000 완료 (67195개 누적)","logger":"task.stdout"}
{"timestamp":"2025-11-10T01:09:50.069267Z","level":"info","event":"2022-12-01 20시: 1001~2000 완료 (68195개 누적)","logger":"task.stdout"}
{"timestamp":"2025-11-10T01:09:50.893326Z","level":"info","event":"2022-12-01 20시: 2001~3000 완료 (69195개 누적)","logger":"task.stdout"}
{"timestamp":"2025-11-10T01:09:51.729944Z","level":"info","event":"2022-12-01 20시: 3001~3498 완료 (69693개 누적)","logger":"task.stdout"}
{"timestamp":"2025-11-10T01:09:53.660560Z","level":"info","event":"2022-12-01 21시: 1~1000 완료 (70693개 누적)","logger":"task.stdout"}
{"timestamp":"2025-11-10T01:09:54.593483Z","level":"info","event":"2022-12-01 21시: 1001~2000 완료 (71693개 누적)","logger":"task.stdout"}
{"timestamp":"2025-11-10T01:09:55.492755Z","level":"info","event":"2022-12-01 21시: 2001~3000 완료 (72693개 누적)","logger":"task.stdout"}
{"timestamp":"2025-11-10T01:09:56.161287Z","level":"info","event":"2022-12-01 21시: 3001~3221 완료 (72914개 누적)","logger":"task.stdout"}
{"timestamp":"2025-11-10T01:09:57.952078Z","level":"info","event":"2022-12-01 22시: 1~1000 완료 (73914개 누적)","logger":"task.stdout"}
{"timestamp":"2025-11-10T01:09:58.768600Z","level":"info","event":"2022-12-01 22시: 1001~2000 완료 (74914개 누적)","logger":"task.stdout"}
{"timestamp":"2025-11-10T01:09:59.597643Z","level":"info","event":"2022-12-01 22시: 2001~2914 완료 (75828개 누적)","logger":"task.stdout"}
{"timestamp":"2025-11-10T01:10:01.224183Z","level":"info","event":"2022-12-01 23시: 1~1000 완료 (76828개 누적)","logger":"task.stdout"}
{"timestamp":"2025-11-10T01:10:02.058530Z","level":"info","event":"2022-12-01 23시: 1001~1824 완료 (77652개 누적)","logger":"task.stdout"}
{"timestamp":"2025-11-10T01:10:04.300214Z","level":"info","event":"2022-12-02 00시: 1~1000 완료 (78652개 누적)","logger":"task.stdout"}
{"timestamp":"2025-11-10T01:10:05.020682Z","level":"info","event":"2022-12-02 00시: 1001~1435 완료 (79087개 누적)","logger":"task.stdout"}
{"timestamp":"2025-11-10T01:10:06.432909Z","level":"info","event":"2022-12-02 01시: 1~1000 완료 (80087개 누적)","logger":"task.stdout"}
{"timestamp":"2025-11-10T01:10:07.111623Z","level":"info","event":"2022-12-02 01시: 1001~1115 완료 (80202개 누적)","logger":"task.stdout"}
{"timestamp":"2025-11-10T01:10:08.546308Z","level":"info","event":"2022-12-02 02시: 1~771 완료 (80973개 누적)","logger":"task.stdout"}
{"timestamp":"2025-11-10T01:10:09.782906Z","level":"info","event":"2022-12-02 03시: 1~441 완료 (81414개 누적)","logger":"task.stdout"}
{"timestamp":"2025-11-10T01:10:11.010368Z","level":"info","event":"2022-12-02 04시: 1~360 완료 (81774개 누적)","logger":"task.stdout"}
{"timestamp":"2025-11-10T01:10:12.299718Z","level":"info","event":"2022-12-02 05시: 1~824 완료 (82598개 누적)","logger":"task.stdout"}
{"timestamp":"2025-11-10T01:10:13.756242Z","level":"info","event":"2022-12-02 06시: 1~1000 완료 (83598개 누적)","logger":"task.stdout"}
{"timestamp":"2025-11-10T01:10:14.490534Z","level":"info","event":"2022-12-02 06시: 1001~1844 완료 (84442개 누적)","logger":"task.stdout"}
{"timestamp":"2025-11-10T01:10:16.389615Z","level":"info","event":"2022-12-02 07시: 1~1000 완료 (85442개 누적)","logger":"task.stdout"}
{"timestamp":"2025-11-10T01:10:17.246724Z","level":"info","event":"2022-12-02 07시: 1001~2000 완료 (86442개 누적)","logger":"task.stdout"}
{"timestamp":"2025-11-10T01:10:18.116186Z","level":"info","event":"2022-12-02 07시: 2001~3000 완료 (87442개 누적)","logger":"task.stdout"}
{"timestamp":"2025-11-10T01:10:19.048114Z","level":"info","event":"2022-12-02 07시: 3001~4000 완료 (88442개 누적)","logger":"task.stdout"}
{"timestamp":"2025-11-10T01:10:19.955032Z","level":"info","event":"2022-12-02 07시: 4001~4735 완료 (89177개 누적)","logger":"task.stdout"}
{"timestamp":"2025-11-10T01:10:22.738669Z","level":"info","event":"2022-12-02 08시: 1~1000 완료 (90177개 누적)","logger":"task.stdout"}
{"timestamp":"2025-11-10T01:10:23.725350Z","level":"info","event":"2022-12-02 08시: 1001~2000 완료 (91177개 누적)","logger":"task.stdout"}
{"timestamp":"2025-11-10T01:10:24.796515Z","level":"info","event":"2022-12-02 08시: 2001~3000 완료 (92177개 누적)","logger":"task.stdout"}
{"timestamp":"2025-11-10T01:10:25.892960Z","level":"info","event":"2022-12-02 08시: 3001~4000 완료 (93177개 누적)","logger":"task.stdout"}
{"timestamp":"2025-11-10T01:10:26.933921Z","level":"info","event":"2022-12-02 08시: 4001~5000 완료 (94177개 누적)","logger":"task.stdout"}
{"timestamp":"2025-11-10T01:10:27.906027Z","level":"info","event":"2022-12-02 08시: 5001~6000 완료 (95177개 누적)","logger":"task.stdout"}
{"timestamp":"2025-11-10T01:10:28.978616Z","level":"info","event":"2022-12-02 08시: 6001~7000 완료 (96177개 누적)","logger":"task.stdout"}
{"timestamp":"2025-11-10T01:10:29.992889Z","level":"info","event":"2022-12-02 08시: 7001~8000 완료 (97177개 누적)","logger":"task.stdout"}
{"timestamp":"2025-11-10T01:10:30.951059Z","level":"info","event":"2022-12-02 08시: 8001~8883 완료 (98060개 누적)","logger":"task.stdout"}
{"timestamp":"2025-11-10T01:10:32.901731Z","level":"info","event":"2022-12-02 09시: 1~1000 완료 (99060개 누적)","logger":"task.stdout"}
{"timestamp":"2025-11-10T01:10:33.724088Z","level":"info","event":"2022-12-02 09시: 1001~2000 완료 (100060개 누적)","logger":"task.stdout"}
{"timestamp":"2025-11-10T01:10:34.593794Z","level":"info","event":"2022-12-02 09시: 2001~3000 완료 (101060개 누적)","logger":"task.stdout"}
{"timestamp":"2025-11-10T01:10:35.406779Z","level":"info","event":"2022-12-02 09시: 3001~4000 완료 (102060개 누적)","logger":"task.stdout"}
{"timestamp":"2025-11-10T01:10:36.187579Z","level":"info","event":"2022-12-02 09시: 4001~4335 완료 (102395개 누적)","logger":"task.stdout"}
{"timestamp":"2025-11-10T01:10:37.859091Z","level":"info","event":"2022-12-02 10시: 1~1000 완료 (103395개 누적)","logger":"task.stdout"}
{"timestamp":"2025-11-10T01:10:38.643684Z","level":"info","event":"2022-12-02 10시: 1001~2000 완료 (104395개 누적)","logger":"task.stdout"}
{"timestamp":"2025-11-10T01:10:39.515065Z","level":"info","event":"2022-12-02 10시: 2001~2866 완료 (105261개 누적)","logger":"task.stdout"}
{"timestamp":"2025-11-10T01:10:41.339340Z","level":"info","event":"2022-12-02 11시: 1~1000 완료 (106261개 누적)","logger":"task.stdout"}
{"timestamp":"2025-11-10T01:10:42.193048Z","level":"info","event":"2022-12-02 11시: 1001~2000 완료 (107261개 누적)","logger":"task.stdout"}
{"timestamp":"2025-11-10T01:10:42.970378Z","level":"info","event":"2022-12-02 11시: 2001~3000 완료 (108261개 누적)","logger":"task.stdout"}
{"timestamp":"2025-11-10T01:10:43.717977Z","level":"info","event":"2022-12-02 11시: 3001~3308 완료 (108569개 누적)","logger":"task.stdout"}
{"timestamp":"2025-11-10T01:10:45.576005Z","level":"info","event":"2022-12-02 12시: 1~1000 완료 (109569개 누적)","logger":"task.stdout"}
{"timestamp":"2025-11-10T01:10:46.497487Z","level":"info","event":"2022-12-02 12시: 1001~2000 완료 (110569개 누적)","logger":"task.stdout"}
{"timestamp":"2025-11-10T01:10:47.416811Z","level":"info","event":"2022-12-02 12시: 2001~3000 완료 (111569개 누적)","logger":"task.stdout"}
{"timestamp":"2025-11-10T01:10:48.216205Z","level":"info","event":"2022-12-02 12시: 3001~3687 완료 (112256개 누적)","logger":"task.stdout"}
{"timestamp":"2025-11-10T01:10:50.090412Z","level":"info","event":"2022-12-02 13시: 1~1000 완료 (113256개 누적)","logger":"task.stdout"}
{"timestamp":"2025-11-10T01:10:51.008019Z","level":"info","event":"2022-12-02 13시: 1001~2000 완료 (114256개 누적)","logger":"task.stdout"}
{"timestamp":"2025-11-10T01:10:51.895425Z","level":"info","event":"2022-12-02 13시: 2001~3000 완료 (115256개 누적)","logger":"task.stdout"}
{"timestamp":"2025-11-10T01:10:52.762162Z","level":"info","event":"2022-12-02 13시: 3001~3549 완료 (115805개 누적)","logger":"task.stdout"}
{"timestamp":"2025-11-10T01:10:54.690841Z","level":"info","event":"2022-12-02 14시: 1~1000 완료 (116805개 누적)","logger":"task.stdout"}
{"timestamp":"2025-11-10T01:10:55.607228Z","level":"info","event":"2022-12-02 14시: 1001~2000 완료 (117805개 누적)","logger":"task.stdout"}
{"timestamp":"2025-11-10T01:10:56.524212Z","level":"info","event":"2022-12-02 14시: 2001~3000 완료 (118805개 누적)","logger":"task.stdout"}
{"timestamp":"2025-11-10T01:10:57.320345Z","level":"info","event":"2022-12-02 14시: 3001~3758 완료 (119563개 누적)","logger":"task.stdout"}
{"timestamp":"2025-11-10T01:10:59.292489Z","level":"info","event":"2022-12-02 15시: 1~1000 완료 (120563개 누적)","logger":"task.stdout"}
{"timestamp":"2025-11-10T01:11:00.139665Z","level":"info","event":"2022-12-02 15시: 1001~2000 완료 (121563개 누적)","logger":"task.stdout"}
{"timestamp":"2025-11-10T01:11:01.036444Z","level":"info","event":"2022-12-02 15시: 2001~3000 완료 (122563개 누적)","logger":"task.stdout"}
{"timestamp":"2025-11-10T01:11:01.958846Z","level":"info","event":"2022-12-02 15시: 3001~4000 완료 (123563개 누적)","logger":"task.stdout"}
{"timestamp":"2025-11-10T01:11:02.737166Z","level":"info","event":"2022-12-02 15시: 4001~4491 완료 (124054개 누적)","logger":"task.stdout"}
{"timestamp":"2025-11-10T01:11:04.780955Z","level":"info","event":"2022-12-02 16시: 1~1000 완료 (125054개 누적)","logger":"task.stdout"}
{"timestamp":"2025-11-10T01:11:05.681674Z","level":"info","event":"2022-12-02 16시: 1001~2000 완료 (126054개 누적)","logger":"task.stdout"}
{"timestamp":"2025-11-10T01:11:06.591761Z","level":"info","event":"2022-12-02 16시: 2001~3000 완료 (127054개 누적)","logger":"task.stdout"}
{"timestamp":"2025-11-10T01:11:07.495449Z","level":"info","event":"2022-12-02 16시: 3001~4000 완료 (128054개 누적)","logger":"task.stdout"}
{"timestamp":"2025-11-10T01:11:08.393584Z","level":"info","event":"2022-12-02 16시: 4001~5000 완료 (129054개 누적)","logger":"task.stdout"}
{"timestamp":"2025-11-10T01:11:09.210006Z","level":"info","event":"2022-12-02 16시: 5001~5400 완료 (129454개 누적)","logger":"task.stdout"}
{"timestamp":"2025-11-10T01:11:11.504883Z","level":"info","event":"2022-12-02 17시: 1~1000 완료 (130454개 누적)","logger":"task.stdout"}
{"timestamp":"2025-11-10T01:11:12.456415Z","level":"info","event":"2022-12-02 17시: 1001~2000 완료 (131454개 누적)","logger":"task.stdout"}
{"timestamp":"2025-11-10T01:11:13.418004Z","level":"info","event":"2022-12-02 17시: 2001~3000 완료 (132454개 누적)","logger":"task.stdout"}
{"timestamp":"2025-11-10T01:11:14.364535Z","level":"info","event":"2022-12-02 17시: 3001~4000 완료 (133454개 누적)","logger":"task.stdout"}
{"timestamp":"2025-11-10T01:11:15.480669Z","level":"info","event":"2022-12-02 17시: 4001~5000 완료 (134454개 누적)","logger":"task.stdout"}
{"timestamp":"2025-11-10T01:11:16.497589Z","level":"info","event":"2022-12-02 17시: 5001~6000 완료 (135454개 누적)","logger":"task.stdout"}
{"timestamp":"2025-11-10T01:11:17.442059Z","level":"info","event":"2022-12-02 17시: 6001~6979 완료 (136433개 누적)","logger":"task.stdout"}
{"timestamp":"2025-11-10T01:11:20.078980Z","level":"info","event":"2022-12-02 18시: 1~1000 완료 (137433개 누적)","logger":"task.stdout"}
{"timestamp":"2025-11-10T01:11:21.137829Z","level":"info","event":"2022-12-02 18시: 1001~2000 완료 (138433개 누적)","logger":"task.stdout"}
{"timestamp":"2025-11-10T01:11:22.223336Z","level":"info","event":"2022-12-02 18시: 2001~3000 완료 (139433개 누적)","logger":"task.stdout"}
{"timestamp":"2025-11-10T01:11:23.210692Z","level":"info","event":"2022-12-02 18시: 3001~4000 완료 (140433개 누적)","logger":"task.stdout"}
{"timestamp":"2025-11-10T01:11:24.282289Z","level":"info","event":"2022-12-02 18시: 4001~5000 완료 (141433개 누적)","logger":"task.stdout"}
{"timestamp":"2025-11-10T01:11:25.421233Z","level":"info","event":"2022-12-02 18시: 5001~6000 완료 (142433개 누적)","logger":"task.stdout"}
{"timestamp":"2025-11-10T01:11:26.538838Z","level":"info","event":"2022-12-02 18시: 6001~7000 완료 (143433개 누적)","logger":"task.stdout"}
{"timestamp":"2025-11-10T01:11:27.656447Z","level":"info","event":"2022-12-02 18시: 7001~8000 완료 (144433개 누적)","logger":"task.stdout"}
{"timestamp":"2025-11-10T01:11:28.715795Z","level":"info","event":"2022-12-02 18시: 8001~8798 완료 (145231개 누적)","logger":"task.stdout"}
{"timestamp":"2025-11-10T01:11:30.768994Z","level":"info","event":"2022-12-02 19시: 1~1000 완료 (146231개 누적)","logger":"task.stdout"}
{"timestamp":"2025-11-10T01:11:31.710726Z","level":"info","event":"2022-12-02 19시: 1001~2000 완료 (147231개 누적)","logger":"task.stdout"}
{"timestamp":"2025-11-10T01:11:32.644976Z","level":"info","event":"2022-12-02 19시: 2001~3000 완료 (148231개 누적)","logger":"task.stdout"}
{"timestamp":"2025-11-10T01:11:33.590032Z","level":"info","event":"2022-12-02 19시: 3001~4000 완료 (149231개 누적)","logger":"task.stdout"}
{"timestamp":"2025-11-10T01:11:34.474380Z","level":"info","event":"2022-12-02 19시: 4001~5000 완료 (150231개 누적)","logger":"task.stdout"}
{"timestamp":"2025-11-10T01:11:35.397764Z","level":"info","event":"2022-12-02 19시: 5001~5379 완료 (150610개 누적)","logger":"task.stdout"}
{"timestamp":"2025-11-10T01:11:37.395491Z","level":"info","event":"2022-12-02 20시: 1~1000 완료 (151610개 누적)","logger":"task.stdout"}
{"timestamp":"2025-11-10T01:11:38.488850Z","level":"info","event":"2022-12-02 20시: 1001~2000 완료 (152610개 누적)","logger":"task.stdout"}
{"timestamp":"2025-11-10T01:11:39.325222Z","level":"info","event":"2022-12-02 20시: 2001~3000 완료 (153610개 누적)","logger":"task.stdout"}
{"timestamp":"2025-11-10T01:11:40.200095Z","level":"info","event":"2022-12-02 20시: 3001~3975 완료 (154585개 누적)","logger":"task.stdout"}
{"timestamp":"2025-11-10T01:11:41.989619Z","level":"info","event":"2022-12-02 21시: 1~1000 완료 (155585개 누적)","logger":"task.stdout"}
{"timestamp":"2025-11-10T01:11:42.802676Z","level":"info","event":"2022-12-02 21시: 1001~2000 완료 (156585개 누적)","logger":"task.stdout"}
{"timestamp":"2025-11-10T01:11:44.979430Z","level":"info","event":"2022-12-02 21시: 2001~3000 완료 (157585개 누적)","logger":"task.stdout"}
{"timestamp":"2025-11-10T01:11:45.868782Z","level":"info","event":"2022-12-02 21시: 3001~3748 완료 (158333개 누적)","logger":"task.stdout"}
{"timestamp":"2025-11-10T01:11:47.625381Z","level":"info","event":"2022-12-02 22시: 1~1000 완료 (159333개 누적)","logger":"task.stdout"}
{"timestamp":"2025-11-10T01:11:48.572195Z","level":"info","event":"2022-12-02 22시: 1001~2000 완료 (160333개 누적)","logger":"task.stdout"}
{"timestamp":"2025-11-10T01:11:49.475593Z","level":"info","event":"2022-12-02 22시: 2001~3000 완료 (161333개 누적)","logger":"task.stdout"}
{"timestamp":"2025-11-10T01:11:50.269272Z","level":"info","event":"2022-12-02 22시: 3001~3482 완료 (161815개 누적)","logger":"task.stdout"}
{"timestamp":"2025-11-10T01:11:52.032047Z","level":"info","event":"2022-12-02 23시: 1~1000 완료 (162815개 누적)","logger":"task.stdout"}
{"timestamp":"2025-11-10T01:11:52.848486Z","level":"info","event":"2022-12-02 23시: 1001~2000 완료 (163815개 누적)","logger":"task.stdout"}
{"timestamp":"2025-11-10T01:11:53.649827Z","level":"info","event":"2022-12-02 23시: 2001~2601 완료 (164416개 누적)","logger":"task.stdout"}
{"timestamp":"2025-11-10T01:11:55.408082Z","level":"info","event":"2022-12-03 00시: 1~1000 완료 (165416개 누적)","logger":"task.stdout"}
{"timestamp":"2025-11-10T01:11:56.089709Z","level":"info","event":"2022-12-03 00시: 1001~1413 완료 (165829개 누적)","logger":"task.stdout"}
{"timestamp":"2025-11-10T01:11:57.251689Z","level":"info","event":"2022-12-03 01시: 1~804 완료 (166633개 누적)","logger":"task.stdout"}
{"timestamp":"2025-11-10T01:11:59.008308Z","level":"info","event":"2022-12-03 02시: 1~1000 완료 (167633개 누적)","logger":"task.stdout"}
{"timestamp":"2025-11-10T01:11:59.699056Z","level":"info","event":"2022-12-03 02시: 1001~2000 완료 (168633개 누적)","logger":"task.stdout"}
{"timestamp":"2025-11-10T01:12:00.375218Z","level":"info","event":"2022-12-03 02시: 2001~2960 완료 (169593개 누적)","logger":"task.stdout"}
{"timestamp":"2025-11-10T01:12:01.603467Z","level":"info","event":"2022-12-03 03시: 1~1000 완료 (170593개 누적)","logger":"task.stdout"}
{"timestamp":"2025-11-10T01:12:02.244187Z","level":"info","event":"2022-12-03 03시: 1001~1500 완료 (171093개 누적)","logger":"task.stdout"}
{"timestamp":"2025-11-10T01:12:03.378962Z","level":"info","event":"2022-12-03 04시: 1~655 완료 (171748개 누적)","logger":"task.stdout"}
{"timestamp":"2025-11-10T01:12:04.495982Z","level":"info","event":"2022-12-03 05시: 1~533 완료 (172281개 누적)","logger":"task.stdout"}
{"timestamp":"2025-11-10T01:12:05.620554Z","level":"info","event":"2022-12-03 06시: 1~535 완료 (172816개 누적)","logger":"task.stdout"}
{"timestamp":"2025-11-10T01:12:06.743826Z","level":"info","event":"2022-12-03 07시: 1~495 완료 (173311개 누적)","logger":"task.stdout"}
{"timestamp":"2025-11-10T01:12:08.199005Z","level":"info","event":"2022-12-03 08시: 1~1000 완료 (174311개 누적)","logger":"task.stdout"}
{"timestamp":"2025-11-10T01:12:08.709620Z","level":"info","event":"2022-12-03 08시: 1001~1053 완료 (174364개 누적)","logger":"task.stdout"}
{"timestamp":"2025-11-10T01:12:10.049341Z","level":"info","event":"2022-12-03 09시: 1~1000 완료 (175364개 누적)","logger":"task.stdout"}
{"timestamp":"2025-11-10T01:12:10.753866Z","level":"info","event":"2022-12-03 09시: 1001~1622 완료 (175986개 누적)","logger":"task.stdout"}
{"timestamp":"2025-11-10T01:12:12.001253Z","level":"info","event":"2022-12-03 10시: 1~1000 완료 (176986개 누적)","logger":"task.stdout"}
{"timestamp":"2025-11-10T01:12:12.648398Z","level":"info","event":"2022-12-03 10시: 1001~1888 완료 (177874개 누적)","logger":"task.stdout"}
{"timestamp":"2025-11-10T01:12:14.043020Z","level":"info","event":"2022-12-03 11시: 1~1000 완료 (178874개 누적)","logger":"task.stdout"}
{"timestamp":"2025-11-10T01:12:14.761430Z","level":"info","event":"2022-12-03 11시: 1001~2000 완료 (179874개 누적)","logger":"task.stdout"}
{"timestamp":"2025-11-10T01:12:15.471174Z","level":"info","event":"2022-12-03 11시: 2001~2735 완료 (180609개 누적)","logger":"task.stdout"}
{"timestamp":"2025-11-10T01:12:17.115473Z","level":"info","event":"2022-12-03 12시: 1~1000 완료 (181609개 누적)","logger":"task.stdout"}
{"timestamp":"2025-11-10T01:12:17.912119Z","level":"info","event":"2022-12-03 12시: 1001~2000 완료 (182609개 누적)","logger":"task.stdout"}
{"timestamp":"2025-11-10T01:12:18.652879Z","level":"info","event":"2022-12-03 12시: 2001~3000 완료 (183609개 누적)","logger":"task.stdout"}
{"timestamp":"2025-11-10T01:12:19.319357Z","level":"info","event":"2022-12-03 12시: 3001~3610 완료 (184219개 누적)","logger":"task.stdout"}
{"timestamp":"2025-11-10T01:12:20.985821Z","level":"info","event":"2022-12-03 13시: 1~1000 완료 (185219개 누적)","logger":"task.stdout"}
{"timestamp":"2025-11-10T01:12:21.728627Z","level":"info","event":"2022-12-03 13시: 1001~2000 완료 (186219개 누적)","logger":"task.stdout"}
{"timestamp":"2025-11-10T01:12:22.546705Z","level":"info","event":"2022-12-03 13시: 2001~3000 완료 (187219개 누적)","logger":"task.stdout"}
{"timestamp":"2025-11-10T01:12:23.281843Z","level":"info","event":"2022-12-03 13시: 3001~4000 완료 (188219개 누적)","logger":"task.stdout"}
{"timestamp":"2025-11-10T01:12:23.946995Z","level":"info","event":"2022-12-03 13시: 4001~4378 완료 (188597개 누적)","logger":"task.stdout"}
{"timestamp":"2025-11-10T01:12:25.560756Z","level":"info","event":"2022-12-03 14시: 1~1000 완료 (189597개 누적)","logger":"task.stdout"}
{"timestamp":"2025-11-10T01:12:26.436986Z","level":"info","event":"2022-12-03 14시: 1001~2000 완료 (190597개 누적)","logger":"task.stdout"}
{"timestamp":"2025-11-10T01:12:27.251947Z","level":"info","event":"2022-12-03 14시: 2001~3000 완료 (191597개 누적)","logger":"task.stdout"}
{"timestamp":"2025-11-10T01:12:28.148486Z","level":"info","event":"2022-12-03 14시: 3001~4000 완료 (192597개 누적)","logger":"task.stdout"}
{"timestamp":"2025-11-10T01:12:28.849388Z","level":"info","event":"2022-12-03 14시: 4001~4332 완료 (192929개 누적)","logger":"task.stdout"}
{"timestamp":"2025-11-10T01:12:30.503996Z","level":"info","event":"2022-12-03 15시: 1~1000 완료 (193929개 누적)","logger":"task.stdout"}
{"timestamp":"2025-11-10T01:12:31.277072Z","level":"info","event":"2022-12-03 15시: 1001~2000 완료 (194929개 누적)","logger":"task.stdout"}
{"timestamp":"2025-11-10T01:12:32.002197Z","level":"info","event":"2022-12-03 15시: 2001~3000 완료 (195929개 누적)","logger":"task.stdout"}
{"timestamp":"2025-11-10T01:12:32.736495Z","level":"info","event":"2022-12-03 15시: 3001~4000 완료 (196929개 누적)","logger":"task.stdout"}
{"timestamp":"2025-11-10T01:12:33.462103Z","level":"info","event":"2022-12-03 15시: 4001~4596 완료 (197525개 누적)","logger":"task.stdout"}
{"timestamp":"2025-11-10T01:12:35.053653Z","level":"info","event":"2022-12-03 16시: 1~1000 완료 (198525개 누적)","logger":"task.stdout"}
{"timestamp":"2025-11-10T01:12:35.828677Z","level":"info","event":"2022-12-03 16시: 1001~2000 완료 (199525개 누적)","logger":"task.stdout"}
{"timestamp":"2025-11-10T01:12:36.566187Z","level":"info","event":"2022-12-03 16시: 2001~3000 완료 (200525개 누적)","logger":"task.stdout"}
{"timestamp":"2025-11-10T01:12:37.471472Z","level":"info","event":"2022-12-03 16시: 3001~4000 완료 (201525개 누적)","logger":"task.stdout"}
{"timestamp":"2025-11-10T01:12:38.225520Z","level":"info","event":"2022-12-03 16시: 4001~4849 완료 (202374개 누적)","logger":"task.stdout"}
{"timestamp":"2025-11-10T01:12:39.825031Z","level":"info","event":"2022-12-03 17시: 1~1000 완료 (203374개 누적)","logger":"task.stdout"}
{"timestamp":"2025-11-10T01:12:40.558930Z","level":"info","event":"2022-12-03 17시: 1001~2000 완료 (204374개 누적)","logger":"task.stdout"}
{"timestamp":"2025-11-10T01:12:41.281911Z","level":"info","event":"2022-12-03 17시: 2001~3000 완료 (205374개 누적)","logger":"task.stdout"}
{"timestamp":"2025-11-10T01:12:42.052536Z","level":"info","event":"2022-12-03 17시: 3001~4000 완료 (206374개 누적)","logger":"task.stdout"}
{"timestamp":"2025-11-10T01:12:42.758249Z","level":"info","event":"2022-12-03 17시: 4001~4670 완료 (207044개 누적)","logger":"task.stdout"}
{"timestamp":"2025-11-10T01:12:44.307155Z","level":"info","event":"2022-12-03 18시: 1~1000 완료 (208044개 누적)","logger":"task.stdout"}
{"timestamp":"2025-11-10T01:12:45.020928Z","level":"info","event":"2022-12-03 18시: 1001~2000 완료 (209044개 누적)","logger":"task.stdout"}
{"timestamp":"2025-11-10T01:12:45.747627Z","level":"info","event":"2022-12-03 18시: 2001~3000 완료 (210044개 누적)","logger":"task.stdout"}
{"timestamp":"2025-11-10T01:12:46.510025Z","level":"info","event":"2022-12-03 18시: 3001~3984 완료 (211028개 누적)","logger":"task.stdout"}
{"timestamp":"2025-11-10T01:12:48.206557Z","level":"info","event":"2022-12-03 19시: 1~1000 완료 (212028개 누적)","logger":"task.stdout"}
{"timestamp":"2025-11-10T01:12:48.908896Z","level":"info","event":"2022-12-03 19시: 1001~2000 완료 (213028개 누적)","logger":"task.stdout"}
{"timestamp":"2025-11-10T01:12:49.770658Z","level":"info","event":"2022-12-03 19시: 2001~3000 완료 (214028개 누적)","logger":"task.stdout"}
{"timestamp":"2025-11-10T01:12:50.360289Z","level":"info","event":"2022-12-03 19시: 3001~3236 완료 (214264개 누적)","logger":"task.stdout"}
{"timestamp":"2025-11-10T01:12:51.909867Z","level":"info","event":"2022-12-03 20시: 1~1000 완료 (215264개 누적)","logger":"task.stdout"}
{"timestamp":"2025-11-10T01:12:52.978341Z","level":"info","event":"2022-12-03 20시: 1001~2000 완료 (216264개 누적)","logger":"task.stdout"}
{"timestamp":"2025-11-10T01:12:54.035959Z","level":"info","event":"2022-12-03 20시: 2001~2823 완료 (217087개 누적)","logger":"task.stdout"}
{"timestamp":"2025-11-10T01:12:55.509444Z","level":"info","event":"2022-12-03 21시: 1~1000 완료 (218087개 누적)","logger":"task.stdout"}
{"timestamp":"2025-11-10T01:12:56.248815Z","level":"info","event":"2022-12-03 21시: 1001~2000 완료 (219087개 누적)","logger":"task.stdout"}
{"timestamp":"2025-11-10T01:12:57.022972Z","level":"info","event":"2022-12-03 21시: 2001~2676 완료 (219763개 누적)","logger":"task.stdout"}
{"timestamp":"2025-11-10T01:12:58.385627Z","level":"info","event":"2022-12-03 22시: 1~1000 완료 (220763개 누적)","logger":"task.stdout"}
{"timestamp":"2025-11-10T01:12:59.285590Z","level":"info","event":"2022-12-03 22시: 1001~2000 완료 (221763개 누적)","logger":"task.stdout"}
{"timestamp":"2025-11-10T01:12:59.962055Z","level":"info","event":"2022-12-03 22시: 2001~2451 완료 (222214개 누적)","logger":"task.stdout"}
{"timestamp":"2025-11-10T01:13:01.248553Z","level":"info","event":"2022-12-03 23시: 1~1000 완료 (223214개 누적)","logger":"task.stdout"}
{"timestamp":"2025-11-10T01:13:01.952090Z","level":"info","event":"2022-12-03 23시: 1001~1893 완료 (224107개 누적)","logger":"task.stdout"}
{"timestamp":"2025-11-10T01:13:03.874445Z","level":"info","event":"2022-12-04 00시: 1~1000 완료 (225107개 누적)","logger":"task.stdout"}
{"timestamp":"2025-11-10T01:13:04.495881Z","level":"info","event":"2022-12-04 00시: 1001~1725 완료 (225832개 누적)","logger":"task.stdout"}
{"timestamp":"2025-11-10T01:13:05.604688Z","level":"info","event":"2022-12-04 01시: 1~1000 완료 (226832개 누적)","logger":"task.stdout"}
{"timestamp":"2025-11-10T01:13:06.432618Z","level":"info","event":"2022-12-04 01시: 1001~1170 완료 (227002개 누적)","logger":"task.stdout"}
{"timestamp":"2025-11-10T01:13:07.565616Z","level":"info","event":"2022-12-04 02시: 1~804 완료 (227806개 누적)","logger":"task.stdout"}
{"timestamp":"2025-11-10T01:13:08.565084Z","level":"info","event":"2022-12-04 03시: 1~543 완료 (228349개 누적)","logger":"task.stdout"}
{"timestamp":"2025-11-10T01:13:09.602942Z","level":"info","event":"2022-12-04 04시: 1~333 완료 (228682개 누적)","logger":"task.stdout"}
{"timestamp":"2025-11-10T01:13:10.637026Z","level":"info","event":"2022-12-04 05시: 1~371 완료 (229053개 누적)","logger":"task.stdout"}
{"timestamp":"2025-11-10T01:13:11.530641Z","level":"info","event":"2022-12-04 06시: 1~455 완료 (229508개 누적)","logger":"task.stdout"}
{"timestamp":"2025-11-10T01:13:12.513948Z","level":"info","event":"2022-12-04 07시: 1~831 완료 (230339개 누적)","logger":"task.stdout"}
{"timestamp":"2025-11-10T01:13:13.870633Z","level":"info","event":"2022-12-04 08시: 1~1000 완료 (231339개 누적)","logger":"task.stdout"}
{"timestamp":"2025-11-10T01:13:14.431550Z","level":"info","event":"2022-12-04 08시: 1001~1382 완료 (231721개 누적)","logger":"task.stdout"}
{"timestamp":"2025-11-10T01:13:15.508486Z","level":"info","event":"2022-12-04 09시: 1~1000 완료 (232721개 누적)","logger":"task.stdout"}
{"timestamp":"2025-11-10T01:13:16.485580Z","level":"info","event":"2022-12-04 09시: 1001~1993 완료 (233714개 누적)","logger":"task.stdout"}
{"timestamp":"2025-11-10T01:13:17.738262Z","level":"info","event":"2022-12-04 10시: 1~1000 완료 (234714개 누적)","logger":"task.stdout"}
{"timestamp":"2025-11-10T01:13:18.375899Z","level":"info","event":"2022-12-04 10시: 1001~2000 완료 (235714개 누적)","logger":"task.stdout"}
{"timestamp":"2025-11-10T01:13:19.130155Z","level":"info","event":"2022-12-04 10시: 2001~2330 완료 (236044개 누적)","logger":"task.stdout"}
{"timestamp":"2025-11-10T01:13:20.311089Z","level":"info","event":"2022-12-04 11시: 1~1000 완료 (237044개 누적)","logger":"task.stdout"}
{"timestamp":"2025-11-10T01:13:21.210029Z","level":"info","event":"2022-12-04 11시: 1001~2000 완료 (238044개 누적)","logger":"task.stdout"}
{"timestamp":"2025-11-10T01:13:21.890777Z","level":"info","event":"2022-12-04 11시: 2001~2608 완료 (238652개 누적)","logger":"task.stdout"}
{"timestamp":"2025-11-10T01:13:23.355805Z","level":"info","event":"2022-12-04 12시: 1~1000 완료 (239652개 누적)","logger":"task.stdout"}
{"timestamp":"2025-11-10T01:13:24.254049Z","level":"info","event":"2022-12-04 12시: 1001~2000 완료 (240652개 누적)","logger":"task.stdout"}
{"timestamp":"2025-11-10T01:13:24.965528Z","level":"info","event":"2022-12-04 12시: 2001~3000 완료 (241652개 누적)","logger":"task.stdout"}
{"timestamp":"2025-11-10T01:13:25.491985Z","level":"info","event":"2022-12-04 12시: 3001~3007 완료 (241659개 누적)","logger":"task.stdout"}
{"timestamp":"2025-11-10T01:13:26.872152Z","level":"info","event":"2022-12-04 13시: 1~1000 완료 (242659개 누적)","logger":"task.stdout"}
{"timestamp":"2025-11-10T01:13:27.576352Z","level":"info","event":"2022-12-04 13시: 1001~2000 완료 (243659개 누적)","logger":"task.stdout"}
{"timestamp":"2025-11-10T01:13:28.241429Z","level":"info","event":"2022-12-04 13시: 2001~3000 완료 (244659개 누적)","logger":"task.stdout"}
{"timestamp":"2025-11-10T01:13:28.860578Z","level":"info","event":"2022-12-04 13시: 3001~3327 완료 (244986개 누적)","logger":"task.stdout"}
{"timestamp":"2025-11-10T01:13:30.142069Z","level":"info","event":"2022-12-04 14시: 1~1000 완료 (245986개 누적)","logger":"task.stdout"}
{"timestamp":"2025-11-10T01:13:30.843868Z","level":"info","event":"2022-12-04 14시: 1001~2000 완료 (246986개 누적)","logger":"task.stdout"}
{"timestamp":"2025-11-10T01:13:31.566503Z","level":"info","event":"2022-12-04 14시: 2001~3000 완료 (247986개 누적)","logger":"task.stdout"}
{"timestamp":"2025-11-10T01:13:32.233375Z","level":"info","event":"2022-12-04 14시: 3001~3271 완료 (248257개 누적)","logger":"task.stdout"}
{"timestamp":"2025-11-10T01:13:33.505032Z","level":"info","event":"2022-12-04 15시: 1~1000 완료 (249257개 누적)","logger":"task.stdout"}
{"timestamp":"2025-11-10T01:13:34.202802Z","level":"info","event":"2022-12-04 15시: 1001~2000 완료 (250257개 누적)","logger":"task.stdout"}
{"timestamp":"2025-11-10T01:13:34.948770Z","level":"info","event":"2022-12-04 15시: 2001~3000 완료 (251257개 누적)","logger":"task.stdout"}
{"timestamp":"2025-11-10T01:13:35.624506Z","level":"info","event":"2022-12-04 15시: 3001~3396 완료 (251653개 누적)","logger":"task.stdout"}
{"timestamp":"2025-11-10T01:13:36.989846Z","level":"info","event":"2022-12-04 16시: 1~1000 완료 (252653개 누적)","logger":"task.stdout"}
{"timestamp":"2025-11-10T01:13:37.711242Z","level":"info","event":"2022-12-04 16시: 1001~2000 완료 (253653개 누적)","logger":"task.stdout"}
{"timestamp":"2025-11-10T01:13:38.421703Z","level":"info","event":"2022-12-04 16시: 2001~3000 완료 (254653개 누적)","logger":"task.stdout"}
{"timestamp":"2025-11-10T01:13:39.108403Z","level":"info","event":"2022-12-04 16시: 3001~3472 완료 (255125개 누적)","logger":"task.stdout"}
{"timestamp":"2025-11-10T01:13:40.373336Z","level":"info","event":"2022-12-04 17시: 1~1000 완료 (256125개 누적)","logger":"task.stdout"}
{"timestamp":"2025-11-10T01:13:41.084585Z","level":"info","event":"2022-12-04 17시: 1001~2000 완료 (257125개 누적)","logger":"task.stdout"}
{"timestamp":"2025-11-10T01:13:41.825562Z","level":"info","event":"2022-12-04 17시: 2001~3000 완료 (258125개 누적)","logger":"task.stdout"}
{"timestamp":"2025-11-10T01:13:42.470411Z","level":"info","event":"2022-12-04 17시: 3001~3284 완료 (258409개 누적)","logger":"task.stdout"}
{"timestamp":"2025-11-10T01:13:43.747457Z","level":"info","event":"2022-12-04 18시: 1~1000 완료 (259409개 누적)","logger":"task.stdout"}
{"timestamp":"2025-11-10T01:13:44.399102Z","level":"info","event":"2022-12-04 18시: 1001~2000 완료 (260409개 누적)","logger":"task.stdout"}
{"timestamp":"2025-11-10T01:13:45.033123Z","level":"info","event":"2022-12-04 18시: 2001~2877 완료 (261286개 누적)","logger":"task.stdout"}
{"timestamp":"2025-11-10T01:13:46.106003Z","level":"info","event":"2022-12-04 19시: 1~1000 완료 (262286개 누적)","logger":"task.stdout"}
{"timestamp":"2025-11-10T01:13:46.724219Z","level":"info","event":"2022-12-04 19시: 1001~2000 완료 (263286개 누적)","logger":"task.stdout"}
{"timestamp":"2025-11-10T01:13:47.288465Z","level":"info","event":"2022-12-04 19시: 2001~2237 완료 (263523개 누적)","logger":"task.stdout"}
{"timestamp":"2025-11-10T01:13:48.371702Z","level":"info","event":"2022-12-04 20시: 1~1000 완료 (264523개 누적)","logger":"task.stdout"}
{"timestamp":"2025-11-10T01:13:49.072589Z","level":"info","event":"2022-12-04 20시: 1001~1963 완료 (265486개 누적)","logger":"task.stdout"}
{"timestamp":"2025-11-10T01:13:50.201925Z","level":"info","event":"2022-12-04 21시: 1~1000 완료 (266486개 누적)","logger":"task.stdout"}
{"timestamp":"2025-11-10T01:13:50.948347Z","level":"info","event":"2022-12-04 21시: 1001~1973 완료 (267459개 누적)","logger":"task.stdout"}
{"timestamp":"2025-11-10T01:13:52.076244Z","level":"info","event":"2022-12-04 22시: 1~1000 완료 (268459개 누적)","logger":"task.stdout"}
{"timestamp":"2025-11-10T01:13:52.658140Z","level":"info","event":"2022-12-04 22시: 1001~1748 완료 (269207개 누적)","logger":"task.stdout"}
{"timestamp":"2025-11-10T01:13:53.683346Z","level":"info","event":"2022-12-04 23시: 1~1000 완료 (270207개 누적)","logger":"task.stdout"}
{"timestamp":"2025-11-10T01:13:54.245181Z","level":"info","event":"2022-12-04 23시: 1001~1278 완료 (270485개 누적)","logger":"task.stdout"}
{"timestamp":"2025-11-10T01:13:56.141455Z","level":"info","event":"2022-12-05 00시: 1~1000 완료 (271485개 누적)","logger":"task.stdout"}
{"timestamp":"2025-11-10T01:13:56.728769Z","level":"info","event":"2022-12-05 00시: 1001~1125 완료 (271610개 누적)","logger":"task.stdout"}
{"timestamp":"2025-11-10T01:13:57.858708Z","level":"info","event":"2022-12-05 01시: 1~760 완료 (272370개 누적)","logger":"task.stdout"}
{"timestamp":"2025-11-10T01:13:58.938328Z","level":"info","event":"2022-12-05 02시: 1~451 완료 (272821개 누적)","logger":"task.stdout"}
{"timestamp":"2025-11-10T01:14:00.089239Z","level":"info","event":"2022-12-05 03시: 1~342 완료 (273163개 누적)","logger":"task.stdout"}
{"timestamp":"2025-11-10T01:14:01.192064Z","level":"info","event":"2022-12-05 04시: 1~328 완료 (273491개 누적)","logger":"task.stdout"}
{"timestamp":"2025-11-10T01:14:02.475471Z","level":"info","event":"2022-12-05 05시: 1~836 완료 (274327개 누적)","logger":"task.stdout"}
{"timestamp":"2025-11-10T01:14:03.807111Z","level":"info","event":"2022-12-05 06시: 1~1000 완료 (275327개 누적)","logger":"task.stdout"}
{"timestamp":"2025-11-10T01:14:04.548758Z","level":"info","event":"2022-12-05 06시: 1001~1815 완료 (276142개 누적)","logger":"task.stdout"}
{"timestamp":"2025-11-10T01:14:06.192863Z","level":"info","event":"2022-12-05 07시: 1~1000 완료 (277142개 누적)","logger":"task.stdout"}
{"timestamp":"2025-11-10T01:14:07.039333Z","level":"info","event":"2022-12-05 07시: 1001~2000 완료 (278142개 누적)","logger":"task.stdout"}
{"timestamp":"2025-11-10T01:14:07.835336Z","level":"info","event":"2022-12-05 07시: 2001~3000 완료 (279142개 누적)","logger":"task.stdout"}
{"timestamp":"2025-11-10T01:14:08.645318Z","level":"info","event":"2022-12-05 07시: 3001~4000 완료 (280142개 누적)","logger":"task.stdout"}
{"timestamp":"2025-11-10T01:14:09.430747Z","level":"info","event":"2022-12-05 07시: 4001~4817 완료 (280959개 누적)","logger":"task.stdout"}
{"timestamp":"2025-11-10T01:14:11.299643Z","level":"info","event":"2022-12-05 08시: 1~1000 완료 (281959개 누적)","logger":"task.stdout"}
{"timestamp":"2025-11-10T01:14:12.277306Z","level":"info","event":"2022-12-05 08시: 1001~2000 완료 (282959개 누적)","logger":"task.stdout"}
{"timestamp":"2025-11-10T01:14:13.262886Z","level":"info","event":"2022-12-05 08시: 2001~3000 완료 (283959개 누적)","logger":"task.stdout"}
{"timestamp":"2025-11-10T01:14:14.318112Z","level":"info","event":"2022-12-05 08시: 3001~4000 완료 (284959개 누적)","logger":"task.stdout"}
{"timestamp":"2025-11-10T01:14:15.314008Z","level":"info","event":"2022-12-05 08시: 4001~5000 완료 (285959개 누적)","logger":"task.stdout"}
{"timestamp":"2025-11-10T01:14:16.312435Z","level":"info","event":"2022-12-05 08시: 5001~6000 완료 (286959개 누적)","logger":"task.stdout"}
{"timestamp":"2025-11-10T01:14:17.312329Z","level":"info","event":"2022-12-05 08시: 6001~7000 완료 (287959개 누적)","logger":"task.stdout"}
{"timestamp":"2025-11-10T01:14:18.295923Z","level":"info","event":"2022-12-05 08시: 7001~8000 완료 (288959개 누적)","logger":"task.stdout"}
{"timestamp":"2025-11-10T01:14:19.249084Z","level":"info","event":"2022-12-05 08시: 8001~8486 완료 (289445개 누적)","logger":"task.stdout"}
{"timestamp":"2025-11-10T01:14:20.818797Z","level":"info","event":"2022-12-05 09시: 1~1000 완료 (290445개 누적)","logger":"task.stdout"}
{"timestamp":"2025-11-10T01:14:21.688753Z","level":"info","event":"2022-12-05 09시: 1001~2000 완료 (291445개 누적)","logger":"task.stdout"}
{"timestamp":"2025-11-10T01:14:22.536509Z","level":"info","event":"2022-12-05 09시: 2001~3000 완료 (292445개 누적)","logger":"task.stdout"}
{"timestamp":"2025-11-10T01:14:23.374643Z","level":"info","event":"2022-12-05 09시: 3001~4000 완료 (293445개 누적)","logger":"task.stdout"}
{"timestamp":"2025-11-10T01:14:24.131825Z","level":"info","event":"2022-12-05 09시: 4001~4058 완료 (293503개 누적)","logger":"task.stdout"}
{"timestamp":"2025-11-10T01:14:25.552263Z","level":"info","event":"2022-12-05 10시: 1~1000 완료 (294503개 누적)","logger":"task.stdout"}
{"timestamp":"2025-11-10T01:14:26.344308Z","level":"info","event":"2022-12-05 10시: 1001~2000 완료 (295503개 누적)","logger":"task.stdout"}
{"timestamp":"2025-11-10T01:14:27.182247Z","level":"info","event":"2022-12-05 10시: 2001~2653 완료 (296156개 누적)","logger":"task.stdout"}
{"timestamp":"2025-11-10T01:14:28.597410Z","level":"info","event":"2022-12-05 11시: 1~1000 완료 (297156개 누적)","logger":"task.stdout"}
{"timestamp":"2025-11-10T01:14:29.418968Z","level":"info","event":"2022-12-05 11시: 1001~2000 완료 (298156개 누적)","logger":"task.stdout"}
{"timestamp":"2025-11-10T01:14:30.243414Z","level":"info","event":"2022-12-05 11시: 2001~2946 완료 (299102개 누적)","logger":"task.stdout"}
{"timestamp":"2025-11-10T01:14:31.778558Z","level":"info","event":"2022-12-05 12시: 1~1000 완료 (300102개 누적)","logger":"task.stdout"}
{"timestamp":"2025-11-10T01:14:32.599324Z","level":"info","event":"2022-12-05 12시: 1001~2000 완료 (301102개 누적)","logger":"task.stdout"}
{"timestamp":"2025-11-10T01:14:33.422554Z","level":"info","event":"2022-12-05 12시: 2001~3000 완료 (302102개 누적)","logger":"task.stdout"}
{"timestamp":"2025-11-10T01:14:34.197789Z","level":"info","event":"2022-12-05 12시: 3001~3334 완료 (302436개 누적)","logger":"task.stdout"}
{"timestamp":"2025-11-10T01:14:35.775626Z","level":"info","event":"2022-12-05 13시: 1~1000 완료 (303436개 누적)","logger":"task.stdout"}
{"timestamp":"2025-11-10T01:14:36.597964Z","level":"info","event":"2022-12-05 13시: 1001~2000 완료 (304436개 누적)","logger":"task.stdout"}
{"timestamp":"2025-11-10T01:14:37.413377Z","level":"info","event":"2022-12-05 13시: 2001~3000 완료 (305436개 누적)","logger":"task.stdout"}
{"timestamp":"2025-11-10T01:14:38.172239Z","level":"info","event":"2022-12-05 13시: 3001~3177 완료 (305613개 누적)","logger":"task.stdout"}
{"timestamp":"2025-11-10T01:14:39.668668Z","level":"info","event":"2022-12-05 14시: 1~1000 완료 (306613개 누적)","logger":"task.stdout"}
{"timestamp":"2025-11-10T01:14:40.480524Z","level":"info","event":"2022-12-05 14시: 1001~2000 완료 (307613개 누적)","logger":"task.stdout"}
{"timestamp":"2025-11-10T01:14:41.311050Z","level":"info","event":"2022-12-05 14시: 2001~3000 완료 (308613개 누적)","logger":"task.stdout"}
{"timestamp":"2025-11-10T01:14:42.073609Z","level":"info","event":"2022-12-05 14시: 3001~3141 완료 (308754개 누적)","logger":"task.stdout"}
{"timestamp":"2025-11-10T01:14:43.656822Z","level":"info","event":"2022-12-05 15시: 1~1000 완료 (309754개 누적)","logger":"task.stdout"}
{"timestamp":"2025-11-10T01:14:44.537309Z","level":"info","event":"2022-12-05 15시: 1001~2000 완료 (310754개 누적)","logger":"task.stdout"}
{"timestamp":"2025-11-10T01:14:45.379286Z","level":"info","event":"2022-12-05 15시: 2001~3000 완료 (311754개 누적)","logger":"task.stdout"}
{"timestamp":"2025-11-10T01:14:46.206433Z","level":"info","event":"2022-12-05 15시: 3001~3718 완료 (312472개 누적)","logger":"task.stdout"}
{"timestamp":"2025-11-10T01:14:48.174206Z","level":"info","event":"2022-12-05 16시: 1~1000 완료 (313472개 누적)","logger":"task.stdout"}
{"timestamp":"2025-11-10T01:14:49.279438Z","level":"info","event":"2022-12-05 16시: 1001~2000 완료 (314472개 누적)","logger":"task.stdout"}
{"timestamp":"2025-11-10T01:14:50.316898Z","level":"info","event":"2022-12-05 16시: 2001~3000 완료 (315472개 누적)","logger":"task.stdout"}
{"timestamp":"2025-11-10T01:14:51.402738Z","level":"info","event":"2022-12-05 16시: 3001~4000 완료 (316472개 누적)","logger":"task.stdout"}
{"timestamp":"2025-11-10T01:14:52.439102Z","level":"info","event":"2022-12-05 16시: 4001~4796 완료 (317268개 누적)","logger":"task.stdout"}
{"timestamp":"2025-11-10T01:14:54.458331Z","level":"info","event":"2022-12-05 17시: 1~1000 완료 (318268개 누적)","logger":"task.stdout"}
{"timestamp":"2025-11-10T01:14:55.574535Z","level":"info","event":"2022-12-05 17시: 1001~2000 완료 (319268개 누적)","logger":"task.stdout"}
{"timestamp":"2025-11-10T01:14:56.632394Z","level":"info","event":"2022-12-05 17시: 2001~3000 완료 (320268개 누적)","logger":"task.stdout"}
{"timestamp":"2025-11-10T01:14:57.659666Z","level":"info","event":"2022-12-05 17시: 3001~4000 완료 (321268개 누적)","logger":"task.stdout"}
{"timestamp":"2025-11-10T01:14:58.746754Z","level":"info","event":"2022-12-05 17시: 4001~5000 완료 (322268개 누적)","logger":"task.stdout"}
{"timestamp":"2025-11-10T01:14:59.792487Z","level":"info","event":"2022-12-05 17시: 5001~6000 완료 (323268개 누적)","logger":"task.stdout"}
{"timestamp":"2025-11-10T01:15:00.767113Z","level":"info","event":"2022-12-05 17시: 6001~6427 완료 (323695개 누적)","logger":"task.stdout"}
{"timestamp":"2025-11-10T01:15:02.870339Z","level":"info","event":"2022-12-05 18시: 1~1000 완료 (324695개 누적)","logger":"task.stdout"}
{"timestamp":"2025-11-10T01:15:04.123031Z","level":"info","event":"2022-12-05 18시: 1001~2000 완료 (325695개 누적)","logger":"task.stdout"}
{"timestamp":"2025-11-10T01:15:05.162164Z","level":"info","event":"2022-12-05 18시: 2001~3000 완료 (326695개 누적)","logger":"task.stdout"}
{"timestamp":"2025-11-10T01:15:06.247837Z","level":"info","event":"2022-12-05 18시: 3001~4000 완료 (327695개 누적)","logger":"task.stdout"}
{"timestamp":"2025-11-10T01:15:07.321927Z","level":"info","event":"2022-12-05 18시: 4001~5000 완료 (328695개 누적)","logger":"task.stdout"}
{"timestamp":"2025-11-10T01:15:08.443500Z","level":"info","event":"2022-12-05 18시: 5001~6000 완료 (329695개 누적)","logger":"task.stdout"}
{"timestamp":"2025-11-10T01:15:09.652980Z","level":"info","event":"2022-12-05 18시: 6001~7000 완료 (330695개 누적)","logger":"task.stdout"}
{"timestamp":"2025-11-10T01:15:10.797607Z","level":"info","event":"2022-12-05 18시: 7001~8000 완료 (331695개 누적)","logger":"task.stdout"}
{"timestamp":"2025-11-10T01:15:11.995936Z","level":"info","event":"2022-12-05 18시: 8001~8802 완료 (332497개 누적)","logger":"task.stdout"}
{"timestamp":"2025-11-10T01:15:14.111033Z","level":"info","event":"2022-12-05 19시: 1~1000 완료 (333497개 누적)","logger":"task.stdout"}
{"timestamp":"2025-11-10T01:15:15.446381Z","level":"info","event":"2022-12-05 19시: 1001~2000 완료 (334497개 누적)","logger":"task.stdout"}
{"timestamp":"2025-11-10T01:15:16.581990Z","level":"info","event":"2022-12-05 19시: 2001~3000 완료 (335497개 누적)","logger":"task.stdout"}
{"timestamp":"2025-11-10T01:15:17.801111Z","level":"info","event":"2022-12-05 19시: 3001~4000 완료 (336497개 누적)","logger":"task.stdout"}
{"timestamp":"2025-11-10T01:15:18.791950Z","level":"info","event":"2022-12-05 19시: 4001~5000 완료 (337497개 누적)","logger":"task.stdout"}
{"timestamp":"2025-11-10T01:15:19.663193Z","level":"info","event":"2022-12-05 19시: 5001~5375 완료 (337872개 누적)","logger":"task.stdout"}
{"timestamp":"2025-11-10T01:15:21.340310Z","level":"info","event":"2022-12-05 20시: 1~1000 완료 (338872개 누적)","logger":"task.stdout"}
{"timestamp":"2025-11-10T01:15:22.366053Z","level":"info","event":"2022-12-05 20시: 1001~2000 완료 (339872개 누적)","logger":"task.stdout"}
{"timestamp":"2025-11-10T01:15:23.399423Z","level":"info","event":"2022-12-05 20시: 2001~3000 완료 (340872개 누적)","logger":"task.stdout"}
{"timestamp":"2025-11-10T01:15:24.198776Z","level":"info","event":"2022-12-05 20시: 3001~4000 완료 (341872개 누적)","logger":"task.stdout"}
{"timestamp":"2025-11-10T01:15:24.900082Z","level":"info","event":"2022-12-05 20시: 4001~4225 완료 (342097개 누적)","logger":"task.stdout"}
{"timestamp":"2025-11-10T01:15:26.340419Z","level":"info","event":"2022-12-05 21시: 1~1000 완료 (343097개 누적)","logger":"task.stdout"}
{"timestamp":"2025-11-10T01:15:27.132937Z","level":"info","event":"2022-12-05 21시: 1001~2000 완료 (344097개 누적)","logger":"task.stdout"}
{"timestamp":"2025-11-10T01:15:27.910085Z","level":"info","event":"2022-12-05 21시: 2001~3000 완료 (345097개 누적)","logger":"task.stdout"}
{"timestamp":"2025-11-10T01:15:28.758781Z","level":"info","event":"2022-12-05 21시: 3001~3651 완료 (345748개 누적)","logger":"task.stdout"}
{"timestamp":"2025-11-10T01:15:30.186713Z","level":"info","event":"2022-12-05 22시: 1~1000 완료 (346748개 누적)","logger":"task.stdout"}
{"timestamp":"2025-11-10T01:15:31.162750Z","level":"info","event":"2022-12-05 22시: 1001~2000 완료 (347748개 누적)","logger":"task.stdout"}
{"timestamp":"2025-11-10T01:15:31.935292Z","level":"info","event":"2022-12-05 22시: 2001~3000 완료 (348748개 누적)","logger":"task.stdout"}
{"timestamp":"2025-11-10T01:15:32.581788Z","level":"info","event":"2022-12-05 22시: 3001~3031 완료 (348779개 누적)","logger":"task.stdout"}
{"timestamp":"2025-11-10T01:15:33.946775Z","level":"info","event":"2022-12-05 23시: 1~1000 완료 (349779개 누적)","logger":"task.stdout"}
{"timestamp":"2025-11-10T01:15:34.836702Z","level":"info","event":"2022-12-05 23시: 1001~1902 완료 (350681개 누적)","logger":"task.stdout"}
{"timestamp":"2025-11-10T01:15:36.769911Z","level":"info","event":"2022-12-06 00시: 1~1000 완료 (351681개 누적)","logger":"task.stdout"}
{"timestamp":"2025-11-10T01:15:37.485401Z","level":"info","event":"2022-12-06 00시: 1001~1475 완료 (352156개 누적)","logger":"task.stdout"}
{"timestamp":"2025-11-10T01:15:38.708710Z","level":"info","event":"2022-12-06 01시: 1~1000 완료 (353156개 누적)","logger":"task.stdout"}
{"timestamp":"2025-11-10T01:15:39.305748Z","level":"info","event":"2022-12-06 01시: 1001~1081 완료 (353237개 누적)","logger":"task.stdout"}
{"timestamp":"2025-11-10T01:15:40.610517Z","level":"info","event":"2022-12-06 02시: 1~929 완료 (354166개 누적)","logger":"task.stdout"}
{"timestamp":"2025-11-10T01:15:42.015671Z","level":"info","event":"2022-12-06 03시: 1~962 완료 (355128개 누적)","logger":"task.stdout"}
{"timestamp":"2025-11-10T01:15:43.214415Z","level":"info","event":"2022-12-06 04시: 1~404 완료 (355532개 누적)","logger":"task.stdout"}
{"timestamp":"2025-11-10T01:15:44.575962Z","level":"info","event":"2022-12-06 05시: 1~887 완료 (356419개 누적)","logger":"task.stdout"}
{"timestamp":"2025-11-10T01:15:46.086116Z","level":"info","event":"2022-12-06 06시: 1~1000 완료 (357419개 누적)","logger":"task.stdout"}
{"timestamp":"2025-11-10T01:15:46.838931Z","level":"info","event":"2022-12-06 06시: 1001~2000 완료 (358419개 누적)","logger":"task.stdout"}
{"timestamp":"2025-11-10T01:15:47.519770Z","level":"info","event":"2022-12-06 06시: 2001~2193 완료 (358612개 누적)","logger":"task.stdout"}
{"timestamp":"2025-11-10T01:15:49.050547Z","level":"info","event":"2022-12-06 07시: 1~1000 완료 (359612개 누적)","logger":"task.stdout"}
{"timestamp":"2025-11-10T01:15:50.020375Z","level":"info","event":"2022-12-06 07시: 1001~2000 완료 (360612개 누적)","logger":"task.stdout"}
{"timestamp":"2025-11-10T01:15:50.927820Z","level":"info","event":"2022-12-06 07시: 2001~3000 완료 (361612개 누적)","logger":"task.stdout"}
{"timestamp":"2025-11-10T01:15:51.844162Z","level":"info","event":"2022-12-06 07시: 3001~4000 완료 (362612개 누적)","logger":"task.stdout"}
{"timestamp":"2025-11-10T01:15:52.746601Z","level":"info","event":"2022-12-06 07시: 4001~4622 완료 (363234개 누적)","logger":"task.stdout"}
{"timestamp":"2025-11-10T01:15:54.408634Z","level":"info","event":"2022-12-06 08시: 1~1000 완료 (364234개 누적)","logger":"task.stdout"}
{"timestamp":"2025-11-10T01:15:55.287943Z","level":"info","event":"2022-12-06 08시: 1001~2000 완료 (365234개 누적)","logger":"task.stdout"}
{"timestamp":"2025-11-10T01:15:56.256737Z","level":"info","event":"2022-12-06 08시: 2001~3000 완료 (366234개 누적)","logger":"task.stdout"}
{"timestamp":"2025-11-10T01:15:57.386019Z","level":"info","event":"2022-12-06 08시: 3001~4000 완료 (367234개 누적)","logger":"task.stdout"}
{"timestamp":"2025-11-10T01:15:58.308311Z","level":"info","event":"2022-12-06 08시: 4001~5000 완료 (368234개 누적)","logger":"task.stdout"}
{"timestamp":"2025-11-10T01:15:59.196673Z","level":"info","event":"2022-12-06 08시: 5001~5970 완료 (369204개 누적)","logger":"task.stdout"}
{"timestamp":"2025-11-10T01:16:00.631799Z","level":"info","event":"2022-12-06 09시: 1~1000 완료 (370204개 누적)","logger":"task.stdout"}
{"timestamp":"2025-11-10T01:16:01.426577Z","level":"info","event":"2022-12-06 09시: 1001~2000 완료 (371204개 누적)","logger":"task.stdout"}
{"timestamp":"2025-11-10T01:16:02.281630Z","level":"info","event":"2022-12-06 09시: 2001~2734 완료 (371938개 누적)","logger":"task.stdout"}
{"timestamp":"2025-11-10T01:16:03.696634Z","level":"info","event":"2022-12-06 10시: 1~1000 완료 (372938개 누적)","logger":"task.stdout"}
{"timestamp":"2025-11-10T01:16:04.469533Z","level":"info","event":"2022-12-06 10시: 1001~2000 완료 (373938개 누적)","logger":"task.stdout"}
{"timestamp":"2025-11-10T01:16:05.229472Z","level":"info","event":"2022-12-06 10시: 2001~2322 완료 (374260개 누적)","logger":"task.stdout"}
{"timestamp":"2025-11-10T01:16:06.808756Z","level":"info","event":"2022-12-06 11시: 1~1000 완료 (375260개 누적)","logger":"task.stdout"}
{"timestamp":"2025-11-10T01:16:07.635398Z","level":"info","event":"2022-12-06 11시: 1001~2000 완료 (376260개 누적)","logger":"task.stdout"}
{"timestamp":"2025-11-10T01:16:08.460207Z","level":"info","event":"2022-12-06 11시: 2001~3000 완료 (377260개 누적)","logger":"task.stdout"}
{"timestamp":"2025-11-10T01:16:09.125741Z","level":"info","event":"2022-12-06 11시: 3001~3048 완료 (377308개 누적)","logger":"task.stdout"}
{"timestamp":"2025-11-10T01:16:10.648420Z","level":"info","event":"2022-12-06 12시: 1~1000 완료 (378308개 누적)","logger":"task.stdout"}
{"timestamp":"2025-11-10T01:16:11.466107Z","level":"info","event":"2022-12-06 12시: 1001~2000 완료 (379308개 누적)","logger":"task.stdout"}
{"timestamp":"2025-11-10T01:16:12.282304Z","level":"info","event":"2022-12-06 12시: 2001~3000 완료 (380308개 누적)","logger":"task.stdout"}
{"timestamp":"2025-11-10T01:16:13.126224Z","level":"info","event":"2022-12-06 12시: 3001~3544 완료 (380852개 누적)","logger":"task.stdout"}
{"timestamp":"2025-11-10T01:16:14.569734Z","level":"info","event":"2022-12-06 13시: 1~1000 완료 (381852개 누적)","logger":"task.stdout"}
{"timestamp":"2025-11-10T01:16:15.411423Z","level":"info","event":"2022-12-06 13시: 1001~2000 완료 (382852개 누적)","logger":"task.stdout"}
{"timestamp":"2025-11-10T01:16:16.242306Z","level":"info","event":"2022-12-06 13시: 2001~3000 완료 (383852개 누적)","logger":"task.stdout"}
{"timestamp":"2025-11-10T01:16:17.042862Z","level":"info","event":"2022-12-06 13시: 3001~3549 완료 (384401개 누적)","logger":"task.stdout"}
{"timestamp":"2025-11-10T01:16:18.582494Z","level":"info","event":"2022-12-06 14시: 1~1000 완료 (385401개 누적)","logger":"task.stdout"}
{"timestamp":"2025-11-10T01:16:19.405335Z","level":"info","event":"2022-12-06 14시: 1001~2000 완료 (386401개 누적)","logger":"task.stdout"}
{"timestamp":"2025-11-10T01:16:20.226374Z","level":"info","event":"2022-12-06 14시: 2001~3000 완료 (387401개 누적)","logger":"task.stdout"}
{"timestamp":"2025-11-10T01:16:20.999734Z","level":"info","event":"2022-12-06 14시: 3001~3438 완료 (387839개 누적)","logger":"task.stdout"}
{"timestamp":"2025-11-10T01:16:22.590404Z","level":"info","event":"2022-12-06 15시: 1~1000 완료 (388839개 누적)","logger":"task.stdout"}
{"timestamp":"2025-11-10T01:16:23.494692Z","level":"info","event":"2022-12-06 15시: 1001~2000 완료 (389839개 누적)","logger":"task.stdout"}
{"timestamp":"2025-11-10T01:16:24.416641Z","level":"info","event":"2022-12-06 15시: 2001~3000 완료 (390839개 누적)","logger":"task.stdout"}
{"timestamp":"2025-11-10T01:16:25.217243Z","level":"info","event":"2022-12-06 15시: 3001~3714 완료 (391553개 누적)","logger":"task.stdout"}
{"timestamp":"2025-11-10T01:16:26.851258Z","level":"info","event":"2022-12-06 16시: 1~1000 완료 (392553개 누적)","logger":"task.stdout"}
{"timestamp":"2025-11-10T01:16:27.731174Z","level":"info","event":"2022-12-06 16시: 1001~2000 완료 (393553개 누적)","logger":"task.stdout"}
{"timestamp":"2025-11-10T01:16:28.615275Z","level":"info","event":"2022-12-06 16시: 2001~3000 완료 (394553개 누적)","logger":"task.stdout"}
{"timestamp":"2025-11-10T01:16:29.524066Z","level":"info","event":"2022-12-06 16시: 3001~4000 완료 (395553개 누적)","logger":"task.stdout"}
{"timestamp":"2025-11-10T01:16:30.405101Z","level":"info","event":"2022-12-06 16시: 4001~5000 완료 (396553개 누적)","logger":"task.stdout"}
{"timestamp":"2025-11-10T01:16:31.221579Z","level":"info","event":"2022-12-06 16시: 5001~5164 완료 (396717개 누적)","logger":"task.stdout"}
{"timestamp":"2025-11-10T01:16:32.919289Z","level":"info","event":"2022-12-06 17시: 1~1000 완료 (397717개 누적)","logger":"task.stdout"}
{"timestamp":"2025-11-10T01:16:33.935982Z","level":"info","event":"2022-12-06 17시: 1001~2000 완료 (398717개 누적)","logger":"task.stdout"}
{"timestamp":"2025-11-10T01:16:34.866991Z","level":"info","event":"2022-12-06 17시: 2001~3000 완료 (399717개 누적)","logger":"task.stdout"}
{"timestamp":"2025-11-10T01:16:35.889570Z","level":"info","event":"2022-12-06 17시: 3001~4000 완료 (400717개 누적)","logger":"task.stdout"}
{"timestamp":"2025-11-10T01:16:36.800015Z","level":"info","event":"2022-12-06 17시: 4001~5000 완료 (401717개 누적)","logger":"task.stdout"}
{"timestamp":"2025-11-10T01:16:37.736979Z","level":"info","event":"2022-12-06 17시: 5001~6000 완료 (402717개 누적)","logger":"task.stdout"}
{"timestamp":"2025-11-10T01:16:38.657883Z","level":"info","event":"2022-12-06 17시: 6001~6905 완료 (403622개 누적)","logger":"task.stdout"}
{"timestamp":"2025-11-10T01:16:40.607353Z","level":"info","event":"2022-12-06 18시: 1~1000 완료 (404622개 누적)","logger":"task.stdout"}
{"timestamp":"2025-11-10T01:16:41.739576Z","level":"info","event":"2022-12-06 18시: 1001~2000 완료 (405622개 누적)","logger":"task.stdout"}
{"timestamp":"2025-11-10T01:16:42.758621Z","level":"info","event":"2022-12-06 18시: 2001~3000 완료 (406622개 누적)","logger":"task.stdout"}
{"timestamp":"2025-11-10T01:16:43.876913Z","level":"info","event":"2022-12-06 18시: 3001~4000 완료 (407622개 누적)","logger":"task.stdout"}
{"timestamp":"2025-11-10T01:16:44.898320Z","level":"info","event":"2022-12-06 18시: 4001~5000 완료 (408622개 누적)","logger":"task.stdout"}
{"timestamp":"2025-11-10T01:16:45.916275Z","level":"info","event":"2022-12-06 18시: 5001~6000 완료 (409622개 누적)","logger":"task.stdout"}
{"timestamp":"2025-11-10T01:16:46.886365Z","level":"info","event":"2022-12-06 18시: 6001~7000 완료 (410622개 누적)","logger":"task.stdout"}
{"timestamp":"2025-11-10T01:16:47.883149Z","level":"info","event":"2022-12-06 18시: 7001~8000 완료 (411622개 누적)","logger":"task.stdout"}
{"timestamp":"2025-11-10T01:16:48.895913Z","level":"info","event":"2022-12-06 18시: 8001~9000 완료 (412622개 누적)","logger":"task.stdout"}
{"timestamp":"2025-11-10T01:16:49.887320Z","level":"info","event":"2022-12-06 18시: 9001~9515 완료 (413137개 누적)","logger":"task.stdout"}
{"timestamp":"2025-11-10T01:16:51.621935Z","level":"info","event":"2022-12-06 19시: 1~1000 완료 (414137개 누적)","logger":"task.stdout"}
{"timestamp":"2025-11-10T01:16:52.577204Z","level":"info","event":"2022-12-06 19시: 1001~2000 완료 (415137개 누적)","logger":"task.stdout"}
{"timestamp":"2025-11-10T01:16:53.495880Z","level":"info","event":"2022-12-06 19시: 2001~3000 완료 (416137개 누적)","logger":"task.stdout"}
{"timestamp":"2025-11-10T01:16:54.420807Z","level":"info","event":"2022-12-06 19시: 3001~4000 완료 (417137개 누적)","logger":"task.stdout"}
{"timestamp":"2025-11-10T01:16:55.342829Z","level":"info","event":"2022-12-06 19시: 4001~5000 완료 (418137개 누적)","logger":"task.stdout"}
{"timestamp":"2025-11-10T01:16:56.251896Z","level":"info","event":"2022-12-06 19시: 5001~5757 완료 (418894개 누적)","logger":"task.stdout"}
{"timestamp":"2025-11-10T01:16:57.890881Z","level":"info","event":"2022-12-06 20시: 1~1000 완료 (419894개 누적)","logger":"task.stdout"}
{"timestamp":"2025-11-10T01:16:58.720789Z","level":"info","event":"2022-12-06 20시: 1001~2000 완료 (420894개 누적)","logger":"task.stdout"}
{"timestamp":"2025-11-10T01:16:59.558634Z","level":"info","event":"2022-12-06 20시: 2001~3000 완료 (421894개 누적)","logger":"task.stdout"}
{"timestamp":"2025-11-10T01:17:00.392452Z","level":"info","event":"2022-12-06 20시: 3001~4000 완료 (422894개 누적)","logger":"task.stdout"}
{"timestamp":"2025-11-10T01:17:01.265197Z","level":"info","event":"2022-12-06 20시: 4001~4742 완료 (423636개 누적)","logger":"task.stdout"}
{"timestamp":"2025-11-10T01:17:02.768903Z","level":"info","event":"2022-12-06 21시: 1~1000 완료 (424636개 누적)","logger":"task.stdout"}
{"timestamp":"2025-11-10T01:17:03.647175Z","level":"info","event":"2022-12-06 21시: 1001~2000 완료 (425636개 누적)","logger":"task.stdout"}
{"timestamp":"2025-11-10T01:17:04.654170Z","level":"info","event":"2022-12-06 21시: 2001~3000 완료 (426636개 누적)","logger":"task.stdout"}
{"timestamp":"2025-11-10T01:17:05.476414Z","level":"info","event":"2022-12-06 21시: 3001~4000 완료 (427636개 누적)","logger":"task.stdout"}
{"timestamp":"2025-11-10T01:17:06.211610Z","level":"info","event":"2022-12-06 21시: 4001~4289 완료 (427925개 누적)","logger":"task.stdout"}
{"timestamp":"2025-11-10T01:17:07.737655Z","level":"info","event":"2022-12-06 22시: 1~1000 완료 (428925개 누적)","logger":"task.stdout"}
{"timestamp":"2025-11-10T01:17:08.568149Z","level":"info","event":"2022-12-06 22시: 1001~2000 완료 (429925개 누적)","logger":"task.stdout"}
{"timestamp":"2025-11-10T01:17:09.474930Z","level":"info","event":"2022-12-06 22시: 2001~3000 완료 (430925개 누적)","logger":"task.stdout"}
{"timestamp":"2025-11-10T01:17:10.265094Z","level":"info","event":"2022-12-06 22시: 3001~3569 완료 (431494개 누적)","logger":"task.stdout"}
{"timestamp":"2025-11-10T01:17:11.725524Z","level":"info","event":"2022-12-06 23시: 1~1000 완료 (432494개 누적)","logger":"task.stdout"}
{"timestamp":"2025-11-10T01:17:12.479832Z","level":"info","event":"2022-12-06 23시: 1001~2000 완료 (433494개 누적)","logger":"task.stdout"}
{"timestamp":"2025-11-10T01:17:13.217818Z","level":"info","event":"2022-12-06 23시: 2001~2320 완료 (433814개 누적)","logger":"task.stdout"}
{"timestamp":"2025-11-10T01:17:15.416411Z","level":"info","event":"2022-12-07 00시: 1~1000 완료 (434814개 누적)","logger":"task.stdout"}
{"timestamp":"2025-11-10T01:17:16.323304Z","level":"info","event":"2022-12-07 00시: 1001~1838 완료 (435652개 누적)","logger":"task.stdout"}
{"timestamp":"2025-11-10T01:17:17.776585Z","level":"info","event":"2022-12-07 01시: 1~1000 완료 (436652개 누적)","logger":"task.stdout"}
{"timestamp":"2025-11-10T01:17:18.535461Z","level":"info","event":"2022-12-07 01시: 1001~1203 완료 (436855개 누적)","logger":"task.stdout"}
{"timestamp":"2025-11-10T01:17:19.896243Z","level":"info","event":"2022-12-07 02시: 1~611 완료 (437466개 누적)","logger":"task.stdout"}
{"timestamp":"2025-11-10T01:17:21.212084Z","level":"info","event":"2022-12-07 03시: 1~405 완료 (437871개 누적)","logger":"task.stdout"}
{"timestamp":"2025-11-10T01:17:22.534530Z","level":"info","event":"2022-12-07 04시: 1~323 완료 (438194개 누적)","logger":"task.stdout"}
{"timestamp":"2025-11-10T01:17:23.872499Z","level":"info","event":"2022-12-07 05시: 1~811 완료 (439005개 누적)","logger":"task.stdout"}
{"timestamp":"2025-11-10T01:17:25.346417Z","level":"info","event":"2022-12-07 06시: 1~1000 완료 (440005개 누적)","logger":"task.stdout"}
{"timestamp":"2025-11-10T01:17:26.160911Z","level":"info","event":"2022-12-07 06시: 1001~1937 완료 (440942개 누적)","logger":"task.stdout"}
{"timestamp":"2025-11-10T01:17:27.903068Z","level":"info","event":"2022-12-07 07시: 1~1000 완료 (441942개 누적)","logger":"task.stdout"}
{"timestamp":"2025-11-10T01:17:28.819234Z","level":"info","event":"2022-12-07 07시: 1001~2000 완료 (442942개 누적)","logger":"task.stdout"}
{"timestamp":"2025-11-10T01:17:29.742870Z","level":"info","event":"2022-12-07 07시: 2001~3000 완료 (443942개 누적)","logger":"task.stdout"}
{"timestamp":"2025-11-10T01:17:30.769015Z","level":"info","event":"2022-12-07 07시: 3001~4000 완료 (444942개 누적)","logger":"task.stdout"}
{"timestamp":"2025-11-10T01:17:31.791813Z","level":"info","event":"2022-12-07 07시: 4001~5000 완료 (445942개 누적)","logger":"task.stdout"}
{"timestamp":"2025-11-10T01:17:32.658594Z","level":"info","event":"2022-12-07 07시: 5001~5164 완료 (446106개 누적)","logger":"task.stdout"}
{"timestamp":"2025-11-10T01:17:34.768743Z","level":"info","event":"2022-12-07 08시: 1~1000 완료 (447106개 누적)","logger":"task.stdout"}
{"timestamp":"2025-11-10T01:17:35.895652Z","level":"info","event":"2022-12-07 08시: 1001~2000 완료 (448106개 누적)","logger":"task.stdout"}
{"timestamp":"2025-11-10T01:17:37.012851Z","level":"info","event":"2022-12-07 08시: 2001~3000 완료 (449106개 누적)","logger":"task.stdout"}
{"timestamp":"2025-11-10T01:17:38.139576Z","level":"info","event":"2022-12-07 08시: 3001~4000 완료 (450106개 누적)","logger":"task.stdout"}
{"timestamp":"2025-11-10T01:17:39.278024Z","level":"info","event":"2022-12-07 08시: 4001~5000 완료 (451106개 누적)","logger":"task.stdout"}
{"timestamp":"2025-11-10T01:17:40.508332Z","level":"info","event":"2022-12-07 08시: 5001~6000 완료 (452106개 누적)","logger":"task.stdout"}
{"timestamp":"2025-11-10T01:17:41.625112Z","level":"info","event":"2022-12-07 08시: 6001~7000 완료 (453106개 누적)","logger":"task.stdout"}
{"timestamp":"2025-11-10T01:17:42.753187Z","level":"info","event":"2022-12-07 08시: 7001~8000 완료 (454106개 누적)","logger":"task.stdout"}
{"timestamp":"2025-11-10T01:17:43.784357Z","level":"info","event":"2022-12-07 08시: 8001~9000 완료 (455106개 누적)","logger":"task.stdout"}
{"timestamp":"2025-11-10T01:17:44.823680Z","level":"info","event":"2022-12-07 08시: 9001~9670 완료 (455776개 누적)","logger":"task.stdout"}
{"timestamp":"2025-11-10T01:17:46.559099Z","level":"info","event":"2022-12-07 09시: 1~1000 완료 (456776개 누적)","logger":"task.stdout"}
{"timestamp":"2025-11-10T01:17:47.478006Z","level":"info","event":"2022-12-07 09시: 1001~2000 완료 (457776개 누적)","logger":"task.stdout"}
{"timestamp":"2025-11-10T01:17:48.387582Z","level":"info","event":"2022-12-07 09시: 2001~3000 완료 (458776개 누적)","logger":"task.stdout"}
{"timestamp":"2025-11-10T01:17:49.287913Z","level":"info","event":"2022-12-07 09시: 3001~4000 완료 (459776개 누적)","logger":"task.stdout"}
{"timestamp":"2025-11-10T01:17:50.153297Z","level":"info","event":"2022-12-07 09시: 4001~4973 완료 (460749개 누적)","logger":"task.stdout"}
{"timestamp":"2025-11-10T01:17:51.716283Z","level":"info","event":"2022-12-07 10시: 1~1000 완료 (461749개 누적)","logger":"task.stdout"}
{"timestamp":"2025-11-10T01:17:52.575061Z","level":"info","event":"2022-12-07 10시: 1001~2000 완료 (462749개 누적)","logger":"task.stdout"}
{"timestamp":"2025-11-10T01:17:53.431396Z","level":"info","event":"2022-12-07 10시: 2001~3000 완료 (463749개 누적)","logger":"task.stdout"}
{"timestamp":"2025-11-10T01:17:54.236957Z","level":"info","event":"2022-12-07 10시: 3001~3505 완료 (464254개 누적)","logger":"task.stdout"}
{"timestamp":"2025-11-10T01:17:55.796386Z","level":"info","event":"2022-12-07 11시: 1~1000 완료 (465254개 누적)","logger":"task.stdout"}
{"timestamp":"2025-11-10T01:17:56.709590Z","level":"info","event":"2022-12-07 11시: 1001~2000 완료 (466254개 누적)","logger":"task.stdout"}
{"timestamp":"2025-11-10T01:17:57.600952Z","level":"info","event":"2022-12-07 11시: 2001~3000 완료 (467254개 누적)","logger":"task.stdout"}
{"timestamp":"2025-11-10T01:17:58.493968Z","level":"info","event":"2022-12-07 11시: 3001~4000 완료 (468254개 누적)","logger":"task.stdout"}
{"timestamp":"2025-11-10T01:17:59.307054Z","level":"info","event":"2022-12-07 11시: 4001~4115 완료 (468369개 누적)","logger":"task.stdout"}
{"timestamp":"2025-11-10T01:18:00.912565Z","level":"info","event":"2022-12-07 12시: 1~1000 완료 (469369개 누적)","logger":"task.stdout"}
{"timestamp":"2025-11-10T01:18:01.829885Z","level":"info","event":"2022-12-07 12시: 1001~2000 완료 (470369개 누적)","logger":"task.stdout"}
{"timestamp":"2025-11-10T01:18:02.767917Z","level":"info","event":"2022-12-07 12시: 2001~3000 완료 (471369개 누적)","logger":"task.stdout"}
{"timestamp":"2025-11-10T01:18:03.748398Z","level":"info","event":"2022-12-07 12시: 3001~4000 완료 (472369개 누적)","logger":"task.stdout"}
{"timestamp":"2025-11-10T01:18:04.639172Z","level":"info","event":"2022-12-07 12시: 4001~4474 완료 (472843개 누적)","logger":"task.stdout"}
{"timestamp":"2025-11-10T01:18:06.213074Z","level":"info","event":"2022-12-07 13시: 1~1000 완료 (473843개 누적)","logger":"task.stdout"}
{"timestamp":"2025-11-10T01:18:07.081098Z","level":"info","event":"2022-12-07 13시: 1001~2000 완료 (474843개 누적)","logger":"task.stdout"}
{"timestamp":"2025-11-10T01:18:07.957000Z","level":"info","event":"2022-12-07 13시: 2001~3000 완료 (475843개 누적)","logger":"task.stdout"}
{"timestamp":"2025-11-10T01:18:08.857034Z","level":"info","event":"2022-12-07 13시: 3001~4000 완료 (476843개 누적)","logger":"task.stdout"}
{"timestamp":"2025-11-10T01:18:09.676418Z","level":"info","event":"2022-12-07 13시: 4001~4302 완료 (477145개 누적)","logger":"task.stdout"}
{"timestamp":"2025-11-10T01:18:11.224904Z","level":"info","event":"2022-12-07 14시: 1~1000 완료 (478145개 누적)","logger":"task.stdout"}
{"timestamp":"2025-11-10T01:18:12.135676Z","level":"info","event":"2022-12-07 14시: 1001~2000 완료 (479145개 누적)","logger":"task.stdout"}
{"timestamp":"2025-11-10T01:18:12.989586Z","level":"info","event":"2022-12-07 14시: 2001~3000 완료 (480145개 누적)","logger":"task.stdout"}
{"timestamp":"2025-11-10T01:18:13.853550Z","level":"info","event":"2022-12-07 14시: 3001~4000 완료 (481145개 누적)","logger":"task.stdout"}
{"timestamp":"2025-11-10T01:18:14.641214Z","level":"info","event":"2022-12-07 14시: 4001~4057 완료 (481202개 누적)","logger":"task.stdout"}
{"timestamp":"2025-11-10T01:18:16.333664Z","level":"info","event":"2022-12-07 15시: 1~1000 완료 (482202개 누적)","logger":"task.stdout"}
{"timestamp":"2025-11-10T01:18:17.271365Z","level":"info","event":"2022-12-07 15시: 1001~2000 완료 (483202개 누적)","logger":"task.stdout"}
{"timestamp":"2025-11-10T01:18:18.363121Z","level":"info","event":"2022-12-07 15시: 2001~3000 완료 (484202개 누적)","logger":"task.stdout"}
{"timestamp":"2025-11-10T01:18:19.251953Z","level":"info","event":"2022-12-07 15시: 3001~4000 완료 (485202개 누적)","logger":"task.stdout"}
{"timestamp":"2025-11-10T01:18:20.104811Z","level":"info","event":"2022-12-07 15시: 4001~4542 완료 (485744개 누적)","logger":"task.stdout"}
{"timestamp":"2025-11-10T01:18:21.867947Z","level":"info","event":"2022-12-07 16시: 1~1000 완료 (486744개 누적)","logger":"task.stdout"}
{"timestamp":"2025-11-10T01:18:22.867265Z","level":"info","event":"2022-12-07 16시: 1001~2000 완료 (487744개 누적)","logger":"task.stdout"}
{"timestamp":"2025-11-10T01:18:23.839437Z","level":"info","event":"2022-12-07 16시: 2001~3000 완료 (488744개 누적)","logger":"task.stdout"}
{"timestamp":"2025-11-10T01:18:24.779237Z","level":"info","event":"2022-12-07 16시: 3001~4000 완료 (489744개 누적)","logger":"task.stdout"}
{"timestamp":"2025-11-10T01:18:25.756060Z","level":"info","event":"2022-12-07 16시: 4001~5000 완료 (490744개 누적)","logger":"task.stdout"}
{"timestamp":"2025-11-10T01:18:26.665302Z","level":"info","event":"2022-12-07 16시: 5001~5625 완료 (491369개 누적)","logger":"task.stdout"}
{"timestamp":"2025-11-10T01:18:28.555874Z","level":"info","event":"2022-12-07 17시: 1~1000 완료 (492369개 누적)","logger":"task.stdout"}
{"timestamp":"2025-11-10T01:18:29.560075Z","level":"info","event":"2022-12-07 17시: 1001~2000 완료 (493369개 누적)","logger":"task.stdout"}
{"timestamp":"2025-11-10T01:18:30.571196Z","level":"info","event":"2022-12-07 17시: 2001~3000 완료 (494369개 누적)","logger":"task.stdout"}
{"timestamp":"2025-11-10T01:18:31.600616Z","level":"info","event":"2022-12-07 17시: 3001~4000 완료 (495369개 누적)","logger":"task.stdout"}
{"timestamp":"2025-11-10T01:18:32.614250Z","level":"info","event":"2022-12-07 17시: 4001~5000 완료 (496369개 누적)","logger":"task.stdout"}
{"timestamp":"2025-11-10T01:18:33.612796Z","level":"info","event":"2022-12-07 17시: 5001~6000 완료 (497369개 누적)","logger":"task.stdout"}
{"timestamp":"2025-11-10T01:18:34.598090Z","level":"info","event":"2022-12-07 17시: 6001~7000 완료 (498369개 누적)","logger":"task.stdout"}
{"timestamp":"2025-11-10T01:18:35.611538Z","level":"info","event":"2022-12-07 17시: 7001~7654 완료 (499023개 누적)","logger":"task.stdout"}
{"timestamp":"2025-11-10T01:18:37.714618Z","level":"info","event":"2022-12-07 18시: 1~1000 완료 (500023개 누적)","logger":"task.stdout"}
{"timestamp":"2025-11-10T01:18:38.872996Z","level":"info","event":"2022-12-07 18시: 1001~2000 완료 (501023개 누적)","logger":"task.stdout"}
{"timestamp":"2025-11-10T01:18:39.952815Z","level":"info","event":"2022-12-07 18시: 2001~3000 완료 (502023개 누적)","logger":"task.stdout"}
{"timestamp":"2025-11-10T01:18:41.122484Z","level":"info","event":"2022-12-07 18시: 3001~4000 완료 (503023개 누적)","logger":"task.stdout"}
{"timestamp":"2025-11-10T01:18:42.239482Z","level":"info","event":"2022-12-07 18시: 4001~5000 완료 (504023개 누적)","logger":"task.stdout"}
{"timestamp":"2025-11-10T01:18:43.357573Z","level":"info","event":"2022-12-07 18시: 5001~6000 완료 (505023개 누적)","logger":"task.stdout"}
{"timestamp":"2025-11-10T01:18:44.501734Z","level":"info","event":"2022-12-07 18시: 6001~7000 완료 (506023개 누적)","logger":"task.stdout"}
{"timestamp":"2025-11-10T01:18:45.591760Z","level":"info","event":"2022-12-07 18시: 7001~8000 완료 (507023개 누적)","logger":"task.stdout"}
{"timestamp":"2025-11-10T01:18:46.775130Z","level":"info","event":"2022-12-07 18시: 8001~9000 완료 (508023개 누적)","logger":"task.stdout"}
{"timestamp":"2025-11-10T01:18:47.887663Z","level":"info","event":"2022-12-07 18시: 9001~10000 완료 (509023개 누적)","logger":"task.stdout"}
{"timestamp":"2025-11-10T01:18:48.882522Z","level":"info","event":"2022-12-07 18시: 10001~10410 완료 (509433개 누적)","logger":"task.stdout"}
{"timestamp":"2025-11-10T01:18:50.747508Z","level":"info","event":"2022-12-07 19시: 1~1000 완료 (510433개 누적)","logger":"task.stdout"}
{"timestamp":"2025-11-10T01:18:51.775590Z","level":"info","event":"2022-12-07 19시: 1001~2000 완료 (511433개 누적)","logger":"task.stdout"}
{"timestamp":"2025-11-10T01:18:52.736760Z","level":"info","event":"2022-12-07 19시: 2001~3000 완료 (512433개 누적)","logger":"task.stdout"}
{"timestamp":"2025-11-10T01:18:53.712566Z","level":"info","event":"2022-12-07 19시: 3001~4000 완료 (513433개 누적)","logger":"task.stdout"}
{"timestamp":"2025-11-10T01:18:54.741509Z","level":"info","event":"2022-12-07 19시: 4001~5000 완료 (514433개 누적)","logger":"task.stdout"}
{"timestamp":"2025-11-10T01:18:55.762872Z","level":"info","event":"2022-12-07 19시: 5001~6000 완료 (515433개 누적)","logger":"task.stdout"}
{"timestamp":"2025-11-10T01:18:56.708183Z","level":"info","event":"2022-12-07 19시: 6001~6622 완료 (516055개 누적)","logger":"task.stdout"}
{"timestamp":"2025-11-10T01:18:58.433005Z","level":"info","event":"2022-12-07 20시: 1~1000 완료 (517055개 누적)","logger":"task.stdout"}
{"timestamp":"2025-11-10T01:18:59.353990Z","level":"info","event":"2022-12-07 20시: 1001~2000 완료 (518055개 누적)","logger":"task.stdout"}
{"timestamp":"2025-11-10T01:19:00.384780Z","level":"info","event":"2022-12-07 20시: 2001~3000 완료 (519055개 누적)","logger":"task.stdout"}
{"timestamp":"2025-11-10T01:19:01.311991Z","level":"info","event":"2022-12-07 20시: 3001~4000 완료 (520055개 누적)","logger":"task.stdout"}
