{"timestamp":"2025-11-10T01:36:10.149467Z","level":"info","event":"DAG bundles loaded: dags-folder","logger":"airflow.dag_processing.bundles.manager.DagBundlesManager","filename":"manager.py","lineno":179}
{"timestamp":"2025-11-10T01:36:10.151500Z","level":"info","event":"Filling up the DagBag from /opt/airflow/dags/seoul_bike_rent_2022.py","logger":"airflow.models.dagbag.DagBag","filename":"dagbag.py","lineno":593}
{"timestamp":"2025-11-10T01:36:10.177363Z","level":"warning","event":"The `airflow.operators.python.PythonOperator` attribute is deprecated. Please use `'airflow.providers.standard.operators.python.PythonOperator'`.","category":"DeprecatedImportWarning","filename":"/opt/airflow/dags/seoul_bike_rent_2022.py","lineno":2,"logger":"py.warnings"}
{"timestamp":"2025-11-10T01:36:10.217647Z","level":"info","event":"Found credentials in environment variables.","logger":"botocore.credentials","filename":"credentials.py","lineno":1224}
{"timestamp":"2025-11-10T01:36:11.098657Z","level":"info","event":"유효한 정거장 3202개 로드","logger":"task.stdout"}
{"timestamp":"2025-11-10T01:36:12.474568Z","level":"info","event":"2022-12-01 00시: 1~1000 완료 (1000개 누적)","logger":"task.stdout"}
{"timestamp":"2025-11-10T01:36:13.124995Z","level":"info","event":"2022-12-01 00시: 1001~1280 완료 (1280개 누적)","logger":"task.stdout"}
{"timestamp":"2025-11-10T01:36:14.594791Z","level":"info","event":"2022-12-01 01시: 1~1000 완료 (2280개 누적)","logger":"task.stdout"}
{"timestamp":"2025-11-10T01:36:15.292088Z","level":"info","event":"2022-12-01 01시: 1001~1053 완료 (2333개 누적)","logger":"task.stdout"}
{"timestamp":"2025-11-10T01:36:16.559990Z","level":"info","event":"2022-12-01 02시: 1~615 완료 (2948개 누적)","logger":"task.stdout"}
{"timestamp":"2025-11-10T01:36:18.032784Z","level":"info","event":"2022-12-01 03시: 1~413 완료 (3361개 누적)","logger":"task.stdout"}
{"timestamp":"2025-11-10T01:36:19.225955Z","level":"info","event":"2022-12-01 04시: 1~362 완료 (3723개 누적)","logger":"task.stdout"}
{"timestamp":"2025-11-10T01:36:24.058941Z","level":"info","event":"2022-12-01 05시: 1~805 완료 (4528개 누적)","logger":"task.stdout"}
{"timestamp":"2025-11-10T01:36:25.534601Z","level":"info","event":"2022-12-01 06시: 1~1000 완료 (5528개 누적)","logger":"task.stdout"}
{"timestamp":"2025-11-10T01:36:26.357860Z","level":"info","event":"2022-12-01 06시: 1001~1766 완료 (6294개 누적)","logger":"task.stdout"}
{"timestamp":"2025-11-10T01:36:28.104838Z","level":"info","event":"2022-12-01 07시: 1~1000 완료 (7294개 누적)","logger":"task.stdout"}
{"timestamp":"2025-11-10T01:36:29.062084Z","level":"info","event":"2022-12-01 07시: 1001~2000 완료 (8294개 누적)","logger":"task.stdout"}
{"timestamp":"2025-11-10T01:36:30.039050Z","level":"info","event":"2022-12-01 07시: 2001~3000 완료 (9294개 누적)","logger":"task.stdout"}
{"timestamp":"2025-11-10T01:36:30.906654Z","level":"info","event":"2022-12-01 07시: 3001~4000 완료 (10294개 누적)","logger":"task.stdout"}
{"timestamp":"2025-11-10T01:36:31.819828Z","level":"info","event":"2022-12-01 07시: 4001~4882 완료 (11176개 누적)","logger":"task.stdout"}
{"timestamp":"2025-11-10T01:36:33.822451Z","level":"info","event":"2022-12-01 08시: 1~1000 완료 (12176개 누적)","logger":"task.stdout"}
{"timestamp":"2025-11-10T01:36:34.853682Z","level":"info","event":"2022-12-01 08시: 1001~2000 완료 (13176개 누적)","logger":"task.stdout"}
{"timestamp":"2025-11-10T01:36:35.924843Z","level":"info","event":"2022-12-01 08시: 2001~3000 완료 (14176개 누적)","logger":"task.stdout"}
{"timestamp":"2025-11-10T01:36:36.914082Z","level":"info","event":"2022-12-01 08시: 3001~4000 완료 (15176개 누적)","logger":"task.stdout"}
{"timestamp":"2025-11-10T01:36:38.011627Z","level":"info","event":"2022-12-01 08시: 4001~5000 완료 (16176개 누적)","logger":"task.stdout"}
{"timestamp":"2025-11-10T01:36:39.043333Z","level":"info","event":"2022-12-01 08시: 5001~6000 완료 (17176개 누적)","logger":"task.stdout"}
{"timestamp":"2025-11-10T01:36:40.122065Z","level":"info","event":"2022-12-01 08시: 6001~7000 완료 (18176개 누적)","logger":"task.stdout"}
{"timestamp":"2025-11-10T01:36:41.101084Z","level":"info","event":"2022-12-01 08시: 7001~8000 완료 (19176개 누적)","logger":"task.stdout"}
{"timestamp":"2025-11-10T01:36:42.154476Z","level":"info","event":"2022-12-01 08시: 8001~8848 완료 (20024개 누적)","logger":"task.stdout"}
{"timestamp":"2025-11-10T01:36:43.829437Z","level":"info","event":"2022-12-01 09시: 1~1000 완료 (21024개 누적)","logger":"task.stdout"}
{"timestamp":"2025-11-10T01:36:44.773970Z","level":"info","event":"2022-12-01 09시: 1001~2000 완료 (22024개 누적)","logger":"task.stdout"}
{"timestamp":"2025-11-10T01:36:45.657602Z","level":"info","event":"2022-12-01 09시: 2001~3000 완료 (23024개 누적)","logger":"task.stdout"}
{"timestamp":"2025-11-10T01:36:46.550417Z","level":"info","event":"2022-12-01 09시: 3001~4000 완료 (24024개 누적)","logger":"task.stdout"}
{"timestamp":"2025-11-10T01:36:47.376086Z","level":"info","event":"2022-12-01 09시: 4001~4304 완료 (24328개 누적)","logger":"task.stdout"}
{"timestamp":"2025-11-10T01:36:48.856174Z","level":"info","event":"2022-12-01 10시: 1~1000 완료 (25328개 누적)","logger":"task.stdout"}
{"timestamp":"2025-11-10T01:36:49.641971Z","level":"info","event":"2022-12-01 10시: 1001~2000 완료 (26328개 누적)","logger":"task.stdout"}
{"timestamp":"2025-11-10T01:36:50.620769Z","level":"info","event":"2022-12-01 10시: 2001~2675 완료 (27003개 누적)","logger":"task.stdout"}
{"timestamp":"2025-11-10T01:36:52.046541Z","level":"info","event":"2022-12-01 11시: 1~1000 완료 (28003개 누적)","logger":"task.stdout"}
{"timestamp":"2025-11-10T01:36:52.877883Z","level":"info","event":"2022-12-01 11시: 1001~2000 완료 (29003개 누적)","logger":"task.stdout"}
{"timestamp":"2025-11-10T01:36:53.709684Z","level":"info","event":"2022-12-01 11시: 2001~2847 완료 (29850개 누적)","logger":"task.stdout"}
{"timestamp":"2025-11-10T01:36:55.282426Z","level":"info","event":"2022-12-01 12시: 1~1000 완료 (30850개 누적)","logger":"task.stdout"}
{"timestamp":"2025-11-10T01:36:56.127202Z","level":"info","event":"2022-12-01 12시: 1001~2000 완료 (31850개 누적)","logger":"task.stdout"}
{"timestamp":"2025-11-10T01:36:56.917471Z","level":"info","event":"2022-12-01 12시: 2001~3000 완료 (32850개 누적)","logger":"task.stdout"}
{"timestamp":"2025-11-10T01:36:57.660492Z","level":"info","event":"2022-12-01 12시: 3001~3183 완료 (33033개 누적)","logger":"task.stdout"}
{"timestamp":"2025-11-10T01:36:59.132034Z","level":"info","event":"2022-12-01 13시: 1~1000 완료 (34033개 누적)","logger":"task.stdout"}
{"timestamp":"2025-11-10T01:37:00.187154Z","level":"info","event":"2022-12-01 13시: 1001~2000 완료 (35033개 누적)","logger":"task.stdout"}
{"timestamp":"2025-11-10T01:37:01.069659Z","level":"info","event":"2022-12-01 13시: 2001~3000 완료 (36033개 누적)","logger":"task.stdout"}
{"timestamp":"2025-11-10T01:37:01.770106Z","level":"info","event":"2022-12-01 13시: 3001~3057 완료 (36090개 누적)","logger":"task.stdout"}
{"timestamp":"2025-11-10T01:37:03.272827Z","level":"info","event":"2022-12-01 14시: 1~1000 완료 (37090개 누적)","logger":"task.stdout"}
{"timestamp":"2025-11-10T01:37:04.220825Z","level":"info","event":"2022-12-01 14시: 1001~2000 완료 (38090개 누적)","logger":"task.stdout"}
{"timestamp":"2025-11-10T01:37:06.613331Z","level":"info","event":"2022-12-01 14시: 2001~3000 완료 (39090개 누적)","logger":"task.stdout"}
{"timestamp":"2025-11-10T01:37:20.254542Z","level":"info","event":"2022-12-01 14시: 3001~3075 완료 (39165개 누적)","logger":"task.stdout"}
{"timestamp":"2025-11-10T01:37:21.734554Z","level":"info","event":"2022-12-01 15시: 1~1000 완료 (40165개 누적)","logger":"task.stdout"}
{"timestamp":"2025-11-10T01:37:22.778866Z","level":"info","event":"2022-12-01 15시: 1001~2000 완료 (41165개 누적)","logger":"task.stdout"}
{"timestamp":"2025-11-10T01:37:23.863675Z","level":"info","event":"2022-12-01 15시: 2001~3000 완료 (42165개 누적)","logger":"task.stdout"}
{"timestamp":"2025-11-10T01:37:24.717945Z","level":"info","event":"2022-12-01 15시: 3001~3326 완료 (42491개 누적)","logger":"task.stdout"}
{"timestamp":"2025-11-10T01:37:26.300808Z","level":"info","event":"2022-12-01 16시: 1~1000 완료 (43491개 누적)","logger":"task.stdout"}
{"timestamp":"2025-11-10T01:37:27.231080Z","level":"info","event":"2022-12-01 16시: 1001~2000 완료 (44491개 누적)","logger":"task.stdout"}
{"timestamp":"2025-11-10T01:37:28.337942Z","level":"info","event":"2022-12-01 16시: 2001~3000 완료 (45491개 누적)","logger":"task.stdout"}
{"timestamp":"2025-11-10T01:37:29.242468Z","level":"info","event":"2022-12-01 16시: 3001~4000 완료 (46491개 누적)","logger":"task.stdout"}
{"timestamp":"2025-11-10T01:37:30.198581Z","level":"info","event":"2022-12-01 16시: 4001~4712 완료 (47203개 누적)","logger":"task.stdout"}
{"timestamp":"2025-11-10T01:37:31.983255Z","level":"info","event":"2022-12-01 17시: 1~1000 완료 (48203개 누적)","logger":"task.stdout"}
{"timestamp":"2025-11-10T01:37:32.928026Z","level":"info","event":"2022-12-01 17시: 1001~2000 완료 (49203개 누적)","logger":"task.stdout"}
{"timestamp":"2025-11-10T01:37:33.948229Z","level":"info","event":"2022-12-01 17시: 2001~3000 완료 (50203개 누적)","logger":"task.stdout"}
{"timestamp":"2025-11-10T01:37:34.924346Z","level":"info","event":"2022-12-01 17시: 3001~4000 완료 (51203개 누적)","logger":"task.stdout"}
{"timestamp":"2025-11-10T01:37:35.918187Z","level":"info","event":"2022-12-01 17시: 4001~5000 완료 (52203개 누적)","logger":"task.stdout"}
{"timestamp":"2025-11-10T01:37:37.000807Z","level":"info","event":"2022-12-01 17시: 5001~6000 완료 (53203개 누적)","logger":"task.stdout"}
{"timestamp":"2025-11-10T01:37:37.813425Z","level":"info","event":"2022-12-01 17시: 6001~6033 완료 (53236개 누적)","logger":"task.stdout"}
{"timestamp":"2025-11-10T01:37:39.579307Z","level":"info","event":"2022-12-01 18시: 1~1000 완료 (54236개 누적)","logger":"task.stdout"}
{"timestamp":"2025-11-10T01:37:40.859182Z","level":"info","event":"2022-12-01 18시: 1001~2000 완료 (55236개 누적)","logger":"task.stdout"}
{"timestamp":"2025-11-10T01:37:41.780971Z","level":"info","event":"2022-12-01 18시: 2001~3000 완료 (56236개 누적)","logger":"task.stdout"}
{"timestamp":"2025-11-10T01:37:42.712541Z","level":"info","event":"2022-12-01 18시: 3001~4000 완료 (57236개 누적)","logger":"task.stdout"}
{"timestamp":"2025-11-10T01:37:43.825859Z","level":"info","event":"2022-12-01 18시: 4001~5000 완료 (58236개 누적)","logger":"task.stdout"}
{"timestamp":"2025-11-10T01:37:44.872461Z","level":"info","event":"2022-12-01 18시: 5001~6000 완료 (59236개 누적)","logger":"task.stdout"}
{"timestamp":"2025-11-10T01:37:45.898744Z","level":"info","event":"2022-12-01 18시: 6001~7000 완료 (60236개 누적)","logger":"task.stdout"}
{"timestamp":"2025-11-10T01:37:46.902299Z","level":"info","event":"2022-12-01 18시: 7001~8000 완료 (61236개 누적)","logger":"task.stdout"}
{"timestamp":"2025-11-10T01:37:47.763793Z","level":"info","event":"2022-12-01 18시: 8001~8069 완료 (61305개 누적)","logger":"task.stdout"}
{"timestamp":"2025-11-10T01:37:49.243623Z","level":"info","event":"2022-12-01 19시: 1~1000 완료 (62305개 누적)","logger":"task.stdout"}
{"timestamp":"2025-11-10T01:37:50.187192Z","level":"info","event":"2022-12-01 19시: 1001~2000 완료 (63305개 누적)","logger":"task.stdout"}
{"timestamp":"2025-11-10T01:37:51.268272Z","level":"info","event":"2022-12-01 19시: 2001~3000 완료 (64305개 누적)","logger":"task.stdout"}
{"timestamp":"2025-11-10T01:37:52.165115Z","level":"info","event":"2022-12-01 19시: 3001~4000 완료 (65305개 누적)","logger":"task.stdout"}
{"timestamp":"2025-11-10T01:37:53.008113Z","level":"info","event":"2022-12-01 19시: 4001~4890 완료 (66195개 누적)","logger":"task.stdout"}
{"timestamp":"2025-11-10T01:37:54.630131Z","level":"info","event":"2022-12-01 20시: 1~1000 완료 (67195개 누적)","logger":"task.stdout"}
{"timestamp":"2025-11-10T01:38:07.245525Z","level":"info","event":"2022-12-01 20시: 1001~2000 완료 (68195개 누적)","logger":"task.stdout"}
{"timestamp":"2025-11-10T01:38:07.566481Z","level":"info","event":"2022-12-01 20시: 2001~3000 완료 (69195개 누적)","logger":"task.stdout"}
{"timestamp":"2025-11-10T01:38:08.324907Z","level":"info","event":"2022-12-01 20시: 3001~3498 완료 (69693개 누적)","logger":"task.stdout"}
{"timestamp":"2025-11-10T01:38:09.736604Z","level":"info","event":"2022-12-01 21시: 1~1000 완료 (70693개 누적)","logger":"task.stdout"}
{"timestamp":"2025-11-10T01:38:10.631680Z","level":"info","event":"2022-12-01 21시: 1001~2000 완료 (71693개 누적)","logger":"task.stdout"}
{"timestamp":"2025-11-10T01:38:11.504753Z","level":"info","event":"2022-12-01 21시: 2001~3000 완료 (72693개 누적)","logger":"task.stdout"}
{"timestamp":"2025-11-10T01:38:12.259750Z","level":"info","event":"2022-12-01 21시: 3001~3221 완료 (72914개 누적)","logger":"task.stdout"}
{"timestamp":"2025-11-10T01:38:13.687991Z","level":"info","event":"2022-12-01 22시: 1~1000 완료 (73914개 누적)","logger":"task.stdout"}
{"timestamp":"2025-11-10T01:38:14.529101Z","level":"info","event":"2022-12-01 22시: 1001~2000 완료 (74914개 누적)","logger":"task.stdout"}
{"timestamp":"2025-11-10T01:38:15.397530Z","level":"info","event":"2022-12-01 22시: 2001~2914 완료 (75828개 누적)","logger":"task.stdout"}
{"timestamp":"2025-11-10T01:38:16.738622Z","level":"info","event":"2022-12-01 23시: 1~1000 완료 (76828개 누적)","logger":"task.stdout"}
{"timestamp":"2025-11-10T01:38:17.564371Z","level":"info","event":"2022-12-01 23시: 1001~1824 완료 (77652개 누적)","logger":"task.stdout"}
{"timestamp":"2025-11-10T01:38:18.946377Z","level":"info","event":"2022-12-02 00시: 1~1000 완료 (78652개 누적)","logger":"task.stdout"}
{"timestamp":"2025-11-10T01:38:19.689601Z","level":"info","event":"2022-12-02 00시: 1001~1435 완료 (79087개 누적)","logger":"task.stdout"}
{"timestamp":"2025-11-10T01:38:21.076946Z","level":"info","event":"2022-12-02 01시: 1~1000 완료 (80087개 누적)","logger":"task.stdout"}
{"timestamp":"2025-11-10T01:38:21.770095Z","level":"info","event":"2022-12-02 01시: 1001~1115 완료 (80202개 누적)","logger":"task.stdout"}
{"timestamp":"2025-11-10T01:38:23.108125Z","level":"info","event":"2022-12-02 02시: 1~771 완료 (80973개 누적)","logger":"task.stdout"}
{"timestamp":"2025-11-10T01:38:24.389271Z","level":"info","event":"2022-12-02 03시: 1~441 완료 (81414개 누적)","logger":"task.stdout"}
{"timestamp":"2025-11-10T01:38:25.623242Z","level":"info","event":"2022-12-02 04시: 1~360 완료 (81774개 누적)","logger":"task.stdout"}
{"timestamp":"2025-11-10T01:38:26.943000Z","level":"info","event":"2022-12-02 05시: 1~824 완료 (82598개 누적)","logger":"task.stdout"}
{"timestamp":"2025-11-10T01:38:28.331347Z","level":"info","event":"2022-12-02 06시: 1~1000 완료 (83598개 누적)","logger":"task.stdout"}
{"timestamp":"2025-11-10T01:38:29.105215Z","level":"info","event":"2022-12-02 06시: 1001~1844 완료 (84442개 누적)","logger":"task.stdout"}
{"timestamp":"2025-11-10T01:38:30.724291Z","level":"info","event":"2022-12-02 07시: 1~1000 완료 (85442개 누적)","logger":"task.stdout"}
{"timestamp":"2025-11-10T01:38:31.677573Z","level":"info","event":"2022-12-02 07시: 1001~2000 완료 (86442개 누적)","logger":"task.stdout"}
{"timestamp":"2025-11-10T01:38:32.655222Z","level":"info","event":"2022-12-02 07시: 2001~3000 완료 (87442개 누적)","logger":"task.stdout"}
{"timestamp":"2025-11-10T01:38:33.605247Z","level":"info","event":"2022-12-02 07시: 3001~4000 완료 (88442개 누적)","logger":"task.stdout"}
{"timestamp":"2025-11-10T01:38:34.518135Z","level":"info","event":"2022-12-02 07시: 4001~4735 완료 (89177개 누적)","logger":"task.stdout"}
{"timestamp":"2025-11-10T01:38:36.473288Z","level":"info","event":"2022-12-02 08시: 1~1000 완료 (90177개 누적)","logger":"task.stdout"}
{"timestamp":"2025-11-10T01:38:37.516215Z","level":"info","event":"2022-12-02 08시: 1001~2000 완료 (91177개 누적)","logger":"task.stdout"}
{"timestamp":"2025-11-10T01:38:38.621867Z","level":"info","event":"2022-12-02 08시: 2001~3000 완료 (92177개 누적)","logger":"task.stdout"}
{"timestamp":"2025-11-10T01:38:39.731113Z","level":"info","event":"2022-12-02 08시: 3001~4000 완료 (93177개 누적)","logger":"task.stdout"}
{"timestamp":"2025-11-10T01:38:41.286101Z","level":"info","event":"2022-12-02 08시: 4001~5000 완료 (94177개 누적)","logger":"task.stdout"}
{"timestamp":"2025-11-10T01:38:48.361952Z","level":"info","event":"2022-12-02 08시: 5001~6000 완료 (95177개 누적)","logger":"task.stdout"}
{"timestamp":"2025-11-10T01:38:49.404770Z","level":"info","event":"2022-12-02 08시: 6001~7000 완료 (96177개 누적)","logger":"task.stdout"}
{"timestamp":"2025-11-10T01:38:50.586036Z","level":"info","event":"2022-12-02 08시: 7001~8000 완료 (97177개 누적)","logger":"task.stdout"}
{"timestamp":"2025-11-10T01:38:51.680430Z","level":"info","event":"2022-12-02 08시: 8001~8883 완료 (98060개 누적)","logger":"task.stdout"}
{"timestamp":"2025-11-10T01:38:53.236048Z","level":"info","event":"2022-12-02 09시: 1~1000 완료 (99060개 누적)","logger":"task.stdout"}
{"timestamp":"2025-11-10T01:38:54.143809Z","level":"info","event":"2022-12-02 09시: 1001~2000 완료 (100060개 누적)","logger":"task.stdout"}
{"timestamp":"2025-11-10T01:38:55.122116Z","level":"info","event":"2022-12-02 09시: 2001~3000 완료 (101060개 누적)","logger":"task.stdout"}
{"timestamp":"2025-11-10T01:38:56.027627Z","level":"info","event":"2022-12-02 09시: 3001~4000 완료 (102060개 누적)","logger":"task.stdout"}
{"timestamp":"2025-11-10T01:38:56.935771Z","level":"info","event":"2022-12-02 09시: 4001~4335 완료 (102395개 누적)","logger":"task.stdout"}
{"timestamp":"2025-11-10T01:38:58.462389Z","level":"info","event":"2022-12-02 10시: 1~1000 완료 (103395개 누적)","logger":"task.stdout"}
{"timestamp":"2025-11-10T01:38:59.298928Z","level":"info","event":"2022-12-02 10시: 1001~2000 완료 (104395개 누적)","logger":"task.stdout"}
{"timestamp":"2025-11-10T01:39:00.124969Z","level":"info","event":"2022-12-02 10시: 2001~2866 완료 (105261개 누적)","logger":"task.stdout"}
{"timestamp":"2025-11-10T01:39:01.656260Z","level":"info","event":"2022-12-02 11시: 1~1000 완료 (106261개 누적)","logger":"task.stdout"}
{"timestamp":"2025-11-10T01:39:02.606360Z","level":"info","event":"2022-12-02 11시: 1001~2000 완료 (107261개 누적)","logger":"task.stdout"}
{"timestamp":"2025-11-10T01:39:03.571961Z","level":"info","event":"2022-12-02 11시: 2001~3000 완료 (108261개 누적)","logger":"task.stdout"}
{"timestamp":"2025-11-10T01:39:04.355400Z","level":"info","event":"2022-12-02 11시: 3001~3308 완료 (108569개 누적)","logger":"task.stdout"}
{"timestamp":"2025-11-10T01:39:05.997975Z","level":"info","event":"2022-12-02 12시: 1~1000 완료 (109569개 누적)","logger":"task.stdout"}
{"timestamp":"2025-11-10T01:39:06.906773Z","level":"info","event":"2022-12-02 12시: 1001~2000 완료 (110569개 누적)","logger":"task.stdout"}
{"timestamp":"2025-11-10T01:39:07.721909Z","level":"info","event":"2022-12-02 12시: 2001~3000 완료 (111569개 누적)","logger":"task.stdout"}
{"timestamp":"2025-11-10T01:39:08.610426Z","level":"info","event":"2022-12-02 12시: 3001~3687 완료 (112256개 누적)","logger":"task.stdout"}
{"timestamp":"2025-11-10T01:39:10.299901Z","level":"info","event":"2022-12-02 13시: 1~1000 완료 (113256개 누적)","logger":"task.stdout"}
{"timestamp":"2025-11-10T01:39:11.224826Z","level":"info","event":"2022-12-02 13시: 1001~2000 완료 (114256개 누적)","logger":"task.stdout"}
{"timestamp":"2025-11-10T01:39:12.115536Z","level":"info","event":"2022-12-02 13시: 2001~3000 완료 (115256개 누적)","logger":"task.stdout"}
{"timestamp":"2025-11-10T01:39:12.952023Z","level":"info","event":"2022-12-02 13시: 3001~3549 완료 (115805개 누적)","logger":"task.stdout"}
{"timestamp":"2025-11-10T01:39:14.516238Z","level":"info","event":"2022-12-02 14시: 1~1000 완료 (116805개 누적)","logger":"task.stdout"}
{"timestamp":"2025-11-10T01:39:15.440795Z","level":"info","event":"2022-12-02 14시: 1001~2000 완료 (117805개 누적)","logger":"task.stdout"}
{"timestamp":"2025-11-10T01:39:16.416667Z","level":"info","event":"2022-12-02 14시: 2001~3000 완료 (118805개 누적)","logger":"task.stdout"}
{"timestamp":"2025-11-10T01:39:17.372144Z","level":"info","event":"2022-12-02 14시: 3001~3758 완료 (119563개 누적)","logger":"task.stdout"}
{"timestamp":"2025-11-10T01:39:19.402839Z","level":"info","event":"2022-12-02 15시: 1~1000 완료 (120563개 누적)","logger":"task.stdout"}
{"timestamp":"2025-11-10T01:39:29.419237Z","level":"info","event":"2022-12-02 15시: 요청 실패 - HTTPConnectionPool(host='openapi.seoul.go.kr', port=8088): Max retries exceeded with url: /574d4268426539373930666f4b654e/json/tbCycleRentData/1001/2000/2022-12-02/15 (Caused by NameResolutionError(\"<urllib3.connection.HTTPConnection object at 0xffff84a3e810>: Failed to resolve 'openapi.seoul.go.kr' ([Errno -3] Temporary failure in name resolution)\"))","logger":"task.stdout"}
{"timestamp":"2025-11-10T01:39:30.409916Z","level":"info","event":"2022-12-02 16시: 1~1000 완료 (121563개 누적)","logger":"task.stdout"}
{"timestamp":"2025-11-10T01:39:31.353955Z","level":"info","event":"2022-12-02 16시: 1001~2000 완료 (122563개 누적)","logger":"task.stdout"}
{"timestamp":"2025-11-10T01:39:32.410421Z","level":"info","event":"2022-12-02 16시: 2001~3000 완료 (123563개 누적)","logger":"task.stdout"}
{"timestamp":"2025-11-10T01:39:33.496844Z","level":"info","event":"2022-12-02 16시: 3001~4000 완료 (124563개 누적)","logger":"task.stdout"}
{"timestamp":"2025-11-10T01:39:34.528380Z","level":"info","event":"2022-12-02 16시: 4001~5000 완료 (125563개 누적)","logger":"task.stdout"}
{"timestamp":"2025-11-10T01:39:35.425919Z","level":"info","event":"2022-12-02 16시: 5001~5400 완료 (125963개 누적)","logger":"task.stdout"}
{"timestamp":"2025-11-10T01:39:37.384718Z","level":"info","event":"2022-12-02 17시: 1~1000 완료 (126963개 누적)","logger":"task.stdout"}
{"timestamp":"2025-11-10T01:39:38.501255Z","level":"info","event":"2022-12-02 17시: 1001~2000 완료 (127963개 누적)","logger":"task.stdout"}
{"timestamp":"2025-11-10T01:39:39.533412Z","level":"info","event":"2022-12-02 17시: 2001~3000 완료 (128963개 누적)","logger":"task.stdout"}
{"timestamp":"2025-11-10T01:39:40.746357Z","level":"info","event":"2022-12-02 17시: 3001~4000 완료 (129963개 누적)","logger":"task.stdout"}
{"timestamp":"2025-11-10T01:39:41.765439Z","level":"info","event":"2022-12-02 17시: 4001~5000 완료 (130963개 누적)","logger":"task.stdout"}
{"timestamp":"2025-11-10T01:39:42.768940Z","level":"info","event":"2022-12-02 17시: 5001~6000 완료 (131963개 누적)","logger":"task.stdout"}
{"timestamp":"2025-11-10T01:39:44.028754Z","level":"info","event":"2022-12-02 17시: 6001~6979 완료 (132942개 누적)","logger":"task.stdout"}
{"timestamp":"2025-11-10T01:39:45.818051Z","level":"info","event":"2022-12-02 18시: 1~1000 완료 (133942개 누적)","logger":"task.stdout"}
{"timestamp":"2025-11-10T01:39:46.917133Z","level":"info","event":"2022-12-02 18시: 1001~2000 완료 (134942개 누적)","logger":"task.stdout"}
{"timestamp":"2025-11-10T01:39:47.991901Z","level":"info","event":"2022-12-02 18시: 2001~3000 완료 (135942개 누적)","logger":"task.stdout"}
{"timestamp":"2025-11-10T01:39:49.060017Z","level":"info","event":"2022-12-02 18시: 3001~4000 완료 (136942개 누적)","logger":"task.stdout"}
{"timestamp":"2025-11-10T01:39:50.620847Z","level":"info","event":"2022-12-02 18시: 4001~5000 완료 (137942개 누적)","logger":"task.stdout"}
{"timestamp":"2025-11-10T01:39:51.905004Z","level":"info","event":"2022-12-02 18시: 5001~6000 완료 (138942개 누적)","logger":"task.stdout"}
{"timestamp":"2025-11-10T01:39:53.133575Z","level":"info","event":"2022-12-02 18시: 6001~7000 완료 (139942개 누적)","logger":"task.stdout"}
{"timestamp":"2025-11-10T01:39:54.775385Z","level":"info","event":"2022-12-02 18시: 7001~8000 완료 (140942개 누적)","logger":"task.stdout"}
{"timestamp":"2025-11-10T01:40:16.792718Z","level":"info","event":"2022-12-02 18시: 요청 실패 - HTTPConnectionPool(host='openapi.seoul.go.kr', port=8088): Max retries exceeded with url: /574d4268426539373930666f4b654e/json/tbCycleRentData/8001/8798/2022-12-02/18 (Caused by NameResolutionError(\"<urllib3.connection.HTTPConnection object at 0xffff82e45430>: Failed to resolve 'openapi.seoul.go.kr' ([Errno -3] Temporary failure in name resolution)\"))","logger":"task.stdout"}
{"timestamp":"2025-11-10T01:40:17.733804Z","level":"info","event":"2022-12-02 19시: 1~1000 완료 (141942개 누적)","logger":"task.stdout"}
{"timestamp":"2025-11-10T01:40:18.877578Z","level":"info","event":"2022-12-02 19시: 1001~2000 완료 (142942개 누적)","logger":"task.stdout"}
{"timestamp":"2025-11-10T01:40:19.968555Z","level":"info","event":"2022-12-02 19시: 2001~3000 완료 (143942개 누적)","logger":"task.stdout"}
{"timestamp":"2025-11-10T01:40:20.881871Z","level":"info","event":"2022-12-02 19시: 3001~4000 완료 (144942개 누적)","logger":"task.stdout"}
{"timestamp":"2025-11-10T01:40:22.543491Z","level":"info","event":"2022-12-02 19시: 4001~5000 완료 (145942개 누적)","logger":"task.stdout"}
{"timestamp":"2025-11-10T01:40:29.312254Z","level":"info","event":"2022-12-02 19시: 5001~5379 완료 (146321개 누적)","logger":"task.stdout"}
{"timestamp":"2025-11-10T01:40:30.899341Z","level":"info","event":"2022-12-02 20시: 1~1000 완료 (147321개 누적)","logger":"task.stdout"}
{"timestamp":"2025-11-10T01:40:31.828595Z","level":"info","event":"2022-12-02 20시: 1001~2000 완료 (148321개 누적)","logger":"task.stdout"}
{"timestamp":"2025-11-10T01:40:32.778805Z","level":"info","event":"2022-12-02 20시: 2001~3000 완료 (149321개 누적)","logger":"task.stdout"}
{"timestamp":"2025-11-10T01:40:33.701614Z","level":"info","event":"2022-12-02 20시: 3001~3975 완료 (150296개 누적)","logger":"task.stdout"}
{"timestamp":"2025-11-10T01:40:35.351694Z","level":"info","event":"2022-12-02 21시: 1~1000 완료 (151296개 누적)","logger":"task.stdout"}
{"timestamp":"2025-11-10T01:40:36.264097Z","level":"info","event":"2022-12-02 21시: 1001~2000 완료 (152296개 누적)","logger":"task.stdout"}
{"timestamp":"2025-11-10T01:40:37.214141Z","level":"info","event":"2022-12-02 21시: 2001~3000 완료 (153296개 누적)","logger":"task.stdout"}
